<?xml version="1.0" encoding="UTF-8"?>
<testsuite name="| &quot;/assess-change-request&quot; | &quot;Bob&quot; | &quot;admin&quot; | &quot;MANAGER&quot; | true |" tests="4" skipped="0" failures="0" errors="0" timestamp="2016-01-11T15:56:19" hostname="ELITEBOOK" time="0.131">
  <properties/>
  <testcase name="Given I am a &quot;MANAGER&quot; role with username &quot;Bob&quot; and password &quot;admin&quot;" classname="| &quot;/assess-change-request&quot; | &quot;Bob&quot; | &quot;admin&quot; | &quot;MANAGER&quot; | true |" time="0.0"/>
  <testcase name="When I access a &quot;/assess-change-request&quot;" classname="| &quot;/assess-change-request&quot; | &quot;Bob&quot; | &quot;admin&quot; | &quot;MANAGER&quot; | true |" time="0.0"/>
  <testcase name="Then My authentication is then true with role &quot;MANAGER&quot;" classname="| &quot;/assess-change-request&quot; | &quot;Bob&quot; | &quot;admin&quot; | &quot;MANAGER&quot; | true |" time="0.0"/>
  <testcase name="classMethod" classname="| &quot;/assess-change-request&quot; | &quot;Bob&quot; | &quot;admin&quot; | &quot;MANAGER&quot; | true |" time="0.186"/>
  <system-out><![CDATA[15:56:19.878 [Test worker] DEBUG o.s.test.context.BootstrapUtils - Instantiating CacheAwareContextLoaderDelegate from class [org.springframework.test.context.cache.DefaultCacheAwareContextLoaderDelegate]
15:56:19.878 [Test worker] DEBUG o.s.test.context.BootstrapUtils - Instantiating BootstrapContext using constructor [public org.springframework.test.context.support.DefaultBootstrapContext(java.lang.Class,org.springframework.test.context.CacheAwareContextLoaderDelegate)]
15:56:19.878 [Test worker] DEBUG o.s.test.context.BootstrapUtils - Instantiating TestContextBootstrapper for test class [sciConsole.CompleteChangeRequestStepDefs] from class [org.springframework.test.context.web.WebTestContextBootstrapper]
15:56:19.879 [Test worker] DEBUG o.s.t.c.s.AbstractDelegatingSmartContextLoader - Delegating to AnnotationConfigWebContextLoader to process context configuration [ContextConfigurationAttributes@370ad355 declaringClass = 'sciConsole.CompleteChangeRequestStepDefs', classes = '{class sciConsole.SciConsoleApplication, class sciConsole.controller.SessionController, class sciConsole.controller.AccountController, class sciConsole.controller.ChangeRequestController, class sciConsole.SecurityConfig, class sciConsole.WebConfig}', locations = '{}', inheritLocations = true, initializers = '{}', inheritInitializers = true, name = [null], contextLoaderClass = 'org.springframework.test.context.ContextLoader'].
15:56:19.879 [Test worker] DEBUG o.s.t.c.support.ActiveProfilesUtils - Could not find an 'annotation declaring class' for annotation type [org.springframework.test.context.ActiveProfiles] and class [sciConsole.CompleteChangeRequestStepDefs]
15:56:19.879 [Test worker] DEBUG o.s.t.c.w.WebTestContextBootstrapper - @TestExecutionListeners is not present for class [sciConsole.CompleteChangeRequestStepDefs]: using defaults.
15:56:19.881 [Test worker] INFO  o.s.t.c.w.WebTestContextBootstrapper - Loaded default TestExecutionListener class names from location [META-INF/spring.factories]: [org.springframework.security.test.context.support.WithSecurityContextTestExecutionListener, org.springframework.test.context.web.ServletTestExecutionListener, org.springframework.test.context.support.DirtiesContextBeforeModesTestExecutionListener, org.springframework.test.context.support.DependencyInjectionTestExecutionListener, org.springframework.test.context.support.DirtiesContextTestExecutionListener, org.springframework.test.context.transaction.TransactionalTestExecutionListener, org.springframework.test.context.jdbc.SqlScriptsTestExecutionListener]
15:56:19.881 [Test worker] INFO  o.s.t.c.w.WebTestContextBootstrapper - Using TestExecutionListeners: [org.springframework.test.context.web.ServletTestExecutionListener@231a3860, org.springframework.test.context.support.DirtiesContextBeforeModesTestExecutionListener@29c5ab7a, org.springframework.test.context.support.DependencyInjectionTestExecutionListener@7accbacb, org.springframework.test.context.support.DirtiesContextTestExecutionListener@74bcbaf1, org.springframework.test.context.transaction.TransactionalTestExecutionListener@697553e, org.springframework.test.context.jdbc.SqlScriptsTestExecutionListener@20da0ed, org.springframework.security.test.context.support.WithSecurityContextTestExecutionListener@1d884885]
15:56:19.881 [Test worker] DEBUG o.s.t.c.c.DefaultCacheAwareContextLoaderDelegate - Retrieved ApplicationContext from cache with key [[WebMergedContextConfiguration@c7212f7 testClass = CompleteChangeRequestStepDefs, locations = '{}', classes = '{class sciConsole.SciConsoleApplication, class sciConsole.controller.SessionController, class sciConsole.controller.AccountController, class sciConsole.controller.ChangeRequestController, class sciConsole.SecurityConfig, class sciConsole.WebConfig}', contextInitializerClasses = '[]', activeProfiles = '{}', propertySourceLocations = '{}', propertySourceProperties = '{}', resourceBasePath = 'src/main/webapp', contextLoader = 'org.springframework.test.context.web.WebDelegatingSmartContextLoader', parent = [null]]]
15:56:19.881 [Test worker] DEBUG o.springframework.test.context.cache - Spring test ApplicationContext cache statistics: [DefaultContextCache@3ff50a6 size = 1, parentContextCount = 0, hitCount = 24, missCount = 1]
15:56:19.881 [Test worker] INFO  o.s.b.f.s.DefaultListableBeanFactory - Replacing scope 'cucumber-glue' from [cucumber.runtime.java.spring.GlueCodeScope@4483972f] to [cucumber.runtime.java.spring.GlueCodeScope@307098e2]
15:56:19.881 [Test worker] DEBUG o.s.t.c.s.AbstractDirtiesContextTestExecutionListener - Before test class: context [DefaultTestContext@5f954cc9 testClass = CompleteChangeRequestStepDefs, testInstance = [null], testMethod = [null], testException = [null], mergedContextConfiguration = [WebMergedContextConfiguration@c7212f7 testClass = CompleteChangeRequestStepDefs, locations = '{}', classes = '{class sciConsole.SciConsoleApplication, class sciConsole.controller.SessionController, class sciConsole.controller.AccountController, class sciConsole.controller.ChangeRequestController, class sciConsole.SecurityConfig, class sciConsole.WebConfig}', contextInitializerClasses = '[]', activeProfiles = '{}', propertySourceLocations = '{}', propertySourceProperties = '{}', resourceBasePath = 'src/main/webapp', contextLoader = 'org.springframework.test.context.web.WebDelegatingSmartContextLoader', parent = [null]]], class annotated with @DirtiesContext [false] with mode [null].
15:56:19.882 [Test worker] DEBUG o.s.t.c.c.DefaultCacheAwareContextLoaderDelegate - Retrieved ApplicationContext from cache with key [[WebMergedContextConfiguration@c7212f7 testClass = CompleteChangeRequestStepDefs, locations = '{}', classes = '{class sciConsole.SciConsoleApplication, class sciConsole.controller.SessionController, class sciConsole.controller.AccountController, class sciConsole.controller.ChangeRequestController, class sciConsole.SecurityConfig, class sciConsole.WebConfig}', contextInitializerClasses = '[]', activeProfiles = '{}', propertySourceLocations = '{}', propertySourceProperties = '{}', resourceBasePath = 'src/main/webapp', contextLoader = 'org.springframework.test.context.web.WebDelegatingSmartContextLoader', parent = [null]]]
15:56:19.882 [Test worker] DEBUG o.springframework.test.context.cache - Spring test ApplicationContext cache statistics: [DefaultContextCache@3ff50a6 size = 1, parentContextCount = 0, hitCount = 25, missCount = 1]
15:56:19.882 [Test worker] DEBUG o.s.b.f.s.DefaultListableBeanFactory - Creating instance of bean 'sciConsole.CompleteChangeRequestStepDefs'
15:56:19.882 [Test worker] DEBUG o.s.b.f.annotation.InjectionMetadata - Processing injected element of bean 'sciConsole.CompleteChangeRequestStepDefs': AutowiredFieldElement for private org.springframework.web.context.WebApplicationContext sciConsole.CompleteChangeRequestStepDefs.wac
15:56:19.882 [Test worker] DEBUG o.s.b.f.annotation.InjectionMetadata - Processing injected element of bean 'sciConsole.CompleteChangeRequestStepDefs': AutowiredFieldElement for private sciConsole.persistence.repository.UserRepository sciConsole.CompleteChangeRequestStepDefs.userRepo
15:56:19.882 [Test worker] DEBUG o.s.b.f.s.DefaultListableBeanFactory - Returning cached instance of singleton bean 'userRepository'
15:56:19.882 [Test worker] DEBUG o.s.b.f.annotation.InjectionMetadata - Processing injected element of bean 'sciConsole.CompleteChangeRequestStepDefs': AutowiredFieldElement for private sciConsole.persistence.repository.RequestRepository sciConsole.CompleteChangeRequestStepDefs.reqRepo
15:56:19.882 [Test worker] DEBUG o.s.b.f.s.DefaultListableBeanFactory - Returning cached instance of singleton bean 'requestRepository'
15:56:19.882 [Test worker] DEBUG o.s.b.f.s.DefaultListableBeanFactory - Finished creating instance of bean 'sciConsole.CompleteChangeRequestStepDefs'
15:56:19.882 [Test worker] DEBUG o.s.t.w.s.TestDispatcherServlet - Initializing servlet ''
15:56:19.883 [Test worker] DEBUG o.s.w.c.s.StandardServletEnvironment - Adding [servletConfigInitParams] PropertySource with lowest search precedence
15:56:19.883 [Test worker] DEBUG o.s.w.c.s.StandardServletEnvironment - Adding [servletContextInitParams] PropertySource with lowest search precedence
15:56:19.883 [Test worker] DEBUG o.s.w.c.s.StandardServletEnvironment - Adding [systemProperties] PropertySource with lowest search precedence
15:56:19.883 [Test worker] DEBUG o.s.w.c.s.StandardServletEnvironment - Adding [systemEnvironment] PropertySource with lowest search precedence
15:56:19.883 [Test worker] DEBUG o.s.w.c.s.StandardServletEnvironment - Initialized StandardServletEnvironment with PropertySources [servletConfigInitParams,servletContextInitParams,systemProperties,systemEnvironment]
15:56:19.883 [Test worker] INFO  o.s.mock.web.MockServletContext - Initializing Spring FrameworkServlet ''
15:56:19.883 [Test worker] INFO  o.s.t.w.s.TestDispatcherServlet - FrameworkServlet '': initialization started
15:56:19.883 [Test worker] DEBUG o.s.b.f.s.DefaultListableBeanFactory - Returning cached instance of singleton bean 'multipartResolver'
15:56:19.883 [Test worker] DEBUG o.s.t.w.s.TestDispatcherServlet - Using MultipartResolver [org.springframework.web.multipart.support.StandardServletMultipartResolver@60a6c2dc]
15:56:19.883 [Test worker] DEBUG o.s.b.f.s.DefaultListableBeanFactory - Creating instance of bean 'org.springframework.web.servlet.i18n.AcceptHeaderLocaleResolver'
15:56:19.883 [Test worker] DEBUG o.s.b.f.s.DefaultListableBeanFactory - Finished creating instance of bean 'org.springframework.web.servlet.i18n.AcceptHeaderLocaleResolver'
15:56:19.883 [Test worker] DEBUG o.s.t.w.s.TestDispatcherServlet - Unable to locate LocaleResolver with name 'localeResolver': using default [org.springframework.web.servlet.i18n.AcceptHeaderLocaleResolver@6ebde]
15:56:19.883 [Test worker] DEBUG o.s.b.f.s.DefaultListableBeanFactory - Creating instance of bean 'org.springframework.web.servlet.theme.FixedThemeResolver'
15:56:19.883 [Test worker] DEBUG o.s.b.f.s.DefaultListableBeanFactory - Finished creating instance of bean 'org.springframework.web.servlet.theme.FixedThemeResolver'
15:56:19.883 [Test worker] DEBUG o.s.t.w.s.TestDispatcherServlet - Unable to locate ThemeResolver with name 'themeResolver': using default [org.springframework.web.servlet.theme.FixedThemeResolver@1cffa483]
15:56:19.884 [Test worker] DEBUG o.s.b.f.s.DefaultListableBeanFactory - Returning cached instance of singleton bean 'requestMappingHandlerMapping'
15:56:19.884 [Test worker] DEBUG o.s.b.f.s.DefaultListableBeanFactory - Returning cached instance of singleton bean 'viewControllerHandlerMapping'
15:56:19.884 [Test worker] DEBUG o.s.b.f.s.DefaultListableBeanFactory - Returning cached instance of singleton bean 'beanNameHandlerMapping'
15:56:19.884 [Test worker] DEBUG o.s.b.f.s.DefaultListableBeanFactory - Returning cached instance of singleton bean 'resourceHandlerMapping'
15:56:19.884 [Test worker] DEBUG o.s.b.f.s.DefaultListableBeanFactory - Returning cached instance of singleton bean 'defaultServletHandlerMapping'
15:56:19.884 [Test worker] DEBUG o.s.b.f.s.DefaultListableBeanFactory - Returning cached instance of singleton bean 'faviconHandlerMapping'
15:56:19.884 [Test worker] DEBUG o.s.b.f.s.DefaultListableBeanFactory - Returning cached instance of singleton bean 'requestMappingHandlerAdapter'
15:56:19.884 [Test worker] DEBUG o.s.b.f.s.DefaultListableBeanFactory - Returning cached instance of singleton bean 'httpRequestHandlerAdapter'
15:56:19.884 [Test worker] DEBUG o.s.b.f.s.DefaultListableBeanFactory - Returning cached instance of singleton bean 'simpleControllerHandlerAdapter'
15:56:19.885 [Test worker] DEBUG o.s.b.f.s.DefaultListableBeanFactory - Returning cached instance of singleton bean 'errorAttributes'
15:56:19.885 [Test worker] DEBUG o.s.b.f.s.DefaultListableBeanFactory - Returning cached instance of singleton bean 'handlerExceptionResolver'
15:56:19.885 [Test worker] DEBUG o.s.b.f.s.DefaultListableBeanFactory - Creating instance of bean 'org.springframework.web.servlet.view.DefaultRequestToViewNameTranslator'
15:56:19.885 [Test worker] DEBUG o.s.b.f.s.DefaultListableBeanFactory - Finished creating instance of bean 'org.springframework.web.servlet.view.DefaultRequestToViewNameTranslator'
15:56:19.885 [Test worker] DEBUG o.s.t.w.s.TestDispatcherServlet - Unable to locate RequestToViewNameTranslator with name 'viewNameTranslator': using default [org.springframework.web.servlet.view.DefaultRequestToViewNameTranslator@287c9876]
15:56:19.886 [Test worker] DEBUG o.s.b.f.s.DefaultListableBeanFactory - Returning cached instance of singleton bean 'viewResolver'
15:56:19.886 [Test worker] DEBUG o.s.b.f.s.DefaultListableBeanFactory - Returning cached instance of singleton bean 'beanNameViewResolver'
15:56:19.886 [Test worker] DEBUG o.s.b.f.s.DefaultListableBeanFactory - Returning cached instance of singleton bean 'mvcViewResolver'
15:56:19.886 [Test worker] DEBUG o.s.b.f.s.DefaultListableBeanFactory - Creating instance of bean 'org.springframework.web.servlet.support.SessionFlashMapManager'
15:56:19.886 [Test worker] DEBUG o.s.b.f.s.DefaultListableBeanFactory - Finished creating instance of bean 'org.springframework.web.servlet.support.SessionFlashMapManager'
15:56:19.886 [Test worker] DEBUG o.s.t.w.s.TestDispatcherServlet - Unable to locate FlashMapManager with name 'flashMapManager': using default [org.springframework.web.servlet.support.SessionFlashMapManager@5d7a6ab4]
15:56:19.886 [Test worker] DEBUG o.s.t.w.s.TestDispatcherServlet - Published WebApplicationContext of servlet '' as ServletContext attribute with name [org.springframework.web.servlet.FrameworkServlet.CONTEXT.]
15:56:19.886 [Test worker] INFO  o.s.t.w.s.TestDispatcherServlet - FrameworkServlet '': initialization completed in 3 ms
15:56:19.886 [Test worker] DEBUG o.s.t.w.s.TestDispatcherServlet - Servlet '' configured successfully
15:56:19.886 [Test worker] DEBUG o.s.orm.jpa.JpaTransactionManager - Creating new transaction with name [org.springframework.data.jpa.repository.support.SimpleJpaRepository.findAll]: PROPAGATION_REQUIRED,ISOLATION_DEFAULT,readOnly; ''
15:56:19.886 [Test worker] DEBUG o.s.orm.jpa.JpaTransactionManager - Opened new EntityManager [org.hibernate.jpa.internal.EntityManagerImpl@6a1532de] for JPA transaction
15:56:19.886 [Test worker] DEBUG o.h.e.j.i.LogicalConnectionImpl - Obtaining JDBC connection
15:56:19.886 [Test worker] DEBUG o.s.j.d.DriverManagerDataSource - Creating new JDBC DriverManager Connection to [jdbc:mysql://127.0.0.1:3306/wrp3]
15:56:19.889 [Test worker] DEBUG o.h.e.j.i.LogicalConnectionImpl - Obtained JDBC connection
15:56:19.889 [Test worker] DEBUG o.s.jdbc.datasource.DataSourceUtils - Setting JDBC Connection [com.mysql.jdbc.JDBC4Connection@abd7b3e] read-only
15:56:19.889 [Test worker] DEBUG o.h.e.t.spi.AbstractTransactionImpl - begin
15:56:19.889 [Test worker] DEBUG o.h.e.t.i.jdbc.JdbcTransaction - initial autocommit status: true
15:56:19.889 [Test worker] DEBUG o.h.e.t.i.jdbc.JdbcTransaction - disabling autocommit
15:56:19.890 [Test worker] DEBUG o.s.orm.jpa.JpaTransactionManager - Exposing JPA transaction as JDBC transaction [org.springframework.orm.jpa.vendor.HibernateJpaDialect$HibernateConnectionHandle@7ba6509a]
15:56:19.890 [Test worker] DEBUG o.h.jpa.criteria.CriteriaQueryImpl - Rendered criteria query -> select generatedAlias0 from Request as generatedAlias0
15:56:19.890 [Test worker] DEBUG org.hibernate.SQL - select request0_.request_id as request_1_3_, request0_.assign_to as assign_t2_3_, request0_.created_by as created_3_3_, request0_.date_created as date_cre4_3_, request0_.date_complete as date_com5_3_, request0_.due_date as due_date6_3_, request0_.priority as priority7_3_, request0_.reject_reason as reject_r8_3_, request0_.req_desc as req_desc9_3_, request0_.req_solution as req_sol10_3_, request0_.sci_id as sci_id11_3_, request0_.status as status12_3_, request0_.assigned_to as assigne13_3_, request0_.version_id as version14_3_ from request request0_
15:56:19.891 [Test worker] DEBUG o.s.orm.jpa.JpaTransactionManager - Initiating transaction commit
15:56:19.891 [Test worker] DEBUG o.s.orm.jpa.JpaTransactionManager - Committing JPA transaction on EntityManager [org.hibernate.jpa.internal.EntityManagerImpl@6a1532de]
15:56:19.891 [Test worker] DEBUG o.h.e.t.spi.AbstractTransactionImpl - committing
15:56:19.891 [Test worker] DEBUG o.h.e.t.i.jdbc.JdbcTransaction - committed JDBC Connection
15:56:19.891 [Test worker] DEBUG o.h.e.t.i.jdbc.JdbcTransaction - re-enabling autocommit
15:56:19.891 [Test worker] DEBUG o.s.jdbc.datasource.DataSourceUtils - Resetting read-only flag of JDBC Connection [com.mysql.jdbc.JDBC4Connection@abd7b3e]
15:56:19.891 [Test worker] DEBUG o.s.orm.jpa.JpaTransactionManager - Closing JPA EntityManager [org.hibernate.jpa.internal.EntityManagerImpl@6a1532de] after transaction
15:56:19.891 [Test worker] DEBUG o.s.o.jpa.EntityManagerFactoryUtils - Closing JPA EntityManager
15:56:19.892 [Test worker] DEBUG o.h.e.j.i.LogicalConnectionImpl - Releasing JDBC connection
15:56:19.892 [Test worker] DEBUG o.h.e.j.i.LogicalConnectionImpl - Released JDBC connection
15:56:19.892 [Test worker] DEBUG o.s.b.f.s.DefaultListableBeanFactory - Creating instance of bean 'sciConsole.AssessChangeRequestStepDefs'
15:56:19.892 [Test worker] DEBUG o.s.b.f.annotation.InjectionMetadata - Processing injected element of bean 'sciConsole.AssessChangeRequestStepDefs': AutowiredFieldElement for private org.springframework.web.context.WebApplicationContext sciConsole.AssessChangeRequestStepDefs.wac
15:56:19.892 [Test worker] DEBUG o.s.b.f.annotation.InjectionMetadata - Processing injected element of bean 'sciConsole.AssessChangeRequestStepDefs': AutowiredFieldElement for private sciConsole.persistence.repository.UserRepository sciConsole.AssessChangeRequestStepDefs.userRepo
15:56:19.892 [Test worker] DEBUG o.s.b.f.s.DefaultListableBeanFactory - Returning cached instance of singleton bean 'userRepository'
15:56:19.892 [Test worker] DEBUG o.s.b.f.annotation.InjectionMetadata - Processing injected element of bean 'sciConsole.AssessChangeRequestStepDefs': AutowiredFieldElement for private sciConsole.persistence.repository.SciRepository sciConsole.AssessChangeRequestStepDefs.sciRepo
15:56:19.892 [Test worker] DEBUG o.s.b.f.s.DefaultListableBeanFactory - Returning cached instance of singleton bean 'sciRepository'
15:56:19.892 [Test worker] DEBUG o.s.b.f.annotation.InjectionMetadata - Processing injected element of bean 'sciConsole.AssessChangeRequestStepDefs': AutowiredFieldElement for private sciConsole.persistence.repository.VersionRepository sciConsole.AssessChangeRequestStepDefs.verRepo
15:56:19.892 [Test worker] DEBUG o.s.b.f.s.DefaultListableBeanFactory - Returning cached instance of singleton bean 'versionRepository'
15:56:19.892 [Test worker] DEBUG o.s.b.f.annotation.InjectionMetadata - Processing injected element of bean 'sciConsole.AssessChangeRequestStepDefs': AutowiredFieldElement for private sciConsole.persistence.repository.RequestRepository sciConsole.AssessChangeRequestStepDefs.reqRepo
15:56:19.892 [Test worker] DEBUG o.s.b.f.s.DefaultListableBeanFactory - Returning cached instance of singleton bean 'requestRepository'
15:56:19.892 [Test worker] DEBUG o.s.b.f.s.DefaultListableBeanFactory - Finished creating instance of bean 'sciConsole.AssessChangeRequestStepDefs'
15:56:19.892 [Test worker] DEBUG o.s.t.w.s.TestDispatcherServlet - Initializing servlet ''
15:56:19.892 [Test worker] DEBUG o.s.w.c.s.StandardServletEnvironment - Adding [servletConfigInitParams] PropertySource with lowest search precedence
15:56:19.892 [Test worker] DEBUG o.s.w.c.s.StandardServletEnvironment - Adding [servletContextInitParams] PropertySource with lowest search precedence
15:56:19.893 [Test worker] DEBUG o.s.w.c.s.StandardServletEnvironment - Adding [systemProperties] PropertySource with lowest search precedence
15:56:19.893 [Test worker] DEBUG o.s.w.c.s.StandardServletEnvironment - Adding [systemEnvironment] PropertySource with lowest search precedence
15:56:19.893 [Test worker] DEBUG o.s.w.c.s.StandardServletEnvironment - Initialized StandardServletEnvironment with PropertySources [servletConfigInitParams,servletContextInitParams,systemProperties,systemEnvironment]
15:56:19.893 [Test worker] INFO  o.s.mock.web.MockServletContext - Initializing Spring FrameworkServlet ''
15:56:19.893 [Test worker] INFO  o.s.t.w.s.TestDispatcherServlet - FrameworkServlet '': initialization started
15:56:19.893 [Test worker] DEBUG o.s.b.f.s.DefaultListableBeanFactory - Returning cached instance of singleton bean 'multipartResolver'
15:56:19.893 [Test worker] DEBUG o.s.t.w.s.TestDispatcherServlet - Using MultipartResolver [org.springframework.web.multipart.support.StandardServletMultipartResolver@60a6c2dc]
15:56:19.893 [Test worker] DEBUG o.s.b.f.s.DefaultListableBeanFactory - Creating instance of bean 'org.springframework.web.servlet.i18n.AcceptHeaderLocaleResolver'
15:56:19.893 [Test worker] DEBUG o.s.b.f.s.DefaultListableBeanFactory - Finished creating instance of bean 'org.springframework.web.servlet.i18n.AcceptHeaderLocaleResolver'
15:56:19.893 [Test worker] DEBUG o.s.t.w.s.TestDispatcherServlet - Unable to locate LocaleResolver with name 'localeResolver': using default [org.springframework.web.servlet.i18n.AcceptHeaderLocaleResolver@4f942c51]
15:56:19.894 [Test worker] DEBUG o.s.b.f.s.DefaultListableBeanFactory - Creating instance of bean 'org.springframework.web.servlet.theme.FixedThemeResolver'
15:56:19.894 [Test worker] DEBUG o.s.b.f.s.DefaultListableBeanFactory - Finished creating instance of bean 'org.springframework.web.servlet.theme.FixedThemeResolver'
15:56:19.894 [Test worker] DEBUG o.s.t.w.s.TestDispatcherServlet - Unable to locate ThemeResolver with name 'themeResolver': using default [org.springframework.web.servlet.theme.FixedThemeResolver@165bd134]
15:56:19.894 [Test worker] DEBUG o.s.b.f.s.DefaultListableBeanFactory - Returning cached instance of singleton bean 'requestMappingHandlerMapping'
15:56:19.894 [Test worker] DEBUG o.s.b.f.s.DefaultListableBeanFactory - Returning cached instance of singleton bean 'viewControllerHandlerMapping'
15:56:19.894 [Test worker] DEBUG o.s.b.f.s.DefaultListableBeanFactory - Returning cached instance of singleton bean 'beanNameHandlerMapping'
15:56:19.894 [Test worker] DEBUG o.s.b.f.s.DefaultListableBeanFactory - Returning cached instance of singleton bean 'resourceHandlerMapping'
15:56:19.894 [Test worker] DEBUG o.s.b.f.s.DefaultListableBeanFactory - Returning cached instance of singleton bean 'defaultServletHandlerMapping'
15:56:19.894 [Test worker] DEBUG o.s.b.f.s.DefaultListableBeanFactory - Returning cached instance of singleton bean 'faviconHandlerMapping'
15:56:19.895 [Test worker] DEBUG o.s.b.f.s.DefaultListableBeanFactory - Returning cached instance of singleton bean 'requestMappingHandlerAdapter'
15:56:19.895 [Test worker] DEBUG o.s.b.f.s.DefaultListableBeanFactory - Returning cached instance of singleton bean 'httpRequestHandlerAdapter'
15:56:19.895 [Test worker] DEBUG o.s.b.f.s.DefaultListableBeanFactory - Returning cached instance of singleton bean 'simpleControllerHandlerAdapter'
15:56:19.895 [Test worker] DEBUG o.s.b.f.s.DefaultListableBeanFactory - Returning cached instance of singleton bean 'errorAttributes'
15:56:19.895 [Test worker] DEBUG o.s.b.f.s.DefaultListableBeanFactory - Returning cached instance of singleton bean 'handlerExceptionResolver'
15:56:19.895 [Test worker] DEBUG o.s.b.f.s.DefaultListableBeanFactory - Creating instance of bean 'org.springframework.web.servlet.view.DefaultRequestToViewNameTranslator'
15:56:19.895 [Test worker] DEBUG o.s.b.f.s.DefaultListableBeanFactory - Finished creating instance of bean 'org.springframework.web.servlet.view.DefaultRequestToViewNameTranslator'
15:56:19.895 [Test worker] DEBUG o.s.t.w.s.TestDispatcherServlet - Unable to locate RequestToViewNameTranslator with name 'viewNameTranslator': using default [org.springframework.web.servlet.view.DefaultRequestToViewNameTranslator@4fa931d4]
15:56:19.896 [Test worker] DEBUG o.s.b.f.s.DefaultListableBeanFactory - Returning cached instance of singleton bean 'viewResolver'
15:56:19.896 [Test worker] DEBUG o.s.b.f.s.DefaultListableBeanFactory - Returning cached instance of singleton bean 'beanNameViewResolver'
15:56:19.896 [Test worker] DEBUG o.s.b.f.s.DefaultListableBeanFactory - Returning cached instance of singleton bean 'mvcViewResolver'
15:56:19.896 [Test worker] DEBUG o.s.b.f.s.DefaultListableBeanFactory - Creating instance of bean 'org.springframework.web.servlet.support.SessionFlashMapManager'
15:56:19.896 [Test worker] DEBUG o.s.b.f.s.DefaultListableBeanFactory - Finished creating instance of bean 'org.springframework.web.servlet.support.SessionFlashMapManager'
15:56:19.896 [Test worker] DEBUG o.s.t.w.s.TestDispatcherServlet - Unable to locate FlashMapManager with name 'flashMapManager': using default [org.springframework.web.servlet.support.SessionFlashMapManager@3dbb6dad]
15:56:19.896 [Test worker] DEBUG o.s.t.w.s.TestDispatcherServlet - Published WebApplicationContext of servlet '' as ServletContext attribute with name [org.springframework.web.servlet.FrameworkServlet.CONTEXT.]
15:56:19.896 [Test worker] INFO  o.s.t.w.s.TestDispatcherServlet - FrameworkServlet '': initialization completed in 3 ms
15:56:19.896 [Test worker] DEBUG o.s.t.w.s.TestDispatcherServlet - Servlet '' configured successfully
15:56:19.896 [Test worker] DEBUG o.s.orm.jpa.JpaTransactionManager - Creating new transaction with name [org.springframework.data.jpa.repository.support.SimpleJpaRepository.findAll]: PROPAGATION_REQUIRED,ISOLATION_DEFAULT,readOnly; ''
15:56:19.896 [Test worker] DEBUG o.s.orm.jpa.JpaTransactionManager - Opened new EntityManager [org.hibernate.jpa.internal.EntityManagerImpl@532328ef] for JPA transaction
15:56:19.896 [Test worker] DEBUG o.h.e.j.i.LogicalConnectionImpl - Obtaining JDBC connection
15:56:19.896 [Test worker] DEBUG o.s.j.d.DriverManagerDataSource - Creating new JDBC DriverManager Connection to [jdbc:mysql://127.0.0.1:3306/wrp3]
15:56:19.899 [Test worker] DEBUG o.h.e.j.i.LogicalConnectionImpl - Obtained JDBC connection
15:56:19.899 [Test worker] DEBUG o.s.jdbc.datasource.DataSourceUtils - Setting JDBC Connection [com.mysql.jdbc.JDBC4Connection@3106cf2d] read-only
15:56:19.900 [Test worker] DEBUG o.h.e.t.spi.AbstractTransactionImpl - begin
15:56:19.900 [Test worker] DEBUG o.h.e.t.i.jdbc.JdbcTransaction - initial autocommit status: true
15:56:19.900 [Test worker] DEBUG o.h.e.t.i.jdbc.JdbcTransaction - disabling autocommit
15:56:19.900 [Test worker] DEBUG o.s.orm.jpa.JpaTransactionManager - Exposing JPA transaction as JDBC transaction [org.springframework.orm.jpa.vendor.HibernateJpaDialect$HibernateConnectionHandle@66668f22]
15:56:19.900 [Test worker] DEBUG o.h.jpa.criteria.CriteriaQueryImpl - Rendered criteria query -> select generatedAlias0 from Request as generatedAlias0
15:56:19.900 [Test worker] DEBUG org.hibernate.SQL - select request0_.request_id as request_1_3_, request0_.assign_to as assign_t2_3_, request0_.created_by as created_3_3_, request0_.date_created as date_cre4_3_, request0_.date_complete as date_com5_3_, request0_.due_date as due_date6_3_, request0_.priority as priority7_3_, request0_.reject_reason as reject_r8_3_, request0_.req_desc as req_desc9_3_, request0_.req_solution as req_sol10_3_, request0_.sci_id as sci_id11_3_, request0_.status as status12_3_, request0_.assigned_to as assigne13_3_, request0_.version_id as version14_3_ from request request0_
15:56:19.901 [Test worker] DEBUG o.s.orm.jpa.JpaTransactionManager - Initiating transaction commit
15:56:19.901 [Test worker] DEBUG o.s.orm.jpa.JpaTransactionManager - Committing JPA transaction on EntityManager [org.hibernate.jpa.internal.EntityManagerImpl@532328ef]
15:56:19.901 [Test worker] DEBUG o.h.e.t.spi.AbstractTransactionImpl - committing
15:56:19.901 [Test worker] DEBUG o.h.e.t.i.jdbc.JdbcTransaction - committed JDBC Connection
15:56:19.901 [Test worker] DEBUG o.h.e.t.i.jdbc.JdbcTransaction - re-enabling autocommit
15:56:19.902 [Test worker] DEBUG o.s.jdbc.datasource.DataSourceUtils - Resetting read-only flag of JDBC Connection [com.mysql.jdbc.JDBC4Connection@3106cf2d]
15:56:19.902 [Test worker] DEBUG o.s.orm.jpa.JpaTransactionManager - Closing JPA EntityManager [org.hibernate.jpa.internal.EntityManagerImpl@532328ef] after transaction
15:56:19.902 [Test worker] DEBUG o.s.o.jpa.EntityManagerFactoryUtils - Closing JPA EntityManager
15:56:19.902 [Test worker] DEBUG o.h.e.j.i.LogicalConnectionImpl - Releasing JDBC connection
15:56:19.902 [Test worker] DEBUG o.h.e.j.i.LogicalConnectionImpl - Released JDBC connection
15:56:19.903 [Test worker] DEBUG o.s.b.f.s.DefaultListableBeanFactory - Creating instance of bean 'sciConsole.RequestChangeStepDefs'
15:56:19.903 [Test worker] DEBUG o.s.b.f.annotation.InjectionMetadata - Processing injected element of bean 'sciConsole.RequestChangeStepDefs': AutowiredFieldElement for private org.springframework.web.context.WebApplicationContext sciConsole.RequestChangeStepDefs.wac
15:56:19.903 [Test worker] DEBUG o.s.b.f.annotation.InjectionMetadata - Processing injected element of bean 'sciConsole.RequestChangeStepDefs': AutowiredFieldElement for private sciConsole.persistence.repository.SciRepository sciConsole.RequestChangeStepDefs.sciRepo
15:56:19.903 [Test worker] DEBUG o.s.b.f.s.DefaultListableBeanFactory - Returning cached instance of singleton bean 'sciRepository'
15:56:19.903 [Test worker] DEBUG o.s.b.f.annotation.InjectionMetadata - Processing injected element of bean 'sciConsole.RequestChangeStepDefs': AutowiredFieldElement for private sciConsole.persistence.repository.VersionRepository sciConsole.RequestChangeStepDefs.verRepo
15:56:19.903 [Test worker] DEBUG o.s.b.f.s.DefaultListableBeanFactory - Returning cached instance of singleton bean 'versionRepository'
15:56:19.903 [Test worker] DEBUG o.s.b.f.annotation.InjectionMetadata - Processing injected element of bean 'sciConsole.RequestChangeStepDefs': AutowiredFieldElement for private sciConsole.persistence.repository.RequestRepository sciConsole.RequestChangeStepDefs.reqRepo
15:56:19.903 [Test worker] DEBUG o.s.b.f.s.DefaultListableBeanFactory - Returning cached instance of singleton bean 'requestRepository'
15:56:19.903 [Test worker] DEBUG o.s.b.f.s.DefaultListableBeanFactory - Finished creating instance of bean 'sciConsole.RequestChangeStepDefs'
15:56:19.903 [Test worker] DEBUG o.s.t.w.s.TestDispatcherServlet - Initializing servlet ''
15:56:19.904 [Test worker] DEBUG o.s.w.c.s.StandardServletEnvironment - Adding [servletConfigInitParams] PropertySource with lowest search precedence
15:56:19.904 [Test worker] DEBUG o.s.w.c.s.StandardServletEnvironment - Adding [servletContextInitParams] PropertySource with lowest search precedence
15:56:19.904 [Test worker] DEBUG o.s.w.c.s.StandardServletEnvironment - Adding [systemProperties] PropertySource with lowest search precedence
15:56:19.904 [Test worker] DEBUG o.s.w.c.s.StandardServletEnvironment - Adding [systemEnvironment] PropertySource with lowest search precedence
15:56:19.904 [Test worker] DEBUG o.s.w.c.s.StandardServletEnvironment - Initialized StandardServletEnvironment with PropertySources [servletConfigInitParams,servletContextInitParams,systemProperties,systemEnvironment]
15:56:19.904 [Test worker] INFO  o.s.mock.web.MockServletContext - Initializing Spring FrameworkServlet ''
15:56:19.904 [Test worker] INFO  o.s.t.w.s.TestDispatcherServlet - FrameworkServlet '': initialization started
15:56:19.904 [Test worker] DEBUG o.s.b.f.s.DefaultListableBeanFactory - Returning cached instance of singleton bean 'multipartResolver'
15:56:19.904 [Test worker] DEBUG o.s.t.w.s.TestDispatcherServlet - Using MultipartResolver [org.springframework.web.multipart.support.StandardServletMultipartResolver@60a6c2dc]
15:56:19.904 [Test worker] DEBUG o.s.b.f.s.DefaultListableBeanFactory - Creating instance of bean 'org.springframework.web.servlet.i18n.AcceptHeaderLocaleResolver'
15:56:19.904 [Test worker] DEBUG o.s.b.f.s.DefaultListableBeanFactory - Finished creating instance of bean 'org.springframework.web.servlet.i18n.AcceptHeaderLocaleResolver'
15:56:19.904 [Test worker] DEBUG o.s.t.w.s.TestDispatcherServlet - Unable to locate LocaleResolver with name 'localeResolver': using default [org.springframework.web.servlet.i18n.AcceptHeaderLocaleResolver@4f468d4f]
15:56:19.904 [Test worker] DEBUG o.s.b.f.s.DefaultListableBeanFactory - Creating instance of bean 'org.springframework.web.servlet.theme.FixedThemeResolver'
15:56:19.905 [Test worker] DEBUG o.s.b.f.s.DefaultListableBeanFactory - Finished creating instance of bean 'org.springframework.web.servlet.theme.FixedThemeResolver'
15:56:19.905 [Test worker] DEBUG o.s.t.w.s.TestDispatcherServlet - Unable to locate ThemeResolver with name 'themeResolver': using default [org.springframework.web.servlet.theme.FixedThemeResolver@6d67485]
15:56:19.905 [Test worker] DEBUG o.s.b.f.s.DefaultListableBeanFactory - Returning cached instance of singleton bean 'requestMappingHandlerMapping'
15:56:19.905 [Test worker] DEBUG o.s.b.f.s.DefaultListableBeanFactory - Returning cached instance of singleton bean 'viewControllerHandlerMapping'
15:56:19.905 [Test worker] DEBUG o.s.b.f.s.DefaultListableBeanFactory - Returning cached instance of singleton bean 'beanNameHandlerMapping'
15:56:19.905 [Test worker] DEBUG o.s.b.f.s.DefaultListableBeanFactory - Returning cached instance of singleton bean 'resourceHandlerMapping'
15:56:19.905 [Test worker] DEBUG o.s.b.f.s.DefaultListableBeanFactory - Returning cached instance of singleton bean 'defaultServletHandlerMapping'
15:56:19.905 [Test worker] DEBUG o.s.b.f.s.DefaultListableBeanFactory - Returning cached instance of singleton bean 'faviconHandlerMapping'
15:56:19.906 [Test worker] DEBUG o.s.b.f.s.DefaultListableBeanFactory - Returning cached instance of singleton bean 'requestMappingHandlerAdapter'
15:56:19.906 [Test worker] DEBUG o.s.b.f.s.DefaultListableBeanFactory - Returning cached instance of singleton bean 'httpRequestHandlerAdapter'
15:56:19.906 [Test worker] DEBUG o.s.b.f.s.DefaultListableBeanFactory - Returning cached instance of singleton bean 'simpleControllerHandlerAdapter'
15:56:19.907 [Test worker] DEBUG o.s.b.f.s.DefaultListableBeanFactory - Returning cached instance of singleton bean 'errorAttributes'
15:56:19.907 [Test worker] DEBUG o.s.b.f.s.DefaultListableBeanFactory - Returning cached instance of singleton bean 'handlerExceptionResolver'
15:56:19.907 [Test worker] DEBUG o.s.b.f.s.DefaultListableBeanFactory - Creating instance of bean 'org.springframework.web.servlet.view.DefaultRequestToViewNameTranslator'
15:56:19.907 [Test worker] DEBUG o.s.b.f.s.DefaultListableBeanFactory - Finished creating instance of bean 'org.springframework.web.servlet.view.DefaultRequestToViewNameTranslator'
15:56:19.907 [Test worker] DEBUG o.s.t.w.s.TestDispatcherServlet - Unable to locate RequestToViewNameTranslator with name 'viewNameTranslator': using default [org.springframework.web.servlet.view.DefaultRequestToViewNameTranslator@78c82e4d]
15:56:19.907 [Test worker] DEBUG o.s.b.f.s.DefaultListableBeanFactory - Returning cached instance of singleton bean 'viewResolver'
15:56:19.907 [Test worker] DEBUG o.s.b.f.s.DefaultListableBeanFactory - Returning cached instance of singleton bean 'beanNameViewResolver'
15:56:19.907 [Test worker] DEBUG o.s.b.f.s.DefaultListableBeanFactory - Returning cached instance of singleton bean 'mvcViewResolver'
15:56:19.908 [Test worker] DEBUG o.s.b.f.s.DefaultListableBeanFactory - Creating instance of bean 'org.springframework.web.servlet.support.SessionFlashMapManager'
15:56:19.908 [Test worker] DEBUG o.s.b.f.s.DefaultListableBeanFactory - Finished creating instance of bean 'org.springframework.web.servlet.support.SessionFlashMapManager'
15:56:19.908 [Test worker] DEBUG o.s.t.w.s.TestDispatcherServlet - Unable to locate FlashMapManager with name 'flashMapManager': using default [org.springframework.web.servlet.support.SessionFlashMapManager@2c9a5a2a]
15:56:19.908 [Test worker] DEBUG o.s.t.w.s.TestDispatcherServlet - Published WebApplicationContext of servlet '' as ServletContext attribute with name [org.springframework.web.servlet.FrameworkServlet.CONTEXT.]
15:56:19.908 [Test worker] INFO  o.s.t.w.s.TestDispatcherServlet - FrameworkServlet '': initialization completed in 4 ms
15:56:19.908 [Test worker] DEBUG o.s.t.w.s.TestDispatcherServlet - Servlet '' configured successfully
15:56:19.908 [Test worker] DEBUG o.s.b.f.s.DefaultListableBeanFactory - Creating instance of bean 'sciConsole.AuthorizationStepDefs'
15:56:19.908 [Test worker] DEBUG o.s.b.f.annotation.InjectionMetadata - Processing injected element of bean 'sciConsole.AuthorizationStepDefs': AutowiredFieldElement for private org.springframework.web.context.WebApplicationContext sciConsole.AuthorizationStepDefs.wac
15:56:19.908 [Test worker] DEBUG o.s.b.f.annotation.InjectionMetadata - Processing injected element of bean 'sciConsole.AuthorizationStepDefs': AutowiredFieldElement for private javax.servlet.Filter sciConsole.AuthorizationStepDefs.springSecurityFilterChain
15:56:19.908 [Test worker] DEBUG o.s.b.f.s.DefaultListableBeanFactory - Returning cached instance of singleton bean 'springSecurityFilterChain'
15:56:19.908 [Test worker] DEBUG o.s.b.f.annotation.InjectionMetadata - Processing injected element of bean 'sciConsole.AuthorizationStepDefs': AutowiredFieldElement for private sciConsole.persistence.repository.UserRepository sciConsole.AuthorizationStepDefs.userRepo
15:56:19.908 [Test worker] DEBUG o.s.b.f.s.DefaultListableBeanFactory - Returning cached instance of singleton bean 'userRepository'
15:56:19.909 [Test worker] DEBUG o.s.b.f.annotation.InjectionMetadata - Processing injected element of bean 'sciConsole.AuthorizationStepDefs': AutowiredFieldElement for private sciConsole.persistence.repository.RoleRepository sciConsole.AuthorizationStepDefs.roleRepo
15:56:19.909 [Test worker] DEBUG o.s.b.f.s.DefaultListableBeanFactory - Returning cached instance of singleton bean 'roleRepository'
15:56:19.909 [Test worker] DEBUG o.s.b.f.s.DefaultListableBeanFactory - Finished creating instance of bean 'sciConsole.AuthorizationStepDefs'
15:56:19.909 [Test worker] DEBUG o.s.b.f.s.DefaultListableBeanFactory - Returning cached instance of singleton bean 'springSecurityFilterChain'
15:56:19.909 [Test worker] DEBUG o.s.t.w.s.TestDispatcherServlet - Initializing servlet ''
15:56:19.909 [Test worker] DEBUG o.s.w.c.s.StandardServletEnvironment - Adding [servletConfigInitParams] PropertySource with lowest search precedence
15:56:19.909 [Test worker] DEBUG o.s.w.c.s.StandardServletEnvironment - Adding [servletContextInitParams] PropertySource with lowest search precedence
15:56:19.909 [Test worker] DEBUG o.s.w.c.s.StandardServletEnvironment - Adding [systemProperties] PropertySource with lowest search precedence
15:56:19.909 [Test worker] DEBUG o.s.w.c.s.StandardServletEnvironment - Adding [systemEnvironment] PropertySource with lowest search precedence
15:56:19.909 [Test worker] DEBUG o.s.w.c.s.StandardServletEnvironment - Initialized StandardServletEnvironment with PropertySources [servletConfigInitParams,servletContextInitParams,systemProperties,systemEnvironment]
15:56:19.910 [Test worker] INFO  o.s.mock.web.MockServletContext - Initializing Spring FrameworkServlet ''
15:56:19.910 [Test worker] INFO  o.s.t.w.s.TestDispatcherServlet - FrameworkServlet '': initialization started
15:56:19.910 [Test worker] DEBUG o.s.b.f.s.DefaultListableBeanFactory - Returning cached instance of singleton bean 'multipartResolver'
15:56:19.910 [Test worker] DEBUG o.s.t.w.s.TestDispatcherServlet - Using MultipartResolver [org.springframework.web.multipart.support.StandardServletMultipartResolver@60a6c2dc]
15:56:19.910 [Test worker] DEBUG o.s.b.f.s.DefaultListableBeanFactory - Creating instance of bean 'org.springframework.web.servlet.i18n.AcceptHeaderLocaleResolver'
15:56:19.910 [Test worker] DEBUG o.s.b.f.s.DefaultListableBeanFactory - Finished creating instance of bean 'org.springframework.web.servlet.i18n.AcceptHeaderLocaleResolver'
15:56:19.910 [Test worker] DEBUG o.s.t.w.s.TestDispatcherServlet - Unable to locate LocaleResolver with name 'localeResolver': using default [org.springframework.web.servlet.i18n.AcceptHeaderLocaleResolver@574d8603]
15:56:19.910 [Test worker] DEBUG o.s.b.f.s.DefaultListableBeanFactory - Creating instance of bean 'org.springframework.web.servlet.theme.FixedThemeResolver'
15:56:19.910 [Test worker] DEBUG o.s.b.f.s.DefaultListableBeanFactory - Finished creating instance of bean 'org.springframework.web.servlet.theme.FixedThemeResolver'
15:56:19.910 [Test worker] DEBUG o.s.t.w.s.TestDispatcherServlet - Unable to locate ThemeResolver with name 'themeResolver': using default [org.springframework.web.servlet.theme.FixedThemeResolver@620ab233]
15:56:19.911 [Test worker] DEBUG o.s.b.f.s.DefaultListableBeanFactory - Returning cached instance of singleton bean 'requestMappingHandlerMapping'
15:56:19.911 [Test worker] DEBUG o.s.b.f.s.DefaultListableBeanFactory - Returning cached instance of singleton bean 'viewControllerHandlerMapping'
15:56:19.911 [Test worker] DEBUG o.s.b.f.s.DefaultListableBeanFactory - Returning cached instance of singleton bean 'beanNameHandlerMapping'
15:56:19.911 [Test worker] DEBUG o.s.b.f.s.DefaultListableBeanFactory - Returning cached instance of singleton bean 'resourceHandlerMapping'
15:56:19.911 [Test worker] DEBUG o.s.b.f.s.DefaultListableBeanFactory - Returning cached instance of singleton bean 'defaultServletHandlerMapping'
15:56:19.911 [Test worker] DEBUG o.s.b.f.s.DefaultListableBeanFactory - Returning cached instance of singleton bean 'faviconHandlerMapping'
15:56:19.911 [Test worker] DEBUG o.s.b.f.s.DefaultListableBeanFactory - Returning cached instance of singleton bean 'requestMappingHandlerAdapter'
15:56:19.911 [Test worker] DEBUG o.s.b.f.s.DefaultListableBeanFactory - Returning cached instance of singleton bean 'httpRequestHandlerAdapter'
15:56:19.911 [Test worker] DEBUG o.s.b.f.s.DefaultListableBeanFactory - Returning cached instance of singleton bean 'simpleControllerHandlerAdapter'
15:56:19.912 [Test worker] DEBUG o.s.b.f.s.DefaultListableBeanFactory - Returning cached instance of singleton bean 'errorAttributes'
15:56:19.912 [Test worker] DEBUG o.s.b.f.s.DefaultListableBeanFactory - Returning cached instance of singleton bean 'handlerExceptionResolver'
15:56:19.912 [Test worker] DEBUG o.s.b.f.s.DefaultListableBeanFactory - Creating instance of bean 'org.springframework.web.servlet.view.DefaultRequestToViewNameTranslator'
15:56:19.912 [Test worker] DEBUG o.s.b.f.s.DefaultListableBeanFactory - Finished creating instance of bean 'org.springframework.web.servlet.view.DefaultRequestToViewNameTranslator'
15:56:19.912 [Test worker] DEBUG o.s.t.w.s.TestDispatcherServlet - Unable to locate RequestToViewNameTranslator with name 'viewNameTranslator': using default [org.springframework.web.servlet.view.DefaultRequestToViewNameTranslator@5b095279]
15:56:19.913 [Test worker] DEBUG o.s.b.f.s.DefaultListableBeanFactory - Returning cached instance of singleton bean 'viewResolver'
15:56:19.913 [Test worker] DEBUG o.s.b.f.s.DefaultListableBeanFactory - Returning cached instance of singleton bean 'beanNameViewResolver'
15:56:19.913 [Test worker] DEBUG o.s.b.f.s.DefaultListableBeanFactory - Returning cached instance of singleton bean 'mvcViewResolver'
15:56:19.913 [Test worker] DEBUG o.s.b.f.s.DefaultListableBeanFactory - Creating instance of bean 'org.springframework.web.servlet.support.SessionFlashMapManager'
15:56:19.913 [Test worker] DEBUG o.s.b.f.s.DefaultListableBeanFactory - Finished creating instance of bean 'org.springframework.web.servlet.support.SessionFlashMapManager'
15:56:19.913 [Test worker] DEBUG o.s.t.w.s.TestDispatcherServlet - Unable to locate FlashMapManager with name 'flashMapManager': using default [org.springframework.web.servlet.support.SessionFlashMapManager@25bc1838]
15:56:19.913 [Test worker] DEBUG o.s.t.w.s.TestDispatcherServlet - Published WebApplicationContext of servlet '' as ServletContext attribute with name [org.springframework.web.servlet.FrameworkServlet.CONTEXT.]
15:56:19.913 [Test worker] INFO  o.s.t.w.s.TestDispatcherServlet - FrameworkServlet '': initialization completed in 3 ms
15:56:19.913 [Test worker] DEBUG o.s.t.w.s.TestDispatcherServlet - Servlet '' configured successfully
15:56:19.913 [Test worker] DEBUG o.s.orm.jpa.JpaTransactionManager - Creating new transaction with name [org.springframework.data.jpa.repository.support.SimpleJpaRepository.findAll]: PROPAGATION_REQUIRED,ISOLATION_DEFAULT,readOnly; ''
15:56:19.914 [Test worker] DEBUG o.s.orm.jpa.JpaTransactionManager - Opened new EntityManager [org.hibernate.jpa.internal.EntityManagerImpl@1e7aef12] for JPA transaction
15:56:19.914 [Test worker] DEBUG o.h.e.j.i.LogicalConnectionImpl - Obtaining JDBC connection
15:56:19.914 [Test worker] DEBUG o.s.j.d.DriverManagerDataSource - Creating new JDBC DriverManager Connection to [jdbc:mysql://127.0.0.1:3306/wrp3]
15:56:19.918 [Test worker] DEBUG o.h.e.j.i.LogicalConnectionImpl - Obtained JDBC connection
15:56:19.918 [Test worker] DEBUG o.s.jdbc.datasource.DataSourceUtils - Setting JDBC Connection [com.mysql.jdbc.JDBC4Connection@342e9827] read-only
15:56:19.918 [Test worker] DEBUG o.h.e.t.spi.AbstractTransactionImpl - begin
15:56:19.918 [Test worker] DEBUG o.h.e.t.i.jdbc.JdbcTransaction - initial autocommit status: true
15:56:19.918 [Test worker] DEBUG o.h.e.t.i.jdbc.JdbcTransaction - disabling autocommit
15:56:19.918 [Test worker] DEBUG o.s.orm.jpa.JpaTransactionManager - Exposing JPA transaction as JDBC transaction [org.springframework.orm.jpa.vendor.HibernateJpaDialect$HibernateConnectionHandle@2f8d5b1b]
15:56:19.918 [Test worker] DEBUG o.h.jpa.criteria.CriteriaQueryImpl - Rendered criteria query -> select generatedAlias0 from User as generatedAlias0
15:56:19.918 [Test worker] DEBUG org.hibernate.SQL - select user0_.id as id1_8_, user0_.login as login2_8_, user0_.password as password3_8_, user0_1_.role_id as role_id1_7_ from users user0_ left outer join user_roles user0_1_ on user0_.id=user0_1_.user_id
15:56:19.919 [Test worker] DEBUG org.hibernate.loader.Loader - Result set row: 0
15:56:19.919 [Test worker] DEBUG org.hibernate.loader.Loader - Result row: EntityKey[sciConsole.domain.User#25]
15:56:19.919 [Test worker] DEBUG org.hibernate.loader.Loader - Result set row: 1
15:56:19.919 [Test worker] DEBUG org.hibernate.loader.Loader - Result row: EntityKey[sciConsole.domain.User#26]
15:56:19.919 [Test worker] DEBUG o.h.engine.internal.TwoPhaseLoad - Resolving associations for [sciConsole.domain.User#25]
15:56:19.920 [Test worker] DEBUG org.hibernate.SQL - select role0_.id as id1_4_0_, role0_.role as role2_4_0_ from roles role0_ where role0_.id=?
15:56:19.920 [Test worker] DEBUG o.h.l.p.e.p.i.ResultSetProcessorImpl - Starting ResultSet row #0
15:56:19.920 [Test worker] DEBUG o.h.l.p.e.p.i.EntityReferenceInitializerImpl - On call to EntityIdentifierReaderImpl#resolve, EntityKey was already known; should only happen on root returns with an optional identifier specified
15:56:19.920 [Test worker] DEBUG o.h.engine.internal.TwoPhaseLoad - Resolving associations for [sciConsole.domain.Role#2]
15:56:19.920 [Test worker] DEBUG o.h.engine.internal.TwoPhaseLoad - Done materializing entity [sciConsole.domain.Role#2]
15:56:19.921 [Test worker] DEBUG o.h.l.e.p.AbstractLoadPlanBasedEntityLoader - Done entity load : sciConsole.domain.Role#2
15:56:19.921 [Test worker] DEBUG o.h.engine.internal.TwoPhaseLoad - Done materializing entity [sciConsole.domain.User#25]
15:56:19.921 [Test worker] DEBUG o.h.engine.internal.TwoPhaseLoad - Resolving associations for [sciConsole.domain.User#26]
15:56:19.921 [Test worker] DEBUG org.hibernate.SQL - select role0_.id as id1_4_0_, role0_.role as role2_4_0_ from roles role0_ where role0_.id=?
15:56:19.921 [Test worker] DEBUG o.h.l.p.e.p.i.ResultSetProcessorImpl - Starting ResultSet row #0
15:56:19.921 [Test worker] DEBUG o.h.l.p.e.p.i.EntityReferenceInitializerImpl - On call to EntityIdentifierReaderImpl#resolve, EntityKey was already known; should only happen on root returns with an optional identifier specified
15:56:19.921 [Test worker] DEBUG o.h.engine.internal.TwoPhaseLoad - Resolving associations for [sciConsole.domain.Role#1]
15:56:19.921 [Test worker] DEBUG o.h.engine.internal.TwoPhaseLoad - Done materializing entity [sciConsole.domain.Role#1]
15:56:19.922 [Test worker] DEBUG o.h.l.e.p.AbstractLoadPlanBasedEntityLoader - Done entity load : sciConsole.domain.Role#1
15:56:19.922 [Test worker] DEBUG o.h.engine.internal.TwoPhaseLoad - Done materializing entity [sciConsole.domain.User#26]
15:56:19.922 [Test worker] DEBUG o.s.orm.jpa.JpaTransactionManager - Initiating transaction commit
15:56:19.922 [Test worker] DEBUG o.s.orm.jpa.JpaTransactionManager - Committing JPA transaction on EntityManager [org.hibernate.jpa.internal.EntityManagerImpl@1e7aef12]
15:56:19.922 [Test worker] DEBUG o.h.e.t.spi.AbstractTransactionImpl - committing
15:56:19.922 [Test worker] DEBUG o.h.e.t.i.jdbc.JdbcTransaction - committed JDBC Connection
15:56:19.922 [Test worker] DEBUG o.h.e.t.i.jdbc.JdbcTransaction - re-enabling autocommit
15:56:19.923 [Test worker] DEBUG o.s.jdbc.datasource.DataSourceUtils - Resetting read-only flag of JDBC Connection [com.mysql.jdbc.JDBC4Connection@342e9827]
15:56:19.923 [Test worker] DEBUG o.s.orm.jpa.JpaTransactionManager - Closing JPA EntityManager [org.hibernate.jpa.internal.EntityManagerImpl@1e7aef12] after transaction
15:56:19.923 [Test worker] DEBUG o.s.o.jpa.EntityManagerFactoryUtils - Closing JPA EntityManager
15:56:19.923 [Test worker] DEBUG o.h.e.j.i.LogicalConnectionImpl - Releasing JDBC connection
15:56:19.923 [Test worker] DEBUG o.h.e.j.i.LogicalConnectionImpl - Released JDBC connection
15:56:19.923 [Test worker] DEBUG o.s.orm.jpa.JpaTransactionManager - Creating new transaction with name [org.springframework.data.jpa.repository.support.SimpleJpaRepository.findAll]: PROPAGATION_REQUIRED,ISOLATION_DEFAULT,readOnly; ''
15:56:19.923 [Test worker] DEBUG o.s.orm.jpa.JpaTransactionManager - Opened new EntityManager [org.hibernate.jpa.internal.EntityManagerImpl@f726d26] for JPA transaction
15:56:19.923 [Test worker] DEBUG o.h.e.j.i.LogicalConnectionImpl - Obtaining JDBC connection
15:56:19.923 [Test worker] DEBUG o.s.j.d.DriverManagerDataSource - Creating new JDBC DriverManager Connection to [jdbc:mysql://127.0.0.1:3306/wrp3]
15:56:19.927 [Test worker] DEBUG o.h.e.j.i.LogicalConnectionImpl - Obtained JDBC connection
15:56:19.927 [Test worker] DEBUG o.s.jdbc.datasource.DataSourceUtils - Setting JDBC Connection [com.mysql.jdbc.JDBC4Connection@5693aff8] read-only
15:56:19.927 [Test worker] DEBUG o.h.e.t.spi.AbstractTransactionImpl - begin
15:56:19.927 [Test worker] DEBUG o.h.e.t.i.jdbc.JdbcTransaction - initial autocommit status: true
15:56:19.927 [Test worker] DEBUG o.h.e.t.i.jdbc.JdbcTransaction - disabling autocommit
15:56:19.927 [Test worker] DEBUG o.s.orm.jpa.JpaTransactionManager - Exposing JPA transaction as JDBC transaction [org.springframework.orm.jpa.vendor.HibernateJpaDialect$HibernateConnectionHandle@32ef5e71]
15:56:19.927 [Test worker] DEBUG o.h.jpa.criteria.CriteriaQueryImpl - Rendered criteria query -> select generatedAlias0 from Role as generatedAlias0
15:56:19.928 [Test worker] DEBUG org.hibernate.SQL - select role0_.id as id1_4_, role0_.role as role2_4_ from roles role0_
15:56:19.928 [Test worker] DEBUG org.hibernate.loader.Loader - Result set row: 0
15:56:19.928 [Test worker] DEBUG org.hibernate.loader.Loader - Result row: EntityKey[sciConsole.domain.Role#1]
15:56:19.928 [Test worker] DEBUG org.hibernate.loader.Loader - Result set row: 1
15:56:19.929 [Test worker] DEBUG org.hibernate.loader.Loader - Result row: EntityKey[sciConsole.domain.Role#2]
15:56:19.929 [Test worker] DEBUG o.h.engine.internal.TwoPhaseLoad - Resolving associations for [sciConsole.domain.Role#1]
15:56:19.929 [Test worker] DEBUG o.h.engine.internal.TwoPhaseLoad - Done materializing entity [sciConsole.domain.Role#1]
15:56:19.929 [Test worker] DEBUG o.h.engine.internal.TwoPhaseLoad - Resolving associations for [sciConsole.domain.Role#2]
15:56:19.929 [Test worker] DEBUG o.h.engine.internal.TwoPhaseLoad - Done materializing entity [sciConsole.domain.Role#2]
15:56:19.929 [Test worker] DEBUG o.s.orm.jpa.JpaTransactionManager - Initiating transaction commit
15:56:19.929 [Test worker] DEBUG o.s.orm.jpa.JpaTransactionManager - Committing JPA transaction on EntityManager [org.hibernate.jpa.internal.EntityManagerImpl@f726d26]
15:56:19.929 [Test worker] DEBUG o.h.e.t.spi.AbstractTransactionImpl - committing
15:56:19.930 [Test worker] DEBUG o.h.e.t.i.jdbc.JdbcTransaction - committed JDBC Connection
15:56:19.930 [Test worker] DEBUG o.h.e.t.i.jdbc.JdbcTransaction - re-enabling autocommit
15:56:19.930 [Test worker] DEBUG o.s.jdbc.datasource.DataSourceUtils - Resetting read-only flag of JDBC Connection [com.mysql.jdbc.JDBC4Connection@5693aff8]
15:56:19.930 [Test worker] DEBUG o.s.orm.jpa.JpaTransactionManager - Closing JPA EntityManager [org.hibernate.jpa.internal.EntityManagerImpl@f726d26] after transaction
15:56:19.930 [Test worker] DEBUG o.s.o.jpa.EntityManagerFactoryUtils - Closing JPA EntityManager
15:56:19.930 [Test worker] DEBUG o.h.e.j.i.LogicalConnectionImpl - Releasing JDBC connection
15:56:19.930 [Test worker] DEBUG o.h.e.j.i.LogicalConnectionImpl - Released JDBC connection

  @security
  Scenario Outline: authorization                                               ?[90m# Authorization.feature:29?[0m
    ?[32mGiven ?[0m?[32mI am a "?[0m?[32m?[1mDEVELOPER?[0m?[32m" role with username "?[0m?[32m?[1mAlice?[0m?[32m" and password "?[0m?[32m?[1mpassword?[0m?[32m"?[0m ?[90m# AuthorizationStepDefs.i_am_a_role_with_username_and_password(String,String,String)?[0m
    ?[32mWhen ?[0m?[32mI access a "?[0m?[32m?[1m/assess-change-request?[0m?[32m"?[0m                                    ?[90m# AuthorizationStepDefs.i_access_a(String)?[0m
    ?[32mThen ?[0m?[32mMy authentication is then false with role "?[0m?[32m?[1mDEVELOPER?[0m?[32m"?[0m                  ?[90m# AuthorizationStepDefs.my_authentication_is_then_false_with_role(String)?[0m
]]></system-out>
  <system-err><![CDATA[]]></system-err>
</testsuite>
