<?xml version="1.0" encoding="UTF-8"?>
<testsuite name="sciConsole.SciConsoleApplicationTests" tests="0" skipped="0" failures="0" errors="0" timestamp="1970-01-01T00:00:00" hostname="ELITEBOOK" time="0.0">
  <properties/>
  <system-out><![CDATA[Feature: Assess change request
  In order to either approve or reject change requests
  As a project manager
  I want to revise change requests
15:56:17.398 [Test worker] DEBUG o.s.o.j.SharedEntityManagerCreator$SharedEntityManagerInvocationHandler - Creating new EntityManager for shared EntityManager invocation
15:56:17.398 [Test worker] DEBUG o.h.jpa.criteria.CriteriaQueryImpl - Rendered criteria query -> select generatedAlias0 from User as generatedAlias0 where generatedAlias0.login=:param0
15:56:17.398 [Test worker] DEBUG o.h.h.i.ast.QueryTranslatorImpl - parse() - HQL: select generatedAlias0 from sciConsole.domain.User as generatedAlias0 where generatedAlias0.login=:param0
15:56:17.402 [Test worker] DEBUG o.h.h.i.ast.QueryTranslatorImpl - --- HQL AST ---
 \-[QUERY] Node: 'query'
    +-[SELECT_FROM] Node: 'SELECT_FROM'
    |  +-[FROM] Node: 'from'
    |  |  \-[RANGE] Node: 'RANGE'
    |  |     +-[DOT] Node: '.'
    |  |     |  +-[DOT] Node: '.'
    |  |     |  |  +-[IDENT] Node: 'sciConsole'
    |  |     |  |  \-[IDENT] Node: 'domain'
    |  |     |  \-[IDENT] Node: 'User'
    |  |     \-[ALIAS] Node: 'generatedAlias0'
    |  \-[SELECT] Node: 'select'
    |     \-[IDENT] Node: 'generatedAlias0'
    \-[WHERE] Node: 'where'
       \-[EQ] Node: '='
          +-[DOT] Node: '.'
          |  +-[IDENT] Node: 'generatedAlias0'
          |  \-[IDENT] Node: 'login'
          \-[COLON] Node: ':'
             \-[IDENT] Node: 'param0'

15:56:17.402 [Test worker] DEBUG o.h.hql.internal.ast.ErrorCounter - throwQueryException() : no errors
15:56:17.402 [Test worker] DEBUG o.h.h.i.antlr.HqlSqlBaseWalker - select << begin [level=1, statement=select]
15:56:17.403 [Test worker] DEBUG o.h.h.internal.ast.tree.FromElement - FromClause{level=1} : sciConsole.domain.User (generatedAlias0) -> user0_
15:56:17.403 [Test worker] DEBUG o.h.h.i.ast.tree.FromReferenceNode - Resolved : generatedAlias0 -> user0_.id
15:56:17.403 [Test worker] DEBUG o.h.h.i.ast.tree.FromReferenceNode - Resolved : generatedAlias0 -> user0_.id
15:56:17.403 [Test worker] DEBUG o.h.hql.internal.ast.tree.DotNode - getDataType() : login -> org.hibernate.type.StringType@5d58f8d8
15:56:17.403 [Test worker] DEBUG o.h.h.i.ast.tree.FromReferenceNode - Resolved : generatedAlias0.login -> user0_.login
15:56:17.404 [Test worker] DEBUG o.h.h.i.antlr.HqlSqlBaseWalker - select : finishing up [level=1, statement=select]
15:56:17.404 [Test worker] DEBUG o.h.hql.internal.ast.HqlSqlWalker - processQuery() :  ( SELECT ( {select clause} user0_.id ) ( FromClause{level=1} users user0_ ) ( where ( = ( user0_.login user0_.id login ) ? ) ) )
15:56:17.404 [Test worker] DEBUG o.h.h.i.ast.util.JoinProcessor - Using FROM fragment [users user0_ left outer join user_roles user0_1_ on user0_.id=user0_1_.user_id]
15:56:17.404 [Test worker] DEBUG o.h.h.i.antlr.HqlSqlBaseWalker - select >> end [level=1, statement=select]
15:56:17.405 [Test worker] DEBUG o.h.h.i.ast.QueryTranslatorImpl - --- SQL AST ---
 \-[SELECT] QueryNode: 'SELECT'  querySpaces (user_roles,users)
    +-[SELECT_CLAUSE] SelectClause: '{select clause}'
    |  +-[ALIAS_REF] IdentNode: 'user0_.id as id1_8_' {alias=generatedAlias0, className=sciConsole.domain.User, tableAlias=user0_}
    |  \-[SQL_TOKEN] SqlFragment: 'user0_.login as login2_8_, user0_.password as password3_8_, user0_1_.role_id as role_id1_7_'
    +-[FROM] FromClause: 'from' FromClause{level=1, fromElementCounter=1, fromElements=1, fromElementByClassAlias=[generatedAlias0], fromElementByTableAlias=[user0_], fromElementsByPath=[], collectionJoinFromElementsByPath=[], impliedElements=[]}
    |  \-[FROM_FRAGMENT] FromElement: 'users user0_ left outer join user_roles user0_1_ on user0_.id=user0_1_.user_id' FromElement{explicit,not a collection join,not a fetch join,fetch non-lazy properties,classAlias=generatedAlias0,role=null,tableName=users,tableAlias=user0_,origin=null,columns={,className=sciConsole.domain.User}}
    \-[WHERE] SqlNode: 'where'
       \-[EQ] BinaryLogicOperatorNode: '='
          +-[DOT] DotNode: 'user0_.login' {propertyName=login,dereferenceType=PRIMITIVE,getPropertyPath=login,path=generatedAlias0.login,tableAlias=user0_,className=sciConsole.domain.User,classAlias=generatedAlias0}
          |  +-[ALIAS_REF] IdentNode: 'user0_.id' {alias=generatedAlias0, className=sciConsole.domain.User, tableAlias=user0_}
          |  \-[IDENT] IdentNode: 'login' {originalText=login}
          \-[NAMED_PARAM] ParameterNode: '?' {name=param0, expectedType=org.hibernate.type.StringType@5d58f8d8}

15:56:17.405 [Test worker] DEBUG o.h.hql.internal.ast.ErrorCounter - throwQueryException() : no errors
15:56:17.405 [Test worker] DEBUG o.h.h.i.ast.QueryTranslatorImpl - HQL: select generatedAlias0 from sciConsole.domain.User as generatedAlias0 where generatedAlias0.login=:param0
15:56:17.405 [Test worker] DEBUG o.h.h.i.ast.QueryTranslatorImpl - SQL: select user0_.id as id1_8_, user0_.login as login2_8_, user0_.password as password3_8_, user0_1_.role_id as role_id1_7_ from users user0_ left outer join user_roles user0_1_ on user0_.id=user0_1_.user_id where user0_.login=?
15:56:17.405 [Test worker] DEBUG o.h.hql.internal.ast.ErrorCounter - throwQueryException() : no errors
15:56:17.416 [Test worker] DEBUG org.hibernate.SQL - select user0_.id as id1_8_, user0_.login as login2_8_, user0_.password as password3_8_, user0_1_.role_id as role_id1_7_ from users user0_ left outer join user_roles user0_1_ on user0_.id=user0_1_.user_id where user0_.login=?
15:56:17.416 [Test worker] DEBUG o.h.e.j.i.LogicalConnectionImpl - Obtaining JDBC connection
15:56:17.416 [Test worker] DEBUG o.s.j.d.DriverManagerDataSource - Creating new JDBC DriverManager Connection to [jdbc:mysql://127.0.0.1:3306/wrp3]
15:56:17.422 [Test worker] DEBUG o.h.e.j.i.LogicalConnectionImpl - Obtained JDBC connection
15:56:17.423 [Test worker] DEBUG org.hibernate.loader.Loader - Result set row: 0
15:56:17.423 [Test worker] DEBUG org.hibernate.loader.Loader - Result row: EntityKey[sciConsole.domain.User#1]
15:56:17.423 [Test worker] DEBUG o.h.engine.internal.TwoPhaseLoad - Resolving associations for [sciConsole.domain.User#1]
15:56:17.423 [Test worker] DEBUG org.hibernate.SQL - select role0_.id as id1_4_0_, role0_.role as role2_4_0_ from roles role0_ where role0_.id=?
15:56:17.424 [Test worker] DEBUG o.h.l.p.e.p.i.ResultSetProcessorImpl - Starting ResultSet row #0
15:56:17.424 [Test worker] DEBUG o.h.l.p.e.p.i.EntityReferenceInitializerImpl - On call to EntityIdentifierReaderImpl#resolve, EntityKey was already known; should only happen on root returns with an optional identifier specified
15:56:17.425 [Test worker] DEBUG o.h.engine.internal.TwoPhaseLoad - Resolving associations for [sciConsole.domain.Role#2]
15:56:17.425 [Test worker] DEBUG o.h.engine.internal.TwoPhaseLoad - Done materializing entity [sciConsole.domain.Role#2]
15:56:17.425 [Test worker] DEBUG o.h.l.e.p.AbstractLoadPlanBasedEntityLoader - Done entity load : sciConsole.domain.Role#2
15:56:17.426 [Test worker] DEBUG o.h.engine.internal.TwoPhaseLoad - Done materializing entity [sciConsole.domain.User#1]
15:56:17.426 [Test worker] DEBUG o.s.o.jpa.EntityManagerFactoryUtils - Closing JPA EntityManager
15:56:17.426 [Test worker] DEBUG o.h.e.j.i.LogicalConnectionImpl - Releasing JDBC connection
15:56:17.426 [Test worker] DEBUG o.h.e.j.i.LogicalConnectionImpl - Released JDBC connection
15:56:17.428 [Test worker] DEBUG o.s.t.w.s.TestDispatcherServlet - DispatcherServlet with name '' processing GET request for [/update-pending-requests]
15:56:17.428 [Test worker] DEBUG o.s.w.s.m.m.a.RequestMappingHandlerMapping - Looking up handler method for path /update-pending-requests
15:56:17.428 [Test worker] DEBUG o.s.w.s.m.m.a.RequestMappingHandlerMapping - Returning handler method [public org.springframework.web.servlet.ModelAndView sciConsole.controller.ChangeRequestController.updatePending(javax.servlet.http.HttpServletRequest,java.lang.Integer,java.lang.Integer,java.lang.String,java.lang.Integer,java.lang.String,java.lang.String)]
15:56:17.428 [Test worker] DEBUG o.s.b.f.s.DefaultListableBeanFactory - Returning cached instance of singleton bean 'changeRequestController'
15:56:17.428 [Test worker] DEBUG o.s.t.w.s.TestDispatcherServlet - Last-Modified value for [/update-pending-requests] is: -1
15:56:17.428 [Test worker] DEBUG o.s.o.j.s.OpenEntityManagerInViewInterceptor - Opening JPA EntityManager in OpenEntityManagerInViewInterceptor
15:56:17.442 [Test worker] DEBUG o.h.jpa.criteria.CriteriaQueryImpl - Rendered criteria query -> select generatedAlias0 from Request as generatedAlias0 where generatedAlias0.id=:param0
15:56:17.443 [Test worker] DEBUG o.h.h.i.ast.QueryTranslatorImpl - parse() - HQL: select generatedAlias0 from sciConsole.domain.Request as generatedAlias0 where generatedAlias0.id=:param0
15:56:17.446 [Test worker] DEBUG o.h.h.i.ast.QueryTranslatorImpl - --- HQL AST ---
 \-[QUERY] Node: 'query'
    +-[SELECT_FROM] Node: 'SELECT_FROM'
    |  +-[FROM] Node: 'from'
    |  |  \-[RANGE] Node: 'RANGE'
    |  |     +-[DOT] Node: '.'
    |  |     |  +-[DOT] Node: '.'
    |  |     |  |  +-[IDENT] Node: 'sciConsole'
    |  |     |  |  \-[IDENT] Node: 'domain'
    |  |     |  \-[IDENT] Node: 'Request'
    |  |     \-[ALIAS] Node: 'generatedAlias0'
    |  \-[SELECT] Node: 'select'
    |     \-[IDENT] Node: 'generatedAlias0'
    \-[WHERE] Node: 'where'
       \-[EQ] Node: '='
          +-[DOT] Node: '.'
          |  +-[IDENT] Node: 'generatedAlias0'
          |  \-[IDENT] Node: 'id'
          \-[COLON] Node: ':'
             \-[IDENT] Node: 'param0'

15:56:17.446 [Test worker] DEBUG o.h.hql.internal.ast.ErrorCounter - throwQueryException() : no errors
15:56:17.447 [Test worker] DEBUG o.h.h.i.antlr.HqlSqlBaseWalker - select << begin [level=1, statement=select]
15:56:17.447 [Test worker] DEBUG o.h.h.internal.ast.tree.FromElement - FromClause{level=1} : sciConsole.domain.Request (generatedAlias0) -> request0_
15:56:17.447 [Test worker] DEBUG o.h.h.i.ast.tree.FromReferenceNode - Resolved : generatedAlias0 -> request0_.request_id
15:56:17.447 [Test worker] DEBUG o.h.h.i.ast.tree.FromReferenceNode - Resolved : generatedAlias0 -> request0_.request_id
15:56:17.447 [Test worker] DEBUG o.h.hql.internal.ast.tree.DotNode - getDataType() : id -> org.hibernate.type.IntegerType@35ccb212
15:56:17.448 [Test worker] DEBUG o.h.h.i.ast.tree.FromReferenceNode - Resolved : generatedAlias0.id -> request0_.request_id
15:56:17.448 [Test worker] DEBUG o.h.h.i.antlr.HqlSqlBaseWalker - select : finishing up [level=1, statement=select]
15:56:17.448 [Test worker] DEBUG o.h.hql.internal.ast.HqlSqlWalker - processQuery() :  ( SELECT ( {select clause} request0_.request_id ) ( FromClause{level=1} request request0_ ) ( where ( = ( request0_.request_id request0_.request_id id ) ? ) ) )
15:56:17.448 [Test worker] DEBUG o.h.h.i.ast.util.JoinProcessor - Using FROM fragment [request request0_]
15:56:17.448 [Test worker] DEBUG o.h.h.i.antlr.HqlSqlBaseWalker - select >> end [level=1, statement=select]
15:56:17.449 [Test worker] DEBUG o.h.h.i.ast.QueryTranslatorImpl - --- SQL AST ---
 \-[SELECT] QueryNode: 'SELECT'  querySpaces (request)
    +-[SELECT_CLAUSE] SelectClause: '{select clause}'
    |  +-[ALIAS_REF] IdentNode: 'request0_.request_id as request_1_3_' {alias=generatedAlias0, className=sciConsole.domain.Request, tableAlias=request0_}
    |  \-[SQL_TOKEN] SqlFragment: 'request0_.assign_to as assign_t2_3_, request0_.created_by as created_3_3_, request0_.date_created as date_cre4_3_, request0_.date_complete as date_com5_3_, request0_.due_date as due_date6_3_, request0_.priority as priority7_3_, request0_.reject_reason as reject_r8_3_, request0_.req_desc as req_desc9_3_, request0_.req_solution as req_sol10_3_, request0_.sci_id as sci_id11_3_, request0_.status as status12_3_, request0_.assigned_to as assigne13_3_, request0_.version_id as version14_3_'
    +-[FROM] FromClause: 'from' FromClause{level=1, fromElementCounter=1, fromElements=1, fromElementByClassAlias=[generatedAlias0], fromElementByTableAlias=[request0_], fromElementsByPath=[], collectionJoinFromElementsByPath=[], impliedElements=[]}
    |  \-[FROM_FRAGMENT] FromElement: 'request request0_' FromElement{explicit,not a collection join,not a fetch join,fetch non-lazy properties,classAlias=generatedAlias0,role=null,tableName=request,tableAlias=request0_,origin=null,columns={,className=sciConsole.domain.Request}}
    \-[WHERE] SqlNode: 'where'
       \-[EQ] BinaryLogicOperatorNode: '='
          +-[DOT] DotNode: 'request0_.request_id' {propertyName=id,dereferenceType=PRIMITIVE,getPropertyPath=id,path=generatedAlias0.id,tableAlias=request0_,className=sciConsole.domain.Request,classAlias=generatedAlias0}
          |  +-[ALIAS_REF] IdentNode: 'request0_.request_id' {alias=generatedAlias0, className=sciConsole.domain.Request, tableAlias=request0_}
          |  \-[IDENT] IdentNode: 'id' {originalText=id}
          \-[NAMED_PARAM] ParameterNode: '?' {name=param0, expectedType=org.hibernate.type.IntegerType@35ccb212}

15:56:17.449 [Test worker] DEBUG o.h.hql.internal.ast.ErrorCounter - throwQueryException() : no errors
15:56:17.449 [Test worker] DEBUG o.h.h.i.ast.QueryTranslatorImpl - HQL: select generatedAlias0 from sciConsole.domain.Request as generatedAlias0 where generatedAlias0.id=:param0
15:56:17.449 [Test worker] DEBUG o.h.h.i.ast.QueryTranslatorImpl - SQL: select request0_.request_id as request_1_3_, request0_.assign_to as assign_t2_3_, request0_.created_by as created_3_3_, request0_.date_created as date_cre4_3_, request0_.date_complete as date_com5_3_, request0_.due_date as due_date6_3_, request0_.priority as priority7_3_, request0_.reject_reason as reject_r8_3_, request0_.req_desc as req_desc9_3_, request0_.req_solution as req_sol10_3_, request0_.sci_id as sci_id11_3_, request0_.status as status12_3_, request0_.assigned_to as assigne13_3_, request0_.version_id as version14_3_ from request request0_ where request0_.request_id=?
15:56:17.449 [Test worker] DEBUG o.h.hql.internal.ast.ErrorCounter - throwQueryException() : no errors
15:56:17.450 [Test worker] DEBUG org.hibernate.SQL - select request0_.request_id as request_1_3_, request0_.assign_to as assign_t2_3_, request0_.created_by as created_3_3_, request0_.date_created as date_cre4_3_, request0_.date_complete as date_com5_3_, request0_.due_date as due_date6_3_, request0_.priority as priority7_3_, request0_.reject_reason as reject_r8_3_, request0_.req_desc as req_desc9_3_, request0_.req_solution as req_sol10_3_, request0_.sci_id as sci_id11_3_, request0_.status as status12_3_, request0_.assigned_to as assigne13_3_, request0_.version_id as version14_3_ from request request0_ where request0_.request_id=?
15:56:17.450 [Test worker] DEBUG o.h.e.j.i.LogicalConnectionImpl - Obtaining JDBC connection
15:56:17.450 [Test worker] DEBUG o.s.j.d.DriverManagerDataSource - Creating new JDBC DriverManager Connection to [jdbc:mysql://127.0.0.1:3306/wrp3]
15:56:17.456 [Test worker] DEBUG o.h.e.j.i.LogicalConnectionImpl - Obtained JDBC connection
15:56:17.457 [Test worker] DEBUG org.hibernate.loader.Loader - Result set row: 0
15:56:17.457 [Test worker] DEBUG org.hibernate.loader.Loader - Result row: EntityKey[sciConsole.domain.Request#1]
15:56:17.458 [Test worker] DEBUG o.h.engine.internal.TwoPhaseLoad - Resolving associations for [sciConsole.domain.Request#1]
15:56:17.458 [Test worker] DEBUG o.h.engine.internal.TwoPhaseLoad - Done materializing entity [sciConsole.domain.Request#1]
15:56:17.459 [Test worker] DEBUG o.s.orm.jpa.JpaTransactionManager - Found thread-bound EntityManager [org.hibernate.jpa.internal.EntityManagerImpl@7dd0af34] for JPA transaction
15:56:17.459 [Test worker] DEBUG o.s.orm.jpa.JpaTransactionManager - Creating new transaction with name [org.springframework.data.jpa.repository.support.SimpleJpaRepository.save]: PROPAGATION_REQUIRED,ISOLATION_DEFAULT; ''
15:56:17.459 [Test worker] DEBUG o.h.e.t.spi.AbstractTransactionImpl - begin
15:56:17.459 [Test worker] DEBUG o.h.e.t.i.jdbc.JdbcTransaction - initial autocommit status: true
15:56:17.459 [Test worker] DEBUG o.h.e.t.i.jdbc.JdbcTransaction - disabling autocommit
15:56:17.459 [Test worker] DEBUG o.s.orm.jpa.JpaTransactionManager - Exposing JPA transaction as JDBC transaction [org.springframework.orm.jpa.vendor.HibernateJpaDialect$HibernateConnectionHandle@36a4706f]
15:56:17.462 [Test worker] DEBUG o.h.e.i.DefaultMergeEventListener - EntityCopyObserver strategy: disallow
15:56:17.465 [Test worker] DEBUG o.s.orm.jpa.JpaTransactionManager - Initiating transaction commit
15:56:17.465 [Test worker] DEBUG o.s.orm.jpa.JpaTransactionManager - Committing JPA transaction on EntityManager [org.hibernate.jpa.internal.EntityManagerImpl@7dd0af34]
15:56:17.465 [Test worker] DEBUG o.h.e.t.spi.AbstractTransactionImpl - committing
15:56:17.465 [Test worker] DEBUG o.h.e.i.AbstractFlushingEventListener - Processing flush-time cascades
15:56:17.465 [Test worker] DEBUG o.h.e.i.AbstractFlushingEventListener - Dirty checking collections
15:56:17.467 [Test worker] DEBUG o.h.e.i.AbstractFlushingEventListener - Flushed: 0 insertions, 1 updates, 0 deletions to 1 objects
15:56:17.467 [Test worker] DEBUG o.h.e.i.AbstractFlushingEventListener - Flushed: 0 (re)creations, 0 updates, 0 removals to 0 collections
15:56:17.467 [Test worker] DEBUG o.h.internal.util.EntityPrinter - Listing entities:
15:56:17.468 [Test worker] DEBUG o.h.internal.util.EntityPrinter - sciConsole.domain.Request{date=2016-01-11 15:56:17.0, dueDate=Sat Jan 17 00:11:00 GMT 2015, priority=high, type=1, versionId=1, rejectReason=null, createdBy=1, dateComplete=null, reqDesc=Test Description, sciId=1, reqSolution=Test Solution, id=1, assignTo=1, status=1}
15:56:17.483 [Test worker] DEBUG org.hibernate.SQL - update request set assign_to=?, created_by=?, date_created=?, date_complete=?, due_date=?, priority=?, reject_reason=?, req_desc=?, req_solution=?, sci_id=?, status=?, assigned_to=?, version_id=? where request_id=?
15:56:17.489 [Test worker] DEBUG o.h.e.t.i.jdbc.JdbcTransaction - committed JDBC Connection
15:56:17.489 [Test worker] DEBUG o.h.e.t.i.jdbc.JdbcTransaction - re-enabling autocommit
15:56:17.490 [Test worker] DEBUG o.s.orm.jpa.JpaTransactionManager - Not closing pre-bound JPA EntityManager after transaction
15:56:17.490 [Test worker] DEBUG o.s.t.w.s.TestDispatcherServlet - Rendering view [org.springframework.web.servlet.view.JstlView: name 'return-pending-requests'; URL [/WEB-INF/views/return-pending-requests.jsp]] in DispatcherServlet with name ''
15:56:17.490 [Test worker] DEBUG o.s.b.f.s.DefaultListableBeanFactory - Returning cached instance of singleton bean 'requestDataValueProcessor'
15:56:17.490 [Test worker] DEBUG o.s.web.servlet.view.JstlView - Forwarding to resource [/WEB-INF/views/return-pending-requests.jsp] in InternalResourceView 'return-pending-requests'
15:56:17.490 [Test worker] DEBUG o.s.mock.web.MockRequestDispatcher - MockRequestDispatcher: forwarding to [/WEB-INF/views/return-pending-requests.jsp]
15:56:17.490 [Test worker] DEBUG o.s.o.j.s.OpenEntityManagerInViewInterceptor - Closing JPA EntityManager in OpenEntityManagerInViewInterceptor
15:56:17.490 [Test worker] DEBUG o.s.o.jpa.EntityManagerFactoryUtils - Closing JPA EntityManager
15:56:17.490 [Test worker] DEBUG o.h.e.j.internal.JdbcCoordinatorImpl - HHH000420: Closing un-released batch
15:56:17.490 [Test worker] DEBUG o.h.e.j.i.LogicalConnectionImpl - Releasing JDBC connection
15:56:17.491 [Test worker] DEBUG o.h.e.j.i.LogicalConnectionImpl - Released JDBC connection
15:56:17.491 [Test worker] DEBUG o.s.t.w.s.TestDispatcherServlet - Successfully completed request
15:56:17.493 [Test worker] DEBUG o.s.o.j.SharedEntityManagerCreator$SharedEntityManagerInvocationHandler - Creating new EntityManager for shared EntityManager invocation
15:56:17.493 [Test worker] DEBUG o.h.jpa.criteria.CriteriaQueryImpl - Rendered criteria query -> select generatedAlias0 from Request as generatedAlias0 where generatedAlias0.id=:param0
15:56:17.494 [Test worker] DEBUG org.hibernate.SQL - select request0_.request_id as request_1_3_, request0_.assign_to as assign_t2_3_, request0_.created_by as created_3_3_, request0_.date_created as date_cre4_3_, request0_.date_complete as date_com5_3_, request0_.due_date as due_date6_3_, request0_.priority as priority7_3_, request0_.reject_reason as reject_r8_3_, request0_.req_desc as req_desc9_3_, request0_.req_solution as req_sol10_3_, request0_.sci_id as sci_id11_3_, request0_.status as status12_3_, request0_.assigned_to as assigne13_3_, request0_.version_id as version14_3_ from request request0_ where request0_.request_id=?
15:56:17.494 [Test worker] DEBUG o.h.e.j.i.LogicalConnectionImpl - Obtaining JDBC connection
15:56:17.494 [Test worker] DEBUG o.s.j.d.DriverManagerDataSource - Creating new JDBC DriverManager Connection to [jdbc:mysql://127.0.0.1:3306/wrp3]
15:56:17.500 [Test worker] DEBUG o.h.e.j.i.LogicalConnectionImpl - Obtained JDBC connection
15:56:17.501 [Test worker] DEBUG org.hibernate.loader.Loader - Result set row: 0
15:56:17.501 [Test worker] DEBUG org.hibernate.loader.Loader - Result row: EntityKey[sciConsole.domain.Request#1]
15:56:17.502 [Test worker] DEBUG o.h.engine.internal.TwoPhaseLoad - Resolving associations for [sciConsole.domain.Request#1]
15:56:17.502 [Test worker] DEBUG o.h.engine.internal.TwoPhaseLoad - Done materializing entity [sciConsole.domain.Request#1]
15:56:17.502 [Test worker] DEBUG o.s.o.jpa.EntityManagerFactoryUtils - Closing JPA EntityManager
15:56:17.502 [Test worker] DEBUG o.h.e.j.i.LogicalConnectionImpl - Releasing JDBC connection
15:56:17.503 [Test worker] DEBUG o.h.e.j.i.LogicalConnectionImpl - Released JDBC connection
15:56:17.504 [Test worker] DEBUG o.s.o.j.SharedEntityManagerCreator$SharedEntityManagerInvocationHandler - Creating new EntityManager for shared EntityManager invocation
15:56:17.505 [Test worker] DEBUG o.h.jpa.criteria.CriteriaQueryImpl - Rendered criteria query -> select generatedAlias0 from Request as generatedAlias0 where generatedAlias0.status=:param0
15:56:17.505 [Test worker] DEBUG org.hibernate.SQL - select request0_.request_id as request_1_3_, request0_.assign_to as assign_t2_3_, request0_.created_by as created_3_3_, request0_.date_created as date_cre4_3_, request0_.date_complete as date_com5_3_, request0_.due_date as due_date6_3_, request0_.priority as priority7_3_, request0_.reject_reason as reject_r8_3_, request0_.req_desc as req_desc9_3_, request0_.req_solution as req_sol10_3_, request0_.sci_id as sci_id11_3_, request0_.status as status12_3_, request0_.assigned_to as assigne13_3_, request0_.version_id as version14_3_ from request request0_ where request0_.status=?
15:56:17.505 [Test worker] DEBUG o.h.e.j.i.LogicalConnectionImpl - Obtaining JDBC connection
15:56:17.505 [Test worker] DEBUG o.s.j.d.DriverManagerDataSource - Creating new JDBC DriverManager Connection to [jdbc:mysql://127.0.0.1:3306/wrp3]
15:56:17.510 [Test worker] DEBUG o.h.e.j.i.LogicalConnectionImpl - Obtained JDBC connection
15:56:17.512 [Test worker] DEBUG o.s.o.jpa.EntityManagerFactoryUtils - Closing JPA EntityManager
15:56:17.512 [Test worker] DEBUG o.h.e.j.i.LogicalConnectionImpl - Releasing JDBC connection
15:56:17.512 [Test worker] DEBUG o.h.e.j.i.LogicalConnectionImpl - Released JDBC connection
15:56:17.514 [Test worker] DEBUG o.s.d.r.c.s.TransactionalRepositoryProxyPostProcessor$CustomAnnotationTransactionAttributeSource - Adding transactional method 'deleteAll' with attribute: PROPAGATION_REQUIRED,ISOLATION_DEFAULT; ''
15:56:17.514 [Test worker] DEBUG o.s.orm.jpa.JpaTransactionManager - Creating new transaction with name [org.springframework.data.jpa.repository.support.SimpleJpaRepository.deleteAll]: PROPAGATION_REQUIRED,ISOLATION_DEFAULT; ''
15:56:17.514 [Test worker] DEBUG o.s.orm.jpa.JpaTransactionManager - Opened new EntityManager [org.hibernate.jpa.internal.EntityManagerImpl@45ad7506] for JPA transaction
15:56:17.515 [Test worker] DEBUG o.h.e.t.spi.AbstractTransactionImpl - begin
15:56:17.515 [Test worker] DEBUG o.h.e.j.i.LogicalConnectionImpl - Obtaining JDBC connection
15:56:17.515 [Test worker] DEBUG o.s.j.d.DriverManagerDataSource - Creating new JDBC DriverManager Connection to [jdbc:mysql://127.0.0.1:3306/wrp3]
15:56:17.520 [Test worker] DEBUG o.h.e.j.i.LogicalConnectionImpl - Obtained JDBC connection
15:56:17.520 [Test worker] DEBUG o.h.e.t.i.jdbc.JdbcTransaction - initial autocommit status: true
15:56:17.520 [Test worker] DEBUG o.h.e.t.i.jdbc.JdbcTransaction - disabling autocommit
15:56:17.520 [Test worker] DEBUG o.s.orm.jpa.JpaTransactionManager - Exposing JPA transaction as JDBC transaction [org.springframework.orm.jpa.vendor.HibernateJpaDialect$HibernateConnectionHandle@3d25308e]
15:56:17.521 [Test worker] DEBUG o.h.jpa.criteria.CriteriaQueryImpl - Rendered criteria query -> select generatedAlias0 from Request as generatedAlias0
15:56:17.521 [Test worker] DEBUG org.hibernate.SQL - select request0_.request_id as request_1_3_, request0_.assign_to as assign_t2_3_, request0_.created_by as created_3_3_, request0_.date_created as date_cre4_3_, request0_.date_complete as date_com5_3_, request0_.due_date as due_date6_3_, request0_.priority as priority7_3_, request0_.reject_reason as reject_r8_3_, request0_.req_desc as req_desc9_3_, request0_.req_solution as req_sol10_3_, request0_.sci_id as sci_id11_3_, request0_.status as status12_3_, request0_.assigned_to as assigne13_3_, request0_.version_id as version14_3_ from request request0_
15:56:17.522 [Test worker] DEBUG org.hibernate.loader.Loader - Result set row: 0
15:56:17.522 [Test worker] DEBUG org.hibernate.loader.Loader - Result row: EntityKey[sciConsole.domain.Request#1]
15:56:17.522 [Test worker] DEBUG o.h.engine.internal.TwoPhaseLoad - Resolving associations for [sciConsole.domain.Request#1]
15:56:17.523 [Test worker] DEBUG o.h.engine.internal.TwoPhaseLoad - Done materializing entity [sciConsole.domain.Request#1]
15:56:17.527 [Test worker] DEBUG o.s.orm.jpa.JpaTransactionManager - Initiating transaction commit
15:56:17.527 [Test worker] DEBUG o.s.orm.jpa.JpaTransactionManager - Committing JPA transaction on EntityManager [org.hibernate.jpa.internal.EntityManagerImpl@45ad7506]
15:56:17.527 [Test worker] DEBUG o.h.e.t.spi.AbstractTransactionImpl - committing
15:56:17.527 [Test worker] DEBUG o.h.e.i.AbstractFlushingEventListener - Processing flush-time cascades
15:56:17.527 [Test worker] DEBUG o.h.e.i.AbstractFlushingEventListener - Dirty checking collections
15:56:17.527 [Test worker] DEBUG o.h.e.i.AbstractFlushingEventListener - Flushed: 0 insertions, 0 updates, 1 deletions to 1 objects
15:56:17.527 [Test worker] DEBUG o.h.e.i.AbstractFlushingEventListener - Flushed: 0 (re)creations, 0 updates, 0 removals to 0 collections
15:56:17.527 [Test worker] DEBUG o.h.internal.util.EntityPrinter - Listing entities:
15:56:17.527 [Test worker] DEBUG o.h.internal.util.EntityPrinter - sciConsole.domain.Request{date=2016-01-11 15:56:17.0, dueDate=2015-01-17 00:11:00.0, priority=high, type=1, versionId=1, rejectReason=null, createdBy=1, dateComplete=null, reqDesc=Test Description, sciId=1, reqSolution=Test Solution, id=1, assignTo=1, status=1}
15:56:17.528 [Test worker] DEBUG org.hibernate.SQL - delete from request where request_id=?
15:56:17.571 [Test worker] DEBUG o.h.e.t.i.jdbc.JdbcTransaction - committed JDBC Connection
15:56:17.571 [Test worker] DEBUG o.h.e.t.i.jdbc.JdbcTransaction - re-enabling autocommit
15:56:17.571 [Test worker] DEBUG o.s.orm.jpa.JpaTransactionManager - Closing JPA EntityManager [org.hibernate.jpa.internal.EntityManagerImpl@45ad7506] after transaction
15:56:17.571 [Test worker] DEBUG o.s.o.jpa.EntityManagerFactoryUtils - Closing JPA EntityManager
15:56:17.571 [Test worker] DEBUG o.h.e.j.internal.JdbcCoordinatorImpl - HHH000420: Closing un-released batch
15:56:17.571 [Test worker] DEBUG o.h.e.j.i.LogicalConnectionImpl - Releasing JDBC connection
15:56:17.571 [Test worker] DEBUG o.h.e.j.i.LogicalConnectionImpl - Released JDBC connection
15:56:17.572 [Test worker] DEBUG o.s.d.r.c.s.TransactionalRepositoryProxyPostProcessor$CustomAnnotationTransactionAttributeSource - Adding transactional method 'save' with attribute: PROPAGATION_REQUIRED,ISOLATION_DEFAULT; ''
15:56:17.572 [Test worker] DEBUG o.s.orm.jpa.JpaTransactionManager - Creating new transaction with name [org.springframework.data.jpa.repository.support.SimpleJpaRepository.save]: PROPAGATION_REQUIRED,ISOLATION_DEFAULT; ''
15:56:17.572 [Test worker] DEBUG o.s.orm.jpa.JpaTransactionManager - Opened new EntityManager [org.hibernate.jpa.internal.EntityManagerImpl@6160bdc1] for JPA transaction
15:56:17.572 [Test worker] DEBUG o.h.e.t.spi.AbstractTransactionImpl - begin
15:56:17.572 [Test worker] DEBUG o.h.e.j.i.LogicalConnectionImpl - Obtaining JDBC connection
15:56:17.572 [Test worker] DEBUG o.s.j.d.DriverManagerDataSource - Creating new JDBC DriverManager Connection to [jdbc:mysql://127.0.0.1:3306/wrp3]
15:56:17.577 [Test worker] DEBUG o.h.e.j.i.LogicalConnectionImpl - Obtained JDBC connection
15:56:17.577 [Test worker] DEBUG o.h.e.t.i.jdbc.JdbcTransaction - initial autocommit status: true
15:56:17.577 [Test worker] DEBUG o.h.e.t.i.jdbc.JdbcTransaction - disabling autocommit
15:56:17.578 [Test worker] DEBUG o.s.orm.jpa.JpaTransactionManager - Exposing JPA transaction as JDBC transaction [org.springframework.orm.jpa.vendor.HibernateJpaDialect$HibernateConnectionHandle@46ce6369]
15:56:17.578 [Test worker] DEBUG o.s.orm.jpa.JpaTransactionManager - Initiating transaction commit
15:56:17.578 [Test worker] DEBUG o.s.orm.jpa.JpaTransactionManager - Committing JPA transaction on EntityManager [org.hibernate.jpa.internal.EntityManagerImpl@6160bdc1]
15:56:17.578 [Test worker] DEBUG o.h.e.t.spi.AbstractTransactionImpl - committing
15:56:17.578 [Test worker] DEBUG o.h.e.t.i.jdbc.JdbcTransaction - committed JDBC Connection
15:56:17.578 [Test worker] DEBUG o.h.e.t.i.jdbc.JdbcTransaction - re-enabling autocommit
15:56:17.579 [Test worker] DEBUG o.s.orm.jpa.JpaTransactionManager - Closing JPA EntityManager [org.hibernate.jpa.internal.EntityManagerImpl@6160bdc1] after transaction
15:56:17.579 [Test worker] DEBUG o.s.o.jpa.EntityManagerFactoryUtils - Closing JPA EntityManager
15:56:17.579 [Test worker] DEBUG o.h.e.j.i.LogicalConnectionImpl - Releasing JDBC connection
15:56:17.579 [Test worker] DEBUG o.h.e.j.i.LogicalConnectionImpl - Released JDBC connection
15:56:17.580 [Test worker] DEBUG o.s.orm.jpa.JpaTransactionManager - Creating new transaction with name [org.springframework.data.jpa.repository.support.SimpleJpaRepository.deleteAll]: PROPAGATION_REQUIRED,ISOLATION_DEFAULT; ''
15:56:17.580 [Test worker] DEBUG o.s.orm.jpa.JpaTransactionManager - Opened new EntityManager [org.hibernate.jpa.internal.EntityManagerImpl@3b2bf3cc] for JPA transaction
15:56:17.580 [Test worker] DEBUG o.h.e.t.spi.AbstractTransactionImpl - begin
15:56:17.580 [Test worker] DEBUG o.h.e.j.i.LogicalConnectionImpl - Obtaining JDBC connection
15:56:17.580 [Test worker] DEBUG o.s.j.d.DriverManagerDataSource - Creating new JDBC DriverManager Connection to [jdbc:mysql://127.0.0.1:3306/wrp3]
15:56:17.585 [Test worker] DEBUG o.h.e.j.i.LogicalConnectionImpl - Obtained JDBC connection
15:56:17.585 [Test worker] DEBUG o.h.e.t.i.jdbc.JdbcTransaction - initial autocommit status: true
15:56:17.585 [Test worker] DEBUG o.h.e.t.i.jdbc.JdbcTransaction - disabling autocommit
15:56:17.585 [Test worker] DEBUG o.s.orm.jpa.JpaTransactionManager - Exposing JPA transaction as JDBC transaction [org.springframework.orm.jpa.vendor.HibernateJpaDialect$HibernateConnectionHandle@6d918386]
15:56:17.585 [Test worker] DEBUG o.h.jpa.criteria.CriteriaQueryImpl - Rendered criteria query -> select generatedAlias0 from Request as generatedAlias0
15:56:17.585 [Test worker] DEBUG org.hibernate.SQL - select request0_.request_id as request_1_3_, request0_.assign_to as assign_t2_3_, request0_.created_by as created_3_3_, request0_.date_created as date_cre4_3_, request0_.date_complete as date_com5_3_, request0_.due_date as due_date6_3_, request0_.priority as priority7_3_, request0_.reject_reason as reject_r8_3_, request0_.req_desc as req_desc9_3_, request0_.req_solution as req_sol10_3_, request0_.sci_id as sci_id11_3_, request0_.status as status12_3_, request0_.assigned_to as assigne13_3_, request0_.version_id as version14_3_ from request request0_
15:56:17.586 [Test worker] DEBUG o.s.orm.jpa.JpaTransactionManager - Initiating transaction commit
15:56:17.587 [Test worker] DEBUG o.s.orm.jpa.JpaTransactionManager - Committing JPA transaction on EntityManager [org.hibernate.jpa.internal.EntityManagerImpl@3b2bf3cc]
15:56:17.587 [Test worker] DEBUG o.h.e.t.spi.AbstractTransactionImpl - committing
15:56:17.587 [Test worker] DEBUG o.h.e.t.i.jdbc.JdbcTransaction - committed JDBC Connection
15:56:17.587 [Test worker] DEBUG o.h.e.t.i.jdbc.JdbcTransaction - re-enabling autocommit
15:56:17.587 [Test worker] DEBUG o.s.orm.jpa.JpaTransactionManager - Closing JPA EntityManager [org.hibernate.jpa.internal.EntityManagerImpl@3b2bf3cc] after transaction
15:56:17.587 [Test worker] DEBUG o.s.o.jpa.EntityManagerFactoryUtils - Closing JPA EntityManager
15:56:17.587 [Test worker] DEBUG o.h.e.j.i.LogicalConnectionImpl - Releasing JDBC connection
15:56:17.587 [Test worker] DEBUG o.h.e.j.i.LogicalConnectionImpl - Released JDBC connection
15:56:17.587 [Test worker] DEBUG o.s.orm.jpa.JpaTransactionManager - Creating new transaction with name [org.springframework.data.jpa.repository.support.SimpleJpaRepository.save]: PROPAGATION_REQUIRED,ISOLATION_DEFAULT; ''
15:56:17.588 [Test worker] DEBUG o.s.orm.jpa.JpaTransactionManager - Opened new EntityManager [org.hibernate.jpa.internal.EntityManagerImpl@39d172a] for JPA transaction
15:56:17.588 [Test worker] DEBUG o.h.e.t.spi.AbstractTransactionImpl - begin
15:56:17.588 [Test worker] DEBUG o.h.e.j.i.LogicalConnectionImpl - Obtaining JDBC connection
15:56:17.588 [Test worker] DEBUG o.s.j.d.DriverManagerDataSource - Creating new JDBC DriverManager Connection to [jdbc:mysql://127.0.0.1:3306/wrp3]
15:56:17.592 [Test worker] DEBUG o.h.e.j.i.LogicalConnectionImpl - Obtained JDBC connection
15:56:17.592 [Test worker] DEBUG o.h.e.t.i.jdbc.JdbcTransaction - initial autocommit status: true
15:56:17.592 [Test worker] DEBUG o.h.e.t.i.jdbc.JdbcTransaction - disabling autocommit
15:56:17.592 [Test worker] DEBUG o.s.orm.jpa.JpaTransactionManager - Exposing JPA transaction as JDBC transaction [org.springframework.orm.jpa.vendor.HibernateJpaDialect$HibernateConnectionHandle@5732fdee]
15:56:17.592 [Test worker] DEBUG o.s.orm.jpa.JpaTransactionManager - Initiating transaction commit
15:56:17.592 [Test worker] DEBUG o.s.orm.jpa.JpaTransactionManager - Committing JPA transaction on EntityManager [org.hibernate.jpa.internal.EntityManagerImpl@39d172a]
15:56:17.592 [Test worker] DEBUG o.h.e.t.spi.AbstractTransactionImpl - committing
15:56:17.593 [Test worker] DEBUG o.h.e.t.i.jdbc.JdbcTransaction - committed JDBC Connection
15:56:17.593 [Test worker] DEBUG o.h.e.t.i.jdbc.JdbcTransaction - re-enabling autocommit
15:56:17.593 [Test worker] DEBUG o.s.orm.jpa.JpaTransactionManager - Closing JPA EntityManager [org.hibernate.jpa.internal.EntityManagerImpl@39d172a] after transaction
15:56:17.593 [Test worker] DEBUG o.s.o.jpa.EntityManagerFactoryUtils - Closing JPA EntityManager
15:56:17.593 [Test worker] DEBUG o.h.e.j.i.LogicalConnectionImpl - Releasing JDBC connection
15:56:17.593 [Test worker] DEBUG o.h.e.j.i.LogicalConnectionImpl - Released JDBC connection
15:56:17.594 [Test worker] DEBUG o.s.d.r.c.s.TransactionalRepositoryProxyPostProcessor$CustomAnnotationTransactionAttributeSource - Adding transactional method 'deleteAll' with attribute: PROPAGATION_REQUIRED,ISOLATION_DEFAULT; ''
15:56:17.594 [Test worker] DEBUG o.s.orm.jpa.JpaTransactionManager - Creating new transaction with name [org.springframework.data.jpa.repository.support.SimpleJpaRepository.deleteAll]: PROPAGATION_REQUIRED,ISOLATION_DEFAULT; ''
15:56:17.595 [Test worker] DEBUG o.s.orm.jpa.JpaTransactionManager - Opened new EntityManager [org.hibernate.jpa.internal.EntityManagerImpl@74c19f86] for JPA transaction
15:56:17.595 [Test worker] DEBUG o.h.e.t.spi.AbstractTransactionImpl - begin
15:56:17.595 [Test worker] DEBUG o.h.e.j.i.LogicalConnectionImpl - Obtaining JDBC connection
15:56:17.595 [Test worker] DEBUG o.s.j.d.DriverManagerDataSource - Creating new JDBC DriverManager Connection to [jdbc:mysql://127.0.0.1:3306/wrp3]
15:56:17.599 [Test worker] DEBUG o.h.e.j.i.LogicalConnectionImpl - Obtained JDBC connection
15:56:17.599 [Test worker] DEBUG o.h.e.t.i.jdbc.JdbcTransaction - initial autocommit status: true
15:56:17.599 [Test worker] DEBUG o.h.e.t.i.jdbc.JdbcTransaction - disabling autocommit
15:56:17.599 [Test worker] DEBUG o.s.orm.jpa.JpaTransactionManager - Exposing JPA transaction as JDBC transaction [org.springframework.orm.jpa.vendor.HibernateJpaDialect$HibernateConnectionHandle@7371613c]
15:56:17.600 [Test worker] DEBUG o.h.jpa.criteria.CriteriaQueryImpl - Rendered criteria query -> select generatedAlias0 from User as generatedAlias0
15:56:17.600 [Test worker] DEBUG org.hibernate.SQL - select user0_.id as id1_8_, user0_.login as login2_8_, user0_.password as password3_8_, user0_1_.role_id as role_id1_7_ from users user0_ left outer join user_roles user0_1_ on user0_.id=user0_1_.user_id
15:56:17.601 [Test worker] DEBUG org.hibernate.loader.Loader - Result set row: 0
15:56:17.601 [Test worker] DEBUG org.hibernate.loader.Loader - Result row: EntityKey[sciConsole.domain.User#1]
15:56:17.601 [Test worker] DEBUG org.hibernate.loader.Loader - Result set row: 1
15:56:17.601 [Test worker] DEBUG org.hibernate.loader.Loader - Result row: EntityKey[sciConsole.domain.User#2]
15:56:17.601 [Test worker] DEBUG o.h.engine.internal.TwoPhaseLoad - Resolving associations for [sciConsole.domain.User#1]
15:56:17.602 [Test worker] DEBUG org.hibernate.SQL - select role0_.id as id1_4_0_, role0_.role as role2_4_0_ from roles role0_ where role0_.id=?
15:56:17.602 [Test worker] DEBUG o.h.l.p.e.p.i.ResultSetProcessorImpl - Starting ResultSet row #0
15:56:17.602 [Test worker] DEBUG o.h.l.p.e.p.i.EntityReferenceInitializerImpl - On call to EntityIdentifierReaderImpl#resolve, EntityKey was already known; should only happen on root returns with an optional identifier specified
15:56:17.603 [Test worker] DEBUG o.h.engine.internal.TwoPhaseLoad - Resolving associations for [sciConsole.domain.Role#2]
15:56:17.603 [Test worker] DEBUG o.h.engine.internal.TwoPhaseLoad - Done materializing entity [sciConsole.domain.Role#2]
15:56:17.603 [Test worker] DEBUG o.h.l.e.p.AbstractLoadPlanBasedEntityLoader - Done entity load : sciConsole.domain.Role#2
15:56:17.603 [Test worker] DEBUG o.h.engine.internal.TwoPhaseLoad - Done materializing entity [sciConsole.domain.User#1]
15:56:17.603 [Test worker] DEBUG o.h.engine.internal.TwoPhaseLoad - Resolving associations for [sciConsole.domain.User#2]
15:56:17.603 [Test worker] DEBUG org.hibernate.SQL - select role0_.id as id1_4_0_, role0_.role as role2_4_0_ from roles role0_ where role0_.id=?
15:56:17.604 [Test worker] DEBUG o.h.l.p.e.p.i.ResultSetProcessorImpl - Starting ResultSet row #0
15:56:17.604 [Test worker] DEBUG o.h.l.p.e.p.i.EntityReferenceInitializerImpl - On call to EntityIdentifierReaderImpl#resolve, EntityKey was already known; should only happen on root returns with an optional identifier specified
15:56:17.604 [Test worker] DEBUG o.h.engine.internal.TwoPhaseLoad - Resolving associations for [sciConsole.domain.Role#1]
15:56:17.604 [Test worker] DEBUG o.h.engine.internal.TwoPhaseLoad - Done materializing entity [sciConsole.domain.Role#1]
15:56:17.605 [Test worker] DEBUG o.h.l.e.p.AbstractLoadPlanBasedEntityLoader - Done entity load : sciConsole.domain.Role#1
15:56:17.605 [Test worker] DEBUG o.h.engine.internal.TwoPhaseLoad - Done materializing entity [sciConsole.domain.User#2]
15:56:17.608 [Test worker] DEBUG o.h.l.c.p.AbstractLoadPlanBasedCollectionInitializer - Loading collection: [sciConsole.domain.Role.userRoles#2]
15:56:17.609 [Test worker] DEBUG org.hibernate.SQL - select userroles0_.role_id as role_id1_4_0_, userroles0_.user_id as user_id2_7_0_, user1_.id as id1_8_1_, user1_.login as login2_8_1_, user1_.password as password3_8_1_, user1_1_.role_id as role_id1_7_1_ from user_roles userroles0_ inner join users user1_ on userroles0_.user_id=user1_.id left outer join user_roles user1_1_ on user1_.id=user1_1_.user_id where userroles0_.role_id=?
15:56:17.610 [Test worker] DEBUG o.h.l.p.e.p.i.ResultSetProcessorImpl - Preparing collection intializer : [sciConsole.domain.Role.userRoles#2]
15:56:17.614 [Test worker] DEBUG o.h.l.p.e.p.i.ResultSetProcessorImpl - Starting ResultSet row #0
15:56:17.614 [Test worker] DEBUG o.h.l.p.e.p.i.CollectionReferenceInitializerImpl - Found row of collection: [sciConsole.domain.Role.userRoles#2]
15:56:17.615 [Test worker] DEBUG o.h.e.l.i.CollectionLoadContext - 1 collections were found in result set for role: sciConsole.domain.Role.userRoles
15:56:17.615 [Test worker] DEBUG o.h.e.l.i.CollectionLoadContext - Collection fully initialized: [sciConsole.domain.Role.userRoles#2]
15:56:17.615 [Test worker] DEBUG o.h.e.l.i.CollectionLoadContext - 1 collections initialized for role: sciConsole.domain.Role.userRoles
15:56:17.615 [Test worker] DEBUG o.h.l.c.p.AbstractLoadPlanBasedCollectionInitializer - Done loading collection
15:56:17.617 [Test worker] DEBUG o.h.l.c.p.AbstractLoadPlanBasedCollectionInitializer - Loading collection: [sciConsole.domain.Role.userRoles#1]
15:56:17.617 [Test worker] DEBUG org.hibernate.SQL - select userroles0_.role_id as role_id1_4_0_, userroles0_.user_id as user_id2_7_0_, user1_.id as id1_8_1_, user1_.login as login2_8_1_, user1_.password as password3_8_1_, user1_1_.role_id as role_id1_7_1_ from user_roles userroles0_ inner join users user1_ on userroles0_.user_id=user1_.id left outer join user_roles user1_1_ on user1_.id=user1_1_.user_id where userroles0_.role_id=?
15:56:17.618 [Test worker] DEBUG o.h.l.p.e.p.i.ResultSetProcessorImpl - Preparing collection intializer : [sciConsole.domain.Role.userRoles#1]
15:56:17.618 [Test worker] DEBUG o.h.l.p.e.p.i.ResultSetProcessorImpl - Starting ResultSet row #0
15:56:17.618 [Test worker] DEBUG o.h.l.p.e.p.i.CollectionReferenceInitializerImpl - Found row of collection: [sciConsole.domain.Role.userRoles#1]
15:56:17.618 [Test worker] DEBUG o.h.e.l.i.CollectionLoadContext - 1 collections were found in result set for role: sciConsole.domain.Role.userRoles
15:56:17.618 [Test worker] DEBUG o.h.e.l.i.CollectionLoadContext - Collection fully initialized: [sciConsole.domain.Role.userRoles#1]
15:56:17.618 [Test worker] DEBUG o.h.e.l.i.CollectionLoadContext - 1 collections initialized for role: sciConsole.domain.Role.userRoles
15:56:17.618 [Test worker] DEBUG o.h.l.c.p.AbstractLoadPlanBasedCollectionInitializer - Done loading collection
15:56:17.619 [Test worker] DEBUG o.s.orm.jpa.JpaTransactionManager - Initiating transaction commit
15:56:17.619 [Test worker] DEBUG o.s.orm.jpa.JpaTransactionManager - Committing JPA transaction on EntityManager [org.hibernate.jpa.internal.EntityManagerImpl@74c19f86]
15:56:17.619 [Test worker] DEBUG o.h.e.t.spi.AbstractTransactionImpl - committing
15:56:17.619 [Test worker] DEBUG o.h.e.i.AbstractFlushingEventListener - Processing flush-time cascades
15:56:17.619 [Test worker] DEBUG o.h.e.i.AbstractFlushingEventListener - Dirty checking collections
15:56:17.624 [Test worker] DEBUG o.h.engine.internal.Collections - Collection dereferenced: [sciConsole.domain.Role.userRoles#2]
15:56:17.624 [Test worker] DEBUG o.h.engine.internal.Collections - Collection dereferenced: [sciConsole.domain.Role.userRoles#1]
15:56:17.626 [Test worker] DEBUG o.h.e.i.AbstractFlushingEventListener - Flushed: 0 insertions, 0 updates, 4 deletions to 4 objects
15:56:17.626 [Test worker] DEBUG o.h.e.i.AbstractFlushingEventListener - Flushed: 0 (re)creations, 0 updates, 2 removals to 2 collections
15:56:17.626 [Test worker] DEBUG o.h.internal.util.EntityPrinter - Listing entities:
15:56:17.627 [Test worker] DEBUG o.h.internal.util.EntityPrinter - sciConsole.domain.User{password=$2a$10$sbTqPCC0wB2c4IE5Y5RCdeWLIvtjAKEHFzHluAg7LiqkSdZNujJn2, role=sciConsole.domain.Role#2, id=1, login=Alice}
15:56:17.628 [Test worker] DEBUG o.h.internal.util.EntityPrinter - sciConsole.domain.Role{userRoles=[sciConsole.domain.User#2], role=MANAGER, id=1}
15:56:17.628 [Test worker] DEBUG o.h.internal.util.EntityPrinter - sciConsole.domain.User{password=$2a$10$UQ/jCMwn14H5VdHO4or0L.xvlGoplsSsRXHjXdbYij9UEArHJzsE2, role=sciConsole.domain.Role#1, id=2, login=Bob}
15:56:17.628 [Test worker] DEBUG o.h.internal.util.EntityPrinter - sciConsole.domain.Role{userRoles=[sciConsole.domain.User#1], role=DEVELOPER, id=2}
15:56:17.628 [Test worker] DEBUG o.h.p.c.AbstractCollectionPersister - Deleting collection: [sciConsole.domain.Role.userRoles#2]
15:56:17.628 [Test worker] DEBUG org.hibernate.SQL - delete from user_roles where role_id=?
15:56:17.629 [Test worker] DEBUG o.h.p.c.AbstractCollectionPersister - Done deleting collection
15:56:17.629 [Test worker] DEBUG o.h.p.c.AbstractCollectionPersister - Deleting collection: [sciConsole.domain.Role.userRoles#1]
15:56:17.629 [Test worker] DEBUG org.hibernate.SQL - delete from user_roles where role_id=?
15:56:17.630 [Test worker] DEBUG o.h.p.c.AbstractCollectionPersister - Done deleting collection
15:56:17.630 [Test worker] DEBUG org.hibernate.SQL - delete from user_roles where user_id=?
15:56:17.631 [Test worker] DEBUG org.hibernate.SQL - delete from users where id=?
15:56:17.638 [Test worker] DEBUG org.hibernate.SQL - delete from roles where id=?
15:56:17.639 [Test worker] DEBUG org.hibernate.SQL - delete from user_roles where user_id=?
15:56:17.640 [Test worker] DEBUG org.hibernate.SQL - delete from users where id=?
15:56:17.641 [Test worker] DEBUG org.hibernate.SQL - delete from roles where id=?
15:56:17.651 [Test worker] DEBUG o.h.e.t.i.jdbc.JdbcTransaction - committed JDBC Connection
15:56:17.651 [Test worker] DEBUG o.h.e.t.i.jdbc.JdbcTransaction - re-enabling autocommit
15:56:17.652 [Test worker] DEBUG o.s.orm.jpa.JpaTransactionManager - Closing JPA EntityManager [org.hibernate.jpa.internal.EntityManagerImpl@74c19f86] after transaction
15:56:17.652 [Test worker] DEBUG o.s.o.jpa.EntityManagerFactoryUtils - Closing JPA EntityManager
15:56:17.652 [Test worker] DEBUG o.h.e.j.internal.JdbcCoordinatorImpl - HHH000420: Closing un-released batch
15:56:17.652 [Test worker] DEBUG o.h.e.j.i.LogicalConnectionImpl - Releasing JDBC connection
15:56:17.652 [Test worker] DEBUG o.h.e.j.i.LogicalConnectionImpl - Released JDBC connection
15:56:17.653 [Test worker] DEBUG o.s.d.r.c.s.TransactionalRepositoryProxyPostProcessor$CustomAnnotationTransactionAttributeSource - Adding transactional method 'deleteAll' with attribute: PROPAGATION_REQUIRED,ISOLATION_DEFAULT; ''
15:56:17.653 [Test worker] DEBUG o.s.orm.jpa.JpaTransactionManager - Creating new transaction with name [org.springframework.data.jpa.repository.support.SimpleJpaRepository.deleteAll]: PROPAGATION_REQUIRED,ISOLATION_DEFAULT; ''
15:56:17.653 [Test worker] DEBUG o.s.orm.jpa.JpaTransactionManager - Opened new EntityManager [org.hibernate.jpa.internal.EntityManagerImpl@4a75f9e] for JPA transaction
15:56:17.653 [Test worker] DEBUG o.h.e.t.spi.AbstractTransactionImpl - begin
15:56:17.653 [Test worker] DEBUG o.h.e.j.i.LogicalConnectionImpl - Obtaining JDBC connection
15:56:17.653 [Test worker] DEBUG o.s.j.d.DriverManagerDataSource - Creating new JDBC DriverManager Connection to [jdbc:mysql://127.0.0.1:3306/wrp3]
15:56:17.659 [Test worker] DEBUG o.h.e.j.i.LogicalConnectionImpl - Obtained JDBC connection
15:56:17.659 [Test worker] DEBUG o.h.e.t.i.jdbc.JdbcTransaction - initial autocommit status: true
15:56:17.659 [Test worker] DEBUG o.h.e.t.i.jdbc.JdbcTransaction - disabling autocommit
15:56:17.659 [Test worker] DEBUG o.s.orm.jpa.JpaTransactionManager - Exposing JPA transaction as JDBC transaction [org.springframework.orm.jpa.vendor.HibernateJpaDialect$HibernateConnectionHandle@259a21bd]
15:56:17.660 [Test worker] DEBUG o.h.jpa.criteria.CriteriaQueryImpl - Rendered criteria query -> select generatedAlias0 from Role as generatedAlias0
15:56:17.660 [Test worker] DEBUG org.hibernate.SQL - select role0_.id as id1_4_, role0_.role as role2_4_ from roles role0_
15:56:17.661 [Test worker] DEBUG o.s.orm.jpa.JpaTransactionManager - Initiating transaction commit
15:56:17.661 [Test worker] DEBUG o.s.orm.jpa.JpaTransactionManager - Committing JPA transaction on EntityManager [org.hibernate.jpa.internal.EntityManagerImpl@4a75f9e]
15:56:17.661 [Test worker] DEBUG o.h.e.t.spi.AbstractTransactionImpl - committing
15:56:17.661 [Test worker] DEBUG o.h.e.t.i.jdbc.JdbcTransaction - committed JDBC Connection
15:56:17.661 [Test worker] DEBUG o.h.e.t.i.jdbc.JdbcTransaction - re-enabling autocommit
15:56:17.662 [Test worker] DEBUG o.s.orm.jpa.JpaTransactionManager - Closing JPA EntityManager [org.hibernate.jpa.internal.EntityManagerImpl@4a75f9e] after transaction
15:56:17.662 [Test worker] DEBUG o.s.o.jpa.EntityManagerFactoryUtils - Closing JPA EntityManager
15:56:17.662 [Test worker] DEBUG o.h.e.j.i.LogicalConnectionImpl - Releasing JDBC connection
15:56:17.662 [Test worker] DEBUG o.h.e.j.i.LogicalConnectionImpl - Released JDBC connection
15:56:17.662 [Test worker] DEBUG o.s.d.r.c.s.TransactionalRepositoryProxyPostProcessor$CustomAnnotationTransactionAttributeSource - Adding transactional method 'save' with attribute: PROPAGATION_REQUIRED,ISOLATION_DEFAULT; ''
15:56:17.663 [Test worker] DEBUG o.s.orm.jpa.JpaTransactionManager - Creating new transaction with name [org.springframework.data.jpa.repository.support.SimpleJpaRepository.save]: PROPAGATION_REQUIRED,ISOLATION_DEFAULT; ''
15:56:17.663 [Test worker] DEBUG o.s.orm.jpa.JpaTransactionManager - Opened new EntityManager [org.hibernate.jpa.internal.EntityManagerImpl@2eef76de] for JPA transaction
15:56:17.663 [Test worker] DEBUG o.h.e.t.spi.AbstractTransactionImpl - begin
15:56:17.663 [Test worker] DEBUG o.h.e.j.i.LogicalConnectionImpl - Obtaining JDBC connection
15:56:17.663 [Test worker] DEBUG o.s.j.d.DriverManagerDataSource - Creating new JDBC DriverManager Connection to [jdbc:mysql://127.0.0.1:3306/wrp3]
15:56:17.667 [Test worker] DEBUG o.h.e.j.i.LogicalConnectionImpl - Obtained JDBC connection
15:56:17.668 [Test worker] DEBUG o.h.e.t.i.jdbc.JdbcTransaction - initial autocommit status: true
15:56:17.668 [Test worker] DEBUG o.h.e.t.i.jdbc.JdbcTransaction - disabling autocommit
15:56:17.668 [Test worker] DEBUG o.s.orm.jpa.JpaTransactionManager - Exposing JPA transaction as JDBC transaction [org.springframework.orm.jpa.vendor.HibernateJpaDialect$HibernateConnectionHandle@7cf61560]
15:56:17.669 [Test worker] DEBUG org.hibernate.loader.Loader - Loading entity: [sciConsole.domain.User#1]
15:56:17.670 [Test worker] DEBUG org.hibernate.SQL - select user0_.id as id1_8_1_, user0_.login as login2_8_1_, user0_.password as password3_8_1_, user0_1_.role_id as role_id1_7_1_, role1_.id as id1_4_0_, role1_.role as role2_4_0_ from users user0_ left outer join user_roles user0_1_ on user0_.id=user0_1_.user_id left outer join roles role1_ on user0_1_.role_id=role1_.id where user0_.id=?
15:56:17.671 [Test worker] DEBUG org.hibernate.loader.Loader - Done entity load
15:56:17.671 [Test worker] DEBUG org.hibernate.loader.Loader - Loading entity: [sciConsole.domain.Role#2]
15:56:17.671 [Test worker] DEBUG org.hibernate.SQL - select role0_.id as id1_4_1_, role0_.role as role2_4_1_, userroles1_.role_id as role_id1_4_3_, user2_.id as user_id2_7_3_, user2_.id as id1_8_0_, user2_.login as login2_8_0_, user2_.password as password3_8_0_, user2_1_.role_id as role_id1_7_0_ from roles role0_ left outer join user_roles userroles1_ on role0_.id=userroles1_.role_id left outer join users user2_ on userroles1_.user_id=user2_.id left outer join user_roles user2_1_ on user2_.id=user2_1_.user_id where role0_.id=?
15:56:17.672 [Test worker] DEBUG o.h.e.l.i.CollectionLoadContext - No collections were found in result set for role: sciConsole.domain.Role.userRoles
15:56:17.672 [Test worker] DEBUG org.hibernate.loader.Loader - Done entity load
15:56:17.673 [Test worker] DEBUG o.h.e.i.AbstractSaveEventListener - Generated identifier: 2, using strategy: org.hibernate.id.Assigned
15:56:17.674 [Test worker] DEBUG org.hibernate.SQL - insert into roles (role, id) values (?, ?)
15:56:17.682 [Test worker] DEBUG org.hibernate.engine.spi.ActionQueue - Executing identity-insert immediately
15:56:17.682 [Test worker] DEBUG org.hibernate.SQL - insert into users (login, password) values (?, ?)
15:56:17.682 [Test worker] DEBUG o.h.id.IdentifierGeneratorHelper - Natively generated identity: 3
15:56:17.683 [Test worker] DEBUG org.hibernate.SQL - insert into user_roles (role_id, user_id) values (?, ?)
15:56:17.684 [Test worker] DEBUG org.hibernate.loader.Loader - Loading entity: [sciConsole.domain.User#2]
15:56:17.684 [Test worker] DEBUG org.hibernate.SQL - select user0_.id as id1_8_1_, user0_.login as login2_8_1_, user0_.password as password3_8_1_, user0_1_.role_id as role_id1_7_1_, role1_.id as id1_4_0_, role1_.role as role2_4_0_ from users user0_ left outer join user_roles user0_1_ on user0_.id=user0_1_.user_id left outer join roles role1_ on user0_1_.role_id=role1_.id where user0_.id=?
15:56:17.685 [Test worker] DEBUG org.hibernate.loader.Loader - Done entity load
15:56:17.685 [Test worker] DEBUG org.hibernate.loader.Loader - Loading entity: [sciConsole.domain.Role#1]
15:56:17.685 [Test worker] DEBUG org.hibernate.SQL - select role0_.id as id1_4_1_, role0_.role as role2_4_1_, userroles1_.role_id as role_id1_4_3_, user2_.id as user_id2_7_3_, user2_.id as id1_8_0_, user2_.login as login2_8_0_, user2_.password as password3_8_0_, user2_1_.role_id as role_id1_7_0_ from roles role0_ left outer join user_roles userroles1_ on role0_.id=userroles1_.role_id left outer join users user2_ on userroles1_.user_id=user2_.id left outer join user_roles user2_1_ on user2_.id=user2_1_.user_id where role0_.id=?
15:56:17.685 [Test worker] DEBUG o.h.e.l.i.CollectionLoadContext - No collections were found in result set for role: sciConsole.domain.Role.userRoles
15:56:17.686 [Test worker] DEBUG org.hibernate.loader.Loader - Done entity load
15:56:17.686 [Test worker] DEBUG o.h.e.i.AbstractSaveEventListener - Generated identifier: 1, using strategy: org.hibernate.id.Assigned
15:56:17.686 [Test worker] DEBUG org.hibernate.SQL - insert into roles (role, id) values (?, ?)
15:56:17.687 [Test worker] DEBUG org.hibernate.engine.spi.ActionQueue - Executing identity-insert immediately
15:56:17.687 [Test worker] DEBUG org.hibernate.SQL - insert into users (login, password) values (?, ?)
15:56:17.688 [Test worker] DEBUG o.h.id.IdentifierGeneratorHelper - Natively generated identity: 4
15:56:17.688 [Test worker] DEBUG org.hibernate.SQL - insert into user_roles (role_id, user_id) values (?, ?)
15:56:17.689 [Test worker] DEBUG o.s.orm.jpa.JpaTransactionManager - Initiating transaction commit
15:56:17.689 [Test worker] DEBUG o.s.orm.jpa.JpaTransactionManager - Committing JPA transaction on EntityManager [org.hibernate.jpa.internal.EntityManagerImpl@2eef76de]
15:56:17.689 [Test worker] DEBUG o.h.e.t.spi.AbstractTransactionImpl - committing
15:56:17.689 [Test worker] DEBUG o.h.e.i.AbstractFlushingEventListener - Processing flush-time cascades
15:56:17.689 [Test worker] DEBUG o.h.e.i.AbstractFlushingEventListener - Dirty checking collections
15:56:17.690 [Test worker] DEBUG o.h.e.i.AbstractFlushingEventListener - Flushed: 0 insertions, 0 updates, 0 deletions to 4 objects
15:56:17.690 [Test worker] DEBUG o.h.e.i.AbstractFlushingEventListener - Flushed: 0 (re)creations, 0 updates, 0 removals to 0 collections
15:56:17.690 [Test worker] DEBUG o.h.internal.util.EntityPrinter - Listing entities:
15:56:17.690 [Test worker] DEBUG o.h.internal.util.EntityPrinter - sciConsole.domain.User{password=$2a$10$sbTqPCC0wB2c4IE5Y5RCdeWLIvtjAKEHFzHluAg7LiqkSdZNujJn2, role=sciConsole.domain.Role#2, id=3, login=Alice}
15:56:17.690 [Test worker] DEBUG o.h.internal.util.EntityPrinter - sciConsole.domain.User{password=$2a$10$UQ/jCMwn14H5VdHO4or0L.xvlGoplsSsRXHjXdbYij9UEArHJzsE2, role=sciConsole.domain.Role#1, id=4, login=Bob}
15:56:17.691 [Test worker] DEBUG o.h.internal.util.EntityPrinter - sciConsole.domain.Role{userRoles=null, role=MANAGER, id=1}
15:56:17.691 [Test worker] DEBUG o.h.internal.util.EntityPrinter - sciConsole.domain.Role{userRoles=null, role=DEVELOPER, id=2}
15:56:17.694 [Test worker] DEBUG o.h.e.t.i.jdbc.JdbcTransaction - committed JDBC Connection
15:56:17.694 [Test worker] DEBUG o.h.e.t.i.jdbc.JdbcTransaction - re-enabling autocommit
15:56:17.694 [Test worker] DEBUG o.s.orm.jpa.JpaTransactionManager - Closing JPA EntityManager [org.hibernate.jpa.internal.EntityManagerImpl@2eef76de] after transaction
15:56:17.694 [Test worker] DEBUG o.s.o.jpa.EntityManagerFactoryUtils - Closing JPA EntityManager
15:56:17.694 [Test worker] DEBUG o.h.e.j.internal.JdbcCoordinatorImpl - HHH000420: Closing un-released batch
15:56:17.694 [Test worker] DEBUG o.h.e.j.i.LogicalConnectionImpl - Releasing JDBC connection
15:56:17.695 [Test worker] DEBUG o.h.e.j.i.LogicalConnectionImpl - Released JDBC connection
15:56:17.695 [Test worker] DEBUG o.s.d.r.c.s.TransactionalRepositoryProxyPostProcessor$CustomAnnotationTransactionAttributeSource - Adding transactional method 'save' with attribute: PROPAGATION_REQUIRED,ISOLATION_DEFAULT; ''
15:56:17.695 [Test worker] DEBUG o.s.orm.jpa.JpaTransactionManager - Creating new transaction with name [org.springframework.data.jpa.repository.support.SimpleJpaRepository.save]: PROPAGATION_REQUIRED,ISOLATION_DEFAULT; ''
15:56:17.695 [Test worker] DEBUG o.s.orm.jpa.JpaTransactionManager - Opened new EntityManager [org.hibernate.jpa.internal.EntityManagerImpl@6fa6bc66] for JPA transaction
15:56:17.695 [Test worker] DEBUG o.h.e.t.spi.AbstractTransactionImpl - begin
15:56:17.695 [Test worker] DEBUG o.h.e.j.i.LogicalConnectionImpl - Obtaining JDBC connection
15:56:17.695 [Test worker] DEBUG o.s.j.d.DriverManagerDataSource - Creating new JDBC DriverManager Connection to [jdbc:mysql://127.0.0.1:3306/wrp3]
15:56:17.699 [Test worker] DEBUG o.h.e.j.i.LogicalConnectionImpl - Obtained JDBC connection
15:56:17.700 [Test worker] DEBUG o.h.e.t.i.jdbc.JdbcTransaction - initial autocommit status: true
15:56:17.700 [Test worker] DEBUG o.h.e.t.i.jdbc.JdbcTransaction - disabling autocommit
15:56:17.700 [Test worker] DEBUG o.s.orm.jpa.JpaTransactionManager - Exposing JPA transaction as JDBC transaction [org.springframework.orm.jpa.vendor.HibernateJpaDialect$HibernateConnectionHandle@5a7c3bb3]
15:56:17.700 [Test worker] DEBUG org.hibernate.loader.Loader - Loading entity: [sciConsole.domain.Role#1]
15:56:17.701 [Test worker] DEBUG org.hibernate.SQL - select role0_.id as id1_4_1_, role0_.role as role2_4_1_, userroles1_.role_id as role_id1_4_3_, user2_.id as user_id2_7_3_, user2_.id as id1_8_0_, user2_.login as login2_8_0_, user2_.password as password3_8_0_, user2_1_.role_id as role_id1_7_0_ from roles role0_ left outer join user_roles userroles1_ on role0_.id=userroles1_.role_id left outer join users user2_ on userroles1_.user_id=user2_.id left outer join user_roles user2_1_ on user2_.id=user2_1_.user_id where role0_.id=?
15:56:17.701 [Test worker] DEBUG org.hibernate.loader.Loader - Result set row: 0
15:56:17.702 [Test worker] DEBUG org.hibernate.loader.Loader - Result row: EntityKey[sciConsole.domain.User#4], EntityKey[sciConsole.domain.Role#1]
15:56:17.702 [Test worker] DEBUG org.hibernate.loader.Loader - Found row of collection: [sciConsole.domain.Role.userRoles#1]
15:56:17.702 [Test worker] DEBUG o.h.engine.internal.TwoPhaseLoad - Resolving associations for [sciConsole.domain.User#4]
15:56:17.702 [Test worker] DEBUG o.h.engine.internal.TwoPhaseLoad - Done materializing entity [sciConsole.domain.User#4]
15:56:17.702 [Test worker] DEBUG o.h.engine.internal.TwoPhaseLoad - Resolving associations for [sciConsole.domain.Role#1]
15:56:17.703 [Test worker] DEBUG o.h.engine.internal.TwoPhaseLoad - Done materializing entity [sciConsole.domain.Role#1]
15:56:17.703 [Test worker] DEBUG o.h.e.l.i.CollectionLoadContext - 1 collections were found in result set for role: sciConsole.domain.Role.userRoles
15:56:17.703 [Test worker] DEBUG o.h.e.l.i.CollectionLoadContext - Collection fully initialized: [sciConsole.domain.Role.userRoles#1]
15:56:17.703 [Test worker] DEBUG o.h.e.l.i.CollectionLoadContext - 1 collections initialized for role: sciConsole.domain.Role.userRoles
15:56:17.703 [Test worker] DEBUG org.hibernate.loader.Loader - Done entity load
15:56:17.704 [Test worker] DEBUG org.hibernate.loader.Loader - Loading entity: [sciConsole.domain.Role#2]
15:56:17.704 [Test worker] DEBUG org.hibernate.SQL - select role0_.id as id1_4_1_, role0_.role as role2_4_1_, userroles1_.role_id as role_id1_4_3_, user2_.id as user_id2_7_3_, user2_.id as id1_8_0_, user2_.login as login2_8_0_, user2_.password as password3_8_0_, user2_1_.role_id as role_id1_7_0_ from roles role0_ left outer join user_roles userroles1_ on role0_.id=userroles1_.role_id left outer join users user2_ on userroles1_.user_id=user2_.id left outer join user_roles user2_1_ on user2_.id=user2_1_.user_id where role0_.id=?
15:56:17.704 [Test worker] DEBUG org.hibernate.loader.Loader - Result set row: 0
15:56:17.705 [Test worker] DEBUG org.hibernate.loader.Loader - Result row: EntityKey[sciConsole.domain.User#3], EntityKey[sciConsole.domain.Role#2]
15:56:17.705 [Test worker] DEBUG org.hibernate.loader.Loader - Found row of collection: [sciConsole.domain.Role.userRoles#2]
15:56:17.705 [Test worker] DEBUG o.h.engine.internal.TwoPhaseLoad - Resolving associations for [sciConsole.domain.User#3]
15:56:17.705 [Test worker] DEBUG o.h.engine.internal.TwoPhaseLoad - Done materializing entity [sciConsole.domain.User#3]
15:56:17.705 [Test worker] DEBUG o.h.engine.internal.TwoPhaseLoad - Resolving associations for [sciConsole.domain.Role#2]
15:56:17.705 [Test worker] DEBUG o.h.engine.internal.TwoPhaseLoad - Done materializing entity [sciConsole.domain.Role#2]
15:56:17.705 [Test worker] DEBUG o.h.e.l.i.CollectionLoadContext - 1 collections were found in result set for role: sciConsole.domain.Role.userRoles
15:56:17.705 [Test worker] DEBUG o.h.e.l.i.CollectionLoadContext - Collection fully initialized: [sciConsole.domain.Role.userRoles#2]
15:56:17.705 [Test worker] DEBUG o.h.e.l.i.CollectionLoadContext - 1 collections initialized for role: sciConsole.domain.Role.userRoles
15:56:17.706 [Test worker] DEBUG org.hibernate.loader.Loader - Done entity load
15:56:17.706 [Test worker] DEBUG o.s.orm.jpa.JpaTransactionManager - Initiating transaction commit
15:56:17.706 [Test worker] DEBUG o.s.orm.jpa.JpaTransactionManager - Committing JPA transaction on EntityManager [org.hibernate.jpa.internal.EntityManagerImpl@6fa6bc66]
15:56:17.706 [Test worker] DEBUG o.h.e.t.spi.AbstractTransactionImpl - committing
15:56:17.706 [Test worker] DEBUG o.h.e.i.AbstractFlushingEventListener - Processing flush-time cascades
15:56:17.706 [Test worker] DEBUG o.h.e.i.AbstractFlushingEventListener - Dirty checking collections
15:56:17.707 [Test worker] DEBUG o.h.engine.internal.Collections - Collection found: [sciConsole.domain.Role.userRoles#1], was: [sciConsole.domain.Role.userRoles#1] (initialized)
15:56:17.707 [Test worker] DEBUG o.h.engine.internal.Collections - Collection found: [sciConsole.domain.Role.userRoles#2], was: [sciConsole.domain.Role.userRoles#2] (initialized)
15:56:17.707 [Test worker] DEBUG o.h.e.i.AbstractFlushingEventListener - Flushed: 0 insertions, 0 updates, 0 deletions to 4 objects
15:56:17.707 [Test worker] DEBUG o.h.e.i.AbstractFlushingEventListener - Flushed: 0 (re)creations, 0 updates, 0 removals to 2 collections
15:56:17.707 [Test worker] DEBUG o.h.internal.util.EntityPrinter - Listing entities:
15:56:17.707 [Test worker] DEBUG o.h.internal.util.EntityPrinter - sciConsole.domain.User{password=$2a$10$sbTqPCC0wB2c4IE5Y5RCdeWLIvtjAKEHFzHluAg7LiqkSdZNujJn2, role=sciConsole.domain.Role#2, id=3, login=Alice}
15:56:17.707 [Test worker] DEBUG o.h.internal.util.EntityPrinter - sciConsole.domain.User{password=$2a$10$UQ/jCMwn14H5VdHO4or0L.xvlGoplsSsRXHjXdbYij9UEArHJzsE2, role=sciConsole.domain.Role#1, id=4, login=Bob}
15:56:17.707 [Test worker] DEBUG o.h.internal.util.EntityPrinter - sciConsole.domain.Role{userRoles=[sciConsole.domain.User#4], role=MANAGER, id=1}
15:56:17.707 [Test worker] DEBUG o.h.internal.util.EntityPrinter - sciConsole.domain.Role{userRoles=[sciConsole.domain.User#3], role=DEVELOPER, id=2}
15:56:17.708 [Test worker] DEBUG o.h.e.t.i.jdbc.JdbcTransaction - committed JDBC Connection
15:56:17.708 [Test worker] DEBUG o.h.e.t.i.jdbc.JdbcTransaction - re-enabling autocommit
15:56:17.708 [Test worker] DEBUG o.s.orm.jpa.JpaTransactionManager - Closing JPA EntityManager [org.hibernate.jpa.internal.EntityManagerImpl@6fa6bc66] after transaction
15:56:17.708 [Test worker] DEBUG o.s.o.jpa.EntityManagerFactoryUtils - Closing JPA EntityManager
15:56:17.708 [Test worker] DEBUG o.h.e.j.i.LogicalConnectionImpl - Releasing JDBC connection
15:56:17.708 [Test worker] DEBUG o.h.e.j.i.LogicalConnectionImpl - Released JDBC connection
15:56:17.709 [Test worker] DEBUG o.s.t.c.s.AbstractDirtiesContextTestExecutionListener - After test class: context [DefaultTestContext@6f94ff8e testClass = CompleteChangeRequestStepDefs, testInstance = [null], testMethod = [null], testException = [null], mergedContextConfiguration = [WebMergedContextConfiguration@67b4d22f testClass = CompleteChangeRequestStepDefs, locations = '{}', classes = '{class sciConsole.SciConsoleApplication, class sciConsole.controller.SessionController, class sciConsole.controller.AccountController, class sciConsole.controller.ChangeRequestController, class sciConsole.SecurityConfig, class sciConsole.WebConfig}', contextInitializerClasses = '[]', activeProfiles = '{}', propertySourceLocations = '{}', propertySourceProperties = '{}', resourceBasePath = 'src/main/webapp', contextLoader = 'org.springframework.test.context.web.WebDelegatingSmartContextLoader', parent = [null]]], class annotated with @DirtiesContext [false] with mode [null].
15:56:17.821 [Test worker] DEBUG o.s.o.j.SharedEntityManagerCreator$SharedEntityManagerInvocationHandler - Creating new EntityManager for shared EntityManager invocation
15:56:17.822 [Test worker] DEBUG o.h.jpa.criteria.CriteriaQueryImpl - Rendered criteria query -> select generatedAlias0 from User as generatedAlias0 where generatedAlias0.login=:param0
15:56:17.822 [Test worker] DEBUG org.hibernate.SQL - select user0_.id as id1_8_, user0_.login as login2_8_, user0_.password as password3_8_, user0_1_.role_id as role_id1_7_ from users user0_ left outer join user_roles user0_1_ on user0_.id=user0_1_.user_id where user0_.login=?
15:56:17.822 [Test worker] DEBUG o.h.e.j.i.LogicalConnectionImpl - Obtaining JDBC connection
15:56:17.822 [Test worker] DEBUG o.s.j.d.DriverManagerDataSource - Creating new JDBC DriverManager Connection to [jdbc:mysql://127.0.0.1:3306/wrp3]
15:56:17.828 [Test worker] DEBUG o.h.e.j.i.LogicalConnectionImpl - Obtained JDBC connection
15:56:17.829 [Test worker] DEBUG org.hibernate.loader.Loader - Result set row: 0
15:56:17.829 [Test worker] DEBUG org.hibernate.loader.Loader - Result row: EntityKey[sciConsole.domain.User#3]
15:56:17.829 [Test worker] DEBUG o.h.engine.internal.TwoPhaseLoad - Resolving associations for [sciConsole.domain.User#3]
15:56:17.830 [Test worker] DEBUG org.hibernate.SQL - select role0_.id as id1_4_0_, role0_.role as role2_4_0_ from roles role0_ where role0_.id=?
15:56:17.830 [Test worker] DEBUG o.h.l.p.e.p.i.ResultSetProcessorImpl - Starting ResultSet row #0
15:56:17.830 [Test worker] DEBUG o.h.l.p.e.p.i.EntityReferenceInitializerImpl - On call to EntityIdentifierReaderImpl#resolve, EntityKey was already known; should only happen on root returns with an optional identifier specified
15:56:17.831 [Test worker] DEBUG o.h.engine.internal.TwoPhaseLoad - Resolving associations for [sciConsole.domain.Role#2]
15:56:17.831 [Test worker] DEBUG o.h.engine.internal.TwoPhaseLoad - Done materializing entity [sciConsole.domain.Role#2]
15:56:17.832 [Test worker] DEBUG o.h.l.e.p.AbstractLoadPlanBasedEntityLoader - Done entity load : sciConsole.domain.Role#2
15:56:17.832 [Test worker] DEBUG o.h.engine.internal.TwoPhaseLoad - Done materializing entity [sciConsole.domain.User#3]
15:56:17.832 [Test worker] DEBUG o.s.o.jpa.EntityManagerFactoryUtils - Closing JPA EntityManager
15:56:17.832 [Test worker] DEBUG o.h.e.j.i.LogicalConnectionImpl - Releasing JDBC connection
15:56:17.833 [Test worker] DEBUG o.h.e.j.i.LogicalConnectionImpl - Released JDBC connection
15:56:17.833 [Test worker] DEBUG o.s.t.w.s.TestDispatcherServlet - DispatcherServlet with name '' processing GET request for [/update-pending-requests]
15:56:17.834 [Test worker] DEBUG o.s.w.s.m.m.a.RequestMappingHandlerMapping - Looking up handler method for path /update-pending-requests
15:56:17.834 [Test worker] DEBUG o.s.w.s.m.m.a.RequestMappingHandlerMapping - Returning handler method [public org.springframework.web.servlet.ModelAndView sciConsole.controller.ChangeRequestController.updatePending(javax.servlet.http.HttpServletRequest,java.lang.Integer,java.lang.Integer,java.lang.String,java.lang.Integer,java.lang.String,java.lang.String)]
15:56:17.834 [Test worker] DEBUG o.s.b.f.s.DefaultListableBeanFactory - Returning cached instance of singleton bean 'changeRequestController'
15:56:17.834 [Test worker] DEBUG o.s.t.w.s.TestDispatcherServlet - Last-Modified value for [/update-pending-requests] is: -1
15:56:17.834 [Test worker] DEBUG o.s.o.j.s.OpenEntityManagerInViewInterceptor - Opening JPA EntityManager in OpenEntityManagerInViewInterceptor
15:56:17.835 [Test worker] DEBUG o.h.jpa.criteria.CriteriaQueryImpl - Rendered criteria query -> select generatedAlias0 from Request as generatedAlias0 where generatedAlias0.id=:param0
15:56:17.836 [Test worker] DEBUG org.hibernate.SQL - select request0_.request_id as request_1_3_, request0_.assign_to as assign_t2_3_, request0_.created_by as created_3_3_, request0_.date_created as date_cre4_3_, request0_.date_complete as date_com5_3_, request0_.due_date as due_date6_3_, request0_.priority as priority7_3_, request0_.reject_reason as reject_r8_3_, request0_.req_desc as req_desc9_3_, request0_.req_solution as req_sol10_3_, request0_.sci_id as sci_id11_3_, request0_.status as status12_3_, request0_.assigned_to as assigne13_3_, request0_.version_id as version14_3_ from request request0_ where request0_.request_id=?
15:56:17.836 [Test worker] DEBUG o.h.e.j.i.LogicalConnectionImpl - Obtaining JDBC connection
15:56:17.836 [Test worker] DEBUG o.s.j.d.DriverManagerDataSource - Creating new JDBC DriverManager Connection to [jdbc:mysql://127.0.0.1:3306/wrp3]
15:56:17.841 [Test worker] DEBUG o.h.e.j.i.LogicalConnectionImpl - Obtained JDBC connection
15:56:17.842 [Test worker] DEBUG org.hibernate.loader.Loader - Result set row: 0
15:56:17.842 [Test worker] DEBUG org.hibernate.loader.Loader - Result row: EntityKey[sciConsole.domain.Request#2]
15:56:17.842 [Test worker] DEBUG o.h.engine.internal.TwoPhaseLoad - Resolving associations for [sciConsole.domain.Request#2]
15:56:17.842 [Test worker] DEBUG o.h.engine.internal.TwoPhaseLoad - Done materializing entity [sciConsole.domain.Request#2]
15:56:17.843 [Test worker] DEBUG o.s.orm.jpa.JpaTransactionManager - Found thread-bound EntityManager [org.hibernate.jpa.internal.EntityManagerImpl@26aaee80] for JPA transaction
15:56:17.843 [Test worker] DEBUG o.s.orm.jpa.JpaTransactionManager - Creating new transaction with name [org.springframework.data.jpa.repository.support.SimpleJpaRepository.save]: PROPAGATION_REQUIRED,ISOLATION_DEFAULT; ''
15:56:17.843 [Test worker] DEBUG o.h.e.t.spi.AbstractTransactionImpl - begin
15:56:17.843 [Test worker] DEBUG o.h.e.t.i.jdbc.JdbcTransaction - initial autocommit status: true
15:56:17.843 [Test worker] DEBUG o.h.e.t.i.jdbc.JdbcTransaction - disabling autocommit
15:56:17.844 [Test worker] DEBUG o.s.orm.jpa.JpaTransactionManager - Exposing JPA transaction as JDBC transaction [org.springframework.orm.jpa.vendor.HibernateJpaDialect$HibernateConnectionHandle@27ea35da]
15:56:17.844 [Test worker] DEBUG o.s.orm.jpa.JpaTransactionManager - Initiating transaction commit
15:56:17.844 [Test worker] DEBUG o.s.orm.jpa.JpaTransactionManager - Committing JPA transaction on EntityManager [org.hibernate.jpa.internal.EntityManagerImpl@26aaee80]
15:56:17.844 [Test worker] DEBUG o.h.e.t.spi.AbstractTransactionImpl - committing
15:56:17.844 [Test worker] DEBUG o.h.e.i.AbstractFlushingEventListener - Processing flush-time cascades
15:56:17.844 [Test worker] DEBUG o.h.e.i.AbstractFlushingEventListener - Dirty checking collections
15:56:17.844 [Test worker] DEBUG o.h.e.i.AbstractFlushingEventListener - Flushed: 0 insertions, 1 updates, 0 deletions to 1 objects
15:56:17.844 [Test worker] DEBUG o.h.e.i.AbstractFlushingEventListener - Flushed: 0 (re)creations, 0 updates, 0 removals to 0 collections
15:56:17.845 [Test worker] DEBUG o.h.internal.util.EntityPrinter - Listing entities:
15:56:17.845 [Test worker] DEBUG o.h.internal.util.EntityPrinter - sciConsole.domain.Request{date=2016-01-11 15:56:18.0, dueDate=Sat Jan 17 00:11:00 GMT 2015, priority=high, type=1, versionId=1, rejectReason=null, createdBy=1, dateComplete=null, reqDesc=Test Description, sciId=1, reqSolution=Test Solution, id=2, assignTo=3, status=1}
15:56:17.845 [Test worker] DEBUG org.hibernate.SQL - update request set assign_to=?, created_by=?, date_created=?, date_complete=?, due_date=?, priority=?, reject_reason=?, req_desc=?, req_solution=?, sci_id=?, status=?, assigned_to=?, version_id=? where request_id=?
15:56:17.851 [Test worker] DEBUG o.h.e.t.i.jdbc.JdbcTransaction - committed JDBC Connection
15:56:17.851 [Test worker] DEBUG o.h.e.t.i.jdbc.JdbcTransaction - re-enabling autocommit
15:56:17.851 [Test worker] DEBUG o.s.orm.jpa.JpaTransactionManager - Not closing pre-bound JPA EntityManager after transaction
15:56:17.851 [Test worker] DEBUG o.s.t.w.s.TestDispatcherServlet - Rendering view [org.springframework.web.servlet.view.JstlView: name 'return-pending-requests'; URL [/WEB-INF/views/return-pending-requests.jsp]] in DispatcherServlet with name ''
15:56:17.851 [Test worker] DEBUG o.s.b.f.s.DefaultListableBeanFactory - Returning cached instance of singleton bean 'requestDataValueProcessor'
15:56:17.851 [Test worker] DEBUG o.s.web.servlet.view.JstlView - Forwarding to resource [/WEB-INF/views/return-pending-requests.jsp] in InternalResourceView 'return-pending-requests'
15:56:17.851 [Test worker] DEBUG o.s.mock.web.MockRequestDispatcher - MockRequestDispatcher: forwarding to [/WEB-INF/views/return-pending-requests.jsp]
15:56:17.851 [Test worker] DEBUG o.s.o.j.s.OpenEntityManagerInViewInterceptor - Closing JPA EntityManager in OpenEntityManagerInViewInterceptor
15:56:17.851 [Test worker] DEBUG o.s.o.jpa.EntityManagerFactoryUtils - Closing JPA EntityManager
15:56:17.852 [Test worker] DEBUG o.h.e.j.internal.JdbcCoordinatorImpl - HHH000420: Closing un-released batch
15:56:17.852 [Test worker] DEBUG o.h.e.j.i.LogicalConnectionImpl - Releasing JDBC connection
15:56:17.852 [Test worker] DEBUG o.h.e.j.i.LogicalConnectionImpl - Released JDBC connection
15:56:17.852 [Test worker] DEBUG o.s.t.w.s.TestDispatcherServlet - Successfully completed request
15:56:17.853 [Test worker] DEBUG o.s.orm.jpa.JpaTransactionManager - Creating new transaction with name [org.springframework.data.jpa.repository.support.SimpleJpaRepository.save]: PROPAGATION_REQUIRED,ISOLATION_DEFAULT; ''
15:56:17.854 [Test worker] DEBUG o.s.orm.jpa.JpaTransactionManager - Opened new EntityManager [org.hibernate.jpa.internal.EntityManagerImpl@4ca65a3c] for JPA transaction
15:56:17.854 [Test worker] DEBUG o.h.e.t.spi.AbstractTransactionImpl - begin
15:56:17.854 [Test worker] DEBUG o.h.e.j.i.LogicalConnectionImpl - Obtaining JDBC connection
15:56:17.854 [Test worker] DEBUG o.s.j.d.DriverManagerDataSource - Creating new JDBC DriverManager Connection to [jdbc:mysql://127.0.0.1:3306/wrp3]
15:56:17.858 [Test worker] DEBUG o.h.e.j.i.LogicalConnectionImpl - Obtained JDBC connection
15:56:17.859 [Test worker] DEBUG o.h.e.t.i.jdbc.JdbcTransaction - initial autocommit status: true
15:56:17.859 [Test worker] DEBUG o.h.e.t.i.jdbc.JdbcTransaction - disabling autocommit
15:56:17.859 [Test worker] DEBUG o.s.orm.jpa.JpaTransactionManager - Exposing JPA transaction as JDBC transaction [org.springframework.orm.jpa.vendor.HibernateJpaDialect$HibernateConnectionHandle@5a9742ec]
15:56:17.859 [Test worker] DEBUG org.hibernate.engine.spi.ActionQueue - Executing identity-insert immediately
15:56:17.859 [Test worker] DEBUG org.hibernate.SQL - insert into request (assign_to, created_by, date_created, date_complete, due_date, priority, reject_reason, req_desc, req_solution, sci_id, status, assigned_to, version_id) values (?, ?, ?, ?, ?, ?, ?, ?, ?, ?, ?, ?, ?)
15:56:17.861 [Test worker] DEBUG o.h.id.IdentifierGeneratorHelper - Natively generated identity: 3
15:56:17.862 [Test worker] DEBUG o.s.orm.jpa.JpaTransactionManager - Initiating transaction commit
15:56:17.862 [Test worker] DEBUG o.s.orm.jpa.JpaTransactionManager - Committing JPA transaction on EntityManager [org.hibernate.jpa.internal.EntityManagerImpl@4ca65a3c]
15:56:17.862 [Test worker] DEBUG o.h.e.t.spi.AbstractTransactionImpl - committing
15:56:17.862 [Test worker] DEBUG o.h.e.i.AbstractFlushingEventListener - Processing flush-time cascades
15:56:17.862 [Test worker] DEBUG o.h.e.i.AbstractFlushingEventListener - Dirty checking collections
15:56:17.862 [Test worker] DEBUG o.h.e.i.AbstractFlushingEventListener - Flushed: 0 insertions, 0 updates, 0 deletions to 1 objects
15:56:17.862 [Test worker] DEBUG o.h.e.i.AbstractFlushingEventListener - Flushed: 0 (re)creations, 0 updates, 0 removals to 0 collections
15:56:17.862 [Test worker] DEBUG o.h.internal.util.EntityPrinter - Listing entities:
15:56:17.862 [Test worker] DEBUG o.h.internal.util.EntityPrinter - sciConsole.domain.Request{date=Mon Jan 11 15:56:17 GMT 2016, dueDate=null, priority=null, type=0, versionId=1, rejectReason=null, createdBy=1, dateComplete=null, reqDesc=Test Description, sciId=1, reqSolution=Test Solution, id=3, assignTo=null, status=0}
15:56:17.865 [Test worker] DEBUG o.h.e.t.i.jdbc.JdbcTransaction - committed JDBC Connection
15:56:17.865 [Test worker] DEBUG o.h.e.t.i.jdbc.JdbcTransaction - re-enabling autocommit
15:56:17.866 [Test worker] DEBUG o.s.orm.jpa.JpaTransactionManager - Closing JPA EntityManager [org.hibernate.jpa.internal.EntityManagerImpl@4ca65a3c] after transaction
15:56:17.866 [Test worker] DEBUG o.s.o.jpa.EntityManagerFactoryUtils - Closing JPA EntityManager
15:56:17.866 [Test worker] DEBUG o.h.e.j.i.LogicalConnectionImpl - Releasing JDBC connection
15:56:17.866 [Test worker] DEBUG o.h.e.j.i.LogicalConnectionImpl - Released JDBC connection
15:56:17.867 [Test worker] DEBUG o.s.orm.jpa.JpaTransactionManager - Creating new transaction with name [org.springframework.data.jpa.repository.support.SimpleJpaRepository.save]: PROPAGATION_REQUIRED,ISOLATION_DEFAULT; ''
15:56:17.867 [Test worker] DEBUG o.s.orm.jpa.JpaTransactionManager - Opened new EntityManager [org.hibernate.jpa.internal.EntityManagerImpl@71823c8b] for JPA transaction
15:56:17.867 [Test worker] DEBUG o.h.e.t.spi.AbstractTransactionImpl - begin
15:56:17.867 [Test worker] DEBUG o.h.e.j.i.LogicalConnectionImpl - Obtaining JDBC connection
15:56:17.867 [Test worker] DEBUG o.s.j.d.DriverManagerDataSource - Creating new JDBC DriverManager Connection to [jdbc:mysql://127.0.0.1:3306/wrp3]
15:56:17.872 [Test worker] DEBUG o.h.e.j.i.LogicalConnectionImpl - Obtained JDBC connection
15:56:17.872 [Test worker] DEBUG o.h.e.t.i.jdbc.JdbcTransaction - initial autocommit status: true
15:56:17.872 [Test worker] DEBUG o.h.e.t.i.jdbc.JdbcTransaction - disabling autocommit
15:56:17.873 [Test worker] DEBUG o.s.orm.jpa.JpaTransactionManager - Exposing JPA transaction as JDBC transaction [org.springframework.orm.jpa.vendor.HibernateJpaDialect$HibernateConnectionHandle@7874a6c2]
15:56:17.873 [Test worker] DEBUG org.hibernate.engine.spi.ActionQueue - Executing identity-insert immediately
15:56:17.873 [Test worker] DEBUG org.hibernate.SQL - insert into request (assign_to, created_by, date_created, date_complete, due_date, priority, reject_reason, req_desc, req_solution, sci_id, status, assigned_to, version_id) values (?, ?, ?, ?, ?, ?, ?, ?, ?, ?, ?, ?, ?)
15:56:17.884 [Test worker] DEBUG o.h.id.IdentifierGeneratorHelper - Natively generated identity: 4
15:56:17.884 [Test worker] DEBUG o.s.orm.jpa.JpaTransactionManager - Initiating transaction commit
15:56:17.884 [Test worker] DEBUG o.s.orm.jpa.JpaTransactionManager - Committing JPA transaction on EntityManager [org.hibernate.jpa.internal.EntityManagerImpl@71823c8b]
15:56:17.884 [Test worker] DEBUG o.h.e.t.spi.AbstractTransactionImpl - committing
15:56:17.884 [Test worker] DEBUG o.h.e.i.AbstractFlushingEventListener - Processing flush-time cascades
15:56:17.884 [Test worker] DEBUG o.h.e.i.AbstractFlushingEventListener - Dirty checking collections
15:56:17.885 [Test worker] DEBUG o.h.e.i.AbstractFlushingEventListener - Flushed: 0 insertions, 0 updates, 0 deletions to 1 objects
15:56:17.885 [Test worker] DEBUG o.h.e.i.AbstractFlushingEventListener - Flushed: 0 (re)creations, 0 updates, 0 removals to 0 collections
15:56:17.885 [Test worker] DEBUG o.h.internal.util.EntityPrinter - Listing entities:
15:56:17.885 [Test worker] DEBUG o.h.internal.util.EntityPrinter - sciConsole.domain.Request{date=Mon Jan 11 15:56:17 GMT 2016, dueDate=null, priority=null, type=1, versionId=1, rejectReason=null, createdBy=0, dateComplete=null, reqDesc=Another Test Description, sciId=1, reqSolution=Another Test Solution, id=4, assignTo=null, status=0}
15:56:17.888 [Test worker] DEBUG o.h.e.t.i.jdbc.JdbcTransaction - committed JDBC Connection
15:56:17.888 [Test worker] DEBUG o.h.e.t.i.jdbc.JdbcTransaction - re-enabling autocommit
15:56:17.889 [Test worker] DEBUG o.s.orm.jpa.JpaTransactionManager - Closing JPA EntityManager [org.hibernate.jpa.internal.EntityManagerImpl@71823c8b] after transaction
15:56:17.889 [Test worker] DEBUG o.s.o.jpa.EntityManagerFactoryUtils - Closing JPA EntityManager
15:56:17.889 [Test worker] DEBUG o.h.e.j.i.LogicalConnectionImpl - Releasing JDBC connection
15:56:17.889 [Test worker] DEBUG o.h.e.j.i.LogicalConnectionImpl - Released JDBC connection
15:56:17.889 [Test worker] DEBUG o.s.t.w.s.TestDispatcherServlet - DispatcherServlet with name '' processing GET request for [/get-pending-requests]
15:56:17.890 [Test worker] DEBUG o.s.w.s.m.m.a.RequestMappingHandlerMapping - Looking up handler method for path /get-pending-requests
15:56:17.890 [Test worker] DEBUG o.s.w.s.m.m.a.RequestMappingHandlerMapping - Returning handler method [public org.springframework.web.servlet.ModelAndView sciConsole.controller.ChangeRequestController.pendingRequests(javax.servlet.http.HttpServletRequest,javax.servlet.http.HttpServletResponse)]
15:56:17.890 [Test worker] DEBUG o.s.b.f.s.DefaultListableBeanFactory - Returning cached instance of singleton bean 'changeRequestController'
15:56:17.890 [Test worker] DEBUG o.s.t.w.s.TestDispatcherServlet - Last-Modified value for [/get-pending-requests] is: -1
15:56:17.890 [Test worker] DEBUG o.s.o.j.s.OpenEntityManagerInViewInterceptor - Opening JPA EntityManager in OpenEntityManagerInViewInterceptor
15:56:17.891 [Test worker] DEBUG o.h.jpa.criteria.CriteriaQueryImpl - Rendered criteria query -> select generatedAlias0 from Request as generatedAlias0 where generatedAlias0.status=:param0
15:56:17.891 [Test worker] DEBUG org.hibernate.SQL - select request0_.request_id as request_1_3_, request0_.assign_to as assign_t2_3_, request0_.created_by as created_3_3_, request0_.date_created as date_cre4_3_, request0_.date_complete as date_com5_3_, request0_.due_date as due_date6_3_, request0_.priority as priority7_3_, request0_.reject_reason as reject_r8_3_, request0_.req_desc as req_desc9_3_, request0_.req_solution as req_sol10_3_, request0_.sci_id as sci_id11_3_, request0_.status as status12_3_, request0_.assigned_to as assigne13_3_, request0_.version_id as version14_3_ from request request0_ where request0_.status=?
15:56:17.891 [Test worker] DEBUG o.h.e.j.i.LogicalConnectionImpl - Obtaining JDBC connection
15:56:17.891 [Test worker] DEBUG o.s.j.d.DriverManagerDataSource - Creating new JDBC DriverManager Connection to [jdbc:mysql://127.0.0.1:3306/wrp3]
15:56:17.896 [Test worker] DEBUG o.h.e.j.i.LogicalConnectionImpl - Obtained JDBC connection
15:56:17.897 [Test worker] DEBUG org.hibernate.loader.Loader - Result set row: 0
15:56:17.897 [Test worker] DEBUG org.hibernate.loader.Loader - Result row: EntityKey[sciConsole.domain.Request#3]
15:56:17.897 [Test worker] DEBUG org.hibernate.loader.Loader - Result set row: 1
15:56:17.897 [Test worker] DEBUG org.hibernate.loader.Loader - Result row: EntityKey[sciConsole.domain.Request#4]
15:56:17.898 [Test worker] DEBUG o.h.engine.internal.TwoPhaseLoad - Resolving associations for [sciConsole.domain.Request#3]
15:56:17.898 [Test worker] DEBUG o.h.engine.internal.TwoPhaseLoad - Done materializing entity [sciConsole.domain.Request#3]
15:56:17.898 [Test worker] DEBUG o.h.engine.internal.TwoPhaseLoad - Resolving associations for [sciConsole.domain.Request#4]
15:56:17.898 [Test worker] DEBUG o.h.engine.internal.TwoPhaseLoad - Done materializing entity [sciConsole.domain.Request#4]
15:56:17.899 [Test worker] DEBUG o.h.jpa.criteria.CriteriaQueryImpl - Rendered criteria query -> select generatedAlias0 from Ver as generatedAlias0 where generatedAlias0.id=:param0
15:56:17.899 [Test worker] DEBUG org.hibernate.SQL - select ver0_.version_id as version_1_9_, ver0_.created_by as created_2_9_, ver0_.date_created as date_cre3_9_, ver0_.name as name4_9_, ver0_.sci_id as sci_id5_9_, ver0_.status as status6_9_, ver0_.ver_desc as ver_desc7_9_ from version ver0_ where ver0_.version_id=?
15:56:17.900 [Test worker] DEBUG org.hibernate.loader.Loader - Result set row: 0
15:56:17.900 [Test worker] DEBUG org.hibernate.loader.Loader - Result row: EntityKey[sciConsole.domain.Ver#1]
15:56:17.900 [Test worker] DEBUG o.h.engine.internal.TwoPhaseLoad - Resolving associations for [sciConsole.domain.Ver#1]
15:56:17.900 [Test worker] DEBUG o.h.engine.internal.TwoPhaseLoad - Done materializing entity [sciConsole.domain.Ver#1]
15:56:17.901 [Test worker] DEBUG o.h.jpa.criteria.CriteriaQueryImpl - Rendered criteria query -> select generatedAlias0 from Sci as generatedAlias0 where generatedAlias0.id=:param0
15:56:17.901 [Test worker] DEBUG org.hibernate.SQL - select sci0_.sci_id as sci_id1_5_, sci0_.name as name2_5_, sci0_.sci_desc as sci_desc3_5_ from sci sci0_ where sci0_.sci_id=?
15:56:17.902 [Test worker] DEBUG org.hibernate.loader.Loader - Result set row: 0
15:56:17.902 [Test worker] DEBUG org.hibernate.loader.Loader - Result row: EntityKey[sciConsole.domain.Sci#1]
15:56:17.902 [Test worker] DEBUG o.h.engine.internal.TwoPhaseLoad - Resolving associations for [sciConsole.domain.Sci#1]
15:56:17.902 [Test worker] DEBUG o.h.engine.internal.TwoPhaseLoad - Done materializing entity [sciConsole.domain.Sci#1]
15:56:17.903 [Test worker] DEBUG o.h.jpa.criteria.CriteriaQueryImpl - Rendered criteria query -> select generatedAlias0 from Ver as generatedAlias0 where generatedAlias0.id=:param0
15:56:17.903 [Test worker] DEBUG org.hibernate.SQL - select ver0_.version_id as version_1_9_, ver0_.created_by as created_2_9_, ver0_.date_created as date_cre3_9_, ver0_.name as name4_9_, ver0_.sci_id as sci_id5_9_, ver0_.status as status6_9_, ver0_.ver_desc as ver_desc7_9_ from version ver0_ where ver0_.version_id=?
15:56:17.904 [Test worker] DEBUG org.hibernate.loader.Loader - Result set row: 0
15:56:17.904 [Test worker] DEBUG org.hibernate.loader.Loader - Result row: EntityKey[sciConsole.domain.Ver#1]
15:56:17.905 [Test worker] DEBUG o.h.jpa.criteria.CriteriaQueryImpl - Rendered criteria query -> select generatedAlias0 from Sci as generatedAlias0 where generatedAlias0.id=:param0
15:56:17.905 [Test worker] DEBUG org.hibernate.SQL - select sci0_.sci_id as sci_id1_5_, sci0_.name as name2_5_, sci0_.sci_desc as sci_desc3_5_ from sci sci0_ where sci0_.sci_id=?
15:56:17.906 [Test worker] DEBUG org.hibernate.loader.Loader - Result set row: 0
15:56:17.906 [Test worker] DEBUG org.hibernate.loader.Loader - Result row: EntityKey[sciConsole.domain.Sci#1]
15:56:17.906 [Test worker] DEBUG o.s.t.w.s.TestDispatcherServlet - Rendering view [org.springframework.web.servlet.view.JstlView: name 'return-pending-requests'; URL [/WEB-INF/views/return-pending-requests.jsp]] in DispatcherServlet with name ''
15:56:17.906 [Test worker] DEBUG o.s.web.servlet.view.JstlView - Added model object 'pending' of type [java.util.ArrayList] to request in view with name 'return-pending-requests'
15:56:17.906 [Test worker] DEBUG o.s.web.servlet.view.JstlView - Added model object 'scilist' of type [java.util.ArrayList] to request in view with name 'return-pending-requests'
15:56:17.906 [Test worker] DEBUG o.s.web.servlet.view.JstlView - Added model object 'verlist' of type [java.util.ArrayList] to request in view with name 'return-pending-requests'
15:56:17.906 [Test worker] DEBUG o.s.b.f.s.DefaultListableBeanFactory - Returning cached instance of singleton bean 'requestDataValueProcessor'
15:56:17.906 [Test worker] DEBUG o.s.web.servlet.view.JstlView - Forwarding to resource [/WEB-INF/views/return-pending-requests.jsp] in InternalResourceView 'return-pending-requests'
15:56:17.907 [Test worker] DEBUG o.s.mock.web.MockRequestDispatcher - MockRequestDispatcher: forwarding to [/WEB-INF/views/return-pending-requests.jsp]
15:56:17.907 [Test worker] DEBUG o.s.o.j.s.OpenEntityManagerInViewInterceptor - Closing JPA EntityManager in OpenEntityManagerInViewInterceptor
15:56:17.907 [Test worker] DEBUG o.s.o.jpa.EntityManagerFactoryUtils - Closing JPA EntityManager
15:56:17.907 [Test worker] DEBUG o.h.e.j.i.LogicalConnectionImpl - Releasing JDBC connection
15:56:17.907 [Test worker] DEBUG o.h.e.j.i.LogicalConnectionImpl - Released JDBC connection
15:56:17.907 [Test worker] DEBUG o.s.t.w.s.TestDispatcherServlet - Successfully completed request
15:56:17.908 [Test worker] DEBUG o.s.orm.jpa.JpaTransactionManager - Creating new transaction with name [org.springframework.data.jpa.repository.support.SimpleJpaRepository.deleteAll]: PROPAGATION_REQUIRED,ISOLATION_DEFAULT; ''
15:56:17.908 [Test worker] DEBUG o.s.orm.jpa.JpaTransactionManager - Opened new EntityManager [org.hibernate.jpa.internal.EntityManagerImpl@63bded36] for JPA transaction
15:56:17.908 [Test worker] DEBUG o.h.e.t.spi.AbstractTransactionImpl - begin
15:56:17.908 [Test worker] DEBUG o.h.e.j.i.LogicalConnectionImpl - Obtaining JDBC connection
15:56:17.908 [Test worker] DEBUG o.s.j.d.DriverManagerDataSource - Creating new JDBC DriverManager Connection to [jdbc:mysql://127.0.0.1:3306/wrp3]
15:56:17.913 [Test worker] DEBUG o.h.e.j.i.LogicalConnectionImpl - Obtained JDBC connection
15:56:17.913 [Test worker] DEBUG o.h.e.t.i.jdbc.JdbcTransaction - initial autocommit status: true
15:56:17.913 [Test worker] DEBUG o.h.e.t.i.jdbc.JdbcTransaction - disabling autocommit
15:56:17.914 [Test worker] DEBUG o.s.orm.jpa.JpaTransactionManager - Exposing JPA transaction as JDBC transaction [org.springframework.orm.jpa.vendor.HibernateJpaDialect$HibernateConnectionHandle@5e86dab6]
15:56:17.914 [Test worker] DEBUG o.h.jpa.criteria.CriteriaQueryImpl - Rendered criteria query -> select generatedAlias0 from Request as generatedAlias0
15:56:17.914 [Test worker] DEBUG org.hibernate.SQL - select request0_.request_id as request_1_3_, request0_.assign_to as assign_t2_3_, request0_.created_by as created_3_3_, request0_.date_created as date_cre4_3_, request0_.date_complete as date_com5_3_, request0_.due_date as due_date6_3_, request0_.priority as priority7_3_, request0_.reject_reason as reject_r8_3_, request0_.req_desc as req_desc9_3_, request0_.req_solution as req_sol10_3_, request0_.sci_id as sci_id11_3_, request0_.status as status12_3_, request0_.assigned_to as assigne13_3_, request0_.version_id as version14_3_ from request request0_
15:56:17.915 [Test worker] DEBUG org.hibernate.loader.Loader - Result set row: 0
15:56:17.916 [Test worker] DEBUG org.hibernate.loader.Loader - Result row: EntityKey[sciConsole.domain.Request#2]
15:56:17.916 [Test worker] DEBUG org.hibernate.loader.Loader - Result set row: 1
15:56:17.916 [Test worker] DEBUG org.hibernate.loader.Loader - Result row: EntityKey[sciConsole.domain.Request#3]
15:56:17.917 [Test worker] DEBUG org.hibernate.loader.Loader - Result set row: 2
15:56:17.917 [Test worker] DEBUG org.hibernate.loader.Loader - Result row: EntityKey[sciConsole.domain.Request#4]
15:56:17.917 [Test worker] DEBUG o.h.engine.internal.TwoPhaseLoad - Resolving associations for [sciConsole.domain.Request#2]
15:56:17.917 [Test worker] DEBUG o.h.engine.internal.TwoPhaseLoad - Done materializing entity [sciConsole.domain.Request#2]
15:56:17.917 [Test worker] DEBUG o.h.engine.internal.TwoPhaseLoad - Resolving associations for [sciConsole.domain.Request#3]
15:56:17.917 [Test worker] DEBUG o.h.engine.internal.TwoPhaseLoad - Done materializing entity [sciConsole.domain.Request#3]
15:56:17.917 [Test worker] DEBUG o.h.engine.internal.TwoPhaseLoad - Resolving associations for [sciConsole.domain.Request#4]
15:56:17.917 [Test worker] DEBUG o.h.engine.internal.TwoPhaseLoad - Done materializing entity [sciConsole.domain.Request#4]
15:56:17.918 [Test worker] DEBUG o.s.orm.jpa.JpaTransactionManager - Initiating transaction commit
15:56:17.918 [Test worker] DEBUG o.s.orm.jpa.JpaTransactionManager - Committing JPA transaction on EntityManager [org.hibernate.jpa.internal.EntityManagerImpl@63bded36]
15:56:17.919 [Test worker] DEBUG o.h.e.t.spi.AbstractTransactionImpl - committing
15:56:17.919 [Test worker] DEBUG o.h.e.i.AbstractFlushingEventListener - Processing flush-time cascades
15:56:17.919 [Test worker] DEBUG o.h.e.i.AbstractFlushingEventListener - Dirty checking collections
15:56:17.919 [Test worker] DEBUG o.h.e.i.AbstractFlushingEventListener - Flushed: 0 insertions, 0 updates, 3 deletions to 3 objects
15:56:17.919 [Test worker] DEBUG o.h.e.i.AbstractFlushingEventListener - Flushed: 0 (re)creations, 0 updates, 0 removals to 0 collections
15:56:17.919 [Test worker] DEBUG o.h.internal.util.EntityPrinter - Listing entities:
15:56:17.919 [Test worker] DEBUG o.h.internal.util.EntityPrinter - sciConsole.domain.Request{date=2016-01-11 15:56:18.0, dueDate=null, priority=null, type=0, versionId=1, rejectReason=null, createdBy=1, dateComplete=null, reqDesc=Test Description, sciId=1, reqSolution=Test Solution, id=3, assignTo=null, status=0}
15:56:17.919 [Test worker] DEBUG o.h.internal.util.EntityPrinter - sciConsole.domain.Request{date=2016-01-11 15:56:18.0, dueDate=null, priority=null, type=1, versionId=1, rejectReason=null, createdBy=0, dateComplete=null, reqDesc=Another Test Description, sciId=1, reqSolution=Another Test Solution, id=4, assignTo=null, status=0}
15:56:17.919 [Test worker] DEBUG o.h.internal.util.EntityPrinter - sciConsole.domain.Request{date=2016-01-11 15:56:18.0, dueDate=2015-01-17 00:11:00.0, priority=high, type=1, versionId=1, rejectReason=null, createdBy=1, dateComplete=null, reqDesc=Test Description, sciId=1, reqSolution=Test Solution, id=2, assignTo=3, status=1}
15:56:17.920 [Test worker] DEBUG org.hibernate.SQL - delete from request where request_id=?
15:56:17.921 [Test worker] DEBUG org.hibernate.SQL - delete from request where request_id=?
15:56:17.923 [Test worker] DEBUG org.hibernate.SQL - delete from request where request_id=?
15:56:17.927 [Test worker] DEBUG o.h.e.t.i.jdbc.JdbcTransaction - committed JDBC Connection
15:56:17.927 [Test worker] DEBUG o.h.e.t.i.jdbc.JdbcTransaction - re-enabling autocommit
15:56:17.927 [Test worker] DEBUG o.s.orm.jpa.JpaTransactionManager - Closing JPA EntityManager [org.hibernate.jpa.internal.EntityManagerImpl@63bded36] after transaction
15:56:17.927 [Test worker] DEBUG o.s.o.jpa.EntityManagerFactoryUtils - Closing JPA EntityManager
15:56:17.927 [Test worker] DEBUG o.h.e.j.internal.JdbcCoordinatorImpl - HHH000420: Closing un-released batch
15:56:17.927 [Test worker] DEBUG o.h.e.j.i.LogicalConnectionImpl - Releasing JDBC connection
15:56:17.927 [Test worker] DEBUG o.h.e.j.i.LogicalConnectionImpl - Released JDBC connection
15:56:17.928 [Test worker] DEBUG o.s.orm.jpa.JpaTransactionManager - Creating new transaction with name [org.springframework.data.jpa.repository.support.SimpleJpaRepository.save]: PROPAGATION_REQUIRED,ISOLATION_DEFAULT; ''
15:56:17.928 [Test worker] DEBUG o.s.orm.jpa.JpaTransactionManager - Opened new EntityManager [org.hibernate.jpa.internal.EntityManagerImpl@59dd4ee] for JPA transaction
15:56:17.928 [Test worker] DEBUG o.h.e.t.spi.AbstractTransactionImpl - begin
15:56:17.928 [Test worker] DEBUG o.h.e.j.i.LogicalConnectionImpl - Obtaining JDBC connection
15:56:17.928 [Test worker] DEBUG o.s.j.d.DriverManagerDataSource - Creating new JDBC DriverManager Connection to [jdbc:mysql://127.0.0.1:3306/wrp3]
15:56:17.932 [Test worker] DEBUG o.h.e.j.i.LogicalConnectionImpl - Obtained JDBC connection
15:56:17.932 [Test worker] DEBUG o.h.e.t.i.jdbc.JdbcTransaction - initial autocommit status: true
15:56:17.932 [Test worker] DEBUG o.h.e.t.i.jdbc.JdbcTransaction - disabling autocommit
15:56:17.932 [Test worker] DEBUG o.s.orm.jpa.JpaTransactionManager - Exposing JPA transaction as JDBC transaction [org.springframework.orm.jpa.vendor.HibernateJpaDialect$HibernateConnectionHandle@527e275e]
15:56:17.932 [Test worker] DEBUG o.s.orm.jpa.JpaTransactionManager - Initiating transaction commit
15:56:17.932 [Test worker] DEBUG o.s.orm.jpa.JpaTransactionManager - Committing JPA transaction on EntityManager [org.hibernate.jpa.internal.EntityManagerImpl@59dd4ee]
15:56:17.932 [Test worker] DEBUG o.h.e.t.spi.AbstractTransactionImpl - committing
15:56:17.933 [Test worker] DEBUG o.h.e.t.i.jdbc.JdbcTransaction - committed JDBC Connection
15:56:17.933 [Test worker] DEBUG o.h.e.t.i.jdbc.JdbcTransaction - re-enabling autocommit
15:56:17.933 [Test worker] DEBUG o.s.orm.jpa.JpaTransactionManager - Closing JPA EntityManager [org.hibernate.jpa.internal.EntityManagerImpl@59dd4ee] after transaction
15:56:17.933 [Test worker] DEBUG o.s.o.jpa.EntityManagerFactoryUtils - Closing JPA EntityManager
15:56:17.933 [Test worker] DEBUG o.h.e.j.i.LogicalConnectionImpl - Releasing JDBC connection
15:56:17.933 [Test worker] DEBUG o.h.e.j.i.LogicalConnectionImpl - Released JDBC connection
15:56:17.934 [Test worker] DEBUG o.s.orm.jpa.JpaTransactionManager - Creating new transaction with name [org.springframework.data.jpa.repository.support.SimpleJpaRepository.deleteAll]: PROPAGATION_REQUIRED,ISOLATION_DEFAULT; ''
15:56:17.934 [Test worker] DEBUG o.s.orm.jpa.JpaTransactionManager - Opened new EntityManager [org.hibernate.jpa.internal.EntityManagerImpl@3247bed9] for JPA transaction
15:56:17.934 [Test worker] DEBUG o.h.e.t.spi.AbstractTransactionImpl - begin
15:56:17.934 [Test worker] DEBUG o.h.e.j.i.LogicalConnectionImpl - Obtaining JDBC connection
15:56:17.934 [Test worker] DEBUG o.s.j.d.DriverManagerDataSource - Creating new JDBC DriverManager Connection to [jdbc:mysql://127.0.0.1:3306/wrp3]
15:56:17.938 [Test worker] DEBUG o.h.e.j.i.LogicalConnectionImpl - Obtained JDBC connection
15:56:17.939 [Test worker] DEBUG o.h.e.t.i.jdbc.JdbcTransaction - initial autocommit status: true
15:56:17.939 [Test worker] DEBUG o.h.e.t.i.jdbc.JdbcTransaction - disabling autocommit
15:56:17.939 [Test worker] DEBUG o.s.orm.jpa.JpaTransactionManager - Exposing JPA transaction as JDBC transaction [org.springframework.orm.jpa.vendor.HibernateJpaDialect$HibernateConnectionHandle@779f94e8]
15:56:17.939 [Test worker] DEBUG o.h.jpa.criteria.CriteriaQueryImpl - Rendered criteria query -> select generatedAlias0 from Request as generatedAlias0
15:56:17.939 [Test worker] DEBUG org.hibernate.SQL - select request0_.request_id as request_1_3_, request0_.assign_to as assign_t2_3_, request0_.created_by as created_3_3_, request0_.date_created as date_cre4_3_, request0_.date_complete as date_com5_3_, request0_.due_date as due_date6_3_, request0_.priority as priority7_3_, request0_.reject_reason as reject_r8_3_, request0_.req_desc as req_desc9_3_, request0_.req_solution as req_sol10_3_, request0_.sci_id as sci_id11_3_, request0_.status as status12_3_, request0_.assigned_to as assigne13_3_, request0_.version_id as version14_3_ from request request0_
15:56:17.940 [Test worker] DEBUG o.s.orm.jpa.JpaTransactionManager - Initiating transaction commit
15:56:17.940 [Test worker] DEBUG o.s.orm.jpa.JpaTransactionManager - Committing JPA transaction on EntityManager [org.hibernate.jpa.internal.EntityManagerImpl@3247bed9]
15:56:17.940 [Test worker] DEBUG o.h.e.t.spi.AbstractTransactionImpl - committing
15:56:17.940 [Test worker] DEBUG o.h.e.t.i.jdbc.JdbcTransaction - committed JDBC Connection
15:56:17.941 [Test worker] DEBUG o.h.e.t.i.jdbc.JdbcTransaction - re-enabling autocommit
15:56:17.941 [Test worker] DEBUG o.s.orm.jpa.JpaTransactionManager - Closing JPA EntityManager [org.hibernate.jpa.internal.EntityManagerImpl@3247bed9] after transaction
15:56:17.941 [Test worker] DEBUG o.s.o.jpa.EntityManagerFactoryUtils - Closing JPA EntityManager
15:56:17.941 [Test worker] DEBUG o.h.e.j.i.LogicalConnectionImpl - Releasing JDBC connection
15:56:17.941 [Test worker] DEBUG o.h.e.j.i.LogicalConnectionImpl - Released JDBC connection
15:56:17.941 [Test worker] DEBUG o.s.orm.jpa.JpaTransactionManager - Creating new transaction with name [org.springframework.data.jpa.repository.support.SimpleJpaRepository.save]: PROPAGATION_REQUIRED,ISOLATION_DEFAULT; ''
15:56:17.941 [Test worker] DEBUG o.s.orm.jpa.JpaTransactionManager - Opened new EntityManager [org.hibernate.jpa.internal.EntityManagerImpl@16f5c6c] for JPA transaction
15:56:17.941 [Test worker] DEBUG o.h.e.t.spi.AbstractTransactionImpl - begin
15:56:17.941 [Test worker] DEBUG o.h.e.j.i.LogicalConnectionImpl - Obtaining JDBC connection
15:56:17.942 [Test worker] DEBUG o.s.j.d.DriverManagerDataSource - Creating new JDBC DriverManager Connection to [jdbc:mysql://127.0.0.1:3306/wrp3]
15:56:17.946 [Test worker] DEBUG o.h.e.j.i.LogicalConnectionImpl - Obtained JDBC connection
15:56:17.946 [Test worker] DEBUG o.h.e.t.i.jdbc.JdbcTransaction - initial autocommit status: true
15:56:17.946 [Test worker] DEBUG o.h.e.t.i.jdbc.JdbcTransaction - disabling autocommit
15:56:17.946 [Test worker] DEBUG o.s.orm.jpa.JpaTransactionManager - Exposing JPA transaction as JDBC transaction [org.springframework.orm.jpa.vendor.HibernateJpaDialect$HibernateConnectionHandle@728f0f00]
15:56:17.946 [Test worker] DEBUG o.s.orm.jpa.JpaTransactionManager - Initiating transaction commit
15:56:17.946 [Test worker] DEBUG o.s.orm.jpa.JpaTransactionManager - Committing JPA transaction on EntityManager [org.hibernate.jpa.internal.EntityManagerImpl@16f5c6c]
15:56:17.946 [Test worker] DEBUG o.h.e.t.spi.AbstractTransactionImpl - committing
15:56:17.947 [Test worker] DEBUG o.h.e.t.i.jdbc.JdbcTransaction - committed JDBC Connection
15:56:17.947 [Test worker] DEBUG o.h.e.t.i.jdbc.JdbcTransaction - re-enabling autocommit
15:56:17.947 [Test worker] DEBUG o.s.orm.jpa.JpaTransactionManager - Closing JPA EntityManager [org.hibernate.jpa.internal.EntityManagerImpl@16f5c6c] after transaction
15:56:17.947 [Test worker] DEBUG o.s.o.jpa.EntityManagerFactoryUtils - Closing JPA EntityManager
15:56:17.947 [Test worker] DEBUG o.h.e.j.i.LogicalConnectionImpl - Releasing JDBC connection
15:56:17.947 [Test worker] DEBUG o.h.e.j.i.LogicalConnectionImpl - Released JDBC connection
15:56:17.948 [Test worker] DEBUG o.s.orm.jpa.JpaTransactionManager - Creating new transaction with name [org.springframework.data.jpa.repository.support.SimpleJpaRepository.deleteAll]: PROPAGATION_REQUIRED,ISOLATION_DEFAULT; ''
15:56:17.948 [Test worker] DEBUG o.s.orm.jpa.JpaTransactionManager - Opened new EntityManager [org.hibernate.jpa.internal.EntityManagerImpl@2804a4b4] for JPA transaction
15:56:17.948 [Test worker] DEBUG o.h.e.t.spi.AbstractTransactionImpl - begin
15:56:17.948 [Test worker] DEBUG o.h.e.j.i.LogicalConnectionImpl - Obtaining JDBC connection
15:56:17.948 [Test worker] DEBUG o.s.j.d.DriverManagerDataSource - Creating new JDBC DriverManager Connection to [jdbc:mysql://127.0.0.1:3306/wrp3]
15:56:17.953 [Test worker] DEBUG o.h.e.j.i.LogicalConnectionImpl - Obtained JDBC connection
15:56:17.954 [Test worker] DEBUG o.h.e.t.i.jdbc.JdbcTransaction - initial autocommit status: true
15:56:17.954 [Test worker] DEBUG o.h.e.t.i.jdbc.JdbcTransaction - disabling autocommit
15:56:17.954 [Test worker] DEBUG o.s.orm.jpa.JpaTransactionManager - Exposing JPA transaction as JDBC transaction [org.springframework.orm.jpa.vendor.HibernateJpaDialect$HibernateConnectionHandle@dc4e0b5]
15:56:17.954 [Test worker] DEBUG o.h.jpa.criteria.CriteriaQueryImpl - Rendered criteria query -> select generatedAlias0 from User as generatedAlias0
15:56:17.954 [Test worker] DEBUG org.hibernate.SQL - select user0_.id as id1_8_, user0_.login as login2_8_, user0_.password as password3_8_, user0_1_.role_id as role_id1_7_ from users user0_ left outer join user_roles user0_1_ on user0_.id=user0_1_.user_id
15:56:17.955 [Test worker] DEBUG org.hibernate.loader.Loader - Result set row: 0
15:56:17.955 [Test worker] DEBUG org.hibernate.loader.Loader - Result row: EntityKey[sciConsole.domain.User#3]
15:56:17.956 [Test worker] DEBUG org.hibernate.loader.Loader - Result set row: 1
15:56:17.956 [Test worker] DEBUG org.hibernate.loader.Loader - Result row: EntityKey[sciConsole.domain.User#4]
15:56:17.956 [Test worker] DEBUG o.h.engine.internal.TwoPhaseLoad - Resolving associations for [sciConsole.domain.User#3]
15:56:17.956 [Test worker] DEBUG org.hibernate.SQL - select role0_.id as id1_4_0_, role0_.role as role2_4_0_ from roles role0_ where role0_.id=?
15:56:17.957 [Test worker] DEBUG o.h.l.p.e.p.i.ResultSetProcessorImpl - Starting ResultSet row #0
15:56:17.957 [Test worker] DEBUG o.h.l.p.e.p.i.EntityReferenceInitializerImpl - On call to EntityIdentifierReaderImpl#resolve, EntityKey was already known; should only happen on root returns with an optional identifier specified
15:56:17.957 [Test worker] DEBUG o.h.engine.internal.TwoPhaseLoad - Resolving associations for [sciConsole.domain.Role#2]
15:56:17.957 [Test worker] DEBUG o.h.engine.internal.TwoPhaseLoad - Done materializing entity [sciConsole.domain.Role#2]
15:56:17.958 [Test worker] DEBUG o.h.l.e.p.AbstractLoadPlanBasedEntityLoader - Done entity load : sciConsole.domain.Role#2
15:56:17.958 [Test worker] DEBUG o.h.engine.internal.TwoPhaseLoad - Done materializing entity [sciConsole.domain.User#3]
15:56:17.958 [Test worker] DEBUG o.h.engine.internal.TwoPhaseLoad - Resolving associations for [sciConsole.domain.User#4]
15:56:17.958 [Test worker] DEBUG org.hibernate.SQL - select role0_.id as id1_4_0_, role0_.role as role2_4_0_ from roles role0_ where role0_.id=?
15:56:17.959 [Test worker] DEBUG o.h.l.p.e.p.i.ResultSetProcessorImpl - Starting ResultSet row #0
15:56:17.959 [Test worker] DEBUG o.h.l.p.e.p.i.EntityReferenceInitializerImpl - On call to EntityIdentifierReaderImpl#resolve, EntityKey was already known; should only happen on root returns with an optional identifier specified
15:56:17.959 [Test worker] DEBUG o.h.engine.internal.TwoPhaseLoad - Resolving associations for [sciConsole.domain.Role#1]
15:56:17.959 [Test worker] DEBUG o.h.engine.internal.TwoPhaseLoad - Done materializing entity [sciConsole.domain.Role#1]
15:56:17.960 [Test worker] DEBUG o.h.l.e.p.AbstractLoadPlanBasedEntityLoader - Done entity load : sciConsole.domain.Role#1
15:56:17.960 [Test worker] DEBUG o.h.engine.internal.TwoPhaseLoad - Done materializing entity [sciConsole.domain.User#4]
15:56:17.960 [Test worker] DEBUG o.h.l.c.p.AbstractLoadPlanBasedCollectionInitializer - Loading collection: [sciConsole.domain.Role.userRoles#2]
15:56:17.960 [Test worker] DEBUG org.hibernate.SQL - select userroles0_.role_id as role_id1_4_0_, userroles0_.user_id as user_id2_7_0_, user1_.id as id1_8_1_, user1_.login as login2_8_1_, user1_.password as password3_8_1_, user1_1_.role_id as role_id1_7_1_ from user_roles userroles0_ inner join users user1_ on userroles0_.user_id=user1_.id left outer join user_roles user1_1_ on user1_.id=user1_1_.user_id where userroles0_.role_id=?
15:56:17.961 [Test worker] DEBUG o.h.l.p.e.p.i.ResultSetProcessorImpl - Preparing collection intializer : [sciConsole.domain.Role.userRoles#2]
15:56:17.961 [Test worker] DEBUG o.h.l.p.e.p.i.ResultSetProcessorImpl - Starting ResultSet row #0
15:56:17.962 [Test worker] DEBUG o.h.l.p.e.p.i.CollectionReferenceInitializerImpl - Found row of collection: [sciConsole.domain.Role.userRoles#2]
15:56:17.962 [Test worker] DEBUG o.h.e.l.i.CollectionLoadContext - 1 collections were found in result set for role: sciConsole.domain.Role.userRoles
15:56:17.962 [Test worker] DEBUG o.h.e.l.i.CollectionLoadContext - Collection fully initialized: [sciConsole.domain.Role.userRoles#2]
15:56:17.962 [Test worker] DEBUG o.h.e.l.i.CollectionLoadContext - 1 collections initialized for role: sciConsole.domain.Role.userRoles
15:56:17.962 [Test worker] DEBUG o.h.l.c.p.AbstractLoadPlanBasedCollectionInitializer - Done loading collection
15:56:17.963 [Test worker] DEBUG o.h.l.c.p.AbstractLoadPlanBasedCollectionInitializer - Loading collection: [sciConsole.domain.Role.userRoles#1]
15:56:17.963 [Test worker] DEBUG org.hibernate.SQL - select userroles0_.role_id as role_id1_4_0_, userroles0_.user_id as user_id2_7_0_, user1_.id as id1_8_1_, user1_.login as login2_8_1_, user1_.password as password3_8_1_, user1_1_.role_id as role_id1_7_1_ from user_roles userroles0_ inner join users user1_ on userroles0_.user_id=user1_.id left outer join user_roles user1_1_ on user1_.id=user1_1_.user_id where userroles0_.role_id=?
15:56:17.964 [Test worker] DEBUG o.h.l.p.e.p.i.ResultSetProcessorImpl - Preparing collection intializer : [sciConsole.domain.Role.userRoles#1]
15:56:17.964 [Test worker] DEBUG o.h.l.p.e.p.i.ResultSetProcessorImpl - Starting ResultSet row #0
15:56:17.964 [Test worker] DEBUG o.h.l.p.e.p.i.CollectionReferenceInitializerImpl - Found row of collection: [sciConsole.domain.Role.userRoles#1]
15:56:17.964 [Test worker] DEBUG o.h.e.l.i.CollectionLoadContext - 1 collections were found in result set for role: sciConsole.domain.Role.userRoles
15:56:17.964 [Test worker] DEBUG o.h.e.l.i.CollectionLoadContext - Collection fully initialized: [sciConsole.domain.Role.userRoles#1]
15:56:17.964 [Test worker] DEBUG o.h.e.l.i.CollectionLoadContext - 1 collections initialized for role: sciConsole.domain.Role.userRoles
15:56:17.965 [Test worker] DEBUG o.h.l.c.p.AbstractLoadPlanBasedCollectionInitializer - Done loading collection
15:56:17.965 [Test worker] DEBUG o.s.orm.jpa.JpaTransactionManager - Initiating transaction commit
15:56:17.965 [Test worker] DEBUG o.s.orm.jpa.JpaTransactionManager - Committing JPA transaction on EntityManager [org.hibernate.jpa.internal.EntityManagerImpl@2804a4b4]
15:56:17.965 [Test worker] DEBUG o.h.e.t.spi.AbstractTransactionImpl - committing
15:56:17.965 [Test worker] DEBUG o.h.e.i.AbstractFlushingEventListener - Processing flush-time cascades
15:56:17.965 [Test worker] DEBUG o.h.e.i.AbstractFlushingEventListener - Dirty checking collections
15:56:17.965 [Test worker] DEBUG o.h.engine.internal.Collections - Collection dereferenced: [sciConsole.domain.Role.userRoles#2]
15:56:17.965 [Test worker] DEBUG o.h.engine.internal.Collections - Collection dereferenced: [sciConsole.domain.Role.userRoles#1]
15:56:17.965 [Test worker] DEBUG o.h.e.i.AbstractFlushingEventListener - Flushed: 0 insertions, 0 updates, 4 deletions to 4 objects
15:56:17.965 [Test worker] DEBUG o.h.e.i.AbstractFlushingEventListener - Flushed: 0 (re)creations, 0 updates, 2 removals to 2 collections
15:56:17.965 [Test worker] DEBUG o.h.internal.util.EntityPrinter - Listing entities:
15:56:17.966 [Test worker] DEBUG o.h.internal.util.EntityPrinter - sciConsole.domain.User{password=$2a$10$sbTqPCC0wB2c4IE5Y5RCdeWLIvtjAKEHFzHluAg7LiqkSdZNujJn2, role=sciConsole.domain.Role#2, id=3, login=Alice}
15:56:17.966 [Test worker] DEBUG o.h.internal.util.EntityPrinter - sciConsole.domain.User{password=$2a$10$UQ/jCMwn14H5VdHO4or0L.xvlGoplsSsRXHjXdbYij9UEArHJzsE2, role=sciConsole.domain.Role#1, id=4, login=Bob}
15:56:17.966 [Test worker] DEBUG o.h.internal.util.EntityPrinter - sciConsole.domain.Role{userRoles=[sciConsole.domain.User#4], role=MANAGER, id=1}
15:56:17.966 [Test worker] DEBUG o.h.internal.util.EntityPrinter - sciConsole.domain.Role{userRoles=[sciConsole.domain.User#3], role=DEVELOPER, id=2}
15:56:17.966 [Test worker] DEBUG o.h.p.c.AbstractCollectionPersister - Deleting collection: [sciConsole.domain.Role.userRoles#2]
15:56:17.966 [Test worker] DEBUG org.hibernate.SQL - delete from user_roles where role_id=?
15:56:17.967 [Test worker] DEBUG o.h.p.c.AbstractCollectionPersister - Done deleting collection
15:56:17.967 [Test worker] DEBUG o.h.p.c.AbstractCollectionPersister - Deleting collection: [sciConsole.domain.Role.userRoles#1]
15:56:17.967 [Test worker] DEBUG org.hibernate.SQL - delete from user_roles where role_id=?
15:56:17.968 [Test worker] DEBUG o.h.p.c.AbstractCollectionPersister - Done deleting collection
15:56:17.968 [Test worker] DEBUG org.hibernate.SQL - delete from user_roles where user_id=?
15:56:17.969 [Test worker] DEBUG org.hibernate.SQL - delete from users where id=?
15:56:17.970 [Test worker] DEBUG org.hibernate.SQL - delete from roles where id=?
15:56:17.970 [Test worker] DEBUG org.hibernate.SQL - delete from user_roles where user_id=?
15:56:17.971 [Test worker] DEBUG org.hibernate.SQL - delete from users where id=?
15:56:17.972 [Test worker] DEBUG org.hibernate.SQL - delete from roles where id=?
15:56:17.976 [Test worker] DEBUG o.h.e.t.i.jdbc.JdbcTransaction - committed JDBC Connection
15:56:17.976 [Test worker] DEBUG o.h.e.t.i.jdbc.JdbcTransaction - re-enabling autocommit
15:56:17.976 [Test worker] DEBUG o.s.orm.jpa.JpaTransactionManager - Closing JPA EntityManager [org.hibernate.jpa.internal.EntityManagerImpl@2804a4b4] after transaction
15:56:17.976 [Test worker] DEBUG o.s.o.jpa.EntityManagerFactoryUtils - Closing JPA EntityManager
15:56:17.976 [Test worker] DEBUG o.h.e.j.internal.JdbcCoordinatorImpl - HHH000420: Closing un-released batch
15:56:17.976 [Test worker] DEBUG o.h.e.j.i.LogicalConnectionImpl - Releasing JDBC connection
15:56:17.976 [Test worker] DEBUG o.h.e.j.i.LogicalConnectionImpl - Released JDBC connection
15:56:17.977 [Test worker] DEBUG o.s.orm.jpa.JpaTransactionManager - Creating new transaction with name [org.springframework.data.jpa.repository.support.SimpleJpaRepository.deleteAll]: PROPAGATION_REQUIRED,ISOLATION_DEFAULT; ''
15:56:17.977 [Test worker] DEBUG o.s.orm.jpa.JpaTransactionManager - Opened new EntityManager [org.hibernate.jpa.internal.EntityManagerImpl@1615387a] for JPA transaction
15:56:17.977 [Test worker] DEBUG o.h.e.t.spi.AbstractTransactionImpl - begin
15:56:17.977 [Test worker] DEBUG o.h.e.j.i.LogicalConnectionImpl - Obtaining JDBC connection
15:56:17.977 [Test worker] DEBUG o.s.j.d.DriverManagerDataSource - Creating new JDBC DriverManager Connection to [jdbc:mysql://127.0.0.1:3306/wrp3]
15:56:17.981 [Test worker] DEBUG o.h.e.j.i.LogicalConnectionImpl - Obtained JDBC connection
15:56:17.981 [Test worker] DEBUG o.h.e.t.i.jdbc.JdbcTransaction - initial autocommit status: true
15:56:17.981 [Test worker] DEBUG o.h.e.t.i.jdbc.JdbcTransaction - disabling autocommit
15:56:17.981 [Test worker] DEBUG o.s.orm.jpa.JpaTransactionManager - Exposing JPA transaction as JDBC transaction [org.springframework.orm.jpa.vendor.HibernateJpaDialect$HibernateConnectionHandle@565274eb]
15:56:17.982 [Test worker] DEBUG o.h.jpa.criteria.CriteriaQueryImpl - Rendered criteria query -> select generatedAlias0 from Role as generatedAlias0
15:56:17.983 [Test worker] DEBUG org.hibernate.SQL - select role0_.id as id1_4_, role0_.role as role2_4_ from roles role0_
15:56:17.984 [Test worker] DEBUG o.s.orm.jpa.JpaTransactionManager - Initiating transaction commit
15:56:17.984 [Test worker] DEBUG o.s.orm.jpa.JpaTransactionManager - Committing JPA transaction on EntityManager [org.hibernate.jpa.internal.EntityManagerImpl@1615387a]
15:56:17.984 [Test worker] DEBUG o.h.e.t.spi.AbstractTransactionImpl - committing
15:56:17.984 [Test worker] DEBUG o.h.e.t.i.jdbc.JdbcTransaction - committed JDBC Connection
15:56:17.984 [Test worker] DEBUG o.h.e.t.i.jdbc.JdbcTransaction - re-enabling autocommit
15:56:17.984 [Test worker] DEBUG o.s.orm.jpa.JpaTransactionManager - Closing JPA EntityManager [org.hibernate.jpa.internal.EntityManagerImpl@1615387a] after transaction
15:56:17.984 [Test worker] DEBUG o.s.o.jpa.EntityManagerFactoryUtils - Closing JPA EntityManager
15:56:17.984 [Test worker] DEBUG o.h.e.j.i.LogicalConnectionImpl - Releasing JDBC connection
15:56:17.985 [Test worker] DEBUG o.h.e.j.i.LogicalConnectionImpl - Released JDBC connection
15:56:17.985 [Test worker] DEBUG o.s.orm.jpa.JpaTransactionManager - Creating new transaction with name [org.springframework.data.jpa.repository.support.SimpleJpaRepository.save]: PROPAGATION_REQUIRED,ISOLATION_DEFAULT; ''
15:56:17.985 [Test worker] DEBUG o.s.orm.jpa.JpaTransactionManager - Opened new EntityManager [org.hibernate.jpa.internal.EntityManagerImpl@60187efe] for JPA transaction
15:56:17.985 [Test worker] DEBUG o.h.e.t.spi.AbstractTransactionImpl - begin
15:56:17.985 [Test worker] DEBUG o.h.e.j.i.LogicalConnectionImpl - Obtaining JDBC connection
15:56:17.985 [Test worker] DEBUG o.s.j.d.DriverManagerDataSource - Creating new JDBC DriverManager Connection to [jdbc:mysql://127.0.0.1:3306/wrp3]
15:56:17.989 [Test worker] DEBUG o.h.e.j.i.LogicalConnectionImpl - Obtained JDBC connection
15:56:17.989 [Test worker] DEBUG o.h.e.t.i.jdbc.JdbcTransaction - initial autocommit status: true
15:56:17.989 [Test worker] DEBUG o.h.e.t.i.jdbc.JdbcTransaction - disabling autocommit
15:56:17.989 [Test worker] DEBUG o.s.orm.jpa.JpaTransactionManager - Exposing JPA transaction as JDBC transaction [org.springframework.orm.jpa.vendor.HibernateJpaDialect$HibernateConnectionHandle@2db299a8]
15:56:17.990 [Test worker] DEBUG org.hibernate.loader.Loader - Loading entity: [sciConsole.domain.User#3]
15:56:17.990 [Test worker] DEBUG org.hibernate.SQL - select user0_.id as id1_8_1_, user0_.login as login2_8_1_, user0_.password as password3_8_1_, user0_1_.role_id as role_id1_7_1_, role1_.id as id1_4_0_, role1_.role as role2_4_0_ from users user0_ left outer join user_roles user0_1_ on user0_.id=user0_1_.user_id left outer join roles role1_ on user0_1_.role_id=role1_.id where user0_.id=?
15:56:17.991 [Test worker] DEBUG org.hibernate.loader.Loader - Done entity load
15:56:17.991 [Test worker] DEBUG org.hibernate.loader.Loader - Loading entity: [sciConsole.domain.Role#2]
15:56:17.991 [Test worker] DEBUG org.hibernate.SQL - select role0_.id as id1_4_1_, role0_.role as role2_4_1_, userroles1_.role_id as role_id1_4_3_, user2_.id as user_id2_7_3_, user2_.id as id1_8_0_, user2_.login as login2_8_0_, user2_.password as password3_8_0_, user2_1_.role_id as role_id1_7_0_ from roles role0_ left outer join user_roles userroles1_ on role0_.id=userroles1_.role_id left outer join users user2_ on userroles1_.user_id=user2_.id left outer join user_roles user2_1_ on user2_.id=user2_1_.user_id where role0_.id=?
15:56:17.992 [Test worker] DEBUG o.h.e.l.i.CollectionLoadContext - No collections were found in result set for role: sciConsole.domain.Role.userRoles
15:56:17.992 [Test worker] DEBUG org.hibernate.loader.Loader - Done entity load
15:56:17.992 [Test worker] DEBUG o.h.e.i.AbstractSaveEventListener - Generated identifier: 2, using strategy: org.hibernate.id.Assigned
15:56:17.993 [Test worker] DEBUG org.hibernate.SQL - insert into roles (role, id) values (?, ?)
15:56:17.995 [Test worker] DEBUG org.hibernate.engine.spi.ActionQueue - Executing identity-insert immediately
15:56:17.995 [Test worker] DEBUG org.hibernate.SQL - insert into users (login, password) values (?, ?)
15:56:17.996 [Test worker] DEBUG o.h.id.IdentifierGeneratorHelper - Natively generated identity: 5
15:56:17.996 [Test worker] DEBUG org.hibernate.SQL - insert into user_roles (role_id, user_id) values (?, ?)
15:56:17.997 [Test worker] DEBUG org.hibernate.loader.Loader - Loading entity: [sciConsole.domain.User#4]
15:56:17.997 [Test worker] DEBUG org.hibernate.SQL - select user0_.id as id1_8_1_, user0_.login as login2_8_1_, user0_.password as password3_8_1_, user0_1_.role_id as role_id1_7_1_, role1_.id as id1_4_0_, role1_.role as role2_4_0_ from users user0_ left outer join user_roles user0_1_ on user0_.id=user0_1_.user_id left outer join roles role1_ on user0_1_.role_id=role1_.id where user0_.id=?
15:56:17.998 [Test worker] DEBUG org.hibernate.loader.Loader - Done entity load
15:56:17.998 [Test worker] DEBUG org.hibernate.loader.Loader - Loading entity: [sciConsole.domain.Role#1]
15:56:17.999 [Test worker] DEBUG org.hibernate.SQL - select role0_.id as id1_4_1_, role0_.role as role2_4_1_, userroles1_.role_id as role_id1_4_3_, user2_.id as user_id2_7_3_, user2_.id as id1_8_0_, user2_.login as login2_8_0_, user2_.password as password3_8_0_, user2_1_.role_id as role_id1_7_0_ from roles role0_ left outer join user_roles userroles1_ on role0_.id=userroles1_.role_id left outer join users user2_ on userroles1_.user_id=user2_.id left outer join user_roles user2_1_ on user2_.id=user2_1_.user_id where role0_.id=?
15:56:17.999 [Test worker] DEBUG o.h.e.l.i.CollectionLoadContext - No collections were found in result set for role: sciConsole.domain.Role.userRoles
15:56:18.000 [Test worker] DEBUG org.hibernate.loader.Loader - Done entity load
15:56:18.000 [Test worker] DEBUG o.h.e.i.AbstractSaveEventListener - Generated identifier: 1, using strategy: org.hibernate.id.Assigned
15:56:18.000 [Test worker] DEBUG org.hibernate.SQL - insert into roles (role, id) values (?, ?)
15:56:18.001 [Test worker] DEBUG org.hibernate.engine.spi.ActionQueue - Executing identity-insert immediately
15:56:18.001 [Test worker] DEBUG org.hibernate.SQL - insert into users (login, password) values (?, ?)
15:56:18.002 [Test worker] DEBUG o.h.id.IdentifierGeneratorHelper - Natively generated identity: 6
15:56:18.002 [Test worker] DEBUG org.hibernate.SQL - insert into user_roles (role_id, user_id) values (?, ?)
15:56:18.003 [Test worker] DEBUG o.s.orm.jpa.JpaTransactionManager - Initiating transaction commit
15:56:18.003 [Test worker] DEBUG o.s.orm.jpa.JpaTransactionManager - Committing JPA transaction on EntityManager [org.hibernate.jpa.internal.EntityManagerImpl@60187efe]
15:56:18.003 [Test worker] DEBUG o.h.e.t.spi.AbstractTransactionImpl - committing
15:56:18.003 [Test worker] DEBUG o.h.e.i.AbstractFlushingEventListener - Processing flush-time cascades
15:56:18.003 [Test worker] DEBUG o.h.e.i.AbstractFlushingEventListener - Dirty checking collections
15:56:18.003 [Test worker] DEBUG o.h.e.i.AbstractFlushingEventListener - Flushed: 0 insertions, 0 updates, 0 deletions to 4 objects
15:56:18.003 [Test worker] DEBUG o.h.e.i.AbstractFlushingEventListener - Flushed: 0 (re)creations, 0 updates, 0 removals to 0 collections
15:56:18.004 [Test worker] DEBUG o.h.internal.util.EntityPrinter - Listing entities:
15:56:18.004 [Test worker] DEBUG o.h.internal.util.EntityPrinter - sciConsole.domain.User{password=$2a$10$sbTqPCC0wB2c4IE5Y5RCdeWLIvtjAKEHFzHluAg7LiqkSdZNujJn2, role=sciConsole.domain.Role#2, id=5, login=Alice}
15:56:18.004 [Test worker] DEBUG o.h.internal.util.EntityPrinter - sciConsole.domain.User{password=$2a$10$UQ/jCMwn14H5VdHO4or0L.xvlGoplsSsRXHjXdbYij9UEArHJzsE2, role=sciConsole.domain.Role#1, id=6, login=Bob}
15:56:18.004 [Test worker] DEBUG o.h.internal.util.EntityPrinter - sciConsole.domain.Role{userRoles=null, role=MANAGER, id=1}
15:56:18.004 [Test worker] DEBUG o.h.internal.util.EntityPrinter - sciConsole.domain.Role{userRoles=null, role=DEVELOPER, id=2}
15:56:18.007 [Test worker] DEBUG o.h.e.t.i.jdbc.JdbcTransaction - committed JDBC Connection
15:56:18.007 [Test worker] DEBUG o.h.e.t.i.jdbc.JdbcTransaction - re-enabling autocommit
15:56:18.007 [Test worker] DEBUG o.s.orm.jpa.JpaTransactionManager - Closing JPA EntityManager [org.hibernate.jpa.internal.EntityManagerImpl@60187efe] after transaction
15:56:18.007 [Test worker] DEBUG o.s.o.jpa.EntityManagerFactoryUtils - Closing JPA EntityManager
15:56:18.007 [Test worker] DEBUG o.h.e.j.internal.JdbcCoordinatorImpl - HHH000420: Closing un-released batch
15:56:18.007 [Test worker] DEBUG o.h.e.j.i.LogicalConnectionImpl - Releasing JDBC connection
15:56:18.007 [Test worker] DEBUG o.h.e.j.i.LogicalConnectionImpl - Released JDBC connection
15:56:18.008 [Test worker] DEBUG o.s.orm.jpa.JpaTransactionManager - Creating new transaction with name [org.springframework.data.jpa.repository.support.SimpleJpaRepository.save]: PROPAGATION_REQUIRED,ISOLATION_DEFAULT; ''
15:56:18.008 [Test worker] DEBUG o.s.orm.jpa.JpaTransactionManager - Opened new EntityManager [org.hibernate.jpa.internal.EntityManagerImpl@4a8f5fe8] for JPA transaction
15:56:18.008 [Test worker] DEBUG o.h.e.t.spi.AbstractTransactionImpl - begin
15:56:18.008 [Test worker] DEBUG o.h.e.j.i.LogicalConnectionImpl - Obtaining JDBC connection
15:56:18.008 [Test worker] DEBUG o.s.j.d.DriverManagerDataSource - Creating new JDBC DriverManager Connection to [jdbc:mysql://127.0.0.1:3306/wrp3]
15:56:18.012 [Test worker] DEBUG o.h.e.j.i.LogicalConnectionImpl - Obtained JDBC connection
15:56:18.012 [Test worker] DEBUG o.h.e.t.i.jdbc.JdbcTransaction - initial autocommit status: true
15:56:18.012 [Test worker] DEBUG o.h.e.t.i.jdbc.JdbcTransaction - disabling autocommit
15:56:18.013 [Test worker] DEBUG o.s.orm.jpa.JpaTransactionManager - Exposing JPA transaction as JDBC transaction [org.springframework.orm.jpa.vendor.HibernateJpaDialect$HibernateConnectionHandle@21447a8f]
15:56:18.013 [Test worker] DEBUG org.hibernate.loader.Loader - Loading entity: [sciConsole.domain.Role#1]
15:56:18.013 [Test worker] DEBUG org.hibernate.SQL - select role0_.id as id1_4_1_, role0_.role as role2_4_1_, userroles1_.role_id as role_id1_4_3_, user2_.id as user_id2_7_3_, user2_.id as id1_8_0_, user2_.login as login2_8_0_, user2_.password as password3_8_0_, user2_1_.role_id as role_id1_7_0_ from roles role0_ left outer join user_roles userroles1_ on role0_.id=userroles1_.role_id left outer join users user2_ on userroles1_.user_id=user2_.id left outer join user_roles user2_1_ on user2_.id=user2_1_.user_id where role0_.id=?
15:56:18.014 [Test worker] DEBUG org.hibernate.loader.Loader - Result set row: 0
15:56:18.014 [Test worker] DEBUG org.hibernate.loader.Loader - Result row: EntityKey[sciConsole.domain.User#6], EntityKey[sciConsole.domain.Role#1]
15:56:18.015 [Test worker] DEBUG org.hibernate.loader.Loader - Found row of collection: [sciConsole.domain.Role.userRoles#1]
15:56:18.015 [Test worker] DEBUG o.h.engine.internal.TwoPhaseLoad - Resolving associations for [sciConsole.domain.User#6]
15:56:18.015 [Test worker] DEBUG o.h.engine.internal.TwoPhaseLoad - Done materializing entity [sciConsole.domain.User#6]
15:56:18.015 [Test worker] DEBUG o.h.engine.internal.TwoPhaseLoad - Resolving associations for [sciConsole.domain.Role#1]
15:56:18.015 [Test worker] DEBUG o.h.engine.internal.TwoPhaseLoad - Done materializing entity [sciConsole.domain.Role#1]
15:56:18.015 [Test worker] DEBUG o.h.e.l.i.CollectionLoadContext - 1 collections were found in result set for role: sciConsole.domain.Role.userRoles
15:56:18.016 [Test worker] DEBUG o.h.e.l.i.CollectionLoadContext - Collection fully initialized: [sciConsole.domain.Role.userRoles#1]
15:56:18.016 [Test worker] DEBUG o.h.e.l.i.CollectionLoadContext - 1 collections initialized for role: sciConsole.domain.Role.userRoles
15:56:18.016 [Test worker] DEBUG org.hibernate.loader.Loader - Done entity load
15:56:18.016 [Test worker] DEBUG org.hibernate.loader.Loader - Loading entity: [sciConsole.domain.Role#2]
15:56:18.016 [Test worker] DEBUG org.hibernate.SQL - select role0_.id as id1_4_1_, role0_.role as role2_4_1_, userroles1_.role_id as role_id1_4_3_, user2_.id as user_id2_7_3_, user2_.id as id1_8_0_, user2_.login as login2_8_0_, user2_.password as password3_8_0_, user2_1_.role_id as role_id1_7_0_ from roles role0_ left outer join user_roles userroles1_ on role0_.id=userroles1_.role_id left outer join users user2_ on userroles1_.user_id=user2_.id left outer join user_roles user2_1_ on user2_.id=user2_1_.user_id where role0_.id=?
15:56:18.017 [Test worker] DEBUG org.hibernate.loader.Loader - Result set row: 0
15:56:18.017 [Test worker] DEBUG org.hibernate.loader.Loader - Result row: EntityKey[sciConsole.domain.User#5], EntityKey[sciConsole.domain.Role#2]
15:56:18.018 [Test worker] DEBUG org.hibernate.loader.Loader - Found row of collection: [sciConsole.domain.Role.userRoles#2]
15:56:18.018 [Test worker] DEBUG o.h.engine.internal.TwoPhaseLoad - Resolving associations for [sciConsole.domain.User#5]
15:56:18.018 [Test worker] DEBUG o.h.engine.internal.TwoPhaseLoad - Done materializing entity [sciConsole.domain.User#5]
15:56:18.018 [Test worker] DEBUG o.h.engine.internal.TwoPhaseLoad - Resolving associations for [sciConsole.domain.Role#2]
15:56:18.018 [Test worker] DEBUG o.h.engine.internal.TwoPhaseLoad - Done materializing entity [sciConsole.domain.Role#2]
15:56:18.018 [Test worker] DEBUG o.h.e.l.i.CollectionLoadContext - 1 collections were found in result set for role: sciConsole.domain.Role.userRoles
15:56:18.018 [Test worker] DEBUG o.h.e.l.i.CollectionLoadContext - Collection fully initialized: [sciConsole.domain.Role.userRoles#2]
15:56:18.018 [Test worker] DEBUG o.h.e.l.i.CollectionLoadContext - 1 collections initialized for role: sciConsole.domain.Role.userRoles
15:56:18.019 [Test worker] DEBUG org.hibernate.loader.Loader - Done entity load
15:56:18.019 [Test worker] DEBUG o.s.orm.jpa.JpaTransactionManager - Initiating transaction commit
15:56:18.019 [Test worker] DEBUG o.s.orm.jpa.JpaTransactionManager - Committing JPA transaction on EntityManager [org.hibernate.jpa.internal.EntityManagerImpl@4a8f5fe8]
15:56:18.019 [Test worker] DEBUG o.h.e.t.spi.AbstractTransactionImpl - committing
15:56:18.019 [Test worker] DEBUG o.h.e.i.AbstractFlushingEventListener - Processing flush-time cascades
15:56:18.020 [Test worker] DEBUG o.h.e.i.AbstractFlushingEventListener - Dirty checking collections
15:56:18.020 [Test worker] DEBUG o.h.engine.internal.Collections - Collection found: [sciConsole.domain.Role.userRoles#1], was: [sciConsole.domain.Role.userRoles#1] (initialized)
15:56:18.020 [Test worker] DEBUG o.h.engine.internal.Collections - Collection found: [sciConsole.domain.Role.userRoles#2], was: [sciConsole.domain.Role.userRoles#2] (initialized)
15:56:18.020 [Test worker] DEBUG o.h.e.i.AbstractFlushingEventListener - Flushed: 0 insertions, 0 updates, 0 deletions to 4 objects
15:56:18.020 [Test worker] DEBUG o.h.e.i.AbstractFlushingEventListener - Flushed: 0 (re)creations, 0 updates, 0 removals to 2 collections
15:56:18.020 [Test worker] DEBUG o.h.internal.util.EntityPrinter - Listing entities:
15:56:18.021 [Test worker] DEBUG o.h.internal.util.EntityPrinter - sciConsole.domain.User{password=$2a$10$sbTqPCC0wB2c4IE5Y5RCdeWLIvtjAKEHFzHluAg7LiqkSdZNujJn2, role=sciConsole.domain.Role#2, id=5, login=Alice}
15:56:18.021 [Test worker] DEBUG o.h.internal.util.EntityPrinter - sciConsole.domain.User{password=$2a$10$UQ/jCMwn14H5VdHO4or0L.xvlGoplsSsRXHjXdbYij9UEArHJzsE2, role=sciConsole.domain.Role#1, id=6, login=Bob}
15:56:18.021 [Test worker] DEBUG o.h.internal.util.EntityPrinter - sciConsole.domain.Role{userRoles=[sciConsole.domain.User#6], role=MANAGER, id=1}
15:56:18.021 [Test worker] DEBUG o.h.internal.util.EntityPrinter - sciConsole.domain.Role{userRoles=[sciConsole.domain.User#5], role=DEVELOPER, id=2}
15:56:18.021 [Test worker] DEBUG o.h.e.t.i.jdbc.JdbcTransaction - committed JDBC Connection
15:56:18.021 [Test worker] DEBUG o.h.e.t.i.jdbc.JdbcTransaction - re-enabling autocommit
15:56:18.021 [Test worker] DEBUG o.s.orm.jpa.JpaTransactionManager - Closing JPA EntityManager [org.hibernate.jpa.internal.EntityManagerImpl@4a8f5fe8] after transaction
15:56:18.021 [Test worker] DEBUG o.s.o.jpa.EntityManagerFactoryUtils - Closing JPA EntityManager
15:56:18.021 [Test worker] DEBUG o.h.e.j.i.LogicalConnectionImpl - Releasing JDBC connection
15:56:18.022 [Test worker] DEBUG o.h.e.j.i.LogicalConnectionImpl - Released JDBC connection
15:56:18.022 [Test worker] DEBUG o.s.t.c.s.AbstractDirtiesContextTestExecutionListener - After test class: context [DefaultTestContext@7b91d74e testClass = CompleteChangeRequestStepDefs, testInstance = [null], testMethod = [null], testException = [null], mergedContextConfiguration = [WebMergedContextConfiguration@bfa310d testClass = CompleteChangeRequestStepDefs, locations = '{}', classes = '{class sciConsole.SciConsoleApplication, class sciConsole.controller.SessionController, class sciConsole.controller.AccountController, class sciConsole.controller.ChangeRequestController, class sciConsole.SecurityConfig, class sciConsole.WebConfig}', contextInitializerClasses = '[]', activeProfiles = '{}', propertySourceLocations = '{}', propertySourceProperties = '{}', resourceBasePath = 'src/main/webapp', contextLoader = 'org.springframework.test.context.web.WebDelegatingSmartContextLoader', parent = [null]]], class annotated with @DirtiesContext [false] with mode [null].
15:56:18.130 [Test worker] DEBUG o.s.t.w.s.TestDispatcherServlet - DispatcherServlet with name '' processing GET request for [/update-pending-requests]
15:56:18.130 [Test worker] DEBUG o.s.w.s.m.m.a.RequestMappingHandlerMapping - Looking up handler method for path /update-pending-requests
15:56:18.130 [Test worker] DEBUG o.s.w.s.m.m.a.RequestMappingHandlerMapping - Returning handler method [public org.springframework.web.servlet.ModelAndView sciConsole.controller.ChangeRequestController.updatePending(javax.servlet.http.HttpServletRequest,java.lang.Integer,java.lang.Integer,java.lang.String,java.lang.Integer,java.lang.String,java.lang.String)]
15:56:18.130 [Test worker] DEBUG o.s.b.f.s.DefaultListableBeanFactory - Returning cached instance of singleton bean 'changeRequestController'
15:56:18.130 [Test worker] DEBUG o.s.t.w.s.TestDispatcherServlet - Last-Modified value for [/update-pending-requests] is: -1
15:56:18.130 [Test worker] DEBUG o.s.o.j.s.OpenEntityManagerInViewInterceptor - Opening JPA EntityManager in OpenEntityManagerInViewInterceptor
15:56:18.132 [Test worker] DEBUG o.h.jpa.criteria.CriteriaQueryImpl - Rendered criteria query -> select generatedAlias0 from Request as generatedAlias0 where generatedAlias0.id=:param0
15:56:18.132 [Test worker] DEBUG org.hibernate.SQL - select request0_.request_id as request_1_3_, request0_.assign_to as assign_t2_3_, request0_.created_by as created_3_3_, request0_.date_created as date_cre4_3_, request0_.date_complete as date_com5_3_, request0_.due_date as due_date6_3_, request0_.priority as priority7_3_, request0_.reject_reason as reject_r8_3_, request0_.req_desc as req_desc9_3_, request0_.req_solution as req_sol10_3_, request0_.sci_id as sci_id11_3_, request0_.status as status12_3_, request0_.assigned_to as assigne13_3_, request0_.version_id as version14_3_ from request request0_ where request0_.request_id=?
15:56:18.132 [Test worker] DEBUG o.h.e.j.i.LogicalConnectionImpl - Obtaining JDBC connection
15:56:18.132 [Test worker] DEBUG o.s.j.d.DriverManagerDataSource - Creating new JDBC DriverManager Connection to [jdbc:mysql://127.0.0.1:3306/wrp3]
15:56:18.136 [Test worker] DEBUG o.h.e.j.i.LogicalConnectionImpl - Obtained JDBC connection
15:56:18.137 [Test worker] DEBUG org.hibernate.loader.Loader - Result set row: 0
15:56:18.137 [Test worker] DEBUG org.hibernate.loader.Loader - Result row: EntityKey[sciConsole.domain.Request#5]
15:56:18.137 [Test worker] DEBUG o.h.engine.internal.TwoPhaseLoad - Resolving associations for [sciConsole.domain.Request#5]
15:56:18.138 [Test worker] DEBUG o.h.engine.internal.TwoPhaseLoad - Done materializing entity [sciConsole.domain.Request#5]
15:56:18.138 [Test worker] DEBUG o.s.orm.jpa.JpaTransactionManager - Found thread-bound EntityManager [org.hibernate.jpa.internal.EntityManagerImpl@63abe8e6] for JPA transaction
15:56:18.138 [Test worker] DEBUG o.s.orm.jpa.JpaTransactionManager - Creating new transaction with name [org.springframework.data.jpa.repository.support.SimpleJpaRepository.save]: PROPAGATION_REQUIRED,ISOLATION_DEFAULT; ''
15:56:18.139 [Test worker] DEBUG o.h.e.t.spi.AbstractTransactionImpl - begin
15:56:18.139 [Test worker] DEBUG o.h.e.t.i.jdbc.JdbcTransaction - initial autocommit status: true
15:56:18.139 [Test worker] DEBUG o.h.e.t.i.jdbc.JdbcTransaction - disabling autocommit
15:56:18.139 [Test worker] DEBUG o.s.orm.jpa.JpaTransactionManager - Exposing JPA transaction as JDBC transaction [org.springframework.orm.jpa.vendor.HibernateJpaDialect$HibernateConnectionHandle@1d99bc2a]
15:56:18.139 [Test worker] DEBUG o.s.orm.jpa.JpaTransactionManager - Initiating transaction commit
15:56:18.139 [Test worker] DEBUG o.s.orm.jpa.JpaTransactionManager - Committing JPA transaction on EntityManager [org.hibernate.jpa.internal.EntityManagerImpl@63abe8e6]
15:56:18.139 [Test worker] DEBUG o.h.e.t.spi.AbstractTransactionImpl - committing
15:56:18.139 [Test worker] DEBUG o.h.e.i.AbstractFlushingEventListener - Processing flush-time cascades
15:56:18.139 [Test worker] DEBUG o.h.e.i.AbstractFlushingEventListener - Dirty checking collections
15:56:18.140 [Test worker] DEBUG o.h.e.i.AbstractFlushingEventListener - Flushed: 0 insertions, 1 updates, 0 deletions to 1 objects
15:56:18.140 [Test worker] DEBUG o.h.e.i.AbstractFlushingEventListener - Flushed: 0 (re)creations, 0 updates, 0 removals to 0 collections
15:56:18.140 [Test worker] DEBUG o.h.internal.util.EntityPrinter - Listing entities:
15:56:18.140 [Test worker] DEBUG o.h.internal.util.EntityPrinter - sciConsole.domain.Request{date=2016-01-11 15:56:18.0, dueDate=null, priority=null, type=0, versionId=1, rejectReason=feature already considered in the new release candidate, createdBy=1, dateComplete=null, reqDesc=Test Description, sciId=1, reqSolution=Test Solution, id=5, assignTo=null, status=4}
15:56:18.140 [Test worker] DEBUG org.hibernate.SQL - update request set assign_to=?, created_by=?, date_created=?, date_complete=?, due_date=?, priority=?, reject_reason=?, req_desc=?, req_solution=?, sci_id=?, status=?, assigned_to=?, version_id=? where request_id=?
15:56:18.145 [Test worker] DEBUG o.h.e.t.i.jdbc.JdbcTransaction - committed JDBC Connection
15:56:18.145 [Test worker] DEBUG o.h.e.t.i.jdbc.JdbcTransaction - re-enabling autocommit
15:56:18.145 [Test worker] DEBUG o.s.orm.jpa.JpaTransactionManager - Not closing pre-bound JPA EntityManager after transaction
15:56:18.145 [Test worker] DEBUG o.s.t.w.s.TestDispatcherServlet - Rendering view [org.springframework.web.servlet.view.JstlView: name 'return-pending-requests'; URL [/WEB-INF/views/return-pending-requests.jsp]] in DispatcherServlet with name ''
15:56:18.145 [Test worker] DEBUG o.s.b.f.s.DefaultListableBeanFactory - Returning cached instance of singleton bean 'requestDataValueProcessor'
15:56:18.145 [Test worker] DEBUG o.s.web.servlet.view.JstlView - Forwarding to resource [/WEB-INF/views/return-pending-requests.jsp] in InternalResourceView 'return-pending-requests'
15:56:18.145 [Test worker] DEBUG o.s.mock.web.MockRequestDispatcher - MockRequestDispatcher: forwarding to [/WEB-INF/views/return-pending-requests.jsp]
15:56:18.146 [Test worker] DEBUG o.s.o.j.s.OpenEntityManagerInViewInterceptor - Closing JPA EntityManager in OpenEntityManagerInViewInterceptor
15:56:18.146 [Test worker] DEBUG o.s.o.jpa.EntityManagerFactoryUtils - Closing JPA EntityManager
15:56:18.146 [Test worker] DEBUG o.h.e.j.internal.JdbcCoordinatorImpl - HHH000420: Closing un-released batch
15:56:18.146 [Test worker] DEBUG o.h.e.j.i.LogicalConnectionImpl - Releasing JDBC connection
15:56:18.146 [Test worker] DEBUG o.h.e.j.i.LogicalConnectionImpl - Released JDBC connection
15:56:18.146 [Test worker] DEBUG o.s.t.w.s.TestDispatcherServlet - Successfully completed request
15:56:18.147 [Test worker] DEBUG o.s.o.j.SharedEntityManagerCreator$SharedEntityManagerInvocationHandler - Creating new EntityManager for shared EntityManager invocation
15:56:18.148 [Test worker] DEBUG o.h.jpa.criteria.CriteriaQueryImpl - Rendered criteria query -> select generatedAlias0 from Request as generatedAlias0 where generatedAlias0.status=:param0
15:56:18.148 [Test worker] DEBUG org.hibernate.SQL - select request0_.request_id as request_1_3_, request0_.assign_to as assign_t2_3_, request0_.created_by as created_3_3_, request0_.date_created as date_cre4_3_, request0_.date_complete as date_com5_3_, request0_.due_date as due_date6_3_, request0_.priority as priority7_3_, request0_.reject_reason as reject_r8_3_, request0_.req_desc as req_desc9_3_, request0_.req_solution as req_sol10_3_, request0_.sci_id as sci_id11_3_, request0_.status as status12_3_, request0_.assigned_to as assigne13_3_, request0_.version_id as version14_3_ from request request0_ where request0_.status=?
15:56:18.148 [Test worker] DEBUG o.h.e.j.i.LogicalConnectionImpl - Obtaining JDBC connection
15:56:18.148 [Test worker] DEBUG o.s.j.d.DriverManagerDataSource - Creating new JDBC DriverManager Connection to [jdbc:mysql://127.0.0.1:3306/wrp3]
15:56:18.152 [Test worker] DEBUG o.h.e.j.i.LogicalConnectionImpl - Obtained JDBC connection
15:56:18.153 [Test worker] DEBUG org.hibernate.loader.Loader - Result set row: 0
15:56:18.153 [Test worker] DEBUG org.hibernate.loader.Loader - Result row: EntityKey[sciConsole.domain.Request#5]
15:56:18.153 [Test worker] DEBUG o.h.engine.internal.TwoPhaseLoad - Resolving associations for [sciConsole.domain.Request#5]
15:56:18.154 [Test worker] DEBUG o.h.engine.internal.TwoPhaseLoad - Done materializing entity [sciConsole.domain.Request#5]
15:56:18.154 [Test worker] DEBUG o.s.o.jpa.EntityManagerFactoryUtils - Closing JPA EntityManager
15:56:18.154 [Test worker] DEBUG o.h.e.j.i.LogicalConnectionImpl - Releasing JDBC connection
15:56:18.154 [Test worker] DEBUG o.h.e.j.i.LogicalConnectionImpl - Released JDBC connection
15:56:18.155 [Test worker] DEBUG o.s.o.j.SharedEntityManagerCreator$SharedEntityManagerInvocationHandler - Creating new EntityManager for shared EntityManager invocation
15:56:18.155 [Test worker] DEBUG o.h.jpa.criteria.CriteriaQueryImpl - Rendered criteria query -> select generatedAlias0 from Request as generatedAlias0 where generatedAlias0.status=:param0
15:56:18.156 [Test worker] DEBUG org.hibernate.SQL - select request0_.request_id as request_1_3_, request0_.assign_to as assign_t2_3_, request0_.created_by as created_3_3_, request0_.date_created as date_cre4_3_, request0_.date_complete as date_com5_3_, request0_.due_date as due_date6_3_, request0_.priority as priority7_3_, request0_.reject_reason as reject_r8_3_, request0_.req_desc as req_desc9_3_, request0_.req_solution as req_sol10_3_, request0_.sci_id as sci_id11_3_, request0_.status as status12_3_, request0_.assigned_to as assigne13_3_, request0_.version_id as version14_3_ from request request0_ where request0_.status=?
15:56:18.156 [Test worker] DEBUG o.h.e.j.i.LogicalConnectionImpl - Obtaining JDBC connection
15:56:18.156 [Test worker] DEBUG o.s.j.d.DriverManagerDataSource - Creating new JDBC DriverManager Connection to [jdbc:mysql://127.0.0.1:3306/wrp3]
15:56:18.159 [Test worker] DEBUG o.h.e.j.i.LogicalConnectionImpl - Obtained JDBC connection
15:56:18.160 [Test worker] DEBUG o.s.o.jpa.EntityManagerFactoryUtils - Closing JPA EntityManager
15:56:18.160 [Test worker] DEBUG o.h.e.j.i.LogicalConnectionImpl - Releasing JDBC connection
15:56:18.160 [Test worker] DEBUG o.h.e.j.i.LogicalConnectionImpl - Released JDBC connection
15:56:18.161 [Test worker] DEBUG o.s.orm.jpa.JpaTransactionManager - Creating new transaction with name [org.springframework.data.jpa.repository.support.SimpleJpaRepository.deleteAll]: PROPAGATION_REQUIRED,ISOLATION_DEFAULT; ''
15:56:18.161 [Test worker] DEBUG o.s.orm.jpa.JpaTransactionManager - Opened new EntityManager [org.hibernate.jpa.internal.EntityManagerImpl@36c7e244] for JPA transaction
15:56:18.161 [Test worker] DEBUG o.h.e.t.spi.AbstractTransactionImpl - begin
15:56:18.161 [Test worker] DEBUG o.h.e.j.i.LogicalConnectionImpl - Obtaining JDBC connection
15:56:18.161 [Test worker] DEBUG o.s.j.d.DriverManagerDataSource - Creating new JDBC DriverManager Connection to [jdbc:mysql://127.0.0.1:3306/wrp3]
15:56:18.165 [Test worker] DEBUG o.h.e.j.i.LogicalConnectionImpl - Obtained JDBC connection
15:56:18.165 [Test worker] DEBUG o.h.e.t.i.jdbc.JdbcTransaction - initial autocommit status: true
15:56:18.165 [Test worker] DEBUG o.h.e.t.i.jdbc.JdbcTransaction - disabling autocommit
15:56:18.165 [Test worker] DEBUG o.s.orm.jpa.JpaTransactionManager - Exposing JPA transaction as JDBC transaction [org.springframework.orm.jpa.vendor.HibernateJpaDialect$HibernateConnectionHandle@43974585]
15:56:18.165 [Test worker] DEBUG o.h.jpa.criteria.CriteriaQueryImpl - Rendered criteria query -> select generatedAlias0 from Request as generatedAlias0
15:56:18.166 [Test worker] DEBUG org.hibernate.SQL - select request0_.request_id as request_1_3_, request0_.assign_to as assign_t2_3_, request0_.created_by as created_3_3_, request0_.date_created as date_cre4_3_, request0_.date_complete as date_com5_3_, request0_.due_date as due_date6_3_, request0_.priority as priority7_3_, request0_.reject_reason as reject_r8_3_, request0_.req_desc as req_desc9_3_, request0_.req_solution as req_sol10_3_, request0_.sci_id as sci_id11_3_, request0_.status as status12_3_, request0_.assigned_to as assigne13_3_, request0_.version_id as version14_3_ from request request0_
15:56:18.166 [Test worker] DEBUG org.hibernate.loader.Loader - Result set row: 0
15:56:18.167 [Test worker] DEBUG org.hibernate.loader.Loader - Result row: EntityKey[sciConsole.domain.Request#5]
15:56:18.167 [Test worker] DEBUG o.h.engine.internal.TwoPhaseLoad - Resolving associations for [sciConsole.domain.Request#5]
15:56:18.167 [Test worker] DEBUG o.h.engine.internal.TwoPhaseLoad - Done materializing entity [sciConsole.domain.Request#5]
15:56:18.168 [Test worker] DEBUG o.s.orm.jpa.JpaTransactionManager - Initiating transaction commit
15:56:18.168 [Test worker] DEBUG o.s.orm.jpa.JpaTransactionManager - Committing JPA transaction on EntityManager [org.hibernate.jpa.internal.EntityManagerImpl@36c7e244]
15:56:18.168 [Test worker] DEBUG o.h.e.t.spi.AbstractTransactionImpl - committing
15:56:18.168 [Test worker] DEBUG o.h.e.i.AbstractFlushingEventListener - Processing flush-time cascades
15:56:18.168 [Test worker] DEBUG o.h.e.i.AbstractFlushingEventListener - Dirty checking collections
15:56:18.168 [Test worker] DEBUG o.h.e.i.AbstractFlushingEventListener - Flushed: 0 insertions, 0 updates, 1 deletions to 1 objects
15:56:18.168 [Test worker] DEBUG o.h.e.i.AbstractFlushingEventListener - Flushed: 0 (re)creations, 0 updates, 0 removals to 0 collections
15:56:18.168 [Test worker] DEBUG o.h.internal.util.EntityPrinter - Listing entities:
15:56:18.168 [Test worker] DEBUG o.h.internal.util.EntityPrinter - sciConsole.domain.Request{date=2016-01-11 15:56:18.0, dueDate=null, priority=null, type=0, versionId=1, rejectReason=feature already considered in the new release candidate, createdBy=1, dateComplete=null, reqDesc=Test Description, sciId=1, reqSolution=Test Solution, id=5, assignTo=null, status=4}
15:56:18.169 [Test worker] DEBUG org.hibernate.SQL - delete from request where request_id=?
15:56:18.173 [Test worker] DEBUG o.h.e.t.i.jdbc.JdbcTransaction - committed JDBC Connection
15:56:18.173 [Test worker] DEBUG o.h.e.t.i.jdbc.JdbcTransaction - re-enabling autocommit
15:56:18.173 [Test worker] DEBUG o.s.orm.jpa.JpaTransactionManager - Closing JPA EntityManager [org.hibernate.jpa.internal.EntityManagerImpl@36c7e244] after transaction
15:56:18.173 [Test worker] DEBUG o.s.o.jpa.EntityManagerFactoryUtils - Closing JPA EntityManager
15:56:18.173 [Test worker] DEBUG o.h.e.j.internal.JdbcCoordinatorImpl - HHH000420: Closing un-released batch
15:56:18.173 [Test worker] DEBUG o.h.e.j.i.LogicalConnectionImpl - Releasing JDBC connection
15:56:18.173 [Test worker] DEBUG o.h.e.j.i.LogicalConnectionImpl - Released JDBC connection
15:56:18.173 [Test worker] DEBUG o.s.orm.jpa.JpaTransactionManager - Creating new transaction with name [org.springframework.data.jpa.repository.support.SimpleJpaRepository.save]: PROPAGATION_REQUIRED,ISOLATION_DEFAULT; ''
15:56:18.173 [Test worker] DEBUG o.s.orm.jpa.JpaTransactionManager - Opened new EntityManager [org.hibernate.jpa.internal.EntityManagerImpl@24ae078d] for JPA transaction
15:56:18.173 [Test worker] DEBUG o.h.e.t.spi.AbstractTransactionImpl - begin
15:56:18.173 [Test worker] DEBUG o.h.e.j.i.LogicalConnectionImpl - Obtaining JDBC connection
15:56:18.173 [Test worker] DEBUG o.s.j.d.DriverManagerDataSource - Creating new JDBC DriverManager Connection to [jdbc:mysql://127.0.0.1:3306/wrp3]
15:56:18.178 [Test worker] DEBUG o.h.e.j.i.LogicalConnectionImpl - Obtained JDBC connection
15:56:18.178 [Test worker] DEBUG o.h.e.t.i.jdbc.JdbcTransaction - initial autocommit status: true
15:56:18.178 [Test worker] DEBUG o.h.e.t.i.jdbc.JdbcTransaction - disabling autocommit
15:56:18.178 [Test worker] DEBUG o.s.orm.jpa.JpaTransactionManager - Exposing JPA transaction as JDBC transaction [org.springframework.orm.jpa.vendor.HibernateJpaDialect$HibernateConnectionHandle@5a06494d]
15:56:18.178 [Test worker] DEBUG o.s.orm.jpa.JpaTransactionManager - Initiating transaction commit
15:56:18.178 [Test worker] DEBUG o.s.orm.jpa.JpaTransactionManager - Committing JPA transaction on EntityManager [org.hibernate.jpa.internal.EntityManagerImpl@24ae078d]
15:56:18.178 [Test worker] DEBUG o.h.e.t.spi.AbstractTransactionImpl - committing
15:56:18.179 [Test worker] DEBUG o.h.e.t.i.jdbc.JdbcTransaction - committed JDBC Connection
15:56:18.179 [Test worker] DEBUG o.h.e.t.i.jdbc.JdbcTransaction - re-enabling autocommit
15:56:18.179 [Test worker] DEBUG o.s.orm.jpa.JpaTransactionManager - Closing JPA EntityManager [org.hibernate.jpa.internal.EntityManagerImpl@24ae078d] after transaction
15:56:18.179 [Test worker] DEBUG o.s.o.jpa.EntityManagerFactoryUtils - Closing JPA EntityManager
15:56:18.179 [Test worker] DEBUG o.h.e.j.i.LogicalConnectionImpl - Releasing JDBC connection
15:56:18.179 [Test worker] DEBUG o.h.e.j.i.LogicalConnectionImpl - Released JDBC connection
15:56:18.180 [Test worker] DEBUG o.s.orm.jpa.JpaTransactionManager - Creating new transaction with name [org.springframework.data.jpa.repository.support.SimpleJpaRepository.deleteAll]: PROPAGATION_REQUIRED,ISOLATION_DEFAULT; ''
15:56:18.180 [Test worker] DEBUG o.s.orm.jpa.JpaTransactionManager - Opened new EntityManager [org.hibernate.jpa.internal.EntityManagerImpl@7d83cf1c] for JPA transaction
15:56:18.180 [Test worker] DEBUG o.h.e.t.spi.AbstractTransactionImpl - begin
15:56:18.180 [Test worker] DEBUG o.h.e.j.i.LogicalConnectionImpl - Obtaining JDBC connection
15:56:18.180 [Test worker] DEBUG o.s.j.d.DriverManagerDataSource - Creating new JDBC DriverManager Connection to [jdbc:mysql://127.0.0.1:3306/wrp3]
15:56:18.185 [Test worker] DEBUG o.h.e.j.i.LogicalConnectionImpl - Obtained JDBC connection
15:56:18.185 [Test worker] DEBUG o.h.e.t.i.jdbc.JdbcTransaction - initial autocommit status: true
15:56:18.185 [Test worker] DEBUG o.h.e.t.i.jdbc.JdbcTransaction - disabling autocommit
15:56:18.185 [Test worker] DEBUG o.s.orm.jpa.JpaTransactionManager - Exposing JPA transaction as JDBC transaction [org.springframework.orm.jpa.vendor.HibernateJpaDialect$HibernateConnectionHandle@1141ed7b]
15:56:18.185 [Test worker] DEBUG o.h.jpa.criteria.CriteriaQueryImpl - Rendered criteria query -> select generatedAlias0 from Request as generatedAlias0
15:56:18.186 [Test worker] DEBUG org.hibernate.SQL - select request0_.request_id as request_1_3_, request0_.assign_to as assign_t2_3_, request0_.created_by as created_3_3_, request0_.date_created as date_cre4_3_, request0_.date_complete as date_com5_3_, request0_.due_date as due_date6_3_, request0_.priority as priority7_3_, request0_.reject_reason as reject_r8_3_, request0_.req_desc as req_desc9_3_, request0_.req_solution as req_sol10_3_, request0_.sci_id as sci_id11_3_, request0_.status as status12_3_, request0_.assigned_to as assigne13_3_, request0_.version_id as version14_3_ from request request0_
15:56:18.186 [Test worker] DEBUG o.s.orm.jpa.JpaTransactionManager - Initiating transaction commit
15:56:18.186 [Test worker] DEBUG o.s.orm.jpa.JpaTransactionManager - Committing JPA transaction on EntityManager [org.hibernate.jpa.internal.EntityManagerImpl@7d83cf1c]
15:56:18.186 [Test worker] DEBUG o.h.e.t.spi.AbstractTransactionImpl - committing
15:56:18.187 [Test worker] DEBUG o.h.e.t.i.jdbc.JdbcTransaction - committed JDBC Connection
15:56:18.187 [Test worker] DEBUG o.h.e.t.i.jdbc.JdbcTransaction - re-enabling autocommit
15:56:18.187 [Test worker] DEBUG o.s.orm.jpa.JpaTransactionManager - Closing JPA EntityManager [org.hibernate.jpa.internal.EntityManagerImpl@7d83cf1c] after transaction
15:56:18.187 [Test worker] DEBUG o.s.o.jpa.EntityManagerFactoryUtils - Closing JPA EntityManager
15:56:18.187 [Test worker] DEBUG o.h.e.j.i.LogicalConnectionImpl - Releasing JDBC connection
15:56:18.187 [Test worker] DEBUG o.h.e.j.i.LogicalConnectionImpl - Released JDBC connection
15:56:18.187 [Test worker] DEBUG o.s.orm.jpa.JpaTransactionManager - Creating new transaction with name [org.springframework.data.jpa.repository.support.SimpleJpaRepository.save]: PROPAGATION_REQUIRED,ISOLATION_DEFAULT; ''
15:56:18.188 [Test worker] DEBUG o.s.orm.jpa.JpaTransactionManager - Opened new EntityManager [org.hibernate.jpa.internal.EntityManagerImpl@6b74fe61] for JPA transaction
15:56:18.188 [Test worker] DEBUG o.h.e.t.spi.AbstractTransactionImpl - begin
15:56:18.188 [Test worker] DEBUG o.h.e.j.i.LogicalConnectionImpl - Obtaining JDBC connection
15:56:18.188 [Test worker] DEBUG o.s.j.d.DriverManagerDataSource - Creating new JDBC DriverManager Connection to [jdbc:mysql://127.0.0.1:3306/wrp3]
15:56:18.191 [Test worker] DEBUG o.h.e.j.i.LogicalConnectionImpl - Obtained JDBC connection
15:56:18.192 [Test worker] DEBUG o.h.e.t.i.jdbc.JdbcTransaction - initial autocommit status: true
15:56:18.192 [Test worker] DEBUG o.h.e.t.i.jdbc.JdbcTransaction - disabling autocommit
15:56:18.192 [Test worker] DEBUG o.s.orm.jpa.JpaTransactionManager - Exposing JPA transaction as JDBC transaction [org.springframework.orm.jpa.vendor.HibernateJpaDialect$HibernateConnectionHandle@6048f6da]
15:56:18.192 [Test worker] DEBUG o.s.orm.jpa.JpaTransactionManager - Initiating transaction commit
15:56:18.192 [Test worker] DEBUG o.s.orm.jpa.JpaTransactionManager - Committing JPA transaction on EntityManager [org.hibernate.jpa.internal.EntityManagerImpl@6b74fe61]
15:56:18.192 [Test worker] DEBUG o.h.e.t.spi.AbstractTransactionImpl - committing
15:56:18.192 [Test worker] DEBUG o.h.e.t.i.jdbc.JdbcTransaction - committed JDBC Connection
15:56:18.192 [Test worker] DEBUG o.h.e.t.i.jdbc.JdbcTransaction - re-enabling autocommit
15:56:18.192 [Test worker] DEBUG o.s.orm.jpa.JpaTransactionManager - Closing JPA EntityManager [org.hibernate.jpa.internal.EntityManagerImpl@6b74fe61] after transaction
15:56:18.192 [Test worker] DEBUG o.s.o.jpa.EntityManagerFactoryUtils - Closing JPA EntityManager
15:56:18.192 [Test worker] DEBUG o.h.e.j.i.LogicalConnectionImpl - Releasing JDBC connection
15:56:18.193 [Test worker] DEBUG o.h.e.j.i.LogicalConnectionImpl - Released JDBC connection
15:56:18.193 [Test worker] DEBUG o.s.orm.jpa.JpaTransactionManager - Creating new transaction with name [org.springframework.data.jpa.repository.support.SimpleJpaRepository.deleteAll]: PROPAGATION_REQUIRED,ISOLATION_DEFAULT; ''
15:56:18.194 [Test worker] DEBUG o.s.orm.jpa.JpaTransactionManager - Opened new EntityManager [org.hibernate.jpa.internal.EntityManagerImpl@6c7b77f7] for JPA transaction
15:56:18.194 [Test worker] DEBUG o.h.e.t.spi.AbstractTransactionImpl - begin
15:56:18.194 [Test worker] DEBUG o.h.e.j.i.LogicalConnectionImpl - Obtaining JDBC connection
15:56:18.194 [Test worker] DEBUG o.s.j.d.DriverManagerDataSource - Creating new JDBC DriverManager Connection to [jdbc:mysql://127.0.0.1:3306/wrp3]
15:56:18.198 [Test worker] DEBUG o.h.e.j.i.LogicalConnectionImpl - Obtained JDBC connection
15:56:18.198 [Test worker] DEBUG o.h.e.t.i.jdbc.JdbcTransaction - initial autocommit status: true
15:56:18.198 [Test worker] DEBUG o.h.e.t.i.jdbc.JdbcTransaction - disabling autocommit
15:56:18.198 [Test worker] DEBUG o.s.orm.jpa.JpaTransactionManager - Exposing JPA transaction as JDBC transaction [org.springframework.orm.jpa.vendor.HibernateJpaDialect$HibernateConnectionHandle@182b4601]
15:56:18.198 [Test worker] DEBUG o.h.jpa.criteria.CriteriaQueryImpl - Rendered criteria query -> select generatedAlias0 from User as generatedAlias0
15:56:18.199 [Test worker] DEBUG org.hibernate.SQL - select user0_.id as id1_8_, user0_.login as login2_8_, user0_.password as password3_8_, user0_1_.role_id as role_id1_7_ from users user0_ left outer join user_roles user0_1_ on user0_.id=user0_1_.user_id
15:56:18.199 [Test worker] DEBUG org.hibernate.loader.Loader - Result set row: 0
15:56:18.200 [Test worker] DEBUG org.hibernate.loader.Loader - Result row: EntityKey[sciConsole.domain.User#5]
15:56:18.200 [Test worker] DEBUG org.hibernate.loader.Loader - Result set row: 1
15:56:18.200 [Test worker] DEBUG org.hibernate.loader.Loader - Result row: EntityKey[sciConsole.domain.User#6]
15:56:18.200 [Test worker] DEBUG o.h.engine.internal.TwoPhaseLoad - Resolving associations for [sciConsole.domain.User#5]
15:56:18.200 [Test worker] DEBUG org.hibernate.SQL - select role0_.id as id1_4_0_, role0_.role as role2_4_0_ from roles role0_ where role0_.id=?
15:56:18.201 [Test worker] DEBUG o.h.l.p.e.p.i.ResultSetProcessorImpl - Starting ResultSet row #0
15:56:18.201 [Test worker] DEBUG o.h.l.p.e.p.i.EntityReferenceInitializerImpl - On call to EntityIdentifierReaderImpl#resolve, EntityKey was already known; should only happen on root returns with an optional identifier specified
15:56:18.201 [Test worker] DEBUG o.h.engine.internal.TwoPhaseLoad - Resolving associations for [sciConsole.domain.Role#2]
15:56:18.201 [Test worker] DEBUG o.h.engine.internal.TwoPhaseLoad - Done materializing entity [sciConsole.domain.Role#2]
15:56:18.201 [Test worker] DEBUG o.h.l.e.p.AbstractLoadPlanBasedEntityLoader - Done entity load : sciConsole.domain.Role#2
15:56:18.201 [Test worker] DEBUG o.h.engine.internal.TwoPhaseLoad - Done materializing entity [sciConsole.domain.User#5]
15:56:18.202 [Test worker] DEBUG o.h.engine.internal.TwoPhaseLoad - Resolving associations for [sciConsole.domain.User#6]
15:56:18.202 [Test worker] DEBUG org.hibernate.SQL - select role0_.id as id1_4_0_, role0_.role as role2_4_0_ from roles role0_ where role0_.id=?
15:56:18.202 [Test worker] DEBUG o.h.l.p.e.p.i.ResultSetProcessorImpl - Starting ResultSet row #0
15:56:18.202 [Test worker] DEBUG o.h.l.p.e.p.i.EntityReferenceInitializerImpl - On call to EntityIdentifierReaderImpl#resolve, EntityKey was already known; should only happen on root returns with an optional identifier specified
15:56:18.202 [Test worker] DEBUG o.h.engine.internal.TwoPhaseLoad - Resolving associations for [sciConsole.domain.Role#1]
15:56:18.203 [Test worker] DEBUG o.h.engine.internal.TwoPhaseLoad - Done materializing entity [sciConsole.domain.Role#1]
15:56:18.203 [Test worker] DEBUG o.h.l.e.p.AbstractLoadPlanBasedEntityLoader - Done entity load : sciConsole.domain.Role#1
15:56:18.203 [Test worker] DEBUG o.h.engine.internal.TwoPhaseLoad - Done materializing entity [sciConsole.domain.User#6]
15:56:18.204 [Test worker] DEBUG o.h.l.c.p.AbstractLoadPlanBasedCollectionInitializer - Loading collection: [sciConsole.domain.Role.userRoles#2]
15:56:18.204 [Test worker] DEBUG org.hibernate.SQL - select userroles0_.role_id as role_id1_4_0_, userroles0_.user_id as user_id2_7_0_, user1_.id as id1_8_1_, user1_.login as login2_8_1_, user1_.password as password3_8_1_, user1_1_.role_id as role_id1_7_1_ from user_roles userroles0_ inner join users user1_ on userroles0_.user_id=user1_.id left outer join user_roles user1_1_ on user1_.id=user1_1_.user_id where userroles0_.role_id=?
15:56:18.205 [Test worker] DEBUG o.h.l.p.e.p.i.ResultSetProcessorImpl - Preparing collection intializer : [sciConsole.domain.Role.userRoles#2]
15:56:18.205 [Test worker] DEBUG o.h.l.p.e.p.i.ResultSetProcessorImpl - Starting ResultSet row #0
15:56:18.205 [Test worker] DEBUG o.h.l.p.e.p.i.CollectionReferenceInitializerImpl - Found row of collection: [sciConsole.domain.Role.userRoles#2]
15:56:18.205 [Test worker] DEBUG o.h.e.l.i.CollectionLoadContext - 1 collections were found in result set for role: sciConsole.domain.Role.userRoles
15:56:18.205 [Test worker] DEBUG o.h.e.l.i.CollectionLoadContext - Collection fully initialized: [sciConsole.domain.Role.userRoles#2]
15:56:18.205 [Test worker] DEBUG o.h.e.l.i.CollectionLoadContext - 1 collections initialized for role: sciConsole.domain.Role.userRoles
15:56:18.206 [Test worker] DEBUG o.h.l.c.p.AbstractLoadPlanBasedCollectionInitializer - Done loading collection
15:56:18.206 [Test worker] DEBUG o.h.l.c.p.AbstractLoadPlanBasedCollectionInitializer - Loading collection: [sciConsole.domain.Role.userRoles#1]
15:56:18.206 [Test worker] DEBUG org.hibernate.SQL - select userroles0_.role_id as role_id1_4_0_, userroles0_.user_id as user_id2_7_0_, user1_.id as id1_8_1_, user1_.login as login2_8_1_, user1_.password as password3_8_1_, user1_1_.role_id as role_id1_7_1_ from user_roles userroles0_ inner join users user1_ on userroles0_.user_id=user1_.id left outer join user_roles user1_1_ on user1_.id=user1_1_.user_id where userroles0_.role_id=?
15:56:18.207 [Test worker] DEBUG o.h.l.p.e.p.i.ResultSetProcessorImpl - Preparing collection intializer : [sciConsole.domain.Role.userRoles#1]
15:56:18.207 [Test worker] DEBUG o.h.l.p.e.p.i.ResultSetProcessorImpl - Starting ResultSet row #0
15:56:18.207 [Test worker] DEBUG o.h.l.p.e.p.i.CollectionReferenceInitializerImpl - Found row of collection: [sciConsole.domain.Role.userRoles#1]
15:56:18.208 [Test worker] DEBUG o.h.e.l.i.CollectionLoadContext - 1 collections were found in result set for role: sciConsole.domain.Role.userRoles
15:56:18.208 [Test worker] DEBUG o.h.e.l.i.CollectionLoadContext - Collection fully initialized: [sciConsole.domain.Role.userRoles#1]
15:56:18.208 [Test worker] DEBUG o.h.e.l.i.CollectionLoadContext - 1 collections initialized for role: sciConsole.domain.Role.userRoles
15:56:18.208 [Test worker] DEBUG o.h.l.c.p.AbstractLoadPlanBasedCollectionInitializer - Done loading collection
15:56:18.208 [Test worker] DEBUG o.s.orm.jpa.JpaTransactionManager - Initiating transaction commit
15:56:18.208 [Test worker] DEBUG o.s.orm.jpa.JpaTransactionManager - Committing JPA transaction on EntityManager [org.hibernate.jpa.internal.EntityManagerImpl@6c7b77f7]
15:56:18.208 [Test worker] DEBUG o.h.e.t.spi.AbstractTransactionImpl - committing
15:56:18.208 [Test worker] DEBUG o.h.e.i.AbstractFlushingEventListener - Processing flush-time cascades
15:56:18.208 [Test worker] DEBUG o.h.e.i.AbstractFlushingEventListener - Dirty checking collections
15:56:18.209 [Test worker] DEBUG o.h.engine.internal.Collections - Collection dereferenced: [sciConsole.domain.Role.userRoles#2]
15:56:18.209 [Test worker] DEBUG o.h.engine.internal.Collections - Collection dereferenced: [sciConsole.domain.Role.userRoles#1]
15:56:18.209 [Test worker] DEBUG o.h.e.i.AbstractFlushingEventListener - Flushed: 0 insertions, 0 updates, 4 deletions to 4 objects
15:56:18.209 [Test worker] DEBUG o.h.e.i.AbstractFlushingEventListener - Flushed: 0 (re)creations, 0 updates, 2 removals to 2 collections
15:56:18.209 [Test worker] DEBUG o.h.internal.util.EntityPrinter - Listing entities:
15:56:18.209 [Test worker] DEBUG o.h.internal.util.EntityPrinter - sciConsole.domain.User{password=$2a$10$sbTqPCC0wB2c4IE5Y5RCdeWLIvtjAKEHFzHluAg7LiqkSdZNujJn2, role=sciConsole.domain.Role#2, id=5, login=Alice}
15:56:18.209 [Test worker] DEBUG o.h.internal.util.EntityPrinter - sciConsole.domain.User{password=$2a$10$UQ/jCMwn14H5VdHO4or0L.xvlGoplsSsRXHjXdbYij9UEArHJzsE2, role=sciConsole.domain.Role#1, id=6, login=Bob}
15:56:18.209 [Test worker] DEBUG o.h.internal.util.EntityPrinter - sciConsole.domain.Role{userRoles=[sciConsole.domain.User#6], role=MANAGER, id=1}
15:56:18.209 [Test worker] DEBUG o.h.internal.util.EntityPrinter - sciConsole.domain.Role{userRoles=[sciConsole.domain.User#5], role=DEVELOPER, id=2}
15:56:18.209 [Test worker] DEBUG o.h.p.c.AbstractCollectionPersister - Deleting collection: [sciConsole.domain.Role.userRoles#2]
15:56:18.209 [Test worker] DEBUG org.hibernate.SQL - delete from user_roles where role_id=?
15:56:18.211 [Test worker] DEBUG o.h.p.c.AbstractCollectionPersister - Done deleting collection
15:56:18.211 [Test worker] DEBUG o.h.p.c.AbstractCollectionPersister - Deleting collection: [sciConsole.domain.Role.userRoles#1]
15:56:18.211 [Test worker] DEBUG org.hibernate.SQL - delete from user_roles where role_id=?
15:56:18.212 [Test worker] DEBUG o.h.p.c.AbstractCollectionPersister - Done deleting collection
15:56:18.212 [Test worker] DEBUG org.hibernate.SQL - delete from user_roles where user_id=?
15:56:18.213 [Test worker] DEBUG org.hibernate.SQL - delete from users where id=?
15:56:18.214 [Test worker] DEBUG org.hibernate.SQL - delete from roles where id=?
15:56:18.214 [Test worker] DEBUG org.hibernate.SQL - delete from user_roles where user_id=?
15:56:18.215 [Test worker] DEBUG org.hibernate.SQL - delete from users where id=?
15:56:18.216 [Test worker] DEBUG org.hibernate.SQL - delete from roles where id=?
15:56:18.220 [Test worker] DEBUG o.h.e.t.i.jdbc.JdbcTransaction - committed JDBC Connection
15:56:18.220 [Test worker] DEBUG o.h.e.t.i.jdbc.JdbcTransaction - re-enabling autocommit
15:56:18.220 [Test worker] DEBUG o.s.orm.jpa.JpaTransactionManager - Closing JPA EntityManager [org.hibernate.jpa.internal.EntityManagerImpl@6c7b77f7] after transaction
15:56:18.220 [Test worker] DEBUG o.s.o.jpa.EntityManagerFactoryUtils - Closing JPA EntityManager
15:56:18.220 [Test worker] DEBUG o.h.e.j.internal.JdbcCoordinatorImpl - HHH000420: Closing un-released batch
15:56:18.220 [Test worker] DEBUG o.h.e.j.i.LogicalConnectionImpl - Releasing JDBC connection
15:56:18.220 [Test worker] DEBUG o.h.e.j.i.LogicalConnectionImpl - Released JDBC connection
15:56:18.221 [Test worker] DEBUG o.s.orm.jpa.JpaTransactionManager - Creating new transaction with name [org.springframework.data.jpa.repository.support.SimpleJpaRepository.deleteAll]: PROPAGATION_REQUIRED,ISOLATION_DEFAULT; ''
15:56:18.221 [Test worker] DEBUG o.s.orm.jpa.JpaTransactionManager - Opened new EntityManager [org.hibernate.jpa.internal.EntityManagerImpl@72ec291c] for JPA transaction
15:56:18.221 [Test worker] DEBUG o.h.e.t.spi.AbstractTransactionImpl - begin
15:56:18.221 [Test worker] DEBUG o.h.e.j.i.LogicalConnectionImpl - Obtaining JDBC connection
15:56:18.221 [Test worker] DEBUG o.s.j.d.DriverManagerDataSource - Creating new JDBC DriverManager Connection to [jdbc:mysql://127.0.0.1:3306/wrp3]
15:56:18.225 [Test worker] DEBUG o.h.e.j.i.LogicalConnectionImpl - Obtained JDBC connection
15:56:18.225 [Test worker] DEBUG o.h.e.t.i.jdbc.JdbcTransaction - initial autocommit status: true
15:56:18.225 [Test worker] DEBUG o.h.e.t.i.jdbc.JdbcTransaction - disabling autocommit
15:56:18.226 [Test worker] DEBUG o.s.orm.jpa.JpaTransactionManager - Exposing JPA transaction as JDBC transaction [org.springframework.orm.jpa.vendor.HibernateJpaDialect$HibernateConnectionHandle@5ff50c15]
15:56:18.226 [Test worker] DEBUG o.h.jpa.criteria.CriteriaQueryImpl - Rendered criteria query -> select generatedAlias0 from Role as generatedAlias0
15:56:18.226 [Test worker] DEBUG org.hibernate.SQL - select role0_.id as id1_4_, role0_.role as role2_4_ from roles role0_
15:56:18.228 [Test worker] DEBUG o.s.orm.jpa.JpaTransactionManager - Initiating transaction commit
15:56:18.228 [Test worker] DEBUG o.s.orm.jpa.JpaTransactionManager - Committing JPA transaction on EntityManager [org.hibernate.jpa.internal.EntityManagerImpl@72ec291c]
15:56:18.228 [Test worker] DEBUG o.h.e.t.spi.AbstractTransactionImpl - committing
15:56:18.228 [Test worker] DEBUG o.h.e.t.i.jdbc.JdbcTransaction - committed JDBC Connection
15:56:18.228 [Test worker] DEBUG o.h.e.t.i.jdbc.JdbcTransaction - re-enabling autocommit
15:56:18.228 [Test worker] DEBUG o.s.orm.jpa.JpaTransactionManager - Closing JPA EntityManager [org.hibernate.jpa.internal.EntityManagerImpl@72ec291c] after transaction
15:56:18.228 [Test worker] DEBUG o.s.o.jpa.EntityManagerFactoryUtils - Closing JPA EntityManager
15:56:18.228 [Test worker] DEBUG o.h.e.j.i.LogicalConnectionImpl - Releasing JDBC connection
15:56:18.228 [Test worker] DEBUG o.h.e.j.i.LogicalConnectionImpl - Released JDBC connection
15:56:18.229 [Test worker] DEBUG o.s.orm.jpa.JpaTransactionManager - Creating new transaction with name [org.springframework.data.jpa.repository.support.SimpleJpaRepository.save]: PROPAGATION_REQUIRED,ISOLATION_DEFAULT; ''
15:56:18.229 [Test worker] DEBUG o.s.orm.jpa.JpaTransactionManager - Opened new EntityManager [org.hibernate.jpa.internal.EntityManagerImpl@27aa2c38] for JPA transaction
15:56:18.229 [Test worker] DEBUG o.h.e.t.spi.AbstractTransactionImpl - begin
15:56:18.229 [Test worker] DEBUG o.h.e.j.i.LogicalConnectionImpl - Obtaining JDBC connection
15:56:18.229 [Test worker] DEBUG o.s.j.d.DriverManagerDataSource - Creating new JDBC DriverManager Connection to [jdbc:mysql://127.0.0.1:3306/wrp3]
15:56:18.233 [Test worker] DEBUG o.h.e.j.i.LogicalConnectionImpl - Obtained JDBC connection
15:56:18.233 [Test worker] DEBUG o.h.e.t.i.jdbc.JdbcTransaction - initial autocommit status: true
15:56:18.233 [Test worker] DEBUG o.h.e.t.i.jdbc.JdbcTransaction - disabling autocommit
15:56:18.233 [Test worker] DEBUG o.s.orm.jpa.JpaTransactionManager - Exposing JPA transaction as JDBC transaction [org.springframework.orm.jpa.vendor.HibernateJpaDialect$HibernateConnectionHandle@1415802b]
15:56:18.234 [Test worker] DEBUG org.hibernate.loader.Loader - Loading entity: [sciConsole.domain.User#5]
15:56:18.234 [Test worker] DEBUG org.hibernate.SQL - select user0_.id as id1_8_1_, user0_.login as login2_8_1_, user0_.password as password3_8_1_, user0_1_.role_id as role_id1_7_1_, role1_.id as id1_4_0_, role1_.role as role2_4_0_ from users user0_ left outer join user_roles user0_1_ on user0_.id=user0_1_.user_id left outer join roles role1_ on user0_1_.role_id=role1_.id where user0_.id=?
15:56:18.234 [Test worker] DEBUG org.hibernate.loader.Loader - Done entity load
15:56:18.235 [Test worker] DEBUG org.hibernate.loader.Loader - Loading entity: [sciConsole.domain.Role#2]
15:56:18.235 [Test worker] DEBUG org.hibernate.SQL - select role0_.id as id1_4_1_, role0_.role as role2_4_1_, userroles1_.role_id as role_id1_4_3_, user2_.id as user_id2_7_3_, user2_.id as id1_8_0_, user2_.login as login2_8_0_, user2_.password as password3_8_0_, user2_1_.role_id as role_id1_7_0_ from roles role0_ left outer join user_roles userroles1_ on role0_.id=userroles1_.role_id left outer join users user2_ on userroles1_.user_id=user2_.id left outer join user_roles user2_1_ on user2_.id=user2_1_.user_id where role0_.id=?
15:56:18.235 [Test worker] DEBUG o.h.e.l.i.CollectionLoadContext - No collections were found in result set for role: sciConsole.domain.Role.userRoles
15:56:18.236 [Test worker] DEBUG org.hibernate.loader.Loader - Done entity load
15:56:18.236 [Test worker] DEBUG o.h.e.i.AbstractSaveEventListener - Generated identifier: 2, using strategy: org.hibernate.id.Assigned
15:56:18.236 [Test worker] DEBUG org.hibernate.SQL - insert into roles (role, id) values (?, ?)
15:56:18.238 [Test worker] DEBUG org.hibernate.engine.spi.ActionQueue - Executing identity-insert immediately
15:56:18.238 [Test worker] DEBUG org.hibernate.SQL - insert into users (login, password) values (?, ?)
15:56:18.239 [Test worker] DEBUG o.h.id.IdentifierGeneratorHelper - Natively generated identity: 7
15:56:18.239 [Test worker] DEBUG org.hibernate.SQL - insert into user_roles (role_id, user_id) values (?, ?)
15:56:18.241 [Test worker] DEBUG org.hibernate.loader.Loader - Loading entity: [sciConsole.domain.User#6]
15:56:18.241 [Test worker] DEBUG org.hibernate.SQL - select user0_.id as id1_8_1_, user0_.login as login2_8_1_, user0_.password as password3_8_1_, user0_1_.role_id as role_id1_7_1_, role1_.id as id1_4_0_, role1_.role as role2_4_0_ from users user0_ left outer join user_roles user0_1_ on user0_.id=user0_1_.user_id left outer join roles role1_ on user0_1_.role_id=role1_.id where user0_.id=?
15:56:18.242 [Test worker] DEBUG org.hibernate.loader.Loader - Done entity load
15:56:18.242 [Test worker] DEBUG org.hibernate.loader.Loader - Loading entity: [sciConsole.domain.Role#1]
15:56:18.242 [Test worker] DEBUG org.hibernate.SQL - select role0_.id as id1_4_1_, role0_.role as role2_4_1_, userroles1_.role_id as role_id1_4_3_, user2_.id as user_id2_7_3_, user2_.id as id1_8_0_, user2_.login as login2_8_0_, user2_.password as password3_8_0_, user2_1_.role_id as role_id1_7_0_ from roles role0_ left outer join user_roles userroles1_ on role0_.id=userroles1_.role_id left outer join users user2_ on userroles1_.user_id=user2_.id left outer join user_roles user2_1_ on user2_.id=user2_1_.user_id where role0_.id=?
15:56:18.243 [Test worker] DEBUG o.h.e.l.i.CollectionLoadContext - No collections were found in result set for role: sciConsole.domain.Role.userRoles
15:56:18.243 [Test worker] DEBUG org.hibernate.loader.Loader - Done entity load
15:56:18.243 [Test worker] DEBUG o.h.e.i.AbstractSaveEventListener - Generated identifier: 1, using strategy: org.hibernate.id.Assigned
15:56:18.244 [Test worker] DEBUG org.hibernate.SQL - insert into roles (role, id) values (?, ?)
15:56:18.245 [Test worker] DEBUG org.hibernate.engine.spi.ActionQueue - Executing identity-insert immediately
15:56:18.245 [Test worker] DEBUG org.hibernate.SQL - insert into users (login, password) values (?, ?)
15:56:18.245 [Test worker] DEBUG o.h.id.IdentifierGeneratorHelper - Natively generated identity: 8
15:56:18.246 [Test worker] DEBUG org.hibernate.SQL - insert into user_roles (role_id, user_id) values (?, ?)
15:56:18.247 [Test worker] DEBUG o.s.orm.jpa.JpaTransactionManager - Initiating transaction commit
15:56:18.247 [Test worker] DEBUG o.s.orm.jpa.JpaTransactionManager - Committing JPA transaction on EntityManager [org.hibernate.jpa.internal.EntityManagerImpl@27aa2c38]
15:56:18.247 [Test worker] DEBUG o.h.e.t.spi.AbstractTransactionImpl - committing
15:56:18.247 [Test worker] DEBUG o.h.e.i.AbstractFlushingEventListener - Processing flush-time cascades
15:56:18.247 [Test worker] DEBUG o.h.e.i.AbstractFlushingEventListener - Dirty checking collections
15:56:18.247 [Test worker] DEBUG o.h.e.i.AbstractFlushingEventListener - Flushed: 0 insertions, 0 updates, 0 deletions to 4 objects
15:56:18.247 [Test worker] DEBUG o.h.e.i.AbstractFlushingEventListener - Flushed: 0 (re)creations, 0 updates, 0 removals to 0 collections
15:56:18.247 [Test worker] DEBUG o.h.internal.util.EntityPrinter - Listing entities:
15:56:18.248 [Test worker] DEBUG o.h.internal.util.EntityPrinter - sciConsole.domain.User{password=$2a$10$sbTqPCC0wB2c4IE5Y5RCdeWLIvtjAKEHFzHluAg7LiqkSdZNujJn2, role=sciConsole.domain.Role#2, id=7, login=Alice}
15:56:18.248 [Test worker] DEBUG o.h.internal.util.EntityPrinter - sciConsole.domain.User{password=$2a$10$UQ/jCMwn14H5VdHO4or0L.xvlGoplsSsRXHjXdbYij9UEArHJzsE2, role=sciConsole.domain.Role#1, id=8, login=Bob}
15:56:18.248 [Test worker] DEBUG o.h.internal.util.EntityPrinter - sciConsole.domain.Role{userRoles=null, role=MANAGER, id=1}
15:56:18.248 [Test worker] DEBUG o.h.internal.util.EntityPrinter - sciConsole.domain.Role{userRoles=null, role=DEVELOPER, id=2}
15:56:18.251 [Test worker] DEBUG o.h.e.t.i.jdbc.JdbcTransaction - committed JDBC Connection
15:56:18.251 [Test worker] DEBUG o.h.e.t.i.jdbc.JdbcTransaction - re-enabling autocommit
15:56:18.251 [Test worker] DEBUG o.s.orm.jpa.JpaTransactionManager - Closing JPA EntityManager [org.hibernate.jpa.internal.EntityManagerImpl@27aa2c38] after transaction
15:56:18.251 [Test worker] DEBUG o.s.o.jpa.EntityManagerFactoryUtils - Closing JPA EntityManager
15:56:18.251 [Test worker] DEBUG o.h.e.j.internal.JdbcCoordinatorImpl - HHH000420: Closing un-released batch
15:56:18.251 [Test worker] DEBUG o.h.e.j.i.LogicalConnectionImpl - Releasing JDBC connection
15:56:18.251 [Test worker] DEBUG o.h.e.j.i.LogicalConnectionImpl - Released JDBC connection
15:56:18.251 [Test worker] DEBUG o.s.orm.jpa.JpaTransactionManager - Creating new transaction with name [org.springframework.data.jpa.repository.support.SimpleJpaRepository.save]: PROPAGATION_REQUIRED,ISOLATION_DEFAULT; ''
15:56:18.252 [Test worker] DEBUG o.s.orm.jpa.JpaTransactionManager - Opened new EntityManager [org.hibernate.jpa.internal.EntityManagerImpl@2283d39d] for JPA transaction
15:56:18.252 [Test worker] DEBUG o.h.e.t.spi.AbstractTransactionImpl - begin
15:56:18.252 [Test worker] DEBUG o.h.e.j.i.LogicalConnectionImpl - Obtaining JDBC connection
15:56:18.252 [Test worker] DEBUG o.s.j.d.DriverManagerDataSource - Creating new JDBC DriverManager Connection to [jdbc:mysql://127.0.0.1:3306/wrp3]
15:56:18.255 [Test worker] DEBUG o.h.e.j.i.LogicalConnectionImpl - Obtained JDBC connection
15:56:18.256 [Test worker] DEBUG o.h.e.t.i.jdbc.JdbcTransaction - initial autocommit status: true
15:56:18.256 [Test worker] DEBUG o.h.e.t.i.jdbc.JdbcTransaction - disabling autocommit
15:56:18.256 [Test worker] DEBUG o.s.orm.jpa.JpaTransactionManager - Exposing JPA transaction as JDBC transaction [org.springframework.orm.jpa.vendor.HibernateJpaDialect$HibernateConnectionHandle@1fa4cc2a]
15:56:18.256 [Test worker] DEBUG org.hibernate.loader.Loader - Loading entity: [sciConsole.domain.Role#1]
15:56:18.256 [Test worker] DEBUG org.hibernate.SQL - select role0_.id as id1_4_1_, role0_.role as role2_4_1_, userroles1_.role_id as role_id1_4_3_, user2_.id as user_id2_7_3_, user2_.id as id1_8_0_, user2_.login as login2_8_0_, user2_.password as password3_8_0_, user2_1_.role_id as role_id1_7_0_ from roles role0_ left outer join user_roles userroles1_ on role0_.id=userroles1_.role_id left outer join users user2_ on userroles1_.user_id=user2_.id left outer join user_roles user2_1_ on user2_.id=user2_1_.user_id where role0_.id=?
15:56:18.257 [Test worker] DEBUG org.hibernate.loader.Loader - Result set row: 0
15:56:18.257 [Test worker] DEBUG org.hibernate.loader.Loader - Result row: EntityKey[sciConsole.domain.User#8], EntityKey[sciConsole.domain.Role#1]
15:56:18.257 [Test worker] DEBUG org.hibernate.loader.Loader - Found row of collection: [sciConsole.domain.Role.userRoles#1]
15:56:18.257 [Test worker] DEBUG o.h.engine.internal.TwoPhaseLoad - Resolving associations for [sciConsole.domain.User#8]
15:56:18.258 [Test worker] DEBUG o.h.engine.internal.TwoPhaseLoad - Done materializing entity [sciConsole.domain.User#8]
15:56:18.258 [Test worker] DEBUG o.h.engine.internal.TwoPhaseLoad - Resolving associations for [sciConsole.domain.Role#1]
15:56:18.258 [Test worker] DEBUG o.h.engine.internal.TwoPhaseLoad - Done materializing entity [sciConsole.domain.Role#1]
15:56:18.258 [Test worker] DEBUG o.h.e.l.i.CollectionLoadContext - 1 collections were found in result set for role: sciConsole.domain.Role.userRoles
15:56:18.258 [Test worker] DEBUG o.h.e.l.i.CollectionLoadContext - Collection fully initialized: [sciConsole.domain.Role.userRoles#1]
15:56:18.258 [Test worker] DEBUG o.h.e.l.i.CollectionLoadContext - 1 collections initialized for role: sciConsole.domain.Role.userRoles
15:56:18.258 [Test worker] DEBUG org.hibernate.loader.Loader - Done entity load
15:56:18.258 [Test worker] DEBUG org.hibernate.loader.Loader - Loading entity: [sciConsole.domain.Role#2]
15:56:18.259 [Test worker] DEBUG org.hibernate.SQL - select role0_.id as id1_4_1_, role0_.role as role2_4_1_, userroles1_.role_id as role_id1_4_3_, user2_.id as user_id2_7_3_, user2_.id as id1_8_0_, user2_.login as login2_8_0_, user2_.password as password3_8_0_, user2_1_.role_id as role_id1_7_0_ from roles role0_ left outer join user_roles userroles1_ on role0_.id=userroles1_.role_id left outer join users user2_ on userroles1_.user_id=user2_.id left outer join user_roles user2_1_ on user2_.id=user2_1_.user_id where role0_.id=?
15:56:18.259 [Test worker] DEBUG org.hibernate.loader.Loader - Result set row: 0
15:56:18.259 [Test worker] DEBUG org.hibernate.loader.Loader - Result row: EntityKey[sciConsole.domain.User#7], EntityKey[sciConsole.domain.Role#2]
15:56:18.259 [Test worker] DEBUG org.hibernate.loader.Loader - Found row of collection: [sciConsole.domain.Role.userRoles#2]
15:56:18.260 [Test worker] DEBUG o.h.engine.internal.TwoPhaseLoad - Resolving associations for [sciConsole.domain.User#7]
15:56:18.260 [Test worker] DEBUG o.h.engine.internal.TwoPhaseLoad - Done materializing entity [sciConsole.domain.User#7]
15:56:18.260 [Test worker] DEBUG o.h.engine.internal.TwoPhaseLoad - Resolving associations for [sciConsole.domain.Role#2]
15:56:18.260 [Test worker] DEBUG o.h.engine.internal.TwoPhaseLoad - Done materializing entity [sciConsole.domain.Role#2]
15:56:18.260 [Test worker] DEBUG o.h.e.l.i.CollectionLoadContext - 1 collections were found in result set for role: sciConsole.domain.Role.userRoles
15:56:18.260 [Test worker] DEBUG o.h.e.l.i.CollectionLoadContext - Collection fully initialized: [sciConsole.domain.Role.userRoles#2]
15:56:18.260 [Test worker] DEBUG o.h.e.l.i.CollectionLoadContext - 1 collections initialized for role: sciConsole.domain.Role.userRoles
15:56:18.260 [Test worker] DEBUG org.hibernate.loader.Loader - Done entity load
15:56:18.261 [Test worker] DEBUG o.s.orm.jpa.JpaTransactionManager - Initiating transaction commit
15:56:18.261 [Test worker] DEBUG o.s.orm.jpa.JpaTransactionManager - Committing JPA transaction on EntityManager [org.hibernate.jpa.internal.EntityManagerImpl@2283d39d]
15:56:18.261 [Test worker] DEBUG o.h.e.t.spi.AbstractTransactionImpl - committing
15:56:18.261 [Test worker] DEBUG o.h.e.i.AbstractFlushingEventListener - Processing flush-time cascades
15:56:18.261 [Test worker] DEBUG o.h.e.i.AbstractFlushingEventListener - Dirty checking collections
15:56:18.261 [Test worker] DEBUG o.h.engine.internal.Collections - Collection found: [sciConsole.domain.Role.userRoles#1], was: [sciConsole.domain.Role.userRoles#1] (initialized)
15:56:18.262 [Test worker] DEBUG o.h.engine.internal.Collections - Collection found: [sciConsole.domain.Role.userRoles#2], was: [sciConsole.domain.Role.userRoles#2] (initialized)
15:56:18.262 [Test worker] DEBUG o.h.e.i.AbstractFlushingEventListener - Flushed: 0 insertions, 0 updates, 0 deletions to 4 objects
15:56:18.262 [Test worker] DEBUG o.h.e.i.AbstractFlushingEventListener - Flushed: 0 (re)creations, 0 updates, 0 removals to 2 collections
15:56:18.262 [Test worker] DEBUG o.h.internal.util.EntityPrinter - Listing entities:
15:56:18.262 [Test worker] DEBUG o.h.internal.util.EntityPrinter - sciConsole.domain.User{password=$2a$10$sbTqPCC0wB2c4IE5Y5RCdeWLIvtjAKEHFzHluAg7LiqkSdZNujJn2, role=sciConsole.domain.Role#2, id=7, login=Alice}
15:56:18.262 [Test worker] DEBUG o.h.internal.util.EntityPrinter - sciConsole.domain.User{password=$2a$10$UQ/jCMwn14H5VdHO4or0L.xvlGoplsSsRXHjXdbYij9UEArHJzsE2, role=sciConsole.domain.Role#1, id=8, login=Bob}
15:56:18.262 [Test worker] DEBUG o.h.internal.util.EntityPrinter - sciConsole.domain.Role{userRoles=[sciConsole.domain.User#8], role=MANAGER, id=1}
15:56:18.262 [Test worker] DEBUG o.h.internal.util.EntityPrinter - sciConsole.domain.Role{userRoles=[sciConsole.domain.User#7], role=DEVELOPER, id=2}
15:56:18.262 [Test worker] DEBUG o.h.e.t.i.jdbc.JdbcTransaction - committed JDBC Connection
15:56:18.262 [Test worker] DEBUG o.h.e.t.i.jdbc.JdbcTransaction - re-enabling autocommit
15:56:18.263 [Test worker] DEBUG o.s.orm.jpa.JpaTransactionManager - Closing JPA EntityManager [org.hibernate.jpa.internal.EntityManagerImpl@2283d39d] after transaction
15:56:18.263 [Test worker] DEBUG o.s.o.jpa.EntityManagerFactoryUtils - Closing JPA EntityManager
15:56:18.263 [Test worker] DEBUG o.h.e.j.i.LogicalConnectionImpl - Releasing JDBC connection
15:56:18.263 [Test worker] DEBUG o.h.e.j.i.LogicalConnectionImpl - Released JDBC connection
15:56:18.264 [Test worker] DEBUG o.s.t.c.s.AbstractDirtiesContextTestExecutionListener - After test class: context [DefaultTestContext@28779301 testClass = CompleteChangeRequestStepDefs, testInstance = [null], testMethod = [null], testException = [null], mergedContextConfiguration = [WebMergedContextConfiguration@34cb2171 testClass = CompleteChangeRequestStepDefs, locations = '{}', classes = '{class sciConsole.SciConsoleApplication, class sciConsole.controller.SessionController, class sciConsole.controller.AccountController, class sciConsole.controller.ChangeRequestController, class sciConsole.SecurityConfig, class sciConsole.WebConfig}', contextInitializerClasses = '[]', activeProfiles = '{}', propertySourceLocations = '{}', propertySourceProperties = '{}', resourceBasePath = 'src/main/webapp', contextLoader = 'org.springframework.test.context.web.WebDelegatingSmartContextLoader', parent = [null]]], class annotated with @DirtiesContext [false] with mode [null].
15:56:18.360 [Test worker] DEBUG o.s.t.w.s.TestDispatcherServlet - DispatcherServlet with name '' processing GET request for [/update-pending-requests]
15:56:18.361 [Test worker] DEBUG o.s.w.s.m.m.a.RequestMappingHandlerMapping - Looking up handler method for path /update-pending-requests
15:56:18.361 [Test worker] DEBUG o.s.w.s.m.m.a.RequestMappingHandlerMapping - Returning handler method [public org.springframework.web.servlet.ModelAndView sciConsole.controller.ChangeRequestController.updatePending(javax.servlet.http.HttpServletRequest,java.lang.Integer,java.lang.Integer,java.lang.String,java.lang.Integer,java.lang.String,java.lang.String)]
15:56:18.361 [Test worker] DEBUG o.s.b.f.s.DefaultListableBeanFactory - Returning cached instance of singleton bean 'changeRequestController'
15:56:18.361 [Test worker] DEBUG o.s.t.w.s.TestDispatcherServlet - Last-Modified value for [/update-pending-requests] is: -1
15:56:18.361 [Test worker] DEBUG o.s.o.j.s.OpenEntityManagerInViewInterceptor - Opening JPA EntityManager in OpenEntityManagerInViewInterceptor
15:56:18.362 [Test worker] DEBUG o.h.jpa.criteria.CriteriaQueryImpl - Rendered criteria query -> select generatedAlias0 from Request as generatedAlias0 where generatedAlias0.id=:param0
15:56:18.363 [Test worker] DEBUG org.hibernate.SQL - select request0_.request_id as request_1_3_, request0_.assign_to as assign_t2_3_, request0_.created_by as created_3_3_, request0_.date_created as date_cre4_3_, request0_.date_complete as date_com5_3_, request0_.due_date as due_date6_3_, request0_.priority as priority7_3_, request0_.reject_reason as reject_r8_3_, request0_.req_desc as req_desc9_3_, request0_.req_solution as req_sol10_3_, request0_.sci_id as sci_id11_3_, request0_.status as status12_3_, request0_.assigned_to as assigne13_3_, request0_.version_id as version14_3_ from request request0_ where request0_.request_id=?
15:56:18.363 [Test worker] DEBUG o.h.e.j.i.LogicalConnectionImpl - Obtaining JDBC connection
15:56:18.363 [Test worker] DEBUG o.s.j.d.DriverManagerDataSource - Creating new JDBC DriverManager Connection to [jdbc:mysql://127.0.0.1:3306/wrp3]
15:56:18.367 [Test worker] DEBUG o.h.e.j.i.LogicalConnectionImpl - Obtained JDBC connection
15:56:18.368 [Test worker] DEBUG org.hibernate.loader.Loader - Result set row: 0
15:56:18.368 [Test worker] DEBUG org.hibernate.loader.Loader - Result row: EntityKey[sciConsole.domain.Request#6]
15:56:18.368 [Test worker] DEBUG o.h.engine.internal.TwoPhaseLoad - Resolving associations for [sciConsole.domain.Request#6]
15:56:18.368 [Test worker] DEBUG o.h.engine.internal.TwoPhaseLoad - Done materializing entity [sciConsole.domain.Request#6]
15:56:18.369 [Test worker] DEBUG o.s.orm.jpa.JpaTransactionManager - Found thread-bound EntityManager [org.hibernate.jpa.internal.EntityManagerImpl@768512cc] for JPA transaction
15:56:18.369 [Test worker] DEBUG o.s.orm.jpa.JpaTransactionManager - Creating new transaction with name [org.springframework.data.jpa.repository.support.SimpleJpaRepository.save]: PROPAGATION_REQUIRED,ISOLATION_DEFAULT; ''
15:56:18.369 [Test worker] DEBUG o.h.e.t.spi.AbstractTransactionImpl - begin
15:56:18.369 [Test worker] DEBUG o.h.e.t.i.jdbc.JdbcTransaction - initial autocommit status: true
15:56:18.369 [Test worker] DEBUG o.h.e.t.i.jdbc.JdbcTransaction - disabling autocommit
15:56:18.369 [Test worker] DEBUG o.s.orm.jpa.JpaTransactionManager - Exposing JPA transaction as JDBC transaction [org.springframework.orm.jpa.vendor.HibernateJpaDialect$HibernateConnectionHandle@4e5ba86c]
15:56:18.370 [Test worker] DEBUG o.s.orm.jpa.JpaTransactionManager - Initiating transaction commit
15:56:18.370 [Test worker] DEBUG o.s.orm.jpa.JpaTransactionManager - Committing JPA transaction on EntityManager [org.hibernate.jpa.internal.EntityManagerImpl@768512cc]
15:56:18.370 [Test worker] DEBUG o.h.e.t.spi.AbstractTransactionImpl - committing
15:56:18.370 [Test worker] DEBUG o.h.e.i.AbstractFlushingEventListener - Processing flush-time cascades
15:56:18.370 [Test worker] DEBUG o.h.e.i.AbstractFlushingEventListener - Dirty checking collections
15:56:18.371 [Test worker] DEBUG o.h.e.i.AbstractFlushingEventListener - Flushed: 0 insertions, 1 updates, 0 deletions to 1 objects
15:56:18.371 [Test worker] DEBUG o.h.e.i.AbstractFlushingEventListener - Flushed: 0 (re)creations, 0 updates, 0 removals to 0 collections
15:56:18.371 [Test worker] DEBUG o.h.internal.util.EntityPrinter - Listing entities:
15:56:18.371 [Test worker] DEBUG o.h.internal.util.EntityPrinter - sciConsole.domain.Request{date=2016-01-11 15:56:18.0, dueDate=null, priority=null, type=0, versionId=1, rejectReason=feature already considered in the new release candidate, createdBy=1, dateComplete=null, reqDesc=Test Description, sciId=1, reqSolution=Test Solution, id=6, assignTo=null, status=4}
15:56:18.371 [Test worker] DEBUG org.hibernate.SQL - update request set assign_to=?, created_by=?, date_created=?, date_complete=?, due_date=?, priority=?, reject_reason=?, req_desc=?, req_solution=?, sci_id=?, status=?, assigned_to=?, version_id=? where request_id=?
15:56:18.375 [Test worker] DEBUG o.h.e.t.i.jdbc.JdbcTransaction - committed JDBC Connection
15:56:18.375 [Test worker] DEBUG o.h.e.t.i.jdbc.JdbcTransaction - re-enabling autocommit
15:56:18.376 [Test worker] DEBUG o.s.orm.jpa.JpaTransactionManager - Not closing pre-bound JPA EntityManager after transaction
15:56:18.376 [Test worker] DEBUG o.s.t.w.s.TestDispatcherServlet - Rendering view [org.springframework.web.servlet.view.JstlView: name 'return-pending-requests'; URL [/WEB-INF/views/return-pending-requests.jsp]] in DispatcherServlet with name ''
15:56:18.376 [Test worker] DEBUG o.s.b.f.s.DefaultListableBeanFactory - Returning cached instance of singleton bean 'requestDataValueProcessor'
15:56:18.376 [Test worker] DEBUG o.s.web.servlet.view.JstlView - Forwarding to resource [/WEB-INF/views/return-pending-requests.jsp] in InternalResourceView 'return-pending-requests'
15:56:18.376 [Test worker] DEBUG o.s.mock.web.MockRequestDispatcher - MockRequestDispatcher: forwarding to [/WEB-INF/views/return-pending-requests.jsp]
15:56:18.376 [Test worker] DEBUG o.s.o.j.s.OpenEntityManagerInViewInterceptor - Closing JPA EntityManager in OpenEntityManagerInViewInterceptor
15:56:18.376 [Test worker] DEBUG o.s.o.jpa.EntityManagerFactoryUtils - Closing JPA EntityManager
15:56:18.376 [Test worker] DEBUG o.h.e.j.internal.JdbcCoordinatorImpl - HHH000420: Closing un-released batch
15:56:18.376 [Test worker] DEBUG o.h.e.j.i.LogicalConnectionImpl - Releasing JDBC connection
15:56:18.377 [Test worker] DEBUG o.h.e.j.i.LogicalConnectionImpl - Released JDBC connection
15:56:18.377 [Test worker] DEBUG o.s.t.w.s.TestDispatcherServlet - Successfully completed request
15:56:18.379 [Test worker] DEBUG o.s.orm.jpa.JpaTransactionManager - Creating new transaction with name [org.springframework.data.jpa.repository.support.SimpleJpaRepository.save]: PROPAGATION_REQUIRED,ISOLATION_DEFAULT; ''
15:56:18.379 [Test worker] DEBUG o.s.orm.jpa.JpaTransactionManager - Opened new EntityManager [org.hibernate.jpa.internal.EntityManagerImpl@414a7c89] for JPA transaction
15:56:18.379 [Test worker] DEBUG o.h.e.t.spi.AbstractTransactionImpl - begin
15:56:18.379 [Test worker] DEBUG o.h.e.j.i.LogicalConnectionImpl - Obtaining JDBC connection
15:56:18.379 [Test worker] DEBUG o.s.j.d.DriverManagerDataSource - Creating new JDBC DriverManager Connection to [jdbc:mysql://127.0.0.1:3306/wrp3]
15:56:18.383 [Test worker] DEBUG o.h.e.j.i.LogicalConnectionImpl - Obtained JDBC connection
15:56:18.383 [Test worker] DEBUG o.h.e.t.i.jdbc.JdbcTransaction - initial autocommit status: true
15:56:18.383 [Test worker] DEBUG o.h.e.t.i.jdbc.JdbcTransaction - disabling autocommit
15:56:18.384 [Test worker] DEBUG o.s.orm.jpa.JpaTransactionManager - Exposing JPA transaction as JDBC transaction [org.springframework.orm.jpa.vendor.HibernateJpaDialect$HibernateConnectionHandle@6717df90]
15:56:18.384 [Test worker] DEBUG org.hibernate.engine.spi.ActionQueue - Executing identity-insert immediately
15:56:18.384 [Test worker] DEBUG org.hibernate.SQL - insert into request (assign_to, created_by, date_created, date_complete, due_date, priority, reject_reason, req_desc, req_solution, sci_id, status, assigned_to, version_id) values (?, ?, ?, ?, ?, ?, ?, ?, ?, ?, ?, ?, ?)
15:56:18.386 [Test worker] DEBUG o.h.id.IdentifierGeneratorHelper - Natively generated identity: 7
15:56:18.386 [Test worker] DEBUG o.s.orm.jpa.JpaTransactionManager - Initiating transaction commit
15:56:18.386 [Test worker] DEBUG o.s.orm.jpa.JpaTransactionManager - Committing JPA transaction on EntityManager [org.hibernate.jpa.internal.EntityManagerImpl@414a7c89]
15:56:18.386 [Test worker] DEBUG o.h.e.t.spi.AbstractTransactionImpl - committing
15:56:18.386 [Test worker] DEBUG o.h.e.i.AbstractFlushingEventListener - Processing flush-time cascades
15:56:18.386 [Test worker] DEBUG o.h.e.i.AbstractFlushingEventListener - Dirty checking collections
15:56:18.387 [Test worker] DEBUG o.h.e.i.AbstractFlushingEventListener - Flushed: 0 insertions, 0 updates, 0 deletions to 1 objects
15:56:18.387 [Test worker] DEBUG o.h.e.i.AbstractFlushingEventListener - Flushed: 0 (re)creations, 0 updates, 0 removals to 0 collections
15:56:18.387 [Test worker] DEBUG o.h.internal.util.EntityPrinter - Listing entities:
15:56:18.387 [Test worker] DEBUG o.h.internal.util.EntityPrinter - sciConsole.domain.Request{date=Mon Jan 11 15:56:18 GMT 2016, dueDate=null, priority=null, type=0, versionId=1, rejectReason=null, createdBy=1, dateComplete=null, reqDesc=Test Description, sciId=1, reqSolution=Test Solution, id=7, assignTo=null, status=0}
15:56:18.390 [Test worker] DEBUG o.h.e.t.i.jdbc.JdbcTransaction - committed JDBC Connection
15:56:18.390 [Test worker] DEBUG o.h.e.t.i.jdbc.JdbcTransaction - re-enabling autocommit
15:56:18.390 [Test worker] DEBUG o.s.orm.jpa.JpaTransactionManager - Closing JPA EntityManager [org.hibernate.jpa.internal.EntityManagerImpl@414a7c89] after transaction
15:56:18.390 [Test worker] DEBUG o.s.o.jpa.EntityManagerFactoryUtils - Closing JPA EntityManager
15:56:18.390 [Test worker] DEBUG o.h.e.j.i.LogicalConnectionImpl - Releasing JDBC connection
15:56:18.390 [Test worker] DEBUG o.h.e.j.i.LogicalConnectionImpl - Released JDBC connection
15:56:18.390 [Test worker] DEBUG o.s.orm.jpa.JpaTransactionManager - Creating new transaction with name [org.springframework.data.jpa.repository.support.SimpleJpaRepository.save]: PROPAGATION_REQUIRED,ISOLATION_DEFAULT; ''
15:56:18.391 [Test worker] DEBUG o.s.orm.jpa.JpaTransactionManager - Opened new EntityManager [org.hibernate.jpa.internal.EntityManagerImpl@550c75f4] for JPA transaction
15:56:18.391 [Test worker] DEBUG o.h.e.t.spi.AbstractTransactionImpl - begin
15:56:18.391 [Test worker] DEBUG o.h.e.j.i.LogicalConnectionImpl - Obtaining JDBC connection
15:56:18.391 [Test worker] DEBUG o.s.j.d.DriverManagerDataSource - Creating new JDBC DriverManager Connection to [jdbc:mysql://127.0.0.1:3306/wrp3]
15:56:18.395 [Test worker] DEBUG o.h.e.j.i.LogicalConnectionImpl - Obtained JDBC connection
15:56:18.395 [Test worker] DEBUG o.h.e.t.i.jdbc.JdbcTransaction - initial autocommit status: true
15:56:18.395 [Test worker] DEBUG o.h.e.t.i.jdbc.JdbcTransaction - disabling autocommit
15:56:18.395 [Test worker] DEBUG o.s.orm.jpa.JpaTransactionManager - Exposing JPA transaction as JDBC transaction [org.springframework.orm.jpa.vendor.HibernateJpaDialect$HibernateConnectionHandle@3477c55e]
15:56:18.396 [Test worker] DEBUG org.hibernate.engine.spi.ActionQueue - Executing identity-insert immediately
15:56:18.396 [Test worker] DEBUG org.hibernate.SQL - insert into request (assign_to, created_by, date_created, date_complete, due_date, priority, reject_reason, req_desc, req_solution, sci_id, status, assigned_to, version_id) values (?, ?, ?, ?, ?, ?, ?, ?, ?, ?, ?, ?, ?)
15:56:18.397 [Test worker] DEBUG o.h.id.IdentifierGeneratorHelper - Natively generated identity: 8
15:56:18.398 [Test worker] DEBUG o.s.orm.jpa.JpaTransactionManager - Initiating transaction commit
15:56:18.398 [Test worker] DEBUG o.s.orm.jpa.JpaTransactionManager - Committing JPA transaction on EntityManager [org.hibernate.jpa.internal.EntityManagerImpl@550c75f4]
15:56:18.398 [Test worker] DEBUG o.h.e.t.spi.AbstractTransactionImpl - committing
15:56:18.398 [Test worker] DEBUG o.h.e.i.AbstractFlushingEventListener - Processing flush-time cascades
15:56:18.398 [Test worker] DEBUG o.h.e.i.AbstractFlushingEventListener - Dirty checking collections
15:56:18.398 [Test worker] DEBUG o.h.e.i.AbstractFlushingEventListener - Flushed: 0 insertions, 0 updates, 0 deletions to 1 objects
15:56:18.398 [Test worker] DEBUG o.h.e.i.AbstractFlushingEventListener - Flushed: 0 (re)creations, 0 updates, 0 removals to 0 collections
15:56:18.399 [Test worker] DEBUG o.h.internal.util.EntityPrinter - Listing entities:
15:56:18.399 [Test worker] DEBUG o.h.internal.util.EntityPrinter - sciConsole.domain.Request{date=Mon Jan 11 15:56:18 GMT 2016, dueDate=null, priority=null, type=1, versionId=1, rejectReason=null, createdBy=0, dateComplete=null, reqDesc=Another Test Description, sciId=1, reqSolution=Another Test Solution, id=8, assignTo=null, status=0}
15:56:18.402 [Test worker] DEBUG o.h.e.t.i.jdbc.JdbcTransaction - committed JDBC Connection
15:56:18.402 [Test worker] DEBUG o.h.e.t.i.jdbc.JdbcTransaction - re-enabling autocommit
15:56:18.402 [Test worker] DEBUG o.s.orm.jpa.JpaTransactionManager - Closing JPA EntityManager [org.hibernate.jpa.internal.EntityManagerImpl@550c75f4] after transaction
15:56:18.402 [Test worker] DEBUG o.s.o.jpa.EntityManagerFactoryUtils - Closing JPA EntityManager
15:56:18.402 [Test worker] DEBUG o.h.e.j.i.LogicalConnectionImpl - Releasing JDBC connection
15:56:18.402 [Test worker] DEBUG o.h.e.j.i.LogicalConnectionImpl - Released JDBC connection
15:56:18.403 [Test worker] DEBUG o.s.t.w.s.TestDispatcherServlet - DispatcherServlet with name '' processing GET request for [/get-pending-requests]
15:56:18.403 [Test worker] DEBUG o.s.w.s.m.m.a.RequestMappingHandlerMapping - Looking up handler method for path /get-pending-requests
15:56:18.403 [Test worker] DEBUG o.s.w.s.m.m.a.RequestMappingHandlerMapping - Returning handler method [public org.springframework.web.servlet.ModelAndView sciConsole.controller.ChangeRequestController.pendingRequests(javax.servlet.http.HttpServletRequest,javax.servlet.http.HttpServletResponse)]
15:56:18.403 [Test worker] DEBUG o.s.b.f.s.DefaultListableBeanFactory - Returning cached instance of singleton bean 'changeRequestController'
15:56:18.403 [Test worker] DEBUG o.s.t.w.s.TestDispatcherServlet - Last-Modified value for [/get-pending-requests] is: -1
15:56:18.403 [Test worker] DEBUG o.s.o.j.s.OpenEntityManagerInViewInterceptor - Opening JPA EntityManager in OpenEntityManagerInViewInterceptor
15:56:18.404 [Test worker] DEBUG o.h.jpa.criteria.CriteriaQueryImpl - Rendered criteria query -> select generatedAlias0 from Request as generatedAlias0 where generatedAlias0.status=:param0
15:56:18.404 [Test worker] DEBUG org.hibernate.SQL - select request0_.request_id as request_1_3_, request0_.assign_to as assign_t2_3_, request0_.created_by as created_3_3_, request0_.date_created as date_cre4_3_, request0_.date_complete as date_com5_3_, request0_.due_date as due_date6_3_, request0_.priority as priority7_3_, request0_.reject_reason as reject_r8_3_, request0_.req_desc as req_desc9_3_, request0_.req_solution as req_sol10_3_, request0_.sci_id as sci_id11_3_, request0_.status as status12_3_, request0_.assigned_to as assigne13_3_, request0_.version_id as version14_3_ from request request0_ where request0_.status=?
15:56:18.404 [Test worker] DEBUG o.h.e.j.i.LogicalConnectionImpl - Obtaining JDBC connection
15:56:18.404 [Test worker] DEBUG o.s.j.d.DriverManagerDataSource - Creating new JDBC DriverManager Connection to [jdbc:mysql://127.0.0.1:3306/wrp3]
15:56:18.409 [Test worker] DEBUG o.h.e.j.i.LogicalConnectionImpl - Obtained JDBC connection
15:56:18.410 [Test worker] DEBUG org.hibernate.loader.Loader - Result set row: 0
15:56:18.410 [Test worker] DEBUG org.hibernate.loader.Loader - Result row: EntityKey[sciConsole.domain.Request#7]
15:56:18.410 [Test worker] DEBUG org.hibernate.loader.Loader - Result set row: 1
15:56:18.410 [Test worker] DEBUG org.hibernate.loader.Loader - Result row: EntityKey[sciConsole.domain.Request#8]
15:56:18.410 [Test worker] DEBUG o.h.engine.internal.TwoPhaseLoad - Resolving associations for [sciConsole.domain.Request#7]
15:56:18.411 [Test worker] DEBUG o.h.engine.internal.TwoPhaseLoad - Done materializing entity [sciConsole.domain.Request#7]
15:56:18.411 [Test worker] DEBUG o.h.engine.internal.TwoPhaseLoad - Resolving associations for [sciConsole.domain.Request#8]
15:56:18.411 [Test worker] DEBUG o.h.engine.internal.TwoPhaseLoad - Done materializing entity [sciConsole.domain.Request#8]
15:56:18.412 [Test worker] DEBUG o.h.jpa.criteria.CriteriaQueryImpl - Rendered criteria query -> select generatedAlias0 from Ver as generatedAlias0 where generatedAlias0.id=:param0
15:56:18.412 [Test worker] DEBUG org.hibernate.SQL - select ver0_.version_id as version_1_9_, ver0_.created_by as created_2_9_, ver0_.date_created as date_cre3_9_, ver0_.name as name4_9_, ver0_.sci_id as sci_id5_9_, ver0_.status as status6_9_, ver0_.ver_desc as ver_desc7_9_ from version ver0_ where ver0_.version_id=?
15:56:18.412 [Test worker] DEBUG org.hibernate.loader.Loader - Result set row: 0
15:56:18.413 [Test worker] DEBUG org.hibernate.loader.Loader - Result row: EntityKey[sciConsole.domain.Ver#1]
15:56:18.413 [Test worker] DEBUG o.h.engine.internal.TwoPhaseLoad - Resolving associations for [sciConsole.domain.Ver#1]
15:56:18.413 [Test worker] DEBUG o.h.engine.internal.TwoPhaseLoad - Done materializing entity [sciConsole.domain.Ver#1]
15:56:18.414 [Test worker] DEBUG o.h.jpa.criteria.CriteriaQueryImpl - Rendered criteria query -> select generatedAlias0 from Sci as generatedAlias0 where generatedAlias0.id=:param0
15:56:18.414 [Test worker] DEBUG org.hibernate.SQL - select sci0_.sci_id as sci_id1_5_, sci0_.name as name2_5_, sci0_.sci_desc as sci_desc3_5_ from sci sci0_ where sci0_.sci_id=?
15:56:18.414 [Test worker] DEBUG org.hibernate.loader.Loader - Result set row: 0
15:56:18.414 [Test worker] DEBUG org.hibernate.loader.Loader - Result row: EntityKey[sciConsole.domain.Sci#1]
15:56:18.415 [Test worker] DEBUG o.h.engine.internal.TwoPhaseLoad - Resolving associations for [sciConsole.domain.Sci#1]
15:56:18.415 [Test worker] DEBUG o.h.engine.internal.TwoPhaseLoad - Done materializing entity [sciConsole.domain.Sci#1]
15:56:18.415 [Test worker] DEBUG o.h.jpa.criteria.CriteriaQueryImpl - Rendered criteria query -> select generatedAlias0 from Ver as generatedAlias0 where generatedAlias0.id=:param0
15:56:18.415 [Test worker] DEBUG org.hibernate.SQL - select ver0_.version_id as version_1_9_, ver0_.created_by as created_2_9_, ver0_.date_created as date_cre3_9_, ver0_.name as name4_9_, ver0_.sci_id as sci_id5_9_, ver0_.status as status6_9_, ver0_.ver_desc as ver_desc7_9_ from version ver0_ where ver0_.version_id=?
15:56:18.416 [Test worker] DEBUG org.hibernate.loader.Loader - Result set row: 0
15:56:18.416 [Test worker] DEBUG org.hibernate.loader.Loader - Result row: EntityKey[sciConsole.domain.Ver#1]
15:56:18.417 [Test worker] DEBUG o.h.jpa.criteria.CriteriaQueryImpl - Rendered criteria query -> select generatedAlias0 from Sci as generatedAlias0 where generatedAlias0.id=:param0
15:56:18.417 [Test worker] DEBUG org.hibernate.SQL - select sci0_.sci_id as sci_id1_5_, sci0_.name as name2_5_, sci0_.sci_desc as sci_desc3_5_ from sci sci0_ where sci0_.sci_id=?
15:56:18.417 [Test worker] DEBUG org.hibernate.loader.Loader - Result set row: 0
15:56:18.417 [Test worker] DEBUG org.hibernate.loader.Loader - Result row: EntityKey[sciConsole.domain.Sci#1]
15:56:18.418 [Test worker] DEBUG o.s.t.w.s.TestDispatcherServlet - Rendering view [org.springframework.web.servlet.view.JstlView: name 'return-pending-requests'; URL [/WEB-INF/views/return-pending-requests.jsp]] in DispatcherServlet with name ''
15:56:18.418 [Test worker] DEBUG o.s.web.servlet.view.JstlView - Added model object 'pending' of type [java.util.ArrayList] to request in view with name 'return-pending-requests'
15:56:18.418 [Test worker] DEBUG o.s.web.servlet.view.JstlView - Added model object 'scilist' of type [java.util.ArrayList] to request in view with name 'return-pending-requests'
15:56:18.418 [Test worker] DEBUG o.s.web.servlet.view.JstlView - Added model object 'verlist' of type [java.util.ArrayList] to request in view with name 'return-pending-requests'
15:56:18.418 [Test worker] DEBUG o.s.b.f.s.DefaultListableBeanFactory - Returning cached instance of singleton bean 'requestDataValueProcessor'
15:56:18.418 [Test worker] DEBUG o.s.web.servlet.view.JstlView - Forwarding to resource [/WEB-INF/views/return-pending-requests.jsp] in InternalResourceView 'return-pending-requests'
15:56:18.418 [Test worker] DEBUG o.s.mock.web.MockRequestDispatcher - MockRequestDispatcher: forwarding to [/WEB-INF/views/return-pending-requests.jsp]
15:56:18.418 [Test worker] DEBUG o.s.o.j.s.OpenEntityManagerInViewInterceptor - Closing JPA EntityManager in OpenEntityManagerInViewInterceptor
15:56:18.418 [Test worker] DEBUG o.s.o.jpa.EntityManagerFactoryUtils - Closing JPA EntityManager
15:56:18.418 [Test worker] DEBUG o.h.e.j.i.LogicalConnectionImpl - Releasing JDBC connection
15:56:18.418 [Test worker] DEBUG o.h.e.j.i.LogicalConnectionImpl - Released JDBC connection
15:56:18.418 [Test worker] DEBUG o.s.t.w.s.TestDispatcherServlet - Successfully completed request
15:56:18.419 [Test worker] DEBUG o.s.orm.jpa.JpaTransactionManager - Creating new transaction with name [org.springframework.data.jpa.repository.support.SimpleJpaRepository.deleteAll]: PROPAGATION_REQUIRED,ISOLATION_DEFAULT; ''
15:56:18.419 [Test worker] DEBUG o.s.orm.jpa.JpaTransactionManager - Opened new EntityManager [org.hibernate.jpa.internal.EntityManagerImpl@4f3584b4] for JPA transaction
15:56:18.419 [Test worker] DEBUG o.h.e.t.spi.AbstractTransactionImpl - begin
15:56:18.419 [Test worker] DEBUG o.h.e.j.i.LogicalConnectionImpl - Obtaining JDBC connection
15:56:18.419 [Test worker] DEBUG o.s.j.d.DriverManagerDataSource - Creating new JDBC DriverManager Connection to [jdbc:mysql://127.0.0.1:3306/wrp3]
15:56:18.423 [Test worker] DEBUG o.h.e.j.i.LogicalConnectionImpl - Obtained JDBC connection
15:56:18.423 [Test worker] DEBUG o.h.e.t.i.jdbc.JdbcTransaction - initial autocommit status: true
15:56:18.423 [Test worker] DEBUG o.h.e.t.i.jdbc.JdbcTransaction - disabling autocommit
15:56:18.423 [Test worker] DEBUG o.s.orm.jpa.JpaTransactionManager - Exposing JPA transaction as JDBC transaction [org.springframework.orm.jpa.vendor.HibernateJpaDialect$HibernateConnectionHandle@7c9bd2cc]
15:56:18.424 [Test worker] DEBUG o.h.jpa.criteria.CriteriaQueryImpl - Rendered criteria query -> select generatedAlias0 from Request as generatedAlias0
15:56:18.424 [Test worker] DEBUG org.hibernate.SQL - select request0_.request_id as request_1_3_, request0_.assign_to as assign_t2_3_, request0_.created_by as created_3_3_, request0_.date_created as date_cre4_3_, request0_.date_complete as date_com5_3_, request0_.due_date as due_date6_3_, request0_.priority as priority7_3_, request0_.reject_reason as reject_r8_3_, request0_.req_desc as req_desc9_3_, request0_.req_solution as req_sol10_3_, request0_.sci_id as sci_id11_3_, request0_.status as status12_3_, request0_.assigned_to as assigne13_3_, request0_.version_id as version14_3_ from request request0_
15:56:18.425 [Test worker] DEBUG org.hibernate.loader.Loader - Result set row: 0
15:56:18.425 [Test worker] DEBUG org.hibernate.loader.Loader - Result row: EntityKey[sciConsole.domain.Request#6]
15:56:18.425 [Test worker] DEBUG org.hibernate.loader.Loader - Result set row: 1
15:56:18.425 [Test worker] DEBUG org.hibernate.loader.Loader - Result row: EntityKey[sciConsole.domain.Request#7]
15:56:18.426 [Test worker] DEBUG org.hibernate.loader.Loader - Result set row: 2
15:56:18.426 [Test worker] DEBUG org.hibernate.loader.Loader - Result row: EntityKey[sciConsole.domain.Request#8]
15:56:18.426 [Test worker] DEBUG o.h.engine.internal.TwoPhaseLoad - Resolving associations for [sciConsole.domain.Request#6]
15:56:18.426 [Test worker] DEBUG o.h.engine.internal.TwoPhaseLoad - Done materializing entity [sciConsole.domain.Request#6]
15:56:18.426 [Test worker] DEBUG o.h.engine.internal.TwoPhaseLoad - Resolving associations for [sciConsole.domain.Request#7]
15:56:18.426 [Test worker] DEBUG o.h.engine.internal.TwoPhaseLoad - Done materializing entity [sciConsole.domain.Request#7]
15:56:18.426 [Test worker] DEBUG o.h.engine.internal.TwoPhaseLoad - Resolving associations for [sciConsole.domain.Request#8]
15:56:18.426 [Test worker] DEBUG o.h.engine.internal.TwoPhaseLoad - Done materializing entity [sciConsole.domain.Request#8]
15:56:18.427 [Test worker] DEBUG o.s.orm.jpa.JpaTransactionManager - Initiating transaction commit
15:56:18.427 [Test worker] DEBUG o.s.orm.jpa.JpaTransactionManager - Committing JPA transaction on EntityManager [org.hibernate.jpa.internal.EntityManagerImpl@4f3584b4]
15:56:18.427 [Test worker] DEBUG o.h.e.t.spi.AbstractTransactionImpl - committing
15:56:18.427 [Test worker] DEBUG o.h.e.i.AbstractFlushingEventListener - Processing flush-time cascades
15:56:18.427 [Test worker] DEBUG o.h.e.i.AbstractFlushingEventListener - Dirty checking collections
15:56:18.428 [Test worker] DEBUG o.h.e.i.AbstractFlushingEventListener - Flushed: 0 insertions, 0 updates, 3 deletions to 3 objects
15:56:18.428 [Test worker] DEBUG o.h.e.i.AbstractFlushingEventListener - Flushed: 0 (re)creations, 0 updates, 0 removals to 0 collections
15:56:18.428 [Test worker] DEBUG o.h.internal.util.EntityPrinter - Listing entities:
15:56:18.428 [Test worker] DEBUG o.h.internal.util.EntityPrinter - sciConsole.domain.Request{date=2016-01-11 15:56:18.0, dueDate=null, priority=null, type=0, versionId=1, rejectReason=feature already considered in the new release candidate, createdBy=1, dateComplete=null, reqDesc=Test Description, sciId=1, reqSolution=Test Solution, id=6, assignTo=null, status=4}
15:56:18.428 [Test worker] DEBUG o.h.internal.util.EntityPrinter - sciConsole.domain.Request{date=2016-01-11 15:56:18.0, dueDate=null, priority=null, type=0, versionId=1, rejectReason=null, createdBy=1, dateComplete=null, reqDesc=Test Description, sciId=1, reqSolution=Test Solution, id=7, assignTo=null, status=0}
15:56:18.428 [Test worker] DEBUG o.h.internal.util.EntityPrinter - sciConsole.domain.Request{date=2016-01-11 15:56:18.0, dueDate=null, priority=null, type=1, versionId=1, rejectReason=null, createdBy=0, dateComplete=null, reqDesc=Another Test Description, sciId=1, reqSolution=Another Test Solution, id=8, assignTo=null, status=0}
15:56:18.428 [Test worker] DEBUG org.hibernate.SQL - delete from request where request_id=?
15:56:18.429 [Test worker] DEBUG org.hibernate.SQL - delete from request where request_id=?
15:56:18.430 [Test worker] DEBUG org.hibernate.SQL - delete from request where request_id=?
15:56:18.433 [Test worker] DEBUG o.h.e.t.i.jdbc.JdbcTransaction - committed JDBC Connection
15:56:18.433 [Test worker] DEBUG o.h.e.t.i.jdbc.JdbcTransaction - re-enabling autocommit
15:56:18.434 [Test worker] DEBUG o.s.orm.jpa.JpaTransactionManager - Closing JPA EntityManager [org.hibernate.jpa.internal.EntityManagerImpl@4f3584b4] after transaction
15:56:18.434 [Test worker] DEBUG o.s.o.jpa.EntityManagerFactoryUtils - Closing JPA EntityManager
15:56:18.434 [Test worker] DEBUG o.h.e.j.internal.JdbcCoordinatorImpl - HHH000420: Closing un-released batch
15:56:18.434 [Test worker] DEBUG o.h.e.j.i.LogicalConnectionImpl - Releasing JDBC connection
15:56:18.434 [Test worker] DEBUG o.h.e.j.i.LogicalConnectionImpl - Released JDBC connection
15:56:18.434 [Test worker] DEBUG o.s.orm.jpa.JpaTransactionManager - Creating new transaction with name [org.springframework.data.jpa.repository.support.SimpleJpaRepository.save]: PROPAGATION_REQUIRED,ISOLATION_DEFAULT; ''
15:56:18.434 [Test worker] DEBUG o.s.orm.jpa.JpaTransactionManager - Opened new EntityManager [org.hibernate.jpa.internal.EntityManagerImpl@61b21745] for JPA transaction
15:56:18.434 [Test worker] DEBUG o.h.e.t.spi.AbstractTransactionImpl - begin
15:56:18.434 [Test worker] DEBUG o.h.e.j.i.LogicalConnectionImpl - Obtaining JDBC connection
15:56:18.434 [Test worker] DEBUG o.s.j.d.DriverManagerDataSource - Creating new JDBC DriverManager Connection to [jdbc:mysql://127.0.0.1:3306/wrp3]
15:56:18.438 [Test worker] DEBUG o.h.e.j.i.LogicalConnectionImpl - Obtained JDBC connection
15:56:18.438 [Test worker] DEBUG o.h.e.t.i.jdbc.JdbcTransaction - initial autocommit status: true
15:56:18.438 [Test worker] DEBUG o.h.e.t.i.jdbc.JdbcTransaction - disabling autocommit
15:56:18.439 [Test worker] DEBUG o.s.orm.jpa.JpaTransactionManager - Exposing JPA transaction as JDBC transaction [org.springframework.orm.jpa.vendor.HibernateJpaDialect$HibernateConnectionHandle@4c558930]
15:56:18.439 [Test worker] DEBUG o.s.orm.jpa.JpaTransactionManager - Initiating transaction commit
15:56:18.439 [Test worker] DEBUG o.s.orm.jpa.JpaTransactionManager - Committing JPA transaction on EntityManager [org.hibernate.jpa.internal.EntityManagerImpl@61b21745]
15:56:18.439 [Test worker] DEBUG o.h.e.t.spi.AbstractTransactionImpl - committing
15:56:18.439 [Test worker] DEBUG o.h.e.t.i.jdbc.JdbcTransaction - committed JDBC Connection
15:56:18.439 [Test worker] DEBUG o.h.e.t.i.jdbc.JdbcTransaction - re-enabling autocommit
15:56:18.439 [Test worker] DEBUG o.s.orm.jpa.JpaTransactionManager - Closing JPA EntityManager [org.hibernate.jpa.internal.EntityManagerImpl@61b21745] after transaction
15:56:18.439 [Test worker] DEBUG o.s.o.jpa.EntityManagerFactoryUtils - Closing JPA EntityManager
15:56:18.439 [Test worker] DEBUG o.h.e.j.i.LogicalConnectionImpl - Releasing JDBC connection
15:56:18.440 [Test worker] DEBUG o.h.e.j.i.LogicalConnectionImpl - Released JDBC connection
15:56:18.440 [Test worker] DEBUG o.s.orm.jpa.JpaTransactionManager - Creating new transaction with name [org.springframework.data.jpa.repository.support.SimpleJpaRepository.deleteAll]: PROPAGATION_REQUIRED,ISOLATION_DEFAULT; ''
15:56:18.440 [Test worker] DEBUG o.s.orm.jpa.JpaTransactionManager - Opened new EntityManager [org.hibernate.jpa.internal.EntityManagerImpl@4caf4037] for JPA transaction
15:56:18.440 [Test worker] DEBUG o.h.e.t.spi.AbstractTransactionImpl - begin
15:56:18.440 [Test worker] DEBUG o.h.e.j.i.LogicalConnectionImpl - Obtaining JDBC connection
15:56:18.440 [Test worker] DEBUG o.s.j.d.DriverManagerDataSource - Creating new JDBC DriverManager Connection to [jdbc:mysql://127.0.0.1:3306/wrp3]
15:56:18.445 [Test worker] DEBUG o.h.e.j.i.LogicalConnectionImpl - Obtained JDBC connection
15:56:18.445 [Test worker] DEBUG o.h.e.t.i.jdbc.JdbcTransaction - initial autocommit status: true
15:56:18.445 [Test worker] DEBUG o.h.e.t.i.jdbc.JdbcTransaction - disabling autocommit
15:56:18.445 [Test worker] DEBUG o.s.orm.jpa.JpaTransactionManager - Exposing JPA transaction as JDBC transaction [org.springframework.orm.jpa.vendor.HibernateJpaDialect$HibernateConnectionHandle@65dafccd]
15:56:18.445 [Test worker] DEBUG o.h.jpa.criteria.CriteriaQueryImpl - Rendered criteria query -> select generatedAlias0 from Request as generatedAlias0
15:56:18.446 [Test worker] DEBUG org.hibernate.SQL - select request0_.request_id as request_1_3_, request0_.assign_to as assign_t2_3_, request0_.created_by as created_3_3_, request0_.date_created as date_cre4_3_, request0_.date_complete as date_com5_3_, request0_.due_date as due_date6_3_, request0_.priority as priority7_3_, request0_.reject_reason as reject_r8_3_, request0_.req_desc as req_desc9_3_, request0_.req_solution as req_sol10_3_, request0_.sci_id as sci_id11_3_, request0_.status as status12_3_, request0_.assigned_to as assigne13_3_, request0_.version_id as version14_3_ from request request0_
15:56:18.447 [Test worker] DEBUG o.s.orm.jpa.JpaTransactionManager - Initiating transaction commit
15:56:18.447 [Test worker] DEBUG o.s.orm.jpa.JpaTransactionManager - Committing JPA transaction on EntityManager [org.hibernate.jpa.internal.EntityManagerImpl@4caf4037]
15:56:18.447 [Test worker] DEBUG o.h.e.t.spi.AbstractTransactionImpl - committing
15:56:18.447 [Test worker] DEBUG o.h.e.t.i.jdbc.JdbcTransaction - committed JDBC Connection
15:56:18.447 [Test worker] DEBUG o.h.e.t.i.jdbc.JdbcTransaction - re-enabling autocommit
15:56:18.447 [Test worker] DEBUG o.s.orm.jpa.JpaTransactionManager - Closing JPA EntityManager [org.hibernate.jpa.internal.EntityManagerImpl@4caf4037] after transaction
15:56:18.447 [Test worker] DEBUG o.s.o.jpa.EntityManagerFactoryUtils - Closing JPA EntityManager
15:56:18.447 [Test worker] DEBUG o.h.e.j.i.LogicalConnectionImpl - Releasing JDBC connection
15:56:18.447 [Test worker] DEBUG o.h.e.j.i.LogicalConnectionImpl - Released JDBC connection
15:56:18.447 [Test worker] DEBUG o.s.orm.jpa.JpaTransactionManager - Creating new transaction with name [org.springframework.data.jpa.repository.support.SimpleJpaRepository.save]: PROPAGATION_REQUIRED,ISOLATION_DEFAULT; ''
15:56:18.448 [Test worker] DEBUG o.s.orm.jpa.JpaTransactionManager - Opened new EntityManager [org.hibernate.jpa.internal.EntityManagerImpl@5fbaf639] for JPA transaction
15:56:18.448 [Test worker] DEBUG o.h.e.t.spi.AbstractTransactionImpl - begin
15:56:18.448 [Test worker] DEBUG o.h.e.j.i.LogicalConnectionImpl - Obtaining JDBC connection
15:56:18.448 [Test worker] DEBUG o.s.j.d.DriverManagerDataSource - Creating new JDBC DriverManager Connection to [jdbc:mysql://127.0.0.1:3306/wrp3]
15:56:18.452 [Test worker] DEBUG o.h.e.j.i.LogicalConnectionImpl - Obtained JDBC connection
15:56:18.452 [Test worker] DEBUG o.h.e.t.i.jdbc.JdbcTransaction - initial autocommit status: true
15:56:18.452 [Test worker] DEBUG o.h.e.t.i.jdbc.JdbcTransaction - disabling autocommit
15:56:18.452 [Test worker] DEBUG o.s.orm.jpa.JpaTransactionManager - Exposing JPA transaction as JDBC transaction [org.springframework.orm.jpa.vendor.HibernateJpaDialect$HibernateConnectionHandle@495a5649]
15:56:18.452 [Test worker] DEBUG o.s.orm.jpa.JpaTransactionManager - Initiating transaction commit
15:56:18.452 [Test worker] DEBUG o.s.orm.jpa.JpaTransactionManager - Committing JPA transaction on EntityManager [org.hibernate.jpa.internal.EntityManagerImpl@5fbaf639]
15:56:18.452 [Test worker] DEBUG o.h.e.t.spi.AbstractTransactionImpl - committing
15:56:18.452 [Test worker] DEBUG o.h.e.t.i.jdbc.JdbcTransaction - committed JDBC Connection
15:56:18.453 [Test worker] DEBUG o.h.e.t.i.jdbc.JdbcTransaction - re-enabling autocommit
15:56:18.453 [Test worker] DEBUG o.s.orm.jpa.JpaTransactionManager - Closing JPA EntityManager [org.hibernate.jpa.internal.EntityManagerImpl@5fbaf639] after transaction
15:56:18.453 [Test worker] DEBUG o.s.o.jpa.EntityManagerFactoryUtils - Closing JPA EntityManager
15:56:18.453 [Test worker] DEBUG o.h.e.j.i.LogicalConnectionImpl - Releasing JDBC connection
15:56:18.453 [Test worker] DEBUG o.h.e.j.i.LogicalConnectionImpl - Released JDBC connection
15:56:18.454 [Test worker] DEBUG o.s.orm.jpa.JpaTransactionManager - Creating new transaction with name [org.springframework.data.jpa.repository.support.SimpleJpaRepository.deleteAll]: PROPAGATION_REQUIRED,ISOLATION_DEFAULT; ''
15:56:18.454 [Test worker] DEBUG o.s.orm.jpa.JpaTransactionManager - Opened new EntityManager [org.hibernate.jpa.internal.EntityManagerImpl@6f1fba50] for JPA transaction
15:56:18.454 [Test worker] DEBUG o.h.e.t.spi.AbstractTransactionImpl - begin
15:56:18.454 [Test worker] DEBUG o.h.e.j.i.LogicalConnectionImpl - Obtaining JDBC connection
15:56:18.454 [Test worker] DEBUG o.s.j.d.DriverManagerDataSource - Creating new JDBC DriverManager Connection to [jdbc:mysql://127.0.0.1:3306/wrp3]
15:56:18.458 [Test worker] DEBUG o.h.e.j.i.LogicalConnectionImpl - Obtained JDBC connection
15:56:18.458 [Test worker] DEBUG o.h.e.t.i.jdbc.JdbcTransaction - initial autocommit status: true
15:56:18.458 [Test worker] DEBUG o.h.e.t.i.jdbc.JdbcTransaction - disabling autocommit
15:56:18.458 [Test worker] DEBUG o.s.orm.jpa.JpaTransactionManager - Exposing JPA transaction as JDBC transaction [org.springframework.orm.jpa.vendor.HibernateJpaDialect$HibernateConnectionHandle@6f65dd75]
15:56:18.459 [Test worker] DEBUG o.h.jpa.criteria.CriteriaQueryImpl - Rendered criteria query -> select generatedAlias0 from User as generatedAlias0
15:56:18.459 [Test worker] DEBUG org.hibernate.SQL - select user0_.id as id1_8_, user0_.login as login2_8_, user0_.password as password3_8_, user0_1_.role_id as role_id1_7_ from users user0_ left outer join user_roles user0_1_ on user0_.id=user0_1_.user_id
15:56:18.460 [Test worker] DEBUG org.hibernate.loader.Loader - Result set row: 0
15:56:18.460 [Test worker] DEBUG org.hibernate.loader.Loader - Result row: EntityKey[sciConsole.domain.User#7]
15:56:18.460 [Test worker] DEBUG org.hibernate.loader.Loader - Result set row: 1
15:56:18.460 [Test worker] DEBUG org.hibernate.loader.Loader - Result row: EntityKey[sciConsole.domain.User#8]
15:56:18.460 [Test worker] DEBUG o.h.engine.internal.TwoPhaseLoad - Resolving associations for [sciConsole.domain.User#7]
15:56:18.460 [Test worker] DEBUG org.hibernate.SQL - select role0_.id as id1_4_0_, role0_.role as role2_4_0_ from roles role0_ where role0_.id=?
15:56:18.461 [Test worker] DEBUG o.h.l.p.e.p.i.ResultSetProcessorImpl - Starting ResultSet row #0
15:56:18.461 [Test worker] DEBUG o.h.l.p.e.p.i.EntityReferenceInitializerImpl - On call to EntityIdentifierReaderImpl#resolve, EntityKey was already known; should only happen on root returns with an optional identifier specified
15:56:18.461 [Test worker] DEBUG o.h.engine.internal.TwoPhaseLoad - Resolving associations for [sciConsole.domain.Role#2]
15:56:18.461 [Test worker] DEBUG o.h.engine.internal.TwoPhaseLoad - Done materializing entity [sciConsole.domain.Role#2]
15:56:18.461 [Test worker] DEBUG o.h.l.e.p.AbstractLoadPlanBasedEntityLoader - Done entity load : sciConsole.domain.Role#2
15:56:18.462 [Test worker] DEBUG o.h.engine.internal.TwoPhaseLoad - Done materializing entity [sciConsole.domain.User#7]
15:56:18.462 [Test worker] DEBUG o.h.engine.internal.TwoPhaseLoad - Resolving associations for [sciConsole.domain.User#8]
15:56:18.462 [Test worker] DEBUG org.hibernate.SQL - select role0_.id as id1_4_0_, role0_.role as role2_4_0_ from roles role0_ where role0_.id=?
15:56:18.462 [Test worker] DEBUG o.h.l.p.e.p.i.ResultSetProcessorImpl - Starting ResultSet row #0
15:56:18.462 [Test worker] DEBUG o.h.l.p.e.p.i.EntityReferenceInitializerImpl - On call to EntityIdentifierReaderImpl#resolve, EntityKey was already known; should only happen on root returns with an optional identifier specified
15:56:18.462 [Test worker] DEBUG o.h.engine.internal.TwoPhaseLoad - Resolving associations for [sciConsole.domain.Role#1]
15:56:18.463 [Test worker] DEBUG o.h.engine.internal.TwoPhaseLoad - Done materializing entity [sciConsole.domain.Role#1]
15:56:18.463 [Test worker] DEBUG o.h.l.e.p.AbstractLoadPlanBasedEntityLoader - Done entity load : sciConsole.domain.Role#1
15:56:18.463 [Test worker] DEBUG o.h.engine.internal.TwoPhaseLoad - Done materializing entity [sciConsole.domain.User#8]
15:56:18.464 [Test worker] DEBUG o.h.l.c.p.AbstractLoadPlanBasedCollectionInitializer - Loading collection: [sciConsole.domain.Role.userRoles#2]
15:56:18.464 [Test worker] DEBUG org.hibernate.SQL - select userroles0_.role_id as role_id1_4_0_, userroles0_.user_id as user_id2_7_0_, user1_.id as id1_8_1_, user1_.login as login2_8_1_, user1_.password as password3_8_1_, user1_1_.role_id as role_id1_7_1_ from user_roles userroles0_ inner join users user1_ on userroles0_.user_id=user1_.id left outer join user_roles user1_1_ on user1_.id=user1_1_.user_id where userroles0_.role_id=?
15:56:18.464 [Test worker] DEBUG o.h.l.p.e.p.i.ResultSetProcessorImpl - Preparing collection intializer : [sciConsole.domain.Role.userRoles#2]
15:56:18.465 [Test worker] DEBUG o.h.l.p.e.p.i.ResultSetProcessorImpl - Starting ResultSet row #0
15:56:18.465 [Test worker] DEBUG o.h.l.p.e.p.i.CollectionReferenceInitializerImpl - Found row of collection: [sciConsole.domain.Role.userRoles#2]
15:56:18.465 [Test worker] DEBUG o.h.e.l.i.CollectionLoadContext - 1 collections were found in result set for role: sciConsole.domain.Role.userRoles
15:56:18.465 [Test worker] DEBUG o.h.e.l.i.CollectionLoadContext - Collection fully initialized: [sciConsole.domain.Role.userRoles#2]
15:56:18.465 [Test worker] DEBUG o.h.e.l.i.CollectionLoadContext - 1 collections initialized for role: sciConsole.domain.Role.userRoles
15:56:18.465 [Test worker] DEBUG o.h.l.c.p.AbstractLoadPlanBasedCollectionInitializer - Done loading collection
15:56:18.466 [Test worker] DEBUG o.h.l.c.p.AbstractLoadPlanBasedCollectionInitializer - Loading collection: [sciConsole.domain.Role.userRoles#1]
15:56:18.467 [Test worker] DEBUG org.hibernate.SQL - select userroles0_.role_id as role_id1_4_0_, userroles0_.user_id as user_id2_7_0_, user1_.id as id1_8_1_, user1_.login as login2_8_1_, user1_.password as password3_8_1_, user1_1_.role_id as role_id1_7_1_ from user_roles userroles0_ inner join users user1_ on userroles0_.user_id=user1_.id left outer join user_roles user1_1_ on user1_.id=user1_1_.user_id where userroles0_.role_id=?
15:56:18.467 [Test worker] DEBUG o.h.l.p.e.p.i.ResultSetProcessorImpl - Preparing collection intializer : [sciConsole.domain.Role.userRoles#1]
15:56:18.467 [Test worker] DEBUG o.h.l.p.e.p.i.ResultSetProcessorImpl - Starting ResultSet row #0
15:56:18.468 [Test worker] DEBUG o.h.l.p.e.p.i.CollectionReferenceInitializerImpl - Found row of collection: [sciConsole.domain.Role.userRoles#1]
15:56:18.468 [Test worker] DEBUG o.h.e.l.i.CollectionLoadContext - 1 collections were found in result set for role: sciConsole.domain.Role.userRoles
15:56:18.468 [Test worker] DEBUG o.h.e.l.i.CollectionLoadContext - Collection fully initialized: [sciConsole.domain.Role.userRoles#1]
15:56:18.468 [Test worker] DEBUG o.h.e.l.i.CollectionLoadContext - 1 collections initialized for role: sciConsole.domain.Role.userRoles
15:56:18.468 [Test worker] DEBUG o.h.l.c.p.AbstractLoadPlanBasedCollectionInitializer - Done loading collection
15:56:18.468 [Test worker] DEBUG o.s.orm.jpa.JpaTransactionManager - Initiating transaction commit
15:56:18.468 [Test worker] DEBUG o.s.orm.jpa.JpaTransactionManager - Committing JPA transaction on EntityManager [org.hibernate.jpa.internal.EntityManagerImpl@6f1fba50]
15:56:18.468 [Test worker] DEBUG o.h.e.t.spi.AbstractTransactionImpl - committing
15:56:18.468 [Test worker] DEBUG o.h.e.i.AbstractFlushingEventListener - Processing flush-time cascades
15:56:18.468 [Test worker] DEBUG o.h.e.i.AbstractFlushingEventListener - Dirty checking collections
15:56:18.469 [Test worker] DEBUG o.h.engine.internal.Collections - Collection dereferenced: [sciConsole.domain.Role.userRoles#2]
15:56:18.469 [Test worker] DEBUG o.h.engine.internal.Collections - Collection dereferenced: [sciConsole.domain.Role.userRoles#1]
15:56:18.469 [Test worker] DEBUG o.h.e.i.AbstractFlushingEventListener - Flushed: 0 insertions, 0 updates, 4 deletions to 4 objects
15:56:18.469 [Test worker] DEBUG o.h.e.i.AbstractFlushingEventListener - Flushed: 0 (re)creations, 0 updates, 2 removals to 2 collections
15:56:18.469 [Test worker] DEBUG o.h.internal.util.EntityPrinter - Listing entities:
15:56:18.469 [Test worker] DEBUG o.h.internal.util.EntityPrinter - sciConsole.domain.User{password=$2a$10$sbTqPCC0wB2c4IE5Y5RCdeWLIvtjAKEHFzHluAg7LiqkSdZNujJn2, role=sciConsole.domain.Role#2, id=7, login=Alice}
15:56:18.469 [Test worker] DEBUG o.h.internal.util.EntityPrinter - sciConsole.domain.User{password=$2a$10$UQ/jCMwn14H5VdHO4or0L.xvlGoplsSsRXHjXdbYij9UEArHJzsE2, role=sciConsole.domain.Role#1, id=8, login=Bob}
15:56:18.469 [Test worker] DEBUG o.h.internal.util.EntityPrinter - sciConsole.domain.Role{userRoles=[sciConsole.domain.User#8], role=MANAGER, id=1}
15:56:18.469 [Test worker] DEBUG o.h.internal.util.EntityPrinter - sciConsole.domain.Role{userRoles=[sciConsole.domain.User#7], role=DEVELOPER, id=2}
15:56:18.469 [Test worker] DEBUG o.h.p.c.AbstractCollectionPersister - Deleting collection: [sciConsole.domain.Role.userRoles#2]
15:56:18.469 [Test worker] DEBUG org.hibernate.SQL - delete from user_roles where role_id=?
15:56:18.470 [Test worker] DEBUG o.h.p.c.AbstractCollectionPersister - Done deleting collection
15:56:18.470 [Test worker] DEBUG o.h.p.c.AbstractCollectionPersister - Deleting collection: [sciConsole.domain.Role.userRoles#1]
15:56:18.470 [Test worker] DEBUG org.hibernate.SQL - delete from user_roles where role_id=?
15:56:18.471 [Test worker] DEBUG o.h.p.c.AbstractCollectionPersister - Done deleting collection
15:56:18.471 [Test worker] DEBUG org.hibernate.SQL - delete from user_roles where user_id=?
15:56:18.472 [Test worker] DEBUG org.hibernate.SQL - delete from users where id=?
15:56:18.472 [Test worker] DEBUG org.hibernate.SQL - delete from roles where id=?
15:56:18.473 [Test worker] DEBUG org.hibernate.SQL - delete from user_roles where user_id=?
15:56:18.474 [Test worker] DEBUG org.hibernate.SQL - delete from users where id=?
15:56:18.474 [Test worker] DEBUG org.hibernate.SQL - delete from roles where id=?
15:56:18.478 [Test worker] DEBUG o.h.e.t.i.jdbc.JdbcTransaction - committed JDBC Connection
15:56:18.478 [Test worker] DEBUG o.h.e.t.i.jdbc.JdbcTransaction - re-enabling autocommit
15:56:18.478 [Test worker] DEBUG o.s.orm.jpa.JpaTransactionManager - Closing JPA EntityManager [org.hibernate.jpa.internal.EntityManagerImpl@6f1fba50] after transaction
15:56:18.478 [Test worker] DEBUG o.s.o.jpa.EntityManagerFactoryUtils - Closing JPA EntityManager
15:56:18.478 [Test worker] DEBUG o.h.e.j.internal.JdbcCoordinatorImpl - HHH000420: Closing un-released batch
15:56:18.478 [Test worker] DEBUG o.h.e.j.i.LogicalConnectionImpl - Releasing JDBC connection
15:56:18.479 [Test worker] DEBUG o.h.e.j.i.LogicalConnectionImpl - Released JDBC connection
15:56:18.479 [Test worker] DEBUG o.s.orm.jpa.JpaTransactionManager - Creating new transaction with name [org.springframework.data.jpa.repository.support.SimpleJpaRepository.deleteAll]: PROPAGATION_REQUIRED,ISOLATION_DEFAULT; ''
15:56:18.479 [Test worker] DEBUG o.s.orm.jpa.JpaTransactionManager - Opened new EntityManager [org.hibernate.jpa.internal.EntityManagerImpl@37a87705] for JPA transaction
15:56:18.479 [Test worker] DEBUG o.h.e.t.spi.AbstractTransactionImpl - begin
15:56:18.479 [Test worker] DEBUG o.h.e.j.i.LogicalConnectionImpl - Obtaining JDBC connection
15:56:18.479 [Test worker] DEBUG o.s.j.d.DriverManagerDataSource - Creating new JDBC DriverManager Connection to [jdbc:mysql://127.0.0.1:3306/wrp3]
15:56:18.483 [Test worker] DEBUG o.h.e.j.i.LogicalConnectionImpl - Obtained JDBC connection
15:56:18.483 [Test worker] DEBUG o.h.e.t.i.jdbc.JdbcTransaction - initial autocommit status: true
15:56:18.483 [Test worker] DEBUG o.h.e.t.i.jdbc.JdbcTransaction - disabling autocommit
15:56:18.484 [Test worker] DEBUG o.s.orm.jpa.JpaTransactionManager - Exposing JPA transaction as JDBC transaction [org.springframework.orm.jpa.vendor.HibernateJpaDialect$HibernateConnectionHandle@3afdc5b]
15:56:18.484 [Test worker] DEBUG o.h.jpa.criteria.CriteriaQueryImpl - Rendered criteria query -> select generatedAlias0 from Role as generatedAlias0
15:56:18.485 [Test worker] DEBUG org.hibernate.SQL - select role0_.id as id1_4_, role0_.role as role2_4_ from roles role0_
15:56:18.486 [Test worker] DEBUG o.s.orm.jpa.JpaTransactionManager - Initiating transaction commit
15:56:18.486 [Test worker] DEBUG o.s.orm.jpa.JpaTransactionManager - Committing JPA transaction on EntityManager [org.hibernate.jpa.internal.EntityManagerImpl@37a87705]
15:56:18.486 [Test worker] DEBUG o.h.e.t.spi.AbstractTransactionImpl - committing
15:56:18.486 [Test worker] DEBUG o.h.e.t.i.jdbc.JdbcTransaction - committed JDBC Connection
15:56:18.486 [Test worker] DEBUG o.h.e.t.i.jdbc.JdbcTransaction - re-enabling autocommit
15:56:18.486 [Test worker] DEBUG o.s.orm.jpa.JpaTransactionManager - Closing JPA EntityManager [org.hibernate.jpa.internal.EntityManagerImpl@37a87705] after transaction
15:56:18.486 [Test worker] DEBUG o.s.o.jpa.EntityManagerFactoryUtils - Closing JPA EntityManager
15:56:18.486 [Test worker] DEBUG o.h.e.j.i.LogicalConnectionImpl - Releasing JDBC connection
15:56:18.486 [Test worker] DEBUG o.h.e.j.i.LogicalConnectionImpl - Released JDBC connection
15:56:18.487 [Test worker] DEBUG o.s.orm.jpa.JpaTransactionManager - Creating new transaction with name [org.springframework.data.jpa.repository.support.SimpleJpaRepository.save]: PROPAGATION_REQUIRED,ISOLATION_DEFAULT; ''
15:56:18.487 [Test worker] DEBUG o.s.orm.jpa.JpaTransactionManager - Opened new EntityManager [org.hibernate.jpa.internal.EntityManagerImpl@3c8c559f] for JPA transaction
15:56:18.487 [Test worker] DEBUG o.h.e.t.spi.AbstractTransactionImpl - begin
15:56:18.487 [Test worker] DEBUG o.h.e.j.i.LogicalConnectionImpl - Obtaining JDBC connection
15:56:18.487 [Test worker] DEBUG o.s.j.d.DriverManagerDataSource - Creating new JDBC DriverManager Connection to [jdbc:mysql://127.0.0.1:3306/wrp3]
15:56:18.490 [Test worker] DEBUG o.h.e.j.i.LogicalConnectionImpl - Obtained JDBC connection
15:56:18.490 [Test worker] DEBUG o.h.e.t.i.jdbc.JdbcTransaction - initial autocommit status: true
15:56:18.490 [Test worker] DEBUG o.h.e.t.i.jdbc.JdbcTransaction - disabling autocommit
15:56:18.491 [Test worker] DEBUG o.s.orm.jpa.JpaTransactionManager - Exposing JPA transaction as JDBC transaction [org.springframework.orm.jpa.vendor.HibernateJpaDialect$HibernateConnectionHandle@318a762]
15:56:18.491 [Test worker] DEBUG org.hibernate.loader.Loader - Loading entity: [sciConsole.domain.User#7]
15:56:18.491 [Test worker] DEBUG org.hibernate.SQL - select user0_.id as id1_8_1_, user0_.login as login2_8_1_, user0_.password as password3_8_1_, user0_1_.role_id as role_id1_7_1_, role1_.id as id1_4_0_, role1_.role as role2_4_0_ from users user0_ left outer join user_roles user0_1_ on user0_.id=user0_1_.user_id left outer join roles role1_ on user0_1_.role_id=role1_.id where user0_.id=?
15:56:18.492 [Test worker] DEBUG org.hibernate.loader.Loader - Done entity load
15:56:18.492 [Test worker] DEBUG org.hibernate.loader.Loader - Loading entity: [sciConsole.domain.Role#2]
15:56:18.492 [Test worker] DEBUG org.hibernate.SQL - select role0_.id as id1_4_1_, role0_.role as role2_4_1_, userroles1_.role_id as role_id1_4_3_, user2_.id as user_id2_7_3_, user2_.id as id1_8_0_, user2_.login as login2_8_0_, user2_.password as password3_8_0_, user2_1_.role_id as role_id1_7_0_ from roles role0_ left outer join user_roles userroles1_ on role0_.id=userroles1_.role_id left outer join users user2_ on userroles1_.user_id=user2_.id left outer join user_roles user2_1_ on user2_.id=user2_1_.user_id where role0_.id=?
15:56:18.493 [Test worker] DEBUG o.h.e.l.i.CollectionLoadContext - No collections were found in result set for role: sciConsole.domain.Role.userRoles
15:56:18.493 [Test worker] DEBUG org.hibernate.loader.Loader - Done entity load
15:56:18.493 [Test worker] DEBUG o.h.e.i.AbstractSaveEventListener - Generated identifier: 2, using strategy: org.hibernate.id.Assigned
15:56:18.493 [Test worker] DEBUG org.hibernate.SQL - insert into roles (role, id) values (?, ?)
15:56:18.494 [Test worker] DEBUG org.hibernate.engine.spi.ActionQueue - Executing identity-insert immediately
15:56:18.494 [Test worker] DEBUG org.hibernate.SQL - insert into users (login, password) values (?, ?)
15:56:18.495 [Test worker] DEBUG o.h.id.IdentifierGeneratorHelper - Natively generated identity: 9
15:56:18.496 [Test worker] DEBUG org.hibernate.SQL - insert into user_roles (role_id, user_id) values (?, ?)
15:56:18.497 [Test worker] DEBUG org.hibernate.loader.Loader - Loading entity: [sciConsole.domain.User#8]
15:56:18.497 [Test worker] DEBUG org.hibernate.SQL - select user0_.id as id1_8_1_, user0_.login as login2_8_1_, user0_.password as password3_8_1_, user0_1_.role_id as role_id1_7_1_, role1_.id as id1_4_0_, role1_.role as role2_4_0_ from users user0_ left outer join user_roles user0_1_ on user0_.id=user0_1_.user_id left outer join roles role1_ on user0_1_.role_id=role1_.id where user0_.id=?
15:56:18.497 [Test worker] DEBUG org.hibernate.loader.Loader - Done entity load
15:56:18.498 [Test worker] DEBUG org.hibernate.loader.Loader - Loading entity: [sciConsole.domain.Role#1]
15:56:18.498 [Test worker] DEBUG org.hibernate.SQL - select role0_.id as id1_4_1_, role0_.role as role2_4_1_, userroles1_.role_id as role_id1_4_3_, user2_.id as user_id2_7_3_, user2_.id as id1_8_0_, user2_.login as login2_8_0_, user2_.password as password3_8_0_, user2_1_.role_id as role_id1_7_0_ from roles role0_ left outer join user_roles userroles1_ on role0_.id=userroles1_.role_id left outer join users user2_ on userroles1_.user_id=user2_.id left outer join user_roles user2_1_ on user2_.id=user2_1_.user_id where role0_.id=?
15:56:18.498 [Test worker] DEBUG o.h.e.l.i.CollectionLoadContext - No collections were found in result set for role: sciConsole.domain.Role.userRoles
15:56:18.499 [Test worker] DEBUG org.hibernate.loader.Loader - Done entity load
15:56:18.499 [Test worker] DEBUG o.h.e.i.AbstractSaveEventListener - Generated identifier: 1, using strategy: org.hibernate.id.Assigned
15:56:18.499 [Test worker] DEBUG org.hibernate.SQL - insert into roles (role, id) values (?, ?)
15:56:18.500 [Test worker] DEBUG org.hibernate.engine.spi.ActionQueue - Executing identity-insert immediately
15:56:18.500 [Test worker] DEBUG org.hibernate.SQL - insert into users (login, password) values (?, ?)
15:56:18.501 [Test worker] DEBUG o.h.id.IdentifierGeneratorHelper - Natively generated identity: 10
15:56:18.501 [Test worker] DEBUG org.hibernate.SQL - insert into user_roles (role_id, user_id) values (?, ?)
15:56:18.501 [Test worker] DEBUG o.s.orm.jpa.JpaTransactionManager - Initiating transaction commit
15:56:18.502 [Test worker] DEBUG o.s.orm.jpa.JpaTransactionManager - Committing JPA transaction on EntityManager [org.hibernate.jpa.internal.EntityManagerImpl@3c8c559f]
15:56:18.502 [Test worker] DEBUG o.h.e.t.spi.AbstractTransactionImpl - committing
15:56:18.502 [Test worker] DEBUG o.h.e.i.AbstractFlushingEventListener - Processing flush-time cascades
15:56:18.502 [Test worker] DEBUG o.h.e.i.AbstractFlushingEventListener - Dirty checking collections
15:56:18.502 [Test worker] DEBUG o.h.e.i.AbstractFlushingEventListener - Flushed: 0 insertions, 0 updates, 0 deletions to 4 objects
15:56:18.502 [Test worker] DEBUG o.h.e.i.AbstractFlushingEventListener - Flushed: 0 (re)creations, 0 updates, 0 removals to 0 collections
15:56:18.502 [Test worker] DEBUG o.h.internal.util.EntityPrinter - Listing entities:
15:56:18.502 [Test worker] DEBUG o.h.internal.util.EntityPrinter - sciConsole.domain.User{password=$2a$10$sbTqPCC0wB2c4IE5Y5RCdeWLIvtjAKEHFzHluAg7LiqkSdZNujJn2, role=sciConsole.domain.Role#2, id=9, login=Alice}
15:56:18.502 [Test worker] DEBUG o.h.internal.util.EntityPrinter - sciConsole.domain.Role{userRoles=null, role=MANAGER, id=1}
15:56:18.502 [Test worker] DEBUG o.h.internal.util.EntityPrinter - sciConsole.domain.Role{userRoles=null, role=DEVELOPER, id=2}
15:56:18.502 [Test worker] DEBUG o.h.internal.util.EntityPrinter - sciConsole.domain.User{password=$2a$10$UQ/jCMwn14H5VdHO4or0L.xvlGoplsSsRXHjXdbYij9UEArHJzsE2, role=sciConsole.domain.Role#1, id=10, login=Bob}
15:56:18.505 [Test worker] DEBUG o.h.e.t.i.jdbc.JdbcTransaction - committed JDBC Connection
15:56:18.505 [Test worker] DEBUG o.h.e.t.i.jdbc.JdbcTransaction - re-enabling autocommit
15:56:18.506 [Test worker] DEBUG o.s.orm.jpa.JpaTransactionManager - Closing JPA EntityManager [org.hibernate.jpa.internal.EntityManagerImpl@3c8c559f] after transaction
15:56:18.506 [Test worker] DEBUG o.s.o.jpa.EntityManagerFactoryUtils - Closing JPA EntityManager
15:56:18.506 [Test worker] DEBUG o.h.e.j.internal.JdbcCoordinatorImpl - HHH000420: Closing un-released batch
15:56:18.506 [Test worker] DEBUG o.h.e.j.i.LogicalConnectionImpl - Releasing JDBC connection
15:56:18.506 [Test worker] DEBUG o.h.e.j.i.LogicalConnectionImpl - Released JDBC connection
15:56:18.506 [Test worker] DEBUG o.s.orm.jpa.JpaTransactionManager - Creating new transaction with name [org.springframework.data.jpa.repository.support.SimpleJpaRepository.save]: PROPAGATION_REQUIRED,ISOLATION_DEFAULT; ''
15:56:18.506 [Test worker] DEBUG o.s.orm.jpa.JpaTransactionManager - Opened new EntityManager [org.hibernate.jpa.internal.EntityManagerImpl@7b2ca1f9] for JPA transaction
15:56:18.506 [Test worker] DEBUG o.h.e.t.spi.AbstractTransactionImpl - begin
15:56:18.506 [Test worker] DEBUG o.h.e.j.i.LogicalConnectionImpl - Obtaining JDBC connection
15:56:18.506 [Test worker] DEBUG o.s.j.d.DriverManagerDataSource - Creating new JDBC DriverManager Connection to [jdbc:mysql://127.0.0.1:3306/wrp3]
15:56:18.510 [Test worker] DEBUG o.h.e.j.i.LogicalConnectionImpl - Obtained JDBC connection
15:56:18.510 [Test worker] DEBUG o.h.e.t.i.jdbc.JdbcTransaction - initial autocommit status: true
15:56:18.510 [Test worker] DEBUG o.h.e.t.i.jdbc.JdbcTransaction - disabling autocommit
15:56:18.510 [Test worker] DEBUG o.s.orm.jpa.JpaTransactionManager - Exposing JPA transaction as JDBC transaction [org.springframework.orm.jpa.vendor.HibernateJpaDialect$HibernateConnectionHandle@6a48f51]
15:56:18.511 [Test worker] DEBUG org.hibernate.loader.Loader - Loading entity: [sciConsole.domain.Role#1]
15:56:18.511 [Test worker] DEBUG org.hibernate.SQL - select role0_.id as id1_4_1_, role0_.role as role2_4_1_, userroles1_.role_id as role_id1_4_3_, user2_.id as user_id2_7_3_, user2_.id as id1_8_0_, user2_.login as login2_8_0_, user2_.password as password3_8_0_, user2_1_.role_id as role_id1_7_0_ from roles role0_ left outer join user_roles userroles1_ on role0_.id=userroles1_.role_id left outer join users user2_ on userroles1_.user_id=user2_.id left outer join user_roles user2_1_ on user2_.id=user2_1_.user_id where role0_.id=?
15:56:18.512 [Test worker] DEBUG org.hibernate.loader.Loader - Result set row: 0
15:56:18.512 [Test worker] DEBUG org.hibernate.loader.Loader - Result row: EntityKey[sciConsole.domain.User#10], EntityKey[sciConsole.domain.Role#1]
15:56:18.512 [Test worker] DEBUG org.hibernate.loader.Loader - Found row of collection: [sciConsole.domain.Role.userRoles#1]
15:56:18.513 [Test worker] DEBUG o.h.engine.internal.TwoPhaseLoad - Resolving associations for [sciConsole.domain.User#10]
15:56:18.513 [Test worker] DEBUG o.h.engine.internal.TwoPhaseLoad - Done materializing entity [sciConsole.domain.User#10]
15:56:18.513 [Test worker] DEBUG o.h.engine.internal.TwoPhaseLoad - Resolving associations for [sciConsole.domain.Role#1]
15:56:18.513 [Test worker] DEBUG o.h.engine.internal.TwoPhaseLoad - Done materializing entity [sciConsole.domain.Role#1]
15:56:18.513 [Test worker] DEBUG o.h.e.l.i.CollectionLoadContext - 1 collections were found in result set for role: sciConsole.domain.Role.userRoles
15:56:18.513 [Test worker] DEBUG o.h.e.l.i.CollectionLoadContext - Collection fully initialized: [sciConsole.domain.Role.userRoles#1]
15:56:18.513 [Test worker] DEBUG o.h.e.l.i.CollectionLoadContext - 1 collections initialized for role: sciConsole.domain.Role.userRoles
15:56:18.513 [Test worker] DEBUG org.hibernate.loader.Loader - Done entity load
15:56:18.514 [Test worker] DEBUG org.hibernate.loader.Loader - Loading entity: [sciConsole.domain.Role#2]
15:56:18.514 [Test worker] DEBUG org.hibernate.SQL - select role0_.id as id1_4_1_, role0_.role as role2_4_1_, userroles1_.role_id as role_id1_4_3_, user2_.id as user_id2_7_3_, user2_.id as id1_8_0_, user2_.login as login2_8_0_, user2_.password as password3_8_0_, user2_1_.role_id as role_id1_7_0_ from roles role0_ left outer join user_roles userroles1_ on role0_.id=userroles1_.role_id left outer join users user2_ on userroles1_.user_id=user2_.id left outer join user_roles user2_1_ on user2_.id=user2_1_.user_id where role0_.id=?
15:56:18.514 [Test worker] DEBUG org.hibernate.loader.Loader - Result set row: 0
15:56:18.514 [Test worker] DEBUG org.hibernate.loader.Loader - Result row: EntityKey[sciConsole.domain.User#9], EntityKey[sciConsole.domain.Role#2]
15:56:18.515 [Test worker] DEBUG org.hibernate.loader.Loader - Found row of collection: [sciConsole.domain.Role.userRoles#2]
15:56:18.515 [Test worker] DEBUG o.h.engine.internal.TwoPhaseLoad - Resolving associations for [sciConsole.domain.User#9]
15:56:18.515 [Test worker] DEBUG o.h.engine.internal.TwoPhaseLoad - Done materializing entity [sciConsole.domain.User#9]
15:56:18.515 [Test worker] DEBUG o.h.engine.internal.TwoPhaseLoad - Resolving associations for [sciConsole.domain.Role#2]
15:56:18.515 [Test worker] DEBUG o.h.engine.internal.TwoPhaseLoad - Done materializing entity [sciConsole.domain.Role#2]
15:56:18.515 [Test worker] DEBUG o.h.e.l.i.CollectionLoadContext - 1 collections were found in result set for role: sciConsole.domain.Role.userRoles
15:56:18.515 [Test worker] DEBUG o.h.e.l.i.CollectionLoadContext - Collection fully initialized: [sciConsole.domain.Role.userRoles#2]
15:56:18.515 [Test worker] DEBUG o.h.e.l.i.CollectionLoadContext - 1 collections initialized for role: sciConsole.domain.Role.userRoles
15:56:18.516 [Test worker] DEBUG org.hibernate.loader.Loader - Done entity load
15:56:18.516 [Test worker] DEBUG o.s.orm.jpa.JpaTransactionManager - Initiating transaction commit
15:56:18.516 [Test worker] DEBUG o.s.orm.jpa.JpaTransactionManager - Committing JPA transaction on EntityManager [org.hibernate.jpa.internal.EntityManagerImpl@7b2ca1f9]
15:56:18.516 [Test worker] DEBUG o.h.e.t.spi.AbstractTransactionImpl - committing
15:56:18.516 [Test worker] DEBUG o.h.e.i.AbstractFlushingEventListener - Processing flush-time cascades
15:56:18.516 [Test worker] DEBUG o.h.e.i.AbstractFlushingEventListener - Dirty checking collections
15:56:18.516 [Test worker] DEBUG o.h.engine.internal.Collections - Collection found: [sciConsole.domain.Role.userRoles#1], was: [sciConsole.domain.Role.userRoles#1] (initialized)
15:56:18.516 [Test worker] DEBUG o.h.engine.internal.Collections - Collection found: [sciConsole.domain.Role.userRoles#2], was: [sciConsole.domain.Role.userRoles#2] (initialized)
15:56:18.517 [Test worker] DEBUG o.h.e.i.AbstractFlushingEventListener - Flushed: 0 insertions, 0 updates, 0 deletions to 4 objects
15:56:18.517 [Test worker] DEBUG o.h.e.i.AbstractFlushingEventListener - Flushed: 0 (re)creations, 0 updates, 0 removals to 2 collections
15:56:18.517 [Test worker] DEBUG o.h.internal.util.EntityPrinter - Listing entities:
15:56:18.517 [Test worker] DEBUG o.h.internal.util.EntityPrinter - sciConsole.domain.Role{userRoles=[sciConsole.domain.User#10], role=MANAGER, id=1}
15:56:18.517 [Test worker] DEBUG o.h.internal.util.EntityPrinter - sciConsole.domain.User{password=$2a$10$sbTqPCC0wB2c4IE5Y5RCdeWLIvtjAKEHFzHluAg7LiqkSdZNujJn2, role=sciConsole.domain.Role#2, id=9, login=Alice}
15:56:18.517 [Test worker] DEBUG o.h.internal.util.EntityPrinter - sciConsole.domain.User{password=$2a$10$UQ/jCMwn14H5VdHO4or0L.xvlGoplsSsRXHjXdbYij9UEArHJzsE2, role=sciConsole.domain.Role#1, id=10, login=Bob}
15:56:18.517 [Test worker] DEBUG o.h.internal.util.EntityPrinter - sciConsole.domain.Role{userRoles=[sciConsole.domain.User#9], role=DEVELOPER, id=2}
15:56:18.517 [Test worker] DEBUG o.h.e.t.i.jdbc.JdbcTransaction - committed JDBC Connection
15:56:18.517 [Test worker] DEBUG o.h.e.t.i.jdbc.JdbcTransaction - re-enabling autocommit
15:56:18.517 [Test worker] DEBUG o.s.orm.jpa.JpaTransactionManager - Closing JPA EntityManager [org.hibernate.jpa.internal.EntityManagerImpl@7b2ca1f9] after transaction
15:56:18.517 [Test worker] DEBUG o.s.o.jpa.EntityManagerFactoryUtils - Closing JPA EntityManager
15:56:18.518 [Test worker] DEBUG o.h.e.j.i.LogicalConnectionImpl - Releasing JDBC connection
15:56:18.518 [Test worker] DEBUG o.h.e.j.i.LogicalConnectionImpl - Released JDBC connection
15:56:18.518 [Test worker] DEBUG o.s.t.c.s.AbstractDirtiesContextTestExecutionListener - After test class: context [DefaultTestContext@6faaff0f testClass = CompleteChangeRequestStepDefs, testInstance = [null], testMethod = [null], testException = [null], mergedContextConfiguration = [WebMergedContextConfiguration@f987acf testClass = CompleteChangeRequestStepDefs, locations = '{}', classes = '{class sciConsole.SciConsoleApplication, class sciConsole.controller.SessionController, class sciConsole.controller.AccountController, class sciConsole.controller.ChangeRequestController, class sciConsole.SecurityConfig, class sciConsole.WebConfig}', contextInitializerClasses = '[]', activeProfiles = '{}', propertySourceLocations = '{}', propertySourceProperties = '{}', resourceBasePath = 'src/main/webapp', contextLoader = 'org.springframework.test.context.web.WebDelegatingSmartContextLoader', parent = [null]]], class annotated with @DirtiesContext [false] with mode [null].
15:56:18.591 [Test worker] DEBUG o.s.t.w.s.TestDispatcherServlet - DispatcherServlet with name '' processing GET request for [/success-login]
15:56:18.592 [Test worker] DEBUG o.s.w.s.m.m.a.RequestMappingHandlerMapping - Looking up handler method for path /success-login
15:56:18.592 [Test worker] DEBUG o.s.w.s.m.m.a.RequestMappingHandlerMapping - Returning handler method [public org.springframework.web.servlet.ModelAndView sciConsole.controller.SessionController.successLogin(javax.servlet.http.HttpServletRequest)]
15:56:18.592 [Test worker] DEBUG o.s.b.f.s.DefaultListableBeanFactory - Returning cached instance of singleton bean 'sessionController'
15:56:18.592 [Test worker] DEBUG o.s.t.w.s.TestDispatcherServlet - Last-Modified value for [/success-login] is: -1
15:56:18.592 [Test worker] DEBUG o.s.o.j.s.OpenEntityManagerInViewInterceptor - Opening JPA EntityManager in OpenEntityManagerInViewInterceptor
15:56:18.594 [Test worker] DEBUG o.s.d.r.c.s.TransactionalRepositoryProxyPostProcessor$CustomAnnotationTransactionAttributeSource - Adding transactional method 'findAll' with attribute: PROPAGATION_REQUIRED,ISOLATION_DEFAULT,readOnly; ''
15:56:18.594 [Test worker] DEBUG o.s.b.f.s.DefaultListableBeanFactory - Returning cached instance of singleton bean 'transactionManager'
15:56:18.594 [Test worker] DEBUG o.s.orm.jpa.JpaTransactionManager - Found thread-bound EntityManager [org.hibernate.jpa.internal.EntityManagerImpl@126a06d2] for JPA transaction
15:56:18.594 [Test worker] DEBUG o.s.orm.jpa.JpaTransactionManager - Creating new transaction with name [org.springframework.data.jpa.repository.support.SimpleJpaRepository.findAll]: PROPAGATION_REQUIRED,ISOLATION_DEFAULT,readOnly; ''
15:56:18.594 [Test worker] DEBUG o.h.e.j.i.LogicalConnectionImpl - Obtaining JDBC connection
15:56:18.594 [Test worker] DEBUG o.s.j.d.DriverManagerDataSource - Creating new JDBC DriverManager Connection to [jdbc:mysql://127.0.0.1:3306/wrp3]
15:56:18.598 [Test worker] DEBUG o.h.e.j.i.LogicalConnectionImpl - Obtained JDBC connection
15:56:18.598 [Test worker] DEBUG o.s.jdbc.datasource.DataSourceUtils - Setting JDBC Connection [com.mysql.jdbc.JDBC4Connection@7ccc7939] read-only
15:56:18.599 [Test worker] DEBUG o.h.e.t.spi.AbstractTransactionImpl - begin
15:56:18.599 [Test worker] DEBUG o.h.e.t.i.jdbc.JdbcTransaction - initial autocommit status: true
15:56:18.599 [Test worker] DEBUG o.h.e.t.i.jdbc.JdbcTransaction - disabling autocommit
15:56:18.599 [Test worker] DEBUG o.s.orm.jpa.JpaTransactionManager - Exposing JPA transaction as JDBC transaction [org.springframework.orm.jpa.vendor.HibernateJpaDialect$HibernateConnectionHandle@2a3264dd]
15:56:18.599 [Test worker] DEBUG o.h.jpa.criteria.CriteriaQueryImpl - Rendered criteria query -> select generatedAlias0 from Sci as generatedAlias0
15:56:18.600 [Test worker] DEBUG o.h.h.i.ast.QueryTranslatorImpl - parse() - HQL: select generatedAlias0 from sciConsole.domain.Sci as generatedAlias0
15:56:18.601 [Test worker] DEBUG o.h.h.i.ast.QueryTranslatorImpl - --- HQL AST ---
 \-[QUERY] Node: 'query'
    \-[SELECT_FROM] Node: 'SELECT_FROM'
       +-[FROM] Node: 'from'
       |  \-[RANGE] Node: 'RANGE'
       |     +-[DOT] Node: '.'
       |     |  +-[DOT] Node: '.'
       |     |  |  +-[IDENT] Node: 'sciConsole'
       |     |  |  \-[IDENT] Node: 'domain'
       |     |  \-[IDENT] Node: 'Sci'
       |     \-[ALIAS] Node: 'generatedAlias0'
       \-[SELECT] Node: 'select'
          \-[IDENT] Node: 'generatedAlias0'

15:56:18.601 [Test worker] DEBUG o.h.hql.internal.ast.ErrorCounter - throwQueryException() : no errors
15:56:18.601 [Test worker] DEBUG o.h.h.i.antlr.HqlSqlBaseWalker - select << begin [level=1, statement=select]
15:56:18.602 [Test worker] DEBUG o.h.h.internal.ast.tree.FromElement - FromClause{level=1} : sciConsole.domain.Sci (generatedAlias0) -> sci0_
15:56:18.602 [Test worker] DEBUG o.h.h.i.ast.tree.FromReferenceNode - Resolved : generatedAlias0 -> sci0_.sci_id
15:56:18.602 [Test worker] DEBUG o.h.h.i.antlr.HqlSqlBaseWalker - select : finishing up [level=1, statement=select]
15:56:18.602 [Test worker] DEBUG o.h.hql.internal.ast.HqlSqlWalker - processQuery() :  ( SELECT ( {select clause} sci0_.sci_id ) ( FromClause{level=1} sci sci0_ ) )
15:56:18.602 [Test worker] DEBUG o.h.h.i.ast.util.JoinProcessor - Using FROM fragment [sci sci0_]
15:56:18.602 [Test worker] DEBUG o.h.h.i.antlr.HqlSqlBaseWalker - select >> end [level=1, statement=select]
15:56:18.603 [Test worker] DEBUG o.h.h.i.ast.QueryTranslatorImpl - --- SQL AST ---
 \-[SELECT] QueryNode: 'SELECT'  querySpaces (sci)
    +-[SELECT_CLAUSE] SelectClause: '{select clause}'
    |  +-[ALIAS_REF] IdentNode: 'sci0_.sci_id as sci_id1_5_' {alias=generatedAlias0, className=sciConsole.domain.Sci, tableAlias=sci0_}
    |  \-[SQL_TOKEN] SqlFragment: 'sci0_.name as name2_5_, sci0_.sci_desc as sci_desc3_5_'
    \-[FROM] FromClause: 'from' FromClause{level=1, fromElementCounter=1, fromElements=1, fromElementByClassAlias=[generatedAlias0], fromElementByTableAlias=[sci0_], fromElementsByPath=[], collectionJoinFromElementsByPath=[], impliedElements=[]}
       \-[FROM_FRAGMENT] FromElement: 'sci sci0_' FromElement{explicit,not a collection join,not a fetch join,fetch non-lazy properties,classAlias=generatedAlias0,role=null,tableName=sci,tableAlias=sci0_,origin=null,columns={,className=sciConsole.domain.Sci}}

15:56:18.603 [Test worker] DEBUG o.h.hql.internal.ast.ErrorCounter - throwQueryException() : no errors
15:56:18.603 [Test worker] DEBUG o.h.h.i.ast.QueryTranslatorImpl - HQL: select generatedAlias0 from sciConsole.domain.Sci as generatedAlias0
15:56:18.603 [Test worker] DEBUG o.h.h.i.ast.QueryTranslatorImpl - SQL: select sci0_.sci_id as sci_id1_5_, sci0_.name as name2_5_, sci0_.sci_desc as sci_desc3_5_ from sci sci0_
15:56:18.603 [Test worker] DEBUG o.h.hql.internal.ast.ErrorCounter - throwQueryException() : no errors
15:56:18.603 [Test worker] DEBUG org.hibernate.SQL - select sci0_.sci_id as sci_id1_5_, sci0_.name as name2_5_, sci0_.sci_desc as sci_desc3_5_ from sci sci0_
15:56:18.604 [Test worker] DEBUG org.hibernate.loader.Loader - Result set row: 0
15:56:18.604 [Test worker] DEBUG org.hibernate.loader.Loader - Result row: EntityKey[sciConsole.domain.Sci#1]
15:56:18.604 [Test worker] DEBUG o.h.engine.internal.TwoPhaseLoad - Resolving associations for [sciConsole.domain.Sci#1]
15:56:18.605 [Test worker] DEBUG o.h.engine.internal.TwoPhaseLoad - Done materializing entity [sciConsole.domain.Sci#1]
15:56:18.605 [Test worker] DEBUG o.s.orm.jpa.JpaTransactionManager - Initiating transaction commit
15:56:18.605 [Test worker] DEBUG o.s.orm.jpa.JpaTransactionManager - Committing JPA transaction on EntityManager [org.hibernate.jpa.internal.EntityManagerImpl@126a06d2]
15:56:18.605 [Test worker] DEBUG o.h.e.t.spi.AbstractTransactionImpl - committing
15:56:18.605 [Test worker] DEBUG o.h.e.t.i.jdbc.JdbcTransaction - committed JDBC Connection
15:56:18.605 [Test worker] DEBUG o.h.e.t.i.jdbc.JdbcTransaction - re-enabling autocommit
15:56:18.606 [Test worker] DEBUG o.s.jdbc.datasource.DataSourceUtils - Resetting read-only flag of JDBC Connection [com.mysql.jdbc.JDBC4Connection@7ccc7939]
15:56:18.606 [Test worker] DEBUG o.s.orm.jpa.JpaTransactionManager - Not closing pre-bound JPA EntityManager after transaction
15:56:18.606 [Test worker] DEBUG o.s.d.r.c.s.TransactionalRepositoryProxyPostProcessor$CustomAnnotationTransactionAttributeSource - Adding transactional method 'findAll' with attribute: PROPAGATION_REQUIRED,ISOLATION_DEFAULT,readOnly; ''
15:56:18.606 [Test worker] DEBUG o.s.b.f.s.DefaultListableBeanFactory - Returning cached instance of singleton bean 'transactionManager'
15:56:18.606 [Test worker] DEBUG o.s.orm.jpa.JpaTransactionManager - Found thread-bound EntityManager [org.hibernate.jpa.internal.EntityManagerImpl@126a06d2] for JPA transaction
15:56:18.607 [Test worker] DEBUG o.s.orm.jpa.JpaTransactionManager - Creating new transaction with name [org.springframework.data.jpa.repository.support.SimpleJpaRepository.findAll]: PROPAGATION_REQUIRED,ISOLATION_DEFAULT,readOnly; ''
15:56:18.607 [Test worker] DEBUG o.s.jdbc.datasource.DataSourceUtils - Setting JDBC Connection [com.mysql.jdbc.JDBC4Connection@7ccc7939] read-only
15:56:18.607 [Test worker] DEBUG o.h.e.t.spi.AbstractTransactionImpl - begin
15:56:18.607 [Test worker] DEBUG o.h.e.t.i.jdbc.JdbcTransaction - initial autocommit status: true
15:56:18.607 [Test worker] DEBUG o.h.e.t.i.jdbc.JdbcTransaction - disabling autocommit
15:56:18.608 [Test worker] DEBUG o.s.orm.jpa.JpaTransactionManager - Exposing JPA transaction as JDBC transaction [org.springframework.orm.jpa.vendor.HibernateJpaDialect$HibernateConnectionHandle@9e1d9f3]
15:56:18.608 [Test worker] DEBUG o.h.jpa.criteria.CriteriaQueryImpl - Rendered criteria query -> select generatedAlias0 from Ver as generatedAlias0
15:56:18.608 [Test worker] DEBUG o.h.h.i.ast.QueryTranslatorImpl - parse() - HQL: select generatedAlias0 from sciConsole.domain.Ver as generatedAlias0
15:56:18.609 [Test worker] DEBUG o.h.h.i.ast.QueryTranslatorImpl - --- HQL AST ---
 \-[QUERY] Node: 'query'
    \-[SELECT_FROM] Node: 'SELECT_FROM'
       +-[FROM] Node: 'from'
       |  \-[RANGE] Node: 'RANGE'
       |     +-[DOT] Node: '.'
       |     |  +-[DOT] Node: '.'
       |     |  |  +-[IDENT] Node: 'sciConsole'
       |     |  |  \-[IDENT] Node: 'domain'
       |     |  \-[IDENT] Node: 'Ver'
       |     \-[ALIAS] Node: 'generatedAlias0'
       \-[SELECT] Node: 'select'
          \-[IDENT] Node: 'generatedAlias0'

15:56:18.610 [Test worker] DEBUG o.h.hql.internal.ast.ErrorCounter - throwQueryException() : no errors
15:56:18.610 [Test worker] DEBUG o.h.h.i.antlr.HqlSqlBaseWalker - select << begin [level=1, statement=select]
15:56:18.610 [Test worker] DEBUG o.h.h.internal.ast.tree.FromElement - FromClause{level=1} : sciConsole.domain.Ver (generatedAlias0) -> ver0_
15:56:18.610 [Test worker] DEBUG o.h.h.i.ast.tree.FromReferenceNode - Resolved : generatedAlias0 -> ver0_.version_id
15:56:18.610 [Test worker] DEBUG o.h.h.i.antlr.HqlSqlBaseWalker - select : finishing up [level=1, statement=select]
15:56:18.610 [Test worker] DEBUG o.h.hql.internal.ast.HqlSqlWalker - processQuery() :  ( SELECT ( {select clause} ver0_.version_id ) ( FromClause{level=1} version ver0_ ) )
15:56:18.611 [Test worker] DEBUG o.h.h.i.ast.util.JoinProcessor - Using FROM fragment [version ver0_]
15:56:18.611 [Test worker] DEBUG o.h.h.i.antlr.HqlSqlBaseWalker - select >> end [level=1, statement=select]
15:56:18.611 [Test worker] DEBUG o.h.h.i.ast.QueryTranslatorImpl - --- SQL AST ---
 \-[SELECT] QueryNode: 'SELECT'  querySpaces (version)
    +-[SELECT_CLAUSE] SelectClause: '{select clause}'
    |  +-[ALIAS_REF] IdentNode: 'ver0_.version_id as version_1_9_' {alias=generatedAlias0, className=sciConsole.domain.Ver, tableAlias=ver0_}
    |  \-[SQL_TOKEN] SqlFragment: 'ver0_.created_by as created_2_9_, ver0_.date_created as date_cre3_9_, ver0_.name as name4_9_, ver0_.sci_id as sci_id5_9_, ver0_.status as status6_9_, ver0_.ver_desc as ver_desc7_9_'
    \-[FROM] FromClause: 'from' FromClause{level=1, fromElementCounter=1, fromElements=1, fromElementByClassAlias=[generatedAlias0], fromElementByTableAlias=[ver0_], fromElementsByPath=[], collectionJoinFromElementsByPath=[], impliedElements=[]}
       \-[FROM_FRAGMENT] FromElement: 'version ver0_' FromElement{explicit,not a collection join,not a fetch join,fetch non-lazy properties,classAlias=generatedAlias0,role=null,tableName=version,tableAlias=ver0_,origin=null,columns={,className=sciConsole.domain.Ver}}

15:56:18.611 [Test worker] DEBUG o.h.hql.internal.ast.ErrorCounter - throwQueryException() : no errors
15:56:18.611 [Test worker] DEBUG o.h.h.i.ast.QueryTranslatorImpl - HQL: select generatedAlias0 from sciConsole.domain.Ver as generatedAlias0
15:56:18.611 [Test worker] DEBUG o.h.h.i.ast.QueryTranslatorImpl - SQL: select ver0_.version_id as version_1_9_, ver0_.created_by as created_2_9_, ver0_.date_created as date_cre3_9_, ver0_.name as name4_9_, ver0_.sci_id as sci_id5_9_, ver0_.status as status6_9_, ver0_.ver_desc as ver_desc7_9_ from version ver0_
15:56:18.611 [Test worker] DEBUG o.h.hql.internal.ast.ErrorCounter - throwQueryException() : no errors
15:56:18.612 [Test worker] DEBUG org.hibernate.SQL - select ver0_.version_id as version_1_9_, ver0_.created_by as created_2_9_, ver0_.date_created as date_cre3_9_, ver0_.name as name4_9_, ver0_.sci_id as sci_id5_9_, ver0_.status as status6_9_, ver0_.ver_desc as ver_desc7_9_ from version ver0_
15:56:18.612 [Test worker] DEBUG org.hibernate.loader.Loader - Result set row: 0
15:56:18.612 [Test worker] DEBUG org.hibernate.loader.Loader - Result row: EntityKey[sciConsole.domain.Ver#1]
15:56:18.613 [Test worker] DEBUG o.h.engine.internal.TwoPhaseLoad - Resolving associations for [sciConsole.domain.Ver#1]
15:56:18.613 [Test worker] DEBUG o.h.engine.internal.TwoPhaseLoad - Done materializing entity [sciConsole.domain.Ver#1]
15:56:18.613 [Test worker] DEBUG o.s.orm.jpa.JpaTransactionManager - Initiating transaction commit
15:56:18.613 [Test worker] DEBUG o.s.orm.jpa.JpaTransactionManager - Committing JPA transaction on EntityManager [org.hibernate.jpa.internal.EntityManagerImpl@126a06d2]
15:56:18.613 [Test worker] DEBUG o.h.e.t.spi.AbstractTransactionImpl - committing
15:56:18.613 [Test worker] DEBUG o.h.e.t.i.jdbc.JdbcTransaction - committed JDBC Connection
15:56:18.613 [Test worker] DEBUG o.h.e.t.i.jdbc.JdbcTransaction - re-enabling autocommit
15:56:18.614 [Test worker] DEBUG o.s.jdbc.datasource.DataSourceUtils - Resetting read-only flag of JDBC Connection [com.mysql.jdbc.JDBC4Connection@7ccc7939]
15:56:18.614 [Test worker] DEBUG o.s.orm.jpa.JpaTransactionManager - Not closing pre-bound JPA EntityManager after transaction
15:56:18.614 [Test worker] DEBUG o.s.b.f.s.DefaultListableBeanFactory - Invoking afterPropertiesSet() on bean with name 'console-view'
15:56:18.614 [Test worker] DEBUG o.s.b.f.s.DefaultListableBeanFactory - Returning cached instance of singleton bean 'org.springframework.transaction.config.internalTransactionAdvisor'
15:56:18.614 [Test worker] DEBUG o.s.b.f.s.DefaultListableBeanFactory - Returning cached instance of singleton bean 'org.springframework.transaction.config.internalTransactionAdvisor'
15:56:18.615 [Test worker] DEBUG o.s.t.w.s.TestDispatcherServlet - Rendering view [org.springframework.web.servlet.view.JstlView: name 'console-view'; URL [/WEB-INF/views/console-view.jsp]] in DispatcherServlet with name ''
15:56:18.615 [Test worker] DEBUG o.s.web.servlet.view.JstlView - Added model object 'scis' of type [java.util.ArrayList] to request in view with name 'console-view'
15:56:18.615 [Test worker] DEBUG o.s.web.servlet.view.JstlView - Added model object 'versions' of type [java.util.ArrayList] to request in view with name 'console-view'
15:56:18.615 [Test worker] DEBUG o.s.b.f.s.DefaultListableBeanFactory - Returning cached instance of singleton bean 'requestDataValueProcessor'
15:56:18.615 [Test worker] DEBUG o.s.web.servlet.view.JstlView - Forwarding to resource [/WEB-INF/views/console-view.jsp] in InternalResourceView 'console-view'
15:56:18.615 [Test worker] DEBUG o.s.mock.web.MockRequestDispatcher - MockRequestDispatcher: forwarding to [/WEB-INF/views/console-view.jsp]
15:56:18.615 [Test worker] DEBUG o.s.o.j.s.OpenEntityManagerInViewInterceptor - Closing JPA EntityManager in OpenEntityManagerInViewInterceptor
15:56:18.615 [Test worker] DEBUG o.s.o.jpa.EntityManagerFactoryUtils - Closing JPA EntityManager
15:56:18.615 [Test worker] DEBUG o.h.e.j.i.LogicalConnectionImpl - Releasing JDBC connection
15:56:18.615 [Test worker] DEBUG o.h.e.j.i.LogicalConnectionImpl - Released JDBC connection
15:56:18.615 [Test worker] DEBUG o.s.t.w.s.TestDispatcherServlet - Successfully completed request
15:56:18.618 [Test worker] DEBUG o.s.orm.jpa.JpaTransactionManager - Creating new transaction with name [org.springframework.data.jpa.repository.support.SimpleJpaRepository.deleteAll]: PROPAGATION_REQUIRED,ISOLATION_DEFAULT; ''
15:56:18.618 [Test worker] DEBUG o.s.orm.jpa.JpaTransactionManager - Opened new EntityManager [org.hibernate.jpa.internal.EntityManagerImpl@43e51045] for JPA transaction
15:56:18.618 [Test worker] DEBUG o.h.e.t.spi.AbstractTransactionImpl - begin
15:56:18.618 [Test worker] DEBUG o.h.e.j.i.LogicalConnectionImpl - Obtaining JDBC connection
15:56:18.618 [Test worker] DEBUG o.s.j.d.DriverManagerDataSource - Creating new JDBC DriverManager Connection to [jdbc:mysql://127.0.0.1:3306/wrp3]
15:56:18.622 [Test worker] DEBUG o.h.e.j.i.LogicalConnectionImpl - Obtained JDBC connection
15:56:18.622 [Test worker] DEBUG o.h.e.t.i.jdbc.JdbcTransaction - initial autocommit status: true
15:56:18.622 [Test worker] DEBUG o.h.e.t.i.jdbc.JdbcTransaction - disabling autocommit
15:56:18.623 [Test worker] DEBUG o.s.orm.jpa.JpaTransactionManager - Exposing JPA transaction as JDBC transaction [org.springframework.orm.jpa.vendor.HibernateJpaDialect$HibernateConnectionHandle@32805124]
15:56:18.623 [Test worker] DEBUG o.h.jpa.criteria.CriteriaQueryImpl - Rendered criteria query -> select generatedAlias0 from Request as generatedAlias0
15:56:18.623 [Test worker] DEBUG org.hibernate.SQL - select request0_.request_id as request_1_3_, request0_.assign_to as assign_t2_3_, request0_.created_by as created_3_3_, request0_.date_created as date_cre4_3_, request0_.date_complete as date_com5_3_, request0_.due_date as due_date6_3_, request0_.priority as priority7_3_, request0_.reject_reason as reject_r8_3_, request0_.req_desc as req_desc9_3_, request0_.req_solution as req_sol10_3_, request0_.sci_id as sci_id11_3_, request0_.status as status12_3_, request0_.assigned_to as assigne13_3_, request0_.version_id as version14_3_ from request request0_
15:56:18.624 [Test worker] DEBUG o.s.orm.jpa.JpaTransactionManager - Initiating transaction commit
15:56:18.624 [Test worker] DEBUG o.s.orm.jpa.JpaTransactionManager - Committing JPA transaction on EntityManager [org.hibernate.jpa.internal.EntityManagerImpl@43e51045]
15:56:18.624 [Test worker] DEBUG o.h.e.t.spi.AbstractTransactionImpl - committing
15:56:18.624 [Test worker] DEBUG o.h.e.t.i.jdbc.JdbcTransaction - committed JDBC Connection
15:56:18.624 [Test worker] DEBUG o.h.e.t.i.jdbc.JdbcTransaction - re-enabling autocommit
15:56:18.625 [Test worker] DEBUG o.s.orm.jpa.JpaTransactionManager - Closing JPA EntityManager [org.hibernate.jpa.internal.EntityManagerImpl@43e51045] after transaction
15:56:18.625 [Test worker] DEBUG o.s.o.jpa.EntityManagerFactoryUtils - Closing JPA EntityManager
15:56:18.625 [Test worker] DEBUG o.h.e.j.i.LogicalConnectionImpl - Releasing JDBC connection
15:56:18.625 [Test worker] DEBUG o.h.e.j.i.LogicalConnectionImpl - Released JDBC connection
15:56:18.625 [Test worker] DEBUG o.s.orm.jpa.JpaTransactionManager - Creating new transaction with name [org.springframework.data.jpa.repository.support.SimpleJpaRepository.save]: PROPAGATION_REQUIRED,ISOLATION_DEFAULT; ''
15:56:18.625 [Test worker] DEBUG o.s.orm.jpa.JpaTransactionManager - Opened new EntityManager [org.hibernate.jpa.internal.EntityManagerImpl@1f2526d5] for JPA transaction
15:56:18.625 [Test worker] DEBUG o.h.e.t.spi.AbstractTransactionImpl - begin
15:56:18.625 [Test worker] DEBUG o.h.e.j.i.LogicalConnectionImpl - Obtaining JDBC connection
15:56:18.625 [Test worker] DEBUG o.s.j.d.DriverManagerDataSource - Creating new JDBC DriverManager Connection to [jdbc:mysql://127.0.0.1:3306/wrp3]
15:56:18.628 [Test worker] DEBUG o.h.e.j.i.LogicalConnectionImpl - Obtained JDBC connection
15:56:18.629 [Test worker] DEBUG o.h.e.t.i.jdbc.JdbcTransaction - initial autocommit status: true
15:56:18.629 [Test worker] DEBUG o.h.e.t.i.jdbc.JdbcTransaction - disabling autocommit
15:56:18.629 [Test worker] DEBUG o.s.orm.jpa.JpaTransactionManager - Exposing JPA transaction as JDBC transaction [org.springframework.orm.jpa.vendor.HibernateJpaDialect$HibernateConnectionHandle@5f13dbdd]
15:56:18.629 [Test worker] DEBUG o.s.orm.jpa.JpaTransactionManager - Initiating transaction commit
15:56:18.629 [Test worker] DEBUG o.s.orm.jpa.JpaTransactionManager - Committing JPA transaction on EntityManager [org.hibernate.jpa.internal.EntityManagerImpl@1f2526d5]
15:56:18.629 [Test worker] DEBUG o.h.e.t.spi.AbstractTransactionImpl - committing
15:56:18.629 [Test worker] DEBUG o.h.e.t.i.jdbc.JdbcTransaction - committed JDBC Connection
15:56:18.629 [Test worker] DEBUG o.h.e.t.i.jdbc.JdbcTransaction - re-enabling autocommit
15:56:18.629 [Test worker] DEBUG o.s.orm.jpa.JpaTransactionManager - Closing JPA EntityManager [org.hibernate.jpa.internal.EntityManagerImpl@1f2526d5] after transaction
15:56:18.629 [Test worker] DEBUG o.s.o.jpa.EntityManagerFactoryUtils - Closing JPA EntityManager
15:56:18.629 [Test worker] DEBUG o.h.e.j.i.LogicalConnectionImpl - Releasing JDBC connection
15:56:18.630 [Test worker] DEBUG o.h.e.j.i.LogicalConnectionImpl - Released JDBC connection
15:56:18.630 [Test worker] DEBUG o.s.orm.jpa.JpaTransactionManager - Creating new transaction with name [org.springframework.data.jpa.repository.support.SimpleJpaRepository.deleteAll]: PROPAGATION_REQUIRED,ISOLATION_DEFAULT; ''
15:56:18.630 [Test worker] DEBUG o.s.orm.jpa.JpaTransactionManager - Opened new EntityManager [org.hibernate.jpa.internal.EntityManagerImpl@2d05908f] for JPA transaction
15:56:18.630 [Test worker] DEBUG o.h.e.t.spi.AbstractTransactionImpl - begin
15:56:18.630 [Test worker] DEBUG o.h.e.j.i.LogicalConnectionImpl - Obtaining JDBC connection
15:56:18.630 [Test worker] DEBUG o.s.j.d.DriverManagerDataSource - Creating new JDBC DriverManager Connection to [jdbc:mysql://127.0.0.1:3306/wrp3]
15:56:18.634 [Test worker] DEBUG o.h.e.j.i.LogicalConnectionImpl - Obtained JDBC connection
15:56:18.634 [Test worker] DEBUG o.h.e.t.i.jdbc.JdbcTransaction - initial autocommit status: true
15:56:18.634 [Test worker] DEBUG o.h.e.t.i.jdbc.JdbcTransaction - disabling autocommit
15:56:18.634 [Test worker] DEBUG o.s.orm.jpa.JpaTransactionManager - Exposing JPA transaction as JDBC transaction [org.springframework.orm.jpa.vendor.HibernateJpaDialect$HibernateConnectionHandle@e549677]
15:56:18.634 [Test worker] DEBUG o.h.jpa.criteria.CriteriaQueryImpl - Rendered criteria query -> select generatedAlias0 from Request as generatedAlias0
15:56:18.634 [Test worker] DEBUG org.hibernate.SQL - select request0_.request_id as request_1_3_, request0_.assign_to as assign_t2_3_, request0_.created_by as created_3_3_, request0_.date_created as date_cre4_3_, request0_.date_complete as date_com5_3_, request0_.due_date as due_date6_3_, request0_.priority as priority7_3_, request0_.reject_reason as reject_r8_3_, request0_.req_desc as req_desc9_3_, request0_.req_solution as req_sol10_3_, request0_.sci_id as sci_id11_3_, request0_.status as status12_3_, request0_.assigned_to as assigne13_3_, request0_.version_id as version14_3_ from request request0_
15:56:18.635 [Test worker] DEBUG o.s.orm.jpa.JpaTransactionManager - Initiating transaction commit
15:56:18.635 [Test worker] DEBUG o.s.orm.jpa.JpaTransactionManager - Committing JPA transaction on EntityManager [org.hibernate.jpa.internal.EntityManagerImpl@2d05908f]
15:56:18.635 [Test worker] DEBUG o.h.e.t.spi.AbstractTransactionImpl - committing
15:56:18.635 [Test worker] DEBUG o.h.e.t.i.jdbc.JdbcTransaction - committed JDBC Connection
15:56:18.636 [Test worker] DEBUG o.h.e.t.i.jdbc.JdbcTransaction - re-enabling autocommit
15:56:18.636 [Test worker] DEBUG o.s.orm.jpa.JpaTransactionManager - Closing JPA EntityManager [org.hibernate.jpa.internal.EntityManagerImpl@2d05908f] after transaction
15:56:18.636 [Test worker] DEBUG o.s.o.jpa.EntityManagerFactoryUtils - Closing JPA EntityManager
15:56:18.636 [Test worker] DEBUG o.h.e.j.i.LogicalConnectionImpl - Releasing JDBC connection
15:56:18.636 [Test worker] DEBUG o.h.e.j.i.LogicalConnectionImpl - Released JDBC connection
15:56:18.636 [Test worker] DEBUG o.s.orm.jpa.JpaTransactionManager - Creating new transaction with name [org.springframework.data.jpa.repository.support.SimpleJpaRepository.save]: PROPAGATION_REQUIRED,ISOLATION_DEFAULT; ''
15:56:18.636 [Test worker] DEBUG o.s.orm.jpa.JpaTransactionManager - Opened new EntityManager [org.hibernate.jpa.internal.EntityManagerImpl@1bdcb5ea] for JPA transaction
15:56:18.636 [Test worker] DEBUG o.h.e.t.spi.AbstractTransactionImpl - begin
15:56:18.636 [Test worker] DEBUG o.h.e.j.i.LogicalConnectionImpl - Obtaining JDBC connection
15:56:18.636 [Test worker] DEBUG o.s.j.d.DriverManagerDataSource - Creating new JDBC DriverManager Connection to [jdbc:mysql://127.0.0.1:3306/wrp3]
15:56:18.641 [Test worker] DEBUG o.h.e.j.i.LogicalConnectionImpl - Obtained JDBC connection
15:56:18.641 [Test worker] DEBUG o.h.e.t.i.jdbc.JdbcTransaction - initial autocommit status: true
15:56:18.641 [Test worker] DEBUG o.h.e.t.i.jdbc.JdbcTransaction - disabling autocommit
15:56:18.641 [Test worker] DEBUG o.s.orm.jpa.JpaTransactionManager - Exposing JPA transaction as JDBC transaction [org.springframework.orm.jpa.vendor.HibernateJpaDialect$HibernateConnectionHandle@2f2e8009]
15:56:18.641 [Test worker] DEBUG o.s.orm.jpa.JpaTransactionManager - Initiating transaction commit
15:56:18.641 [Test worker] DEBUG o.s.orm.jpa.JpaTransactionManager - Committing JPA transaction on EntityManager [org.hibernate.jpa.internal.EntityManagerImpl@1bdcb5ea]
15:56:18.641 [Test worker] DEBUG o.h.e.t.spi.AbstractTransactionImpl - committing
15:56:18.641 [Test worker] DEBUG o.h.e.t.i.jdbc.JdbcTransaction - committed JDBC Connection
15:56:18.641 [Test worker] DEBUG o.h.e.t.i.jdbc.JdbcTransaction - re-enabling autocommit
15:56:18.642 [Test worker] DEBUG o.s.orm.jpa.JpaTransactionManager - Closing JPA EntityManager [org.hibernate.jpa.internal.EntityManagerImpl@1bdcb5ea] after transaction
15:56:18.642 [Test worker] DEBUG o.s.o.jpa.EntityManagerFactoryUtils - Closing JPA EntityManager
15:56:18.642 [Test worker] DEBUG o.h.e.j.i.LogicalConnectionImpl - Releasing JDBC connection
15:56:18.642 [Test worker] DEBUG o.h.e.j.i.LogicalConnectionImpl - Released JDBC connection
15:56:18.642 [Test worker] DEBUG o.s.orm.jpa.JpaTransactionManager - Creating new transaction with name [org.springframework.data.jpa.repository.support.SimpleJpaRepository.deleteAll]: PROPAGATION_REQUIRED,ISOLATION_DEFAULT; ''
15:56:18.642 [Test worker] DEBUG o.s.orm.jpa.JpaTransactionManager - Opened new EntityManager [org.hibernate.jpa.internal.EntityManagerImpl@5c9168fd] for JPA transaction
15:56:18.643 [Test worker] DEBUG o.h.e.t.spi.AbstractTransactionImpl - begin
15:56:18.643 [Test worker] DEBUG o.h.e.j.i.LogicalConnectionImpl - Obtaining JDBC connection
15:56:18.643 [Test worker] DEBUG o.s.j.d.DriverManagerDataSource - Creating new JDBC DriverManager Connection to [jdbc:mysql://127.0.0.1:3306/wrp3]
15:56:18.647 [Test worker] DEBUG o.h.e.j.i.LogicalConnectionImpl - Obtained JDBC connection
15:56:18.647 [Test worker] DEBUG o.h.e.t.i.jdbc.JdbcTransaction - initial autocommit status: true
15:56:18.647 [Test worker] DEBUG o.h.e.t.i.jdbc.JdbcTransaction - disabling autocommit
15:56:18.648 [Test worker] DEBUG o.s.orm.jpa.JpaTransactionManager - Exposing JPA transaction as JDBC transaction [org.springframework.orm.jpa.vendor.HibernateJpaDialect$HibernateConnectionHandle@79883b8b]
15:56:18.648 [Test worker] DEBUG o.h.jpa.criteria.CriteriaQueryImpl - Rendered criteria query -> select generatedAlias0 from User as generatedAlias0
15:56:18.648 [Test worker] DEBUG org.hibernate.SQL - select user0_.id as id1_8_, user0_.login as login2_8_, user0_.password as password3_8_, user0_1_.role_id as role_id1_7_ from users user0_ left outer join user_roles user0_1_ on user0_.id=user0_1_.user_id
15:56:18.649 [Test worker] DEBUG org.hibernate.loader.Loader - Result set row: 0
15:56:18.649 [Test worker] DEBUG org.hibernate.loader.Loader - Result row: EntityKey[sciConsole.domain.User#9]
15:56:18.649 [Test worker] DEBUG org.hibernate.loader.Loader - Result set row: 1
15:56:18.649 [Test worker] DEBUG org.hibernate.loader.Loader - Result row: EntityKey[sciConsole.domain.User#10]
15:56:18.649 [Test worker] DEBUG o.h.engine.internal.TwoPhaseLoad - Resolving associations for [sciConsole.domain.User#9]
15:56:18.650 [Test worker] DEBUG org.hibernate.SQL - select role0_.id as id1_4_0_, role0_.role as role2_4_0_ from roles role0_ where role0_.id=?
15:56:18.650 [Test worker] DEBUG o.h.l.p.e.p.i.ResultSetProcessorImpl - Starting ResultSet row #0
15:56:18.650 [Test worker] DEBUG o.h.l.p.e.p.i.EntityReferenceInitializerImpl - On call to EntityIdentifierReaderImpl#resolve, EntityKey was already known; should only happen on root returns with an optional identifier specified
15:56:18.650 [Test worker] DEBUG o.h.engine.internal.TwoPhaseLoad - Resolving associations for [sciConsole.domain.Role#2]
15:56:18.650 [Test worker] DEBUG o.h.engine.internal.TwoPhaseLoad - Done materializing entity [sciConsole.domain.Role#2]
15:56:18.651 [Test worker] DEBUG o.h.l.e.p.AbstractLoadPlanBasedEntityLoader - Done entity load : sciConsole.domain.Role#2
15:56:18.651 [Test worker] DEBUG o.h.engine.internal.TwoPhaseLoad - Done materializing entity [sciConsole.domain.User#9]
15:56:18.651 [Test worker] DEBUG o.h.engine.internal.TwoPhaseLoad - Resolving associations for [sciConsole.domain.User#10]
15:56:18.651 [Test worker] DEBUG org.hibernate.SQL - select role0_.id as id1_4_0_, role0_.role as role2_4_0_ from roles role0_ where role0_.id=?
15:56:18.652 [Test worker] DEBUG o.h.l.p.e.p.i.ResultSetProcessorImpl - Starting ResultSet row #0
15:56:18.652 [Test worker] DEBUG o.h.l.p.e.p.i.EntityReferenceInitializerImpl - On call to EntityIdentifierReaderImpl#resolve, EntityKey was already known; should only happen on root returns with an optional identifier specified
15:56:18.652 [Test worker] DEBUG o.h.engine.internal.TwoPhaseLoad - Resolving associations for [sciConsole.domain.Role#1]
15:56:18.652 [Test worker] DEBUG o.h.engine.internal.TwoPhaseLoad - Done materializing entity [sciConsole.domain.Role#1]
15:56:18.652 [Test worker] DEBUG o.h.l.e.p.AbstractLoadPlanBasedEntityLoader - Done entity load : sciConsole.domain.Role#1
15:56:18.653 [Test worker] DEBUG o.h.engine.internal.TwoPhaseLoad - Done materializing entity [sciConsole.domain.User#10]
15:56:18.653 [Test worker] DEBUG o.h.l.c.p.AbstractLoadPlanBasedCollectionInitializer - Loading collection: [sciConsole.domain.Role.userRoles#2]
15:56:18.653 [Test worker] DEBUG org.hibernate.SQL - select userroles0_.role_id as role_id1_4_0_, userroles0_.user_id as user_id2_7_0_, user1_.id as id1_8_1_, user1_.login as login2_8_1_, user1_.password as password3_8_1_, user1_1_.role_id as role_id1_7_1_ from user_roles userroles0_ inner join users user1_ on userroles0_.user_id=user1_.id left outer join user_roles user1_1_ on user1_.id=user1_1_.user_id where userroles0_.role_id=?
15:56:18.654 [Test worker] DEBUG o.h.l.p.e.p.i.ResultSetProcessorImpl - Preparing collection intializer : [sciConsole.domain.Role.userRoles#2]
15:56:18.654 [Test worker] DEBUG o.h.l.p.e.p.i.ResultSetProcessorImpl - Starting ResultSet row #0
15:56:18.654 [Test worker] DEBUG o.h.l.p.e.p.i.CollectionReferenceInitializerImpl - Found row of collection: [sciConsole.domain.Role.userRoles#2]
15:56:18.654 [Test worker] DEBUG o.h.e.l.i.CollectionLoadContext - 1 collections were found in result set for role: sciConsole.domain.Role.userRoles
15:56:18.655 [Test worker] DEBUG o.h.e.l.i.CollectionLoadContext - Collection fully initialized: [sciConsole.domain.Role.userRoles#2]
15:56:18.655 [Test worker] DEBUG o.h.e.l.i.CollectionLoadContext - 1 collections initialized for role: sciConsole.domain.Role.userRoles
15:56:18.655 [Test worker] DEBUG o.h.l.c.p.AbstractLoadPlanBasedCollectionInitializer - Done loading collection
15:56:18.655 [Test worker] DEBUG o.h.l.c.p.AbstractLoadPlanBasedCollectionInitializer - Loading collection: [sciConsole.domain.Role.userRoles#1]
15:56:18.655 [Test worker] DEBUG org.hibernate.SQL - select userroles0_.role_id as role_id1_4_0_, userroles0_.user_id as user_id2_7_0_, user1_.id as id1_8_1_, user1_.login as login2_8_1_, user1_.password as password3_8_1_, user1_1_.role_id as role_id1_7_1_ from user_roles userroles0_ inner join users user1_ on userroles0_.user_id=user1_.id left outer join user_roles user1_1_ on user1_.id=user1_1_.user_id where userroles0_.role_id=?
15:56:18.656 [Test worker] DEBUG o.h.l.p.e.p.i.ResultSetProcessorImpl - Preparing collection intializer : [sciConsole.domain.Role.userRoles#1]
15:56:18.656 [Test worker] DEBUG o.h.l.p.e.p.i.ResultSetProcessorImpl - Starting ResultSet row #0
15:56:18.656 [Test worker] DEBUG o.h.l.p.e.p.i.CollectionReferenceInitializerImpl - Found row of collection: [sciConsole.domain.Role.userRoles#1]
15:56:18.656 [Test worker] DEBUG o.h.e.l.i.CollectionLoadContext - 1 collections were found in result set for role: sciConsole.domain.Role.userRoles
15:56:18.656 [Test worker] DEBUG o.h.e.l.i.CollectionLoadContext - Collection fully initialized: [sciConsole.domain.Role.userRoles#1]
15:56:18.656 [Test worker] DEBUG o.h.e.l.i.CollectionLoadContext - 1 collections initialized for role: sciConsole.domain.Role.userRoles
15:56:18.657 [Test worker] DEBUG o.h.l.c.p.AbstractLoadPlanBasedCollectionInitializer - Done loading collection
15:56:18.657 [Test worker] DEBUG o.s.orm.jpa.JpaTransactionManager - Initiating transaction commit
15:56:18.657 [Test worker] DEBUG o.s.orm.jpa.JpaTransactionManager - Committing JPA transaction on EntityManager [org.hibernate.jpa.internal.EntityManagerImpl@5c9168fd]
15:56:18.657 [Test worker] DEBUG o.h.e.t.spi.AbstractTransactionImpl - committing
15:56:18.657 [Test worker] DEBUG o.h.e.i.AbstractFlushingEventListener - Processing flush-time cascades
15:56:18.657 [Test worker] DEBUG o.h.e.i.AbstractFlushingEventListener - Dirty checking collections
15:56:18.657 [Test worker] DEBUG o.h.engine.internal.Collections - Collection dereferenced: [sciConsole.domain.Role.userRoles#2]
15:56:18.657 [Test worker] DEBUG o.h.engine.internal.Collections - Collection dereferenced: [sciConsole.domain.Role.userRoles#1]
15:56:18.658 [Test worker] DEBUG o.h.e.i.AbstractFlushingEventListener - Flushed: 0 insertions, 0 updates, 4 deletions to 4 objects
15:56:18.658 [Test worker] DEBUG o.h.e.i.AbstractFlushingEventListener - Flushed: 0 (re)creations, 0 updates, 2 removals to 2 collections
15:56:18.658 [Test worker] DEBUG o.h.internal.util.EntityPrinter - Listing entities:
15:56:18.658 [Test worker] DEBUG o.h.internal.util.EntityPrinter - sciConsole.domain.User{password=$2a$10$sbTqPCC0wB2c4IE5Y5RCdeWLIvtjAKEHFzHluAg7LiqkSdZNujJn2, role=sciConsole.domain.Role#2, id=9, login=Alice}
15:56:18.658 [Test worker] DEBUG o.h.internal.util.EntityPrinter - sciConsole.domain.Role{userRoles=[sciConsole.domain.User#10], role=MANAGER, id=1}
15:56:18.658 [Test worker] DEBUG o.h.internal.util.EntityPrinter - sciConsole.domain.User{password=$2a$10$UQ/jCMwn14H5VdHO4or0L.xvlGoplsSsRXHjXdbYij9UEArHJzsE2, role=sciConsole.domain.Role#1, id=10, login=Bob}
15:56:18.658 [Test worker] DEBUG o.h.internal.util.EntityPrinter - sciConsole.domain.Role{userRoles=[sciConsole.domain.User#9], role=DEVELOPER, id=2}
15:56:18.658 [Test worker] DEBUG o.h.p.c.AbstractCollectionPersister - Deleting collection: [sciConsole.domain.Role.userRoles#2]
15:56:18.658 [Test worker] DEBUG org.hibernate.SQL - delete from user_roles where role_id=?
15:56:18.659 [Test worker] DEBUG o.h.p.c.AbstractCollectionPersister - Done deleting collection
15:56:18.659 [Test worker] DEBUG o.h.p.c.AbstractCollectionPersister - Deleting collection: [sciConsole.domain.Role.userRoles#1]
15:56:18.659 [Test worker] DEBUG org.hibernate.SQL - delete from user_roles where role_id=?
15:56:18.659 [Test worker] DEBUG o.h.p.c.AbstractCollectionPersister - Done deleting collection
15:56:18.660 [Test worker] DEBUG org.hibernate.SQL - delete from user_roles where user_id=?
15:56:18.660 [Test worker] DEBUG org.hibernate.SQL - delete from users where id=?
15:56:18.661 [Test worker] DEBUG org.hibernate.SQL - delete from roles where id=?
15:56:18.662 [Test worker] DEBUG org.hibernate.SQL - delete from user_roles where user_id=?
15:56:18.662 [Test worker] DEBUG org.hibernate.SQL - delete from users where id=?
15:56:18.663 [Test worker] DEBUG org.hibernate.SQL - delete from roles where id=?
15:56:18.666 [Test worker] DEBUG o.h.e.t.i.jdbc.JdbcTransaction - committed JDBC Connection
15:56:18.666 [Test worker] DEBUG o.h.e.t.i.jdbc.JdbcTransaction - re-enabling autocommit
15:56:18.667 [Test worker] DEBUG o.s.orm.jpa.JpaTransactionManager - Closing JPA EntityManager [org.hibernate.jpa.internal.EntityManagerImpl@5c9168fd] after transaction
15:56:18.667 [Test worker] DEBUG o.s.o.jpa.EntityManagerFactoryUtils - Closing JPA EntityManager
15:56:18.667 [Test worker] DEBUG o.h.e.j.internal.JdbcCoordinatorImpl - HHH000420: Closing un-released batch
15:56:18.667 [Test worker] DEBUG o.h.e.j.i.LogicalConnectionImpl - Releasing JDBC connection
15:56:18.667 [Test worker] DEBUG o.h.e.j.i.LogicalConnectionImpl - Released JDBC connection
15:56:18.667 [Test worker] DEBUG o.s.orm.jpa.JpaTransactionManager - Creating new transaction with name [org.springframework.data.jpa.repository.support.SimpleJpaRepository.deleteAll]: PROPAGATION_REQUIRED,ISOLATION_DEFAULT; ''
15:56:18.667 [Test worker] DEBUG o.s.orm.jpa.JpaTransactionManager - Opened new EntityManager [org.hibernate.jpa.internal.EntityManagerImpl@615a7eab] for JPA transaction
15:56:18.667 [Test worker] DEBUG o.h.e.t.spi.AbstractTransactionImpl - begin
15:56:18.667 [Test worker] DEBUG o.h.e.j.i.LogicalConnectionImpl - Obtaining JDBC connection
15:56:18.667 [Test worker] DEBUG o.s.j.d.DriverManagerDataSource - Creating new JDBC DriverManager Connection to [jdbc:mysql://127.0.0.1:3306/wrp3]
15:56:18.672 [Test worker] DEBUG o.h.e.j.i.LogicalConnectionImpl - Obtained JDBC connection
15:56:18.672 [Test worker] DEBUG o.h.e.t.i.jdbc.JdbcTransaction - initial autocommit status: true
15:56:18.672 [Test worker] DEBUG o.h.e.t.i.jdbc.JdbcTransaction - disabling autocommit
15:56:18.672 [Test worker] DEBUG o.s.orm.jpa.JpaTransactionManager - Exposing JPA transaction as JDBC transaction [org.springframework.orm.jpa.vendor.HibernateJpaDialect$HibernateConnectionHandle@75647a54]
15:56:18.673 [Test worker] DEBUG o.h.jpa.criteria.CriteriaQueryImpl - Rendered criteria query -> select generatedAlias0 from Role as generatedAlias0
15:56:18.673 [Test worker] DEBUG org.hibernate.SQL - select role0_.id as id1_4_, role0_.role as role2_4_ from roles role0_
15:56:18.674 [Test worker] DEBUG o.s.orm.jpa.JpaTransactionManager - Initiating transaction commit
15:56:18.674 [Test worker] DEBUG o.s.orm.jpa.JpaTransactionManager - Committing JPA transaction on EntityManager [org.hibernate.jpa.internal.EntityManagerImpl@615a7eab]
15:56:18.674 [Test worker] DEBUG o.h.e.t.spi.AbstractTransactionImpl - committing
15:56:18.674 [Test worker] DEBUG o.h.e.t.i.jdbc.JdbcTransaction - committed JDBC Connection
15:56:18.674 [Test worker] DEBUG o.h.e.t.i.jdbc.JdbcTransaction - re-enabling autocommit
15:56:18.674 [Test worker] DEBUG o.s.orm.jpa.JpaTransactionManager - Closing JPA EntityManager [org.hibernate.jpa.internal.EntityManagerImpl@615a7eab] after transaction
15:56:18.674 [Test worker] DEBUG o.s.o.jpa.EntityManagerFactoryUtils - Closing JPA EntityManager
15:56:18.674 [Test worker] DEBUG o.h.e.j.i.LogicalConnectionImpl - Releasing JDBC connection
15:56:18.674 [Test worker] DEBUG o.h.e.j.i.LogicalConnectionImpl - Released JDBC connection
15:56:18.674 [Test worker] DEBUG o.s.orm.jpa.JpaTransactionManager - Creating new transaction with name [org.springframework.data.jpa.repository.support.SimpleJpaRepository.save]: PROPAGATION_REQUIRED,ISOLATION_DEFAULT; ''
15:56:18.675 [Test worker] DEBUG o.s.orm.jpa.JpaTransactionManager - Opened new EntityManager [org.hibernate.jpa.internal.EntityManagerImpl@3c5d4856] for JPA transaction
15:56:18.675 [Test worker] DEBUG o.h.e.t.spi.AbstractTransactionImpl - begin
15:56:18.675 [Test worker] DEBUG o.h.e.j.i.LogicalConnectionImpl - Obtaining JDBC connection
15:56:18.675 [Test worker] DEBUG o.s.j.d.DriverManagerDataSource - Creating new JDBC DriverManager Connection to [jdbc:mysql://127.0.0.1:3306/wrp3]
15:56:18.679 [Test worker] DEBUG o.h.e.j.i.LogicalConnectionImpl - Obtained JDBC connection
15:56:18.679 [Test worker] DEBUG o.h.e.t.i.jdbc.JdbcTransaction - initial autocommit status: true
15:56:18.679 [Test worker] DEBUG o.h.e.t.i.jdbc.JdbcTransaction - disabling autocommit
15:56:18.679 [Test worker] DEBUG o.s.orm.jpa.JpaTransactionManager - Exposing JPA transaction as JDBC transaction [org.springframework.orm.jpa.vendor.HibernateJpaDialect$HibernateConnectionHandle@480bb1f5]
15:56:18.680 [Test worker] DEBUG org.hibernate.loader.Loader - Loading entity: [sciConsole.domain.User#9]
15:56:18.680 [Test worker] DEBUG org.hibernate.SQL - select user0_.id as id1_8_1_, user0_.login as login2_8_1_, user0_.password as password3_8_1_, user0_1_.role_id as role_id1_7_1_, role1_.id as id1_4_0_, role1_.role as role2_4_0_ from users user0_ left outer join user_roles user0_1_ on user0_.id=user0_1_.user_id left outer join roles role1_ on user0_1_.role_id=role1_.id where user0_.id=?
15:56:18.681 [Test worker] DEBUG org.hibernate.loader.Loader - Done entity load
15:56:18.681 [Test worker] DEBUG org.hibernate.loader.Loader - Loading entity: [sciConsole.domain.Role#2]
15:56:18.681 [Test worker] DEBUG org.hibernate.SQL - select role0_.id as id1_4_1_, role0_.role as role2_4_1_, userroles1_.role_id as role_id1_4_3_, user2_.id as user_id2_7_3_, user2_.id as id1_8_0_, user2_.login as login2_8_0_, user2_.password as password3_8_0_, user2_1_.role_id as role_id1_7_0_ from roles role0_ left outer join user_roles userroles1_ on role0_.id=userroles1_.role_id left outer join users user2_ on userroles1_.user_id=user2_.id left outer join user_roles user2_1_ on user2_.id=user2_1_.user_id where role0_.id=?
15:56:18.682 [Test worker] DEBUG o.h.e.l.i.CollectionLoadContext - No collections were found in result set for role: sciConsole.domain.Role.userRoles
15:56:18.682 [Test worker] DEBUG org.hibernate.loader.Loader - Done entity load
15:56:18.682 [Test worker] DEBUG o.h.e.i.AbstractSaveEventListener - Generated identifier: 2, using strategy: org.hibernate.id.Assigned
15:56:18.682 [Test worker] DEBUG org.hibernate.SQL - insert into roles (role, id) values (?, ?)
15:56:18.684 [Test worker] DEBUG org.hibernate.engine.spi.ActionQueue - Executing identity-insert immediately
15:56:18.684 [Test worker] DEBUG org.hibernate.SQL - insert into users (login, password) values (?, ?)
15:56:18.684 [Test worker] DEBUG o.h.id.IdentifierGeneratorHelper - Natively generated identity: 11
15:56:18.684 [Test worker] DEBUG org.hibernate.SQL - insert into user_roles (role_id, user_id) values (?, ?)
15:56:18.685 [Test worker] DEBUG org.hibernate.loader.Loader - Loading entity: [sciConsole.domain.User#10]
15:56:18.686 [Test worker] DEBUG org.hibernate.SQL - select user0_.id as id1_8_1_, user0_.login as login2_8_1_, user0_.password as password3_8_1_, user0_1_.role_id as role_id1_7_1_, role1_.id as id1_4_0_, role1_.role as role2_4_0_ from users user0_ left outer join user_roles user0_1_ on user0_.id=user0_1_.user_id left outer join roles role1_ on user0_1_.role_id=role1_.id where user0_.id=?
15:56:18.686 [Test worker] DEBUG org.hibernate.loader.Loader - Done entity load
15:56:18.686 [Test worker] DEBUG org.hibernate.loader.Loader - Loading entity: [sciConsole.domain.Role#1]
15:56:18.687 [Test worker] DEBUG org.hibernate.SQL - select role0_.id as id1_4_1_, role0_.role as role2_4_1_, userroles1_.role_id as role_id1_4_3_, user2_.id as user_id2_7_3_, user2_.id as id1_8_0_, user2_.login as login2_8_0_, user2_.password as password3_8_0_, user2_1_.role_id as role_id1_7_0_ from roles role0_ left outer join user_roles userroles1_ on role0_.id=userroles1_.role_id left outer join users user2_ on userroles1_.user_id=user2_.id left outer join user_roles user2_1_ on user2_.id=user2_1_.user_id where role0_.id=?
15:56:18.687 [Test worker] DEBUG o.h.e.l.i.CollectionLoadContext - No collections were found in result set for role: sciConsole.domain.Role.userRoles
15:56:18.687 [Test worker] DEBUG org.hibernate.loader.Loader - Done entity load
15:56:18.687 [Test worker] DEBUG o.h.e.i.AbstractSaveEventListener - Generated identifier: 1, using strategy: org.hibernate.id.Assigned
15:56:18.688 [Test worker] DEBUG org.hibernate.SQL - insert into roles (role, id) values (?, ?)
15:56:18.688 [Test worker] DEBUG org.hibernate.engine.spi.ActionQueue - Executing identity-insert immediately
15:56:18.688 [Test worker] DEBUG org.hibernate.SQL - insert into users (login, password) values (?, ?)
15:56:18.689 [Test worker] DEBUG o.h.id.IdentifierGeneratorHelper - Natively generated identity: 12
15:56:18.689 [Test worker] DEBUG org.hibernate.SQL - insert into user_roles (role_id, user_id) values (?, ?)
15:56:18.690 [Test worker] DEBUG o.s.orm.jpa.JpaTransactionManager - Initiating transaction commit
15:56:18.690 [Test worker] DEBUG o.s.orm.jpa.JpaTransactionManager - Committing JPA transaction on EntityManager [org.hibernate.jpa.internal.EntityManagerImpl@3c5d4856]
15:56:18.690 [Test worker] DEBUG o.h.e.t.spi.AbstractTransactionImpl - committing
15:56:18.690 [Test worker] DEBUG o.h.e.i.AbstractFlushingEventListener - Processing flush-time cascades
15:56:18.690 [Test worker] DEBUG o.h.e.i.AbstractFlushingEventListener - Dirty checking collections
15:56:18.690 [Test worker] DEBUG o.h.e.i.AbstractFlushingEventListener - Flushed: 0 insertions, 0 updates, 0 deletions to 4 objects
15:56:18.690 [Test worker] DEBUG o.h.e.i.AbstractFlushingEventListener - Flushed: 0 (re)creations, 0 updates, 0 removals to 0 collections
15:56:18.690 [Test worker] DEBUG o.h.internal.util.EntityPrinter - Listing entities:
15:56:18.690 [Test worker] DEBUG o.h.internal.util.EntityPrinter - sciConsole.domain.User{password=$2a$10$sbTqPCC0wB2c4IE5Y5RCdeWLIvtjAKEHFzHluAg7LiqkSdZNujJn2, role=sciConsole.domain.Role#2, id=11, login=Alice}
15:56:18.690 [Test worker] DEBUG o.h.internal.util.EntityPrinter - sciConsole.domain.User{password=$2a$10$UQ/jCMwn14H5VdHO4or0L.xvlGoplsSsRXHjXdbYij9UEArHJzsE2, role=sciConsole.domain.Role#1, id=12, login=Bob}
15:56:18.690 [Test worker] DEBUG o.h.internal.util.EntityPrinter - sciConsole.domain.Role{userRoles=null, role=MANAGER, id=1}
15:56:18.690 [Test worker] DEBUG o.h.internal.util.EntityPrinter - sciConsole.domain.Role{userRoles=null, role=DEVELOPER, id=2}
15:56:18.693 [Test worker] DEBUG o.h.e.t.i.jdbc.JdbcTransaction - committed JDBC Connection
15:56:18.693 [Test worker] DEBUG o.h.e.t.i.jdbc.JdbcTransaction - re-enabling autocommit
15:56:18.694 [Test worker] DEBUG o.s.orm.jpa.JpaTransactionManager - Closing JPA EntityManager [org.hibernate.jpa.internal.EntityManagerImpl@3c5d4856] after transaction
15:56:18.694 [Test worker] DEBUG o.s.o.jpa.EntityManagerFactoryUtils - Closing JPA EntityManager
15:56:18.694 [Test worker] DEBUG o.h.e.j.internal.JdbcCoordinatorImpl - HHH000420: Closing un-released batch
15:56:18.694 [Test worker] DEBUG o.h.e.j.i.LogicalConnectionImpl - Releasing JDBC connection
15:56:18.694 [Test worker] DEBUG o.h.e.j.i.LogicalConnectionImpl - Released JDBC connection
15:56:18.694 [Test worker] DEBUG o.s.orm.jpa.JpaTransactionManager - Creating new transaction with name [org.springframework.data.jpa.repository.support.SimpleJpaRepository.save]: PROPAGATION_REQUIRED,ISOLATION_DEFAULT; ''
15:56:18.694 [Test worker] DEBUG o.s.orm.jpa.JpaTransactionManager - Opened new EntityManager [org.hibernate.jpa.internal.EntityManagerImpl@5edaef56] for JPA transaction
15:56:18.694 [Test worker] DEBUG o.h.e.t.spi.AbstractTransactionImpl - begin
15:56:18.694 [Test worker] DEBUG o.h.e.j.i.LogicalConnectionImpl - Obtaining JDBC connection
15:56:18.694 [Test worker] DEBUG o.s.j.d.DriverManagerDataSource - Creating new JDBC DriverManager Connection to [jdbc:mysql://127.0.0.1:3306/wrp3]
15:56:18.698 [Test worker] DEBUG o.h.e.j.i.LogicalConnectionImpl - Obtained JDBC connection
15:56:18.698 [Test worker] DEBUG o.h.e.t.i.jdbc.JdbcTransaction - initial autocommit status: true
15:56:18.698 [Test worker] DEBUG o.h.e.t.i.jdbc.JdbcTransaction - disabling autocommit
15:56:18.698 [Test worker] DEBUG o.s.orm.jpa.JpaTransactionManager - Exposing JPA transaction as JDBC transaction [org.springframework.orm.jpa.vendor.HibernateJpaDialect$HibernateConnectionHandle@66017f07]
15:56:18.698 [Test worker] DEBUG org.hibernate.loader.Loader - Loading entity: [sciConsole.domain.Role#1]
15:56:18.698 [Test worker] DEBUG org.hibernate.SQL - select role0_.id as id1_4_1_, role0_.role as role2_4_1_, userroles1_.role_id as role_id1_4_3_, user2_.id as user_id2_7_3_, user2_.id as id1_8_0_, user2_.login as login2_8_0_, user2_.password as password3_8_0_, user2_1_.role_id as role_id1_7_0_ from roles role0_ left outer join user_roles userroles1_ on role0_.id=userroles1_.role_id left outer join users user2_ on userroles1_.user_id=user2_.id left outer join user_roles user2_1_ on user2_.id=user2_1_.user_id where role0_.id=?
15:56:18.699 [Test worker] DEBUG org.hibernate.loader.Loader - Result set row: 0
15:56:18.699 [Test worker] DEBUG org.hibernate.loader.Loader - Result row: EntityKey[sciConsole.domain.User#12], EntityKey[sciConsole.domain.Role#1]
15:56:18.699 [Test worker] DEBUG org.hibernate.loader.Loader - Found row of collection: [sciConsole.domain.Role.userRoles#1]
15:56:18.700 [Test worker] DEBUG o.h.engine.internal.TwoPhaseLoad - Resolving associations for [sciConsole.domain.User#12]
15:56:18.700 [Test worker] DEBUG o.h.engine.internal.TwoPhaseLoad - Done materializing entity [sciConsole.domain.User#12]
15:56:18.700 [Test worker] DEBUG o.h.engine.internal.TwoPhaseLoad - Resolving associations for [sciConsole.domain.Role#1]
15:56:18.700 [Test worker] DEBUG o.h.engine.internal.TwoPhaseLoad - Done materializing entity [sciConsole.domain.Role#1]
15:56:18.700 [Test worker] DEBUG o.h.e.l.i.CollectionLoadContext - 1 collections were found in result set for role: sciConsole.domain.Role.userRoles
15:56:18.700 [Test worker] DEBUG o.h.e.l.i.CollectionLoadContext - Collection fully initialized: [sciConsole.domain.Role.userRoles#1]
15:56:18.700 [Test worker] DEBUG o.h.e.l.i.CollectionLoadContext - 1 collections initialized for role: sciConsole.domain.Role.userRoles
15:56:18.700 [Test worker] DEBUG org.hibernate.loader.Loader - Done entity load
15:56:18.701 [Test worker] DEBUG org.hibernate.loader.Loader - Loading entity: [sciConsole.domain.Role#2]
15:56:18.701 [Test worker] DEBUG org.hibernate.SQL - select role0_.id as id1_4_1_, role0_.role as role2_4_1_, userroles1_.role_id as role_id1_4_3_, user2_.id as user_id2_7_3_, user2_.id as id1_8_0_, user2_.login as login2_8_0_, user2_.password as password3_8_0_, user2_1_.role_id as role_id1_7_0_ from roles role0_ left outer join user_roles userroles1_ on role0_.id=userroles1_.role_id left outer join users user2_ on userroles1_.user_id=user2_.id left outer join user_roles user2_1_ on user2_.id=user2_1_.user_id where role0_.id=?
15:56:18.701 [Test worker] DEBUG org.hibernate.loader.Loader - Result set row: 0
15:56:18.702 [Test worker] DEBUG org.hibernate.loader.Loader - Result row: EntityKey[sciConsole.domain.User#11], EntityKey[sciConsole.domain.Role#2]
15:56:18.702 [Test worker] DEBUG org.hibernate.loader.Loader - Found row of collection: [sciConsole.domain.Role.userRoles#2]
15:56:18.702 [Test worker] DEBUG o.h.engine.internal.TwoPhaseLoad - Resolving associations for [sciConsole.domain.User#11]
15:56:18.702 [Test worker] DEBUG o.h.engine.internal.TwoPhaseLoad - Done materializing entity [sciConsole.domain.User#11]
15:56:18.702 [Test worker] DEBUG o.h.engine.internal.TwoPhaseLoad - Resolving associations for [sciConsole.domain.Role#2]
15:56:18.702 [Test worker] DEBUG o.h.engine.internal.TwoPhaseLoad - Done materializing entity [sciConsole.domain.Role#2]
15:56:18.702 [Test worker] DEBUG o.h.e.l.i.CollectionLoadContext - 1 collections were found in result set for role: sciConsole.domain.Role.userRoles
15:56:18.702 [Test worker] DEBUG o.h.e.l.i.CollectionLoadContext - Collection fully initialized: [sciConsole.domain.Role.userRoles#2]
15:56:18.702 [Test worker] DEBUG o.h.e.l.i.CollectionLoadContext - 1 collections initialized for role: sciConsole.domain.Role.userRoles
15:56:18.703 [Test worker] DEBUG org.hibernate.loader.Loader - Done entity load
15:56:18.703 [Test worker] DEBUG o.s.orm.jpa.JpaTransactionManager - Initiating transaction commit
15:56:18.703 [Test worker] DEBUG o.s.orm.jpa.JpaTransactionManager - Committing JPA transaction on EntityManager [org.hibernate.jpa.internal.EntityManagerImpl@5edaef56]
15:56:18.703 [Test worker] DEBUG o.h.e.t.spi.AbstractTransactionImpl - committing
15:56:18.703 [Test worker] DEBUG o.h.e.i.AbstractFlushingEventListener - Processing flush-time cascades
15:56:18.703 [Test worker] DEBUG o.h.e.i.AbstractFlushingEventListener - Dirty checking collections
15:56:18.704 [Test worker] DEBUG o.h.engine.internal.Collections - Collection found: [sciConsole.domain.Role.userRoles#1], was: [sciConsole.domain.Role.userRoles#1] (initialized)
15:56:18.704 [Test worker] DEBUG o.h.engine.internal.Collections - Collection found: [sciConsole.domain.Role.userRoles#2], was: [sciConsole.domain.Role.userRoles#2] (initialized)
15:56:18.704 [Test worker] DEBUG o.h.e.i.AbstractFlushingEventListener - Flushed: 0 insertions, 0 updates, 0 deletions to 4 objects
15:56:18.704 [Test worker] DEBUG o.h.e.i.AbstractFlushingEventListener - Flushed: 0 (re)creations, 0 updates, 0 removals to 2 collections
15:56:18.704 [Test worker] DEBUG o.h.internal.util.EntityPrinter - Listing entities:
15:56:18.704 [Test worker] DEBUG o.h.internal.util.EntityPrinter - sciConsole.domain.User{password=$2a$10$sbTqPCC0wB2c4IE5Y5RCdeWLIvtjAKEHFzHluAg7LiqkSdZNujJn2, role=sciConsole.domain.Role#2, id=11, login=Alice}
15:56:18.704 [Test worker] DEBUG o.h.internal.util.EntityPrinter - sciConsole.domain.User{password=$2a$10$UQ/jCMwn14H5VdHO4or0L.xvlGoplsSsRXHjXdbYij9UEArHJzsE2, role=sciConsole.domain.Role#1, id=12, login=Bob}
15:56:18.704 [Test worker] DEBUG o.h.internal.util.EntityPrinter - sciConsole.domain.Role{userRoles=[sciConsole.domain.User#12], role=MANAGER, id=1}
15:56:18.704 [Test worker] DEBUG o.h.internal.util.EntityPrinter - sciConsole.domain.Role{userRoles=[sciConsole.domain.User#11], role=DEVELOPER, id=2}
15:56:18.705 [Test worker] DEBUG o.h.e.t.i.jdbc.JdbcTransaction - committed JDBC Connection
15:56:18.705 [Test worker] DEBUG o.h.e.t.i.jdbc.JdbcTransaction - re-enabling autocommit
15:56:18.705 [Test worker] DEBUG o.s.orm.jpa.JpaTransactionManager - Closing JPA EntityManager [org.hibernate.jpa.internal.EntityManagerImpl@5edaef56] after transaction
15:56:18.705 [Test worker] DEBUG o.s.o.jpa.EntityManagerFactoryUtils - Closing JPA EntityManager
15:56:18.705 [Test worker] DEBUG o.h.e.j.i.LogicalConnectionImpl - Releasing JDBC connection
15:56:18.705 [Test worker] DEBUG o.h.e.j.i.LogicalConnectionImpl - Released JDBC connection
15:56:18.706 [Test worker] DEBUG o.s.t.c.s.AbstractDirtiesContextTestExecutionListener - After test class: context [DefaultTestContext@6da8c0c4 testClass = CompleteChangeRequestStepDefs, testInstance = [null], testMethod = [null], testException = [null], mergedContextConfiguration = [WebMergedContextConfiguration@5370d3d8 testClass = CompleteChangeRequestStepDefs, locations = '{}', classes = '{class sciConsole.SciConsoleApplication, class sciConsole.controller.SessionController, class sciConsole.controller.AccountController, class sciConsole.controller.ChangeRequestController, class sciConsole.SecurityConfig, class sciConsole.WebConfig}', contextInitializerClasses = '[]', activeProfiles = '{}', propertySourceLocations = '{}', propertySourceProperties = '{}', resourceBasePath = 'src/main/webapp', contextLoader = 'org.springframework.test.context.web.WebDelegatingSmartContextLoader', parent = [null]]], class annotated with @DirtiesContext [false] with mode [null].

  @controller
  Scenario: cancel assessment               ?[90m# AssessChangeRequest.feature:33?[0m
    ?[32mGiven ?[0m?[32mI am assessing change requests?[0m    ?[90m# AssessChangeRequestStepDefs.i_am_assessing_change_requests()?[0m
    ?[32mWhen ?[0m?[32mI request to cancel the assessment?[0m ?[90m# AssessChangeRequestStepDefs.i_request_to_cancel_the_assessment()?[0m
    ?[32mThen ?[0m?[32mI stop seeing change requests?[0m      ?[90m# AssessChangeRequestStepDefs.i_stop_seeing_change_requests()?[0m
Feature: web authorization

  @security
  Scenario Outline: authentication                             ?[90m# Authorization.feature:4?[0m
    ?[36mGiven ?[0m?[36mI am a <ROLE> with username <USR> and password <PWD>?[0m
    ?[36mWhen ?[0m?[36mI access <URL>?[0m
    ?[36mThen ?[0m?[36mMy authentication is <isAuth> with role <ROLE>?[0m

    Examples: 
15:56:18.772 [Test worker] DEBUG o.s.b.f.s.DefaultListableBeanFactory - Returning cached instance of singleton bean 'springSecurityFilterChain'
15:56:18.773 [Test worker] DEBUG o.s.test.util.ReflectionTestUtils - Invoking method 'getFilters' on target [FilterChainProxy[Filter Chains: [[ org.springframework.security.web.util.matcher.AnyRequestMatcher@1, [org.springframework.security.web.access.channel.ChannelProcessingFilter@2ad101f0, org.springframework.security.web.context.request.async.WebAsyncManagerIntegrationFilter@7a1601ea, org.springframework.security.web.context.SecurityContextPersistenceFilter@1ed920ed, org.springframework.security.web.header.HeaderWriterFilter@54d81890, org.springframework.security.web.csrf.CsrfFilter@3a7f45ac, org.springframework.security.web.authentication.logout.LogoutFilter@53f60b35, org.springframework.security.web.authentication.UsernamePasswordAuthenticationFilter@7d51c9ea, org.springframework.security.web.savedrequest.RequestCacheAwareFilter@42c2e682, org.springframework.security.web.servletapi.SecurityContextHolderAwareRequestFilter@3524fe79, org.springframework.security.web.authentication.AnonymousAuthenticationFilter@56b23bee, org.springframework.security.web.session.SessionManagementFilter@7785c534, org.springframework.security.web.access.ExceptionTranslationFilter@5ac7316e, org.springframework.security.web.access.intercept.FilterSecurityInterceptor@879e25e]]]]] with arguments [{org.springframework.mock.web.MockHttpServletRequest@444408b6}]
15:56:18.774 [Test worker] DEBUG o.s.test.util.ReflectionTestUtils - Getting field 'repo' from target object [org.springframework.security.web.context.SecurityContextPersistenceFilter@1ed920ed] or target class [class org.springframework.security.web.context.SecurityContextPersistenceFilter]
15:56:18.774 [Test worker] DEBUG o.s.b.f.s.DefaultListableBeanFactory - Returning cached instance of singleton bean 'springSecurityFilterChain'
15:56:18.774 [Test worker] DEBUG o.s.test.util.ReflectionTestUtils - Invoking method 'getFilters' on target [FilterChainProxy[Filter Chains: [[ org.springframework.security.web.util.matcher.AnyRequestMatcher@1, [org.springframework.security.web.access.channel.ChannelProcessingFilter@2ad101f0, org.springframework.security.web.context.request.async.WebAsyncManagerIntegrationFilter@7a1601ea, org.springframework.security.web.context.SecurityContextPersistenceFilter@1ed920ed, org.springframework.security.web.header.HeaderWriterFilter@54d81890, org.springframework.security.web.csrf.CsrfFilter@3a7f45ac, org.springframework.security.web.authentication.logout.LogoutFilter@53f60b35, org.springframework.security.web.authentication.UsernamePasswordAuthenticationFilter@7d51c9ea, org.springframework.security.web.savedrequest.RequestCacheAwareFilter@42c2e682, org.springframework.security.web.servletapi.SecurityContextHolderAwareRequestFilter@3524fe79, org.springframework.security.web.authentication.AnonymousAuthenticationFilter@56b23bee, org.springframework.security.web.session.SessionManagementFilter@7785c534, org.springframework.security.web.access.ExceptionTranslationFilter@5ac7316e, org.springframework.security.web.access.intercept.FilterSecurityInterceptor@879e25e]]]]] with arguments [{org.springframework.mock.web.MockHttpServletRequest@444408b6}]
15:56:18.774 [Test worker] DEBUG o.s.test.util.ReflectionTestUtils - Setting field 'repo' of type [null] on target object [org.springframework.security.web.context.SecurityContextPersistenceFilter@1ed920ed] or target class [class org.springframework.security.web.context.SecurityContextPersistenceFilter] to value [org.springframework.security.test.web.servlet.request.SecurityMockMvcRequestPostProcessors$SecurityContextRequestPostProcessorSupport$TestSecurityContextRepository@3fdfe360]
15:56:18.774 [Test worker] DEBUG o.s.s.w.c.HttpSessionSecurityContextRepository - No HttpSession currently exists
15:56:18.774 [Test worker] DEBUG o.s.s.w.c.HttpSessionSecurityContextRepository - No SecurityContext was available from the HttpSession: null. A new one will be created.
15:56:18.779 [Test worker] DEBUG o.s.s.w.c.HttpSessionSecurityContextRepository - HttpSession being created as SecurityContext is non-default
15:56:18.780 [Test worker] DEBUG o.s.s.w.c.HttpSessionSecurityContextRepository - SecurityContext 'org.springframework.security.core.context.SecurityContextImpl@12d42c1e: Authentication: org.springframework.security.authentication.UsernamePasswordAuthenticationToken@12d42c1e: Principal: Alice; Credentials: [PROTECTED]; Authenticated: true; Details: null; Granted Authorities: ROLE_DEVELOPER' stored to HttpSession: 'org.springframework.mock.web.MockHttpSession@4f5ceca9
15:56:18.783 [Test worker] DEBUG o.s.security.web.FilterChainProxy - /login-form at position 1 of 13 in additional filter chain; firing Filter: 'ChannelProcessingFilter'
15:56:18.783 [Test worker] DEBUG o.s.s.w.a.c.ChannelProcessingFilter - Request: FilterInvocation: URL: /login-form; ConfigAttributes: [REQUIRES_SECURE_CHANNEL]
15:56:18.783 [Test worker] DEBUG o.s.s.w.a.c.RetryWithHttpsEntryPoint - Redirecting to: https://localhost/login-form
15:56:18.784 [Test worker] DEBUG o.s.s.web.DefaultRedirectStrategy - Redirecting to 'https://localhost/login-form'
15:56:18.786 [Test worker] DEBUG o.s.b.f.s.DefaultListableBeanFactory - Returning cached instance of singleton bean 'springSecurityFilterChain'
15:56:18.787 [Test worker] DEBUG o.s.test.util.ReflectionTestUtils - Invoking method 'getFilters' on target [FilterChainProxy[Filter Chains: [[ org.springframework.security.web.util.matcher.AnyRequestMatcher@1, [org.springframework.security.web.access.channel.ChannelProcessingFilter@2ad101f0, org.springframework.security.web.context.request.async.WebAsyncManagerIntegrationFilter@7a1601ea, org.springframework.security.web.context.SecurityContextPersistenceFilter@1ed920ed, org.springframework.security.web.header.HeaderWriterFilter@54d81890, org.springframework.security.web.csrf.CsrfFilter@3a7f45ac, org.springframework.security.web.authentication.logout.LogoutFilter@53f60b35, org.springframework.security.web.authentication.UsernamePasswordAuthenticationFilter@7d51c9ea, org.springframework.security.web.savedrequest.RequestCacheAwareFilter@42c2e682, org.springframework.security.web.servletapi.SecurityContextHolderAwareRequestFilter@3524fe79, org.springframework.security.web.authentication.AnonymousAuthenticationFilter@56b23bee, org.springframework.security.web.session.SessionManagementFilter@7785c534, org.springframework.security.web.access.ExceptionTranslationFilter@5ac7316e, org.springframework.security.web.access.intercept.FilterSecurityInterceptor@879e25e]]]]] with arguments [{org.springframework.mock.web.MockHttpServletRequest@444408b6}]
15:56:18.787 [Test worker] DEBUG o.s.test.util.ReflectionTestUtils - Getting field 'repo' from target object [org.springframework.security.web.context.SecurityContextPersistenceFilter@1ed920ed] or target class [class org.springframework.security.web.context.SecurityContextPersistenceFilter]
15:56:18.787 [Test worker] DEBUG o.s.s.w.c.HttpSessionSecurityContextRepository - Obtained a valid SecurityContext from SPRING_SECURITY_CONTEXT: 'org.springframework.security.core.context.SecurityContextImpl@12d42c1e: Authentication: org.springframework.security.authentication.UsernamePasswordAuthenticationToken@12d42c1e: Principal: Alice; Credentials: [PROTECTED]; Authenticated: true; Details: null; Granted Authorities: ROLE_DEVELOPER'
15:56:18.787 [Test worker] DEBUG o.s.orm.jpa.JpaTransactionManager - Creating new transaction with name [org.springframework.data.jpa.repository.support.SimpleJpaRepository.deleteAll]: PROPAGATION_REQUIRED,ISOLATION_DEFAULT; ''
15:56:18.787 [Test worker] DEBUG o.s.orm.jpa.JpaTransactionManager - Opened new EntityManager [org.hibernate.jpa.internal.EntityManagerImpl@3e49504d] for JPA transaction
15:56:18.788 [Test worker] DEBUG o.h.e.t.spi.AbstractTransactionImpl - begin
15:56:18.788 [Test worker] DEBUG o.h.e.j.i.LogicalConnectionImpl - Obtaining JDBC connection
15:56:18.788 [Test worker] DEBUG o.s.j.d.DriverManagerDataSource - Creating new JDBC DriverManager Connection to [jdbc:mysql://127.0.0.1:3306/wrp3]
15:56:18.791 [Test worker] DEBUG o.h.e.j.i.LogicalConnectionImpl - Obtained JDBC connection
15:56:18.791 [Test worker] DEBUG o.h.e.t.i.jdbc.JdbcTransaction - initial autocommit status: true
15:56:18.791 [Test worker] DEBUG o.h.e.t.i.jdbc.JdbcTransaction - disabling autocommit
15:56:18.791 [Test worker] DEBUG o.s.orm.jpa.JpaTransactionManager - Exposing JPA transaction as JDBC transaction [org.springframework.orm.jpa.vendor.HibernateJpaDialect$HibernateConnectionHandle@2c7cefeb]
15:56:18.791 [Test worker] DEBUG o.h.jpa.criteria.CriteriaQueryImpl - Rendered criteria query -> select generatedAlias0 from Request as generatedAlias0
15:56:18.792 [Test worker] DEBUG org.hibernate.SQL - select request0_.request_id as request_1_3_, request0_.assign_to as assign_t2_3_, request0_.created_by as created_3_3_, request0_.date_created as date_cre4_3_, request0_.date_complete as date_com5_3_, request0_.due_date as due_date6_3_, request0_.priority as priority7_3_, request0_.reject_reason as reject_r8_3_, request0_.req_desc as req_desc9_3_, request0_.req_solution as req_sol10_3_, request0_.sci_id as sci_id11_3_, request0_.status as status12_3_, request0_.assigned_to as assigne13_3_, request0_.version_id as version14_3_ from request request0_
15:56:18.792 [Test worker] DEBUG o.s.orm.jpa.JpaTransactionManager - Initiating transaction commit
15:56:18.792 [Test worker] DEBUG o.s.orm.jpa.JpaTransactionManager - Committing JPA transaction on EntityManager [org.hibernate.jpa.internal.EntityManagerImpl@3e49504d]
15:56:18.792 [Test worker] DEBUG o.h.e.t.spi.AbstractTransactionImpl - committing
15:56:18.792 [Test worker] DEBUG o.h.e.t.i.jdbc.JdbcTransaction - committed JDBC Connection
15:56:18.793 [Test worker] DEBUG o.h.e.t.i.jdbc.JdbcTransaction - re-enabling autocommit
15:56:18.793 [Test worker] DEBUG o.s.orm.jpa.JpaTransactionManager - Closing JPA EntityManager [org.hibernate.jpa.internal.EntityManagerImpl@3e49504d] after transaction
15:56:18.793 [Test worker] DEBUG o.s.o.jpa.EntityManagerFactoryUtils - Closing JPA EntityManager
15:56:18.793 [Test worker] DEBUG o.h.e.j.i.LogicalConnectionImpl - Releasing JDBC connection
15:56:18.793 [Test worker] DEBUG o.h.e.j.i.LogicalConnectionImpl - Released JDBC connection
15:56:18.793 [Test worker] DEBUG o.s.orm.jpa.JpaTransactionManager - Creating new transaction with name [org.springframework.data.jpa.repository.support.SimpleJpaRepository.save]: PROPAGATION_REQUIRED,ISOLATION_DEFAULT; ''
15:56:18.793 [Test worker] DEBUG o.s.orm.jpa.JpaTransactionManager - Opened new EntityManager [org.hibernate.jpa.internal.EntityManagerImpl@4ae2046d] for JPA transaction
15:56:18.793 [Test worker] DEBUG o.h.e.t.spi.AbstractTransactionImpl - begin
15:56:18.793 [Test worker] DEBUG o.h.e.j.i.LogicalConnectionImpl - Obtaining JDBC connection
15:56:18.793 [Test worker] DEBUG o.s.j.d.DriverManagerDataSource - Creating new JDBC DriverManager Connection to [jdbc:mysql://127.0.0.1:3306/wrp3]
15:56:18.797 [Test worker] DEBUG o.h.e.j.i.LogicalConnectionImpl - Obtained JDBC connection
15:56:18.797 [Test worker] DEBUG o.h.e.t.i.jdbc.JdbcTransaction - initial autocommit status: true
15:56:18.797 [Test worker] DEBUG o.h.e.t.i.jdbc.JdbcTransaction - disabling autocommit
15:56:18.797 [Test worker] DEBUG o.s.orm.jpa.JpaTransactionManager - Exposing JPA transaction as JDBC transaction [org.springframework.orm.jpa.vendor.HibernateJpaDialect$HibernateConnectionHandle@624a2d17]
15:56:18.797 [Test worker] DEBUG o.s.orm.jpa.JpaTransactionManager - Initiating transaction commit
15:56:18.797 [Test worker] DEBUG o.s.orm.jpa.JpaTransactionManager - Committing JPA transaction on EntityManager [org.hibernate.jpa.internal.EntityManagerImpl@4ae2046d]
15:56:18.797 [Test worker] DEBUG o.h.e.t.spi.AbstractTransactionImpl - committing
15:56:18.797 [Test worker] DEBUG o.h.e.t.i.jdbc.JdbcTransaction - committed JDBC Connection
15:56:18.797 [Test worker] DEBUG o.h.e.t.i.jdbc.JdbcTransaction - re-enabling autocommit
15:56:18.797 [Test worker] DEBUG o.s.orm.jpa.JpaTransactionManager - Closing JPA EntityManager [org.hibernate.jpa.internal.EntityManagerImpl@4ae2046d] after transaction
15:56:18.797 [Test worker] DEBUG o.s.o.jpa.EntityManagerFactoryUtils - Closing JPA EntityManager
15:56:18.797 [Test worker] DEBUG o.h.e.j.i.LogicalConnectionImpl - Releasing JDBC connection
15:56:18.797 [Test worker] DEBUG o.h.e.j.i.LogicalConnectionImpl - Released JDBC connection
15:56:18.798 [Test worker] DEBUG o.s.orm.jpa.JpaTransactionManager - Creating new transaction with name [org.springframework.data.jpa.repository.support.SimpleJpaRepository.deleteAll]: PROPAGATION_REQUIRED,ISOLATION_DEFAULT; ''
15:56:18.798 [Test worker] DEBUG o.s.orm.jpa.JpaTransactionManager - Opened new EntityManager [org.hibernate.jpa.internal.EntityManagerImpl@7aca4ddf] for JPA transaction
15:56:18.798 [Test worker] DEBUG o.h.e.t.spi.AbstractTransactionImpl - begin
15:56:18.798 [Test worker] DEBUG o.h.e.j.i.LogicalConnectionImpl - Obtaining JDBC connection
15:56:18.798 [Test worker] DEBUG o.s.j.d.DriverManagerDataSource - Creating new JDBC DriverManager Connection to [jdbc:mysql://127.0.0.1:3306/wrp3]
15:56:18.802 [Test worker] DEBUG o.h.e.j.i.LogicalConnectionImpl - Obtained JDBC connection
15:56:18.802 [Test worker] DEBUG o.h.e.t.i.jdbc.JdbcTransaction - initial autocommit status: true
15:56:18.802 [Test worker] DEBUG o.h.e.t.i.jdbc.JdbcTransaction - disabling autocommit
15:56:18.802 [Test worker] DEBUG o.s.orm.jpa.JpaTransactionManager - Exposing JPA transaction as JDBC transaction [org.springframework.orm.jpa.vendor.HibernateJpaDialect$HibernateConnectionHandle@5882fe13]
15:56:18.803 [Test worker] DEBUG o.h.jpa.criteria.CriteriaQueryImpl - Rendered criteria query -> select generatedAlias0 from Request as generatedAlias0
15:56:18.803 [Test worker] DEBUG org.hibernate.SQL - select request0_.request_id as request_1_3_, request0_.assign_to as assign_t2_3_, request0_.created_by as created_3_3_, request0_.date_created as date_cre4_3_, request0_.date_complete as date_com5_3_, request0_.due_date as due_date6_3_, request0_.priority as priority7_3_, request0_.reject_reason as reject_r8_3_, request0_.req_desc as req_desc9_3_, request0_.req_solution as req_sol10_3_, request0_.sci_id as sci_id11_3_, request0_.status as status12_3_, request0_.assigned_to as assigne13_3_, request0_.version_id as version14_3_ from request request0_
15:56:18.804 [Test worker] DEBUG o.s.orm.jpa.JpaTransactionManager - Initiating transaction commit
15:56:18.804 [Test worker] DEBUG o.s.orm.jpa.JpaTransactionManager - Committing JPA transaction on EntityManager [org.hibernate.jpa.internal.EntityManagerImpl@7aca4ddf]
15:56:18.804 [Test worker] DEBUG o.h.e.t.spi.AbstractTransactionImpl - committing
15:56:18.804 [Test worker] DEBUG o.h.e.t.i.jdbc.JdbcTransaction - committed JDBC Connection
15:56:18.804 [Test worker] DEBUG o.h.e.t.i.jdbc.JdbcTransaction - re-enabling autocommit
15:56:18.804 [Test worker] DEBUG o.s.orm.jpa.JpaTransactionManager - Closing JPA EntityManager [org.hibernate.jpa.internal.EntityManagerImpl@7aca4ddf] after transaction
15:56:18.804 [Test worker] DEBUG o.s.o.jpa.EntityManagerFactoryUtils - Closing JPA EntityManager
15:56:18.804 [Test worker] DEBUG o.h.e.j.i.LogicalConnectionImpl - Releasing JDBC connection
15:56:18.805 [Test worker] DEBUG o.h.e.j.i.LogicalConnectionImpl - Released JDBC connection
15:56:18.805 [Test worker] DEBUG o.s.orm.jpa.JpaTransactionManager - Creating new transaction with name [org.springframework.data.jpa.repository.support.SimpleJpaRepository.save]: PROPAGATION_REQUIRED,ISOLATION_DEFAULT; ''
15:56:18.805 [Test worker] DEBUG o.s.orm.jpa.JpaTransactionManager - Opened new EntityManager [org.hibernate.jpa.internal.EntityManagerImpl@6691c0ec] for JPA transaction
15:56:18.805 [Test worker] DEBUG o.h.e.t.spi.AbstractTransactionImpl - begin
15:56:18.805 [Test worker] DEBUG o.h.e.j.i.LogicalConnectionImpl - Obtaining JDBC connection
15:56:18.805 [Test worker] DEBUG o.s.j.d.DriverManagerDataSource - Creating new JDBC DriverManager Connection to [jdbc:mysql://127.0.0.1:3306/wrp3]
15:56:18.809 [Test worker] DEBUG o.h.e.j.i.LogicalConnectionImpl - Obtained JDBC connection
15:56:18.809 [Test worker] DEBUG o.h.e.t.i.jdbc.JdbcTransaction - initial autocommit status: true
15:56:18.809 [Test worker] DEBUG o.h.e.t.i.jdbc.JdbcTransaction - disabling autocommit
15:56:18.809 [Test worker] DEBUG o.s.orm.jpa.JpaTransactionManager - Exposing JPA transaction as JDBC transaction [org.springframework.orm.jpa.vendor.HibernateJpaDialect$HibernateConnectionHandle@409e73d3]
15:56:18.810 [Test worker] DEBUG o.s.orm.jpa.JpaTransactionManager - Initiating transaction commit
15:56:18.810 [Test worker] DEBUG o.s.orm.jpa.JpaTransactionManager - Committing JPA transaction on EntityManager [org.hibernate.jpa.internal.EntityManagerImpl@6691c0ec]
15:56:18.810 [Test worker] DEBUG o.h.e.t.spi.AbstractTransactionImpl - committing
15:56:18.810 [Test worker] DEBUG o.h.e.t.i.jdbc.JdbcTransaction - committed JDBC Connection
15:56:18.810 [Test worker] DEBUG o.h.e.t.i.jdbc.JdbcTransaction - re-enabling autocommit
15:56:18.810 [Test worker] DEBUG o.s.orm.jpa.JpaTransactionManager - Closing JPA EntityManager [org.hibernate.jpa.internal.EntityManagerImpl@6691c0ec] after transaction
15:56:18.810 [Test worker] DEBUG o.s.o.jpa.EntityManagerFactoryUtils - Closing JPA EntityManager
15:56:18.810 [Test worker] DEBUG o.h.e.j.i.LogicalConnectionImpl - Releasing JDBC connection
15:56:18.810 [Test worker] DEBUG o.h.e.j.i.LogicalConnectionImpl - Released JDBC connection
15:56:18.811 [Test worker] DEBUG o.s.orm.jpa.JpaTransactionManager - Creating new transaction with name [org.springframework.data.jpa.repository.support.SimpleJpaRepository.deleteAll]: PROPAGATION_REQUIRED,ISOLATION_DEFAULT; ''
15:56:18.811 [Test worker] DEBUG o.s.orm.jpa.JpaTransactionManager - Opened new EntityManager [org.hibernate.jpa.internal.EntityManagerImpl@2dbbde33] for JPA transaction
15:56:18.811 [Test worker] DEBUG o.h.e.t.spi.AbstractTransactionImpl - begin
15:56:18.811 [Test worker] DEBUG o.h.e.j.i.LogicalConnectionImpl - Obtaining JDBC connection
15:56:18.811 [Test worker] DEBUG o.s.j.d.DriverManagerDataSource - Creating new JDBC DriverManager Connection to [jdbc:mysql://127.0.0.1:3306/wrp3]
15:56:18.815 [Test worker] DEBUG o.h.e.j.i.LogicalConnectionImpl - Obtained JDBC connection
15:56:18.815 [Test worker] DEBUG o.h.e.t.i.jdbc.JdbcTransaction - initial autocommit status: true
15:56:18.815 [Test worker] DEBUG o.h.e.t.i.jdbc.JdbcTransaction - disabling autocommit
15:56:18.815 [Test worker] DEBUG o.s.orm.jpa.JpaTransactionManager - Exposing JPA transaction as JDBC transaction [org.springframework.orm.jpa.vendor.HibernateJpaDialect$HibernateConnectionHandle@7defd6ca]
15:56:18.815 [Test worker] DEBUG o.h.jpa.criteria.CriteriaQueryImpl - Rendered criteria query -> select generatedAlias0 from User as generatedAlias0
15:56:18.816 [Test worker] DEBUG org.hibernate.SQL - select user0_.id as id1_8_, user0_.login as login2_8_, user0_.password as password3_8_, user0_1_.role_id as role_id1_7_ from users user0_ left outer join user_roles user0_1_ on user0_.id=user0_1_.user_id
15:56:18.816 [Test worker] DEBUG org.hibernate.loader.Loader - Result set row: 0
15:56:18.816 [Test worker] DEBUG org.hibernate.loader.Loader - Result row: EntityKey[sciConsole.domain.User#11]
15:56:18.816 [Test worker] DEBUG org.hibernate.loader.Loader - Result set row: 1
15:56:18.816 [Test worker] DEBUG org.hibernate.loader.Loader - Result row: EntityKey[sciConsole.domain.User#12]
15:56:18.817 [Test worker] DEBUG o.h.engine.internal.TwoPhaseLoad - Resolving associations for [sciConsole.domain.User#11]
15:56:18.817 [Test worker] DEBUG org.hibernate.SQL - select role0_.id as id1_4_0_, role0_.role as role2_4_0_ from roles role0_ where role0_.id=?
15:56:18.817 [Test worker] DEBUG o.h.l.p.e.p.i.ResultSetProcessorImpl - Starting ResultSet row #0
15:56:18.817 [Test worker] DEBUG o.h.l.p.e.p.i.EntityReferenceInitializerImpl - On call to EntityIdentifierReaderImpl#resolve, EntityKey was already known; should only happen on root returns with an optional identifier specified
15:56:18.817 [Test worker] DEBUG o.h.engine.internal.TwoPhaseLoad - Resolving associations for [sciConsole.domain.Role#2]
15:56:18.817 [Test worker] DEBUG o.h.engine.internal.TwoPhaseLoad - Done materializing entity [sciConsole.domain.Role#2]
15:56:18.818 [Test worker] DEBUG o.h.l.e.p.AbstractLoadPlanBasedEntityLoader - Done entity load : sciConsole.domain.Role#2
15:56:18.818 [Test worker] DEBUG o.h.engine.internal.TwoPhaseLoad - Done materializing entity [sciConsole.domain.User#11]
15:56:18.818 [Test worker] DEBUG o.h.engine.internal.TwoPhaseLoad - Resolving associations for [sciConsole.domain.User#12]
15:56:18.818 [Test worker] DEBUG org.hibernate.SQL - select role0_.id as id1_4_0_, role0_.role as role2_4_0_ from roles role0_ where role0_.id=?
15:56:18.818 [Test worker] DEBUG o.h.l.p.e.p.i.ResultSetProcessorImpl - Starting ResultSet row #0
15:56:18.818 [Test worker] DEBUG o.h.l.p.e.p.i.EntityReferenceInitializerImpl - On call to EntityIdentifierReaderImpl#resolve, EntityKey was already known; should only happen on root returns with an optional identifier specified
15:56:18.818 [Test worker] DEBUG o.h.engine.internal.TwoPhaseLoad - Resolving associations for [sciConsole.domain.Role#1]
15:56:18.818 [Test worker] DEBUG o.h.engine.internal.TwoPhaseLoad - Done materializing entity [sciConsole.domain.Role#1]
15:56:18.819 [Test worker] DEBUG o.h.l.e.p.AbstractLoadPlanBasedEntityLoader - Done entity load : sciConsole.domain.Role#1
15:56:18.819 [Test worker] DEBUG o.h.engine.internal.TwoPhaseLoad - Done materializing entity [sciConsole.domain.User#12]
15:56:18.819 [Test worker] DEBUG o.h.l.c.p.AbstractLoadPlanBasedCollectionInitializer - Loading collection: [sciConsole.domain.Role.userRoles#2]
15:56:18.819 [Test worker] DEBUG org.hibernate.SQL - select userroles0_.role_id as role_id1_4_0_, userroles0_.user_id as user_id2_7_0_, user1_.id as id1_8_1_, user1_.login as login2_8_1_, user1_.password as password3_8_1_, user1_1_.role_id as role_id1_7_1_ from user_roles userroles0_ inner join users user1_ on userroles0_.user_id=user1_.id left outer join user_roles user1_1_ on user1_.id=user1_1_.user_id where userroles0_.role_id=?
15:56:18.820 [Test worker] DEBUG o.h.l.p.e.p.i.ResultSetProcessorImpl - Preparing collection intializer : [sciConsole.domain.Role.userRoles#2]
15:56:18.820 [Test worker] DEBUG o.h.l.p.e.p.i.ResultSetProcessorImpl - Starting ResultSet row #0
15:56:18.820 [Test worker] DEBUG o.h.l.p.e.p.i.CollectionReferenceInitializerImpl - Found row of collection: [sciConsole.domain.Role.userRoles#2]
15:56:18.820 [Test worker] DEBUG o.h.e.l.i.CollectionLoadContext - 1 collections were found in result set for role: sciConsole.domain.Role.userRoles
15:56:18.820 [Test worker] DEBUG o.h.e.l.i.CollectionLoadContext - Collection fully initialized: [sciConsole.domain.Role.userRoles#2]
15:56:18.820 [Test worker] DEBUG o.h.e.l.i.CollectionLoadContext - 1 collections initialized for role: sciConsole.domain.Role.userRoles
15:56:18.820 [Test worker] DEBUG o.h.l.c.p.AbstractLoadPlanBasedCollectionInitializer - Done loading collection
15:56:18.820 [Test worker] DEBUG o.h.l.c.p.AbstractLoadPlanBasedCollectionInitializer - Loading collection: [sciConsole.domain.Role.userRoles#1]
15:56:18.820 [Test worker] DEBUG org.hibernate.SQL - select userroles0_.role_id as role_id1_4_0_, userroles0_.user_id as user_id2_7_0_, user1_.id as id1_8_1_, user1_.login as login2_8_1_, user1_.password as password3_8_1_, user1_1_.role_id as role_id1_7_1_ from user_roles userroles0_ inner join users user1_ on userroles0_.user_id=user1_.id left outer join user_roles user1_1_ on user1_.id=user1_1_.user_id where userroles0_.role_id=?
15:56:18.821 [Test worker] DEBUG o.h.l.p.e.p.i.ResultSetProcessorImpl - Preparing collection intializer : [sciConsole.domain.Role.userRoles#1]
15:56:18.821 [Test worker] DEBUG o.h.l.p.e.p.i.ResultSetProcessorImpl - Starting ResultSet row #0
15:56:18.821 [Test worker] DEBUG o.h.l.p.e.p.i.CollectionReferenceInitializerImpl - Found row of collection: [sciConsole.domain.Role.userRoles#1]
15:56:18.821 [Test worker] DEBUG o.h.e.l.i.CollectionLoadContext - 1 collections were found in result set for role: sciConsole.domain.Role.userRoles
15:56:18.821 [Test worker] DEBUG o.h.e.l.i.CollectionLoadContext - Collection fully initialized: [sciConsole.domain.Role.userRoles#1]
15:56:18.821 [Test worker] DEBUG o.h.e.l.i.CollectionLoadContext - 1 collections initialized for role: sciConsole.domain.Role.userRoles
15:56:18.822 [Test worker] DEBUG o.h.l.c.p.AbstractLoadPlanBasedCollectionInitializer - Done loading collection
15:56:18.822 [Test worker] DEBUG o.s.orm.jpa.JpaTransactionManager - Initiating transaction commit
15:56:18.822 [Test worker] DEBUG o.s.orm.jpa.JpaTransactionManager - Committing JPA transaction on EntityManager [org.hibernate.jpa.internal.EntityManagerImpl@2dbbde33]
15:56:18.822 [Test worker] DEBUG o.h.e.t.spi.AbstractTransactionImpl - committing
15:56:18.822 [Test worker] DEBUG o.h.e.i.AbstractFlushingEventListener - Processing flush-time cascades
15:56:18.822 [Test worker] DEBUG o.h.e.i.AbstractFlushingEventListener - Dirty checking collections
15:56:18.822 [Test worker] DEBUG o.h.engine.internal.Collections - Collection dereferenced: [sciConsole.domain.Role.userRoles#2]
15:56:18.822 [Test worker] DEBUG o.h.engine.internal.Collections - Collection dereferenced: [sciConsole.domain.Role.userRoles#1]
15:56:18.822 [Test worker] DEBUG o.h.e.i.AbstractFlushingEventListener - Flushed: 0 insertions, 0 updates, 4 deletions to 4 objects
15:56:18.822 [Test worker] DEBUG o.h.e.i.AbstractFlushingEventListener - Flushed: 0 (re)creations, 0 updates, 2 removals to 2 collections
15:56:18.822 [Test worker] DEBUG o.h.internal.util.EntityPrinter - Listing entities:
15:56:18.822 [Test worker] DEBUG o.h.internal.util.EntityPrinter - sciConsole.domain.User{password=$2a$10$sbTqPCC0wB2c4IE5Y5RCdeWLIvtjAKEHFzHluAg7LiqkSdZNujJn2, role=sciConsole.domain.Role#2, id=11, login=Alice}
15:56:18.822 [Test worker] DEBUG o.h.internal.util.EntityPrinter - sciConsole.domain.User{password=$2a$10$UQ/jCMwn14H5VdHO4or0L.xvlGoplsSsRXHjXdbYij9UEArHJzsE2, role=sciConsole.domain.Role#1, id=12, login=Bob}
15:56:18.822 [Test worker] DEBUG o.h.internal.util.EntityPrinter - sciConsole.domain.Role{userRoles=[sciConsole.domain.User#12], role=MANAGER, id=1}
15:56:18.822 [Test worker] DEBUG o.h.internal.util.EntityPrinter - sciConsole.domain.Role{userRoles=[sciConsole.domain.User#11], role=DEVELOPER, id=2}
15:56:18.822 [Test worker] DEBUG o.h.p.c.AbstractCollectionPersister - Deleting collection: [sciConsole.domain.Role.userRoles#2]
15:56:18.822 [Test worker] DEBUG org.hibernate.SQL - delete from user_roles where role_id=?
15:56:18.823 [Test worker] DEBUG o.h.p.c.AbstractCollectionPersister - Done deleting collection
15:56:18.823 [Test worker] DEBUG o.h.p.c.AbstractCollectionPersister - Deleting collection: [sciConsole.domain.Role.userRoles#1]
15:56:18.823 [Test worker] DEBUG org.hibernate.SQL - delete from user_roles where role_id=?
15:56:18.823 [Test worker] DEBUG o.h.p.c.AbstractCollectionPersister - Done deleting collection
15:56:18.824 [Test worker] DEBUG org.hibernate.SQL - delete from user_roles where user_id=?
15:56:18.824 [Test worker] DEBUG org.hibernate.SQL - delete from users where id=?
15:56:18.825 [Test worker] DEBUG org.hibernate.SQL - delete from roles where id=?
15:56:18.825 [Test worker] DEBUG org.hibernate.SQL - delete from user_roles where user_id=?
15:56:18.826 [Test worker] DEBUG org.hibernate.SQL - delete from users where id=?
15:56:18.826 [Test worker] DEBUG org.hibernate.SQL - delete from roles where id=?
15:56:18.832 [Test worker] DEBUG o.h.e.t.i.jdbc.JdbcTransaction - committed JDBC Connection
15:56:18.832 [Test worker] DEBUG o.h.e.t.i.jdbc.JdbcTransaction - re-enabling autocommit
15:56:18.832 [Test worker] DEBUG o.s.orm.jpa.JpaTransactionManager - Closing JPA EntityManager [org.hibernate.jpa.internal.EntityManagerImpl@2dbbde33] after transaction
15:56:18.832 [Test worker] DEBUG o.s.o.jpa.EntityManagerFactoryUtils - Closing JPA EntityManager
15:56:18.832 [Test worker] DEBUG o.h.e.j.internal.JdbcCoordinatorImpl - HHH000420: Closing un-released batch
15:56:18.832 [Test worker] DEBUG o.h.e.j.i.LogicalConnectionImpl - Releasing JDBC connection
15:56:18.832 [Test worker] DEBUG o.h.e.j.i.LogicalConnectionImpl - Released JDBC connection
15:56:18.832 [Test worker] DEBUG o.s.orm.jpa.JpaTransactionManager - Creating new transaction with name [org.springframework.data.jpa.repository.support.SimpleJpaRepository.deleteAll]: PROPAGATION_REQUIRED,ISOLATION_DEFAULT; ''
15:56:18.833 [Test worker] DEBUG o.s.orm.jpa.JpaTransactionManager - Opened new EntityManager [org.hibernate.jpa.internal.EntityManagerImpl@41033a38] for JPA transaction
15:56:18.833 [Test worker] DEBUG o.h.e.t.spi.AbstractTransactionImpl - begin
15:56:18.833 [Test worker] DEBUG o.h.e.j.i.LogicalConnectionImpl - Obtaining JDBC connection
15:56:18.833 [Test worker] DEBUG o.s.j.d.DriverManagerDataSource - Creating new JDBC DriverManager Connection to [jdbc:mysql://127.0.0.1:3306/wrp3]
15:56:18.836 [Test worker] DEBUG o.h.e.j.i.LogicalConnectionImpl - Obtained JDBC connection
15:56:18.836 [Test worker] DEBUG o.h.e.t.i.jdbc.JdbcTransaction - initial autocommit status: true
15:56:18.836 [Test worker] DEBUG o.h.e.t.i.jdbc.JdbcTransaction - disabling autocommit
15:56:18.836 [Test worker] DEBUG o.s.orm.jpa.JpaTransactionManager - Exposing JPA transaction as JDBC transaction [org.springframework.orm.jpa.vendor.HibernateJpaDialect$HibernateConnectionHandle@6d703314]
15:56:18.836 [Test worker] DEBUG o.h.jpa.criteria.CriteriaQueryImpl - Rendered criteria query -> select generatedAlias0 from Role as generatedAlias0
15:56:18.836 [Test worker] DEBUG org.hibernate.SQL - select role0_.id as id1_4_, role0_.role as role2_4_ from roles role0_
15:56:18.837 [Test worker] DEBUG o.s.orm.jpa.JpaTransactionManager - Initiating transaction commit
15:56:18.837 [Test worker] DEBUG o.s.orm.jpa.JpaTransactionManager - Committing JPA transaction on EntityManager [org.hibernate.jpa.internal.EntityManagerImpl@41033a38]
15:56:18.837 [Test worker] DEBUG o.h.e.t.spi.AbstractTransactionImpl - committing
15:56:18.837 [Test worker] DEBUG o.h.e.t.i.jdbc.JdbcTransaction - committed JDBC Connection
15:56:18.837 [Test worker] DEBUG o.h.e.t.i.jdbc.JdbcTransaction - re-enabling autocommit
15:56:18.837 [Test worker] DEBUG o.s.orm.jpa.JpaTransactionManager - Closing JPA EntityManager [org.hibernate.jpa.internal.EntityManagerImpl@41033a38] after transaction
15:56:18.837 [Test worker] DEBUG o.s.o.jpa.EntityManagerFactoryUtils - Closing JPA EntityManager
15:56:18.837 [Test worker] DEBUG o.h.e.j.i.LogicalConnectionImpl - Releasing JDBC connection
15:56:18.837 [Test worker] DEBUG o.h.e.j.i.LogicalConnectionImpl - Released JDBC connection
15:56:18.838 [Test worker] DEBUG o.s.orm.jpa.JpaTransactionManager - Creating new transaction with name [org.springframework.data.jpa.repository.support.SimpleJpaRepository.save]: PROPAGATION_REQUIRED,ISOLATION_DEFAULT; ''
15:56:18.838 [Test worker] DEBUG o.s.orm.jpa.JpaTransactionManager - Opened new EntityManager [org.hibernate.jpa.internal.EntityManagerImpl@33cca862] for JPA transaction
15:56:18.838 [Test worker] DEBUG o.h.e.t.spi.AbstractTransactionImpl - begin
15:56:18.838 [Test worker] DEBUG o.h.e.j.i.LogicalConnectionImpl - Obtaining JDBC connection
15:56:18.838 [Test worker] DEBUG o.s.j.d.DriverManagerDataSource - Creating new JDBC DriverManager Connection to [jdbc:mysql://127.0.0.1:3306/wrp3]
15:56:18.841 [Test worker] DEBUG o.h.e.j.i.LogicalConnectionImpl - Obtained JDBC connection
15:56:18.841 [Test worker] DEBUG o.h.e.t.i.jdbc.JdbcTransaction - initial autocommit status: true
15:56:18.841 [Test worker] DEBUG o.h.e.t.i.jdbc.JdbcTransaction - disabling autocommit
15:56:18.841 [Test worker] DEBUG o.s.orm.jpa.JpaTransactionManager - Exposing JPA transaction as JDBC transaction [org.springframework.orm.jpa.vendor.HibernateJpaDialect$HibernateConnectionHandle@59b1f313]
15:56:18.842 [Test worker] DEBUG org.hibernate.loader.Loader - Loading entity: [sciConsole.domain.User#11]
15:56:18.842 [Test worker] DEBUG org.hibernate.SQL - select user0_.id as id1_8_1_, user0_.login as login2_8_1_, user0_.password as password3_8_1_, user0_1_.role_id as role_id1_7_1_, role1_.id as id1_4_0_, role1_.role as role2_4_0_ from users user0_ left outer join user_roles user0_1_ on user0_.id=user0_1_.user_id left outer join roles role1_ on user0_1_.role_id=role1_.id where user0_.id=?
15:56:18.842 [Test worker] DEBUG org.hibernate.loader.Loader - Done entity load
15:56:18.842 [Test worker] DEBUG org.hibernate.loader.Loader - Loading entity: [sciConsole.domain.Role#2]
15:56:18.842 [Test worker] DEBUG org.hibernate.SQL - select role0_.id as id1_4_1_, role0_.role as role2_4_1_, userroles1_.role_id as role_id1_4_3_, user2_.id as user_id2_7_3_, user2_.id as id1_8_0_, user2_.login as login2_8_0_, user2_.password as password3_8_0_, user2_1_.role_id as role_id1_7_0_ from roles role0_ left outer join user_roles userroles1_ on role0_.id=userroles1_.role_id left outer join users user2_ on userroles1_.user_id=user2_.id left outer join user_roles user2_1_ on user2_.id=user2_1_.user_id where role0_.id=?
15:56:18.843 [Test worker] DEBUG o.h.e.l.i.CollectionLoadContext - No collections were found in result set for role: sciConsole.domain.Role.userRoles
15:56:18.843 [Test worker] DEBUG org.hibernate.loader.Loader - Done entity load
15:56:18.843 [Test worker] DEBUG o.h.e.i.AbstractSaveEventListener - Generated identifier: 2, using strategy: org.hibernate.id.Assigned
15:56:18.844 [Test worker] DEBUG org.hibernate.SQL - insert into roles (role, id) values (?, ?)
15:56:18.845 [Test worker] DEBUG org.hibernate.engine.spi.ActionQueue - Executing identity-insert immediately
15:56:18.845 [Test worker] DEBUG org.hibernate.SQL - insert into users (login, password) values (?, ?)
15:56:18.845 [Test worker] DEBUG o.h.id.IdentifierGeneratorHelper - Natively generated identity: 13
15:56:18.845 [Test worker] DEBUG org.hibernate.SQL - insert into user_roles (role_id, user_id) values (?, ?)
15:56:18.846 [Test worker] DEBUG org.hibernate.loader.Loader - Loading entity: [sciConsole.domain.User#12]
15:56:18.846 [Test worker] DEBUG org.hibernate.SQL - select user0_.id as id1_8_1_, user0_.login as login2_8_1_, user0_.password as password3_8_1_, user0_1_.role_id as role_id1_7_1_, role1_.id as id1_4_0_, role1_.role as role2_4_0_ from users user0_ left outer join user_roles user0_1_ on user0_.id=user0_1_.user_id left outer join roles role1_ on user0_1_.role_id=role1_.id where user0_.id=?
15:56:18.847 [Test worker] DEBUG org.hibernate.loader.Loader - Done entity load
15:56:18.847 [Test worker] DEBUG org.hibernate.loader.Loader - Loading entity: [sciConsole.domain.Role#1]
15:56:18.847 [Test worker] DEBUG org.hibernate.SQL - select role0_.id as id1_4_1_, role0_.role as role2_4_1_, userroles1_.role_id as role_id1_4_3_, user2_.id as user_id2_7_3_, user2_.id as id1_8_0_, user2_.login as login2_8_0_, user2_.password as password3_8_0_, user2_1_.role_id as role_id1_7_0_ from roles role0_ left outer join user_roles userroles1_ on role0_.id=userroles1_.role_id left outer join users user2_ on userroles1_.user_id=user2_.id left outer join user_roles user2_1_ on user2_.id=user2_1_.user_id where role0_.id=?
15:56:18.847 [Test worker] DEBUG o.h.e.l.i.CollectionLoadContext - No collections were found in result set for role: sciConsole.domain.Role.userRoles
15:56:18.848 [Test worker] DEBUG org.hibernate.loader.Loader - Done entity load
15:56:18.848 [Test worker] DEBUG o.h.e.i.AbstractSaveEventListener - Generated identifier: 1, using strategy: org.hibernate.id.Assigned
15:56:18.848 [Test worker] DEBUG org.hibernate.SQL - insert into roles (role, id) values (?, ?)
15:56:18.849 [Test worker] DEBUG org.hibernate.engine.spi.ActionQueue - Executing identity-insert immediately
15:56:18.849 [Test worker] DEBUG org.hibernate.SQL - insert into users (login, password) values (?, ?)
15:56:18.849 [Test worker] DEBUG o.h.id.IdentifierGeneratorHelper - Natively generated identity: 14
15:56:18.849 [Test worker] DEBUG org.hibernate.SQL - insert into user_roles (role_id, user_id) values (?, ?)
15:56:18.850 [Test worker] DEBUG o.s.orm.jpa.JpaTransactionManager - Initiating transaction commit
15:56:18.850 [Test worker] DEBUG o.s.orm.jpa.JpaTransactionManager - Committing JPA transaction on EntityManager [org.hibernate.jpa.internal.EntityManagerImpl@33cca862]
15:56:18.850 [Test worker] DEBUG o.h.e.t.spi.AbstractTransactionImpl - committing
15:56:18.850 [Test worker] DEBUG o.h.e.i.AbstractFlushingEventListener - Processing flush-time cascades
15:56:18.850 [Test worker] DEBUG o.h.e.i.AbstractFlushingEventListener - Dirty checking collections
15:56:18.850 [Test worker] DEBUG o.h.e.i.AbstractFlushingEventListener - Flushed: 0 insertions, 0 updates, 0 deletions to 4 objects
15:56:18.851 [Test worker] DEBUG o.h.e.i.AbstractFlushingEventListener - Flushed: 0 (re)creations, 0 updates, 0 removals to 0 collections
15:56:18.851 [Test worker] DEBUG o.h.internal.util.EntityPrinter - Listing entities:
15:56:18.851 [Test worker] DEBUG o.h.internal.util.EntityPrinter - sciConsole.domain.User{password=$2a$10$sbTqPCC0wB2c4IE5Y5RCdeWLIvtjAKEHFzHluAg7LiqkSdZNujJn2, role=sciConsole.domain.Role#2, id=13, login=Alice}
15:56:18.851 [Test worker] DEBUG o.h.internal.util.EntityPrinter - sciConsole.domain.User{password=$2a$10$UQ/jCMwn14H5VdHO4or0L.xvlGoplsSsRXHjXdbYij9UEArHJzsE2, role=sciConsole.domain.Role#1, id=14, login=Bob}
15:56:18.851 [Test worker] DEBUG o.h.internal.util.EntityPrinter - sciConsole.domain.Role{userRoles=null, role=MANAGER, id=1}
15:56:18.851 [Test worker] DEBUG o.h.internal.util.EntityPrinter - sciConsole.domain.Role{userRoles=null, role=DEVELOPER, id=2}
15:56:18.853 [Test worker] DEBUG o.h.e.t.i.jdbc.JdbcTransaction - committed JDBC Connection
15:56:18.853 [Test worker] DEBUG o.h.e.t.i.jdbc.JdbcTransaction - re-enabling autocommit
15:56:18.854 [Test worker] DEBUG o.s.orm.jpa.JpaTransactionManager - Closing JPA EntityManager [org.hibernate.jpa.internal.EntityManagerImpl@33cca862] after transaction
15:56:18.854 [Test worker] DEBUG o.s.o.jpa.EntityManagerFactoryUtils - Closing JPA EntityManager
15:56:18.854 [Test worker] DEBUG o.h.e.j.internal.JdbcCoordinatorImpl - HHH000420: Closing un-released batch
15:56:18.854 [Test worker] DEBUG o.h.e.j.i.LogicalConnectionImpl - Releasing JDBC connection
15:56:18.854 [Test worker] DEBUG o.h.e.j.i.LogicalConnectionImpl - Released JDBC connection
15:56:18.854 [Test worker] DEBUG o.s.orm.jpa.JpaTransactionManager - Creating new transaction with name [org.springframework.data.jpa.repository.support.SimpleJpaRepository.save]: PROPAGATION_REQUIRED,ISOLATION_DEFAULT; ''
15:56:18.854 [Test worker] DEBUG o.s.orm.jpa.JpaTransactionManager - Opened new EntityManager [org.hibernate.jpa.internal.EntityManagerImpl@55ee31bf] for JPA transaction
15:56:18.855 [Test worker] DEBUG o.h.e.t.spi.AbstractTransactionImpl - begin
15:56:18.855 [Test worker] DEBUG o.h.e.j.i.LogicalConnectionImpl - Obtaining JDBC connection
15:56:18.855 [Test worker] DEBUG o.s.j.d.DriverManagerDataSource - Creating new JDBC DriverManager Connection to [jdbc:mysql://127.0.0.1:3306/wrp3]
15:56:18.859 [Test worker] DEBUG o.h.e.j.i.LogicalConnectionImpl - Obtained JDBC connection
15:56:18.859 [Test worker] DEBUG o.h.e.t.i.jdbc.JdbcTransaction - initial autocommit status: true
15:56:18.859 [Test worker] DEBUG o.h.e.t.i.jdbc.JdbcTransaction - disabling autocommit
15:56:18.859 [Test worker] DEBUG o.s.orm.jpa.JpaTransactionManager - Exposing JPA transaction as JDBC transaction [org.springframework.orm.jpa.vendor.HibernateJpaDialect$HibernateConnectionHandle@5dc1c4bc]
15:56:18.859 [Test worker] DEBUG org.hibernate.loader.Loader - Loading entity: [sciConsole.domain.Role#1]
15:56:18.859 [Test worker] DEBUG org.hibernate.SQL - select role0_.id as id1_4_1_, role0_.role as role2_4_1_, userroles1_.role_id as role_id1_4_3_, user2_.id as user_id2_7_3_, user2_.id as id1_8_0_, user2_.login as login2_8_0_, user2_.password as password3_8_0_, user2_1_.role_id as role_id1_7_0_ from roles role0_ left outer join user_roles userroles1_ on role0_.id=userroles1_.role_id left outer join users user2_ on userroles1_.user_id=user2_.id left outer join user_roles user2_1_ on user2_.id=user2_1_.user_id where role0_.id=?
15:56:18.860 [Test worker] DEBUG org.hibernate.loader.Loader - Result set row: 0
15:56:18.860 [Test worker] DEBUG org.hibernate.loader.Loader - Result row: EntityKey[sciConsole.domain.User#14], EntityKey[sciConsole.domain.Role#1]
15:56:18.860 [Test worker] DEBUG org.hibernate.loader.Loader - Found row of collection: [sciConsole.domain.Role.userRoles#1]
15:56:18.861 [Test worker] DEBUG o.h.engine.internal.TwoPhaseLoad - Resolving associations for [sciConsole.domain.User#14]
15:56:18.861 [Test worker] DEBUG o.h.engine.internal.TwoPhaseLoad - Done materializing entity [sciConsole.domain.User#14]
15:56:18.861 [Test worker] DEBUG o.h.engine.internal.TwoPhaseLoad - Resolving associations for [sciConsole.domain.Role#1]
15:56:18.861 [Test worker] DEBUG o.h.engine.internal.TwoPhaseLoad - Done materializing entity [sciConsole.domain.Role#1]
15:56:18.861 [Test worker] DEBUG o.h.e.l.i.CollectionLoadContext - 1 collections were found in result set for role: sciConsole.domain.Role.userRoles
15:56:18.861 [Test worker] DEBUG o.h.e.l.i.CollectionLoadContext - Collection fully initialized: [sciConsole.domain.Role.userRoles#1]
15:56:18.861 [Test worker] DEBUG o.h.e.l.i.CollectionLoadContext - 1 collections initialized for role: sciConsole.domain.Role.userRoles
15:56:18.861 [Test worker] DEBUG org.hibernate.loader.Loader - Done entity load
15:56:18.862 [Test worker] DEBUG org.hibernate.loader.Loader - Loading entity: [sciConsole.domain.Role#2]
15:56:18.862 [Test worker] DEBUG org.hibernate.SQL - select role0_.id as id1_4_1_, role0_.role as role2_4_1_, userroles1_.role_id as role_id1_4_3_, user2_.id as user_id2_7_3_, user2_.id as id1_8_0_, user2_.login as login2_8_0_, user2_.password as password3_8_0_, user2_1_.role_id as role_id1_7_0_ from roles role0_ left outer join user_roles userroles1_ on role0_.id=userroles1_.role_id left outer join users user2_ on userroles1_.user_id=user2_.id left outer join user_roles user2_1_ on user2_.id=user2_1_.user_id where role0_.id=?
15:56:18.862 [Test worker] DEBUG org.hibernate.loader.Loader - Result set row: 0
15:56:18.863 [Test worker] DEBUG org.hibernate.loader.Loader - Result row: EntityKey[sciConsole.domain.User#13], EntityKey[sciConsole.domain.Role#2]
15:56:18.863 [Test worker] DEBUG org.hibernate.loader.Loader - Found row of collection: [sciConsole.domain.Role.userRoles#2]
15:56:18.863 [Test worker] DEBUG o.h.engine.internal.TwoPhaseLoad - Resolving associations for [sciConsole.domain.User#13]
15:56:18.863 [Test worker] DEBUG o.h.engine.internal.TwoPhaseLoad - Done materializing entity [sciConsole.domain.User#13]
15:56:18.863 [Test worker] DEBUG o.h.engine.internal.TwoPhaseLoad - Resolving associations for [sciConsole.domain.Role#2]
15:56:18.863 [Test worker] DEBUG o.h.engine.internal.TwoPhaseLoad - Done materializing entity [sciConsole.domain.Role#2]
15:56:18.863 [Test worker] DEBUG o.h.e.l.i.CollectionLoadContext - 1 collections were found in result set for role: sciConsole.domain.Role.userRoles
15:56:18.863 [Test worker] DEBUG o.h.e.l.i.CollectionLoadContext - Collection fully initialized: [sciConsole.domain.Role.userRoles#2]
15:56:18.863 [Test worker] DEBUG o.h.e.l.i.CollectionLoadContext - 1 collections initialized for role: sciConsole.domain.Role.userRoles
15:56:18.864 [Test worker] DEBUG org.hibernate.loader.Loader - Done entity load
15:56:18.864 [Test worker] DEBUG o.s.orm.jpa.JpaTransactionManager - Initiating transaction commit
15:56:18.864 [Test worker] DEBUG o.s.orm.jpa.JpaTransactionManager - Committing JPA transaction on EntityManager [org.hibernate.jpa.internal.EntityManagerImpl@55ee31bf]
15:56:18.864 [Test worker] DEBUG o.h.e.t.spi.AbstractTransactionImpl - committing
15:56:18.864 [Test worker] DEBUG o.h.e.i.AbstractFlushingEventListener - Processing flush-time cascades
15:56:18.864 [Test worker] DEBUG o.h.e.i.AbstractFlushingEventListener - Dirty checking collections
15:56:18.864 [Test worker] DEBUG o.h.engine.internal.Collections - Collection found: [sciConsole.domain.Role.userRoles#1], was: [sciConsole.domain.Role.userRoles#1] (initialized)
15:56:18.865 [Test worker] DEBUG o.h.engine.internal.Collections - Collection found: [sciConsole.domain.Role.userRoles#2], was: [sciConsole.domain.Role.userRoles#2] (initialized)
15:56:18.865 [Test worker] DEBUG o.h.e.i.AbstractFlushingEventListener - Flushed: 0 insertions, 0 updates, 0 deletions to 4 objects
15:56:18.865 [Test worker] DEBUG o.h.e.i.AbstractFlushingEventListener - Flushed: 0 (re)creations, 0 updates, 0 removals to 2 collections
15:56:18.865 [Test worker] DEBUG o.h.internal.util.EntityPrinter - Listing entities:
15:56:18.865 [Test worker] DEBUG o.h.internal.util.EntityPrinter - sciConsole.domain.User{password=$2a$10$sbTqPCC0wB2c4IE5Y5RCdeWLIvtjAKEHFzHluAg7LiqkSdZNujJn2, role=sciConsole.domain.Role#2, id=13, login=Alice}
15:56:18.865 [Test worker] DEBUG o.h.internal.util.EntityPrinter - sciConsole.domain.User{password=$2a$10$UQ/jCMwn14H5VdHO4or0L.xvlGoplsSsRXHjXdbYij9UEArHJzsE2, role=sciConsole.domain.Role#1, id=14, login=Bob}
15:56:18.865 [Test worker] DEBUG o.h.internal.util.EntityPrinter - sciConsole.domain.Role{userRoles=[sciConsole.domain.User#14], role=MANAGER, id=1}
15:56:18.865 [Test worker] DEBUG o.h.internal.util.EntityPrinter - sciConsole.domain.Role{userRoles=[sciConsole.domain.User#13], role=DEVELOPER, id=2}
15:56:18.865 [Test worker] DEBUG o.h.e.t.i.jdbc.JdbcTransaction - committed JDBC Connection
15:56:18.865 [Test worker] DEBUG o.h.e.t.i.jdbc.JdbcTransaction - re-enabling autocommit
15:56:18.865 [Test worker] DEBUG o.s.orm.jpa.JpaTransactionManager - Closing JPA EntityManager [org.hibernate.jpa.internal.EntityManagerImpl@55ee31bf] after transaction
15:56:18.865 [Test worker] DEBUG o.s.o.jpa.EntityManagerFactoryUtils - Closing JPA EntityManager
15:56:18.865 [Test worker] DEBUG o.h.e.j.i.LogicalConnectionImpl - Releasing JDBC connection
15:56:18.866 [Test worker] DEBUG o.h.e.j.i.LogicalConnectionImpl - Released JDBC connection
15:56:18.866 [Test worker] DEBUG o.s.t.c.s.AbstractDirtiesContextTestExecutionListener - After test class: context [DefaultTestContext@41fb1c6f testClass = CompleteChangeRequestStepDefs, testInstance = [null], testMethod = [null], testException = [null], mergedContextConfiguration = [WebMergedContextConfiguration@2741f576 testClass = CompleteChangeRequestStepDefs, locations = '{}', classes = '{class sciConsole.SciConsoleApplication, class sciConsole.controller.SessionController, class sciConsole.controller.AccountController, class sciConsole.controller.ChangeRequestController, class sciConsole.SecurityConfig, class sciConsole.WebConfig}', contextInitializerClasses = '[]', activeProfiles = '{}', propertySourceLocations = '{}', propertySourceProperties = '{}', resourceBasePath = 'src/main/webapp', contextLoader = 'org.springframework.test.context.web.WebDelegatingSmartContextLoader', parent = [null]]], class annotated with @DirtiesContext [false] with mode [null].
15:56:18.925 [Test worker] DEBUG o.s.b.f.s.DefaultListableBeanFactory - Returning cached instance of singleton bean 'springSecurityFilterChain'
15:56:18.925 [Test worker] DEBUG o.s.test.util.ReflectionTestUtils - Invoking method 'getFilters' on target [FilterChainProxy[Filter Chains: [[ org.springframework.security.web.util.matcher.AnyRequestMatcher@1, [org.springframework.security.web.access.channel.ChannelProcessingFilter@2ad101f0, org.springframework.security.web.context.request.async.WebAsyncManagerIntegrationFilter@7a1601ea, org.springframework.security.web.context.SecurityContextPersistenceFilter@1ed920ed, org.springframework.security.web.header.HeaderWriterFilter@54d81890, org.springframework.security.web.csrf.CsrfFilter@3a7f45ac, org.springframework.security.web.authentication.logout.LogoutFilter@53f60b35, org.springframework.security.web.authentication.UsernamePasswordAuthenticationFilter@7d51c9ea, org.springframework.security.web.savedrequest.RequestCacheAwareFilter@42c2e682, org.springframework.security.web.servletapi.SecurityContextHolderAwareRequestFilter@3524fe79, org.springframework.security.web.authentication.AnonymousAuthenticationFilter@56b23bee, org.springframework.security.web.session.SessionManagementFilter@7785c534, org.springframework.security.web.access.ExceptionTranslationFilter@5ac7316e, org.springframework.security.web.access.intercept.FilterSecurityInterceptor@879e25e]]]]] with arguments [{org.springframework.mock.web.MockHttpServletRequest@48fb6924}]
15:56:18.925 [Test worker] DEBUG o.s.test.util.ReflectionTestUtils - Getting field 'repo' from target object [org.springframework.security.web.context.SecurityContextPersistenceFilter@1ed920ed] or target class [class org.springframework.security.web.context.SecurityContextPersistenceFilter]
15:56:18.925 [Test worker] DEBUG o.s.s.w.c.HttpSessionSecurityContextRepository - No HttpSession currently exists
15:56:18.925 [Test worker] DEBUG o.s.s.w.c.HttpSessionSecurityContextRepository - No SecurityContext was available from the HttpSession: null. A new one will be created.
15:56:18.925 [Test worker] DEBUG o.s.s.w.c.HttpSessionSecurityContextRepository - HttpSession being created as SecurityContext is non-default
15:56:18.925 [Test worker] DEBUG o.s.s.w.c.HttpSessionSecurityContextRepository - SecurityContext 'org.springframework.security.core.context.SecurityContextImpl@2e926772: Authentication: org.springframework.security.authentication.UsernamePasswordAuthenticationToken@2e926772: Principal: Alice; Credentials: [PROTECTED]; Authenticated: true; Details: null; Granted Authorities: ROLE_DEVELOPER' stored to HttpSession: 'org.springframework.mock.web.MockHttpSession@7653255e
15:56:18.925 [Test worker] DEBUG o.s.security.web.FilterChainProxy - /login-form at position 1 of 13 in additional filter chain; firing Filter: 'ChannelProcessingFilter'
15:56:18.925 [Test worker] DEBUG o.s.s.w.a.c.ChannelProcessingFilter - Request: FilterInvocation: URL: /login-form; ConfigAttributes: [REQUIRES_SECURE_CHANNEL]
15:56:18.925 [Test worker] DEBUG o.s.s.w.a.c.RetryWithHttpsEntryPoint - Redirecting to: https://localhost/login-form
15:56:18.925 [Test worker] DEBUG o.s.s.web.DefaultRedirectStrategy - Redirecting to 'https://localhost/login-form'
15:56:18.927 [Test worker] DEBUG o.s.orm.jpa.JpaTransactionManager - Creating new transaction with name [org.springframework.data.jpa.repository.support.SimpleJpaRepository.deleteAll]: PROPAGATION_REQUIRED,ISOLATION_DEFAULT; ''
15:56:18.928 [Test worker] DEBUG o.s.orm.jpa.JpaTransactionManager - Opened new EntityManager [org.hibernate.jpa.internal.EntityManagerImpl@10e92ed3] for JPA transaction
15:56:18.928 [Test worker] DEBUG o.h.e.t.spi.AbstractTransactionImpl - begin
15:56:18.928 [Test worker] DEBUG o.h.e.j.i.LogicalConnectionImpl - Obtaining JDBC connection
15:56:18.928 [Test worker] DEBUG o.s.j.d.DriverManagerDataSource - Creating new JDBC DriverManager Connection to [jdbc:mysql://127.0.0.1:3306/wrp3]
15:56:18.931 [Test worker] DEBUG o.h.e.j.i.LogicalConnectionImpl - Obtained JDBC connection
15:56:18.931 [Test worker] DEBUG o.h.e.t.i.jdbc.JdbcTransaction - initial autocommit status: true
15:56:18.931 [Test worker] DEBUG o.h.e.t.i.jdbc.JdbcTransaction - disabling autocommit
15:56:18.932 [Test worker] DEBUG o.s.orm.jpa.JpaTransactionManager - Exposing JPA transaction as JDBC transaction [org.springframework.orm.jpa.vendor.HibernateJpaDialect$HibernateConnectionHandle@920814f]
15:56:18.932 [Test worker] DEBUG o.h.jpa.criteria.CriteriaQueryImpl - Rendered criteria query -> select generatedAlias0 from Request as generatedAlias0
15:56:18.932 [Test worker] DEBUG org.hibernate.SQL - select request0_.request_id as request_1_3_, request0_.assign_to as assign_t2_3_, request0_.created_by as created_3_3_, request0_.date_created as date_cre4_3_, request0_.date_complete as date_com5_3_, request0_.due_date as due_date6_3_, request0_.priority as priority7_3_, request0_.reject_reason as reject_r8_3_, request0_.req_desc as req_desc9_3_, request0_.req_solution as req_sol10_3_, request0_.sci_id as sci_id11_3_, request0_.status as status12_3_, request0_.assigned_to as assigne13_3_, request0_.version_id as version14_3_ from request request0_
15:56:18.933 [Test worker] DEBUG o.s.orm.jpa.JpaTransactionManager - Initiating transaction commit
15:56:18.933 [Test worker] DEBUG o.s.orm.jpa.JpaTransactionManager - Committing JPA transaction on EntityManager [org.hibernate.jpa.internal.EntityManagerImpl@10e92ed3]
15:56:18.933 [Test worker] DEBUG o.h.e.t.spi.AbstractTransactionImpl - committing
15:56:18.933 [Test worker] DEBUG o.h.e.t.i.jdbc.JdbcTransaction - committed JDBC Connection
15:56:18.933 [Test worker] DEBUG o.h.e.t.i.jdbc.JdbcTransaction - re-enabling autocommit
15:56:18.933 [Test worker] DEBUG o.s.orm.jpa.JpaTransactionManager - Closing JPA EntityManager [org.hibernate.jpa.internal.EntityManagerImpl@10e92ed3] after transaction
15:56:18.933 [Test worker] DEBUG o.s.o.jpa.EntityManagerFactoryUtils - Closing JPA EntityManager
15:56:18.933 [Test worker] DEBUG o.h.e.j.i.LogicalConnectionImpl - Releasing JDBC connection
15:56:18.934 [Test worker] DEBUG o.h.e.j.i.LogicalConnectionImpl - Released JDBC connection
15:56:18.934 [Test worker] DEBUG o.s.orm.jpa.JpaTransactionManager - Creating new transaction with name [org.springframework.data.jpa.repository.support.SimpleJpaRepository.save]: PROPAGATION_REQUIRED,ISOLATION_DEFAULT; ''
15:56:18.934 [Test worker] DEBUG o.s.orm.jpa.JpaTransactionManager - Opened new EntityManager [org.hibernate.jpa.internal.EntityManagerImpl@4260f305] for JPA transaction
15:56:18.934 [Test worker] DEBUG o.h.e.t.spi.AbstractTransactionImpl - begin
15:56:18.934 [Test worker] DEBUG o.h.e.j.i.LogicalConnectionImpl - Obtaining JDBC connection
15:56:18.934 [Test worker] DEBUG o.s.j.d.DriverManagerDataSource - Creating new JDBC DriverManager Connection to [jdbc:mysql://127.0.0.1:3306/wrp3]
15:56:18.938 [Test worker] DEBUG o.h.e.j.i.LogicalConnectionImpl - Obtained JDBC connection
15:56:18.938 [Test worker] DEBUG o.h.e.t.i.jdbc.JdbcTransaction - initial autocommit status: true
15:56:18.938 [Test worker] DEBUG o.h.e.t.i.jdbc.JdbcTransaction - disabling autocommit
15:56:18.938 [Test worker] DEBUG o.s.orm.jpa.JpaTransactionManager - Exposing JPA transaction as JDBC transaction [org.springframework.orm.jpa.vendor.HibernateJpaDialect$HibernateConnectionHandle@394444bb]
15:56:18.938 [Test worker] DEBUG o.s.orm.jpa.JpaTransactionManager - Initiating transaction commit
15:56:18.938 [Test worker] DEBUG o.s.orm.jpa.JpaTransactionManager - Committing JPA transaction on EntityManager [org.hibernate.jpa.internal.EntityManagerImpl@4260f305]
15:56:18.938 [Test worker] DEBUG o.h.e.t.spi.AbstractTransactionImpl - committing
15:56:18.939 [Test worker] DEBUG o.h.e.t.i.jdbc.JdbcTransaction - committed JDBC Connection
15:56:18.939 [Test worker] DEBUG o.h.e.t.i.jdbc.JdbcTransaction - re-enabling autocommit
15:56:18.939 [Test worker] DEBUG o.s.orm.jpa.JpaTransactionManager - Closing JPA EntityManager [org.hibernate.jpa.internal.EntityManagerImpl@4260f305] after transaction
15:56:18.939 [Test worker] DEBUG o.s.o.jpa.EntityManagerFactoryUtils - Closing JPA EntityManager
15:56:18.939 [Test worker] DEBUG o.h.e.j.i.LogicalConnectionImpl - Releasing JDBC connection
15:56:18.939 [Test worker] DEBUG o.h.e.j.i.LogicalConnectionImpl - Released JDBC connection
15:56:18.940 [Test worker] DEBUG o.s.orm.jpa.JpaTransactionManager - Creating new transaction with name [org.springframework.data.jpa.repository.support.SimpleJpaRepository.deleteAll]: PROPAGATION_REQUIRED,ISOLATION_DEFAULT; ''
15:56:18.940 [Test worker] DEBUG o.s.orm.jpa.JpaTransactionManager - Opened new EntityManager [org.hibernate.jpa.internal.EntityManagerImpl@3f81af90] for JPA transaction
15:56:18.940 [Test worker] DEBUG o.h.e.t.spi.AbstractTransactionImpl - begin
15:56:18.940 [Test worker] DEBUG o.h.e.j.i.LogicalConnectionImpl - Obtaining JDBC connection
15:56:18.940 [Test worker] DEBUG o.s.j.d.DriverManagerDataSource - Creating new JDBC DriverManager Connection to [jdbc:mysql://127.0.0.1:3306/wrp3]
15:56:18.944 [Test worker] DEBUG o.h.e.j.i.LogicalConnectionImpl - Obtained JDBC connection
15:56:18.944 [Test worker] DEBUG o.h.e.t.i.jdbc.JdbcTransaction - initial autocommit status: true
15:56:18.944 [Test worker] DEBUG o.h.e.t.i.jdbc.JdbcTransaction - disabling autocommit
15:56:18.944 [Test worker] DEBUG o.s.orm.jpa.JpaTransactionManager - Exposing JPA transaction as JDBC transaction [org.springframework.orm.jpa.vendor.HibernateJpaDialect$HibernateConnectionHandle@4ea5ab2]
15:56:18.944 [Test worker] DEBUG o.h.jpa.criteria.CriteriaQueryImpl - Rendered criteria query -> select generatedAlias0 from Request as generatedAlias0
15:56:18.945 [Test worker] DEBUG org.hibernate.SQL - select request0_.request_id as request_1_3_, request0_.assign_to as assign_t2_3_, request0_.created_by as created_3_3_, request0_.date_created as date_cre4_3_, request0_.date_complete as date_com5_3_, request0_.due_date as due_date6_3_, request0_.priority as priority7_3_, request0_.reject_reason as reject_r8_3_, request0_.req_desc as req_desc9_3_, request0_.req_solution as req_sol10_3_, request0_.sci_id as sci_id11_3_, request0_.status as status12_3_, request0_.assigned_to as assigne13_3_, request0_.version_id as version14_3_ from request request0_
15:56:18.945 [Test worker] DEBUG o.s.orm.jpa.JpaTransactionManager - Initiating transaction commit
15:56:18.945 [Test worker] DEBUG o.s.orm.jpa.JpaTransactionManager - Committing JPA transaction on EntityManager [org.hibernate.jpa.internal.EntityManagerImpl@3f81af90]
15:56:18.946 [Test worker] DEBUG o.h.e.t.spi.AbstractTransactionImpl - committing
15:56:18.946 [Test worker] DEBUG o.h.e.t.i.jdbc.JdbcTransaction - committed JDBC Connection
15:56:18.946 [Test worker] DEBUG o.h.e.t.i.jdbc.JdbcTransaction - re-enabling autocommit
15:56:18.946 [Test worker] DEBUG o.s.orm.jpa.JpaTransactionManager - Closing JPA EntityManager [org.hibernate.jpa.internal.EntityManagerImpl@3f81af90] after transaction
15:56:18.946 [Test worker] DEBUG o.s.o.jpa.EntityManagerFactoryUtils - Closing JPA EntityManager
15:56:18.946 [Test worker] DEBUG o.h.e.j.i.LogicalConnectionImpl - Releasing JDBC connection
15:56:18.946 [Test worker] DEBUG o.h.e.j.i.LogicalConnectionImpl - Released JDBC connection
15:56:18.946 [Test worker] DEBUG o.s.orm.jpa.JpaTransactionManager - Creating new transaction with name [org.springframework.data.jpa.repository.support.SimpleJpaRepository.save]: PROPAGATION_REQUIRED,ISOLATION_DEFAULT; ''
15:56:18.947 [Test worker] DEBUG o.s.orm.jpa.JpaTransactionManager - Opened new EntityManager [org.hibernate.jpa.internal.EntityManagerImpl@3c11be07] for JPA transaction
15:56:18.947 [Test worker] DEBUG o.h.e.t.spi.AbstractTransactionImpl - begin
15:56:18.947 [Test worker] DEBUG o.h.e.j.i.LogicalConnectionImpl - Obtaining JDBC connection
15:56:18.947 [Test worker] DEBUG o.s.j.d.DriverManagerDataSource - Creating new JDBC DriverManager Connection to [jdbc:mysql://127.0.0.1:3306/wrp3]
15:56:18.951 [Test worker] DEBUG o.h.e.j.i.LogicalConnectionImpl - Obtained JDBC connection
15:56:18.951 [Test worker] DEBUG o.h.e.t.i.jdbc.JdbcTransaction - initial autocommit status: true
15:56:18.951 [Test worker] DEBUG o.h.e.t.i.jdbc.JdbcTransaction - disabling autocommit
15:56:18.951 [Test worker] DEBUG o.s.orm.jpa.JpaTransactionManager - Exposing JPA transaction as JDBC transaction [org.springframework.orm.jpa.vendor.HibernateJpaDialect$HibernateConnectionHandle@5ccfa8dd]
15:56:18.951 [Test worker] DEBUG o.s.orm.jpa.JpaTransactionManager - Initiating transaction commit
15:56:18.951 [Test worker] DEBUG o.s.orm.jpa.JpaTransactionManager - Committing JPA transaction on EntityManager [org.hibernate.jpa.internal.EntityManagerImpl@3c11be07]
15:56:18.951 [Test worker] DEBUG o.h.e.t.spi.AbstractTransactionImpl - committing
15:56:18.952 [Test worker] DEBUG o.h.e.t.i.jdbc.JdbcTransaction - committed JDBC Connection
15:56:18.952 [Test worker] DEBUG o.h.e.t.i.jdbc.JdbcTransaction - re-enabling autocommit
15:56:18.952 [Test worker] DEBUG o.s.orm.jpa.JpaTransactionManager - Closing JPA EntityManager [org.hibernate.jpa.internal.EntityManagerImpl@3c11be07] after transaction
15:56:18.952 [Test worker] DEBUG o.s.o.jpa.EntityManagerFactoryUtils - Closing JPA EntityManager
15:56:18.952 [Test worker] DEBUG o.h.e.j.i.LogicalConnectionImpl - Releasing JDBC connection
15:56:18.952 [Test worker] DEBUG o.h.e.j.i.LogicalConnectionImpl - Released JDBC connection
15:56:18.953 [Test worker] DEBUG o.s.orm.jpa.JpaTransactionManager - Creating new transaction with name [org.springframework.data.jpa.repository.support.SimpleJpaRepository.deleteAll]: PROPAGATION_REQUIRED,ISOLATION_DEFAULT; ''
15:56:18.953 [Test worker] DEBUG o.s.orm.jpa.JpaTransactionManager - Opened new EntityManager [org.hibernate.jpa.internal.EntityManagerImpl@2498c4d6] for JPA transaction
15:56:18.953 [Test worker] DEBUG o.h.e.t.spi.AbstractTransactionImpl - begin
15:56:18.953 [Test worker] DEBUG o.h.e.j.i.LogicalConnectionImpl - Obtaining JDBC connection
15:56:18.953 [Test worker] DEBUG o.s.j.d.DriverManagerDataSource - Creating new JDBC DriverManager Connection to [jdbc:mysql://127.0.0.1:3306/wrp3]
15:56:18.957 [Test worker] DEBUG o.h.e.j.i.LogicalConnectionImpl - Obtained JDBC connection
15:56:18.957 [Test worker] DEBUG o.h.e.t.i.jdbc.JdbcTransaction - initial autocommit status: true
15:56:18.957 [Test worker] DEBUG o.h.e.t.i.jdbc.JdbcTransaction - disabling autocommit
15:56:18.957 [Test worker] DEBUG o.s.orm.jpa.JpaTransactionManager - Exposing JPA transaction as JDBC transaction [org.springframework.orm.jpa.vendor.HibernateJpaDialect$HibernateConnectionHandle@f6b304d]
15:56:18.958 [Test worker] DEBUG o.h.jpa.criteria.CriteriaQueryImpl - Rendered criteria query -> select generatedAlias0 from User as generatedAlias0
15:56:18.958 [Test worker] DEBUG org.hibernate.SQL - select user0_.id as id1_8_, user0_.login as login2_8_, user0_.password as password3_8_, user0_1_.role_id as role_id1_7_ from users user0_ left outer join user_roles user0_1_ on user0_.id=user0_1_.user_id
15:56:18.959 [Test worker] DEBUG org.hibernate.loader.Loader - Result set row: 0
15:56:18.959 [Test worker] DEBUG org.hibernate.loader.Loader - Result row: EntityKey[sciConsole.domain.User#13]
15:56:18.959 [Test worker] DEBUG org.hibernate.loader.Loader - Result set row: 1
15:56:18.959 [Test worker] DEBUG org.hibernate.loader.Loader - Result row: EntityKey[sciConsole.domain.User#14]
15:56:18.959 [Test worker] DEBUG o.h.engine.internal.TwoPhaseLoad - Resolving associations for [sciConsole.domain.User#13]
15:56:18.959 [Test worker] DEBUG org.hibernate.SQL - select role0_.id as id1_4_0_, role0_.role as role2_4_0_ from roles role0_ where role0_.id=?
15:56:18.960 [Test worker] DEBUG o.h.l.p.e.p.i.ResultSetProcessorImpl - Starting ResultSet row #0
15:56:18.960 [Test worker] DEBUG o.h.l.p.e.p.i.EntityReferenceInitializerImpl - On call to EntityIdentifierReaderImpl#resolve, EntityKey was already known; should only happen on root returns with an optional identifier specified
15:56:18.960 [Test worker] DEBUG o.h.engine.internal.TwoPhaseLoad - Resolving associations for [sciConsole.domain.Role#2]
15:56:18.960 [Test worker] DEBUG o.h.engine.internal.TwoPhaseLoad - Done materializing entity [sciConsole.domain.Role#2]
15:56:18.961 [Test worker] DEBUG o.h.l.e.p.AbstractLoadPlanBasedEntityLoader - Done entity load : sciConsole.domain.Role#2
15:56:18.961 [Test worker] DEBUG o.h.engine.internal.TwoPhaseLoad - Done materializing entity [sciConsole.domain.User#13]
15:56:18.961 [Test worker] DEBUG o.h.engine.internal.TwoPhaseLoad - Resolving associations for [sciConsole.domain.User#14]
15:56:18.961 [Test worker] DEBUG org.hibernate.SQL - select role0_.id as id1_4_0_, role0_.role as role2_4_0_ from roles role0_ where role0_.id=?
15:56:18.962 [Test worker] DEBUG o.h.l.p.e.p.i.ResultSetProcessorImpl - Starting ResultSet row #0
15:56:18.962 [Test worker] DEBUG o.h.l.p.e.p.i.EntityReferenceInitializerImpl - On call to EntityIdentifierReaderImpl#resolve, EntityKey was already known; should only happen on root returns with an optional identifier specified
15:56:18.962 [Test worker] DEBUG o.h.engine.internal.TwoPhaseLoad - Resolving associations for [sciConsole.domain.Role#1]
15:56:18.962 [Test worker] DEBUG o.h.engine.internal.TwoPhaseLoad - Done materializing entity [sciConsole.domain.Role#1]
15:56:18.962 [Test worker] DEBUG o.h.l.e.p.AbstractLoadPlanBasedEntityLoader - Done entity load : sciConsole.domain.Role#1
15:56:18.962 [Test worker] DEBUG o.h.engine.internal.TwoPhaseLoad - Done materializing entity [sciConsole.domain.User#14]
15:56:18.963 [Test worker] DEBUG o.h.l.c.p.AbstractLoadPlanBasedCollectionInitializer - Loading collection: [sciConsole.domain.Role.userRoles#2]
15:56:18.963 [Test worker] DEBUG org.hibernate.SQL - select userroles0_.role_id as role_id1_4_0_, userroles0_.user_id as user_id2_7_0_, user1_.id as id1_8_1_, user1_.login as login2_8_1_, user1_.password as password3_8_1_, user1_1_.role_id as role_id1_7_1_ from user_roles userroles0_ inner join users user1_ on userroles0_.user_id=user1_.id left outer join user_roles user1_1_ on user1_.id=user1_1_.user_id where userroles0_.role_id=?
15:56:18.964 [Test worker] DEBUG o.h.l.p.e.p.i.ResultSetProcessorImpl - Preparing collection intializer : [sciConsole.domain.Role.userRoles#2]
15:56:18.964 [Test worker] DEBUG o.h.l.p.e.p.i.ResultSetProcessorImpl - Starting ResultSet row #0
15:56:18.964 [Test worker] DEBUG o.h.l.p.e.p.i.CollectionReferenceInitializerImpl - Found row of collection: [sciConsole.domain.Role.userRoles#2]
15:56:18.964 [Test worker] DEBUG o.h.e.l.i.CollectionLoadContext - 1 collections were found in result set for role: sciConsole.domain.Role.userRoles
15:56:18.964 [Test worker] DEBUG o.h.e.l.i.CollectionLoadContext - Collection fully initialized: [sciConsole.domain.Role.userRoles#2]
15:56:18.964 [Test worker] DEBUG o.h.e.l.i.CollectionLoadContext - 1 collections initialized for role: sciConsole.domain.Role.userRoles
15:56:18.965 [Test worker] DEBUG o.h.l.c.p.AbstractLoadPlanBasedCollectionInitializer - Done loading collection
15:56:18.965 [Test worker] DEBUG o.h.l.c.p.AbstractLoadPlanBasedCollectionInitializer - Loading collection: [sciConsole.domain.Role.userRoles#1]
15:56:18.965 [Test worker] DEBUG org.hibernate.SQL - select userroles0_.role_id as role_id1_4_0_, userroles0_.user_id as user_id2_7_0_, user1_.id as id1_8_1_, user1_.login as login2_8_1_, user1_.password as password3_8_1_, user1_1_.role_id as role_id1_7_1_ from user_roles userroles0_ inner join users user1_ on userroles0_.user_id=user1_.id left outer join user_roles user1_1_ on user1_.id=user1_1_.user_id where userroles0_.role_id=?
15:56:18.965 [Test worker] DEBUG o.h.l.p.e.p.i.ResultSetProcessorImpl - Preparing collection intializer : [sciConsole.domain.Role.userRoles#1]
15:56:18.966 [Test worker] DEBUG o.h.l.p.e.p.i.ResultSetProcessorImpl - Starting ResultSet row #0
15:56:18.966 [Test worker] DEBUG o.h.l.p.e.p.i.CollectionReferenceInitializerImpl - Found row of collection: [sciConsole.domain.Role.userRoles#1]
15:56:18.966 [Test worker] DEBUG o.h.e.l.i.CollectionLoadContext - 1 collections were found in result set for role: sciConsole.domain.Role.userRoles
15:56:18.966 [Test worker] DEBUG o.h.e.l.i.CollectionLoadContext - Collection fully initialized: [sciConsole.domain.Role.userRoles#1]
15:56:18.966 [Test worker] DEBUG o.h.e.l.i.CollectionLoadContext - 1 collections initialized for role: sciConsole.domain.Role.userRoles
15:56:18.966 [Test worker] DEBUG o.h.l.c.p.AbstractLoadPlanBasedCollectionInitializer - Done loading collection
15:56:18.966 [Test worker] DEBUG o.s.orm.jpa.JpaTransactionManager - Initiating transaction commit
15:56:18.966 [Test worker] DEBUG o.s.orm.jpa.JpaTransactionManager - Committing JPA transaction on EntityManager [org.hibernate.jpa.internal.EntityManagerImpl@2498c4d6]
15:56:18.966 [Test worker] DEBUG o.h.e.t.spi.AbstractTransactionImpl - committing
15:56:18.966 [Test worker] DEBUG o.h.e.i.AbstractFlushingEventListener - Processing flush-time cascades
15:56:18.966 [Test worker] DEBUG o.h.e.i.AbstractFlushingEventListener - Dirty checking collections
15:56:18.967 [Test worker] DEBUG o.h.engine.internal.Collections - Collection dereferenced: [sciConsole.domain.Role.userRoles#2]
15:56:18.967 [Test worker] DEBUG o.h.engine.internal.Collections - Collection dereferenced: [sciConsole.domain.Role.userRoles#1]
15:56:18.967 [Test worker] DEBUG o.h.e.i.AbstractFlushingEventListener - Flushed: 0 insertions, 0 updates, 4 deletions to 4 objects
15:56:18.967 [Test worker] DEBUG o.h.e.i.AbstractFlushingEventListener - Flushed: 0 (re)creations, 0 updates, 2 removals to 2 collections
15:56:18.967 [Test worker] DEBUG o.h.internal.util.EntityPrinter - Listing entities:
15:56:18.967 [Test worker] DEBUG o.h.internal.util.EntityPrinter - sciConsole.domain.User{password=$2a$10$sbTqPCC0wB2c4IE5Y5RCdeWLIvtjAKEHFzHluAg7LiqkSdZNujJn2, role=sciConsole.domain.Role#2, id=13, login=Alice}
15:56:18.967 [Test worker] DEBUG o.h.internal.util.EntityPrinter - sciConsole.domain.User{password=$2a$10$UQ/jCMwn14H5VdHO4or0L.xvlGoplsSsRXHjXdbYij9UEArHJzsE2, role=sciConsole.domain.Role#1, id=14, login=Bob}
15:56:18.967 [Test worker] DEBUG o.h.internal.util.EntityPrinter - sciConsole.domain.Role{userRoles=[sciConsole.domain.User#14], role=MANAGER, id=1}
15:56:18.967 [Test worker] DEBUG o.h.internal.util.EntityPrinter - sciConsole.domain.Role{userRoles=[sciConsole.domain.User#13], role=DEVELOPER, id=2}
15:56:18.967 [Test worker] DEBUG o.h.p.c.AbstractCollectionPersister - Deleting collection: [sciConsole.domain.Role.userRoles#2]
15:56:18.967 [Test worker] DEBUG org.hibernate.SQL - delete from user_roles where role_id=?
15:56:18.968 [Test worker] DEBUG o.h.p.c.AbstractCollectionPersister - Done deleting collection
15:56:18.968 [Test worker] DEBUG o.h.p.c.AbstractCollectionPersister - Deleting collection: [sciConsole.domain.Role.userRoles#1]
15:56:18.968 [Test worker] DEBUG org.hibernate.SQL - delete from user_roles where role_id=?
15:56:18.969 [Test worker] DEBUG o.h.p.c.AbstractCollectionPersister - Done deleting collection
15:56:18.969 [Test worker] DEBUG org.hibernate.SQL - delete from user_roles where user_id=?
15:56:18.969 [Test worker] DEBUG org.hibernate.SQL - delete from users where id=?
15:56:18.970 [Test worker] DEBUG org.hibernate.SQL - delete from roles where id=?
15:56:18.971 [Test worker] DEBUG org.hibernate.SQL - delete from user_roles where user_id=?
15:56:18.971 [Test worker] DEBUG org.hibernate.SQL - delete from users where id=?
15:56:18.972 [Test worker] DEBUG org.hibernate.SQL - delete from roles where id=?
15:56:18.975 [Test worker] DEBUG o.h.e.t.i.jdbc.JdbcTransaction - committed JDBC Connection
15:56:18.975 [Test worker] DEBUG o.h.e.t.i.jdbc.JdbcTransaction - re-enabling autocommit
15:56:18.976 [Test worker] DEBUG o.s.orm.jpa.JpaTransactionManager - Closing JPA EntityManager [org.hibernate.jpa.internal.EntityManagerImpl@2498c4d6] after transaction
15:56:18.976 [Test worker] DEBUG o.s.o.jpa.EntityManagerFactoryUtils - Closing JPA EntityManager
15:56:18.976 [Test worker] DEBUG o.h.e.j.internal.JdbcCoordinatorImpl - HHH000420: Closing un-released batch
15:56:18.976 [Test worker] DEBUG o.h.e.j.i.LogicalConnectionImpl - Releasing JDBC connection
15:56:18.976 [Test worker] DEBUG o.h.e.j.i.LogicalConnectionImpl - Released JDBC connection
15:56:18.976 [Test worker] DEBUG o.s.orm.jpa.JpaTransactionManager - Creating new transaction with name [org.springframework.data.jpa.repository.support.SimpleJpaRepository.deleteAll]: PROPAGATION_REQUIRED,ISOLATION_DEFAULT; ''
15:56:18.976 [Test worker] DEBUG o.s.orm.jpa.JpaTransactionManager - Opened new EntityManager [org.hibernate.jpa.internal.EntityManagerImpl@40db4455] for JPA transaction
15:56:18.976 [Test worker] DEBUG o.h.e.t.spi.AbstractTransactionImpl - begin
15:56:18.976 [Test worker] DEBUG o.h.e.j.i.LogicalConnectionImpl - Obtaining JDBC connection
15:56:18.976 [Test worker] DEBUG o.s.j.d.DriverManagerDataSource - Creating new JDBC DriverManager Connection to [jdbc:mysql://127.0.0.1:3306/wrp3]
15:56:18.980 [Test worker] DEBUG o.h.e.j.i.LogicalConnectionImpl - Obtained JDBC connection
15:56:18.980 [Test worker] DEBUG o.h.e.t.i.jdbc.JdbcTransaction - initial autocommit status: true
15:56:18.980 [Test worker] DEBUG o.h.e.t.i.jdbc.JdbcTransaction - disabling autocommit
15:56:18.980 [Test worker] DEBUG o.s.orm.jpa.JpaTransactionManager - Exposing JPA transaction as JDBC transaction [org.springframework.orm.jpa.vendor.HibernateJpaDialect$HibernateConnectionHandle@5cf91248]
15:56:18.981 [Test worker] DEBUG o.h.jpa.criteria.CriteriaQueryImpl - Rendered criteria query -> select generatedAlias0 from Role as generatedAlias0
15:56:18.981 [Test worker] DEBUG org.hibernate.SQL - select role0_.id as id1_4_, role0_.role as role2_4_ from roles role0_
15:56:18.982 [Test worker] DEBUG o.s.orm.jpa.JpaTransactionManager - Initiating transaction commit
15:56:18.982 [Test worker] DEBUG o.s.orm.jpa.JpaTransactionManager - Committing JPA transaction on EntityManager [org.hibernate.jpa.internal.EntityManagerImpl@40db4455]
15:56:18.982 [Test worker] DEBUG o.h.e.t.spi.AbstractTransactionImpl - committing
15:56:18.982 [Test worker] DEBUG o.h.e.t.i.jdbc.JdbcTransaction - committed JDBC Connection
15:56:18.982 [Test worker] DEBUG o.h.e.t.i.jdbc.JdbcTransaction - re-enabling autocommit
15:56:18.982 [Test worker] DEBUG o.s.orm.jpa.JpaTransactionManager - Closing JPA EntityManager [org.hibernate.jpa.internal.EntityManagerImpl@40db4455] after transaction
15:56:18.982 [Test worker] DEBUG o.s.o.jpa.EntityManagerFactoryUtils - Closing JPA EntityManager
15:56:18.982 [Test worker] DEBUG o.h.e.j.i.LogicalConnectionImpl - Releasing JDBC connection
15:56:18.983 [Test worker] DEBUG o.h.e.j.i.LogicalConnectionImpl - Released JDBC connection
15:56:18.983 [Test worker] DEBUG o.s.orm.jpa.JpaTransactionManager - Creating new transaction with name [org.springframework.data.jpa.repository.support.SimpleJpaRepository.save]: PROPAGATION_REQUIRED,ISOLATION_DEFAULT; ''
15:56:18.983 [Test worker] DEBUG o.s.orm.jpa.JpaTransactionManager - Opened new EntityManager [org.hibernate.jpa.internal.EntityManagerImpl@17754ae0] for JPA transaction
15:56:18.983 [Test worker] DEBUG o.h.e.t.spi.AbstractTransactionImpl - begin
15:56:18.983 [Test worker] DEBUG o.h.e.j.i.LogicalConnectionImpl - Obtaining JDBC connection
15:56:18.983 [Test worker] DEBUG o.s.j.d.DriverManagerDataSource - Creating new JDBC DriverManager Connection to [jdbc:mysql://127.0.0.1:3306/wrp3]
15:56:18.986 [Test worker] DEBUG o.h.e.j.i.LogicalConnectionImpl - Obtained JDBC connection
15:56:18.986 [Test worker] DEBUG o.h.e.t.i.jdbc.JdbcTransaction - initial autocommit status: true
15:56:18.986 [Test worker] DEBUG o.h.e.t.i.jdbc.JdbcTransaction - disabling autocommit
15:56:18.987 [Test worker] DEBUG o.s.orm.jpa.JpaTransactionManager - Exposing JPA transaction as JDBC transaction [org.springframework.orm.jpa.vendor.HibernateJpaDialect$HibernateConnectionHandle@39d8c4e]
15:56:18.987 [Test worker] DEBUG org.hibernate.loader.Loader - Loading entity: [sciConsole.domain.User#13]
15:56:18.987 [Test worker] DEBUG org.hibernate.SQL - select user0_.id as id1_8_1_, user0_.login as login2_8_1_, user0_.password as password3_8_1_, user0_1_.role_id as role_id1_7_1_, role1_.id as id1_4_0_, role1_.role as role2_4_0_ from users user0_ left outer join user_roles user0_1_ on user0_.id=user0_1_.user_id left outer join roles role1_ on user0_1_.role_id=role1_.id where user0_.id=?
15:56:18.988 [Test worker] DEBUG org.hibernate.loader.Loader - Done entity load
15:56:18.988 [Test worker] DEBUG org.hibernate.loader.Loader - Loading entity: [sciConsole.domain.Role#2]
15:56:18.988 [Test worker] DEBUG org.hibernate.SQL - select role0_.id as id1_4_1_, role0_.role as role2_4_1_, userroles1_.role_id as role_id1_4_3_, user2_.id as user_id2_7_3_, user2_.id as id1_8_0_, user2_.login as login2_8_0_, user2_.password as password3_8_0_, user2_1_.role_id as role_id1_7_0_ from roles role0_ left outer join user_roles userroles1_ on role0_.id=userroles1_.role_id left outer join users user2_ on userroles1_.user_id=user2_.id left outer join user_roles user2_1_ on user2_.id=user2_1_.user_id where role0_.id=?
15:56:18.989 [Test worker] DEBUG o.h.e.l.i.CollectionLoadContext - No collections were found in result set for role: sciConsole.domain.Role.userRoles
15:56:18.989 [Test worker] DEBUG org.hibernate.loader.Loader - Done entity load
15:56:18.989 [Test worker] DEBUG o.h.e.i.AbstractSaveEventListener - Generated identifier: 2, using strategy: org.hibernate.id.Assigned
15:56:18.989 [Test worker] DEBUG org.hibernate.SQL - insert into roles (role, id) values (?, ?)
15:56:18.990 [Test worker] DEBUG org.hibernate.engine.spi.ActionQueue - Executing identity-insert immediately
15:56:18.991 [Test worker] DEBUG org.hibernate.SQL - insert into users (login, password) values (?, ?)
15:56:18.991 [Test worker] DEBUG o.h.id.IdentifierGeneratorHelper - Natively generated identity: 15
15:56:18.991 [Test worker] DEBUG org.hibernate.SQL - insert into user_roles (role_id, user_id) values (?, ?)
15:56:18.992 [Test worker] DEBUG org.hibernate.loader.Loader - Loading entity: [sciConsole.domain.User#14]
15:56:18.992 [Test worker] DEBUG org.hibernate.SQL - select user0_.id as id1_8_1_, user0_.login as login2_8_1_, user0_.password as password3_8_1_, user0_1_.role_id as role_id1_7_1_, role1_.id as id1_4_0_, role1_.role as role2_4_0_ from users user0_ left outer join user_roles user0_1_ on user0_.id=user0_1_.user_id left outer join roles role1_ on user0_1_.role_id=role1_.id where user0_.id=?
15:56:18.993 [Test worker] DEBUG org.hibernate.loader.Loader - Done entity load
15:56:18.993 [Test worker] DEBUG org.hibernate.loader.Loader - Loading entity: [sciConsole.domain.Role#1]
15:56:18.993 [Test worker] DEBUG org.hibernate.SQL - select role0_.id as id1_4_1_, role0_.role as role2_4_1_, userroles1_.role_id as role_id1_4_3_, user2_.id as user_id2_7_3_, user2_.id as id1_8_0_, user2_.login as login2_8_0_, user2_.password as password3_8_0_, user2_1_.role_id as role_id1_7_0_ from roles role0_ left outer join user_roles userroles1_ on role0_.id=userroles1_.role_id left outer join users user2_ on userroles1_.user_id=user2_.id left outer join user_roles user2_1_ on user2_.id=user2_1_.user_id where role0_.id=?
15:56:18.994 [Test worker] DEBUG o.h.e.l.i.CollectionLoadContext - No collections were found in result set for role: sciConsole.domain.Role.userRoles
15:56:18.994 [Test worker] DEBUG org.hibernate.loader.Loader - Done entity load
15:56:18.994 [Test worker] DEBUG o.h.e.i.AbstractSaveEventListener - Generated identifier: 1, using strategy: org.hibernate.id.Assigned
15:56:18.994 [Test worker] DEBUG org.hibernate.SQL - insert into roles (role, id) values (?, ?)
15:56:18.995 [Test worker] DEBUG org.hibernate.engine.spi.ActionQueue - Executing identity-insert immediately
15:56:18.995 [Test worker] DEBUG org.hibernate.SQL - insert into users (login, password) values (?, ?)
15:56:18.996 [Test worker] DEBUG o.h.id.IdentifierGeneratorHelper - Natively generated identity: 16
15:56:18.996 [Test worker] DEBUG org.hibernate.SQL - insert into user_roles (role_id, user_id) values (?, ?)
15:56:18.997 [Test worker] DEBUG o.s.orm.jpa.JpaTransactionManager - Initiating transaction commit
15:56:18.997 [Test worker] DEBUG o.s.orm.jpa.JpaTransactionManager - Committing JPA transaction on EntityManager [org.hibernate.jpa.internal.EntityManagerImpl@17754ae0]
15:56:18.997 [Test worker] DEBUG o.h.e.t.spi.AbstractTransactionImpl - committing
15:56:18.997 [Test worker] DEBUG o.h.e.i.AbstractFlushingEventListener - Processing flush-time cascades
15:56:18.997 [Test worker] DEBUG o.h.e.i.AbstractFlushingEventListener - Dirty checking collections
15:56:18.997 [Test worker] DEBUG o.h.e.i.AbstractFlushingEventListener - Flushed: 0 insertions, 0 updates, 0 deletions to 4 objects
15:56:18.997 [Test worker] DEBUG o.h.e.i.AbstractFlushingEventListener - Flushed: 0 (re)creations, 0 updates, 0 removals to 0 collections
15:56:18.997 [Test worker] DEBUG o.h.internal.util.EntityPrinter - Listing entities:
15:56:18.997 [Test worker] DEBUG o.h.internal.util.EntityPrinter - sciConsole.domain.User{password=$2a$10$sbTqPCC0wB2c4IE5Y5RCdeWLIvtjAKEHFzHluAg7LiqkSdZNujJn2, role=sciConsole.domain.Role#2, id=15, login=Alice}
15:56:18.997 [Test worker] DEBUG o.h.internal.util.EntityPrinter - sciConsole.domain.User{password=$2a$10$UQ/jCMwn14H5VdHO4or0L.xvlGoplsSsRXHjXdbYij9UEArHJzsE2, role=sciConsole.domain.Role#1, id=16, login=Bob}
15:56:18.997 [Test worker] DEBUG o.h.internal.util.EntityPrinter - sciConsole.domain.Role{userRoles=null, role=MANAGER, id=1}
15:56:18.997 [Test worker] DEBUG o.h.internal.util.EntityPrinter - sciConsole.domain.Role{userRoles=null, role=DEVELOPER, id=2}
15:56:19.000 [Test worker] DEBUG o.h.e.t.i.jdbc.JdbcTransaction - committed JDBC Connection
15:56:19.000 [Test worker] DEBUG o.h.e.t.i.jdbc.JdbcTransaction - re-enabling autocommit
15:56:19.000 [Test worker] DEBUG o.s.orm.jpa.JpaTransactionManager - Closing JPA EntityManager [org.hibernate.jpa.internal.EntityManagerImpl@17754ae0] after transaction
15:56:19.000 [Test worker] DEBUG o.s.o.jpa.EntityManagerFactoryUtils - Closing JPA EntityManager
15:56:19.000 [Test worker] DEBUG o.h.e.j.internal.JdbcCoordinatorImpl - HHH000420: Closing un-released batch
15:56:19.000 [Test worker] DEBUG o.h.e.j.i.LogicalConnectionImpl - Releasing JDBC connection
15:56:19.001 [Test worker] DEBUG o.h.e.j.i.LogicalConnectionImpl - Released JDBC connection
15:56:19.001 [Test worker] DEBUG o.s.orm.jpa.JpaTransactionManager - Creating new transaction with name [org.springframework.data.jpa.repository.support.SimpleJpaRepository.save]: PROPAGATION_REQUIRED,ISOLATION_DEFAULT; ''
15:56:19.001 [Test worker] DEBUG o.s.orm.jpa.JpaTransactionManager - Opened new EntityManager [org.hibernate.jpa.internal.EntityManagerImpl@18623617] for JPA transaction
15:56:19.001 [Test worker] DEBUG o.h.e.t.spi.AbstractTransactionImpl - begin
15:56:19.001 [Test worker] DEBUG o.h.e.j.i.LogicalConnectionImpl - Obtaining JDBC connection
15:56:19.001 [Test worker] DEBUG o.s.j.d.DriverManagerDataSource - Creating new JDBC DriverManager Connection to [jdbc:mysql://127.0.0.1:3306/wrp3]
15:56:19.004 [Test worker] DEBUG o.h.e.j.i.LogicalConnectionImpl - Obtained JDBC connection
15:56:19.004 [Test worker] DEBUG o.h.e.t.i.jdbc.JdbcTransaction - initial autocommit status: true
15:56:19.004 [Test worker] DEBUG o.h.e.t.i.jdbc.JdbcTransaction - disabling autocommit
15:56:19.005 [Test worker] DEBUG o.s.orm.jpa.JpaTransactionManager - Exposing JPA transaction as JDBC transaction [org.springframework.orm.jpa.vendor.HibernateJpaDialect$HibernateConnectionHandle@5180b099]
15:56:19.005 [Test worker] DEBUG org.hibernate.loader.Loader - Loading entity: [sciConsole.domain.Role#1]
15:56:19.005 [Test worker] DEBUG org.hibernate.SQL - select role0_.id as id1_4_1_, role0_.role as role2_4_1_, userroles1_.role_id as role_id1_4_3_, user2_.id as user_id2_7_3_, user2_.id as id1_8_0_, user2_.login as login2_8_0_, user2_.password as password3_8_0_, user2_1_.role_id as role_id1_7_0_ from roles role0_ left outer join user_roles userroles1_ on role0_.id=userroles1_.role_id left outer join users user2_ on userroles1_.user_id=user2_.id left outer join user_roles user2_1_ on user2_.id=user2_1_.user_id where role0_.id=?
15:56:19.006 [Test worker] DEBUG org.hibernate.loader.Loader - Result set row: 0
15:56:19.006 [Test worker] DEBUG org.hibernate.loader.Loader - Result row: EntityKey[sciConsole.domain.User#16], EntityKey[sciConsole.domain.Role#1]
15:56:19.006 [Test worker] DEBUG org.hibernate.loader.Loader - Found row of collection: [sciConsole.domain.Role.userRoles#1]
15:56:19.006 [Test worker] DEBUG o.h.engine.internal.TwoPhaseLoad - Resolving associations for [sciConsole.domain.User#16]
15:56:19.006 [Test worker] DEBUG o.h.engine.internal.TwoPhaseLoad - Done materializing entity [sciConsole.domain.User#16]
15:56:19.006 [Test worker] DEBUG o.h.engine.internal.TwoPhaseLoad - Resolving associations for [sciConsole.domain.Role#1]
15:56:19.006 [Test worker] DEBUG o.h.engine.internal.TwoPhaseLoad - Done materializing entity [sciConsole.domain.Role#1]
15:56:19.006 [Test worker] DEBUG o.h.e.l.i.CollectionLoadContext - 1 collections were found in result set for role: sciConsole.domain.Role.userRoles
15:56:19.007 [Test worker] DEBUG o.h.e.l.i.CollectionLoadContext - Collection fully initialized: [sciConsole.domain.Role.userRoles#1]
15:56:19.007 [Test worker] DEBUG o.h.e.l.i.CollectionLoadContext - 1 collections initialized for role: sciConsole.domain.Role.userRoles
15:56:19.007 [Test worker] DEBUG org.hibernate.loader.Loader - Done entity load
15:56:19.007 [Test worker] DEBUG org.hibernate.loader.Loader - Loading entity: [sciConsole.domain.Role#2]
15:56:19.007 [Test worker] DEBUG org.hibernate.SQL - select role0_.id as id1_4_1_, role0_.role as role2_4_1_, userroles1_.role_id as role_id1_4_3_, user2_.id as user_id2_7_3_, user2_.id as id1_8_0_, user2_.login as login2_8_0_, user2_.password as password3_8_0_, user2_1_.role_id as role_id1_7_0_ from roles role0_ left outer join user_roles userroles1_ on role0_.id=userroles1_.role_id left outer join users user2_ on userroles1_.user_id=user2_.id left outer join user_roles user2_1_ on user2_.id=user2_1_.user_id where role0_.id=?
15:56:19.008 [Test worker] DEBUG org.hibernate.loader.Loader - Result set row: 0
15:56:19.008 [Test worker] DEBUG org.hibernate.loader.Loader - Result row: EntityKey[sciConsole.domain.User#15], EntityKey[sciConsole.domain.Role#2]
15:56:19.008 [Test worker] DEBUG org.hibernate.loader.Loader - Found row of collection: [sciConsole.domain.Role.userRoles#2]
15:56:19.008 [Test worker] DEBUG o.h.engine.internal.TwoPhaseLoad - Resolving associations for [sciConsole.domain.User#15]
15:56:19.008 [Test worker] DEBUG o.h.engine.internal.TwoPhaseLoad - Done materializing entity [sciConsole.domain.User#15]
15:56:19.008 [Test worker] DEBUG o.h.engine.internal.TwoPhaseLoad - Resolving associations for [sciConsole.domain.Role#2]
15:56:19.009 [Test worker] DEBUG o.h.engine.internal.TwoPhaseLoad - Done materializing entity [sciConsole.domain.Role#2]
15:56:19.009 [Test worker] DEBUG o.h.e.l.i.CollectionLoadContext - 1 collections were found in result set for role: sciConsole.domain.Role.userRoles
15:56:19.009 [Test worker] DEBUG o.h.e.l.i.CollectionLoadContext - Collection fully initialized: [sciConsole.domain.Role.userRoles#2]
15:56:19.009 [Test worker] DEBUG o.h.e.l.i.CollectionLoadContext - 1 collections initialized for role: sciConsole.domain.Role.userRoles
15:56:19.009 [Test worker] DEBUG org.hibernate.loader.Loader - Done entity load
15:56:19.009 [Test worker] DEBUG o.s.orm.jpa.JpaTransactionManager - Initiating transaction commit
15:56:19.009 [Test worker] DEBUG o.s.orm.jpa.JpaTransactionManager - Committing JPA transaction on EntityManager [org.hibernate.jpa.internal.EntityManagerImpl@18623617]
15:56:19.009 [Test worker] DEBUG o.h.e.t.spi.AbstractTransactionImpl - committing
15:56:19.009 [Test worker] DEBUG o.h.e.i.AbstractFlushingEventListener - Processing flush-time cascades
15:56:19.010 [Test worker] DEBUG o.h.e.i.AbstractFlushingEventListener - Dirty checking collections
15:56:19.010 [Test worker] DEBUG o.h.engine.internal.Collections - Collection found: [sciConsole.domain.Role.userRoles#1], was: [sciConsole.domain.Role.userRoles#1] (initialized)
15:56:19.010 [Test worker] DEBUG o.h.engine.internal.Collections - Collection found: [sciConsole.domain.Role.userRoles#2], was: [sciConsole.domain.Role.userRoles#2] (initialized)
15:56:19.010 [Test worker] DEBUG o.h.e.i.AbstractFlushingEventListener - Flushed: 0 insertions, 0 updates, 0 deletions to 4 objects
15:56:19.010 [Test worker] DEBUG o.h.e.i.AbstractFlushingEventListener - Flushed: 0 (re)creations, 0 updates, 0 removals to 2 collections
15:56:19.010 [Test worker] DEBUG o.h.internal.util.EntityPrinter - Listing entities:
15:56:19.010 [Test worker] DEBUG o.h.internal.util.EntityPrinter - sciConsole.domain.User{password=$2a$10$sbTqPCC0wB2c4IE5Y5RCdeWLIvtjAKEHFzHluAg7LiqkSdZNujJn2, role=sciConsole.domain.Role#2, id=15, login=Alice}
15:56:19.010 [Test worker] DEBUG o.h.internal.util.EntityPrinter - sciConsole.domain.User{password=$2a$10$UQ/jCMwn14H5VdHO4or0L.xvlGoplsSsRXHjXdbYij9UEArHJzsE2, role=sciConsole.domain.Role#1, id=16, login=Bob}
15:56:19.011 [Test worker] DEBUG o.h.internal.util.EntityPrinter - sciConsole.domain.Role{userRoles=[sciConsole.domain.User#16], role=MANAGER, id=1}
15:56:19.011 [Test worker] DEBUG o.h.internal.util.EntityPrinter - sciConsole.domain.Role{userRoles=[sciConsole.domain.User#15], role=DEVELOPER, id=2}
15:56:19.011 [Test worker] DEBUG o.h.e.t.i.jdbc.JdbcTransaction - committed JDBC Connection
15:56:19.011 [Test worker] DEBUG o.h.e.t.i.jdbc.JdbcTransaction - re-enabling autocommit
15:56:19.011 [Test worker] DEBUG o.s.orm.jpa.JpaTransactionManager - Closing JPA EntityManager [org.hibernate.jpa.internal.EntityManagerImpl@18623617] after transaction
15:56:19.011 [Test worker] DEBUG o.s.o.jpa.EntityManagerFactoryUtils - Closing JPA EntityManager
15:56:19.011 [Test worker] DEBUG o.h.e.j.i.LogicalConnectionImpl - Releasing JDBC connection
15:56:19.011 [Test worker] DEBUG o.h.e.j.i.LogicalConnectionImpl - Released JDBC connection
15:56:19.012 [Test worker] DEBUG o.s.t.c.s.AbstractDirtiesContextTestExecutionListener - After test class: context [DefaultTestContext@67cf5fea testClass = CompleteChangeRequestStepDefs, testInstance = [null], testMethod = [null], testException = [null], mergedContextConfiguration = [WebMergedContextConfiguration@7cd42f07 testClass = CompleteChangeRequestStepDefs, locations = '{}', classes = '{class sciConsole.SciConsoleApplication, class sciConsole.controller.SessionController, class sciConsole.controller.AccountController, class sciConsole.controller.ChangeRequestController, class sciConsole.SecurityConfig, class sciConsole.WebConfig}', contextInitializerClasses = '[]', activeProfiles = '{}', propertySourceLocations = '{}', propertySourceProperties = '{}', resourceBasePath = 'src/main/webapp', contextLoader = 'org.springframework.test.context.web.WebDelegatingSmartContextLoader', parent = [null]]], class annotated with @DirtiesContext [false] with mode [null].
15:56:19.071 [Test worker] DEBUG o.s.b.f.s.DefaultListableBeanFactory - Returning cached instance of singleton bean 'springSecurityFilterChain'
15:56:19.071 [Test worker] DEBUG o.s.test.util.ReflectionTestUtils - Invoking method 'getFilters' on target [FilterChainProxy[Filter Chains: [[ org.springframework.security.web.util.matcher.AnyRequestMatcher@1, [org.springframework.security.web.access.channel.ChannelProcessingFilter@2ad101f0, org.springframework.security.web.context.request.async.WebAsyncManagerIntegrationFilter@7a1601ea, org.springframework.security.web.context.SecurityContextPersistenceFilter@1ed920ed, org.springframework.security.web.header.HeaderWriterFilter@54d81890, org.springframework.security.web.csrf.CsrfFilter@3a7f45ac, org.springframework.security.web.authentication.logout.LogoutFilter@53f60b35, org.springframework.security.web.authentication.UsernamePasswordAuthenticationFilter@7d51c9ea, org.springframework.security.web.savedrequest.RequestCacheAwareFilter@42c2e682, org.springframework.security.web.servletapi.SecurityContextHolderAwareRequestFilter@3524fe79, org.springframework.security.web.authentication.AnonymousAuthenticationFilter@56b23bee, org.springframework.security.web.session.SessionManagementFilter@7785c534, org.springframework.security.web.access.ExceptionTranslationFilter@5ac7316e, org.springframework.security.web.access.intercept.FilterSecurityInterceptor@879e25e]]]]] with arguments [{org.springframework.mock.web.MockHttpServletRequest@4f4bf951}]
15:56:19.071 [Test worker] DEBUG o.s.test.util.ReflectionTestUtils - Getting field 'repo' from target object [org.springframework.security.web.context.SecurityContextPersistenceFilter@1ed920ed] or target class [class org.springframework.security.web.context.SecurityContextPersistenceFilter]
15:56:19.071 [Test worker] DEBUG o.s.s.w.c.HttpSessionSecurityContextRepository - No HttpSession currently exists
15:56:19.071 [Test worker] DEBUG o.s.s.w.c.HttpSessionSecurityContextRepository - No SecurityContext was available from the HttpSession: null. A new one will be created.
15:56:19.071 [Test worker] DEBUG o.s.s.w.c.HttpSessionSecurityContextRepository - HttpSession being created as SecurityContext is non-default
15:56:19.071 [Test worker] DEBUG o.s.s.w.c.HttpSessionSecurityContextRepository - SecurityContext 'org.springframework.security.core.context.SecurityContextImpl@34a51dda: Authentication: org.springframework.security.authentication.UsernamePasswordAuthenticationToken@34a51dda: Principal: Bob; Credentials: [PROTECTED]; Authenticated: true; Details: null; Granted Authorities: ROLE_MANAGER' stored to HttpSession: 'org.springframework.mock.web.MockHttpSession@68d5b482
15:56:19.071 [Test worker] DEBUG o.s.security.web.FilterChainProxy - /login-form at position 1 of 13 in additional filter chain; firing Filter: 'ChannelProcessingFilter'
15:56:19.071 [Test worker] DEBUG o.s.s.w.a.c.ChannelProcessingFilter - Request: FilterInvocation: URL: /login-form; ConfigAttributes: [REQUIRES_SECURE_CHANNEL]
15:56:19.071 [Test worker] DEBUG o.s.s.w.a.c.RetryWithHttpsEntryPoint - Redirecting to: https://localhost/login-form
15:56:19.072 [Test worker] DEBUG o.s.s.web.DefaultRedirectStrategy - Redirecting to 'https://localhost/login-form'
15:56:19.072 [Test worker] DEBUG o.s.b.f.s.DefaultListableBeanFactory - Returning cached instance of singleton bean 'springSecurityFilterChain'
15:56:19.073 [Test worker] DEBUG o.s.test.util.ReflectionTestUtils - Invoking method 'getFilters' on target [FilterChainProxy[Filter Chains: [[ org.springframework.security.web.util.matcher.AnyRequestMatcher@1, [org.springframework.security.web.access.channel.ChannelProcessingFilter@2ad101f0, org.springframework.security.web.context.request.async.WebAsyncManagerIntegrationFilter@7a1601ea, org.springframework.security.web.context.SecurityContextPersistenceFilter@1ed920ed, org.springframework.security.web.header.HeaderWriterFilter@54d81890, org.springframework.security.web.csrf.CsrfFilter@3a7f45ac, org.springframework.security.web.authentication.logout.LogoutFilter@53f60b35, org.springframework.security.web.authentication.UsernamePasswordAuthenticationFilter@7d51c9ea, org.springframework.security.web.savedrequest.RequestCacheAwareFilter@42c2e682, org.springframework.security.web.servletapi.SecurityContextHolderAwareRequestFilter@3524fe79, org.springframework.security.web.authentication.AnonymousAuthenticationFilter@56b23bee, org.springframework.security.web.session.SessionManagementFilter@7785c534, org.springframework.security.web.access.ExceptionTranslationFilter@5ac7316e, org.springframework.security.web.access.intercept.FilterSecurityInterceptor@879e25e]]]]] with arguments [{org.springframework.mock.web.MockHttpServletRequest@4f4bf951}]
15:56:19.073 [Test worker] DEBUG o.s.test.util.ReflectionTestUtils - Getting field 'repo' from target object [org.springframework.security.web.context.SecurityContextPersistenceFilter@1ed920ed] or target class [class org.springframework.security.web.context.SecurityContextPersistenceFilter]
15:56:19.073 [Test worker] DEBUG o.s.s.w.c.HttpSessionSecurityContextRepository - Obtained a valid SecurityContext from SPRING_SECURITY_CONTEXT: 'org.springframework.security.core.context.SecurityContextImpl@34a51dda: Authentication: org.springframework.security.authentication.UsernamePasswordAuthenticationToken@34a51dda: Principal: Bob; Credentials: [PROTECTED]; Authenticated: true; Details: null; Granted Authorities: ROLE_MANAGER'
15:56:19.074 [Test worker] DEBUG o.s.orm.jpa.JpaTransactionManager - Creating new transaction with name [org.springframework.data.jpa.repository.support.SimpleJpaRepository.deleteAll]: PROPAGATION_REQUIRED,ISOLATION_DEFAULT; ''
15:56:19.074 [Test worker] DEBUG o.s.orm.jpa.JpaTransactionManager - Opened new EntityManager [org.hibernate.jpa.internal.EntityManagerImpl@6e6411cb] for JPA transaction
15:56:19.074 [Test worker] DEBUG o.h.e.t.spi.AbstractTransactionImpl - begin
15:56:19.074 [Test worker] DEBUG o.h.e.j.i.LogicalConnectionImpl - Obtaining JDBC connection
15:56:19.074 [Test worker] DEBUG o.s.j.d.DriverManagerDataSource - Creating new JDBC DriverManager Connection to [jdbc:mysql://127.0.0.1:3306/wrp3]
15:56:19.078 [Test worker] DEBUG o.h.e.j.i.LogicalConnectionImpl - Obtained JDBC connection
15:56:19.078 [Test worker] DEBUG o.h.e.t.i.jdbc.JdbcTransaction - initial autocommit status: true
15:56:19.078 [Test worker] DEBUG o.h.e.t.i.jdbc.JdbcTransaction - disabling autocommit
15:56:19.078 [Test worker] DEBUG o.s.orm.jpa.JpaTransactionManager - Exposing JPA transaction as JDBC transaction [org.springframework.orm.jpa.vendor.HibernateJpaDialect$HibernateConnectionHandle@edac40a]
15:56:19.079 [Test worker] DEBUG o.h.jpa.criteria.CriteriaQueryImpl - Rendered criteria query -> select generatedAlias0 from Request as generatedAlias0
15:56:19.079 [Test worker] DEBUG org.hibernate.SQL - select request0_.request_id as request_1_3_, request0_.assign_to as assign_t2_3_, request0_.created_by as created_3_3_, request0_.date_created as date_cre4_3_, request0_.date_complete as date_com5_3_, request0_.due_date as due_date6_3_, request0_.priority as priority7_3_, request0_.reject_reason as reject_r8_3_, request0_.req_desc as req_desc9_3_, request0_.req_solution as req_sol10_3_, request0_.sci_id as sci_id11_3_, request0_.status as status12_3_, request0_.assigned_to as assigne13_3_, request0_.version_id as version14_3_ from request request0_
15:56:19.080 [Test worker] DEBUG o.s.orm.jpa.JpaTransactionManager - Initiating transaction commit
15:56:19.080 [Test worker] DEBUG o.s.orm.jpa.JpaTransactionManager - Committing JPA transaction on EntityManager [org.hibernate.jpa.internal.EntityManagerImpl@6e6411cb]
15:56:19.080 [Test worker] DEBUG o.h.e.t.spi.AbstractTransactionImpl - committing
15:56:19.080 [Test worker] DEBUG o.h.e.t.i.jdbc.JdbcTransaction - committed JDBC Connection
15:56:19.080 [Test worker] DEBUG o.h.e.t.i.jdbc.JdbcTransaction - re-enabling autocommit
15:56:19.080 [Test worker] DEBUG o.s.orm.jpa.JpaTransactionManager - Closing JPA EntityManager [org.hibernate.jpa.internal.EntityManagerImpl@6e6411cb] after transaction
15:56:19.080 [Test worker] DEBUG o.s.o.jpa.EntityManagerFactoryUtils - Closing JPA EntityManager
15:56:19.080 [Test worker] DEBUG o.h.e.j.i.LogicalConnectionImpl - Releasing JDBC connection
15:56:19.081 [Test worker] DEBUG o.h.e.j.i.LogicalConnectionImpl - Released JDBC connection
15:56:19.081 [Test worker] DEBUG o.s.orm.jpa.JpaTransactionManager - Creating new transaction with name [org.springframework.data.jpa.repository.support.SimpleJpaRepository.save]: PROPAGATION_REQUIRED,ISOLATION_DEFAULT; ''
15:56:19.081 [Test worker] DEBUG o.s.orm.jpa.JpaTransactionManager - Opened new EntityManager [org.hibernate.jpa.internal.EntityManagerImpl@7d5cb573] for JPA transaction
15:56:19.081 [Test worker] DEBUG o.h.e.t.spi.AbstractTransactionImpl - begin
15:56:19.081 [Test worker] DEBUG o.h.e.j.i.LogicalConnectionImpl - Obtaining JDBC connection
15:56:19.081 [Test worker] DEBUG o.s.j.d.DriverManagerDataSource - Creating new JDBC DriverManager Connection to [jdbc:mysql://127.0.0.1:3306/wrp3]
15:56:19.085 [Test worker] DEBUG o.h.e.j.i.LogicalConnectionImpl - Obtained JDBC connection
15:56:19.085 [Test worker] DEBUG o.h.e.t.i.jdbc.JdbcTransaction - initial autocommit status: true
15:56:19.085 [Test worker] DEBUG o.h.e.t.i.jdbc.JdbcTransaction - disabling autocommit
15:56:19.085 [Test worker] DEBUG o.s.orm.jpa.JpaTransactionManager - Exposing JPA transaction as JDBC transaction [org.springframework.orm.jpa.vendor.HibernateJpaDialect$HibernateConnectionHandle@213a8078]
15:56:19.085 [Test worker] DEBUG o.s.orm.jpa.JpaTransactionManager - Initiating transaction commit
15:56:19.085 [Test worker] DEBUG o.s.orm.jpa.JpaTransactionManager - Committing JPA transaction on EntityManager [org.hibernate.jpa.internal.EntityManagerImpl@7d5cb573]
15:56:19.085 [Test worker] DEBUG o.h.e.t.spi.AbstractTransactionImpl - committing
15:56:19.085 [Test worker] DEBUG o.h.e.t.i.jdbc.JdbcTransaction - committed JDBC Connection
15:56:19.085 [Test worker] DEBUG o.h.e.t.i.jdbc.JdbcTransaction - re-enabling autocommit
15:56:19.086 [Test worker] DEBUG o.s.orm.jpa.JpaTransactionManager - Closing JPA EntityManager [org.hibernate.jpa.internal.EntityManagerImpl@7d5cb573] after transaction
15:56:19.086 [Test worker] DEBUG o.s.o.jpa.EntityManagerFactoryUtils - Closing JPA EntityManager
15:56:19.086 [Test worker] DEBUG o.h.e.j.i.LogicalConnectionImpl - Releasing JDBC connection
15:56:19.086 [Test worker] DEBUG o.h.e.j.i.LogicalConnectionImpl - Released JDBC connection
15:56:19.086 [Test worker] DEBUG o.s.orm.jpa.JpaTransactionManager - Creating new transaction with name [org.springframework.data.jpa.repository.support.SimpleJpaRepository.deleteAll]: PROPAGATION_REQUIRED,ISOLATION_DEFAULT; ''
15:56:19.086 [Test worker] DEBUG o.s.orm.jpa.JpaTransactionManager - Opened new EntityManager [org.hibernate.jpa.internal.EntityManagerImpl@2b67ac3c] for JPA transaction
15:56:19.087 [Test worker] DEBUG o.h.e.t.spi.AbstractTransactionImpl - begin
15:56:19.087 [Test worker] DEBUG o.h.e.j.i.LogicalConnectionImpl - Obtaining JDBC connection
15:56:19.087 [Test worker] DEBUG o.s.j.d.DriverManagerDataSource - Creating new JDBC DriverManager Connection to [jdbc:mysql://127.0.0.1:3306/wrp3]
15:56:19.090 [Test worker] DEBUG o.h.e.j.i.LogicalConnectionImpl - Obtained JDBC connection
15:56:19.090 [Test worker] DEBUG o.h.e.t.i.jdbc.JdbcTransaction - initial autocommit status: true
15:56:19.090 [Test worker] DEBUG o.h.e.t.i.jdbc.JdbcTransaction - disabling autocommit
15:56:19.091 [Test worker] DEBUG o.s.orm.jpa.JpaTransactionManager - Exposing JPA transaction as JDBC transaction [org.springframework.orm.jpa.vendor.HibernateJpaDialect$HibernateConnectionHandle@74ac94ba]
15:56:19.091 [Test worker] DEBUG o.h.jpa.criteria.CriteriaQueryImpl - Rendered criteria query -> select generatedAlias0 from Request as generatedAlias0
15:56:19.091 [Test worker] DEBUG org.hibernate.SQL - select request0_.request_id as request_1_3_, request0_.assign_to as assign_t2_3_, request0_.created_by as created_3_3_, request0_.date_created as date_cre4_3_, request0_.date_complete as date_com5_3_, request0_.due_date as due_date6_3_, request0_.priority as priority7_3_, request0_.reject_reason as reject_r8_3_, request0_.req_desc as req_desc9_3_, request0_.req_solution as req_sol10_3_, request0_.sci_id as sci_id11_3_, request0_.status as status12_3_, request0_.assigned_to as assigne13_3_, request0_.version_id as version14_3_ from request request0_
15:56:19.092 [Test worker] DEBUG o.s.orm.jpa.JpaTransactionManager - Initiating transaction commit
15:56:19.092 [Test worker] DEBUG o.s.orm.jpa.JpaTransactionManager - Committing JPA transaction on EntityManager [org.hibernate.jpa.internal.EntityManagerImpl@2b67ac3c]
15:56:19.092 [Test worker] DEBUG o.h.e.t.spi.AbstractTransactionImpl - committing
15:56:19.092 [Test worker] DEBUG o.h.e.t.i.jdbc.JdbcTransaction - committed JDBC Connection
15:56:19.092 [Test worker] DEBUG o.h.e.t.i.jdbc.JdbcTransaction - re-enabling autocommit
15:56:19.092 [Test worker] DEBUG o.s.orm.jpa.JpaTransactionManager - Closing JPA EntityManager [org.hibernate.jpa.internal.EntityManagerImpl@2b67ac3c] after transaction
15:56:19.092 [Test worker] DEBUG o.s.o.jpa.EntityManagerFactoryUtils - Closing JPA EntityManager
15:56:19.092 [Test worker] DEBUG o.h.e.j.i.LogicalConnectionImpl - Releasing JDBC connection
15:56:19.093 [Test worker] DEBUG o.h.e.j.i.LogicalConnectionImpl - Released JDBC connection
15:56:19.093 [Test worker] DEBUG o.s.orm.jpa.JpaTransactionManager - Creating new transaction with name [org.springframework.data.jpa.repository.support.SimpleJpaRepository.save]: PROPAGATION_REQUIRED,ISOLATION_DEFAULT; ''
15:56:19.093 [Test worker] DEBUG o.s.orm.jpa.JpaTransactionManager - Opened new EntityManager [org.hibernate.jpa.internal.EntityManagerImpl@5775917f] for JPA transaction
15:56:19.093 [Test worker] DEBUG o.h.e.t.spi.AbstractTransactionImpl - begin
15:56:19.093 [Test worker] DEBUG o.h.e.j.i.LogicalConnectionImpl - Obtaining JDBC connection
15:56:19.093 [Test worker] DEBUG o.s.j.d.DriverManagerDataSource - Creating new JDBC DriverManager Connection to [jdbc:mysql://127.0.0.1:3306/wrp3]
15:56:19.097 [Test worker] DEBUG o.h.e.j.i.LogicalConnectionImpl - Obtained JDBC connection
15:56:19.097 [Test worker] DEBUG o.h.e.t.i.jdbc.JdbcTransaction - initial autocommit status: true
15:56:19.097 [Test worker] DEBUG o.h.e.t.i.jdbc.JdbcTransaction - disabling autocommit
15:56:19.097 [Test worker] DEBUG o.s.orm.jpa.JpaTransactionManager - Exposing JPA transaction as JDBC transaction [org.springframework.orm.jpa.vendor.HibernateJpaDialect$HibernateConnectionHandle@62ca42b3]
15:56:19.097 [Test worker] DEBUG o.s.orm.jpa.JpaTransactionManager - Initiating transaction commit
15:56:19.097 [Test worker] DEBUG o.s.orm.jpa.JpaTransactionManager - Committing JPA transaction on EntityManager [org.hibernate.jpa.internal.EntityManagerImpl@5775917f]
15:56:19.097 [Test worker] DEBUG o.h.e.t.spi.AbstractTransactionImpl - committing
15:56:19.097 [Test worker] DEBUG o.h.e.t.i.jdbc.JdbcTransaction - committed JDBC Connection
15:56:19.098 [Test worker] DEBUG o.h.e.t.i.jdbc.JdbcTransaction - re-enabling autocommit
15:56:19.098 [Test worker] DEBUG o.s.orm.jpa.JpaTransactionManager - Closing JPA EntityManager [org.hibernate.jpa.internal.EntityManagerImpl@5775917f] after transaction
15:56:19.098 [Test worker] DEBUG o.s.o.jpa.EntityManagerFactoryUtils - Closing JPA EntityManager
15:56:19.098 [Test worker] DEBUG o.h.e.j.i.LogicalConnectionImpl - Releasing JDBC connection
15:56:19.098 [Test worker] DEBUG o.h.e.j.i.LogicalConnectionImpl - Released JDBC connection
15:56:19.099 [Test worker] DEBUG o.s.orm.jpa.JpaTransactionManager - Creating new transaction with name [org.springframework.data.jpa.repository.support.SimpleJpaRepository.deleteAll]: PROPAGATION_REQUIRED,ISOLATION_DEFAULT; ''
15:56:19.099 [Test worker] DEBUG o.s.orm.jpa.JpaTransactionManager - Opened new EntityManager [org.hibernate.jpa.internal.EntityManagerImpl@41924eee] for JPA transaction
15:56:19.099 [Test worker] DEBUG o.h.e.t.spi.AbstractTransactionImpl - begin
15:56:19.099 [Test worker] DEBUG o.h.e.j.i.LogicalConnectionImpl - Obtaining JDBC connection
15:56:19.099 [Test worker] DEBUG o.s.j.d.DriverManagerDataSource - Creating new JDBC DriverManager Connection to [jdbc:mysql://127.0.0.1:3306/wrp3]
15:56:19.103 [Test worker] DEBUG o.h.e.j.i.LogicalConnectionImpl - Obtained JDBC connection
15:56:19.103 [Test worker] DEBUG o.h.e.t.i.jdbc.JdbcTransaction - initial autocommit status: true
15:56:19.103 [Test worker] DEBUG o.h.e.t.i.jdbc.JdbcTransaction - disabling autocommit
15:56:19.103 [Test worker] DEBUG o.s.orm.jpa.JpaTransactionManager - Exposing JPA transaction as JDBC transaction [org.springframework.orm.jpa.vendor.HibernateJpaDialect$HibernateConnectionHandle@18883337]
15:56:19.103 [Test worker] DEBUG o.h.jpa.criteria.CriteriaQueryImpl - Rendered criteria query -> select generatedAlias0 from User as generatedAlias0
15:56:19.103 [Test worker] DEBUG org.hibernate.SQL - select user0_.id as id1_8_, user0_.login as login2_8_, user0_.password as password3_8_, user0_1_.role_id as role_id1_7_ from users user0_ left outer join user_roles user0_1_ on user0_.id=user0_1_.user_id
15:56:19.104 [Test worker] DEBUG org.hibernate.loader.Loader - Result set row: 0
15:56:19.104 [Test worker] DEBUG org.hibernate.loader.Loader - Result row: EntityKey[sciConsole.domain.User#15]
15:56:19.104 [Test worker] DEBUG org.hibernate.loader.Loader - Result set row: 1
15:56:19.104 [Test worker] DEBUG org.hibernate.loader.Loader - Result row: EntityKey[sciConsole.domain.User#16]
15:56:19.104 [Test worker] DEBUG o.h.engine.internal.TwoPhaseLoad - Resolving associations for [sciConsole.domain.User#15]
15:56:19.104 [Test worker] DEBUG org.hibernate.SQL - select role0_.id as id1_4_0_, role0_.role as role2_4_0_ from roles role0_ where role0_.id=?
15:56:19.105 [Test worker] DEBUG o.h.l.p.e.p.i.ResultSetProcessorImpl - Starting ResultSet row #0
15:56:19.105 [Test worker] DEBUG o.h.l.p.e.p.i.EntityReferenceInitializerImpl - On call to EntityIdentifierReaderImpl#resolve, EntityKey was already known; should only happen on root returns with an optional identifier specified
15:56:19.105 [Test worker] DEBUG o.h.engine.internal.TwoPhaseLoad - Resolving associations for [sciConsole.domain.Role#2]
15:56:19.105 [Test worker] DEBUG o.h.engine.internal.TwoPhaseLoad - Done materializing entity [sciConsole.domain.Role#2]
15:56:19.105 [Test worker] DEBUG o.h.l.e.p.AbstractLoadPlanBasedEntityLoader - Done entity load : sciConsole.domain.Role#2
15:56:19.105 [Test worker] DEBUG o.h.engine.internal.TwoPhaseLoad - Done materializing entity [sciConsole.domain.User#15]
15:56:19.105 [Test worker] DEBUG o.h.engine.internal.TwoPhaseLoad - Resolving associations for [sciConsole.domain.User#16]
15:56:19.105 [Test worker] DEBUG org.hibernate.SQL - select role0_.id as id1_4_0_, role0_.role as role2_4_0_ from roles role0_ where role0_.id=?
15:56:19.106 [Test worker] DEBUG o.h.l.p.e.p.i.ResultSetProcessorImpl - Starting ResultSet row #0
15:56:19.106 [Test worker] DEBUG o.h.l.p.e.p.i.EntityReferenceInitializerImpl - On call to EntityIdentifierReaderImpl#resolve, EntityKey was already known; should only happen on root returns with an optional identifier specified
15:56:19.106 [Test worker] DEBUG o.h.engine.internal.TwoPhaseLoad - Resolving associations for [sciConsole.domain.Role#1]
15:56:19.106 [Test worker] DEBUG o.h.engine.internal.TwoPhaseLoad - Done materializing entity [sciConsole.domain.Role#1]
15:56:19.106 [Test worker] DEBUG o.h.l.e.p.AbstractLoadPlanBasedEntityLoader - Done entity load : sciConsole.domain.Role#1
15:56:19.107 [Test worker] DEBUG o.h.engine.internal.TwoPhaseLoad - Done materializing entity [sciConsole.domain.User#16]
15:56:19.107 [Test worker] DEBUG o.h.l.c.p.AbstractLoadPlanBasedCollectionInitializer - Loading collection: [sciConsole.domain.Role.userRoles#2]
15:56:19.107 [Test worker] DEBUG org.hibernate.SQL - select userroles0_.role_id as role_id1_4_0_, userroles0_.user_id as user_id2_7_0_, user1_.id as id1_8_1_, user1_.login as login2_8_1_, user1_.password as password3_8_1_, user1_1_.role_id as role_id1_7_1_ from user_roles userroles0_ inner join users user1_ on userroles0_.user_id=user1_.id left outer join user_roles user1_1_ on user1_.id=user1_1_.user_id where userroles0_.role_id=?
15:56:19.108 [Test worker] DEBUG o.h.l.p.e.p.i.ResultSetProcessorImpl - Preparing collection intializer : [sciConsole.domain.Role.userRoles#2]
15:56:19.108 [Test worker] DEBUG o.h.l.p.e.p.i.ResultSetProcessorImpl - Starting ResultSet row #0
15:56:19.108 [Test worker] DEBUG o.h.l.p.e.p.i.CollectionReferenceInitializerImpl - Found row of collection: [sciConsole.domain.Role.userRoles#2]
15:56:19.108 [Test worker] DEBUG o.h.e.l.i.CollectionLoadContext - 1 collections were found in result set for role: sciConsole.domain.Role.userRoles
15:56:19.108 [Test worker] DEBUG o.h.e.l.i.CollectionLoadContext - Collection fully initialized: [sciConsole.domain.Role.userRoles#2]
15:56:19.108 [Test worker] DEBUG o.h.e.l.i.CollectionLoadContext - 1 collections initialized for role: sciConsole.domain.Role.userRoles
15:56:19.108 [Test worker] DEBUG o.h.l.c.p.AbstractLoadPlanBasedCollectionInitializer - Done loading collection
15:56:19.108 [Test worker] DEBUG o.h.l.c.p.AbstractLoadPlanBasedCollectionInitializer - Loading collection: [sciConsole.domain.Role.userRoles#1]
15:56:19.109 [Test worker] DEBUG org.hibernate.SQL - select userroles0_.role_id as role_id1_4_0_, userroles0_.user_id as user_id2_7_0_, user1_.id as id1_8_1_, user1_.login as login2_8_1_, user1_.password as password3_8_1_, user1_1_.role_id as role_id1_7_1_ from user_roles userroles0_ inner join users user1_ on userroles0_.user_id=user1_.id left outer join user_roles user1_1_ on user1_.id=user1_1_.user_id where userroles0_.role_id=?
15:56:19.109 [Test worker] DEBUG o.h.l.p.e.p.i.ResultSetProcessorImpl - Preparing collection intializer : [sciConsole.domain.Role.userRoles#1]
15:56:19.109 [Test worker] DEBUG o.h.l.p.e.p.i.ResultSetProcessorImpl - Starting ResultSet row #0
15:56:19.109 [Test worker] DEBUG o.h.l.p.e.p.i.CollectionReferenceInitializerImpl - Found row of collection: [sciConsole.domain.Role.userRoles#1]
15:56:19.109 [Test worker] DEBUG o.h.e.l.i.CollectionLoadContext - 1 collections were found in result set for role: sciConsole.domain.Role.userRoles
15:56:19.109 [Test worker] DEBUG o.h.e.l.i.CollectionLoadContext - Collection fully initialized: [sciConsole.domain.Role.userRoles#1]
15:56:19.109 [Test worker] DEBUG o.h.e.l.i.CollectionLoadContext - 1 collections initialized for role: sciConsole.domain.Role.userRoles
15:56:19.110 [Test worker] DEBUG o.h.l.c.p.AbstractLoadPlanBasedCollectionInitializer - Done loading collection
15:56:19.110 [Test worker] DEBUG o.s.orm.jpa.JpaTransactionManager - Initiating transaction commit
15:56:19.110 [Test worker] DEBUG o.s.orm.jpa.JpaTransactionManager - Committing JPA transaction on EntityManager [org.hibernate.jpa.internal.EntityManagerImpl@41924eee]
15:56:19.110 [Test worker] DEBUG o.h.e.t.spi.AbstractTransactionImpl - committing
15:56:19.110 [Test worker] DEBUG o.h.e.i.AbstractFlushingEventListener - Processing flush-time cascades
15:56:19.110 [Test worker] DEBUG o.h.e.i.AbstractFlushingEventListener - Dirty checking collections
15:56:19.110 [Test worker] DEBUG o.h.engine.internal.Collections - Collection dereferenced: [sciConsole.domain.Role.userRoles#2]
15:56:19.110 [Test worker] DEBUG o.h.engine.internal.Collections - Collection dereferenced: [sciConsole.domain.Role.userRoles#1]
15:56:19.110 [Test worker] DEBUG o.h.e.i.AbstractFlushingEventListener - Flushed: 0 insertions, 0 updates, 4 deletions to 4 objects
15:56:19.110 [Test worker] DEBUG o.h.e.i.AbstractFlushingEventListener - Flushed: 0 (re)creations, 0 updates, 2 removals to 2 collections
15:56:19.110 [Test worker] DEBUG o.h.internal.util.EntityPrinter - Listing entities:
15:56:19.110 [Test worker] DEBUG o.h.internal.util.EntityPrinter - sciConsole.domain.User{password=$2a$10$sbTqPCC0wB2c4IE5Y5RCdeWLIvtjAKEHFzHluAg7LiqkSdZNujJn2, role=sciConsole.domain.Role#2, id=15, login=Alice}
15:56:19.110 [Test worker] DEBUG o.h.internal.util.EntityPrinter - sciConsole.domain.User{password=$2a$10$UQ/jCMwn14H5VdHO4or0L.xvlGoplsSsRXHjXdbYij9UEArHJzsE2, role=sciConsole.domain.Role#1, id=16, login=Bob}
15:56:19.110 [Test worker] DEBUG o.h.internal.util.EntityPrinter - sciConsole.domain.Role{userRoles=[sciConsole.domain.User#16], role=MANAGER, id=1}
15:56:19.110 [Test worker] DEBUG o.h.internal.util.EntityPrinter - sciConsole.domain.Role{userRoles=[sciConsole.domain.User#15], role=DEVELOPER, id=2}
15:56:19.110 [Test worker] DEBUG o.h.p.c.AbstractCollectionPersister - Deleting collection: [sciConsole.domain.Role.userRoles#2]
15:56:19.110 [Test worker] DEBUG org.hibernate.SQL - delete from user_roles where role_id=?
15:56:19.112 [Test worker] DEBUG o.h.p.c.AbstractCollectionPersister - Done deleting collection
15:56:19.112 [Test worker] DEBUG o.h.p.c.AbstractCollectionPersister - Deleting collection: [sciConsole.domain.Role.userRoles#1]
15:56:19.112 [Test worker] DEBUG org.hibernate.SQL - delete from user_roles where role_id=?
15:56:19.112 [Test worker] DEBUG o.h.p.c.AbstractCollectionPersister - Done deleting collection
15:56:19.113 [Test worker] DEBUG org.hibernate.SQL - delete from user_roles where user_id=?
15:56:19.113 [Test worker] DEBUG org.hibernate.SQL - delete from users where id=?
15:56:19.114 [Test worker] DEBUG org.hibernate.SQL - delete from roles where id=?
15:56:19.114 [Test worker] DEBUG org.hibernate.SQL - delete from user_roles where user_id=?
15:56:19.114 [Test worker] DEBUG org.hibernate.SQL - delete from users where id=?
15:56:19.115 [Test worker] DEBUG org.hibernate.SQL - delete from roles where id=?
15:56:19.118 [Test worker] DEBUG o.h.e.t.i.jdbc.JdbcTransaction - committed JDBC Connection
15:56:19.118 [Test worker] DEBUG o.h.e.t.i.jdbc.JdbcTransaction - re-enabling autocommit
15:56:19.119 [Test worker] DEBUG o.s.orm.jpa.JpaTransactionManager - Closing JPA EntityManager [org.hibernate.jpa.internal.EntityManagerImpl@41924eee] after transaction
15:56:19.119 [Test worker] DEBUG o.s.o.jpa.EntityManagerFactoryUtils - Closing JPA EntityManager
15:56:19.119 [Test worker] DEBUG o.h.e.j.internal.JdbcCoordinatorImpl - HHH000420: Closing un-released batch
15:56:19.119 [Test worker] DEBUG o.h.e.j.i.LogicalConnectionImpl - Releasing JDBC connection
15:56:19.119 [Test worker] DEBUG o.h.e.j.i.LogicalConnectionImpl - Released JDBC connection
15:56:19.119 [Test worker] DEBUG o.s.orm.jpa.JpaTransactionManager - Creating new transaction with name [org.springframework.data.jpa.repository.support.SimpleJpaRepository.deleteAll]: PROPAGATION_REQUIRED,ISOLATION_DEFAULT; ''
15:56:19.119 [Test worker] DEBUG o.s.orm.jpa.JpaTransactionManager - Opened new EntityManager [org.hibernate.jpa.internal.EntityManagerImpl@19757e12] for JPA transaction
15:56:19.119 [Test worker] DEBUG o.h.e.t.spi.AbstractTransactionImpl - begin
15:56:19.119 [Test worker] DEBUG o.h.e.j.i.LogicalConnectionImpl - Obtaining JDBC connection
15:56:19.119 [Test worker] DEBUG o.s.j.d.DriverManagerDataSource - Creating new JDBC DriverManager Connection to [jdbc:mysql://127.0.0.1:3306/wrp3]
15:56:19.122 [Test worker] DEBUG o.h.e.j.i.LogicalConnectionImpl - Obtained JDBC connection
15:56:19.122 [Test worker] DEBUG o.h.e.t.i.jdbc.JdbcTransaction - initial autocommit status: true
15:56:19.122 [Test worker] DEBUG o.h.e.t.i.jdbc.JdbcTransaction - disabling autocommit
15:56:19.123 [Test worker] DEBUG o.s.orm.jpa.JpaTransactionManager - Exposing JPA transaction as JDBC transaction [org.springframework.orm.jpa.vendor.HibernateJpaDialect$HibernateConnectionHandle@48fabb3a]
15:56:19.123 [Test worker] DEBUG o.h.jpa.criteria.CriteriaQueryImpl - Rendered criteria query -> select generatedAlias0 from Role as generatedAlias0
15:56:19.123 [Test worker] DEBUG org.hibernate.SQL - select role0_.id as id1_4_, role0_.role as role2_4_ from roles role0_
15:56:19.124 [Test worker] DEBUG o.s.orm.jpa.JpaTransactionManager - Initiating transaction commit
15:56:19.124 [Test worker] DEBUG o.s.orm.jpa.JpaTransactionManager - Committing JPA transaction on EntityManager [org.hibernate.jpa.internal.EntityManagerImpl@19757e12]
15:56:19.124 [Test worker] DEBUG o.h.e.t.spi.AbstractTransactionImpl - committing
15:56:19.124 [Test worker] DEBUG o.h.e.t.i.jdbc.JdbcTransaction - committed JDBC Connection
15:56:19.124 [Test worker] DEBUG o.h.e.t.i.jdbc.JdbcTransaction - re-enabling autocommit
15:56:19.124 [Test worker] DEBUG o.s.orm.jpa.JpaTransactionManager - Closing JPA EntityManager [org.hibernate.jpa.internal.EntityManagerImpl@19757e12] after transaction
15:56:19.124 [Test worker] DEBUG o.s.o.jpa.EntityManagerFactoryUtils - Closing JPA EntityManager
15:56:19.124 [Test worker] DEBUG o.h.e.j.i.LogicalConnectionImpl - Releasing JDBC connection
15:56:19.124 [Test worker] DEBUG o.h.e.j.i.LogicalConnectionImpl - Released JDBC connection
15:56:19.125 [Test worker] DEBUG o.s.orm.jpa.JpaTransactionManager - Creating new transaction with name [org.springframework.data.jpa.repository.support.SimpleJpaRepository.save]: PROPAGATION_REQUIRED,ISOLATION_DEFAULT; ''
15:56:19.125 [Test worker] DEBUG o.s.orm.jpa.JpaTransactionManager - Opened new EntityManager [org.hibernate.jpa.internal.EntityManagerImpl@551e849d] for JPA transaction
15:56:19.125 [Test worker] DEBUG o.h.e.t.spi.AbstractTransactionImpl - begin
15:56:19.125 [Test worker] DEBUG o.h.e.j.i.LogicalConnectionImpl - Obtaining JDBC connection
15:56:19.125 [Test worker] DEBUG o.s.j.d.DriverManagerDataSource - Creating new JDBC DriverManager Connection to [jdbc:mysql://127.0.0.1:3306/wrp3]
15:56:19.128 [Test worker] DEBUG o.h.e.j.i.LogicalConnectionImpl - Obtained JDBC connection
15:56:19.128 [Test worker] DEBUG o.h.e.t.i.jdbc.JdbcTransaction - initial autocommit status: true
15:56:19.128 [Test worker] DEBUG o.h.e.t.i.jdbc.JdbcTransaction - disabling autocommit
15:56:19.128 [Test worker] DEBUG o.s.orm.jpa.JpaTransactionManager - Exposing JPA transaction as JDBC transaction [org.springframework.orm.jpa.vendor.HibernateJpaDialect$HibernateConnectionHandle@60967e8e]
15:56:19.129 [Test worker] DEBUG org.hibernate.loader.Loader - Loading entity: [sciConsole.domain.User#15]
15:56:19.129 [Test worker] DEBUG org.hibernate.SQL - select user0_.id as id1_8_1_, user0_.login as login2_8_1_, user0_.password as password3_8_1_, user0_1_.role_id as role_id1_7_1_, role1_.id as id1_4_0_, role1_.role as role2_4_0_ from users user0_ left outer join user_roles user0_1_ on user0_.id=user0_1_.user_id left outer join roles role1_ on user0_1_.role_id=role1_.id where user0_.id=?
15:56:19.129 [Test worker] DEBUG org.hibernate.loader.Loader - Done entity load
15:56:19.130 [Test worker] DEBUG org.hibernate.loader.Loader - Loading entity: [sciConsole.domain.Role#2]
15:56:19.130 [Test worker] DEBUG org.hibernate.SQL - select role0_.id as id1_4_1_, role0_.role as role2_4_1_, userroles1_.role_id as role_id1_4_3_, user2_.id as user_id2_7_3_, user2_.id as id1_8_0_, user2_.login as login2_8_0_, user2_.password as password3_8_0_, user2_1_.role_id as role_id1_7_0_ from roles role0_ left outer join user_roles userroles1_ on role0_.id=userroles1_.role_id left outer join users user2_ on userroles1_.user_id=user2_.id left outer join user_roles user2_1_ on user2_.id=user2_1_.user_id where role0_.id=?
15:56:19.130 [Test worker] DEBUG o.h.e.l.i.CollectionLoadContext - No collections were found in result set for role: sciConsole.domain.Role.userRoles
15:56:19.130 [Test worker] DEBUG org.hibernate.loader.Loader - Done entity load
15:56:19.131 [Test worker] DEBUG o.h.e.i.AbstractSaveEventListener - Generated identifier: 2, using strategy: org.hibernate.id.Assigned
15:56:19.131 [Test worker] DEBUG org.hibernate.SQL - insert into roles (role, id) values (?, ?)
15:56:19.132 [Test worker] DEBUG org.hibernate.engine.spi.ActionQueue - Executing identity-insert immediately
15:56:19.132 [Test worker] DEBUG org.hibernate.SQL - insert into users (login, password) values (?, ?)
15:56:19.132 [Test worker] DEBUG o.h.id.IdentifierGeneratorHelper - Natively generated identity: 17
15:56:19.133 [Test worker] DEBUG org.hibernate.SQL - insert into user_roles (role_id, user_id) values (?, ?)
15:56:19.134 [Test worker] DEBUG org.hibernate.loader.Loader - Loading entity: [sciConsole.domain.User#16]
15:56:19.134 [Test worker] DEBUG org.hibernate.SQL - select user0_.id as id1_8_1_, user0_.login as login2_8_1_, user0_.password as password3_8_1_, user0_1_.role_id as role_id1_7_1_, role1_.id as id1_4_0_, role1_.role as role2_4_0_ from users user0_ left outer join user_roles user0_1_ on user0_.id=user0_1_.user_id left outer join roles role1_ on user0_1_.role_id=role1_.id where user0_.id=?
15:56:19.134 [Test worker] DEBUG org.hibernate.loader.Loader - Done entity load
15:56:19.134 [Test worker] DEBUG org.hibernate.loader.Loader - Loading entity: [sciConsole.domain.Role#1]
15:56:19.134 [Test worker] DEBUG org.hibernate.SQL - select role0_.id as id1_4_1_, role0_.role as role2_4_1_, userroles1_.role_id as role_id1_4_3_, user2_.id as user_id2_7_3_, user2_.id as id1_8_0_, user2_.login as login2_8_0_, user2_.password as password3_8_0_, user2_1_.role_id as role_id1_7_0_ from roles role0_ left outer join user_roles userroles1_ on role0_.id=userroles1_.role_id left outer join users user2_ on userroles1_.user_id=user2_.id left outer join user_roles user2_1_ on user2_.id=user2_1_.user_id where role0_.id=?
15:56:19.135 [Test worker] DEBUG o.h.e.l.i.CollectionLoadContext - No collections were found in result set for role: sciConsole.domain.Role.userRoles
15:56:19.135 [Test worker] DEBUG org.hibernate.loader.Loader - Done entity load
15:56:19.135 [Test worker] DEBUG o.h.e.i.AbstractSaveEventListener - Generated identifier: 1, using strategy: org.hibernate.id.Assigned
15:56:19.135 [Test worker] DEBUG org.hibernate.SQL - insert into roles (role, id) values (?, ?)
15:56:19.136 [Test worker] DEBUG org.hibernate.engine.spi.ActionQueue - Executing identity-insert immediately
15:56:19.136 [Test worker] DEBUG org.hibernate.SQL - insert into users (login, password) values (?, ?)
15:56:19.136 [Test worker] DEBUG o.h.id.IdentifierGeneratorHelper - Natively generated identity: 18
15:56:19.136 [Test worker] DEBUG org.hibernate.SQL - insert into user_roles (role_id, user_id) values (?, ?)
15:56:19.137 [Test worker] DEBUG o.s.orm.jpa.JpaTransactionManager - Initiating transaction commit
15:56:19.137 [Test worker] DEBUG o.s.orm.jpa.JpaTransactionManager - Committing JPA transaction on EntityManager [org.hibernate.jpa.internal.EntityManagerImpl@551e849d]
15:56:19.137 [Test worker] DEBUG o.h.e.t.spi.AbstractTransactionImpl - committing
15:56:19.137 [Test worker] DEBUG o.h.e.i.AbstractFlushingEventListener - Processing flush-time cascades
15:56:19.137 [Test worker] DEBUG o.h.e.i.AbstractFlushingEventListener - Dirty checking collections
15:56:19.137 [Test worker] DEBUG o.h.e.i.AbstractFlushingEventListener - Flushed: 0 insertions, 0 updates, 0 deletions to 4 objects
15:56:19.137 [Test worker] DEBUG o.h.e.i.AbstractFlushingEventListener - Flushed: 0 (re)creations, 0 updates, 0 removals to 0 collections
15:56:19.137 [Test worker] DEBUG o.h.internal.util.EntityPrinter - Listing entities:
15:56:19.138 [Test worker] DEBUG o.h.internal.util.EntityPrinter - sciConsole.domain.User{password=$2a$10$sbTqPCC0wB2c4IE5Y5RCdeWLIvtjAKEHFzHluAg7LiqkSdZNujJn2, role=sciConsole.domain.Role#2, id=17, login=Alice}
15:56:19.138 [Test worker] DEBUG o.h.internal.util.EntityPrinter - sciConsole.domain.Role{userRoles=null, role=MANAGER, id=1}
15:56:19.138 [Test worker] DEBUG o.h.internal.util.EntityPrinter - sciConsole.domain.Role{userRoles=null, role=DEVELOPER, id=2}
15:56:19.138 [Test worker] DEBUG o.h.internal.util.EntityPrinter - sciConsole.domain.User{password=$2a$10$UQ/jCMwn14H5VdHO4or0L.xvlGoplsSsRXHjXdbYij9UEArHJzsE2, role=sciConsole.domain.Role#1, id=18, login=Bob}
15:56:19.140 [Test worker] DEBUG o.h.e.t.i.jdbc.JdbcTransaction - committed JDBC Connection
15:56:19.140 [Test worker] DEBUG o.h.e.t.i.jdbc.JdbcTransaction - re-enabling autocommit
15:56:19.141 [Test worker] DEBUG o.s.orm.jpa.JpaTransactionManager - Closing JPA EntityManager [org.hibernate.jpa.internal.EntityManagerImpl@551e849d] after transaction
15:56:19.141 [Test worker] DEBUG o.s.o.jpa.EntityManagerFactoryUtils - Closing JPA EntityManager
15:56:19.141 [Test worker] DEBUG o.h.e.j.internal.JdbcCoordinatorImpl - HHH000420: Closing un-released batch
15:56:19.141 [Test worker] DEBUG o.h.e.j.i.LogicalConnectionImpl - Releasing JDBC connection
15:56:19.141 [Test worker] DEBUG o.h.e.j.i.LogicalConnectionImpl - Released JDBC connection
15:56:19.141 [Test worker] DEBUG o.s.orm.jpa.JpaTransactionManager - Creating new transaction with name [org.springframework.data.jpa.repository.support.SimpleJpaRepository.save]: PROPAGATION_REQUIRED,ISOLATION_DEFAULT; ''
15:56:19.141 [Test worker] DEBUG o.s.orm.jpa.JpaTransactionManager - Opened new EntityManager [org.hibernate.jpa.internal.EntityManagerImpl@3a82ba6b] for JPA transaction
15:56:19.141 [Test worker] DEBUG o.h.e.t.spi.AbstractTransactionImpl - begin
15:56:19.141 [Test worker] DEBUG o.h.e.j.i.LogicalConnectionImpl - Obtaining JDBC connection
15:56:19.141 [Test worker] DEBUG o.s.j.d.DriverManagerDataSource - Creating new JDBC DriverManager Connection to [jdbc:mysql://127.0.0.1:3306/wrp3]
15:56:19.145 [Test worker] DEBUG o.h.e.j.i.LogicalConnectionImpl - Obtained JDBC connection
15:56:19.145 [Test worker] DEBUG o.h.e.t.i.jdbc.JdbcTransaction - initial autocommit status: true
15:56:19.145 [Test worker] DEBUG o.h.e.t.i.jdbc.JdbcTransaction - disabling autocommit
15:56:19.145 [Test worker] DEBUG o.s.orm.jpa.JpaTransactionManager - Exposing JPA transaction as JDBC transaction [org.springframework.orm.jpa.vendor.HibernateJpaDialect$HibernateConnectionHandle@7d37e147]
15:56:19.145 [Test worker] DEBUG org.hibernate.loader.Loader - Loading entity: [sciConsole.domain.Role#1]
15:56:19.145 [Test worker] DEBUG org.hibernate.SQL - select role0_.id as id1_4_1_, role0_.role as role2_4_1_, userroles1_.role_id as role_id1_4_3_, user2_.id as user_id2_7_3_, user2_.id as id1_8_0_, user2_.login as login2_8_0_, user2_.password as password3_8_0_, user2_1_.role_id as role_id1_7_0_ from roles role0_ left outer join user_roles userroles1_ on role0_.id=userroles1_.role_id left outer join users user2_ on userroles1_.user_id=user2_.id left outer join user_roles user2_1_ on user2_.id=user2_1_.user_id where role0_.id=?
15:56:19.146 [Test worker] DEBUG org.hibernate.loader.Loader - Result set row: 0
15:56:19.146 [Test worker] DEBUG org.hibernate.loader.Loader - Result row: EntityKey[sciConsole.domain.User#18], EntityKey[sciConsole.domain.Role#1]
15:56:19.146 [Test worker] DEBUG org.hibernate.loader.Loader - Found row of collection: [sciConsole.domain.Role.userRoles#1]
15:56:19.147 [Test worker] DEBUG o.h.engine.internal.TwoPhaseLoad - Resolving associations for [sciConsole.domain.User#18]
15:56:19.147 [Test worker] DEBUG o.h.engine.internal.TwoPhaseLoad - Done materializing entity [sciConsole.domain.User#18]
15:56:19.147 [Test worker] DEBUG o.h.engine.internal.TwoPhaseLoad - Resolving associations for [sciConsole.domain.Role#1]
15:56:19.147 [Test worker] DEBUG o.h.engine.internal.TwoPhaseLoad - Done materializing entity [sciConsole.domain.Role#1]
15:56:19.147 [Test worker] DEBUG o.h.e.l.i.CollectionLoadContext - 1 collections were found in result set for role: sciConsole.domain.Role.userRoles
15:56:19.147 [Test worker] DEBUG o.h.e.l.i.CollectionLoadContext - Collection fully initialized: [sciConsole.domain.Role.userRoles#1]
15:56:19.147 [Test worker] DEBUG o.h.e.l.i.CollectionLoadContext - 1 collections initialized for role: sciConsole.domain.Role.userRoles
15:56:19.147 [Test worker] DEBUG org.hibernate.loader.Loader - Done entity load
15:56:19.148 [Test worker] DEBUG org.hibernate.loader.Loader - Loading entity: [sciConsole.domain.Role#2]
15:56:19.148 [Test worker] DEBUG org.hibernate.SQL - select role0_.id as id1_4_1_, role0_.role as role2_4_1_, userroles1_.role_id as role_id1_4_3_, user2_.id as user_id2_7_3_, user2_.id as id1_8_0_, user2_.login as login2_8_0_, user2_.password as password3_8_0_, user2_1_.role_id as role_id1_7_0_ from roles role0_ left outer join user_roles userroles1_ on role0_.id=userroles1_.role_id left outer join users user2_ on userroles1_.user_id=user2_.id left outer join user_roles user2_1_ on user2_.id=user2_1_.user_id where role0_.id=?
15:56:19.149 [Test worker] DEBUG org.hibernate.loader.Loader - Result set row: 0
15:56:19.149 [Test worker] DEBUG org.hibernate.loader.Loader - Result row: EntityKey[sciConsole.domain.User#17], EntityKey[sciConsole.domain.Role#2]
15:56:19.149 [Test worker] DEBUG org.hibernate.loader.Loader - Found row of collection: [sciConsole.domain.Role.userRoles#2]
15:56:19.150 [Test worker] DEBUG o.h.engine.internal.TwoPhaseLoad - Resolving associations for [sciConsole.domain.User#17]
15:56:19.150 [Test worker] DEBUG o.h.engine.internal.TwoPhaseLoad - Done materializing entity [sciConsole.domain.User#17]
15:56:19.150 [Test worker] DEBUG o.h.engine.internal.TwoPhaseLoad - Resolving associations for [sciConsole.domain.Role#2]
15:56:19.150 [Test worker] DEBUG o.h.engine.internal.TwoPhaseLoad - Done materializing entity [sciConsole.domain.Role#2]
15:56:19.150 [Test worker] DEBUG o.h.e.l.i.CollectionLoadContext - 1 collections were found in result set for role: sciConsole.domain.Role.userRoles
15:56:19.150 [Test worker] DEBUG o.h.e.l.i.CollectionLoadContext - Collection fully initialized: [sciConsole.domain.Role.userRoles#2]
15:56:19.150 [Test worker] DEBUG o.h.e.l.i.CollectionLoadContext - 1 collections initialized for role: sciConsole.domain.Role.userRoles
15:56:19.150 [Test worker] DEBUG org.hibernate.loader.Loader - Done entity load
15:56:19.151 [Test worker] DEBUG o.s.orm.jpa.JpaTransactionManager - Initiating transaction commit
15:56:19.151 [Test worker] DEBUG o.s.orm.jpa.JpaTransactionManager - Committing JPA transaction on EntityManager [org.hibernate.jpa.internal.EntityManagerImpl@3a82ba6b]
15:56:19.151 [Test worker] DEBUG o.h.e.t.spi.AbstractTransactionImpl - committing
15:56:19.151 [Test worker] DEBUG o.h.e.i.AbstractFlushingEventListener - Processing flush-time cascades
15:56:19.151 [Test worker] DEBUG o.h.e.i.AbstractFlushingEventListener - Dirty checking collections
15:56:19.151 [Test worker] DEBUG o.h.engine.internal.Collections - Collection found: [sciConsole.domain.Role.userRoles#1], was: [sciConsole.domain.Role.userRoles#1] (initialized)
15:56:19.152 [Test worker] DEBUG o.h.engine.internal.Collections - Collection found: [sciConsole.domain.Role.userRoles#2], was: [sciConsole.domain.Role.userRoles#2] (initialized)
15:56:19.152 [Test worker] DEBUG o.h.e.i.AbstractFlushingEventListener - Flushed: 0 insertions, 0 updates, 0 deletions to 4 objects
15:56:19.152 [Test worker] DEBUG o.h.e.i.AbstractFlushingEventListener - Flushed: 0 (re)creations, 0 updates, 0 removals to 2 collections
15:56:19.152 [Test worker] DEBUG o.h.internal.util.EntityPrinter - Listing entities:
15:56:19.152 [Test worker] DEBUG o.h.internal.util.EntityPrinter - sciConsole.domain.Role{userRoles=[sciConsole.domain.User#18], role=MANAGER, id=1}
15:56:19.152 [Test worker] DEBUG o.h.internal.util.EntityPrinter - sciConsole.domain.User{password=$2a$10$sbTqPCC0wB2c4IE5Y5RCdeWLIvtjAKEHFzHluAg7LiqkSdZNujJn2, role=sciConsole.domain.Role#2, id=17, login=Alice}
15:56:19.152 [Test worker] DEBUG o.h.internal.util.EntityPrinter - sciConsole.domain.User{password=$2a$10$UQ/jCMwn14H5VdHO4or0L.xvlGoplsSsRXHjXdbYij9UEArHJzsE2, role=sciConsole.domain.Role#1, id=18, login=Bob}
15:56:19.152 [Test worker] DEBUG o.h.internal.util.EntityPrinter - sciConsole.domain.Role{userRoles=[sciConsole.domain.User#17], role=DEVELOPER, id=2}
15:56:19.152 [Test worker] DEBUG o.h.e.t.i.jdbc.JdbcTransaction - committed JDBC Connection
15:56:19.152 [Test worker] DEBUG o.h.e.t.i.jdbc.JdbcTransaction - re-enabling autocommit
15:56:19.152 [Test worker] DEBUG o.s.orm.jpa.JpaTransactionManager - Closing JPA EntityManager [org.hibernate.jpa.internal.EntityManagerImpl@3a82ba6b] after transaction
15:56:19.152 [Test worker] DEBUG o.s.o.jpa.EntityManagerFactoryUtils - Closing JPA EntityManager
15:56:19.152 [Test worker] DEBUG o.h.e.j.i.LogicalConnectionImpl - Releasing JDBC connection
15:56:19.153 [Test worker] DEBUG o.h.e.j.i.LogicalConnectionImpl - Released JDBC connection
15:56:19.154 [Test worker] DEBUG o.s.t.c.s.AbstractDirtiesContextTestExecutionListener - After test class: context [DefaultTestContext@74394f9a testClass = CompleteChangeRequestStepDefs, testInstance = [null], testMethod = [null], testException = [null], mergedContextConfiguration = [WebMergedContextConfiguration@2b36c1f1 testClass = CompleteChangeRequestStepDefs, locations = '{}', classes = '{class sciConsole.SciConsoleApplication, class sciConsole.controller.SessionController, class sciConsole.controller.AccountController, class sciConsole.controller.ChangeRequestController, class sciConsole.SecurityConfig, class sciConsole.WebConfig}', contextInitializerClasses = '[]', activeProfiles = '{}', propertySourceLocations = '{}', propertySourceProperties = '{}', resourceBasePath = 'src/main/webapp', contextLoader = 'org.springframework.test.context.web.WebDelegatingSmartContextLoader', parent = [null]]], class annotated with @DirtiesContext [false] with mode [null].
15:56:19.216 [Test worker] DEBUG o.s.b.f.s.DefaultListableBeanFactory - Returning cached instance of singleton bean 'springSecurityFilterChain'
15:56:19.216 [Test worker] DEBUG o.s.test.util.ReflectionTestUtils - Invoking method 'getFilters' on target [FilterChainProxy[Filter Chains: [[ org.springframework.security.web.util.matcher.AnyRequestMatcher@1, [org.springframework.security.web.access.channel.ChannelProcessingFilter@2ad101f0, org.springframework.security.web.context.request.async.WebAsyncManagerIntegrationFilter@7a1601ea, org.springframework.security.web.context.SecurityContextPersistenceFilter@1ed920ed, org.springframework.security.web.header.HeaderWriterFilter@54d81890, org.springframework.security.web.csrf.CsrfFilter@3a7f45ac, org.springframework.security.web.authentication.logout.LogoutFilter@53f60b35, org.springframework.security.web.authentication.UsernamePasswordAuthenticationFilter@7d51c9ea, org.springframework.security.web.savedrequest.RequestCacheAwareFilter@42c2e682, org.springframework.security.web.servletapi.SecurityContextHolderAwareRequestFilter@3524fe79, org.springframework.security.web.authentication.AnonymousAuthenticationFilter@56b23bee, org.springframework.security.web.session.SessionManagementFilter@7785c534, org.springframework.security.web.access.ExceptionTranslationFilter@5ac7316e, org.springframework.security.web.access.intercept.FilterSecurityInterceptor@879e25e]]]]] with arguments [{org.springframework.mock.web.MockHttpServletRequest@7bbf5ca6}]
15:56:19.216 [Test worker] DEBUG o.s.test.util.ReflectionTestUtils - Getting field 'repo' from target object [org.springframework.security.web.context.SecurityContextPersistenceFilter@1ed920ed] or target class [class org.springframework.security.web.context.SecurityContextPersistenceFilter]
15:56:19.216 [Test worker] DEBUG o.s.s.w.c.HttpSessionSecurityContextRepository - No HttpSession currently exists
15:56:19.216 [Test worker] DEBUG o.s.s.w.c.HttpSessionSecurityContextRepository - No SecurityContext was available from the HttpSession: null. A new one will be created.
15:56:19.216 [Test worker] DEBUG o.s.s.w.c.HttpSessionSecurityContextRepository - HttpSession being created as SecurityContext is non-default
15:56:19.216 [Test worker] DEBUG o.s.s.w.c.HttpSessionSecurityContextRepository - SecurityContext 'org.springframework.security.core.context.SecurityContextImpl@45ecef62: Authentication: org.springframework.security.authentication.UsernamePasswordAuthenticationToken@45ecef62: Principal: Bob; Credentials: [PROTECTED]; Authenticated: true; Details: null; Granted Authorities: ROLE_MANAGER' stored to HttpSession: 'org.springframework.mock.web.MockHttpSession@7fc0fa48
15:56:19.216 [Test worker] DEBUG o.s.security.web.FilterChainProxy - /login-form at position 1 of 13 in additional filter chain; firing Filter: 'ChannelProcessingFilter'
15:56:19.216 [Test worker] DEBUG o.s.s.w.a.c.ChannelProcessingFilter - Request: FilterInvocation: URL: /login-form; ConfigAttributes: [REQUIRES_SECURE_CHANNEL]
15:56:19.216 [Test worker] DEBUG o.s.s.w.a.c.RetryWithHttpsEntryPoint - Redirecting to: https://localhost/login-form
15:56:19.216 [Test worker] DEBUG o.s.s.web.DefaultRedirectStrategy - Redirecting to 'https://localhost/login-form'
15:56:19.218 [Test worker] DEBUG o.s.orm.jpa.JpaTransactionManager - Creating new transaction with name [org.springframework.data.jpa.repository.support.SimpleJpaRepository.deleteAll]: PROPAGATION_REQUIRED,ISOLATION_DEFAULT; ''
15:56:19.218 [Test worker] DEBUG o.s.orm.jpa.JpaTransactionManager - Opened new EntityManager [org.hibernate.jpa.internal.EntityManagerImpl@5b147159] for JPA transaction
15:56:19.218 [Test worker] DEBUG o.h.e.t.spi.AbstractTransactionImpl - begin
15:56:19.218 [Test worker] DEBUG o.h.e.j.i.LogicalConnectionImpl - Obtaining JDBC connection
15:56:19.218 [Test worker] DEBUG o.s.j.d.DriverManagerDataSource - Creating new JDBC DriverManager Connection to [jdbc:mysql://127.0.0.1:3306/wrp3]
15:56:19.222 [Test worker] DEBUG o.h.e.j.i.LogicalConnectionImpl - Obtained JDBC connection
15:56:19.222 [Test worker] DEBUG o.h.e.t.i.jdbc.JdbcTransaction - initial autocommit status: true
15:56:19.222 [Test worker] DEBUG o.h.e.t.i.jdbc.JdbcTransaction - disabling autocommit
15:56:19.222 [Test worker] DEBUG o.s.orm.jpa.JpaTransactionManager - Exposing JPA transaction as JDBC transaction [org.springframework.orm.jpa.vendor.HibernateJpaDialect$HibernateConnectionHandle@26f11138]
15:56:19.223 [Test worker] DEBUG o.h.jpa.criteria.CriteriaQueryImpl - Rendered criteria query -> select generatedAlias0 from Request as generatedAlias0
15:56:19.223 [Test worker] DEBUG org.hibernate.SQL - select request0_.request_id as request_1_3_, request0_.assign_to as assign_t2_3_, request0_.created_by as created_3_3_, request0_.date_created as date_cre4_3_, request0_.date_complete as date_com5_3_, request0_.due_date as due_date6_3_, request0_.priority as priority7_3_, request0_.reject_reason as reject_r8_3_, request0_.req_desc as req_desc9_3_, request0_.req_solution as req_sol10_3_, request0_.sci_id as sci_id11_3_, request0_.status as status12_3_, request0_.assigned_to as assigne13_3_, request0_.version_id as version14_3_ from request request0_
15:56:19.224 [Test worker] DEBUG o.s.orm.jpa.JpaTransactionManager - Initiating transaction commit
15:56:19.224 [Test worker] DEBUG o.s.orm.jpa.JpaTransactionManager - Committing JPA transaction on EntityManager [org.hibernate.jpa.internal.EntityManagerImpl@5b147159]
15:56:19.224 [Test worker] DEBUG o.h.e.t.spi.AbstractTransactionImpl - committing
15:56:19.224 [Test worker] DEBUG o.h.e.t.i.jdbc.JdbcTransaction - committed JDBC Connection
15:56:19.224 [Test worker] DEBUG o.h.e.t.i.jdbc.JdbcTransaction - re-enabling autocommit
15:56:19.224 [Test worker] DEBUG o.s.orm.jpa.JpaTransactionManager - Closing JPA EntityManager [org.hibernate.jpa.internal.EntityManagerImpl@5b147159] after transaction
15:56:19.224 [Test worker] DEBUG o.s.o.jpa.EntityManagerFactoryUtils - Closing JPA EntityManager
15:56:19.224 [Test worker] DEBUG o.h.e.j.i.LogicalConnectionImpl - Releasing JDBC connection
15:56:19.224 [Test worker] DEBUG o.h.e.j.i.LogicalConnectionImpl - Released JDBC connection
15:56:19.225 [Test worker] DEBUG o.s.orm.jpa.JpaTransactionManager - Creating new transaction with name [org.springframework.data.jpa.repository.support.SimpleJpaRepository.save]: PROPAGATION_REQUIRED,ISOLATION_DEFAULT; ''
15:56:19.225 [Test worker] DEBUG o.s.orm.jpa.JpaTransactionManager - Opened new EntityManager [org.hibernate.jpa.internal.EntityManagerImpl@ff3b2ca] for JPA transaction
15:56:19.225 [Test worker] DEBUG o.h.e.t.spi.AbstractTransactionImpl - begin
15:56:19.225 [Test worker] DEBUG o.h.e.j.i.LogicalConnectionImpl - Obtaining JDBC connection
15:56:19.225 [Test worker] DEBUG o.s.j.d.DriverManagerDataSource - Creating new JDBC DriverManager Connection to [jdbc:mysql://127.0.0.1:3306/wrp3]
15:56:19.228 [Test worker] DEBUG o.h.e.j.i.LogicalConnectionImpl - Obtained JDBC connection
15:56:19.228 [Test worker] DEBUG o.h.e.t.i.jdbc.JdbcTransaction - initial autocommit status: true
15:56:19.228 [Test worker] DEBUG o.h.e.t.i.jdbc.JdbcTransaction - disabling autocommit
15:56:19.229 [Test worker] DEBUG o.s.orm.jpa.JpaTransactionManager - Exposing JPA transaction as JDBC transaction [org.springframework.orm.jpa.vendor.HibernateJpaDialect$HibernateConnectionHandle@3f97fa38]
15:56:19.229 [Test worker] DEBUG o.s.orm.jpa.JpaTransactionManager - Initiating transaction commit
15:56:19.229 [Test worker] DEBUG o.s.orm.jpa.JpaTransactionManager - Committing JPA transaction on EntityManager [org.hibernate.jpa.internal.EntityManagerImpl@ff3b2ca]
15:56:19.229 [Test worker] DEBUG o.h.e.t.spi.AbstractTransactionImpl - committing
15:56:19.229 [Test worker] DEBUG o.h.e.t.i.jdbc.JdbcTransaction - committed JDBC Connection
15:56:19.229 [Test worker] DEBUG o.h.e.t.i.jdbc.JdbcTransaction - re-enabling autocommit
15:56:19.229 [Test worker] DEBUG o.s.orm.jpa.JpaTransactionManager - Closing JPA EntityManager [org.hibernate.jpa.internal.EntityManagerImpl@ff3b2ca] after transaction
15:56:19.229 [Test worker] DEBUG o.s.o.jpa.EntityManagerFactoryUtils - Closing JPA EntityManager
15:56:19.229 [Test worker] DEBUG o.h.e.j.i.LogicalConnectionImpl - Releasing JDBC connection
15:56:19.230 [Test worker] DEBUG o.h.e.j.i.LogicalConnectionImpl - Released JDBC connection
15:56:19.230 [Test worker] DEBUG o.s.orm.jpa.JpaTransactionManager - Creating new transaction with name [org.springframework.data.jpa.repository.support.SimpleJpaRepository.deleteAll]: PROPAGATION_REQUIRED,ISOLATION_DEFAULT; ''
15:56:19.230 [Test worker] DEBUG o.s.orm.jpa.JpaTransactionManager - Opened new EntityManager [org.hibernate.jpa.internal.EntityManagerImpl@109ea079] for JPA transaction
15:56:19.230 [Test worker] DEBUG o.h.e.t.spi.AbstractTransactionImpl - begin
15:56:19.230 [Test worker] DEBUG o.h.e.j.i.LogicalConnectionImpl - Obtaining JDBC connection
15:56:19.230 [Test worker] DEBUG o.s.j.d.DriverManagerDataSource - Creating new JDBC DriverManager Connection to [jdbc:mysql://127.0.0.1:3306/wrp3]
15:56:19.234 [Test worker] DEBUG o.h.e.j.i.LogicalConnectionImpl - Obtained JDBC connection
15:56:19.234 [Test worker] DEBUG o.h.e.t.i.jdbc.JdbcTransaction - initial autocommit status: true
15:56:19.234 [Test worker] DEBUG o.h.e.t.i.jdbc.JdbcTransaction - disabling autocommit
15:56:19.234 [Test worker] DEBUG o.s.orm.jpa.JpaTransactionManager - Exposing JPA transaction as JDBC transaction [org.springframework.orm.jpa.vendor.HibernateJpaDialect$HibernateConnectionHandle@e137b4e]
15:56:19.234 [Test worker] DEBUG o.h.jpa.criteria.CriteriaQueryImpl - Rendered criteria query -> select generatedAlias0 from Request as generatedAlias0
15:56:19.235 [Test worker] DEBUG org.hibernate.SQL - select request0_.request_id as request_1_3_, request0_.assign_to as assign_t2_3_, request0_.created_by as created_3_3_, request0_.date_created as date_cre4_3_, request0_.date_complete as date_com5_3_, request0_.due_date as due_date6_3_, request0_.priority as priority7_3_, request0_.reject_reason as reject_r8_3_, request0_.req_desc as req_desc9_3_, request0_.req_solution as req_sol10_3_, request0_.sci_id as sci_id11_3_, request0_.status as status12_3_, request0_.assigned_to as assigne13_3_, request0_.version_id as version14_3_ from request request0_
15:56:19.236 [Test worker] DEBUG o.s.orm.jpa.JpaTransactionManager - Initiating transaction commit
15:56:19.236 [Test worker] DEBUG o.s.orm.jpa.JpaTransactionManager - Committing JPA transaction on EntityManager [org.hibernate.jpa.internal.EntityManagerImpl@109ea079]
15:56:19.236 [Test worker] DEBUG o.h.e.t.spi.AbstractTransactionImpl - committing
15:56:19.236 [Test worker] DEBUG o.h.e.t.i.jdbc.JdbcTransaction - committed JDBC Connection
15:56:19.236 [Test worker] DEBUG o.h.e.t.i.jdbc.JdbcTransaction - re-enabling autocommit
15:56:19.236 [Test worker] DEBUG o.s.orm.jpa.JpaTransactionManager - Closing JPA EntityManager [org.hibernate.jpa.internal.EntityManagerImpl@109ea079] after transaction
15:56:19.236 [Test worker] DEBUG o.s.o.jpa.EntityManagerFactoryUtils - Closing JPA EntityManager
15:56:19.236 [Test worker] DEBUG o.h.e.j.i.LogicalConnectionImpl - Releasing JDBC connection
15:56:19.236 [Test worker] DEBUG o.h.e.j.i.LogicalConnectionImpl - Released JDBC connection
15:56:19.237 [Test worker] DEBUG o.s.orm.jpa.JpaTransactionManager - Creating new transaction with name [org.springframework.data.jpa.repository.support.SimpleJpaRepository.save]: PROPAGATION_REQUIRED,ISOLATION_DEFAULT; ''
15:56:19.237 [Test worker] DEBUG o.s.orm.jpa.JpaTransactionManager - Opened new EntityManager [org.hibernate.jpa.internal.EntityManagerImpl@6f51f5] for JPA transaction
15:56:19.237 [Test worker] DEBUG o.h.e.t.spi.AbstractTransactionImpl - begin
15:56:19.237 [Test worker] DEBUG o.h.e.j.i.LogicalConnectionImpl - Obtaining JDBC connection
15:56:19.237 [Test worker] DEBUG o.s.j.d.DriverManagerDataSource - Creating new JDBC DriverManager Connection to [jdbc:mysql://127.0.0.1:3306/wrp3]
15:56:19.240 [Test worker] DEBUG o.h.e.j.i.LogicalConnectionImpl - Obtained JDBC connection
15:56:19.240 [Test worker] DEBUG o.h.e.t.i.jdbc.JdbcTransaction - initial autocommit status: true
15:56:19.240 [Test worker] DEBUG o.h.e.t.i.jdbc.JdbcTransaction - disabling autocommit
15:56:19.240 [Test worker] DEBUG o.s.orm.jpa.JpaTransactionManager - Exposing JPA transaction as JDBC transaction [org.springframework.orm.jpa.vendor.HibernateJpaDialect$HibernateConnectionHandle@7c8a6223]
15:56:19.241 [Test worker] DEBUG o.s.orm.jpa.JpaTransactionManager - Initiating transaction commit
15:56:19.241 [Test worker] DEBUG o.s.orm.jpa.JpaTransactionManager - Committing JPA transaction on EntityManager [org.hibernate.jpa.internal.EntityManagerImpl@6f51f5]
15:56:19.241 [Test worker] DEBUG o.h.e.t.spi.AbstractTransactionImpl - committing
15:56:19.241 [Test worker] DEBUG o.h.e.t.i.jdbc.JdbcTransaction - committed JDBC Connection
15:56:19.241 [Test worker] DEBUG o.h.e.t.i.jdbc.JdbcTransaction - re-enabling autocommit
15:56:19.241 [Test worker] DEBUG o.s.orm.jpa.JpaTransactionManager - Closing JPA EntityManager [org.hibernate.jpa.internal.EntityManagerImpl@6f51f5] after transaction
15:56:19.241 [Test worker] DEBUG o.s.o.jpa.EntityManagerFactoryUtils - Closing JPA EntityManager
15:56:19.241 [Test worker] DEBUG o.h.e.j.i.LogicalConnectionImpl - Releasing JDBC connection
15:56:19.241 [Test worker] DEBUG o.h.e.j.i.LogicalConnectionImpl - Released JDBC connection
15:56:19.242 [Test worker] DEBUG o.s.orm.jpa.JpaTransactionManager - Creating new transaction with name [org.springframework.data.jpa.repository.support.SimpleJpaRepository.deleteAll]: PROPAGATION_REQUIRED,ISOLATION_DEFAULT; ''
15:56:19.242 [Test worker] DEBUG o.s.orm.jpa.JpaTransactionManager - Opened new EntityManager [org.hibernate.jpa.internal.EntityManagerImpl@59001cfa] for JPA transaction
15:56:19.242 [Test worker] DEBUG o.h.e.t.spi.AbstractTransactionImpl - begin
15:56:19.242 [Test worker] DEBUG o.h.e.j.i.LogicalConnectionImpl - Obtaining JDBC connection
15:56:19.242 [Test worker] DEBUG o.s.j.d.DriverManagerDataSource - Creating new JDBC DriverManager Connection to [jdbc:mysql://127.0.0.1:3306/wrp3]
15:56:19.245 [Test worker] DEBUG o.h.e.j.i.LogicalConnectionImpl - Obtained JDBC connection
15:56:19.245 [Test worker] DEBUG o.h.e.t.i.jdbc.JdbcTransaction - initial autocommit status: true
15:56:19.245 [Test worker] DEBUG o.h.e.t.i.jdbc.JdbcTransaction - disabling autocommit
15:56:19.245 [Test worker] DEBUG o.s.orm.jpa.JpaTransactionManager - Exposing JPA transaction as JDBC transaction [org.springframework.orm.jpa.vendor.HibernateJpaDialect$HibernateConnectionHandle@3c246a01]
15:56:19.246 [Test worker] DEBUG o.h.jpa.criteria.CriteriaQueryImpl - Rendered criteria query -> select generatedAlias0 from User as generatedAlias0
15:56:19.246 [Test worker] DEBUG org.hibernate.SQL - select user0_.id as id1_8_, user0_.login as login2_8_, user0_.password as password3_8_, user0_1_.role_id as role_id1_7_ from users user0_ left outer join user_roles user0_1_ on user0_.id=user0_1_.user_id
15:56:19.247 [Test worker] DEBUG org.hibernate.loader.Loader - Result set row: 0
15:56:19.247 [Test worker] DEBUG org.hibernate.loader.Loader - Result row: EntityKey[sciConsole.domain.User#17]
15:56:19.247 [Test worker] DEBUG org.hibernate.loader.Loader - Result set row: 1
15:56:19.247 [Test worker] DEBUG org.hibernate.loader.Loader - Result row: EntityKey[sciConsole.domain.User#18]
15:56:19.247 [Test worker] DEBUG o.h.engine.internal.TwoPhaseLoad - Resolving associations for [sciConsole.domain.User#17]
15:56:19.247 [Test worker] DEBUG org.hibernate.SQL - select role0_.id as id1_4_0_, role0_.role as role2_4_0_ from roles role0_ where role0_.id=?
15:56:19.248 [Test worker] DEBUG o.h.l.p.e.p.i.ResultSetProcessorImpl - Starting ResultSet row #0
15:56:19.248 [Test worker] DEBUG o.h.l.p.e.p.i.EntityReferenceInitializerImpl - On call to EntityIdentifierReaderImpl#resolve, EntityKey was already known; should only happen on root returns with an optional identifier specified
15:56:19.248 [Test worker] DEBUG o.h.engine.internal.TwoPhaseLoad - Resolving associations for [sciConsole.domain.Role#2]
15:56:19.248 [Test worker] DEBUG o.h.engine.internal.TwoPhaseLoad - Done materializing entity [sciConsole.domain.Role#2]
15:56:19.249 [Test worker] DEBUG o.h.l.e.p.AbstractLoadPlanBasedEntityLoader - Done entity load : sciConsole.domain.Role#2
15:56:19.249 [Test worker] DEBUG o.h.engine.internal.TwoPhaseLoad - Done materializing entity [sciConsole.domain.User#17]
15:56:19.249 [Test worker] DEBUG o.h.engine.internal.TwoPhaseLoad - Resolving associations for [sciConsole.domain.User#18]
15:56:19.249 [Test worker] DEBUG org.hibernate.SQL - select role0_.id as id1_4_0_, role0_.role as role2_4_0_ from roles role0_ where role0_.id=?
15:56:19.249 [Test worker] DEBUG o.h.l.p.e.p.i.ResultSetProcessorImpl - Starting ResultSet row #0
15:56:19.249 [Test worker] DEBUG o.h.l.p.e.p.i.EntityReferenceInitializerImpl - On call to EntityIdentifierReaderImpl#resolve, EntityKey was already known; should only happen on root returns with an optional identifier specified
15:56:19.250 [Test worker] DEBUG o.h.engine.internal.TwoPhaseLoad - Resolving associations for [sciConsole.domain.Role#1]
15:56:19.250 [Test worker] DEBUG o.h.engine.internal.TwoPhaseLoad - Done materializing entity [sciConsole.domain.Role#1]
15:56:19.250 [Test worker] DEBUG o.h.l.e.p.AbstractLoadPlanBasedEntityLoader - Done entity load : sciConsole.domain.Role#1
15:56:19.250 [Test worker] DEBUG o.h.engine.internal.TwoPhaseLoad - Done materializing entity [sciConsole.domain.User#18]
15:56:19.251 [Test worker] DEBUG o.h.l.c.p.AbstractLoadPlanBasedCollectionInitializer - Loading collection: [sciConsole.domain.Role.userRoles#2]
15:56:19.251 [Test worker] DEBUG org.hibernate.SQL - select userroles0_.role_id as role_id1_4_0_, userroles0_.user_id as user_id2_7_0_, user1_.id as id1_8_1_, user1_.login as login2_8_1_, user1_.password as password3_8_1_, user1_1_.role_id as role_id1_7_1_ from user_roles userroles0_ inner join users user1_ on userroles0_.user_id=user1_.id left outer join user_roles user1_1_ on user1_.id=user1_1_.user_id where userroles0_.role_id=?
15:56:19.252 [Test worker] DEBUG o.h.l.p.e.p.i.ResultSetProcessorImpl - Preparing collection intializer : [sciConsole.domain.Role.userRoles#2]
15:56:19.252 [Test worker] DEBUG o.h.l.p.e.p.i.ResultSetProcessorImpl - Starting ResultSet row #0
15:56:19.252 [Test worker] DEBUG o.h.l.p.e.p.i.CollectionReferenceInitializerImpl - Found row of collection: [sciConsole.domain.Role.userRoles#2]
15:56:19.252 [Test worker] DEBUG o.h.e.l.i.CollectionLoadContext - 1 collections were found in result set for role: sciConsole.domain.Role.userRoles
15:56:19.252 [Test worker] DEBUG o.h.e.l.i.CollectionLoadContext - Collection fully initialized: [sciConsole.domain.Role.userRoles#2]
15:56:19.252 [Test worker] DEBUG o.h.e.l.i.CollectionLoadContext - 1 collections initialized for role: sciConsole.domain.Role.userRoles
15:56:19.253 [Test worker] DEBUG o.h.l.c.p.AbstractLoadPlanBasedCollectionInitializer - Done loading collection
15:56:19.253 [Test worker] DEBUG o.h.l.c.p.AbstractLoadPlanBasedCollectionInitializer - Loading collection: [sciConsole.domain.Role.userRoles#1]
15:56:19.253 [Test worker] DEBUG org.hibernate.SQL - select userroles0_.role_id as role_id1_4_0_, userroles0_.user_id as user_id2_7_0_, user1_.id as id1_8_1_, user1_.login as login2_8_1_, user1_.password as password3_8_1_, user1_1_.role_id as role_id1_7_1_ from user_roles userroles0_ inner join users user1_ on userroles0_.user_id=user1_.id left outer join user_roles user1_1_ on user1_.id=user1_1_.user_id where userroles0_.role_id=?
15:56:19.254 [Test worker] DEBUG o.h.l.p.e.p.i.ResultSetProcessorImpl - Preparing collection intializer : [sciConsole.domain.Role.userRoles#1]
15:56:19.254 [Test worker] DEBUG o.h.l.p.e.p.i.ResultSetProcessorImpl - Starting ResultSet row #0
15:56:19.254 [Test worker] DEBUG o.h.l.p.e.p.i.CollectionReferenceInitializerImpl - Found row of collection: [sciConsole.domain.Role.userRoles#1]
15:56:19.254 [Test worker] DEBUG o.h.e.l.i.CollectionLoadContext - 1 collections were found in result set for role: sciConsole.domain.Role.userRoles
15:56:19.254 [Test worker] DEBUG o.h.e.l.i.CollectionLoadContext - Collection fully initialized: [sciConsole.domain.Role.userRoles#1]
15:56:19.254 [Test worker] DEBUG o.h.e.l.i.CollectionLoadContext - 1 collections initialized for role: sciConsole.domain.Role.userRoles
15:56:19.254 [Test worker] DEBUG o.h.l.c.p.AbstractLoadPlanBasedCollectionInitializer - Done loading collection
15:56:19.255 [Test worker] DEBUG o.s.orm.jpa.JpaTransactionManager - Initiating transaction commit
15:56:19.255 [Test worker] DEBUG o.s.orm.jpa.JpaTransactionManager - Committing JPA transaction on EntityManager [org.hibernate.jpa.internal.EntityManagerImpl@59001cfa]
15:56:19.255 [Test worker] DEBUG o.h.e.t.spi.AbstractTransactionImpl - committing
15:56:19.255 [Test worker] DEBUG o.h.e.i.AbstractFlushingEventListener - Processing flush-time cascades
15:56:19.255 [Test worker] DEBUG o.h.e.i.AbstractFlushingEventListener - Dirty checking collections
15:56:19.255 [Test worker] DEBUG o.h.engine.internal.Collections - Collection dereferenced: [sciConsole.domain.Role.userRoles#2]
15:56:19.255 [Test worker] DEBUG o.h.engine.internal.Collections - Collection dereferenced: [sciConsole.domain.Role.userRoles#1]
15:56:19.255 [Test worker] DEBUG o.h.e.i.AbstractFlushingEventListener - Flushed: 0 insertions, 0 updates, 4 deletions to 4 objects
15:56:19.255 [Test worker] DEBUG o.h.e.i.AbstractFlushingEventListener - Flushed: 0 (re)creations, 0 updates, 2 removals to 2 collections
15:56:19.255 [Test worker] DEBUG o.h.internal.util.EntityPrinter - Listing entities:
15:56:19.255 [Test worker] DEBUG o.h.internal.util.EntityPrinter - sciConsole.domain.User{password=$2a$10$sbTqPCC0wB2c4IE5Y5RCdeWLIvtjAKEHFzHluAg7LiqkSdZNujJn2, role=sciConsole.domain.Role#2, id=17, login=Alice}
15:56:19.255 [Test worker] DEBUG o.h.internal.util.EntityPrinter - sciConsole.domain.Role{userRoles=[sciConsole.domain.User#18], role=MANAGER, id=1}
15:56:19.255 [Test worker] DEBUG o.h.internal.util.EntityPrinter - sciConsole.domain.User{password=$2a$10$UQ/jCMwn14H5VdHO4or0L.xvlGoplsSsRXHjXdbYij9UEArHJzsE2, role=sciConsole.domain.Role#1, id=18, login=Bob}
15:56:19.255 [Test worker] DEBUG o.h.internal.util.EntityPrinter - sciConsole.domain.Role{userRoles=[sciConsole.domain.User#17], role=DEVELOPER, id=2}
15:56:19.255 [Test worker] DEBUG o.h.p.c.AbstractCollectionPersister - Deleting collection: [sciConsole.domain.Role.userRoles#2]
15:56:19.256 [Test worker] DEBUG org.hibernate.SQL - delete from user_roles where role_id=?
15:56:19.256 [Test worker] DEBUG o.h.p.c.AbstractCollectionPersister - Done deleting collection
15:56:19.256 [Test worker] DEBUG o.h.p.c.AbstractCollectionPersister - Deleting collection: [sciConsole.domain.Role.userRoles#1]
15:56:19.256 [Test worker] DEBUG org.hibernate.SQL - delete from user_roles where role_id=?
15:56:19.257 [Test worker] DEBUG o.h.p.c.AbstractCollectionPersister - Done deleting collection
15:56:19.257 [Test worker] DEBUG org.hibernate.SQL - delete from user_roles where user_id=?
15:56:19.258 [Test worker] DEBUG org.hibernate.SQL - delete from users where id=?
15:56:19.258 [Test worker] DEBUG org.hibernate.SQL - delete from roles where id=?
15:56:19.259 [Test worker] DEBUG org.hibernate.SQL - delete from user_roles where user_id=?
15:56:19.260 [Test worker] DEBUG org.hibernate.SQL - delete from users where id=?
15:56:19.261 [Test worker] DEBUG org.hibernate.SQL - delete from roles where id=?
15:56:19.270 [Test worker] DEBUG o.h.e.t.i.jdbc.JdbcTransaction - committed JDBC Connection
15:56:19.270 [Test worker] DEBUG o.h.e.t.i.jdbc.JdbcTransaction - re-enabling autocommit
15:56:19.270 [Test worker] DEBUG o.s.orm.jpa.JpaTransactionManager - Closing JPA EntityManager [org.hibernate.jpa.internal.EntityManagerImpl@59001cfa] after transaction
15:56:19.270 [Test worker] DEBUG o.s.o.jpa.EntityManagerFactoryUtils - Closing JPA EntityManager
15:56:19.270 [Test worker] DEBUG o.h.e.j.internal.JdbcCoordinatorImpl - HHH000420: Closing un-released batch
15:56:19.270 [Test worker] DEBUG o.h.e.j.i.LogicalConnectionImpl - Releasing JDBC connection
15:56:19.270 [Test worker] DEBUG o.h.e.j.i.LogicalConnectionImpl - Released JDBC connection
15:56:19.271 [Test worker] DEBUG o.s.orm.jpa.JpaTransactionManager - Creating new transaction with name [org.springframework.data.jpa.repository.support.SimpleJpaRepository.deleteAll]: PROPAGATION_REQUIRED,ISOLATION_DEFAULT; ''
15:56:19.271 [Test worker] DEBUG o.s.orm.jpa.JpaTransactionManager - Opened new EntityManager [org.hibernate.jpa.internal.EntityManagerImpl@4b4f5741] for JPA transaction
15:56:19.271 [Test worker] DEBUG o.h.e.t.spi.AbstractTransactionImpl - begin
15:56:19.271 [Test worker] DEBUG o.h.e.j.i.LogicalConnectionImpl - Obtaining JDBC connection
15:56:19.271 [Test worker] DEBUG o.s.j.d.DriverManagerDataSource - Creating new JDBC DriverManager Connection to [jdbc:mysql://127.0.0.1:3306/wrp3]
15:56:19.274 [Test worker] DEBUG o.h.e.j.i.LogicalConnectionImpl - Obtained JDBC connection
15:56:19.275 [Test worker] DEBUG o.h.e.t.i.jdbc.JdbcTransaction - initial autocommit status: true
15:56:19.275 [Test worker] DEBUG o.h.e.t.i.jdbc.JdbcTransaction - disabling autocommit
15:56:19.275 [Test worker] DEBUG o.s.orm.jpa.JpaTransactionManager - Exposing JPA transaction as JDBC transaction [org.springframework.orm.jpa.vendor.HibernateJpaDialect$HibernateConnectionHandle@34d4d53a]
15:56:19.275 [Test worker] DEBUG o.h.jpa.criteria.CriteriaQueryImpl - Rendered criteria query -> select generatedAlias0 from Role as generatedAlias0
15:56:19.275 [Test worker] DEBUG org.hibernate.SQL - select role0_.id as id1_4_, role0_.role as role2_4_ from roles role0_
15:56:19.276 [Test worker] DEBUG o.s.orm.jpa.JpaTransactionManager - Initiating transaction commit
15:56:19.276 [Test worker] DEBUG o.s.orm.jpa.JpaTransactionManager - Committing JPA transaction on EntityManager [org.hibernate.jpa.internal.EntityManagerImpl@4b4f5741]
15:56:19.276 [Test worker] DEBUG o.h.e.t.spi.AbstractTransactionImpl - committing
15:56:19.276 [Test worker] DEBUG o.h.e.t.i.jdbc.JdbcTransaction - committed JDBC Connection
15:56:19.276 [Test worker] DEBUG o.h.e.t.i.jdbc.JdbcTransaction - re-enabling autocommit
15:56:19.276 [Test worker] DEBUG o.s.orm.jpa.JpaTransactionManager - Closing JPA EntityManager [org.hibernate.jpa.internal.EntityManagerImpl@4b4f5741] after transaction
15:56:19.276 [Test worker] DEBUG o.s.o.jpa.EntityManagerFactoryUtils - Closing JPA EntityManager
15:56:19.277 [Test worker] DEBUG o.h.e.j.i.LogicalConnectionImpl - Releasing JDBC connection
15:56:19.277 [Test worker] DEBUG o.h.e.j.i.LogicalConnectionImpl - Released JDBC connection
15:56:19.277 [Test worker] DEBUG o.s.orm.jpa.JpaTransactionManager - Creating new transaction with name [org.springframework.data.jpa.repository.support.SimpleJpaRepository.save]: PROPAGATION_REQUIRED,ISOLATION_DEFAULT; ''
15:56:19.277 [Test worker] DEBUG o.s.orm.jpa.JpaTransactionManager - Opened new EntityManager [org.hibernate.jpa.internal.EntityManagerImpl@3f198e26] for JPA transaction
15:56:19.277 [Test worker] DEBUG o.h.e.t.spi.AbstractTransactionImpl - begin
15:56:19.277 [Test worker] DEBUG o.h.e.j.i.LogicalConnectionImpl - Obtaining JDBC connection
15:56:19.277 [Test worker] DEBUG o.s.j.d.DriverManagerDataSource - Creating new JDBC DriverManager Connection to [jdbc:mysql://127.0.0.1:3306/wrp3]
15:56:19.281 [Test worker] DEBUG o.h.e.j.i.LogicalConnectionImpl - Obtained JDBC connection
15:56:19.281 [Test worker] DEBUG o.h.e.t.i.jdbc.JdbcTransaction - initial autocommit status: true
15:56:19.281 [Test worker] DEBUG o.h.e.t.i.jdbc.JdbcTransaction - disabling autocommit
15:56:19.281 [Test worker] DEBUG o.s.orm.jpa.JpaTransactionManager - Exposing JPA transaction as JDBC transaction [org.springframework.orm.jpa.vendor.HibernateJpaDialect$HibernateConnectionHandle@1e56e7b0]
15:56:19.282 [Test worker] DEBUG org.hibernate.loader.Loader - Loading entity: [sciConsole.domain.User#17]
15:56:19.282 [Test worker] DEBUG org.hibernate.SQL - select user0_.id as id1_8_1_, user0_.login as login2_8_1_, user0_.password as password3_8_1_, user0_1_.role_id as role_id1_7_1_, role1_.id as id1_4_0_, role1_.role as role2_4_0_ from users user0_ left outer join user_roles user0_1_ on user0_.id=user0_1_.user_id left outer join roles role1_ on user0_1_.role_id=role1_.id where user0_.id=?
15:56:19.282 [Test worker] DEBUG org.hibernate.loader.Loader - Done entity load
15:56:19.283 [Test worker] DEBUG org.hibernate.loader.Loader - Loading entity: [sciConsole.domain.Role#2]
15:56:19.283 [Test worker] DEBUG org.hibernate.SQL - select role0_.id as id1_4_1_, role0_.role as role2_4_1_, userroles1_.role_id as role_id1_4_3_, user2_.id as user_id2_7_3_, user2_.id as id1_8_0_, user2_.login as login2_8_0_, user2_.password as password3_8_0_, user2_1_.role_id as role_id1_7_0_ from roles role0_ left outer join user_roles userroles1_ on role0_.id=userroles1_.role_id left outer join users user2_ on userroles1_.user_id=user2_.id left outer join user_roles user2_1_ on user2_.id=user2_1_.user_id where role0_.id=?
15:56:19.283 [Test worker] DEBUG o.h.e.l.i.CollectionLoadContext - No collections were found in result set for role: sciConsole.domain.Role.userRoles
15:56:19.283 [Test worker] DEBUG org.hibernate.loader.Loader - Done entity load
15:56:19.283 [Test worker] DEBUG o.h.e.i.AbstractSaveEventListener - Generated identifier: 2, using strategy: org.hibernate.id.Assigned
15:56:19.284 [Test worker] DEBUG org.hibernate.SQL - insert into roles (role, id) values (?, ?)
15:56:19.285 [Test worker] DEBUG org.hibernate.engine.spi.ActionQueue - Executing identity-insert immediately
15:56:19.285 [Test worker] DEBUG org.hibernate.SQL - insert into users (login, password) values (?, ?)
15:56:19.285 [Test worker] DEBUG o.h.id.IdentifierGeneratorHelper - Natively generated identity: 19
15:56:19.285 [Test worker] DEBUG org.hibernate.SQL - insert into user_roles (role_id, user_id) values (?, ?)
15:56:19.286 [Test worker] DEBUG org.hibernate.loader.Loader - Loading entity: [sciConsole.domain.User#18]
15:56:19.286 [Test worker] DEBUG org.hibernate.SQL - select user0_.id as id1_8_1_, user0_.login as login2_8_1_, user0_.password as password3_8_1_, user0_1_.role_id as role_id1_7_1_, role1_.id as id1_4_0_, role1_.role as role2_4_0_ from users user0_ left outer join user_roles user0_1_ on user0_.id=user0_1_.user_id left outer join roles role1_ on user0_1_.role_id=role1_.id where user0_.id=?
15:56:19.287 [Test worker] DEBUG org.hibernate.loader.Loader - Done entity load
15:56:19.287 [Test worker] DEBUG org.hibernate.loader.Loader - Loading entity: [sciConsole.domain.Role#1]
15:56:19.287 [Test worker] DEBUG org.hibernate.SQL - select role0_.id as id1_4_1_, role0_.role as role2_4_1_, userroles1_.role_id as role_id1_4_3_, user2_.id as user_id2_7_3_, user2_.id as id1_8_0_, user2_.login as login2_8_0_, user2_.password as password3_8_0_, user2_1_.role_id as role_id1_7_0_ from roles role0_ left outer join user_roles userroles1_ on role0_.id=userroles1_.role_id left outer join users user2_ on userroles1_.user_id=user2_.id left outer join user_roles user2_1_ on user2_.id=user2_1_.user_id where role0_.id=?
15:56:19.288 [Test worker] DEBUG o.h.e.l.i.CollectionLoadContext - No collections were found in result set for role: sciConsole.domain.Role.userRoles
15:56:19.288 [Test worker] DEBUG org.hibernate.loader.Loader - Done entity load
15:56:19.288 [Test worker] DEBUG o.h.e.i.AbstractSaveEventListener - Generated identifier: 1, using strategy: org.hibernate.id.Assigned
15:56:19.288 [Test worker] DEBUG org.hibernate.SQL - insert into roles (role, id) values (?, ?)
15:56:19.289 [Test worker] DEBUG org.hibernate.engine.spi.ActionQueue - Executing identity-insert immediately
15:56:19.289 [Test worker] DEBUG org.hibernate.SQL - insert into users (login, password) values (?, ?)
15:56:19.290 [Test worker] DEBUG o.h.id.IdentifierGeneratorHelper - Natively generated identity: 20
15:56:19.290 [Test worker] DEBUG org.hibernate.SQL - insert into user_roles (role_id, user_id) values (?, ?)
15:56:19.291 [Test worker] DEBUG o.s.orm.jpa.JpaTransactionManager - Initiating transaction commit
15:56:19.291 [Test worker] DEBUG o.s.orm.jpa.JpaTransactionManager - Committing JPA transaction on EntityManager [org.hibernate.jpa.internal.EntityManagerImpl@3f198e26]
15:56:19.291 [Test worker] DEBUG o.h.e.t.spi.AbstractTransactionImpl - committing
15:56:19.291 [Test worker] DEBUG o.h.e.i.AbstractFlushingEventListener - Processing flush-time cascades
15:56:19.291 [Test worker] DEBUG o.h.e.i.AbstractFlushingEventListener - Dirty checking collections
15:56:19.291 [Test worker] DEBUG o.h.e.i.AbstractFlushingEventListener - Flushed: 0 insertions, 0 updates, 0 deletions to 4 objects
15:56:19.291 [Test worker] DEBUG o.h.e.i.AbstractFlushingEventListener - Flushed: 0 (re)creations, 0 updates, 0 removals to 0 collections
15:56:19.291 [Test worker] DEBUG o.h.internal.util.EntityPrinter - Listing entities:
15:56:19.291 [Test worker] DEBUG o.h.internal.util.EntityPrinter - sciConsole.domain.User{password=$2a$10$sbTqPCC0wB2c4IE5Y5RCdeWLIvtjAKEHFzHluAg7LiqkSdZNujJn2, role=sciConsole.domain.Role#2, id=19, login=Alice}
15:56:19.291 [Test worker] DEBUG o.h.internal.util.EntityPrinter - sciConsole.domain.User{password=$2a$10$UQ/jCMwn14H5VdHO4or0L.xvlGoplsSsRXHjXdbYij9UEArHJzsE2, role=sciConsole.domain.Role#1, id=20, login=Bob}
15:56:19.291 [Test worker] DEBUG o.h.internal.util.EntityPrinter - sciConsole.domain.Role{userRoles=null, role=MANAGER, id=1}
15:56:19.291 [Test worker] DEBUG o.h.internal.util.EntityPrinter - sciConsole.domain.Role{userRoles=null, role=DEVELOPER, id=2}
15:56:19.294 [Test worker] DEBUG o.h.e.t.i.jdbc.JdbcTransaction - committed JDBC Connection
15:56:19.294 [Test worker] DEBUG o.h.e.t.i.jdbc.JdbcTransaction - re-enabling autocommit
15:56:19.295 [Test worker] DEBUG o.s.orm.jpa.JpaTransactionManager - Closing JPA EntityManager [org.hibernate.jpa.internal.EntityManagerImpl@3f198e26] after transaction
15:56:19.295 [Test worker] DEBUG o.s.o.jpa.EntityManagerFactoryUtils - Closing JPA EntityManager
15:56:19.295 [Test worker] DEBUG o.h.e.j.internal.JdbcCoordinatorImpl - HHH000420: Closing un-released batch
15:56:19.295 [Test worker] DEBUG o.h.e.j.i.LogicalConnectionImpl - Releasing JDBC connection
15:56:19.295 [Test worker] DEBUG o.h.e.j.i.LogicalConnectionImpl - Released JDBC connection
15:56:19.295 [Test worker] DEBUG o.s.orm.jpa.JpaTransactionManager - Creating new transaction with name [org.springframework.data.jpa.repository.support.SimpleJpaRepository.save]: PROPAGATION_REQUIRED,ISOLATION_DEFAULT; ''
15:56:19.295 [Test worker] DEBUG o.s.orm.jpa.JpaTransactionManager - Opened new EntityManager [org.hibernate.jpa.internal.EntityManagerImpl@2902855b] for JPA transaction
15:56:19.295 [Test worker] DEBUG o.h.e.t.spi.AbstractTransactionImpl - begin
15:56:19.295 [Test worker] DEBUG o.h.e.j.i.LogicalConnectionImpl - Obtaining JDBC connection
15:56:19.295 [Test worker] DEBUG o.s.j.d.DriverManagerDataSource - Creating new JDBC DriverManager Connection to [jdbc:mysql://127.0.0.1:3306/wrp3]
15:56:19.299 [Test worker] DEBUG o.h.e.j.i.LogicalConnectionImpl - Obtained JDBC connection
15:56:19.299 [Test worker] DEBUG o.h.e.t.i.jdbc.JdbcTransaction - initial autocommit status: true
15:56:19.299 [Test worker] DEBUG o.h.e.t.i.jdbc.JdbcTransaction - disabling autocommit
15:56:19.299 [Test worker] DEBUG o.s.orm.jpa.JpaTransactionManager - Exposing JPA transaction as JDBC transaction [org.springframework.orm.jpa.vendor.HibernateJpaDialect$HibernateConnectionHandle@1c86b26e]
15:56:19.299 [Test worker] DEBUG org.hibernate.loader.Loader - Loading entity: [sciConsole.domain.Role#1]
15:56:19.300 [Test worker] DEBUG org.hibernate.SQL - select role0_.id as id1_4_1_, role0_.role as role2_4_1_, userroles1_.role_id as role_id1_4_3_, user2_.id as user_id2_7_3_, user2_.id as id1_8_0_, user2_.login as login2_8_0_, user2_.password as password3_8_0_, user2_1_.role_id as role_id1_7_0_ from roles role0_ left outer join user_roles userroles1_ on role0_.id=userroles1_.role_id left outer join users user2_ on userroles1_.user_id=user2_.id left outer join user_roles user2_1_ on user2_.id=user2_1_.user_id where role0_.id=?
15:56:19.300 [Test worker] DEBUG org.hibernate.loader.Loader - Result set row: 0
15:56:19.300 [Test worker] DEBUG org.hibernate.loader.Loader - Result row: EntityKey[sciConsole.domain.User#20], EntityKey[sciConsole.domain.Role#1]
15:56:19.301 [Test worker] DEBUG org.hibernate.loader.Loader - Found row of collection: [sciConsole.domain.Role.userRoles#1]
15:56:19.301 [Test worker] DEBUG o.h.engine.internal.TwoPhaseLoad - Resolving associations for [sciConsole.domain.User#20]
15:56:19.301 [Test worker] DEBUG o.h.engine.internal.TwoPhaseLoad - Done materializing entity [sciConsole.domain.User#20]
15:56:19.301 [Test worker] DEBUG o.h.engine.internal.TwoPhaseLoad - Resolving associations for [sciConsole.domain.Role#1]
15:56:19.301 [Test worker] DEBUG o.h.engine.internal.TwoPhaseLoad - Done materializing entity [sciConsole.domain.Role#1]
15:56:19.301 [Test worker] DEBUG o.h.e.l.i.CollectionLoadContext - 1 collections were found in result set for role: sciConsole.domain.Role.userRoles
15:56:19.301 [Test worker] DEBUG o.h.e.l.i.CollectionLoadContext - Collection fully initialized: [sciConsole.domain.Role.userRoles#1]
15:56:19.301 [Test worker] DEBUG o.h.e.l.i.CollectionLoadContext - 1 collections initialized for role: sciConsole.domain.Role.userRoles
15:56:19.301 [Test worker] DEBUG org.hibernate.loader.Loader - Done entity load
15:56:19.302 [Test worker] DEBUG org.hibernate.loader.Loader - Loading entity: [sciConsole.domain.Role#2]
15:56:19.302 [Test worker] DEBUG org.hibernate.SQL - select role0_.id as id1_4_1_, role0_.role as role2_4_1_, userroles1_.role_id as role_id1_4_3_, user2_.id as user_id2_7_3_, user2_.id as id1_8_0_, user2_.login as login2_8_0_, user2_.password as password3_8_0_, user2_1_.role_id as role_id1_7_0_ from roles role0_ left outer join user_roles userroles1_ on role0_.id=userroles1_.role_id left outer join users user2_ on userroles1_.user_id=user2_.id left outer join user_roles user2_1_ on user2_.id=user2_1_.user_id where role0_.id=?
15:56:19.303 [Test worker] DEBUG org.hibernate.loader.Loader - Result set row: 0
15:56:19.303 [Test worker] DEBUG org.hibernate.loader.Loader - Result row: EntityKey[sciConsole.domain.User#19], EntityKey[sciConsole.domain.Role#2]
15:56:19.303 [Test worker] DEBUG org.hibernate.loader.Loader - Found row of collection: [sciConsole.domain.Role.userRoles#2]
15:56:19.303 [Test worker] DEBUG o.h.engine.internal.TwoPhaseLoad - Resolving associations for [sciConsole.domain.User#19]
15:56:19.303 [Test worker] DEBUG o.h.engine.internal.TwoPhaseLoad - Done materializing entity [sciConsole.domain.User#19]
15:56:19.303 [Test worker] DEBUG o.h.engine.internal.TwoPhaseLoad - Resolving associations for [sciConsole.domain.Role#2]
15:56:19.303 [Test worker] DEBUG o.h.engine.internal.TwoPhaseLoad - Done materializing entity [sciConsole.domain.Role#2]
15:56:19.303 [Test worker] DEBUG o.h.e.l.i.CollectionLoadContext - 1 collections were found in result set for role: sciConsole.domain.Role.userRoles
15:56:19.303 [Test worker] DEBUG o.h.e.l.i.CollectionLoadContext - Collection fully initialized: [sciConsole.domain.Role.userRoles#2]
15:56:19.303 [Test worker] DEBUG o.h.e.l.i.CollectionLoadContext - 1 collections initialized for role: sciConsole.domain.Role.userRoles
15:56:19.304 [Test worker] DEBUG org.hibernate.loader.Loader - Done entity load
15:56:19.304 [Test worker] DEBUG o.s.orm.jpa.JpaTransactionManager - Initiating transaction commit
15:56:19.304 [Test worker] DEBUG o.s.orm.jpa.JpaTransactionManager - Committing JPA transaction on EntityManager [org.hibernate.jpa.internal.EntityManagerImpl@2902855b]
15:56:19.304 [Test worker] DEBUG o.h.e.t.spi.AbstractTransactionImpl - committing
15:56:19.304 [Test worker] DEBUG o.h.e.i.AbstractFlushingEventListener - Processing flush-time cascades
15:56:19.304 [Test worker] DEBUG o.h.e.i.AbstractFlushingEventListener - Dirty checking collections
15:56:19.305 [Test worker] DEBUG o.h.engine.internal.Collections - Collection found: [sciConsole.domain.Role.userRoles#1], was: [sciConsole.domain.Role.userRoles#1] (initialized)
15:56:19.305 [Test worker] DEBUG o.h.engine.internal.Collections - Collection found: [sciConsole.domain.Role.userRoles#2], was: [sciConsole.domain.Role.userRoles#2] (initialized)
15:56:19.305 [Test worker] DEBUG o.h.e.i.AbstractFlushingEventListener - Flushed: 0 insertions, 0 updates, 0 deletions to 4 objects
15:56:19.305 [Test worker] DEBUG o.h.e.i.AbstractFlushingEventListener - Flushed: 0 (re)creations, 0 updates, 0 removals to 2 collections
15:56:19.305 [Test worker] DEBUG o.h.internal.util.EntityPrinter - Listing entities:
15:56:19.305 [Test worker] DEBUG o.h.internal.util.EntityPrinter - sciConsole.domain.User{password=$2a$10$sbTqPCC0wB2c4IE5Y5RCdeWLIvtjAKEHFzHluAg7LiqkSdZNujJn2, role=sciConsole.domain.Role#2, id=19, login=Alice}
15:56:19.305 [Test worker] DEBUG o.h.internal.util.EntityPrinter - sciConsole.domain.User{password=$2a$10$UQ/jCMwn14H5VdHO4or0L.xvlGoplsSsRXHjXdbYij9UEArHJzsE2, role=sciConsole.domain.Role#1, id=20, login=Bob}
15:56:19.305 [Test worker] DEBUG o.h.internal.util.EntityPrinter - sciConsole.domain.Role{userRoles=[sciConsole.domain.User#20], role=MANAGER, id=1}
15:56:19.305 [Test worker] DEBUG o.h.internal.util.EntityPrinter - sciConsole.domain.Role{userRoles=[sciConsole.domain.User#19], role=DEVELOPER, id=2}
15:56:19.306 [Test worker] DEBUG o.h.e.t.i.jdbc.JdbcTransaction - committed JDBC Connection
15:56:19.306 [Test worker] DEBUG o.h.e.t.i.jdbc.JdbcTransaction - re-enabling autocommit
15:56:19.306 [Test worker] DEBUG o.s.orm.jpa.JpaTransactionManager - Closing JPA EntityManager [org.hibernate.jpa.internal.EntityManagerImpl@2902855b] after transaction
15:56:19.306 [Test worker] DEBUG o.s.o.jpa.EntityManagerFactoryUtils - Closing JPA EntityManager
15:56:19.306 [Test worker] DEBUG o.h.e.j.i.LogicalConnectionImpl - Releasing JDBC connection
15:56:19.306 [Test worker] DEBUG o.h.e.j.i.LogicalConnectionImpl - Released JDBC connection
15:56:19.307 [Test worker] DEBUG o.s.t.c.s.AbstractDirtiesContextTestExecutionListener - After test class: context [DefaultTestContext@51776a2b testClass = CompleteChangeRequestStepDefs, testInstance = [null], testMethod = [null], testException = [null], mergedContextConfiguration = [WebMergedContextConfiguration@50e0bd81 testClass = CompleteChangeRequestStepDefs, locations = '{}', classes = '{class sciConsole.SciConsoleApplication, class sciConsole.controller.SessionController, class sciConsole.controller.AccountController, class sciConsole.controller.ChangeRequestController, class sciConsole.SecurityConfig, class sciConsole.WebConfig}', contextInitializerClasses = '[]', activeProfiles = '{}', propertySourceLocations = '{}', propertySourceProperties = '{}', resourceBasePath = 'src/main/webapp', contextLoader = 'org.springframework.test.context.web.WebDelegatingSmartContextLoader', parent = [null]]], class annotated with @DirtiesContext [false] with mode [null].
15:56:19.364 [Test worker] DEBUG o.s.b.f.s.DefaultListableBeanFactory - Returning cached instance of singleton bean 'springSecurityFilterChain'
15:56:19.365 [Test worker] DEBUG o.s.test.util.ReflectionTestUtils - Invoking method 'getFilters' on target [FilterChainProxy[Filter Chains: [[ org.springframework.security.web.util.matcher.AnyRequestMatcher@1, [org.springframework.security.web.access.channel.ChannelProcessingFilter@2ad101f0, org.springframework.security.web.context.request.async.WebAsyncManagerIntegrationFilter@7a1601ea, org.springframework.security.web.context.SecurityContextPersistenceFilter@1ed920ed, org.springframework.security.web.header.HeaderWriterFilter@54d81890, org.springframework.security.web.csrf.CsrfFilter@3a7f45ac, org.springframework.security.web.authentication.logout.LogoutFilter@53f60b35, org.springframework.security.web.authentication.UsernamePasswordAuthenticationFilter@7d51c9ea, org.springframework.security.web.savedrequest.RequestCacheAwareFilter@42c2e682, org.springframework.security.web.servletapi.SecurityContextHolderAwareRequestFilter@3524fe79, org.springframework.security.web.authentication.AnonymousAuthenticationFilter@56b23bee, org.springframework.security.web.session.SessionManagementFilter@7785c534, org.springframework.security.web.access.ExceptionTranslationFilter@5ac7316e, org.springframework.security.web.access.intercept.FilterSecurityInterceptor@879e25e]]]]] with arguments [{org.springframework.mock.web.MockHttpServletRequest@6ac9eff6}]
15:56:19.365 [Test worker] DEBUG o.s.test.util.ReflectionTestUtils - Getting field 'repo' from target object [org.springframework.security.web.context.SecurityContextPersistenceFilter@1ed920ed] or target class [class org.springframework.security.web.context.SecurityContextPersistenceFilter]
15:56:19.365 [Test worker] DEBUG o.s.s.w.c.HttpSessionSecurityContextRepository - No HttpSession currently exists
15:56:19.365 [Test worker] DEBUG o.s.s.w.c.HttpSessionSecurityContextRepository - No SecurityContext was available from the HttpSession: null. A new one will be created.
15:56:19.365 [Test worker] DEBUG o.s.s.w.c.HttpSessionSecurityContextRepository - HttpSession being created as SecurityContext is non-default
15:56:19.365 [Test worker] DEBUG o.s.s.w.c.HttpSessionSecurityContextRepository - SecurityContext 'org.springframework.security.core.context.SecurityContextImpl@31221b00: Authentication: org.springframework.security.authentication.UsernamePasswordAuthenticationToken@31221b00: Principal: invalid; Credentials: [PROTECTED]; Authenticated: true; Details: null; Granted Authorities: ROLE_MANAGER' stored to HttpSession: 'org.springframework.mock.web.MockHttpSession@463dd189
15:56:19.365 [Test worker] DEBUG o.s.security.web.FilterChainProxy - /login-form at position 1 of 13 in additional filter chain; firing Filter: 'ChannelProcessingFilter'
15:56:19.365 [Test worker] DEBUG o.s.s.w.a.c.ChannelProcessingFilter - Request: FilterInvocation: URL: /login-form; ConfigAttributes: [REQUIRES_SECURE_CHANNEL]
15:56:19.365 [Test worker] DEBUG o.s.s.w.a.c.RetryWithHttpsEntryPoint - Redirecting to: https://localhost/login-form
15:56:19.365 [Test worker] DEBUG o.s.s.web.DefaultRedirectStrategy - Redirecting to 'https://localhost/login-form'
15:56:19.366 [Test worker] DEBUG o.s.orm.jpa.JpaTransactionManager - Creating new transaction with name [org.springframework.data.jpa.repository.support.SimpleJpaRepository.deleteAll]: PROPAGATION_REQUIRED,ISOLATION_DEFAULT; ''
15:56:19.367 [Test worker] DEBUG o.s.orm.jpa.JpaTransactionManager - Opened new EntityManager [org.hibernate.jpa.internal.EntityManagerImpl@23a13a9] for JPA transaction
15:56:19.367 [Test worker] DEBUG o.h.e.t.spi.AbstractTransactionImpl - begin
15:56:19.367 [Test worker] DEBUG o.h.e.j.i.LogicalConnectionImpl - Obtaining JDBC connection
15:56:19.367 [Test worker] DEBUG o.s.j.d.DriverManagerDataSource - Creating new JDBC DriverManager Connection to [jdbc:mysql://127.0.0.1:3306/wrp3]
15:56:19.371 [Test worker] DEBUG o.h.e.j.i.LogicalConnectionImpl - Obtained JDBC connection
15:56:19.371 [Test worker] DEBUG o.h.e.t.i.jdbc.JdbcTransaction - initial autocommit status: true
15:56:19.371 [Test worker] DEBUG o.h.e.t.i.jdbc.JdbcTransaction - disabling autocommit
15:56:19.371 [Test worker] DEBUG o.s.orm.jpa.JpaTransactionManager - Exposing JPA transaction as JDBC transaction [org.springframework.orm.jpa.vendor.HibernateJpaDialect$HibernateConnectionHandle@783b7f74]
15:56:19.371 [Test worker] DEBUG o.h.jpa.criteria.CriteriaQueryImpl - Rendered criteria query -> select generatedAlias0 from Request as generatedAlias0
15:56:19.372 [Test worker] DEBUG org.hibernate.SQL - select request0_.request_id as request_1_3_, request0_.assign_to as assign_t2_3_, request0_.created_by as created_3_3_, request0_.date_created as date_cre4_3_, request0_.date_complete as date_com5_3_, request0_.due_date as due_date6_3_, request0_.priority as priority7_3_, request0_.reject_reason as reject_r8_3_, request0_.req_desc as req_desc9_3_, request0_.req_solution as req_sol10_3_, request0_.sci_id as sci_id11_3_, request0_.status as status12_3_, request0_.assigned_to as assigne13_3_, request0_.version_id as version14_3_ from request request0_
15:56:19.373 [Test worker] DEBUG o.s.orm.jpa.JpaTransactionManager - Initiating transaction commit
15:56:19.373 [Test worker] DEBUG o.s.orm.jpa.JpaTransactionManager - Committing JPA transaction on EntityManager [org.hibernate.jpa.internal.EntityManagerImpl@23a13a9]
15:56:19.373 [Test worker] DEBUG o.h.e.t.spi.AbstractTransactionImpl - committing
15:56:19.373 [Test worker] DEBUG o.h.e.t.i.jdbc.JdbcTransaction - committed JDBC Connection
15:56:19.373 [Test worker] DEBUG o.h.e.t.i.jdbc.JdbcTransaction - re-enabling autocommit
15:56:19.373 [Test worker] DEBUG o.s.orm.jpa.JpaTransactionManager - Closing JPA EntityManager [org.hibernate.jpa.internal.EntityManagerImpl@23a13a9] after transaction
15:56:19.373 [Test worker] DEBUG o.s.o.jpa.EntityManagerFactoryUtils - Closing JPA EntityManager
15:56:19.373 [Test worker] DEBUG o.h.e.j.i.LogicalConnectionImpl - Releasing JDBC connection
15:56:19.373 [Test worker] DEBUG o.h.e.j.i.LogicalConnectionImpl - Released JDBC connection
15:56:19.374 [Test worker] DEBUG o.s.orm.jpa.JpaTransactionManager - Creating new transaction with name [org.springframework.data.jpa.repository.support.SimpleJpaRepository.save]: PROPAGATION_REQUIRED,ISOLATION_DEFAULT; ''
15:56:19.374 [Test worker] DEBUG o.s.orm.jpa.JpaTransactionManager - Opened new EntityManager [org.hibernate.jpa.internal.EntityManagerImpl@61ae75a6] for JPA transaction
15:56:19.374 [Test worker] DEBUG o.h.e.t.spi.AbstractTransactionImpl - begin
15:56:19.374 [Test worker] DEBUG o.h.e.j.i.LogicalConnectionImpl - Obtaining JDBC connection
15:56:19.374 [Test worker] DEBUG o.s.j.d.DriverManagerDataSource - Creating new JDBC DriverManager Connection to [jdbc:mysql://127.0.0.1:3306/wrp3]
15:56:19.378 [Test worker] DEBUG o.h.e.j.i.LogicalConnectionImpl - Obtained JDBC connection
15:56:19.378 [Test worker] DEBUG o.h.e.t.i.jdbc.JdbcTransaction - initial autocommit status: true
15:56:19.378 [Test worker] DEBUG o.h.e.t.i.jdbc.JdbcTransaction - disabling autocommit
15:56:19.378 [Test worker] DEBUG o.s.orm.jpa.JpaTransactionManager - Exposing JPA transaction as JDBC transaction [org.springframework.orm.jpa.vendor.HibernateJpaDialect$HibernateConnectionHandle@69c40a18]
15:56:19.378 [Test worker] DEBUG o.s.orm.jpa.JpaTransactionManager - Initiating transaction commit
15:56:19.378 [Test worker] DEBUG o.s.orm.jpa.JpaTransactionManager - Committing JPA transaction on EntityManager [org.hibernate.jpa.internal.EntityManagerImpl@61ae75a6]
15:56:19.378 [Test worker] DEBUG o.h.e.t.spi.AbstractTransactionImpl - committing
15:56:19.378 [Test worker] DEBUG o.h.e.t.i.jdbc.JdbcTransaction - committed JDBC Connection
15:56:19.378 [Test worker] DEBUG o.h.e.t.i.jdbc.JdbcTransaction - re-enabling autocommit
15:56:19.379 [Test worker] DEBUG o.s.orm.jpa.JpaTransactionManager - Closing JPA EntityManager [org.hibernate.jpa.internal.EntityManagerImpl@61ae75a6] after transaction
15:56:19.379 [Test worker] DEBUG o.s.o.jpa.EntityManagerFactoryUtils - Closing JPA EntityManager
15:56:19.379 [Test worker] DEBUG o.h.e.j.i.LogicalConnectionImpl - Releasing JDBC connection
15:56:19.379 [Test worker] DEBUG o.h.e.j.i.LogicalConnectionImpl - Released JDBC connection
15:56:19.379 [Test worker] DEBUG o.s.orm.jpa.JpaTransactionManager - Creating new transaction with name [org.springframework.data.jpa.repository.support.SimpleJpaRepository.deleteAll]: PROPAGATION_REQUIRED,ISOLATION_DEFAULT; ''
15:56:19.380 [Test worker] DEBUG o.s.orm.jpa.JpaTransactionManager - Opened new EntityManager [org.hibernate.jpa.internal.EntityManagerImpl@7b7734e1] for JPA transaction
15:56:19.380 [Test worker] DEBUG o.h.e.t.spi.AbstractTransactionImpl - begin
15:56:19.380 [Test worker] DEBUG o.h.e.j.i.LogicalConnectionImpl - Obtaining JDBC connection
15:56:19.380 [Test worker] DEBUG o.s.j.d.DriverManagerDataSource - Creating new JDBC DriverManager Connection to [jdbc:mysql://127.0.0.1:3306/wrp3]
15:56:19.383 [Test worker] DEBUG o.h.e.j.i.LogicalConnectionImpl - Obtained JDBC connection
15:56:19.383 [Test worker] DEBUG o.h.e.t.i.jdbc.JdbcTransaction - initial autocommit status: true
15:56:19.383 [Test worker] DEBUG o.h.e.t.i.jdbc.JdbcTransaction - disabling autocommit
15:56:19.383 [Test worker] DEBUG o.s.orm.jpa.JpaTransactionManager - Exposing JPA transaction as JDBC transaction [org.springframework.orm.jpa.vendor.HibernateJpaDialect$HibernateConnectionHandle@40e55b28]
15:56:19.383 [Test worker] DEBUG o.h.jpa.criteria.CriteriaQueryImpl - Rendered criteria query -> select generatedAlias0 from Request as generatedAlias0
15:56:19.384 [Test worker] DEBUG org.hibernate.SQL - select request0_.request_id as request_1_3_, request0_.assign_to as assign_t2_3_, request0_.created_by as created_3_3_, request0_.date_created as date_cre4_3_, request0_.date_complete as date_com5_3_, request0_.due_date as due_date6_3_, request0_.priority as priority7_3_, request0_.reject_reason as reject_r8_3_, request0_.req_desc as req_desc9_3_, request0_.req_solution as req_sol10_3_, request0_.sci_id as sci_id11_3_, request0_.status as status12_3_, request0_.assigned_to as assigne13_3_, request0_.version_id as version14_3_ from request request0_
15:56:19.384 [Test worker] DEBUG o.s.orm.jpa.JpaTransactionManager - Initiating transaction commit
15:56:19.384 [Test worker] DEBUG o.s.orm.jpa.JpaTransactionManager - Committing JPA transaction on EntityManager [org.hibernate.jpa.internal.EntityManagerImpl@7b7734e1]
15:56:19.384 [Test worker] DEBUG o.h.e.t.spi.AbstractTransactionImpl - committing
15:56:19.385 [Test worker] DEBUG o.h.e.t.i.jdbc.JdbcTransaction - committed JDBC Connection
15:56:19.385 [Test worker] DEBUG o.h.e.t.i.jdbc.JdbcTransaction - re-enabling autocommit
15:56:19.385 [Test worker] DEBUG o.s.orm.jpa.JpaTransactionManager - Closing JPA EntityManager [org.hibernate.jpa.internal.EntityManagerImpl@7b7734e1] after transaction
15:56:19.385 [Test worker] DEBUG o.s.o.jpa.EntityManagerFactoryUtils - Closing JPA EntityManager
15:56:19.385 [Test worker] DEBUG o.h.e.j.i.LogicalConnectionImpl - Releasing JDBC connection
15:56:19.385 [Test worker] DEBUG o.h.e.j.i.LogicalConnectionImpl - Released JDBC connection
15:56:19.385 [Test worker] DEBUG o.s.orm.jpa.JpaTransactionManager - Creating new transaction with name [org.springframework.data.jpa.repository.support.SimpleJpaRepository.save]: PROPAGATION_REQUIRED,ISOLATION_DEFAULT; ''
15:56:19.385 [Test worker] DEBUG o.s.orm.jpa.JpaTransactionManager - Opened new EntityManager [org.hibernate.jpa.internal.EntityManagerImpl@2d450df2] for JPA transaction
15:56:19.385 [Test worker] DEBUG o.h.e.t.spi.AbstractTransactionImpl - begin
15:56:19.385 [Test worker] DEBUG o.h.e.j.i.LogicalConnectionImpl - Obtaining JDBC connection
15:56:19.385 [Test worker] DEBUG o.s.j.d.DriverManagerDataSource - Creating new JDBC DriverManager Connection to [jdbc:mysql://127.0.0.1:3306/wrp3]
15:56:19.389 [Test worker] DEBUG o.h.e.j.i.LogicalConnectionImpl - Obtained JDBC connection
15:56:19.389 [Test worker] DEBUG o.h.e.t.i.jdbc.JdbcTransaction - initial autocommit status: true
15:56:19.389 [Test worker] DEBUG o.h.e.t.i.jdbc.JdbcTransaction - disabling autocommit
15:56:19.389 [Test worker] DEBUG o.s.orm.jpa.JpaTransactionManager - Exposing JPA transaction as JDBC transaction [org.springframework.orm.jpa.vendor.HibernateJpaDialect$HibernateConnectionHandle@7f62fc2f]
15:56:19.389 [Test worker] DEBUG o.s.orm.jpa.JpaTransactionManager - Initiating transaction commit
15:56:19.389 [Test worker] DEBUG o.s.orm.jpa.JpaTransactionManager - Committing JPA transaction on EntityManager [org.hibernate.jpa.internal.EntityManagerImpl@2d450df2]
15:56:19.389 [Test worker] DEBUG o.h.e.t.spi.AbstractTransactionImpl - committing
15:56:19.389 [Test worker] DEBUG o.h.e.t.i.jdbc.JdbcTransaction - committed JDBC Connection
15:56:19.389 [Test worker] DEBUG o.h.e.t.i.jdbc.JdbcTransaction - re-enabling autocommit
15:56:19.390 [Test worker] DEBUG o.s.orm.jpa.JpaTransactionManager - Closing JPA EntityManager [org.hibernate.jpa.internal.EntityManagerImpl@2d450df2] after transaction
15:56:19.390 [Test worker] DEBUG o.s.o.jpa.EntityManagerFactoryUtils - Closing JPA EntityManager
15:56:19.390 [Test worker] DEBUG o.h.e.j.i.LogicalConnectionImpl - Releasing JDBC connection
15:56:19.390 [Test worker] DEBUG o.h.e.j.i.LogicalConnectionImpl - Released JDBC connection
15:56:19.390 [Test worker] DEBUG o.s.orm.jpa.JpaTransactionManager - Creating new transaction with name [org.springframework.data.jpa.repository.support.SimpleJpaRepository.deleteAll]: PROPAGATION_REQUIRED,ISOLATION_DEFAULT; ''
15:56:19.390 [Test worker] DEBUG o.s.orm.jpa.JpaTransactionManager - Opened new EntityManager [org.hibernate.jpa.internal.EntityManagerImpl@681f4d7] for JPA transaction
15:56:19.390 [Test worker] DEBUG o.h.e.t.spi.AbstractTransactionImpl - begin
15:56:19.390 [Test worker] DEBUG o.h.e.j.i.LogicalConnectionImpl - Obtaining JDBC connection
15:56:19.390 [Test worker] DEBUG o.s.j.d.DriverManagerDataSource - Creating new JDBC DriverManager Connection to [jdbc:mysql://127.0.0.1:3306/wrp3]
15:56:19.394 [Test worker] DEBUG o.h.e.j.i.LogicalConnectionImpl - Obtained JDBC connection
15:56:19.394 [Test worker] DEBUG o.h.e.t.i.jdbc.JdbcTransaction - initial autocommit status: true
15:56:19.394 [Test worker] DEBUG o.h.e.t.i.jdbc.JdbcTransaction - disabling autocommit
15:56:19.394 [Test worker] DEBUG o.s.orm.jpa.JpaTransactionManager - Exposing JPA transaction as JDBC transaction [org.springframework.orm.jpa.vendor.HibernateJpaDialect$HibernateConnectionHandle@5c3e132e]
15:56:19.394 [Test worker] DEBUG o.h.jpa.criteria.CriteriaQueryImpl - Rendered criteria query -> select generatedAlias0 from User as generatedAlias0
15:56:19.395 [Test worker] DEBUG org.hibernate.SQL - select user0_.id as id1_8_, user0_.login as login2_8_, user0_.password as password3_8_, user0_1_.role_id as role_id1_7_ from users user0_ left outer join user_roles user0_1_ on user0_.id=user0_1_.user_id
15:56:19.395 [Test worker] DEBUG org.hibernate.loader.Loader - Result set row: 0
15:56:19.395 [Test worker] DEBUG org.hibernate.loader.Loader - Result row: EntityKey[sciConsole.domain.User#19]
15:56:19.396 [Test worker] DEBUG org.hibernate.loader.Loader - Result set row: 1
15:56:19.396 [Test worker] DEBUG org.hibernate.loader.Loader - Result row: EntityKey[sciConsole.domain.User#20]
15:56:19.396 [Test worker] DEBUG o.h.engine.internal.TwoPhaseLoad - Resolving associations for [sciConsole.domain.User#19]
15:56:19.396 [Test worker] DEBUG org.hibernate.SQL - select role0_.id as id1_4_0_, role0_.role as role2_4_0_ from roles role0_ where role0_.id=?
15:56:19.396 [Test worker] DEBUG o.h.l.p.e.p.i.ResultSetProcessorImpl - Starting ResultSet row #0
15:56:19.396 [Test worker] DEBUG o.h.l.p.e.p.i.EntityReferenceInitializerImpl - On call to EntityIdentifierReaderImpl#resolve, EntityKey was already known; should only happen on root returns with an optional identifier specified
15:56:19.396 [Test worker] DEBUG o.h.engine.internal.TwoPhaseLoad - Resolving associations for [sciConsole.domain.Role#2]
15:56:19.397 [Test worker] DEBUG o.h.engine.internal.TwoPhaseLoad - Done materializing entity [sciConsole.domain.Role#2]
15:56:19.397 [Test worker] DEBUG o.h.l.e.p.AbstractLoadPlanBasedEntityLoader - Done entity load : sciConsole.domain.Role#2
15:56:19.397 [Test worker] DEBUG o.h.engine.internal.TwoPhaseLoad - Done materializing entity [sciConsole.domain.User#19]
15:56:19.397 [Test worker] DEBUG o.h.engine.internal.TwoPhaseLoad - Resolving associations for [sciConsole.domain.User#20]
15:56:19.397 [Test worker] DEBUG org.hibernate.SQL - select role0_.id as id1_4_0_, role0_.role as role2_4_0_ from roles role0_ where role0_.id=?
15:56:19.397 [Test worker] DEBUG o.h.l.p.e.p.i.ResultSetProcessorImpl - Starting ResultSet row #0
15:56:19.397 [Test worker] DEBUG o.h.l.p.e.p.i.EntityReferenceInitializerImpl - On call to EntityIdentifierReaderImpl#resolve, EntityKey was already known; should only happen on root returns with an optional identifier specified
15:56:19.398 [Test worker] DEBUG o.h.engine.internal.TwoPhaseLoad - Resolving associations for [sciConsole.domain.Role#1]
15:56:19.398 [Test worker] DEBUG o.h.engine.internal.TwoPhaseLoad - Done materializing entity [sciConsole.domain.Role#1]
15:56:19.398 [Test worker] DEBUG o.h.l.e.p.AbstractLoadPlanBasedEntityLoader - Done entity load : sciConsole.domain.Role#1
15:56:19.398 [Test worker] DEBUG o.h.engine.internal.TwoPhaseLoad - Done materializing entity [sciConsole.domain.User#20]
15:56:19.399 [Test worker] DEBUG o.h.l.c.p.AbstractLoadPlanBasedCollectionInitializer - Loading collection: [sciConsole.domain.Role.userRoles#2]
15:56:19.399 [Test worker] DEBUG org.hibernate.SQL - select userroles0_.role_id as role_id1_4_0_, userroles0_.user_id as user_id2_7_0_, user1_.id as id1_8_1_, user1_.login as login2_8_1_, user1_.password as password3_8_1_, user1_1_.role_id as role_id1_7_1_ from user_roles userroles0_ inner join users user1_ on userroles0_.user_id=user1_.id left outer join user_roles user1_1_ on user1_.id=user1_1_.user_id where userroles0_.role_id=?
15:56:19.399 [Test worker] DEBUG o.h.l.p.e.p.i.ResultSetProcessorImpl - Preparing collection intializer : [sciConsole.domain.Role.userRoles#2]
15:56:19.399 [Test worker] DEBUG o.h.l.p.e.p.i.ResultSetProcessorImpl - Starting ResultSet row #0
15:56:19.399 [Test worker] DEBUG o.h.l.p.e.p.i.CollectionReferenceInitializerImpl - Found row of collection: [sciConsole.domain.Role.userRoles#2]
15:56:19.400 [Test worker] DEBUG o.h.e.l.i.CollectionLoadContext - 1 collections were found in result set for role: sciConsole.domain.Role.userRoles
15:56:19.400 [Test worker] DEBUG o.h.e.l.i.CollectionLoadContext - Collection fully initialized: [sciConsole.domain.Role.userRoles#2]
15:56:19.400 [Test worker] DEBUG o.h.e.l.i.CollectionLoadContext - 1 collections initialized for role: sciConsole.domain.Role.userRoles
15:56:19.400 [Test worker] DEBUG o.h.l.c.p.AbstractLoadPlanBasedCollectionInitializer - Done loading collection
15:56:19.400 [Test worker] DEBUG o.h.l.c.p.AbstractLoadPlanBasedCollectionInitializer - Loading collection: [sciConsole.domain.Role.userRoles#1]
15:56:19.400 [Test worker] DEBUG org.hibernate.SQL - select userroles0_.role_id as role_id1_4_0_, userroles0_.user_id as user_id2_7_0_, user1_.id as id1_8_1_, user1_.login as login2_8_1_, user1_.password as password3_8_1_, user1_1_.role_id as role_id1_7_1_ from user_roles userroles0_ inner join users user1_ on userroles0_.user_id=user1_.id left outer join user_roles user1_1_ on user1_.id=user1_1_.user_id where userroles0_.role_id=?
15:56:19.401 [Test worker] DEBUG o.h.l.p.e.p.i.ResultSetProcessorImpl - Preparing collection intializer : [sciConsole.domain.Role.userRoles#1]
15:56:19.401 [Test worker] DEBUG o.h.l.p.e.p.i.ResultSetProcessorImpl - Starting ResultSet row #0
15:56:19.401 [Test worker] DEBUG o.h.l.p.e.p.i.CollectionReferenceInitializerImpl - Found row of collection: [sciConsole.domain.Role.userRoles#1]
15:56:19.401 [Test worker] DEBUG o.h.e.l.i.CollectionLoadContext - 1 collections were found in result set for role: sciConsole.domain.Role.userRoles
15:56:19.401 [Test worker] DEBUG o.h.e.l.i.CollectionLoadContext - Collection fully initialized: [sciConsole.domain.Role.userRoles#1]
15:56:19.401 [Test worker] DEBUG o.h.e.l.i.CollectionLoadContext - 1 collections initialized for role: sciConsole.domain.Role.userRoles
15:56:19.401 [Test worker] DEBUG o.h.l.c.p.AbstractLoadPlanBasedCollectionInitializer - Done loading collection
15:56:19.401 [Test worker] DEBUG o.s.orm.jpa.JpaTransactionManager - Initiating transaction commit
15:56:19.402 [Test worker] DEBUG o.s.orm.jpa.JpaTransactionManager - Committing JPA transaction on EntityManager [org.hibernate.jpa.internal.EntityManagerImpl@681f4d7]
15:56:19.402 [Test worker] DEBUG o.h.e.t.spi.AbstractTransactionImpl - committing
15:56:19.402 [Test worker] DEBUG o.h.e.i.AbstractFlushingEventListener - Processing flush-time cascades
15:56:19.402 [Test worker] DEBUG o.h.e.i.AbstractFlushingEventListener - Dirty checking collections
15:56:19.402 [Test worker] DEBUG o.h.engine.internal.Collections - Collection dereferenced: [sciConsole.domain.Role.userRoles#2]
15:56:19.402 [Test worker] DEBUG o.h.engine.internal.Collections - Collection dereferenced: [sciConsole.domain.Role.userRoles#1]
15:56:19.402 [Test worker] DEBUG o.h.e.i.AbstractFlushingEventListener - Flushed: 0 insertions, 0 updates, 4 deletions to 4 objects
15:56:19.402 [Test worker] DEBUG o.h.e.i.AbstractFlushingEventListener - Flushed: 0 (re)creations, 0 updates, 2 removals to 2 collections
15:56:19.402 [Test worker] DEBUG o.h.internal.util.EntityPrinter - Listing entities:
15:56:19.402 [Test worker] DEBUG o.h.internal.util.EntityPrinter - sciConsole.domain.User{password=$2a$10$sbTqPCC0wB2c4IE5Y5RCdeWLIvtjAKEHFzHluAg7LiqkSdZNujJn2, role=sciConsole.domain.Role#2, id=19, login=Alice}
15:56:19.402 [Test worker] DEBUG o.h.internal.util.EntityPrinter - sciConsole.domain.User{password=$2a$10$UQ/jCMwn14H5VdHO4or0L.xvlGoplsSsRXHjXdbYij9UEArHJzsE2, role=sciConsole.domain.Role#1, id=20, login=Bob}
15:56:19.402 [Test worker] DEBUG o.h.internal.util.EntityPrinter - sciConsole.domain.Role{userRoles=[sciConsole.domain.User#20], role=MANAGER, id=1}
15:56:19.402 [Test worker] DEBUG o.h.internal.util.EntityPrinter - sciConsole.domain.Role{userRoles=[sciConsole.domain.User#19], role=DEVELOPER, id=2}
15:56:19.403 [Test worker] DEBUG o.h.p.c.AbstractCollectionPersister - Deleting collection: [sciConsole.domain.Role.userRoles#2]
15:56:19.403 [Test worker] DEBUG org.hibernate.SQL - delete from user_roles where role_id=?
15:56:19.404 [Test worker] DEBUG o.h.p.c.AbstractCollectionPersister - Done deleting collection
15:56:19.404 [Test worker] DEBUG o.h.p.c.AbstractCollectionPersister - Deleting collection: [sciConsole.domain.Role.userRoles#1]
15:56:19.404 [Test worker] DEBUG org.hibernate.SQL - delete from user_roles where role_id=?
15:56:19.405 [Test worker] DEBUG o.h.p.c.AbstractCollectionPersister - Done deleting collection
15:56:19.405 [Test worker] DEBUG org.hibernate.SQL - delete from user_roles where user_id=?
15:56:19.406 [Test worker] DEBUG org.hibernate.SQL - delete from users where id=?
15:56:19.406 [Test worker] DEBUG org.hibernate.SQL - delete from roles where id=?
15:56:19.407 [Test worker] DEBUG org.hibernate.SQL - delete from user_roles where user_id=?
15:56:19.407 [Test worker] DEBUG org.hibernate.SQL - delete from users where id=?
15:56:19.408 [Test worker] DEBUG org.hibernate.SQL - delete from roles where id=?
15:56:19.411 [Test worker] DEBUG o.h.e.t.i.jdbc.JdbcTransaction - committed JDBC Connection
15:56:19.412 [Test worker] DEBUG o.h.e.t.i.jdbc.JdbcTransaction - re-enabling autocommit
15:56:19.412 [Test worker] DEBUG o.s.orm.jpa.JpaTransactionManager - Closing JPA EntityManager [org.hibernate.jpa.internal.EntityManagerImpl@681f4d7] after transaction
15:56:19.412 [Test worker] DEBUG o.s.o.jpa.EntityManagerFactoryUtils - Closing JPA EntityManager
15:56:19.412 [Test worker] DEBUG o.h.e.j.internal.JdbcCoordinatorImpl - HHH000420: Closing un-released batch
15:56:19.412 [Test worker] DEBUG o.h.e.j.i.LogicalConnectionImpl - Releasing JDBC connection
15:56:19.412 [Test worker] DEBUG o.h.e.j.i.LogicalConnectionImpl - Released JDBC connection
15:56:19.412 [Test worker] DEBUG o.s.orm.jpa.JpaTransactionManager - Creating new transaction with name [org.springframework.data.jpa.repository.support.SimpleJpaRepository.deleteAll]: PROPAGATION_REQUIRED,ISOLATION_DEFAULT; ''
15:56:19.412 [Test worker] DEBUG o.s.orm.jpa.JpaTransactionManager - Opened new EntityManager [org.hibernate.jpa.internal.EntityManagerImpl@5aa2c0ac] for JPA transaction
15:56:19.413 [Test worker] DEBUG o.h.e.t.spi.AbstractTransactionImpl - begin
15:56:19.413 [Test worker] DEBUG o.h.e.j.i.LogicalConnectionImpl - Obtaining JDBC connection
15:56:19.413 [Test worker] DEBUG o.s.j.d.DriverManagerDataSource - Creating new JDBC DriverManager Connection to [jdbc:mysql://127.0.0.1:3306/wrp3]
15:56:19.416 [Test worker] DEBUG o.h.e.j.i.LogicalConnectionImpl - Obtained JDBC connection
15:56:19.416 [Test worker] DEBUG o.h.e.t.i.jdbc.JdbcTransaction - initial autocommit status: true
15:56:19.416 [Test worker] DEBUG o.h.e.t.i.jdbc.JdbcTransaction - disabling autocommit
15:56:19.417 [Test worker] DEBUG o.s.orm.jpa.JpaTransactionManager - Exposing JPA transaction as JDBC transaction [org.springframework.orm.jpa.vendor.HibernateJpaDialect$HibernateConnectionHandle@7a31b05c]
15:56:19.417 [Test worker] DEBUG o.h.jpa.criteria.CriteriaQueryImpl - Rendered criteria query -> select generatedAlias0 from Role as generatedAlias0
15:56:19.417 [Test worker] DEBUG org.hibernate.SQL - select role0_.id as id1_4_, role0_.role as role2_4_ from roles role0_
15:56:19.418 [Test worker] DEBUG o.s.orm.jpa.JpaTransactionManager - Initiating transaction commit
15:56:19.418 [Test worker] DEBUG o.s.orm.jpa.JpaTransactionManager - Committing JPA transaction on EntityManager [org.hibernate.jpa.internal.EntityManagerImpl@5aa2c0ac]
15:56:19.418 [Test worker] DEBUG o.h.e.t.spi.AbstractTransactionImpl - committing
15:56:19.418 [Test worker] DEBUG o.h.e.t.i.jdbc.JdbcTransaction - committed JDBC Connection
15:56:19.418 [Test worker] DEBUG o.h.e.t.i.jdbc.JdbcTransaction - re-enabling autocommit
15:56:19.418 [Test worker] DEBUG o.s.orm.jpa.JpaTransactionManager - Closing JPA EntityManager [org.hibernate.jpa.internal.EntityManagerImpl@5aa2c0ac] after transaction
15:56:19.418 [Test worker] DEBUG o.s.o.jpa.EntityManagerFactoryUtils - Closing JPA EntityManager
15:56:19.418 [Test worker] DEBUG o.h.e.j.i.LogicalConnectionImpl - Releasing JDBC connection
15:56:19.418 [Test worker] DEBUG o.h.e.j.i.LogicalConnectionImpl - Released JDBC connection
15:56:19.418 [Test worker] DEBUG o.s.orm.jpa.JpaTransactionManager - Creating new transaction with name [org.springframework.data.jpa.repository.support.SimpleJpaRepository.save]: PROPAGATION_REQUIRED,ISOLATION_DEFAULT; ''
15:56:19.419 [Test worker] DEBUG o.s.orm.jpa.JpaTransactionManager - Opened new EntityManager [org.hibernate.jpa.internal.EntityManagerImpl@59c5cda1] for JPA transaction
15:56:19.419 [Test worker] DEBUG o.h.e.t.spi.AbstractTransactionImpl - begin
15:56:19.419 [Test worker] DEBUG o.h.e.j.i.LogicalConnectionImpl - Obtaining JDBC connection
15:56:19.419 [Test worker] DEBUG o.s.j.d.DriverManagerDataSource - Creating new JDBC DriverManager Connection to [jdbc:mysql://127.0.0.1:3306/wrp3]
15:56:19.422 [Test worker] DEBUG o.h.e.j.i.LogicalConnectionImpl - Obtained JDBC connection
15:56:19.422 [Test worker] DEBUG o.h.e.t.i.jdbc.JdbcTransaction - initial autocommit status: true
15:56:19.422 [Test worker] DEBUG o.h.e.t.i.jdbc.JdbcTransaction - disabling autocommit
15:56:19.422 [Test worker] DEBUG o.s.orm.jpa.JpaTransactionManager - Exposing JPA transaction as JDBC transaction [org.springframework.orm.jpa.vendor.HibernateJpaDialect$HibernateConnectionHandle@72a5e504]
15:56:19.422 [Test worker] DEBUG org.hibernate.loader.Loader - Loading entity: [sciConsole.domain.User#19]
15:56:19.423 [Test worker] DEBUG org.hibernate.SQL - select user0_.id as id1_8_1_, user0_.login as login2_8_1_, user0_.password as password3_8_1_, user0_1_.role_id as role_id1_7_1_, role1_.id as id1_4_0_, role1_.role as role2_4_0_ from users user0_ left outer join user_roles user0_1_ on user0_.id=user0_1_.user_id left outer join roles role1_ on user0_1_.role_id=role1_.id where user0_.id=?
15:56:19.423 [Test worker] DEBUG org.hibernate.loader.Loader - Done entity load
15:56:19.424 [Test worker] DEBUG org.hibernate.loader.Loader - Loading entity: [sciConsole.domain.Role#2]
15:56:19.424 [Test worker] DEBUG org.hibernate.SQL - select role0_.id as id1_4_1_, role0_.role as role2_4_1_, userroles1_.role_id as role_id1_4_3_, user2_.id as user_id2_7_3_, user2_.id as id1_8_0_, user2_.login as login2_8_0_, user2_.password as password3_8_0_, user2_1_.role_id as role_id1_7_0_ from roles role0_ left outer join user_roles userroles1_ on role0_.id=userroles1_.role_id left outer join users user2_ on userroles1_.user_id=user2_.id left outer join user_roles user2_1_ on user2_.id=user2_1_.user_id where role0_.id=?
15:56:19.424 [Test worker] DEBUG o.h.e.l.i.CollectionLoadContext - No collections were found in result set for role: sciConsole.domain.Role.userRoles
15:56:19.425 [Test worker] DEBUG org.hibernate.loader.Loader - Done entity load
15:56:19.425 [Test worker] DEBUG o.h.e.i.AbstractSaveEventListener - Generated identifier: 2, using strategy: org.hibernate.id.Assigned
15:56:19.425 [Test worker] DEBUG org.hibernate.SQL - insert into roles (role, id) values (?, ?)
15:56:19.426 [Test worker] DEBUG org.hibernate.engine.spi.ActionQueue - Executing identity-insert immediately
15:56:19.426 [Test worker] DEBUG org.hibernate.SQL - insert into users (login, password) values (?, ?)
15:56:19.427 [Test worker] DEBUG o.h.id.IdentifierGeneratorHelper - Natively generated identity: 21
15:56:19.427 [Test worker] DEBUG org.hibernate.SQL - insert into user_roles (role_id, user_id) values (?, ?)
15:56:19.428 [Test worker] DEBUG org.hibernate.loader.Loader - Loading entity: [sciConsole.domain.User#20]
15:56:19.428 [Test worker] DEBUG org.hibernate.SQL - select user0_.id as id1_8_1_, user0_.login as login2_8_1_, user0_.password as password3_8_1_, user0_1_.role_id as role_id1_7_1_, role1_.id as id1_4_0_, role1_.role as role2_4_0_ from users user0_ left outer join user_roles user0_1_ on user0_.id=user0_1_.user_id left outer join roles role1_ on user0_1_.role_id=role1_.id where user0_.id=?
15:56:19.429 [Test worker] DEBUG org.hibernate.loader.Loader - Done entity load
15:56:19.429 [Test worker] DEBUG org.hibernate.loader.Loader - Loading entity: [sciConsole.domain.Role#1]
15:56:19.429 [Test worker] DEBUG org.hibernate.SQL - select role0_.id as id1_4_1_, role0_.role as role2_4_1_, userroles1_.role_id as role_id1_4_3_, user2_.id as user_id2_7_3_, user2_.id as id1_8_0_, user2_.login as login2_8_0_, user2_.password as password3_8_0_, user2_1_.role_id as role_id1_7_0_ from roles role0_ left outer join user_roles userroles1_ on role0_.id=userroles1_.role_id left outer join users user2_ on userroles1_.user_id=user2_.id left outer join user_roles user2_1_ on user2_.id=user2_1_.user_id where role0_.id=?
15:56:19.429 [Test worker] DEBUG o.h.e.l.i.CollectionLoadContext - No collections were found in result set for role: sciConsole.domain.Role.userRoles
15:56:19.430 [Test worker] DEBUG org.hibernate.loader.Loader - Done entity load
15:56:19.430 [Test worker] DEBUG o.h.e.i.AbstractSaveEventListener - Generated identifier: 1, using strategy: org.hibernate.id.Assigned
15:56:19.430 [Test worker] DEBUG org.hibernate.SQL - insert into roles (role, id) values (?, ?)
15:56:19.431 [Test worker] DEBUG org.hibernate.engine.spi.ActionQueue - Executing identity-insert immediately
15:56:19.431 [Test worker] DEBUG org.hibernate.SQL - insert into users (login, password) values (?, ?)
15:56:19.431 [Test worker] DEBUG o.h.id.IdentifierGeneratorHelper - Natively generated identity: 22
15:56:19.432 [Test worker] DEBUG org.hibernate.SQL - insert into user_roles (role_id, user_id) values (?, ?)
15:56:19.432 [Test worker] DEBUG o.s.orm.jpa.JpaTransactionManager - Initiating transaction commit
15:56:19.432 [Test worker] DEBUG o.s.orm.jpa.JpaTransactionManager - Committing JPA transaction on EntityManager [org.hibernate.jpa.internal.EntityManagerImpl@59c5cda1]
15:56:19.432 [Test worker] DEBUG o.h.e.t.spi.AbstractTransactionImpl - committing
15:56:19.432 [Test worker] DEBUG o.h.e.i.AbstractFlushingEventListener - Processing flush-time cascades
15:56:19.433 [Test worker] DEBUG o.h.e.i.AbstractFlushingEventListener - Dirty checking collections
15:56:19.433 [Test worker] DEBUG o.h.e.i.AbstractFlushingEventListener - Flushed: 0 insertions, 0 updates, 0 deletions to 4 objects
15:56:19.433 [Test worker] DEBUG o.h.e.i.AbstractFlushingEventListener - Flushed: 0 (re)creations, 0 updates, 0 removals to 0 collections
15:56:19.433 [Test worker] DEBUG o.h.internal.util.EntityPrinter - Listing entities:
15:56:19.433 [Test worker] DEBUG o.h.internal.util.EntityPrinter - sciConsole.domain.User{password=$2a$10$sbTqPCC0wB2c4IE5Y5RCdeWLIvtjAKEHFzHluAg7LiqkSdZNujJn2, role=sciConsole.domain.Role#2, id=21, login=Alice}
15:56:19.433 [Test worker] DEBUG o.h.internal.util.EntityPrinter - sciConsole.domain.User{password=$2a$10$UQ/jCMwn14H5VdHO4or0L.xvlGoplsSsRXHjXdbYij9UEArHJzsE2, role=sciConsole.domain.Role#1, id=22, login=Bob}
15:56:19.433 [Test worker] DEBUG o.h.internal.util.EntityPrinter - sciConsole.domain.Role{userRoles=null, role=MANAGER, id=1}
15:56:19.433 [Test worker] DEBUG o.h.internal.util.EntityPrinter - sciConsole.domain.Role{userRoles=null, role=DEVELOPER, id=2}
15:56:19.436 [Test worker] DEBUG o.h.e.t.i.jdbc.JdbcTransaction - committed JDBC Connection
15:56:19.436 [Test worker] DEBUG o.h.e.t.i.jdbc.JdbcTransaction - re-enabling autocommit
15:56:19.436 [Test worker] DEBUG o.s.orm.jpa.JpaTransactionManager - Closing JPA EntityManager [org.hibernate.jpa.internal.EntityManagerImpl@59c5cda1] after transaction
15:56:19.436 [Test worker] DEBUG o.s.o.jpa.EntityManagerFactoryUtils - Closing JPA EntityManager
15:56:19.436 [Test worker] DEBUG o.h.e.j.internal.JdbcCoordinatorImpl - HHH000420: Closing un-released batch
15:56:19.436 [Test worker] DEBUG o.h.e.j.i.LogicalConnectionImpl - Releasing JDBC connection
15:56:19.437 [Test worker] DEBUG o.h.e.j.i.LogicalConnectionImpl - Released JDBC connection
15:56:19.437 [Test worker] DEBUG o.s.orm.jpa.JpaTransactionManager - Creating new transaction with name [org.springframework.data.jpa.repository.support.SimpleJpaRepository.save]: PROPAGATION_REQUIRED,ISOLATION_DEFAULT; ''
15:56:19.437 [Test worker] DEBUG o.s.orm.jpa.JpaTransactionManager - Opened new EntityManager [org.hibernate.jpa.internal.EntityManagerImpl@4e6050ed] for JPA transaction
15:56:19.437 [Test worker] DEBUG o.h.e.t.spi.AbstractTransactionImpl - begin
15:56:19.437 [Test worker] DEBUG o.h.e.j.i.LogicalConnectionImpl - Obtaining JDBC connection
15:56:19.437 [Test worker] DEBUG o.s.j.d.DriverManagerDataSource - Creating new JDBC DriverManager Connection to [jdbc:mysql://127.0.0.1:3306/wrp3]
15:56:19.441 [Test worker] DEBUG o.h.e.j.i.LogicalConnectionImpl - Obtained JDBC connection
15:56:19.441 [Test worker] DEBUG o.h.e.t.i.jdbc.JdbcTransaction - initial autocommit status: true
15:56:19.441 [Test worker] DEBUG o.h.e.t.i.jdbc.JdbcTransaction - disabling autocommit
15:56:19.441 [Test worker] DEBUG o.s.orm.jpa.JpaTransactionManager - Exposing JPA transaction as JDBC transaction [org.springframework.orm.jpa.vendor.HibernateJpaDialect$HibernateConnectionHandle@7df4a8df]
15:56:19.441 [Test worker] DEBUG org.hibernate.loader.Loader - Loading entity: [sciConsole.domain.Role#1]
15:56:19.441 [Test worker] DEBUG org.hibernate.SQL - select role0_.id as id1_4_1_, role0_.role as role2_4_1_, userroles1_.role_id as role_id1_4_3_, user2_.id as user_id2_7_3_, user2_.id as id1_8_0_, user2_.login as login2_8_0_, user2_.password as password3_8_0_, user2_1_.role_id as role_id1_7_0_ from roles role0_ left outer join user_roles userroles1_ on role0_.id=userroles1_.role_id left outer join users user2_ on userroles1_.user_id=user2_.id left outer join user_roles user2_1_ on user2_.id=user2_1_.user_id where role0_.id=?
15:56:19.442 [Test worker] DEBUG org.hibernate.loader.Loader - Result set row: 0
15:56:19.442 [Test worker] DEBUG org.hibernate.loader.Loader - Result row: EntityKey[sciConsole.domain.User#22], EntityKey[sciConsole.domain.Role#1]
15:56:19.443 [Test worker] DEBUG org.hibernate.loader.Loader - Found row of collection: [sciConsole.domain.Role.userRoles#1]
15:56:19.443 [Test worker] DEBUG o.h.engine.internal.TwoPhaseLoad - Resolving associations for [sciConsole.domain.User#22]
15:56:19.443 [Test worker] DEBUG o.h.engine.internal.TwoPhaseLoad - Done materializing entity [sciConsole.domain.User#22]
15:56:19.443 [Test worker] DEBUG o.h.engine.internal.TwoPhaseLoad - Resolving associations for [sciConsole.domain.Role#1]
15:56:19.443 [Test worker] DEBUG o.h.engine.internal.TwoPhaseLoad - Done materializing entity [sciConsole.domain.Role#1]
15:56:19.443 [Test worker] DEBUG o.h.e.l.i.CollectionLoadContext - 1 collections were found in result set for role: sciConsole.domain.Role.userRoles
15:56:19.443 [Test worker] DEBUG o.h.e.l.i.CollectionLoadContext - Collection fully initialized: [sciConsole.domain.Role.userRoles#1]
15:56:19.443 [Test worker] DEBUG o.h.e.l.i.CollectionLoadContext - 1 collections initialized for role: sciConsole.domain.Role.userRoles
15:56:19.444 [Test worker] DEBUG org.hibernate.loader.Loader - Done entity load
15:56:19.444 [Test worker] DEBUG org.hibernate.loader.Loader - Loading entity: [sciConsole.domain.Role#2]
15:56:19.444 [Test worker] DEBUG org.hibernate.SQL - select role0_.id as id1_4_1_, role0_.role as role2_4_1_, userroles1_.role_id as role_id1_4_3_, user2_.id as user_id2_7_3_, user2_.id as id1_8_0_, user2_.login as login2_8_0_, user2_.password as password3_8_0_, user2_1_.role_id as role_id1_7_0_ from roles role0_ left outer join user_roles userroles1_ on role0_.id=userroles1_.role_id left outer join users user2_ on userroles1_.user_id=user2_.id left outer join user_roles user2_1_ on user2_.id=user2_1_.user_id where role0_.id=?
15:56:19.445 [Test worker] DEBUG org.hibernate.loader.Loader - Result set row: 0
15:56:19.445 [Test worker] DEBUG org.hibernate.loader.Loader - Result row: EntityKey[sciConsole.domain.User#21], EntityKey[sciConsole.domain.Role#2]
15:56:19.445 [Test worker] DEBUG org.hibernate.loader.Loader - Found row of collection: [sciConsole.domain.Role.userRoles#2]
15:56:19.445 [Test worker] DEBUG o.h.engine.internal.TwoPhaseLoad - Resolving associations for [sciConsole.domain.User#21]
15:56:19.445 [Test worker] DEBUG o.h.engine.internal.TwoPhaseLoad - Done materializing entity [sciConsole.domain.User#21]
15:56:19.445 [Test worker] DEBUG o.h.engine.internal.TwoPhaseLoad - Resolving associations for [sciConsole.domain.Role#2]
15:56:19.445 [Test worker] DEBUG o.h.engine.internal.TwoPhaseLoad - Done materializing entity [sciConsole.domain.Role#2]
15:56:19.445 [Test worker] DEBUG o.h.e.l.i.CollectionLoadContext - 1 collections were found in result set for role: sciConsole.domain.Role.userRoles
15:56:19.445 [Test worker] DEBUG o.h.e.l.i.CollectionLoadContext - Collection fully initialized: [sciConsole.domain.Role.userRoles#2]
15:56:19.445 [Test worker] DEBUG o.h.e.l.i.CollectionLoadContext - 1 collections initialized for role: sciConsole.domain.Role.userRoles
15:56:19.446 [Test worker] DEBUG org.hibernate.loader.Loader - Done entity load
15:56:19.446 [Test worker] DEBUG o.s.orm.jpa.JpaTransactionManager - Initiating transaction commit
15:56:19.446 [Test worker] DEBUG o.s.orm.jpa.JpaTransactionManager - Committing JPA transaction on EntityManager [org.hibernate.jpa.internal.EntityManagerImpl@4e6050ed]
15:56:19.446 [Test worker] DEBUG o.h.e.t.spi.AbstractTransactionImpl - committing
15:56:19.446 [Test worker] DEBUG o.h.e.i.AbstractFlushingEventListener - Processing flush-time cascades
15:56:19.446 [Test worker] DEBUG o.h.e.i.AbstractFlushingEventListener - Dirty checking collections
15:56:19.447 [Test worker] DEBUG o.h.engine.internal.Collections - Collection found: [sciConsole.domain.Role.userRoles#1], was: [sciConsole.domain.Role.userRoles#1] (initialized)
15:56:19.447 [Test worker] DEBUG o.h.engine.internal.Collections - Collection found: [sciConsole.domain.Role.userRoles#2], was: [sciConsole.domain.Role.userRoles#2] (initialized)
15:56:19.447 [Test worker] DEBUG o.h.e.i.AbstractFlushingEventListener - Flushed: 0 insertions, 0 updates, 0 deletions to 4 objects
15:56:19.447 [Test worker] DEBUG o.h.e.i.AbstractFlushingEventListener - Flushed: 0 (re)creations, 0 updates, 0 removals to 2 collections
15:56:19.447 [Test worker] DEBUG o.h.internal.util.EntityPrinter - Listing entities:
15:56:19.447 [Test worker] DEBUG o.h.internal.util.EntityPrinter - sciConsole.domain.User{password=$2a$10$sbTqPCC0wB2c4IE5Y5RCdeWLIvtjAKEHFzHluAg7LiqkSdZNujJn2, role=sciConsole.domain.Role#2, id=21, login=Alice}
15:56:19.447 [Test worker] DEBUG o.h.internal.util.EntityPrinter - sciConsole.domain.User{password=$2a$10$UQ/jCMwn14H5VdHO4or0L.xvlGoplsSsRXHjXdbYij9UEArHJzsE2, role=sciConsole.domain.Role#1, id=22, login=Bob}
15:56:19.447 [Test worker] DEBUG o.h.internal.util.EntityPrinter - sciConsole.domain.Role{userRoles=[sciConsole.domain.User#22], role=MANAGER, id=1}
15:56:19.447 [Test worker] DEBUG o.h.internal.util.EntityPrinter - sciConsole.domain.Role{userRoles=[sciConsole.domain.User#21], role=DEVELOPER, id=2}
15:56:19.447 [Test worker] DEBUG o.h.e.t.i.jdbc.JdbcTransaction - committed JDBC Connection
15:56:19.447 [Test worker] DEBUG o.h.e.t.i.jdbc.JdbcTransaction - re-enabling autocommit
15:56:19.448 [Test worker] DEBUG o.s.orm.jpa.JpaTransactionManager - Closing JPA EntityManager [org.hibernate.jpa.internal.EntityManagerImpl@4e6050ed] after transaction
15:56:19.448 [Test worker] DEBUG o.s.o.jpa.EntityManagerFactoryUtils - Closing JPA EntityManager
15:56:19.448 [Test worker] DEBUG o.h.e.j.i.LogicalConnectionImpl - Releasing JDBC connection
15:56:19.448 [Test worker] DEBUG o.h.e.j.i.LogicalConnectionImpl - Released JDBC connection
15:56:19.448 [Test worker] DEBUG o.s.t.c.s.AbstractDirtiesContextTestExecutionListener - After test class: context [DefaultTestContext@61867ad0 testClass = CompleteChangeRequestStepDefs, testInstance = [null], testMethod = [null], testException = [null], mergedContextConfiguration = [WebMergedContextConfiguration@32fc01a1 testClass = CompleteChangeRequestStepDefs, locations = '{}', classes = '{class sciConsole.SciConsoleApplication, class sciConsole.controller.SessionController, class sciConsole.controller.AccountController, class sciConsole.controller.ChangeRequestController, class sciConsole.SecurityConfig, class sciConsole.WebConfig}', contextInitializerClasses = '[]', activeProfiles = '{}', propertySourceLocations = '{}', propertySourceProperties = '{}', resourceBasePath = 'src/main/webapp', contextLoader = 'org.springframework.test.context.web.WebDelegatingSmartContextLoader', parent = [null]]], class annotated with @DirtiesContext [false] with mode [null].
15:56:19.514 [Test worker] DEBUG o.s.o.j.SharedEntityManagerCreator$SharedEntityManagerInvocationHandler - Creating new EntityManager for shared EntityManager invocation
15:56:19.515 [Test worker] DEBUG o.h.jpa.criteria.CriteriaQueryImpl - Rendered criteria query -> select generatedAlias0 from User as generatedAlias0 where generatedAlias0.login=:param0
15:56:19.515 [Test worker] DEBUG org.hibernate.SQL - select user0_.id as id1_8_, user0_.login as login2_8_, user0_.password as password3_8_, user0_1_.role_id as role_id1_7_ from users user0_ left outer join user_roles user0_1_ on user0_.id=user0_1_.user_id where user0_.login=?
15:56:19.515 [Test worker] DEBUG o.h.e.j.i.LogicalConnectionImpl - Obtaining JDBC connection
15:56:19.515 [Test worker] DEBUG o.s.j.d.DriverManagerDataSource - Creating new JDBC DriverManager Connection to [jdbc:mysql://127.0.0.1:3306/wrp3]
15:56:19.518 [Test worker] DEBUG o.h.e.j.i.LogicalConnectionImpl - Obtained JDBC connection
15:56:19.519 [Test worker] DEBUG org.hibernate.loader.Loader - Result set row: 0
15:56:19.519 [Test worker] DEBUG org.hibernate.loader.Loader - Result row: EntityKey[sciConsole.domain.User#21]
15:56:19.519 [Test worker] DEBUG o.h.engine.internal.TwoPhaseLoad - Resolving associations for [sciConsole.domain.User#21]
15:56:19.520 [Test worker] DEBUG org.hibernate.SQL - select role0_.id as id1_4_0_, role0_.role as role2_4_0_ from roles role0_ where role0_.id=?
15:56:19.520 [Test worker] DEBUG o.h.l.p.e.p.i.ResultSetProcessorImpl - Starting ResultSet row #0
15:56:19.520 [Test worker] DEBUG o.h.l.p.e.p.i.EntityReferenceInitializerImpl - On call to EntityIdentifierReaderImpl#resolve, EntityKey was already known; should only happen on root returns with an optional identifier specified
15:56:19.520 [Test worker] DEBUG o.h.engine.internal.TwoPhaseLoad - Resolving associations for [sciConsole.domain.Role#2]
15:56:19.520 [Test worker] DEBUG o.h.engine.internal.TwoPhaseLoad - Done materializing entity [sciConsole.domain.Role#2]
15:56:19.521 [Test worker] DEBUG o.h.l.e.p.AbstractLoadPlanBasedEntityLoader - Done entity load : sciConsole.domain.Role#2
15:56:19.521 [Test worker] DEBUG o.h.engine.internal.TwoPhaseLoad - Done materializing entity [sciConsole.domain.User#21]
15:56:19.521 [Test worker] DEBUG o.s.o.jpa.EntityManagerFactoryUtils - Closing JPA EntityManager
15:56:19.521 [Test worker] DEBUG o.h.e.j.i.LogicalConnectionImpl - Releasing JDBC connection
15:56:19.521 [Test worker] DEBUG o.h.e.j.i.LogicalConnectionImpl - Released JDBC connection
15:56:19.658 [Test worker] DEBUG o.s.orm.jpa.JpaTransactionManager - Creating new transaction with name [org.springframework.data.jpa.repository.support.SimpleJpaRepository.deleteAll]: PROPAGATION_REQUIRED,ISOLATION_DEFAULT; ''
15:56:19.658 [Test worker] DEBUG o.s.orm.jpa.JpaTransactionManager - Opened new EntityManager [org.hibernate.jpa.internal.EntityManagerImpl@3ff276f9] for JPA transaction
15:56:19.658 [Test worker] DEBUG o.h.e.t.spi.AbstractTransactionImpl - begin
15:56:19.658 [Test worker] DEBUG o.h.e.j.i.LogicalConnectionImpl - Obtaining JDBC connection
15:56:19.658 [Test worker] DEBUG o.s.j.d.DriverManagerDataSource - Creating new JDBC DriverManager Connection to [jdbc:mysql://127.0.0.1:3306/wrp3]
15:56:19.662 [Test worker] DEBUG o.h.e.j.i.LogicalConnectionImpl - Obtained JDBC connection
15:56:19.662 [Test worker] DEBUG o.h.e.t.i.jdbc.JdbcTransaction - initial autocommit status: true
15:56:19.662 [Test worker] DEBUG o.h.e.t.i.jdbc.JdbcTransaction - disabling autocommit
15:56:19.662 [Test worker] DEBUG o.s.orm.jpa.JpaTransactionManager - Exposing JPA transaction as JDBC transaction [org.springframework.orm.jpa.vendor.HibernateJpaDialect$HibernateConnectionHandle@571f1e77]
15:56:19.663 [Test worker] DEBUG o.h.jpa.criteria.CriteriaQueryImpl - Rendered criteria query -> select generatedAlias0 from Request as generatedAlias0
15:56:19.663 [Test worker] DEBUG org.hibernate.SQL - select request0_.request_id as request_1_3_, request0_.assign_to as assign_t2_3_, request0_.created_by as created_3_3_, request0_.date_created as date_cre4_3_, request0_.date_complete as date_com5_3_, request0_.due_date as due_date6_3_, request0_.priority as priority7_3_, request0_.reject_reason as reject_r8_3_, request0_.req_desc as req_desc9_3_, request0_.req_solution as req_sol10_3_, request0_.sci_id as sci_id11_3_, request0_.status as status12_3_, request0_.assigned_to as assigne13_3_, request0_.version_id as version14_3_ from request request0_
15:56:19.664 [Test worker] DEBUG o.s.orm.jpa.JpaTransactionManager - Initiating transaction commit
15:56:19.664 [Test worker] DEBUG o.s.orm.jpa.JpaTransactionManager - Committing JPA transaction on EntityManager [org.hibernate.jpa.internal.EntityManagerImpl@3ff276f9]
15:56:19.664 [Test worker] DEBUG o.h.e.t.spi.AbstractTransactionImpl - committing
15:56:19.664 [Test worker] DEBUG o.h.e.t.i.jdbc.JdbcTransaction - committed JDBC Connection
15:56:19.664 [Test worker] DEBUG o.h.e.t.i.jdbc.JdbcTransaction - re-enabling autocommit
15:56:19.664 [Test worker] DEBUG o.s.orm.jpa.JpaTransactionManager - Closing JPA EntityManager [org.hibernate.jpa.internal.EntityManagerImpl@3ff276f9] after transaction
15:56:19.664 [Test worker] DEBUG o.s.o.jpa.EntityManagerFactoryUtils - Closing JPA EntityManager
15:56:19.664 [Test worker] DEBUG o.h.e.j.i.LogicalConnectionImpl - Releasing JDBC connection
15:56:19.665 [Test worker] DEBUG o.h.e.j.i.LogicalConnectionImpl - Released JDBC connection
15:56:19.665 [Test worker] DEBUG o.s.orm.jpa.JpaTransactionManager - Creating new transaction with name [org.springframework.data.jpa.repository.support.SimpleJpaRepository.save]: PROPAGATION_REQUIRED,ISOLATION_DEFAULT; ''
15:56:19.665 [Test worker] DEBUG o.s.orm.jpa.JpaTransactionManager - Opened new EntityManager [org.hibernate.jpa.internal.EntityManagerImpl@39e512f4] for JPA transaction
15:56:19.665 [Test worker] DEBUG o.h.e.t.spi.AbstractTransactionImpl - begin
15:56:19.665 [Test worker] DEBUG o.h.e.j.i.LogicalConnectionImpl - Obtaining JDBC connection
15:56:19.665 [Test worker] DEBUG o.s.j.d.DriverManagerDataSource - Creating new JDBC DriverManager Connection to [jdbc:mysql://127.0.0.1:3306/wrp3]
15:56:19.669 [Test worker] DEBUG o.h.e.j.i.LogicalConnectionImpl - Obtained JDBC connection
15:56:19.669 [Test worker] DEBUG o.h.e.t.i.jdbc.JdbcTransaction - initial autocommit status: true
15:56:19.669 [Test worker] DEBUG o.h.e.t.i.jdbc.JdbcTransaction - disabling autocommit
15:56:19.669 [Test worker] DEBUG o.s.orm.jpa.JpaTransactionManager - Exposing JPA transaction as JDBC transaction [org.springframework.orm.jpa.vendor.HibernateJpaDialect$HibernateConnectionHandle@25b2d51c]
15:56:19.669 [Test worker] DEBUG o.s.orm.jpa.JpaTransactionManager - Initiating transaction commit
15:56:19.669 [Test worker] DEBUG o.s.orm.jpa.JpaTransactionManager - Committing JPA transaction on EntityManager [org.hibernate.jpa.internal.EntityManagerImpl@39e512f4]
15:56:19.669 [Test worker] DEBUG o.h.e.t.spi.AbstractTransactionImpl - committing
15:56:19.669 [Test worker] DEBUG o.h.e.t.i.jdbc.JdbcTransaction - committed JDBC Connection
15:56:19.669 [Test worker] DEBUG o.h.e.t.i.jdbc.JdbcTransaction - re-enabling autocommit
15:56:19.670 [Test worker] DEBUG o.s.orm.jpa.JpaTransactionManager - Closing JPA EntityManager [org.hibernate.jpa.internal.EntityManagerImpl@39e512f4] after transaction
15:56:19.670 [Test worker] DEBUG o.s.o.jpa.EntityManagerFactoryUtils - Closing JPA EntityManager
15:56:19.670 [Test worker] DEBUG o.h.e.j.i.LogicalConnectionImpl - Releasing JDBC connection
15:56:19.670 [Test worker] DEBUG o.h.e.j.i.LogicalConnectionImpl - Released JDBC connection
15:56:19.671 [Test worker] DEBUG o.s.orm.jpa.JpaTransactionManager - Creating new transaction with name [org.springframework.data.jpa.repository.support.SimpleJpaRepository.deleteAll]: PROPAGATION_REQUIRED,ISOLATION_DEFAULT; ''
15:56:19.671 [Test worker] DEBUG o.s.orm.jpa.JpaTransactionManager - Opened new EntityManager [org.hibernate.jpa.internal.EntityManagerImpl@6ef328e7] for JPA transaction
15:56:19.671 [Test worker] DEBUG o.h.e.t.spi.AbstractTransactionImpl - begin
15:56:19.671 [Test worker] DEBUG o.h.e.j.i.LogicalConnectionImpl - Obtaining JDBC connection
15:56:19.671 [Test worker] DEBUG o.s.j.d.DriverManagerDataSource - Creating new JDBC DriverManager Connection to [jdbc:mysql://127.0.0.1:3306/wrp3]
15:56:19.674 [Test worker] DEBUG o.h.e.j.i.LogicalConnectionImpl - Obtained JDBC connection
15:56:19.674 [Test worker] DEBUG o.h.e.t.i.jdbc.JdbcTransaction - initial autocommit status: true
15:56:19.674 [Test worker] DEBUG o.h.e.t.i.jdbc.JdbcTransaction - disabling autocommit
15:56:19.675 [Test worker] DEBUG o.s.orm.jpa.JpaTransactionManager - Exposing JPA transaction as JDBC transaction [org.springframework.orm.jpa.vendor.HibernateJpaDialect$HibernateConnectionHandle@1308c8bb]
15:56:19.675 [Test worker] DEBUG o.h.jpa.criteria.CriteriaQueryImpl - Rendered criteria query -> select generatedAlias0 from Request as generatedAlias0
15:56:19.675 [Test worker] DEBUG org.hibernate.SQL - select request0_.request_id as request_1_3_, request0_.assign_to as assign_t2_3_, request0_.created_by as created_3_3_, request0_.date_created as date_cre4_3_, request0_.date_complete as date_com5_3_, request0_.due_date as due_date6_3_, request0_.priority as priority7_3_, request0_.reject_reason as reject_r8_3_, request0_.req_desc as req_desc9_3_, request0_.req_solution as req_sol10_3_, request0_.sci_id as sci_id11_3_, request0_.status as status12_3_, request0_.assigned_to as assigne13_3_, request0_.version_id as version14_3_ from request request0_
15:56:19.676 [Test worker] DEBUG o.s.orm.jpa.JpaTransactionManager - Initiating transaction commit
15:56:19.676 [Test worker] DEBUG o.s.orm.jpa.JpaTransactionManager - Committing JPA transaction on EntityManager [org.hibernate.jpa.internal.EntityManagerImpl@6ef328e7]
15:56:19.676 [Test worker] DEBUG o.h.e.t.spi.AbstractTransactionImpl - committing
15:56:19.676 [Test worker] DEBUG o.h.e.t.i.jdbc.JdbcTransaction - committed JDBC Connection
15:56:19.676 [Test worker] DEBUG o.h.e.t.i.jdbc.JdbcTransaction - re-enabling autocommit
15:56:19.677 [Test worker] DEBUG o.s.orm.jpa.JpaTransactionManager - Closing JPA EntityManager [org.hibernate.jpa.internal.EntityManagerImpl@6ef328e7] after transaction
15:56:19.677 [Test worker] DEBUG o.s.o.jpa.EntityManagerFactoryUtils - Closing JPA EntityManager
15:56:19.677 [Test worker] DEBUG o.h.e.j.i.LogicalConnectionImpl - Releasing JDBC connection
15:56:19.677 [Test worker] DEBUG o.h.e.j.i.LogicalConnectionImpl - Released JDBC connection
15:56:19.677 [Test worker] DEBUG o.s.orm.jpa.JpaTransactionManager - Creating new transaction with name [org.springframework.data.jpa.repository.support.SimpleJpaRepository.save]: PROPAGATION_REQUIRED,ISOLATION_DEFAULT; ''
15:56:19.677 [Test worker] DEBUG o.s.orm.jpa.JpaTransactionManager - Opened new EntityManager [org.hibernate.jpa.internal.EntityManagerImpl@66824d32] for JPA transaction
15:56:19.677 [Test worker] DEBUG o.h.e.t.spi.AbstractTransactionImpl - begin
15:56:19.677 [Test worker] DEBUG o.h.e.j.i.LogicalConnectionImpl - Obtaining JDBC connection
15:56:19.677 [Test worker] DEBUG o.s.j.d.DriverManagerDataSource - Creating new JDBC DriverManager Connection to [jdbc:mysql://127.0.0.1:3306/wrp3]
15:56:19.681 [Test worker] DEBUG o.h.e.j.i.LogicalConnectionImpl - Obtained JDBC connection
15:56:19.681 [Test worker] DEBUG o.h.e.t.i.jdbc.JdbcTransaction - initial autocommit status: true
15:56:19.681 [Test worker] DEBUG o.h.e.t.i.jdbc.JdbcTransaction - disabling autocommit
15:56:19.681 [Test worker] DEBUG o.s.orm.jpa.JpaTransactionManager - Exposing JPA transaction as JDBC transaction [org.springframework.orm.jpa.vendor.HibernateJpaDialect$HibernateConnectionHandle@3d9999ee]
15:56:19.681 [Test worker] DEBUG o.s.orm.jpa.JpaTransactionManager - Initiating transaction commit
15:56:19.681 [Test worker] DEBUG o.s.orm.jpa.JpaTransactionManager - Committing JPA transaction on EntityManager [org.hibernate.jpa.internal.EntityManagerImpl@66824d32]
15:56:19.681 [Test worker] DEBUG o.h.e.t.spi.AbstractTransactionImpl - committing
15:56:19.682 [Test worker] DEBUG o.h.e.t.i.jdbc.JdbcTransaction - committed JDBC Connection
15:56:19.682 [Test worker] DEBUG o.h.e.t.i.jdbc.JdbcTransaction - re-enabling autocommit
15:56:19.682 [Test worker] DEBUG o.s.orm.jpa.JpaTransactionManager - Closing JPA EntityManager [org.hibernate.jpa.internal.EntityManagerImpl@66824d32] after transaction
15:56:19.682 [Test worker] DEBUG o.s.o.jpa.EntityManagerFactoryUtils - Closing JPA EntityManager
15:56:19.682 [Test worker] DEBUG o.h.e.j.i.LogicalConnectionImpl - Releasing JDBC connection
15:56:19.682 [Test worker] DEBUG o.h.e.j.i.LogicalConnectionImpl - Released JDBC connection
15:56:19.683 [Test worker] DEBUG o.s.orm.jpa.JpaTransactionManager - Creating new transaction with name [org.springframework.data.jpa.repository.support.SimpleJpaRepository.deleteAll]: PROPAGATION_REQUIRED,ISOLATION_DEFAULT; ''
15:56:19.683 [Test worker] DEBUG o.s.orm.jpa.JpaTransactionManager - Opened new EntityManager [org.hibernate.jpa.internal.EntityManagerImpl@2c2ebfa2] for JPA transaction
15:56:19.683 [Test worker] DEBUG o.h.e.t.spi.AbstractTransactionImpl - begin
15:56:19.683 [Test worker] DEBUG o.h.e.j.i.LogicalConnectionImpl - Obtaining JDBC connection
15:56:19.683 [Test worker] DEBUG o.s.j.d.DriverManagerDataSource - Creating new JDBC DriverManager Connection to [jdbc:mysql://127.0.0.1:3306/wrp3]
15:56:19.687 [Test worker] DEBUG o.h.e.j.i.LogicalConnectionImpl - Obtained JDBC connection
15:56:19.687 [Test worker] DEBUG o.h.e.t.i.jdbc.JdbcTransaction - initial autocommit status: true
15:56:19.687 [Test worker] DEBUG o.h.e.t.i.jdbc.JdbcTransaction - disabling autocommit
15:56:19.687 [Test worker] DEBUG o.s.orm.jpa.JpaTransactionManager - Exposing JPA transaction as JDBC transaction [org.springframework.orm.jpa.vendor.HibernateJpaDialect$HibernateConnectionHandle@7daddaa4]
15:56:19.687 [Test worker] DEBUG o.h.jpa.criteria.CriteriaQueryImpl - Rendered criteria query -> select generatedAlias0 from User as generatedAlias0
15:56:19.688 [Test worker] DEBUG org.hibernate.SQL - select user0_.id as id1_8_, user0_.login as login2_8_, user0_.password as password3_8_, user0_1_.role_id as role_id1_7_ from users user0_ left outer join user_roles user0_1_ on user0_.id=user0_1_.user_id
15:56:19.689 [Test worker] DEBUG org.hibernate.loader.Loader - Result set row: 0
15:56:19.689 [Test worker] DEBUG org.hibernate.loader.Loader - Result row: EntityKey[sciConsole.domain.User#21]
15:56:19.689 [Test worker] DEBUG org.hibernate.loader.Loader - Result set row: 1
15:56:19.689 [Test worker] DEBUG org.hibernate.loader.Loader - Result row: EntityKey[sciConsole.domain.User#22]
15:56:19.689 [Test worker] DEBUG o.h.engine.internal.TwoPhaseLoad - Resolving associations for [sciConsole.domain.User#21]
15:56:19.689 [Test worker] DEBUG org.hibernate.SQL - select role0_.id as id1_4_0_, role0_.role as role2_4_0_ from roles role0_ where role0_.id=?
15:56:19.690 [Test worker] DEBUG o.h.l.p.e.p.i.ResultSetProcessorImpl - Starting ResultSet row #0
15:56:19.690 [Test worker] DEBUG o.h.l.p.e.p.i.EntityReferenceInitializerImpl - On call to EntityIdentifierReaderImpl#resolve, EntityKey was already known; should only happen on root returns with an optional identifier specified
15:56:19.690 [Test worker] DEBUG o.h.engine.internal.TwoPhaseLoad - Resolving associations for [sciConsole.domain.Role#2]
15:56:19.690 [Test worker] DEBUG o.h.engine.internal.TwoPhaseLoad - Done materializing entity [sciConsole.domain.Role#2]
15:56:19.690 [Test worker] DEBUG o.h.l.e.p.AbstractLoadPlanBasedEntityLoader - Done entity load : sciConsole.domain.Role#2
15:56:19.690 [Test worker] DEBUG o.h.engine.internal.TwoPhaseLoad - Done materializing entity [sciConsole.domain.User#21]
15:56:19.690 [Test worker] DEBUG o.h.engine.internal.TwoPhaseLoad - Resolving associations for [sciConsole.domain.User#22]
15:56:19.691 [Test worker] DEBUG org.hibernate.SQL - select role0_.id as id1_4_0_, role0_.role as role2_4_0_ from roles role0_ where role0_.id=?
15:56:19.691 [Test worker] DEBUG o.h.l.p.e.p.i.ResultSetProcessorImpl - Starting ResultSet row #0
15:56:19.691 [Test worker] DEBUG o.h.l.p.e.p.i.EntityReferenceInitializerImpl - On call to EntityIdentifierReaderImpl#resolve, EntityKey was already known; should only happen on root returns with an optional identifier specified
15:56:19.691 [Test worker] DEBUG o.h.engine.internal.TwoPhaseLoad - Resolving associations for [sciConsole.domain.Role#1]
15:56:19.692 [Test worker] DEBUG o.h.engine.internal.TwoPhaseLoad - Done materializing entity [sciConsole.domain.Role#1]
15:56:19.692 [Test worker] DEBUG o.h.l.e.p.AbstractLoadPlanBasedEntityLoader - Done entity load : sciConsole.domain.Role#1
15:56:19.692 [Test worker] DEBUG o.h.engine.internal.TwoPhaseLoad - Done materializing entity [sciConsole.domain.User#22]
15:56:19.693 [Test worker] DEBUG o.h.l.c.p.AbstractLoadPlanBasedCollectionInitializer - Loading collection: [sciConsole.domain.Role.userRoles#2]
15:56:19.693 [Test worker] DEBUG org.hibernate.SQL - select userroles0_.role_id as role_id1_4_0_, userroles0_.user_id as user_id2_7_0_, user1_.id as id1_8_1_, user1_.login as login2_8_1_, user1_.password as password3_8_1_, user1_1_.role_id as role_id1_7_1_ from user_roles userroles0_ inner join users user1_ on userroles0_.user_id=user1_.id left outer join user_roles user1_1_ on user1_.id=user1_1_.user_id where userroles0_.role_id=?
15:56:19.693 [Test worker] DEBUG o.h.l.p.e.p.i.ResultSetProcessorImpl - Preparing collection intializer : [sciConsole.domain.Role.userRoles#2]
15:56:19.693 [Test worker] DEBUG o.h.l.p.e.p.i.ResultSetProcessorImpl - Starting ResultSet row #0
15:56:19.694 [Test worker] DEBUG o.h.l.p.e.p.i.CollectionReferenceInitializerImpl - Found row of collection: [sciConsole.domain.Role.userRoles#2]
15:56:19.694 [Test worker] DEBUG o.h.e.l.i.CollectionLoadContext - 1 collections were found in result set for role: sciConsole.domain.Role.userRoles
15:56:19.694 [Test worker] DEBUG o.h.e.l.i.CollectionLoadContext - Collection fully initialized: [sciConsole.domain.Role.userRoles#2]
15:56:19.694 [Test worker] DEBUG o.h.e.l.i.CollectionLoadContext - 1 collections initialized for role: sciConsole.domain.Role.userRoles
15:56:19.694 [Test worker] DEBUG o.h.l.c.p.AbstractLoadPlanBasedCollectionInitializer - Done loading collection
15:56:19.695 [Test worker] DEBUG o.h.l.c.p.AbstractLoadPlanBasedCollectionInitializer - Loading collection: [sciConsole.domain.Role.userRoles#1]
15:56:19.695 [Test worker] DEBUG org.hibernate.SQL - select userroles0_.role_id as role_id1_4_0_, userroles0_.user_id as user_id2_7_0_, user1_.id as id1_8_1_, user1_.login as login2_8_1_, user1_.password as password3_8_1_, user1_1_.role_id as role_id1_7_1_ from user_roles userroles0_ inner join users user1_ on userroles0_.user_id=user1_.id left outer join user_roles user1_1_ on user1_.id=user1_1_.user_id where userroles0_.role_id=?
15:56:19.695 [Test worker] DEBUG o.h.l.p.e.p.i.ResultSetProcessorImpl - Preparing collection intializer : [sciConsole.domain.Role.userRoles#1]
15:56:19.695 [Test worker] DEBUG o.h.l.p.e.p.i.ResultSetProcessorImpl - Starting ResultSet row #0
15:56:19.695 [Test worker] DEBUG o.h.l.p.e.p.i.CollectionReferenceInitializerImpl - Found row of collection: [sciConsole.domain.Role.userRoles#1]
15:56:19.696 [Test worker] DEBUG o.h.e.l.i.CollectionLoadContext - 1 collections were found in result set for role: sciConsole.domain.Role.userRoles
15:56:19.696 [Test worker] DEBUG o.h.e.l.i.CollectionLoadContext - Collection fully initialized: [sciConsole.domain.Role.userRoles#1]
15:56:19.696 [Test worker] DEBUG o.h.e.l.i.CollectionLoadContext - 1 collections initialized for role: sciConsole.domain.Role.userRoles
15:56:19.696 [Test worker] DEBUG o.h.l.c.p.AbstractLoadPlanBasedCollectionInitializer - Done loading collection
15:56:19.696 [Test worker] DEBUG o.s.orm.jpa.JpaTransactionManager - Initiating transaction commit
15:56:19.696 [Test worker] DEBUG o.s.orm.jpa.JpaTransactionManager - Committing JPA transaction on EntityManager [org.hibernate.jpa.internal.EntityManagerImpl@2c2ebfa2]
15:56:19.696 [Test worker] DEBUG o.h.e.t.spi.AbstractTransactionImpl - committing
15:56:19.696 [Test worker] DEBUG o.h.e.i.AbstractFlushingEventListener - Processing flush-time cascades
15:56:19.696 [Test worker] DEBUG o.h.e.i.AbstractFlushingEventListener - Dirty checking collections
15:56:19.696 [Test worker] DEBUG o.h.engine.internal.Collections - Collection dereferenced: [sciConsole.domain.Role.userRoles#2]
15:56:19.697 [Test worker] DEBUG o.h.engine.internal.Collections - Collection dereferenced: [sciConsole.domain.Role.userRoles#1]
15:56:19.697 [Test worker] DEBUG o.h.e.i.AbstractFlushingEventListener - Flushed: 0 insertions, 0 updates, 4 deletions to 4 objects
15:56:19.697 [Test worker] DEBUG o.h.e.i.AbstractFlushingEventListener - Flushed: 0 (re)creations, 0 updates, 2 removals to 2 collections
15:56:19.697 [Test worker] DEBUG o.h.internal.util.EntityPrinter - Listing entities:
15:56:19.697 [Test worker] DEBUG o.h.internal.util.EntityPrinter - sciConsole.domain.User{password=$2a$10$sbTqPCC0wB2c4IE5Y5RCdeWLIvtjAKEHFzHluAg7LiqkSdZNujJn2, role=sciConsole.domain.Role#2, id=21, login=Alice}
15:56:19.697 [Test worker] DEBUG o.h.internal.util.EntityPrinter - sciConsole.domain.User{password=$2a$10$UQ/jCMwn14H5VdHO4or0L.xvlGoplsSsRXHjXdbYij9UEArHJzsE2, role=sciConsole.domain.Role#1, id=22, login=Bob}
15:56:19.697 [Test worker] DEBUG o.h.internal.util.EntityPrinter - sciConsole.domain.Role{userRoles=[sciConsole.domain.User#22], role=MANAGER, id=1}
15:56:19.697 [Test worker] DEBUG o.h.internal.util.EntityPrinter - sciConsole.domain.Role{userRoles=[sciConsole.domain.User#21], role=DEVELOPER, id=2}
15:56:19.697 [Test worker] DEBUG o.h.p.c.AbstractCollectionPersister - Deleting collection: [sciConsole.domain.Role.userRoles#2]
15:56:19.697 [Test worker] DEBUG org.hibernate.SQL - delete from user_roles where role_id=?
15:56:19.698 [Test worker] DEBUG o.h.p.c.AbstractCollectionPersister - Done deleting collection
15:56:19.698 [Test worker] DEBUG o.h.p.c.AbstractCollectionPersister - Deleting collection: [sciConsole.domain.Role.userRoles#1]
15:56:19.698 [Test worker] DEBUG org.hibernate.SQL - delete from user_roles where role_id=?
15:56:19.698 [Test worker] DEBUG o.h.p.c.AbstractCollectionPersister - Done deleting collection
15:56:19.699 [Test worker] DEBUG org.hibernate.SQL - delete from user_roles where user_id=?
15:56:19.699 [Test worker] DEBUG org.hibernate.SQL - delete from users where id=?
15:56:19.700 [Test worker] DEBUG org.hibernate.SQL - delete from roles where id=?
15:56:19.701 [Test worker] DEBUG org.hibernate.SQL - delete from user_roles where user_id=?
15:56:19.701 [Test worker] DEBUG org.hibernate.SQL - delete from users where id=?
15:56:19.702 [Test worker] DEBUG org.hibernate.SQL - delete from roles where id=?
15:56:19.705 [Test worker] DEBUG o.h.e.t.i.jdbc.JdbcTransaction - committed JDBC Connection
15:56:19.705 [Test worker] DEBUG o.h.e.t.i.jdbc.JdbcTransaction - re-enabling autocommit
15:56:19.705 [Test worker] DEBUG o.s.orm.jpa.JpaTransactionManager - Closing JPA EntityManager [org.hibernate.jpa.internal.EntityManagerImpl@2c2ebfa2] after transaction
15:56:19.705 [Test worker] DEBUG o.s.o.jpa.EntityManagerFactoryUtils - Closing JPA EntityManager
15:56:19.706 [Test worker] DEBUG o.h.e.j.internal.JdbcCoordinatorImpl - HHH000420: Closing un-released batch
15:56:19.706 [Test worker] DEBUG o.h.e.j.i.LogicalConnectionImpl - Releasing JDBC connection
15:56:19.706 [Test worker] DEBUG o.h.e.j.i.LogicalConnectionImpl - Released JDBC connection
15:56:19.706 [Test worker] DEBUG o.s.orm.jpa.JpaTransactionManager - Creating new transaction with name [org.springframework.data.jpa.repository.support.SimpleJpaRepository.deleteAll]: PROPAGATION_REQUIRED,ISOLATION_DEFAULT; ''
15:56:19.706 [Test worker] DEBUG o.s.orm.jpa.JpaTransactionManager - Opened new EntityManager [org.hibernate.jpa.internal.EntityManagerImpl@1a48cdf6] for JPA transaction
15:56:19.706 [Test worker] DEBUG o.h.e.t.spi.AbstractTransactionImpl - begin
15:56:19.706 [Test worker] DEBUG o.h.e.j.i.LogicalConnectionImpl - Obtaining JDBC connection
15:56:19.706 [Test worker] DEBUG o.s.j.d.DriverManagerDataSource - Creating new JDBC DriverManager Connection to [jdbc:mysql://127.0.0.1:3306/wrp3]
15:56:19.710 [Test worker] DEBUG o.h.e.j.i.LogicalConnectionImpl - Obtained JDBC connection
15:56:19.710 [Test worker] DEBUG o.h.e.t.i.jdbc.JdbcTransaction - initial autocommit status: true
15:56:19.710 [Test worker] DEBUG o.h.e.t.i.jdbc.JdbcTransaction - disabling autocommit
15:56:19.710 [Test worker] DEBUG o.s.orm.jpa.JpaTransactionManager - Exposing JPA transaction as JDBC transaction [org.springframework.orm.jpa.vendor.HibernateJpaDialect$HibernateConnectionHandle@d83fd64]
15:56:19.711 [Test worker] DEBUG o.h.jpa.criteria.CriteriaQueryImpl - Rendered criteria query -> select generatedAlias0 from Role as generatedAlias0
15:56:19.711 [Test worker] DEBUG org.hibernate.SQL - select role0_.id as id1_4_, role0_.role as role2_4_ from roles role0_
15:56:19.712 [Test worker] DEBUG o.s.orm.jpa.JpaTransactionManager - Initiating transaction commit
15:56:19.712 [Test worker] DEBUG o.s.orm.jpa.JpaTransactionManager - Committing JPA transaction on EntityManager [org.hibernate.jpa.internal.EntityManagerImpl@1a48cdf6]
15:56:19.712 [Test worker] DEBUG o.h.e.t.spi.AbstractTransactionImpl - committing
15:56:19.712 [Test worker] DEBUG o.h.e.t.i.jdbc.JdbcTransaction - committed JDBC Connection
15:56:19.712 [Test worker] DEBUG o.h.e.t.i.jdbc.JdbcTransaction - re-enabling autocommit
15:56:19.713 [Test worker] DEBUG o.s.orm.jpa.JpaTransactionManager - Closing JPA EntityManager [org.hibernate.jpa.internal.EntityManagerImpl@1a48cdf6] after transaction
15:56:19.713 [Test worker] DEBUG o.s.o.jpa.EntityManagerFactoryUtils - Closing JPA EntityManager
15:56:19.713 [Test worker] DEBUG o.h.e.j.i.LogicalConnectionImpl - Releasing JDBC connection
15:56:19.713 [Test worker] DEBUG o.h.e.j.i.LogicalConnectionImpl - Released JDBC connection
15:56:19.713 [Test worker] DEBUG o.s.orm.jpa.JpaTransactionManager - Creating new transaction with name [org.springframework.data.jpa.repository.support.SimpleJpaRepository.save]: PROPAGATION_REQUIRED,ISOLATION_DEFAULT; ''
15:56:19.713 [Test worker] DEBUG o.s.orm.jpa.JpaTransactionManager - Opened new EntityManager [org.hibernate.jpa.internal.EntityManagerImpl@46dcf4ac] for JPA transaction
15:56:19.713 [Test worker] DEBUG o.h.e.t.spi.AbstractTransactionImpl - begin
15:56:19.713 [Test worker] DEBUG o.h.e.j.i.LogicalConnectionImpl - Obtaining JDBC connection
15:56:19.713 [Test worker] DEBUG o.s.j.d.DriverManagerDataSource - Creating new JDBC DriverManager Connection to [jdbc:mysql://127.0.0.1:3306/wrp3]
15:56:19.717 [Test worker] DEBUG o.h.e.j.i.LogicalConnectionImpl - Obtained JDBC connection
15:56:19.717 [Test worker] DEBUG o.h.e.t.i.jdbc.JdbcTransaction - initial autocommit status: true
15:56:19.717 [Test worker] DEBUG o.h.e.t.i.jdbc.JdbcTransaction - disabling autocommit
15:56:19.717 [Test worker] DEBUG o.s.orm.jpa.JpaTransactionManager - Exposing JPA transaction as JDBC transaction [org.springframework.orm.jpa.vendor.HibernateJpaDialect$HibernateConnectionHandle@54ad7ccf]
15:56:19.718 [Test worker] DEBUG org.hibernate.loader.Loader - Loading entity: [sciConsole.domain.User#21]
15:56:19.718 [Test worker] DEBUG org.hibernate.SQL - select user0_.id as id1_8_1_, user0_.login as login2_8_1_, user0_.password as password3_8_1_, user0_1_.role_id as role_id1_7_1_, role1_.id as id1_4_0_, role1_.role as role2_4_0_ from users user0_ left outer join user_roles user0_1_ on user0_.id=user0_1_.user_id left outer join roles role1_ on user0_1_.role_id=role1_.id where user0_.id=?
15:56:19.719 [Test worker] DEBUG org.hibernate.loader.Loader - Done entity load
15:56:19.719 [Test worker] DEBUG org.hibernate.loader.Loader - Loading entity: [sciConsole.domain.Role#2]
15:56:19.719 [Test worker] DEBUG org.hibernate.SQL - select role0_.id as id1_4_1_, role0_.role as role2_4_1_, userroles1_.role_id as role_id1_4_3_, user2_.id as user_id2_7_3_, user2_.id as id1_8_0_, user2_.login as login2_8_0_, user2_.password as password3_8_0_, user2_1_.role_id as role_id1_7_0_ from roles role0_ left outer join user_roles userroles1_ on role0_.id=userroles1_.role_id left outer join users user2_ on userroles1_.user_id=user2_.id left outer join user_roles user2_1_ on user2_.id=user2_1_.user_id where role0_.id=?
15:56:19.720 [Test worker] DEBUG o.h.e.l.i.CollectionLoadContext - No collections were found in result set for role: sciConsole.domain.Role.userRoles
15:56:19.720 [Test worker] DEBUG org.hibernate.loader.Loader - Done entity load
15:56:19.720 [Test worker] DEBUG o.h.e.i.AbstractSaveEventListener - Generated identifier: 2, using strategy: org.hibernate.id.Assigned
15:56:19.720 [Test worker] DEBUG org.hibernate.SQL - insert into roles (role, id) values (?, ?)
15:56:19.722 [Test worker] DEBUG org.hibernate.engine.spi.ActionQueue - Executing identity-insert immediately
15:56:19.722 [Test worker] DEBUG org.hibernate.SQL - insert into users (login, password) values (?, ?)
15:56:19.723 [Test worker] DEBUG o.h.id.IdentifierGeneratorHelper - Natively generated identity: 23
15:56:19.723 [Test worker] DEBUG org.hibernate.SQL - insert into user_roles (role_id, user_id) values (?, ?)
15:56:19.724 [Test worker] DEBUG org.hibernate.loader.Loader - Loading entity: [sciConsole.domain.User#22]
15:56:19.724 [Test worker] DEBUG org.hibernate.SQL - select user0_.id as id1_8_1_, user0_.login as login2_8_1_, user0_.password as password3_8_1_, user0_1_.role_id as role_id1_7_1_, role1_.id as id1_4_0_, role1_.role as role2_4_0_ from users user0_ left outer join user_roles user0_1_ on user0_.id=user0_1_.user_id left outer join roles role1_ on user0_1_.role_id=role1_.id where user0_.id=?
15:56:19.724 [Test worker] DEBUG org.hibernate.loader.Loader - Done entity load
15:56:19.725 [Test worker] DEBUG org.hibernate.loader.Loader - Loading entity: [sciConsole.domain.Role#1]
15:56:19.725 [Test worker] DEBUG org.hibernate.SQL - select role0_.id as id1_4_1_, role0_.role as role2_4_1_, userroles1_.role_id as role_id1_4_3_, user2_.id as user_id2_7_3_, user2_.id as id1_8_0_, user2_.login as login2_8_0_, user2_.password as password3_8_0_, user2_1_.role_id as role_id1_7_0_ from roles role0_ left outer join user_roles userroles1_ on role0_.id=userroles1_.role_id left outer join users user2_ on userroles1_.user_id=user2_.id left outer join user_roles user2_1_ on user2_.id=user2_1_.user_id where role0_.id=?
15:56:19.725 [Test worker] DEBUG o.h.e.l.i.CollectionLoadContext - No collections were found in result set for role: sciConsole.domain.Role.userRoles
15:56:19.726 [Test worker] DEBUG org.hibernate.loader.Loader - Done entity load
15:56:19.726 [Test worker] DEBUG o.h.e.i.AbstractSaveEventListener - Generated identifier: 1, using strategy: org.hibernate.id.Assigned
15:56:19.726 [Test worker] DEBUG org.hibernate.SQL - insert into roles (role, id) values (?, ?)
15:56:19.727 [Test worker] DEBUG org.hibernate.engine.spi.ActionQueue - Executing identity-insert immediately
15:56:19.727 [Test worker] DEBUG org.hibernate.SQL - insert into users (login, password) values (?, ?)
15:56:19.728 [Test worker] DEBUG o.h.id.IdentifierGeneratorHelper - Natively generated identity: 24
15:56:19.728 [Test worker] DEBUG org.hibernate.SQL - insert into user_roles (role_id, user_id) values (?, ?)
15:56:19.729 [Test worker] DEBUG o.s.orm.jpa.JpaTransactionManager - Initiating transaction commit
15:56:19.729 [Test worker] DEBUG o.s.orm.jpa.JpaTransactionManager - Committing JPA transaction on EntityManager [org.hibernate.jpa.internal.EntityManagerImpl@46dcf4ac]
15:56:19.729 [Test worker] DEBUG o.h.e.t.spi.AbstractTransactionImpl - committing
15:56:19.729 [Test worker] DEBUG o.h.e.i.AbstractFlushingEventListener - Processing flush-time cascades
15:56:19.729 [Test worker] DEBUG o.h.e.i.AbstractFlushingEventListener - Dirty checking collections
15:56:19.729 [Test worker] DEBUG o.h.e.i.AbstractFlushingEventListener - Flushed: 0 insertions, 0 updates, 0 deletions to 4 objects
15:56:19.729 [Test worker] DEBUG o.h.e.i.AbstractFlushingEventListener - Flushed: 0 (re)creations, 0 updates, 0 removals to 0 collections
15:56:19.729 [Test worker] DEBUG o.h.internal.util.EntityPrinter - Listing entities:
15:56:19.729 [Test worker] DEBUG o.h.internal.util.EntityPrinter - sciConsole.domain.User{password=$2a$10$sbTqPCC0wB2c4IE5Y5RCdeWLIvtjAKEHFzHluAg7LiqkSdZNujJn2, role=sciConsole.domain.Role#2, id=23, login=Alice}
15:56:19.729 [Test worker] DEBUG o.h.internal.util.EntityPrinter - sciConsole.domain.User{password=$2a$10$UQ/jCMwn14H5VdHO4or0L.xvlGoplsSsRXHjXdbYij9UEArHJzsE2, role=sciConsole.domain.Role#1, id=24, login=Bob}
15:56:19.729 [Test worker] DEBUG o.h.internal.util.EntityPrinter - sciConsole.domain.Role{userRoles=null, role=MANAGER, id=1}
15:56:19.729 [Test worker] DEBUG o.h.internal.util.EntityPrinter - sciConsole.domain.Role{userRoles=null, role=DEVELOPER, id=2}
15:56:19.732 [Test worker] DEBUG o.h.e.t.i.jdbc.JdbcTransaction - committed JDBC Connection
15:56:19.732 [Test worker] DEBUG o.h.e.t.i.jdbc.JdbcTransaction - re-enabling autocommit
15:56:19.733 [Test worker] DEBUG o.s.orm.jpa.JpaTransactionManager - Closing JPA EntityManager [org.hibernate.jpa.internal.EntityManagerImpl@46dcf4ac] after transaction
15:56:19.733 [Test worker] DEBUG o.s.o.jpa.EntityManagerFactoryUtils - Closing JPA EntityManager
15:56:19.733 [Test worker] DEBUG o.h.e.j.internal.JdbcCoordinatorImpl - HHH000420: Closing un-released batch
15:56:19.733 [Test worker] DEBUG o.h.e.j.i.LogicalConnectionImpl - Releasing JDBC connection
15:56:19.733 [Test worker] DEBUG o.h.e.j.i.LogicalConnectionImpl - Released JDBC connection
15:56:19.733 [Test worker] DEBUG o.s.orm.jpa.JpaTransactionManager - Creating new transaction with name [org.springframework.data.jpa.repository.support.SimpleJpaRepository.save]: PROPAGATION_REQUIRED,ISOLATION_DEFAULT; ''
15:56:19.733 [Test worker] DEBUG o.s.orm.jpa.JpaTransactionManager - Opened new EntityManager [org.hibernate.jpa.internal.EntityManagerImpl@5c4fc328] for JPA transaction
15:56:19.733 [Test worker] DEBUG o.h.e.t.spi.AbstractTransactionImpl - begin
15:56:19.733 [Test worker] DEBUG o.h.e.j.i.LogicalConnectionImpl - Obtaining JDBC connection
15:56:19.733 [Test worker] DEBUG o.s.j.d.DriverManagerDataSource - Creating new JDBC DriverManager Connection to [jdbc:mysql://127.0.0.1:3306/wrp3]
15:56:19.737 [Test worker] DEBUG o.h.e.j.i.LogicalConnectionImpl - Obtained JDBC connection
15:56:19.737 [Test worker] DEBUG o.h.e.t.i.jdbc.JdbcTransaction - initial autocommit status: true
15:56:19.737 [Test worker] DEBUG o.h.e.t.i.jdbc.JdbcTransaction - disabling autocommit
15:56:19.737 [Test worker] DEBUG o.s.orm.jpa.JpaTransactionManager - Exposing JPA transaction as JDBC transaction [org.springframework.orm.jpa.vendor.HibernateJpaDialect$HibernateConnectionHandle@45efc312]
15:56:19.737 [Test worker] DEBUG org.hibernate.loader.Loader - Loading entity: [sciConsole.domain.Role#1]
15:56:19.738 [Test worker] DEBUG org.hibernate.SQL - select role0_.id as id1_4_1_, role0_.role as role2_4_1_, userroles1_.role_id as role_id1_4_3_, user2_.id as user_id2_7_3_, user2_.id as id1_8_0_, user2_.login as login2_8_0_, user2_.password as password3_8_0_, user2_1_.role_id as role_id1_7_0_ from roles role0_ left outer join user_roles userroles1_ on role0_.id=userroles1_.role_id left outer join users user2_ on userroles1_.user_id=user2_.id left outer join user_roles user2_1_ on user2_.id=user2_1_.user_id where role0_.id=?
15:56:19.738 [Test worker] DEBUG org.hibernate.loader.Loader - Result set row: 0
15:56:19.738 [Test worker] DEBUG org.hibernate.loader.Loader - Result row: EntityKey[sciConsole.domain.User#24], EntityKey[sciConsole.domain.Role#1]
15:56:19.738 [Test worker] DEBUG org.hibernate.loader.Loader - Found row of collection: [sciConsole.domain.Role.userRoles#1]
15:56:19.739 [Test worker] DEBUG o.h.engine.internal.TwoPhaseLoad - Resolving associations for [sciConsole.domain.User#24]
15:56:19.739 [Test worker] DEBUG o.h.engine.internal.TwoPhaseLoad - Done materializing entity [sciConsole.domain.User#24]
15:56:19.739 [Test worker] DEBUG o.h.engine.internal.TwoPhaseLoad - Resolving associations for [sciConsole.domain.Role#1]
15:56:19.739 [Test worker] DEBUG o.h.engine.internal.TwoPhaseLoad - Done materializing entity [sciConsole.domain.Role#1]
15:56:19.739 [Test worker] DEBUG o.h.e.l.i.CollectionLoadContext - 1 collections were found in result set for role: sciConsole.domain.Role.userRoles
15:56:19.739 [Test worker] DEBUG o.h.e.l.i.CollectionLoadContext - Collection fully initialized: [sciConsole.domain.Role.userRoles#1]
15:56:19.739 [Test worker] DEBUG o.h.e.l.i.CollectionLoadContext - 1 collections initialized for role: sciConsole.domain.Role.userRoles
15:56:19.739 [Test worker] DEBUG org.hibernate.loader.Loader - Done entity load
15:56:19.740 [Test worker] DEBUG org.hibernate.loader.Loader - Loading entity: [sciConsole.domain.Role#2]
15:56:19.740 [Test worker] DEBUG org.hibernate.SQL - select role0_.id as id1_4_1_, role0_.role as role2_4_1_, userroles1_.role_id as role_id1_4_3_, user2_.id as user_id2_7_3_, user2_.id as id1_8_0_, user2_.login as login2_8_0_, user2_.password as password3_8_0_, user2_1_.role_id as role_id1_7_0_ from roles role0_ left outer join user_roles userroles1_ on role0_.id=userroles1_.role_id left outer join users user2_ on userroles1_.user_id=user2_.id left outer join user_roles user2_1_ on user2_.id=user2_1_.user_id where role0_.id=?
15:56:19.740 [Test worker] DEBUG org.hibernate.loader.Loader - Result set row: 0
15:56:19.740 [Test worker] DEBUG org.hibernate.loader.Loader - Result row: EntityKey[sciConsole.domain.User#23], EntityKey[sciConsole.domain.Role#2]
15:56:19.740 [Test worker] DEBUG org.hibernate.loader.Loader - Found row of collection: [sciConsole.domain.Role.userRoles#2]
15:56:19.740 [Test worker] DEBUG o.h.engine.internal.TwoPhaseLoad - Resolving associations for [sciConsole.domain.User#23]
15:56:19.741 [Test worker] DEBUG o.h.engine.internal.TwoPhaseLoad - Done materializing entity [sciConsole.domain.User#23]
15:56:19.741 [Test worker] DEBUG o.h.engine.internal.TwoPhaseLoad - Resolving associations for [sciConsole.domain.Role#2]
15:56:19.741 [Test worker] DEBUG o.h.engine.internal.TwoPhaseLoad - Done materializing entity [sciConsole.domain.Role#2]
15:56:19.741 [Test worker] DEBUG o.h.e.l.i.CollectionLoadContext - 1 collections were found in result set for role: sciConsole.domain.Role.userRoles
15:56:19.741 [Test worker] DEBUG o.h.e.l.i.CollectionLoadContext - Collection fully initialized: [sciConsole.domain.Role.userRoles#2]
15:56:19.741 [Test worker] DEBUG o.h.e.l.i.CollectionLoadContext - 1 collections initialized for role: sciConsole.domain.Role.userRoles
15:56:19.741 [Test worker] DEBUG org.hibernate.loader.Loader - Done entity load
15:56:19.741 [Test worker] DEBUG o.s.orm.jpa.JpaTransactionManager - Initiating transaction commit
15:56:19.741 [Test worker] DEBUG o.s.orm.jpa.JpaTransactionManager - Committing JPA transaction on EntityManager [org.hibernate.jpa.internal.EntityManagerImpl@5c4fc328]
15:56:19.741 [Test worker] DEBUG o.h.e.t.spi.AbstractTransactionImpl - committing
15:56:19.741 [Test worker] DEBUG o.h.e.i.AbstractFlushingEventListener - Processing flush-time cascades
15:56:19.741 [Test worker] DEBUG o.h.e.i.AbstractFlushingEventListener - Dirty checking collections
15:56:19.742 [Test worker] DEBUG o.h.engine.internal.Collections - Collection found: [sciConsole.domain.Role.userRoles#1], was: [sciConsole.domain.Role.userRoles#1] (initialized)
15:56:19.742 [Test worker] DEBUG o.h.engine.internal.Collections - Collection found: [sciConsole.domain.Role.userRoles#2], was: [sciConsole.domain.Role.userRoles#2] (initialized)
15:56:19.742 [Test worker] DEBUG o.h.e.i.AbstractFlushingEventListener - Flushed: 0 insertions, 0 updates, 0 deletions to 4 objects
15:56:19.742 [Test worker] DEBUG o.h.e.i.AbstractFlushingEventListener - Flushed: 0 (re)creations, 0 updates, 0 removals to 2 collections
15:56:19.742 [Test worker] DEBUG o.h.internal.util.EntityPrinter - Listing entities:
15:56:19.742 [Test worker] DEBUG o.h.internal.util.EntityPrinter - sciConsole.domain.User{password=$2a$10$sbTqPCC0wB2c4IE5Y5RCdeWLIvtjAKEHFzHluAg7LiqkSdZNujJn2, role=sciConsole.domain.Role#2, id=23, login=Alice}
15:56:19.742 [Test worker] DEBUG o.h.internal.util.EntityPrinter - sciConsole.domain.User{password=$2a$10$UQ/jCMwn14H5VdHO4or0L.xvlGoplsSsRXHjXdbYij9UEArHJzsE2, role=sciConsole.domain.Role#1, id=24, login=Bob}
15:56:19.742 [Test worker] DEBUG o.h.internal.util.EntityPrinter - sciConsole.domain.Role{userRoles=[sciConsole.domain.User#24], role=MANAGER, id=1}
15:56:19.742 [Test worker] DEBUG o.h.internal.util.EntityPrinter - sciConsole.domain.Role{userRoles=[sciConsole.domain.User#23], role=DEVELOPER, id=2}
15:56:19.742 [Test worker] DEBUG o.h.e.t.i.jdbc.JdbcTransaction - committed JDBC Connection
15:56:19.742 [Test worker] DEBUG o.h.e.t.i.jdbc.JdbcTransaction - re-enabling autocommit
15:56:19.743 [Test worker] DEBUG o.s.orm.jpa.JpaTransactionManager - Closing JPA EntityManager [org.hibernate.jpa.internal.EntityManagerImpl@5c4fc328] after transaction
15:56:19.743 [Test worker] DEBUG o.s.o.jpa.EntityManagerFactoryUtils - Closing JPA EntityManager
15:56:19.743 [Test worker] DEBUG o.h.e.j.i.LogicalConnectionImpl - Releasing JDBC connection
15:56:19.743 [Test worker] DEBUG o.h.e.j.i.LogicalConnectionImpl - Released JDBC connection
15:56:19.743 [Test worker] DEBUG o.s.t.c.s.AbstractDirtiesContextTestExecutionListener - After test class: context [DefaultTestContext@30c7b77e testClass = CompleteChangeRequestStepDefs, testInstance = [null], testMethod = [null], testException = [null], mergedContextConfiguration = [WebMergedContextConfiguration@6c1cea3e testClass = CompleteChangeRequestStepDefs, locations = '{}', classes = '{class sciConsole.SciConsoleApplication, class sciConsole.controller.SessionController, class sciConsole.controller.AccountController, class sciConsole.controller.ChangeRequestController, class sciConsole.SecurityConfig, class sciConsole.WebConfig}', contextInitializerClasses = '[]', activeProfiles = '{}', propertySourceLocations = '{}', propertySourceProperties = '{}', resourceBasePath = 'src/main/webapp', contextLoader = 'org.springframework.test.context.web.WebDelegatingSmartContextLoader', parent = [null]]], class annotated with @DirtiesContext [false] with mode [null].

  @security
  Scenario: secure password                                                         ?[90m# Authorization.feature:17?[0m
    ?[32mGiven ?[0m?[32ma developer "?[0m?[32m?[1mAlice?[0m?[32m"?[0m                                                       ?[90m# AuthorizationStepDefs.a_developer(String)?[0m
    ?[32mWhen ?[0m?[32mI retrieve the password from the user credentials stored in the repository?[0m ?[90m# AuthorizationStepDefs.i_retrieve_the_password_from_the_user_credentials_stored_in_the_repository()?[0m
    ?[32mThen ?[0m?[32mI should get the encrypted password "?[0m?[32m?[1mpassword?[0m?[32m"?[0m                             ?[90m# AuthorizationStepDefs.i_should_get_the_encrypted_password(String)?[0m

  @security
  Scenario Outline: authorization                                    ?[90m# Authorization.feature:23?[0m
    ?[36mGiven ?[0m?[36mI am a <ROLES> role with username <USER> and password <PW>?[0m
    ?[36mWhen ?[0m?[36mI access a <Service>?[0m
    ?[36mThen ?[0m?[36mMy authentication is then <isAuthorized> with role <ROLES>?[0m

    Examples: 
15:56:19.801 [Test worker] DEBUG o.s.b.f.s.DefaultListableBeanFactory - Returning cached instance of singleton bean 'springSecurityFilterChain'
15:56:19.801 [Test worker] DEBUG o.s.test.util.ReflectionTestUtils - Invoking method 'getFilters' on target [FilterChainProxy[Filter Chains: [[ org.springframework.security.web.util.matcher.AnyRequestMatcher@1, [org.springframework.security.web.access.channel.ChannelProcessingFilter@2ad101f0, org.springframework.security.web.context.request.async.WebAsyncManagerIntegrationFilter@7a1601ea, org.springframework.security.web.context.SecurityContextPersistenceFilter@1ed920ed, org.springframework.security.web.header.HeaderWriterFilter@54d81890, org.springframework.security.web.csrf.CsrfFilter@3a7f45ac, org.springframework.security.web.authentication.logout.LogoutFilter@53f60b35, org.springframework.security.web.authentication.UsernamePasswordAuthenticationFilter@7d51c9ea, org.springframework.security.web.savedrequest.RequestCacheAwareFilter@42c2e682, org.springframework.security.web.servletapi.SecurityContextHolderAwareRequestFilter@3524fe79, org.springframework.security.web.authentication.AnonymousAuthenticationFilter@56b23bee, org.springframework.security.web.session.SessionManagementFilter@7785c534, org.springframework.security.web.access.ExceptionTranslationFilter@5ac7316e, org.springframework.security.web.access.intercept.FilterSecurityInterceptor@879e25e]]]]] with arguments [{org.springframework.mock.web.MockHttpServletRequest@589cbdcf}]
15:56:19.801 [Test worker] DEBUG o.s.test.util.ReflectionTestUtils - Getting field 'repo' from target object [org.springframework.security.web.context.SecurityContextPersistenceFilter@1ed920ed] or target class [class org.springframework.security.web.context.SecurityContextPersistenceFilter]
15:56:19.801 [Test worker] DEBUG o.s.s.w.c.HttpSessionSecurityContextRepository - No HttpSession currently exists
15:56:19.801 [Test worker] DEBUG o.s.s.w.c.HttpSessionSecurityContextRepository - No SecurityContext was available from the HttpSession: null. A new one will be created.
15:56:19.801 [Test worker] DEBUG o.s.s.w.c.HttpSessionSecurityContextRepository - HttpSession being created as SecurityContext is non-default
15:56:19.801 [Test worker] DEBUG o.s.s.w.c.HttpSessionSecurityContextRepository - SecurityContext 'org.springframework.security.core.context.SecurityContextImpl@12d42c1e: Authentication: org.springframework.security.authentication.UsernamePasswordAuthenticationToken@12d42c1e: Principal: Alice; Credentials: [PROTECTED]; Authenticated: true; Details: null; Granted Authorities: ROLE_DEVELOPER' stored to HttpSession: 'org.springframework.mock.web.MockHttpSession@95cc017
15:56:19.801 [Test worker] DEBUG o.s.security.web.FilterChainProxy - /assess-change-request at position 1 of 13 in additional filter chain; firing Filter: 'ChannelProcessingFilter'
15:56:19.801 [Test worker] DEBUG o.s.s.w.a.c.ChannelProcessingFilter - Request: FilterInvocation: URL: /assess-change-request; ConfigAttributes: [REQUIRES_SECURE_CHANNEL]
15:56:19.802 [Test worker] DEBUG o.s.s.w.a.c.RetryWithHttpsEntryPoint - Redirecting to: https://localhost/assess-change-request
15:56:19.802 [Test worker] DEBUG o.s.s.web.DefaultRedirectStrategy - Redirecting to 'https://localhost/assess-change-request'
15:56:19.806 [Test worker] DEBUG o.s.orm.jpa.JpaTransactionManager - Creating new transaction with name [org.springframework.data.jpa.repository.support.SimpleJpaRepository.deleteAll]: PROPAGATION_REQUIRED,ISOLATION_DEFAULT; ''
15:56:19.807 [Test worker] DEBUG o.s.orm.jpa.JpaTransactionManager - Opened new EntityManager [org.hibernate.jpa.internal.EntityManagerImpl@4d8eff6e] for JPA transaction
15:56:19.807 [Test worker] DEBUG o.h.e.t.spi.AbstractTransactionImpl - begin
15:56:19.807 [Test worker] DEBUG o.h.e.j.i.LogicalConnectionImpl - Obtaining JDBC connection
15:56:19.807 [Test worker] DEBUG o.s.j.d.DriverManagerDataSource - Creating new JDBC DriverManager Connection to [jdbc:mysql://127.0.0.1:3306/wrp3]
15:56:19.810 [Test worker] DEBUG o.h.e.j.i.LogicalConnectionImpl - Obtained JDBC connection
15:56:19.810 [Test worker] DEBUG o.h.e.t.i.jdbc.JdbcTransaction - initial autocommit status: true
15:56:19.810 [Test worker] DEBUG o.h.e.t.i.jdbc.JdbcTransaction - disabling autocommit
15:56:19.810 [Test worker] DEBUG o.s.orm.jpa.JpaTransactionManager - Exposing JPA transaction as JDBC transaction [org.springframework.orm.jpa.vendor.HibernateJpaDialect$HibernateConnectionHandle@43d92915]
15:56:19.810 [Test worker] DEBUG o.h.jpa.criteria.CriteriaQueryImpl - Rendered criteria query -> select generatedAlias0 from Request as generatedAlias0
15:56:19.811 [Test worker] DEBUG org.hibernate.SQL - select request0_.request_id as request_1_3_, request0_.assign_to as assign_t2_3_, request0_.created_by as created_3_3_, request0_.date_created as date_cre4_3_, request0_.date_complete as date_com5_3_, request0_.due_date as due_date6_3_, request0_.priority as priority7_3_, request0_.reject_reason as reject_r8_3_, request0_.req_desc as req_desc9_3_, request0_.req_solution as req_sol10_3_, request0_.sci_id as sci_id11_3_, request0_.status as status12_3_, request0_.assigned_to as assigne13_3_, request0_.version_id as version14_3_ from request request0_
15:56:19.812 [Test worker] DEBUG o.s.orm.jpa.JpaTransactionManager - Initiating transaction commit
15:56:19.812 [Test worker] DEBUG o.s.orm.jpa.JpaTransactionManager - Committing JPA transaction on EntityManager [org.hibernate.jpa.internal.EntityManagerImpl@4d8eff6e]
15:56:19.812 [Test worker] DEBUG o.h.e.t.spi.AbstractTransactionImpl - committing
15:56:19.812 [Test worker] DEBUG o.h.e.t.i.jdbc.JdbcTransaction - committed JDBC Connection
15:56:19.812 [Test worker] DEBUG o.h.e.t.i.jdbc.JdbcTransaction - re-enabling autocommit
15:56:19.812 [Test worker] DEBUG o.s.orm.jpa.JpaTransactionManager - Closing JPA EntityManager [org.hibernate.jpa.internal.EntityManagerImpl@4d8eff6e] after transaction
15:56:19.812 [Test worker] DEBUG o.s.o.jpa.EntityManagerFactoryUtils - Closing JPA EntityManager
15:56:19.812 [Test worker] DEBUG o.h.e.j.i.LogicalConnectionImpl - Releasing JDBC connection
15:56:19.812 [Test worker] DEBUG o.h.e.j.i.LogicalConnectionImpl - Released JDBC connection
15:56:19.812 [Test worker] DEBUG o.s.orm.jpa.JpaTransactionManager - Creating new transaction with name [org.springframework.data.jpa.repository.support.SimpleJpaRepository.save]: PROPAGATION_REQUIRED,ISOLATION_DEFAULT; ''
15:56:19.812 [Test worker] DEBUG o.s.orm.jpa.JpaTransactionManager - Opened new EntityManager [org.hibernate.jpa.internal.EntityManagerImpl@5f0ffca5] for JPA transaction
15:56:19.812 [Test worker] DEBUG o.h.e.t.spi.AbstractTransactionImpl - begin
15:56:19.812 [Test worker] DEBUG o.h.e.j.i.LogicalConnectionImpl - Obtaining JDBC connection
15:56:19.812 [Test worker] DEBUG o.s.j.d.DriverManagerDataSource - Creating new JDBC DriverManager Connection to [jdbc:mysql://127.0.0.1:3306/wrp3]
15:56:19.816 [Test worker] DEBUG o.h.e.j.i.LogicalConnectionImpl - Obtained JDBC connection
15:56:19.816 [Test worker] DEBUG o.h.e.t.i.jdbc.JdbcTransaction - initial autocommit status: true
15:56:19.816 [Test worker] DEBUG o.h.e.t.i.jdbc.JdbcTransaction - disabling autocommit
15:56:19.816 [Test worker] DEBUG o.s.orm.jpa.JpaTransactionManager - Exposing JPA transaction as JDBC transaction [org.springframework.orm.jpa.vendor.HibernateJpaDialect$HibernateConnectionHandle@1d3377b9]
15:56:19.816 [Test worker] DEBUG o.s.orm.jpa.JpaTransactionManager - Initiating transaction commit
15:56:19.816 [Test worker] DEBUG o.s.orm.jpa.JpaTransactionManager - Committing JPA transaction on EntityManager [org.hibernate.jpa.internal.EntityManagerImpl@5f0ffca5]
15:56:19.816 [Test worker] DEBUG o.h.e.t.spi.AbstractTransactionImpl - committing
15:56:19.816 [Test worker] DEBUG o.h.e.t.i.jdbc.JdbcTransaction - committed JDBC Connection
15:56:19.816 [Test worker] DEBUG o.h.e.t.i.jdbc.JdbcTransaction - re-enabling autocommit
15:56:19.816 [Test worker] DEBUG o.s.orm.jpa.JpaTransactionManager - Closing JPA EntityManager [org.hibernate.jpa.internal.EntityManagerImpl@5f0ffca5] after transaction
15:56:19.816 [Test worker] DEBUG o.s.o.jpa.EntityManagerFactoryUtils - Closing JPA EntityManager
15:56:19.816 [Test worker] DEBUG o.h.e.j.i.LogicalConnectionImpl - Releasing JDBC connection
15:56:19.817 [Test worker] DEBUG o.h.e.j.i.LogicalConnectionImpl - Released JDBC connection
15:56:19.817 [Test worker] DEBUG o.s.orm.jpa.JpaTransactionManager - Creating new transaction with name [org.springframework.data.jpa.repository.support.SimpleJpaRepository.deleteAll]: PROPAGATION_REQUIRED,ISOLATION_DEFAULT; ''
15:56:19.817 [Test worker] DEBUG o.s.orm.jpa.JpaTransactionManager - Opened new EntityManager [org.hibernate.jpa.internal.EntityManagerImpl@4551ae37] for JPA transaction
15:56:19.817 [Test worker] DEBUG o.h.e.t.spi.AbstractTransactionImpl - begin
15:56:19.817 [Test worker] DEBUG o.h.e.j.i.LogicalConnectionImpl - Obtaining JDBC connection
15:56:19.817 [Test worker] DEBUG o.s.j.d.DriverManagerDataSource - Creating new JDBC DriverManager Connection to [jdbc:mysql://127.0.0.1:3306/wrp3]
15:56:19.820 [Test worker] DEBUG o.h.e.j.i.LogicalConnectionImpl - Obtained JDBC connection
15:56:19.820 [Test worker] DEBUG o.h.e.t.i.jdbc.JdbcTransaction - initial autocommit status: true
15:56:19.820 [Test worker] DEBUG o.h.e.t.i.jdbc.JdbcTransaction - disabling autocommit
15:56:19.821 [Test worker] DEBUG o.s.orm.jpa.JpaTransactionManager - Exposing JPA transaction as JDBC transaction [org.springframework.orm.jpa.vendor.HibernateJpaDialect$HibernateConnectionHandle@2b69d2ed]
15:56:19.821 [Test worker] DEBUG o.h.jpa.criteria.CriteriaQueryImpl - Rendered criteria query -> select generatedAlias0 from Request as generatedAlias0
15:56:19.821 [Test worker] DEBUG org.hibernate.SQL - select request0_.request_id as request_1_3_, request0_.assign_to as assign_t2_3_, request0_.created_by as created_3_3_, request0_.date_created as date_cre4_3_, request0_.date_complete as date_com5_3_, request0_.due_date as due_date6_3_, request0_.priority as priority7_3_, request0_.reject_reason as reject_r8_3_, request0_.req_desc as req_desc9_3_, request0_.req_solution as req_sol10_3_, request0_.sci_id as sci_id11_3_, request0_.status as status12_3_, request0_.assigned_to as assigne13_3_, request0_.version_id as version14_3_ from request request0_
15:56:19.822 [Test worker] DEBUG o.s.orm.jpa.JpaTransactionManager - Initiating transaction commit
15:56:19.822 [Test worker] DEBUG o.s.orm.jpa.JpaTransactionManager - Committing JPA transaction on EntityManager [org.hibernate.jpa.internal.EntityManagerImpl@4551ae37]
15:56:19.822 [Test worker] DEBUG o.h.e.t.spi.AbstractTransactionImpl - committing
15:56:19.822 [Test worker] DEBUG o.h.e.t.i.jdbc.JdbcTransaction - committed JDBC Connection
15:56:19.822 [Test worker] DEBUG o.h.e.t.i.jdbc.JdbcTransaction - re-enabling autocommit
15:56:19.822 [Test worker] DEBUG o.s.orm.jpa.JpaTransactionManager - Closing JPA EntityManager [org.hibernate.jpa.internal.EntityManagerImpl@4551ae37] after transaction
15:56:19.822 [Test worker] DEBUG o.s.o.jpa.EntityManagerFactoryUtils - Closing JPA EntityManager
15:56:19.822 [Test worker] DEBUG o.h.e.j.i.LogicalConnectionImpl - Releasing JDBC connection
15:56:19.822 [Test worker] DEBUG o.h.e.j.i.LogicalConnectionImpl - Released JDBC connection
15:56:19.822 [Test worker] DEBUG o.s.orm.jpa.JpaTransactionManager - Creating new transaction with name [org.springframework.data.jpa.repository.support.SimpleJpaRepository.save]: PROPAGATION_REQUIRED,ISOLATION_DEFAULT; ''
15:56:19.823 [Test worker] DEBUG o.s.orm.jpa.JpaTransactionManager - Opened new EntityManager [org.hibernate.jpa.internal.EntityManagerImpl@40c1d2bd] for JPA transaction
15:56:19.823 [Test worker] DEBUG o.h.e.t.spi.AbstractTransactionImpl - begin
15:56:19.823 [Test worker] DEBUG o.h.e.j.i.LogicalConnectionImpl - Obtaining JDBC connection
15:56:19.823 [Test worker] DEBUG o.s.j.d.DriverManagerDataSource - Creating new JDBC DriverManager Connection to [jdbc:mysql://127.0.0.1:3306/wrp3]
15:56:19.826 [Test worker] DEBUG o.h.e.j.i.LogicalConnectionImpl - Obtained JDBC connection
15:56:19.826 [Test worker] DEBUG o.h.e.t.i.jdbc.JdbcTransaction - initial autocommit status: true
15:56:19.826 [Test worker] DEBUG o.h.e.t.i.jdbc.JdbcTransaction - disabling autocommit
15:56:19.826 [Test worker] DEBUG o.s.orm.jpa.JpaTransactionManager - Exposing JPA transaction as JDBC transaction [org.springframework.orm.jpa.vendor.HibernateJpaDialect$HibernateConnectionHandle@14aab687]
15:56:19.826 [Test worker] DEBUG o.s.orm.jpa.JpaTransactionManager - Initiating transaction commit
15:56:19.826 [Test worker] DEBUG o.s.orm.jpa.JpaTransactionManager - Committing JPA transaction on EntityManager [org.hibernate.jpa.internal.EntityManagerImpl@40c1d2bd]
15:56:19.826 [Test worker] DEBUG o.h.e.t.spi.AbstractTransactionImpl - committing
15:56:19.826 [Test worker] DEBUG o.h.e.t.i.jdbc.JdbcTransaction - committed JDBC Connection
15:56:19.826 [Test worker] DEBUG o.h.e.t.i.jdbc.JdbcTransaction - re-enabling autocommit
15:56:19.826 [Test worker] DEBUG o.s.orm.jpa.JpaTransactionManager - Closing JPA EntityManager [org.hibernate.jpa.internal.EntityManagerImpl@40c1d2bd] after transaction
15:56:19.826 [Test worker] DEBUG o.s.o.jpa.EntityManagerFactoryUtils - Closing JPA EntityManager
15:56:19.827 [Test worker] DEBUG o.h.e.j.i.LogicalConnectionImpl - Releasing JDBC connection
15:56:19.827 [Test worker] DEBUG o.h.e.j.i.LogicalConnectionImpl - Released JDBC connection
15:56:19.827 [Test worker] DEBUG o.s.orm.jpa.JpaTransactionManager - Creating new transaction with name [org.springframework.data.jpa.repository.support.SimpleJpaRepository.deleteAll]: PROPAGATION_REQUIRED,ISOLATION_DEFAULT; ''
15:56:19.827 [Test worker] DEBUG o.s.orm.jpa.JpaTransactionManager - Opened new EntityManager [org.hibernate.jpa.internal.EntityManagerImpl@3cf869ef] for JPA transaction
15:56:19.827 [Test worker] DEBUG o.h.e.t.spi.AbstractTransactionImpl - begin
15:56:19.827 [Test worker] DEBUG o.h.e.j.i.LogicalConnectionImpl - Obtaining JDBC connection
15:56:19.827 [Test worker] DEBUG o.s.j.d.DriverManagerDataSource - Creating new JDBC DriverManager Connection to [jdbc:mysql://127.0.0.1:3306/wrp3]
15:56:19.830 [Test worker] DEBUG o.h.e.j.i.LogicalConnectionImpl - Obtained JDBC connection
15:56:19.830 [Test worker] DEBUG o.h.e.t.i.jdbc.JdbcTransaction - initial autocommit status: true
15:56:19.830 [Test worker] DEBUG o.h.e.t.i.jdbc.JdbcTransaction - disabling autocommit
15:56:19.830 [Test worker] DEBUG o.s.orm.jpa.JpaTransactionManager - Exposing JPA transaction as JDBC transaction [org.springframework.orm.jpa.vendor.HibernateJpaDialect$HibernateConnectionHandle@656c750d]
15:56:19.831 [Test worker] DEBUG o.h.jpa.criteria.CriteriaQueryImpl - Rendered criteria query -> select generatedAlias0 from User as generatedAlias0
15:56:19.831 [Test worker] DEBUG org.hibernate.SQL - select user0_.id as id1_8_, user0_.login as login2_8_, user0_.password as password3_8_, user0_1_.role_id as role_id1_7_ from users user0_ left outer join user_roles user0_1_ on user0_.id=user0_1_.user_id
15:56:19.831 [Test worker] DEBUG org.hibernate.loader.Loader - Result set row: 0
15:56:19.831 [Test worker] DEBUG org.hibernate.loader.Loader - Result row: EntityKey[sciConsole.domain.User#23]
15:56:19.832 [Test worker] DEBUG org.hibernate.loader.Loader - Result set row: 1
15:56:19.832 [Test worker] DEBUG org.hibernate.loader.Loader - Result row: EntityKey[sciConsole.domain.User#24]
15:56:19.832 [Test worker] DEBUG o.h.engine.internal.TwoPhaseLoad - Resolving associations for [sciConsole.domain.User#23]
15:56:19.832 [Test worker] DEBUG org.hibernate.SQL - select role0_.id as id1_4_0_, role0_.role as role2_4_0_ from roles role0_ where role0_.id=?
15:56:19.832 [Test worker] DEBUG o.h.l.p.e.p.i.ResultSetProcessorImpl - Starting ResultSet row #0
15:56:19.832 [Test worker] DEBUG o.h.l.p.e.p.i.EntityReferenceInitializerImpl - On call to EntityIdentifierReaderImpl#resolve, EntityKey was already known; should only happen on root returns with an optional identifier specified
15:56:19.832 [Test worker] DEBUG o.h.engine.internal.TwoPhaseLoad - Resolving associations for [sciConsole.domain.Role#2]
15:56:19.833 [Test worker] DEBUG o.h.engine.internal.TwoPhaseLoad - Done materializing entity [sciConsole.domain.Role#2]
15:56:19.833 [Test worker] DEBUG o.h.l.e.p.AbstractLoadPlanBasedEntityLoader - Done entity load : sciConsole.domain.Role#2
15:56:19.833 [Test worker] DEBUG o.h.engine.internal.TwoPhaseLoad - Done materializing entity [sciConsole.domain.User#23]
15:56:19.833 [Test worker] DEBUG o.h.engine.internal.TwoPhaseLoad - Resolving associations for [sciConsole.domain.User#24]
15:56:19.833 [Test worker] DEBUG org.hibernate.SQL - select role0_.id as id1_4_0_, role0_.role as role2_4_0_ from roles role0_ where role0_.id=?
15:56:19.833 [Test worker] DEBUG o.h.l.p.e.p.i.ResultSetProcessorImpl - Starting ResultSet row #0
15:56:19.833 [Test worker] DEBUG o.h.l.p.e.p.i.EntityReferenceInitializerImpl - On call to EntityIdentifierReaderImpl#resolve, EntityKey was already known; should only happen on root returns with an optional identifier specified
15:56:19.833 [Test worker] DEBUG o.h.engine.internal.TwoPhaseLoad - Resolving associations for [sciConsole.domain.Role#1]
15:56:19.833 [Test worker] DEBUG o.h.engine.internal.TwoPhaseLoad - Done materializing entity [sciConsole.domain.Role#1]
15:56:19.834 [Test worker] DEBUG o.h.l.e.p.AbstractLoadPlanBasedEntityLoader - Done entity load : sciConsole.domain.Role#1
15:56:19.834 [Test worker] DEBUG o.h.engine.internal.TwoPhaseLoad - Done materializing entity [sciConsole.domain.User#24]
15:56:19.834 [Test worker] DEBUG o.h.l.c.p.AbstractLoadPlanBasedCollectionInitializer - Loading collection: [sciConsole.domain.Role.userRoles#2]
15:56:19.834 [Test worker] DEBUG org.hibernate.SQL - select userroles0_.role_id as role_id1_4_0_, userroles0_.user_id as user_id2_7_0_, user1_.id as id1_8_1_, user1_.login as login2_8_1_, user1_.password as password3_8_1_, user1_1_.role_id as role_id1_7_1_ from user_roles userroles0_ inner join users user1_ on userroles0_.user_id=user1_.id left outer join user_roles user1_1_ on user1_.id=user1_1_.user_id where userroles0_.role_id=?
15:56:19.835 [Test worker] DEBUG o.h.l.p.e.p.i.ResultSetProcessorImpl - Preparing collection intializer : [sciConsole.domain.Role.userRoles#2]
15:56:19.835 [Test worker] DEBUG o.h.l.p.e.p.i.ResultSetProcessorImpl - Starting ResultSet row #0
15:56:19.835 [Test worker] DEBUG o.h.l.p.e.p.i.CollectionReferenceInitializerImpl - Found row of collection: [sciConsole.domain.Role.userRoles#2]
15:56:19.835 [Test worker] DEBUG o.h.e.l.i.CollectionLoadContext - 1 collections were found in result set for role: sciConsole.domain.Role.userRoles
15:56:19.835 [Test worker] DEBUG o.h.e.l.i.CollectionLoadContext - Collection fully initialized: [sciConsole.domain.Role.userRoles#2]
15:56:19.835 [Test worker] DEBUG o.h.e.l.i.CollectionLoadContext - 1 collections initialized for role: sciConsole.domain.Role.userRoles
15:56:19.835 [Test worker] DEBUG o.h.l.c.p.AbstractLoadPlanBasedCollectionInitializer - Done loading collection
15:56:19.835 [Test worker] DEBUG o.h.l.c.p.AbstractLoadPlanBasedCollectionInitializer - Loading collection: [sciConsole.domain.Role.userRoles#1]
15:56:19.835 [Test worker] DEBUG org.hibernate.SQL - select userroles0_.role_id as role_id1_4_0_, userroles0_.user_id as user_id2_7_0_, user1_.id as id1_8_1_, user1_.login as login2_8_1_, user1_.password as password3_8_1_, user1_1_.role_id as role_id1_7_1_ from user_roles userroles0_ inner join users user1_ on userroles0_.user_id=user1_.id left outer join user_roles user1_1_ on user1_.id=user1_1_.user_id where userroles0_.role_id=?
15:56:19.836 [Test worker] DEBUG o.h.l.p.e.p.i.ResultSetProcessorImpl - Preparing collection intializer : [sciConsole.domain.Role.userRoles#1]
15:56:19.836 [Test worker] DEBUG o.h.l.p.e.p.i.ResultSetProcessorImpl - Starting ResultSet row #0
15:56:19.836 [Test worker] DEBUG o.h.l.p.e.p.i.CollectionReferenceInitializerImpl - Found row of collection: [sciConsole.domain.Role.userRoles#1]
15:56:19.836 [Test worker] DEBUG o.h.e.l.i.CollectionLoadContext - 1 collections were found in result set for role: sciConsole.domain.Role.userRoles
15:56:19.836 [Test worker] DEBUG o.h.e.l.i.CollectionLoadContext - Collection fully initialized: [sciConsole.domain.Role.userRoles#1]
15:56:19.836 [Test worker] DEBUG o.h.e.l.i.CollectionLoadContext - 1 collections initialized for role: sciConsole.domain.Role.userRoles
15:56:19.836 [Test worker] DEBUG o.h.l.c.p.AbstractLoadPlanBasedCollectionInitializer - Done loading collection
15:56:19.836 [Test worker] DEBUG o.s.orm.jpa.JpaTransactionManager - Initiating transaction commit
15:56:19.836 [Test worker] DEBUG o.s.orm.jpa.JpaTransactionManager - Committing JPA transaction on EntityManager [org.hibernate.jpa.internal.EntityManagerImpl@3cf869ef]
15:56:19.836 [Test worker] DEBUG o.h.e.t.spi.AbstractTransactionImpl - committing
15:56:19.836 [Test worker] DEBUG o.h.e.i.AbstractFlushingEventListener - Processing flush-time cascades
15:56:19.837 [Test worker] DEBUG o.h.e.i.AbstractFlushingEventListener - Dirty checking collections
15:56:19.837 [Test worker] DEBUG o.h.engine.internal.Collections - Collection dereferenced: [sciConsole.domain.Role.userRoles#2]
15:56:19.837 [Test worker] DEBUG o.h.engine.internal.Collections - Collection dereferenced: [sciConsole.domain.Role.userRoles#1]
15:56:19.837 [Test worker] DEBUG o.h.e.i.AbstractFlushingEventListener - Flushed: 0 insertions, 0 updates, 4 deletions to 4 objects
15:56:19.837 [Test worker] DEBUG o.h.e.i.AbstractFlushingEventListener - Flushed: 0 (re)creations, 0 updates, 2 removals to 2 collections
15:56:19.837 [Test worker] DEBUG o.h.internal.util.EntityPrinter - Listing entities:
15:56:19.837 [Test worker] DEBUG o.h.internal.util.EntityPrinter - sciConsole.domain.User{password=$2a$10$sbTqPCC0wB2c4IE5Y5RCdeWLIvtjAKEHFzHluAg7LiqkSdZNujJn2, role=sciConsole.domain.Role#2, id=23, login=Alice}
15:56:19.837 [Test worker] DEBUG o.h.internal.util.EntityPrinter - sciConsole.domain.User{password=$2a$10$UQ/jCMwn14H5VdHO4or0L.xvlGoplsSsRXHjXdbYij9UEArHJzsE2, role=sciConsole.domain.Role#1, id=24, login=Bob}
15:56:19.837 [Test worker] DEBUG o.h.internal.util.EntityPrinter - sciConsole.domain.Role{userRoles=[sciConsole.domain.User#24], role=MANAGER, id=1}
15:56:19.837 [Test worker] DEBUG o.h.internal.util.EntityPrinter - sciConsole.domain.Role{userRoles=[sciConsole.domain.User#23], role=DEVELOPER, id=2}
15:56:19.837 [Test worker] DEBUG o.h.p.c.AbstractCollectionPersister - Deleting collection: [sciConsole.domain.Role.userRoles#2]
15:56:19.837 [Test worker] DEBUG org.hibernate.SQL - delete from user_roles where role_id=?
15:56:19.839 [Test worker] DEBUG o.h.p.c.AbstractCollectionPersister - Done deleting collection
15:56:19.839 [Test worker] DEBUG o.h.p.c.AbstractCollectionPersister - Deleting collection: [sciConsole.domain.Role.userRoles#1]
15:56:19.839 [Test worker] DEBUG org.hibernate.SQL - delete from user_roles where role_id=?
15:56:19.839 [Test worker] DEBUG o.h.p.c.AbstractCollectionPersister - Done deleting collection
15:56:19.839 [Test worker] DEBUG org.hibernate.SQL - delete from user_roles where user_id=?
15:56:19.840 [Test worker] DEBUG org.hibernate.SQL - delete from users where id=?
15:56:19.840 [Test worker] DEBUG org.hibernate.SQL - delete from roles where id=?
15:56:19.841 [Test worker] DEBUG org.hibernate.SQL - delete from user_roles where user_id=?
15:56:19.841 [Test worker] DEBUG org.hibernate.SQL - delete from users where id=?
15:56:19.842 [Test worker] DEBUG org.hibernate.SQL - delete from roles where id=?
15:56:19.845 [Test worker] DEBUG o.h.e.t.i.jdbc.JdbcTransaction - committed JDBC Connection
15:56:19.845 [Test worker] DEBUG o.h.e.t.i.jdbc.JdbcTransaction - re-enabling autocommit
15:56:19.846 [Test worker] DEBUG o.s.orm.jpa.JpaTransactionManager - Closing JPA EntityManager [org.hibernate.jpa.internal.EntityManagerImpl@3cf869ef] after transaction
15:56:19.846 [Test worker] DEBUG o.s.o.jpa.EntityManagerFactoryUtils - Closing JPA EntityManager
15:56:19.846 [Test worker] DEBUG o.h.e.j.internal.JdbcCoordinatorImpl - HHH000420: Closing un-released batch
15:56:19.846 [Test worker] DEBUG o.h.e.j.i.LogicalConnectionImpl - Releasing JDBC connection
15:56:19.846 [Test worker] DEBUG o.h.e.j.i.LogicalConnectionImpl - Released JDBC connection
15:56:19.846 [Test worker] DEBUG o.s.orm.jpa.JpaTransactionManager - Creating new transaction with name [org.springframework.data.jpa.repository.support.SimpleJpaRepository.deleteAll]: PROPAGATION_REQUIRED,ISOLATION_DEFAULT; ''
15:56:19.846 [Test worker] DEBUG o.s.orm.jpa.JpaTransactionManager - Opened new EntityManager [org.hibernate.jpa.internal.EntityManagerImpl@4a0116dc] for JPA transaction
15:56:19.846 [Test worker] DEBUG o.h.e.t.spi.AbstractTransactionImpl - begin
15:56:19.846 [Test worker] DEBUG o.h.e.j.i.LogicalConnectionImpl - Obtaining JDBC connection
15:56:19.846 [Test worker] DEBUG o.s.j.d.DriverManagerDataSource - Creating new JDBC DriverManager Connection to [jdbc:mysql://127.0.0.1:3306/wrp3]
15:56:19.849 [Test worker] DEBUG o.h.e.j.i.LogicalConnectionImpl - Obtained JDBC connection
15:56:19.849 [Test worker] DEBUG o.h.e.t.i.jdbc.JdbcTransaction - initial autocommit status: true
15:56:19.849 [Test worker] DEBUG o.h.e.t.i.jdbc.JdbcTransaction - disabling autocommit
15:56:19.850 [Test worker] DEBUG o.s.orm.jpa.JpaTransactionManager - Exposing JPA transaction as JDBC transaction [org.springframework.orm.jpa.vendor.HibernateJpaDialect$HibernateConnectionHandle@24c21a60]
15:56:19.850 [Test worker] DEBUG o.h.jpa.criteria.CriteriaQueryImpl - Rendered criteria query -> select generatedAlias0 from Role as generatedAlias0
15:56:19.850 [Test worker] DEBUG org.hibernate.SQL - select role0_.id as id1_4_, role0_.role as role2_4_ from roles role0_
15:56:19.851 [Test worker] DEBUG o.s.orm.jpa.JpaTransactionManager - Initiating transaction commit
15:56:19.851 [Test worker] DEBUG o.s.orm.jpa.JpaTransactionManager - Committing JPA transaction on EntityManager [org.hibernate.jpa.internal.EntityManagerImpl@4a0116dc]
15:56:19.851 [Test worker] DEBUG o.h.e.t.spi.AbstractTransactionImpl - committing
15:56:19.851 [Test worker] DEBUG o.h.e.t.i.jdbc.JdbcTransaction - committed JDBC Connection
15:56:19.851 [Test worker] DEBUG o.h.e.t.i.jdbc.JdbcTransaction - re-enabling autocommit
15:56:19.851 [Test worker] DEBUG o.s.orm.jpa.JpaTransactionManager - Closing JPA EntityManager [org.hibernate.jpa.internal.EntityManagerImpl@4a0116dc] after transaction
15:56:19.851 [Test worker] DEBUG o.s.o.jpa.EntityManagerFactoryUtils - Closing JPA EntityManager
15:56:19.851 [Test worker] DEBUG o.h.e.j.i.LogicalConnectionImpl - Releasing JDBC connection
15:56:19.851 [Test worker] DEBUG o.h.e.j.i.LogicalConnectionImpl - Released JDBC connection
15:56:19.852 [Test worker] DEBUG o.s.orm.jpa.JpaTransactionManager - Creating new transaction with name [org.springframework.data.jpa.repository.support.SimpleJpaRepository.save]: PROPAGATION_REQUIRED,ISOLATION_DEFAULT; ''
15:56:19.852 [Test worker] DEBUG o.s.orm.jpa.JpaTransactionManager - Opened new EntityManager [org.hibernate.jpa.internal.EntityManagerImpl@37b73c5] for JPA transaction
15:56:19.852 [Test worker] DEBUG o.h.e.t.spi.AbstractTransactionImpl - begin
15:56:19.852 [Test worker] DEBUG o.h.e.j.i.LogicalConnectionImpl - Obtaining JDBC connection
15:56:19.852 [Test worker] DEBUG o.s.j.d.DriverManagerDataSource - Creating new JDBC DriverManager Connection to [jdbc:mysql://127.0.0.1:3306/wrp3]
15:56:19.856 [Test worker] DEBUG o.h.e.j.i.LogicalConnectionImpl - Obtained JDBC connection
15:56:19.856 [Test worker] DEBUG o.h.e.t.i.jdbc.JdbcTransaction - initial autocommit status: true
15:56:19.856 [Test worker] DEBUG o.h.e.t.i.jdbc.JdbcTransaction - disabling autocommit
15:56:19.856 [Test worker] DEBUG o.s.orm.jpa.JpaTransactionManager - Exposing JPA transaction as JDBC transaction [org.springframework.orm.jpa.vendor.HibernateJpaDialect$HibernateConnectionHandle@25e715ec]
15:56:19.856 [Test worker] DEBUG org.hibernate.loader.Loader - Loading entity: [sciConsole.domain.User#23]
15:56:19.856 [Test worker] DEBUG org.hibernate.SQL - select user0_.id as id1_8_1_, user0_.login as login2_8_1_, user0_.password as password3_8_1_, user0_1_.role_id as role_id1_7_1_, role1_.id as id1_4_0_, role1_.role as role2_4_0_ from users user0_ left outer join user_roles user0_1_ on user0_.id=user0_1_.user_id left outer join roles role1_ on user0_1_.role_id=role1_.id where user0_.id=?
15:56:19.857 [Test worker] DEBUG org.hibernate.loader.Loader - Done entity load
15:56:19.857 [Test worker] DEBUG org.hibernate.loader.Loader - Loading entity: [sciConsole.domain.Role#2]
15:56:19.857 [Test worker] DEBUG org.hibernate.SQL - select role0_.id as id1_4_1_, role0_.role as role2_4_1_, userroles1_.role_id as role_id1_4_3_, user2_.id as user_id2_7_3_, user2_.id as id1_8_0_, user2_.login as login2_8_0_, user2_.password as password3_8_0_, user2_1_.role_id as role_id1_7_0_ from roles role0_ left outer join user_roles userroles1_ on role0_.id=userroles1_.role_id left outer join users user2_ on userroles1_.user_id=user2_.id left outer join user_roles user2_1_ on user2_.id=user2_1_.user_id where role0_.id=?
15:56:19.858 [Test worker] DEBUG o.h.e.l.i.CollectionLoadContext - No collections were found in result set for role: sciConsole.domain.Role.userRoles
15:56:19.858 [Test worker] DEBUG org.hibernate.loader.Loader - Done entity load
15:56:19.858 [Test worker] DEBUG o.h.e.i.AbstractSaveEventListener - Generated identifier: 2, using strategy: org.hibernate.id.Assigned
15:56:19.858 [Test worker] DEBUG org.hibernate.SQL - insert into roles (role, id) values (?, ?)
15:56:19.860 [Test worker] DEBUG org.hibernate.engine.spi.ActionQueue - Executing identity-insert immediately
15:56:19.860 [Test worker] DEBUG org.hibernate.SQL - insert into users (login, password) values (?, ?)
15:56:19.860 [Test worker] DEBUG o.h.id.IdentifierGeneratorHelper - Natively generated identity: 25
15:56:19.860 [Test worker] DEBUG org.hibernate.SQL - insert into user_roles (role_id, user_id) values (?, ?)
15:56:19.861 [Test worker] DEBUG org.hibernate.loader.Loader - Loading entity: [sciConsole.domain.User#24]
15:56:19.861 [Test worker] DEBUG org.hibernate.SQL - select user0_.id as id1_8_1_, user0_.login as login2_8_1_, user0_.password as password3_8_1_, user0_1_.role_id as role_id1_7_1_, role1_.id as id1_4_0_, role1_.role as role2_4_0_ from users user0_ left outer join user_roles user0_1_ on user0_.id=user0_1_.user_id left outer join roles role1_ on user0_1_.role_id=role1_.id where user0_.id=?
15:56:19.862 [Test worker] DEBUG org.hibernate.loader.Loader - Done entity load
15:56:19.862 [Test worker] DEBUG org.hibernate.loader.Loader - Loading entity: [sciConsole.domain.Role#1]
15:56:19.862 [Test worker] DEBUG org.hibernate.SQL - select role0_.id as id1_4_1_, role0_.role as role2_4_1_, userroles1_.role_id as role_id1_4_3_, user2_.id as user_id2_7_3_, user2_.id as id1_8_0_, user2_.login as login2_8_0_, user2_.password as password3_8_0_, user2_1_.role_id as role_id1_7_0_ from roles role0_ left outer join user_roles userroles1_ on role0_.id=userroles1_.role_id left outer join users user2_ on userroles1_.user_id=user2_.id left outer join user_roles user2_1_ on user2_.id=user2_1_.user_id where role0_.id=?
15:56:19.863 [Test worker] DEBUG o.h.e.l.i.CollectionLoadContext - No collections were found in result set for role: sciConsole.domain.Role.userRoles
15:56:19.863 [Test worker] DEBUG org.hibernate.loader.Loader - Done entity load
15:56:19.863 [Test worker] DEBUG o.h.e.i.AbstractSaveEventListener - Generated identifier: 1, using strategy: org.hibernate.id.Assigned
15:56:19.863 [Test worker] DEBUG org.hibernate.SQL - insert into roles (role, id) values (?, ?)
15:56:19.864 [Test worker] DEBUG org.hibernate.engine.spi.ActionQueue - Executing identity-insert immediately
15:56:19.864 [Test worker] DEBUG org.hibernate.SQL - insert into users (login, password) values (?, ?)
15:56:19.864 [Test worker] DEBUG o.h.id.IdentifierGeneratorHelper - Natively generated identity: 26
15:56:19.865 [Test worker] DEBUG org.hibernate.SQL - insert into user_roles (role_id, user_id) values (?, ?)
15:56:19.865 [Test worker] DEBUG o.s.orm.jpa.JpaTransactionManager - Initiating transaction commit
15:56:19.865 [Test worker] DEBUG o.s.orm.jpa.JpaTransactionManager - Committing JPA transaction on EntityManager [org.hibernate.jpa.internal.EntityManagerImpl@37b73c5]
15:56:19.865 [Test worker] DEBUG o.h.e.t.spi.AbstractTransactionImpl - committing
15:56:19.865 [Test worker] DEBUG o.h.e.i.AbstractFlushingEventListener - Processing flush-time cascades
15:56:19.865 [Test worker] DEBUG o.h.e.i.AbstractFlushingEventListener - Dirty checking collections
15:56:19.865 [Test worker] DEBUG o.h.e.i.AbstractFlushingEventListener - Flushed: 0 insertions, 0 updates, 0 deletions to 4 objects
15:56:19.865 [Test worker] DEBUG o.h.e.i.AbstractFlushingEventListener - Flushed: 0 (re)creations, 0 updates, 0 removals to 0 collections
15:56:19.865 [Test worker] DEBUG o.h.internal.util.EntityPrinter - Listing entities:
15:56:19.866 [Test worker] DEBUG o.h.internal.util.EntityPrinter - sciConsole.domain.User{password=$2a$10$sbTqPCC0wB2c4IE5Y5RCdeWLIvtjAKEHFzHluAg7LiqkSdZNujJn2, role=sciConsole.domain.Role#2, id=25, login=Alice}
15:56:19.866 [Test worker] DEBUG o.h.internal.util.EntityPrinter - sciConsole.domain.Role{userRoles=null, role=MANAGER, id=1}
15:56:19.866 [Test worker] DEBUG o.h.internal.util.EntityPrinter - sciConsole.domain.Role{userRoles=null, role=DEVELOPER, id=2}
15:56:19.866 [Test worker] DEBUG o.h.internal.util.EntityPrinter - sciConsole.domain.User{password=$2a$10$UQ/jCMwn14H5VdHO4or0L.xvlGoplsSsRXHjXdbYij9UEArHJzsE2, role=sciConsole.domain.Role#1, id=26, login=Bob}
15:56:19.868 [Test worker] DEBUG o.h.e.t.i.jdbc.JdbcTransaction - committed JDBC Connection
15:56:19.868 [Test worker] DEBUG o.h.e.t.i.jdbc.JdbcTransaction - re-enabling autocommit
15:56:19.869 [Test worker] DEBUG o.s.orm.jpa.JpaTransactionManager - Closing JPA EntityManager [org.hibernate.jpa.internal.EntityManagerImpl@37b73c5] after transaction
15:56:19.869 [Test worker] DEBUG o.s.o.jpa.EntityManagerFactoryUtils - Closing JPA EntityManager
15:56:19.869 [Test worker] DEBUG o.h.e.j.internal.JdbcCoordinatorImpl - HHH000420: Closing un-released batch
15:56:19.869 [Test worker] DEBUG o.h.e.j.i.LogicalConnectionImpl - Releasing JDBC connection
15:56:19.869 [Test worker] DEBUG o.h.e.j.i.LogicalConnectionImpl - Released JDBC connection
15:56:19.869 [Test worker] DEBUG o.s.orm.jpa.JpaTransactionManager - Creating new transaction with name [org.springframework.data.jpa.repository.support.SimpleJpaRepository.save]: PROPAGATION_REQUIRED,ISOLATION_DEFAULT; ''
15:56:19.869 [Test worker] DEBUG o.s.orm.jpa.JpaTransactionManager - Opened new EntityManager [org.hibernate.jpa.internal.EntityManagerImpl@bf432a5] for JPA transaction
15:56:19.869 [Test worker] DEBUG o.h.e.t.spi.AbstractTransactionImpl - begin
15:56:19.869 [Test worker] DEBUG o.h.e.j.i.LogicalConnectionImpl - Obtaining JDBC connection
15:56:19.869 [Test worker] DEBUG o.s.j.d.DriverManagerDataSource - Creating new JDBC DriverManager Connection to [jdbc:mysql://127.0.0.1:3306/wrp3]
15:56:19.872 [Test worker] DEBUG o.h.e.j.i.LogicalConnectionImpl - Obtained JDBC connection
15:56:19.872 [Test worker] DEBUG o.h.e.t.i.jdbc.JdbcTransaction - initial autocommit status: true
15:56:19.872 [Test worker] DEBUG o.h.e.t.i.jdbc.JdbcTransaction - disabling autocommit
15:56:19.872 [Test worker] DEBUG o.s.orm.jpa.JpaTransactionManager - Exposing JPA transaction as JDBC transaction [org.springframework.orm.jpa.vendor.HibernateJpaDialect$HibernateConnectionHandle@6d6fa12f]
15:56:19.873 [Test worker] DEBUG org.hibernate.loader.Loader - Loading entity: [sciConsole.domain.Role#1]
15:56:19.873 [Test worker] DEBUG org.hibernate.SQL - select role0_.id as id1_4_1_, role0_.role as role2_4_1_, userroles1_.role_id as role_id1_4_3_, user2_.id as user_id2_7_3_, user2_.id as id1_8_0_, user2_.login as login2_8_0_, user2_.password as password3_8_0_, user2_1_.role_id as role_id1_7_0_ from roles role0_ left outer join user_roles userroles1_ on role0_.id=userroles1_.role_id left outer join users user2_ on userroles1_.user_id=user2_.id left outer join user_roles user2_1_ on user2_.id=user2_1_.user_id where role0_.id=?
15:56:19.873 [Test worker] DEBUG org.hibernate.loader.Loader - Result set row: 0
15:56:19.873 [Test worker] DEBUG org.hibernate.loader.Loader - Result row: EntityKey[sciConsole.domain.User#26], EntityKey[sciConsole.domain.Role#1]
15:56:19.874 [Test worker] DEBUG org.hibernate.loader.Loader - Found row of collection: [sciConsole.domain.Role.userRoles#1]
15:56:19.874 [Test worker] DEBUG o.h.engine.internal.TwoPhaseLoad - Resolving associations for [sciConsole.domain.User#26]
15:56:19.874 [Test worker] DEBUG o.h.engine.internal.TwoPhaseLoad - Done materializing entity [sciConsole.domain.User#26]
15:56:19.874 [Test worker] DEBUG o.h.engine.internal.TwoPhaseLoad - Resolving associations for [sciConsole.domain.Role#1]
15:56:19.874 [Test worker] DEBUG o.h.engine.internal.TwoPhaseLoad - Done materializing entity [sciConsole.domain.Role#1]
15:56:19.874 [Test worker] DEBUG o.h.e.l.i.CollectionLoadContext - 1 collections were found in result set for role: sciConsole.domain.Role.userRoles
15:56:19.874 [Test worker] DEBUG o.h.e.l.i.CollectionLoadContext - Collection fully initialized: [sciConsole.domain.Role.userRoles#1]
15:56:19.874 [Test worker] DEBUG o.h.e.l.i.CollectionLoadContext - 1 collections initialized for role: sciConsole.domain.Role.userRoles
15:56:19.874 [Test worker] DEBUG org.hibernate.loader.Loader - Done entity load
15:56:19.874 [Test worker] DEBUG org.hibernate.loader.Loader - Loading entity: [sciConsole.domain.Role#2]
15:56:19.874 [Test worker] DEBUG org.hibernate.SQL - select role0_.id as id1_4_1_, role0_.role as role2_4_1_, userroles1_.role_id as role_id1_4_3_, user2_.id as user_id2_7_3_, user2_.id as id1_8_0_, user2_.login as login2_8_0_, user2_.password as password3_8_0_, user2_1_.role_id as role_id1_7_0_ from roles role0_ left outer join user_roles userroles1_ on role0_.id=userroles1_.role_id left outer join users user2_ on userroles1_.user_id=user2_.id left outer join user_roles user2_1_ on user2_.id=user2_1_.user_id where role0_.id=?
15:56:19.875 [Test worker] DEBUG org.hibernate.loader.Loader - Result set row: 0
15:56:19.875 [Test worker] DEBUG org.hibernate.loader.Loader - Result row: EntityKey[sciConsole.domain.User#25], EntityKey[sciConsole.domain.Role#2]
15:56:19.875 [Test worker] DEBUG org.hibernate.loader.Loader - Found row of collection: [sciConsole.domain.Role.userRoles#2]
15:56:19.875 [Test worker] DEBUG o.h.engine.internal.TwoPhaseLoad - Resolving associations for [sciConsole.domain.User#25]
15:56:19.875 [Test worker] DEBUG o.h.engine.internal.TwoPhaseLoad - Done materializing entity [sciConsole.domain.User#25]
15:56:19.875 [Test worker] DEBUG o.h.engine.internal.TwoPhaseLoad - Resolving associations for [sciConsole.domain.Role#2]
15:56:19.875 [Test worker] DEBUG o.h.engine.internal.TwoPhaseLoad - Done materializing entity [sciConsole.domain.Role#2]
15:56:19.875 [Test worker] DEBUG o.h.e.l.i.CollectionLoadContext - 1 collections were found in result set for role: sciConsole.domain.Role.userRoles
15:56:19.876 [Test worker] DEBUG o.h.e.l.i.CollectionLoadContext - Collection fully initialized: [sciConsole.domain.Role.userRoles#2]
15:56:19.876 [Test worker] DEBUG o.h.e.l.i.CollectionLoadContext - 1 collections initialized for role: sciConsole.domain.Role.userRoles
15:56:19.876 [Test worker] DEBUG org.hibernate.loader.Loader - Done entity load
15:56:19.876 [Test worker] DEBUG o.s.orm.jpa.JpaTransactionManager - Initiating transaction commit
15:56:19.876 [Test worker] DEBUG o.s.orm.jpa.JpaTransactionManager - Committing JPA transaction on EntityManager [org.hibernate.jpa.internal.EntityManagerImpl@bf432a5]
15:56:19.876 [Test worker] DEBUG o.h.e.t.spi.AbstractTransactionImpl - committing
15:56:19.876 [Test worker] DEBUG o.h.e.i.AbstractFlushingEventListener - Processing flush-time cascades
15:56:19.876 [Test worker] DEBUG o.h.e.i.AbstractFlushingEventListener - Dirty checking collections
15:56:19.876 [Test worker] DEBUG o.h.engine.internal.Collections - Collection found: [sciConsole.domain.Role.userRoles#1], was: [sciConsole.domain.Role.userRoles#1] (initialized)
15:56:19.876 [Test worker] DEBUG o.h.engine.internal.Collections - Collection found: [sciConsole.domain.Role.userRoles#2], was: [sciConsole.domain.Role.userRoles#2] (initialized)
15:56:19.876 [Test worker] DEBUG o.h.e.i.AbstractFlushingEventListener - Flushed: 0 insertions, 0 updates, 0 deletions to 4 objects
15:56:19.877 [Test worker] DEBUG o.h.e.i.AbstractFlushingEventListener - Flushed: 0 (re)creations, 0 updates, 0 removals to 2 collections
15:56:19.877 [Test worker] DEBUG o.h.internal.util.EntityPrinter - Listing entities:
15:56:19.877 [Test worker] DEBUG o.h.internal.util.EntityPrinter - sciConsole.domain.Role{userRoles=[sciConsole.domain.User#26], role=MANAGER, id=1}
15:56:19.877 [Test worker] DEBUG o.h.internal.util.EntityPrinter - sciConsole.domain.User{password=$2a$10$sbTqPCC0wB2c4IE5Y5RCdeWLIvtjAKEHFzHluAg7LiqkSdZNujJn2, role=sciConsole.domain.Role#2, id=25, login=Alice}
15:56:19.877 [Test worker] DEBUG o.h.internal.util.EntityPrinter - sciConsole.domain.User{password=$2a$10$UQ/jCMwn14H5VdHO4or0L.xvlGoplsSsRXHjXdbYij9UEArHJzsE2, role=sciConsole.domain.Role#1, id=26, login=Bob}
15:56:19.877 [Test worker] DEBUG o.h.internal.util.EntityPrinter - sciConsole.domain.Role{userRoles=[sciConsole.domain.User#25], role=DEVELOPER, id=2}
15:56:19.877 [Test worker] DEBUG o.h.e.t.i.jdbc.JdbcTransaction - committed JDBC Connection
15:56:19.877 [Test worker] DEBUG o.h.e.t.i.jdbc.JdbcTransaction - re-enabling autocommit
15:56:19.877 [Test worker] DEBUG o.s.orm.jpa.JpaTransactionManager - Closing JPA EntityManager [org.hibernate.jpa.internal.EntityManagerImpl@bf432a5] after transaction
15:56:19.877 [Test worker] DEBUG o.s.o.jpa.EntityManagerFactoryUtils - Closing JPA EntityManager
15:56:19.877 [Test worker] DEBUG o.h.e.j.i.LogicalConnectionImpl - Releasing JDBC connection
15:56:19.877 [Test worker] DEBUG o.h.e.j.i.LogicalConnectionImpl - Released JDBC connection
15:56:19.878 [Test worker] DEBUG o.s.t.c.s.AbstractDirtiesContextTestExecutionListener - After test class: context [DefaultTestContext@4b496bf5 testClass = CompleteChangeRequestStepDefs, testInstance = [null], testMethod = [null], testException = [null], mergedContextConfiguration = [WebMergedContextConfiguration@250b3953 testClass = CompleteChangeRequestStepDefs, locations = '{}', classes = '{class sciConsole.SciConsoleApplication, class sciConsole.controller.SessionController, class sciConsole.controller.AccountController, class sciConsole.controller.ChangeRequestController, class sciConsole.SecurityConfig, class sciConsole.WebConfig}', contextInitializerClasses = '[]', activeProfiles = '{}', propertySourceLocations = '{}', propertySourceProperties = '{}', resourceBasePath = 'src/main/webapp', contextLoader = 'org.springframework.test.context.web.WebDelegatingSmartContextLoader', parent = [null]]], class annotated with @DirtiesContext [false] with mode [null].
15:56:19.934 [Test worker] DEBUG o.s.b.f.s.DefaultListableBeanFactory - Returning cached instance of singleton bean 'springSecurityFilterChain'
15:56:19.934 [Test worker] DEBUG o.s.test.util.ReflectionTestUtils - Invoking method 'getFilters' on target [FilterChainProxy[Filter Chains: [[ org.springframework.security.web.util.matcher.AnyRequestMatcher@1, [org.springframework.security.web.access.channel.ChannelProcessingFilter@2ad101f0, org.springframework.security.web.context.request.async.WebAsyncManagerIntegrationFilter@7a1601ea, org.springframework.security.web.context.SecurityContextPersistenceFilter@1ed920ed, org.springframework.security.web.header.HeaderWriterFilter@54d81890, org.springframework.security.web.csrf.CsrfFilter@3a7f45ac, org.springframework.security.web.authentication.logout.LogoutFilter@53f60b35, org.springframework.security.web.authentication.UsernamePasswordAuthenticationFilter@7d51c9ea, org.springframework.security.web.savedrequest.RequestCacheAwareFilter@42c2e682, org.springframework.security.web.servletapi.SecurityContextHolderAwareRequestFilter@3524fe79, org.springframework.security.web.authentication.AnonymousAuthenticationFilter@56b23bee, org.springframework.security.web.session.SessionManagementFilter@7785c534, org.springframework.security.web.access.ExceptionTranslationFilter@5ac7316e, org.springframework.security.web.access.intercept.FilterSecurityInterceptor@879e25e]]]]] with arguments [{org.springframework.mock.web.MockHttpServletRequest@195438da}]
15:56:19.934 [Test worker] DEBUG o.s.test.util.ReflectionTestUtils - Getting field 'repo' from target object [org.springframework.security.web.context.SecurityContextPersistenceFilter@1ed920ed] or target class [class org.springframework.security.web.context.SecurityContextPersistenceFilter]
15:56:19.934 [Test worker] DEBUG o.s.s.w.c.HttpSessionSecurityContextRepository - No HttpSession currently exists
15:56:19.934 [Test worker] DEBUG o.s.s.w.c.HttpSessionSecurityContextRepository - No SecurityContext was available from the HttpSession: null. A new one will be created.
15:56:19.934 [Test worker] DEBUG o.s.s.w.c.HttpSessionSecurityContextRepository - HttpSession being created as SecurityContext is non-default
15:56:19.934 [Test worker] DEBUG o.s.s.w.c.HttpSessionSecurityContextRepository - SecurityContext 'org.springframework.security.core.context.SecurityContextImpl@34a51dda: Authentication: org.springframework.security.authentication.UsernamePasswordAuthenticationToken@34a51dda: Principal: Bob; Credentials: [PROTECTED]; Authenticated: true; Details: null; Granted Authorities: ROLE_MANAGER' stored to HttpSession: 'org.springframework.mock.web.MockHttpSession@5110fb37
15:56:19.934 [Test worker] DEBUG o.s.security.web.FilterChainProxy - /assess-change-request at position 1 of 13 in additional filter chain; firing Filter: 'ChannelProcessingFilter'
15:56:19.934 [Test worker] DEBUG o.s.s.w.a.c.ChannelProcessingFilter - Request: FilterInvocation: URL: /assess-change-request; ConfigAttributes: [REQUIRES_SECURE_CHANNEL]
15:56:19.934 [Test worker] DEBUG o.s.s.w.a.c.RetryWithHttpsEntryPoint - Redirecting to: https://localhost/assess-change-request
15:56:19.935 [Test worker] DEBUG o.s.s.web.DefaultRedirectStrategy - Redirecting to 'https://localhost/assess-change-request'
15:56:19.935 [Test worker] DEBUG o.s.b.f.s.DefaultListableBeanFactory - Returning cached instance of singleton bean 'springSecurityFilterChain'
15:56:19.936 [Test worker] DEBUG o.s.test.util.ReflectionTestUtils - Invoking method 'getFilters' on target [FilterChainProxy[Filter Chains: [[ org.springframework.security.web.util.matcher.AnyRequestMatcher@1, [org.springframework.security.web.access.channel.ChannelProcessingFilter@2ad101f0, org.springframework.security.web.context.request.async.WebAsyncManagerIntegrationFilter@7a1601ea, org.springframework.security.web.context.SecurityContextPersistenceFilter@1ed920ed, org.springframework.security.web.header.HeaderWriterFilter@54d81890, org.springframework.security.web.csrf.CsrfFilter@3a7f45ac, org.springframework.security.web.authentication.logout.LogoutFilter@53f60b35, org.springframework.security.web.authentication.UsernamePasswordAuthenticationFilter@7d51c9ea, org.springframework.security.web.savedrequest.RequestCacheAwareFilter@42c2e682, org.springframework.security.web.servletapi.SecurityContextHolderAwareRequestFilter@3524fe79, org.springframework.security.web.authentication.AnonymousAuthenticationFilter@56b23bee, org.springframework.security.web.session.SessionManagementFilter@7785c534, org.springframework.security.web.access.ExceptionTranslationFilter@5ac7316e, org.springframework.security.web.access.intercept.FilterSecurityInterceptor@879e25e]]]]] with arguments [{org.springframework.mock.web.MockHttpServletRequest@195438da}]
15:56:19.936 [Test worker] DEBUG o.s.test.util.ReflectionTestUtils - Getting field 'repo' from target object [org.springframework.security.web.context.SecurityContextPersistenceFilter@1ed920ed] or target class [class org.springframework.security.web.context.SecurityContextPersistenceFilter]
15:56:19.936 [Test worker] DEBUG o.s.s.w.c.HttpSessionSecurityContextRepository - Obtained a valid SecurityContext from SPRING_SECURITY_CONTEXT: 'org.springframework.security.core.context.SecurityContextImpl@34a51dda: Authentication: org.springframework.security.authentication.UsernamePasswordAuthenticationToken@34a51dda: Principal: Bob; Credentials: [PROTECTED]; Authenticated: true; Details: null; Granted Authorities: ROLE_MANAGER'
15:56:19.936 [Test worker] DEBUG o.s.orm.jpa.JpaTransactionManager - Creating new transaction with name [org.springframework.data.jpa.repository.support.SimpleJpaRepository.deleteAll]: PROPAGATION_REQUIRED,ISOLATION_DEFAULT; ''
15:56:19.937 [Test worker] DEBUG o.s.orm.jpa.JpaTransactionManager - Opened new EntityManager [org.hibernate.jpa.internal.EntityManagerImpl@1e849c] for JPA transaction
15:56:19.937 [Test worker] DEBUG o.h.e.t.spi.AbstractTransactionImpl - begin
15:56:19.937 [Test worker] DEBUG o.h.e.j.i.LogicalConnectionImpl - Obtaining JDBC connection
15:56:19.937 [Test worker] DEBUG o.s.j.d.DriverManagerDataSource - Creating new JDBC DriverManager Connection to [jdbc:mysql://127.0.0.1:3306/wrp3]
15:56:19.940 [Test worker] DEBUG o.h.e.j.i.LogicalConnectionImpl - Obtained JDBC connection
15:56:19.941 [Test worker] DEBUG o.h.e.t.i.jdbc.JdbcTransaction - initial autocommit status: true
15:56:19.941 [Test worker] DEBUG o.h.e.t.i.jdbc.JdbcTransaction - disabling autocommit
15:56:19.941 [Test worker] DEBUG o.s.orm.jpa.JpaTransactionManager - Exposing JPA transaction as JDBC transaction [org.springframework.orm.jpa.vendor.HibernateJpaDialect$HibernateConnectionHandle@3808f0d5]
15:56:19.941 [Test worker] DEBUG o.h.jpa.criteria.CriteriaQueryImpl - Rendered criteria query -> select generatedAlias0 from Request as generatedAlias0
15:56:19.941 [Test worker] DEBUG org.hibernate.SQL - select request0_.request_id as request_1_3_, request0_.assign_to as assign_t2_3_, request0_.created_by as created_3_3_, request0_.date_created as date_cre4_3_, request0_.date_complete as date_com5_3_, request0_.due_date as due_date6_3_, request0_.priority as priority7_3_, request0_.reject_reason as reject_r8_3_, request0_.req_desc as req_desc9_3_, request0_.req_solution as req_sol10_3_, request0_.sci_id as sci_id11_3_, request0_.status as status12_3_, request0_.assigned_to as assigne13_3_, request0_.version_id as version14_3_ from request request0_
15:56:19.942 [Test worker] DEBUG o.s.orm.jpa.JpaTransactionManager - Initiating transaction commit
15:56:19.942 [Test worker] DEBUG o.s.orm.jpa.JpaTransactionManager - Committing JPA transaction on EntityManager [org.hibernate.jpa.internal.EntityManagerImpl@1e849c]
15:56:19.942 [Test worker] DEBUG o.h.e.t.spi.AbstractTransactionImpl - committing
15:56:19.942 [Test worker] DEBUG o.h.e.t.i.jdbc.JdbcTransaction - committed JDBC Connection
15:56:19.942 [Test worker] DEBUG o.h.e.t.i.jdbc.JdbcTransaction - re-enabling autocommit
15:56:19.943 [Test worker] DEBUG o.s.orm.jpa.JpaTransactionManager - Closing JPA EntityManager [org.hibernate.jpa.internal.EntityManagerImpl@1e849c] after transaction
15:56:19.943 [Test worker] DEBUG o.s.o.jpa.EntityManagerFactoryUtils - Closing JPA EntityManager
15:56:19.943 [Test worker] DEBUG o.h.e.j.i.LogicalConnectionImpl - Releasing JDBC connection
15:56:19.943 [Test worker] DEBUG o.h.e.j.i.LogicalConnectionImpl - Released JDBC connection
15:56:19.943 [Test worker] DEBUG o.s.orm.jpa.JpaTransactionManager - Creating new transaction with name [org.springframework.data.jpa.repository.support.SimpleJpaRepository.save]: PROPAGATION_REQUIRED,ISOLATION_DEFAULT; ''
15:56:19.943 [Test worker] DEBUG o.s.orm.jpa.JpaTransactionManager - Opened new EntityManager [org.hibernate.jpa.internal.EntityManagerImpl@708d5b99] for JPA transaction
15:56:19.943 [Test worker] DEBUG o.h.e.t.spi.AbstractTransactionImpl - begin
15:56:19.943 [Test worker] DEBUG o.h.e.j.i.LogicalConnectionImpl - Obtaining JDBC connection
15:56:19.943 [Test worker] DEBUG o.s.j.d.DriverManagerDataSource - Creating new JDBC DriverManager Connection to [jdbc:mysql://127.0.0.1:3306/wrp3]
15:56:19.947 [Test worker] DEBUG o.h.e.j.i.LogicalConnectionImpl - Obtained JDBC connection
15:56:19.947 [Test worker] DEBUG o.h.e.t.i.jdbc.JdbcTransaction - initial autocommit status: true
15:56:19.947 [Test worker] DEBUG o.h.e.t.i.jdbc.JdbcTransaction - disabling autocommit
15:56:19.947 [Test worker] DEBUG o.s.orm.jpa.JpaTransactionManager - Exposing JPA transaction as JDBC transaction [org.springframework.orm.jpa.vendor.HibernateJpaDialect$HibernateConnectionHandle@4c4a01ab]
15:56:19.947 [Test worker] DEBUG o.s.orm.jpa.JpaTransactionManager - Initiating transaction commit
15:56:19.947 [Test worker] DEBUG o.s.orm.jpa.JpaTransactionManager - Committing JPA transaction on EntityManager [org.hibernate.jpa.internal.EntityManagerImpl@708d5b99]
15:56:19.948 [Test worker] DEBUG o.h.e.t.spi.AbstractTransactionImpl - committing
15:56:19.948 [Test worker] DEBUG o.h.e.t.i.jdbc.JdbcTransaction - committed JDBC Connection
15:56:19.948 [Test worker] DEBUG o.h.e.t.i.jdbc.JdbcTransaction - re-enabling autocommit
15:56:19.948 [Test worker] DEBUG o.s.orm.jpa.JpaTransactionManager - Closing JPA EntityManager [org.hibernate.jpa.internal.EntityManagerImpl@708d5b99] after transaction
15:56:19.948 [Test worker] DEBUG o.s.o.jpa.EntityManagerFactoryUtils - Closing JPA EntityManager
15:56:19.948 [Test worker] DEBUG o.h.e.j.i.LogicalConnectionImpl - Releasing JDBC connection
15:56:19.948 [Test worker] DEBUG o.h.e.j.i.LogicalConnectionImpl - Released JDBC connection
15:56:19.949 [Test worker] DEBUG o.s.orm.jpa.JpaTransactionManager - Creating new transaction with name [org.springframework.data.jpa.repository.support.SimpleJpaRepository.deleteAll]: PROPAGATION_REQUIRED,ISOLATION_DEFAULT; ''
15:56:19.949 [Test worker] DEBUG o.s.orm.jpa.JpaTransactionManager - Opened new EntityManager [org.hibernate.jpa.internal.EntityManagerImpl@6ef47af] for JPA transaction
15:56:19.949 [Test worker] DEBUG o.h.e.t.spi.AbstractTransactionImpl - begin
15:56:19.949 [Test worker] DEBUG o.h.e.j.i.LogicalConnectionImpl - Obtaining JDBC connection
15:56:19.949 [Test worker] DEBUG o.s.j.d.DriverManagerDataSource - Creating new JDBC DriverManager Connection to [jdbc:mysql://127.0.0.1:3306/wrp3]
15:56:19.953 [Test worker] DEBUG o.h.e.j.i.LogicalConnectionImpl - Obtained JDBC connection
15:56:19.953 [Test worker] DEBUG o.h.e.t.i.jdbc.JdbcTransaction - initial autocommit status: true
15:56:19.953 [Test worker] DEBUG o.h.e.t.i.jdbc.JdbcTransaction - disabling autocommit
15:56:19.953 [Test worker] DEBUG o.s.orm.jpa.JpaTransactionManager - Exposing JPA transaction as JDBC transaction [org.springframework.orm.jpa.vendor.HibernateJpaDialect$HibernateConnectionHandle@22d5f433]
15:56:19.953 [Test worker] DEBUG o.h.jpa.criteria.CriteriaQueryImpl - Rendered criteria query -> select generatedAlias0 from Request as generatedAlias0
15:56:19.953 [Test worker] DEBUG org.hibernate.SQL - select request0_.request_id as request_1_3_, request0_.assign_to as assign_t2_3_, request0_.created_by as created_3_3_, request0_.date_created as date_cre4_3_, request0_.date_complete as date_com5_3_, request0_.due_date as due_date6_3_, request0_.priority as priority7_3_, request0_.reject_reason as reject_r8_3_, request0_.req_desc as req_desc9_3_, request0_.req_solution as req_sol10_3_, request0_.sci_id as sci_id11_3_, request0_.status as status12_3_, request0_.assigned_to as assigne13_3_, request0_.version_id as version14_3_ from request request0_
15:56:19.954 [Test worker] DEBUG o.s.orm.jpa.JpaTransactionManager - Initiating transaction commit
15:56:19.954 [Test worker] DEBUG o.s.orm.jpa.JpaTransactionManager - Committing JPA transaction on EntityManager [org.hibernate.jpa.internal.EntityManagerImpl@6ef47af]
15:56:19.954 [Test worker] DEBUG o.h.e.t.spi.AbstractTransactionImpl - committing
15:56:19.954 [Test worker] DEBUG o.h.e.t.i.jdbc.JdbcTransaction - committed JDBC Connection
15:56:19.954 [Test worker] DEBUG o.h.e.t.i.jdbc.JdbcTransaction - re-enabling autocommit
15:56:19.955 [Test worker] DEBUG o.s.orm.jpa.JpaTransactionManager - Closing JPA EntityManager [org.hibernate.jpa.internal.EntityManagerImpl@6ef47af] after transaction
15:56:19.955 [Test worker] DEBUG o.s.o.jpa.EntityManagerFactoryUtils - Closing JPA EntityManager
15:56:19.955 [Test worker] DEBUG o.h.e.j.i.LogicalConnectionImpl - Releasing JDBC connection
15:56:19.955 [Test worker] DEBUG o.h.e.j.i.LogicalConnectionImpl - Released JDBC connection
15:56:19.955 [Test worker] DEBUG o.s.orm.jpa.JpaTransactionManager - Creating new transaction with name [org.springframework.data.jpa.repository.support.SimpleJpaRepository.save]: PROPAGATION_REQUIRED,ISOLATION_DEFAULT; ''
15:56:19.955 [Test worker] DEBUG o.s.orm.jpa.JpaTransactionManager - Opened new EntityManager [org.hibernate.jpa.internal.EntityManagerImpl@147444d] for JPA transaction
15:56:19.955 [Test worker] DEBUG o.h.e.t.spi.AbstractTransactionImpl - begin
15:56:19.955 [Test worker] DEBUG o.h.e.j.i.LogicalConnectionImpl - Obtaining JDBC connection
15:56:19.955 [Test worker] DEBUG o.s.j.d.DriverManagerDataSource - Creating new JDBC DriverManager Connection to [jdbc:mysql://127.0.0.1:3306/wrp3]
15:56:19.958 [Test worker] DEBUG o.h.e.j.i.LogicalConnectionImpl - Obtained JDBC connection
15:56:19.958 [Test worker] DEBUG o.h.e.t.i.jdbc.JdbcTransaction - initial autocommit status: true
15:56:19.958 [Test worker] DEBUG o.h.e.t.i.jdbc.JdbcTransaction - disabling autocommit
15:56:19.958 [Test worker] DEBUG o.s.orm.jpa.JpaTransactionManager - Exposing JPA transaction as JDBC transaction [org.springframework.orm.jpa.vendor.HibernateJpaDialect$HibernateConnectionHandle@57e24404]
15:56:19.958 [Test worker] DEBUG o.s.orm.jpa.JpaTransactionManager - Initiating transaction commit
15:56:19.958 [Test worker] DEBUG o.s.orm.jpa.JpaTransactionManager - Committing JPA transaction on EntityManager [org.hibernate.jpa.internal.EntityManagerImpl@147444d]
15:56:19.959 [Test worker] DEBUG o.h.e.t.spi.AbstractTransactionImpl - committing
15:56:19.959 [Test worker] DEBUG o.h.e.t.i.jdbc.JdbcTransaction - committed JDBC Connection
15:56:19.959 [Test worker] DEBUG o.h.e.t.i.jdbc.JdbcTransaction - re-enabling autocommit
15:56:19.959 [Test worker] DEBUG o.s.orm.jpa.JpaTransactionManager - Closing JPA EntityManager [org.hibernate.jpa.internal.EntityManagerImpl@147444d] after transaction
15:56:19.959 [Test worker] DEBUG o.s.o.jpa.EntityManagerFactoryUtils - Closing JPA EntityManager
15:56:19.959 [Test worker] DEBUG o.h.e.j.i.LogicalConnectionImpl - Releasing JDBC connection
15:56:19.959 [Test worker] DEBUG o.h.e.j.i.LogicalConnectionImpl - Released JDBC connection
15:56:19.960 [Test worker] DEBUG o.s.orm.jpa.JpaTransactionManager - Creating new transaction with name [org.springframework.data.jpa.repository.support.SimpleJpaRepository.deleteAll]: PROPAGATION_REQUIRED,ISOLATION_DEFAULT; ''
15:56:19.960 [Test worker] DEBUG o.s.orm.jpa.JpaTransactionManager - Opened new EntityManager [org.hibernate.jpa.internal.EntityManagerImpl@3a195a69] for JPA transaction
15:56:19.960 [Test worker] DEBUG o.h.e.t.spi.AbstractTransactionImpl - begin
15:56:19.960 [Test worker] DEBUG o.h.e.j.i.LogicalConnectionImpl - Obtaining JDBC connection
15:56:19.960 [Test worker] DEBUG o.s.j.d.DriverManagerDataSource - Creating new JDBC DriverManager Connection to [jdbc:mysql://127.0.0.1:3306/wrp3]
15:56:19.963 [Test worker] DEBUG o.h.e.j.i.LogicalConnectionImpl - Obtained JDBC connection
15:56:19.963 [Test worker] DEBUG o.h.e.t.i.jdbc.JdbcTransaction - initial autocommit status: true
15:56:19.963 [Test worker] DEBUG o.h.e.t.i.jdbc.JdbcTransaction - disabling autocommit
15:56:19.963 [Test worker] DEBUG o.s.orm.jpa.JpaTransactionManager - Exposing JPA transaction as JDBC transaction [org.springframework.orm.jpa.vendor.HibernateJpaDialect$HibernateConnectionHandle@6d02e834]
15:56:19.963 [Test worker] DEBUG o.h.jpa.criteria.CriteriaQueryImpl - Rendered criteria query -> select generatedAlias0 from User as generatedAlias0
15:56:19.964 [Test worker] DEBUG org.hibernate.SQL - select user0_.id as id1_8_, user0_.login as login2_8_, user0_.password as password3_8_, user0_1_.role_id as role_id1_7_ from users user0_ left outer join user_roles user0_1_ on user0_.id=user0_1_.user_id
15:56:19.964 [Test worker] DEBUG org.hibernate.loader.Loader - Result set row: 0
15:56:19.964 [Test worker] DEBUG org.hibernate.loader.Loader - Result row: EntityKey[sciConsole.domain.User#25]
15:56:19.964 [Test worker] DEBUG org.hibernate.loader.Loader - Result set row: 1
15:56:19.964 [Test worker] DEBUG org.hibernate.loader.Loader - Result row: EntityKey[sciConsole.domain.User#26]
15:56:19.965 [Test worker] DEBUG o.h.engine.internal.TwoPhaseLoad - Resolving associations for [sciConsole.domain.User#25]
15:56:19.965 [Test worker] DEBUG org.hibernate.SQL - select role0_.id as id1_4_0_, role0_.role as role2_4_0_ from roles role0_ where role0_.id=?
15:56:19.965 [Test worker] DEBUG o.h.l.p.e.p.i.ResultSetProcessorImpl - Starting ResultSet row #0
15:56:19.965 [Test worker] DEBUG o.h.l.p.e.p.i.EntityReferenceInitializerImpl - On call to EntityIdentifierReaderImpl#resolve, EntityKey was already known; should only happen on root returns with an optional identifier specified
15:56:19.965 [Test worker] DEBUG o.h.engine.internal.TwoPhaseLoad - Resolving associations for [sciConsole.domain.Role#2]
15:56:19.965 [Test worker] DEBUG o.h.engine.internal.TwoPhaseLoad - Done materializing entity [sciConsole.domain.Role#2]
15:56:19.966 [Test worker] DEBUG o.h.l.e.p.AbstractLoadPlanBasedEntityLoader - Done entity load : sciConsole.domain.Role#2
15:56:19.966 [Test worker] DEBUG o.h.engine.internal.TwoPhaseLoad - Done materializing entity [sciConsole.domain.User#25]
15:56:19.966 [Test worker] DEBUG o.h.engine.internal.TwoPhaseLoad - Resolving associations for [sciConsole.domain.User#26]
15:56:19.966 [Test worker] DEBUG org.hibernate.SQL - select role0_.id as id1_4_0_, role0_.role as role2_4_0_ from roles role0_ where role0_.id=?
15:56:19.966 [Test worker] DEBUG o.h.l.p.e.p.i.ResultSetProcessorImpl - Starting ResultSet row #0
15:56:19.966 [Test worker] DEBUG o.h.l.p.e.p.i.EntityReferenceInitializerImpl - On call to EntityIdentifierReaderImpl#resolve, EntityKey was already known; should only happen on root returns with an optional identifier specified
15:56:19.966 [Test worker] DEBUG o.h.engine.internal.TwoPhaseLoad - Resolving associations for [sciConsole.domain.Role#1]
15:56:19.966 [Test worker] DEBUG o.h.engine.internal.TwoPhaseLoad - Done materializing entity [sciConsole.domain.Role#1]
15:56:19.967 [Test worker] DEBUG o.h.l.e.p.AbstractLoadPlanBasedEntityLoader - Done entity load : sciConsole.domain.Role#1
15:56:19.967 [Test worker] DEBUG o.h.engine.internal.TwoPhaseLoad - Done materializing entity [sciConsole.domain.User#26]
15:56:19.967 [Test worker] DEBUG o.h.l.c.p.AbstractLoadPlanBasedCollectionInitializer - Loading collection: [sciConsole.domain.Role.userRoles#2]
15:56:19.967 [Test worker] DEBUG org.hibernate.SQL - select userroles0_.role_id as role_id1_4_0_, userroles0_.user_id as user_id2_7_0_, user1_.id as id1_8_1_, user1_.login as login2_8_1_, user1_.password as password3_8_1_, user1_1_.role_id as role_id1_7_1_ from user_roles userroles0_ inner join users user1_ on userroles0_.user_id=user1_.id left outer join user_roles user1_1_ on user1_.id=user1_1_.user_id where userroles0_.role_id=?
15:56:19.968 [Test worker] DEBUG o.h.l.p.e.p.i.ResultSetProcessorImpl - Preparing collection intializer : [sciConsole.domain.Role.userRoles#2]
15:56:19.968 [Test worker] DEBUG o.h.l.p.e.p.i.ResultSetProcessorImpl - Starting ResultSet row #0
15:56:19.968 [Test worker] DEBUG o.h.l.p.e.p.i.CollectionReferenceInitializerImpl - Found row of collection: [sciConsole.domain.Role.userRoles#2]
15:56:19.968 [Test worker] DEBUG o.h.e.l.i.CollectionLoadContext - 1 collections were found in result set for role: sciConsole.domain.Role.userRoles
15:56:19.968 [Test worker] DEBUG o.h.e.l.i.CollectionLoadContext - Collection fully initialized: [sciConsole.domain.Role.userRoles#2]
15:56:19.968 [Test worker] DEBUG o.h.e.l.i.CollectionLoadContext - 1 collections initialized for role: sciConsole.domain.Role.userRoles
15:56:19.968 [Test worker] DEBUG o.h.l.c.p.AbstractLoadPlanBasedCollectionInitializer - Done loading collection
15:56:19.969 [Test worker] DEBUG o.h.l.c.p.AbstractLoadPlanBasedCollectionInitializer - Loading collection: [sciConsole.domain.Role.userRoles#1]
15:56:19.969 [Test worker] DEBUG org.hibernate.SQL - select userroles0_.role_id as role_id1_4_0_, userroles0_.user_id as user_id2_7_0_, user1_.id as id1_8_1_, user1_.login as login2_8_1_, user1_.password as password3_8_1_, user1_1_.role_id as role_id1_7_1_ from user_roles userroles0_ inner join users user1_ on userroles0_.user_id=user1_.id left outer join user_roles user1_1_ on user1_.id=user1_1_.user_id where userroles0_.role_id=?
15:56:19.969 [Test worker] DEBUG o.h.l.p.e.p.i.ResultSetProcessorImpl - Preparing collection intializer : [sciConsole.domain.Role.userRoles#1]
15:56:19.969 [Test worker] DEBUG o.h.l.p.e.p.i.ResultSetProcessorImpl - Starting ResultSet row #0
15:56:19.969 [Test worker] DEBUG o.h.l.p.e.p.i.CollectionReferenceInitializerImpl - Found row of collection: [sciConsole.domain.Role.userRoles#1]
15:56:19.969 [Test worker] DEBUG o.h.e.l.i.CollectionLoadContext - 1 collections were found in result set for role: sciConsole.domain.Role.userRoles
15:56:19.970 [Test worker] DEBUG o.h.e.l.i.CollectionLoadContext - Collection fully initialized: [sciConsole.domain.Role.userRoles#1]
15:56:19.970 [Test worker] DEBUG o.h.e.l.i.CollectionLoadContext - 1 collections initialized for role: sciConsole.domain.Role.userRoles
15:56:19.970 [Test worker] DEBUG o.h.l.c.p.AbstractLoadPlanBasedCollectionInitializer - Done loading collection
15:56:19.970 [Test worker] DEBUG o.s.orm.jpa.JpaTransactionManager - Initiating transaction commit
15:56:19.970 [Test worker] DEBUG o.s.orm.jpa.JpaTransactionManager - Committing JPA transaction on EntityManager [org.hibernate.jpa.internal.EntityManagerImpl@3a195a69]
15:56:19.970 [Test worker] DEBUG o.h.e.t.spi.AbstractTransactionImpl - committing
15:56:19.970 [Test worker] DEBUG o.h.e.i.AbstractFlushingEventListener - Processing flush-time cascades
15:56:19.970 [Test worker] DEBUG o.h.e.i.AbstractFlushingEventListener - Dirty checking collections
15:56:19.970 [Test worker] DEBUG o.h.engine.internal.Collections - Collection dereferenced: [sciConsole.domain.Role.userRoles#2]
15:56:19.970 [Test worker] DEBUG o.h.engine.internal.Collections - Collection dereferenced: [sciConsole.domain.Role.userRoles#1]
15:56:19.970 [Test worker] DEBUG o.h.e.i.AbstractFlushingEventListener - Flushed: 0 insertions, 0 updates, 4 deletions to 4 objects
15:56:19.970 [Test worker] DEBUG o.h.e.i.AbstractFlushingEventListener - Flushed: 0 (re)creations, 0 updates, 2 removals to 2 collections
15:56:19.970 [Test worker] DEBUG o.h.internal.util.EntityPrinter - Listing entities:
15:56:19.970 [Test worker] DEBUG o.h.internal.util.EntityPrinter - sciConsole.domain.User{password=$2a$10$sbTqPCC0wB2c4IE5Y5RCdeWLIvtjAKEHFzHluAg7LiqkSdZNujJn2, role=sciConsole.domain.Role#2, id=25, login=Alice}
15:56:19.970 [Test worker] DEBUG o.h.internal.util.EntityPrinter - sciConsole.domain.Role{userRoles=[sciConsole.domain.User#26], role=MANAGER, id=1}
15:56:19.970 [Test worker] DEBUG o.h.internal.util.EntityPrinter - sciConsole.domain.User{password=$2a$10$UQ/jCMwn14H5VdHO4or0L.xvlGoplsSsRXHjXdbYij9UEArHJzsE2, role=sciConsole.domain.Role#1, id=26, login=Bob}
15:56:19.971 [Test worker] DEBUG o.h.internal.util.EntityPrinter - sciConsole.domain.Role{userRoles=[sciConsole.domain.User#25], role=DEVELOPER, id=2}
15:56:19.971 [Test worker] DEBUG o.h.p.c.AbstractCollectionPersister - Deleting collection: [sciConsole.domain.Role.userRoles#2]
15:56:19.971 [Test worker] DEBUG org.hibernate.SQL - delete from user_roles where role_id=?
15:56:19.972 [Test worker] DEBUG o.h.p.c.AbstractCollectionPersister - Done deleting collection
15:56:19.972 [Test worker] DEBUG o.h.p.c.AbstractCollectionPersister - Deleting collection: [sciConsole.domain.Role.userRoles#1]
15:56:19.972 [Test worker] DEBUG org.hibernate.SQL - delete from user_roles where role_id=?
15:56:19.973 [Test worker] DEBUG o.h.p.c.AbstractCollectionPersister - Done deleting collection
15:56:19.973 [Test worker] DEBUG org.hibernate.SQL - delete from user_roles where user_id=?
15:56:19.973 [Test worker] DEBUG org.hibernate.SQL - delete from users where id=?
15:56:19.974 [Test worker] DEBUG org.hibernate.SQL - delete from roles where id=?
15:56:19.975 [Test worker] DEBUG org.hibernate.SQL - delete from user_roles where user_id=?
15:56:19.975 [Test worker] DEBUG org.hibernate.SQL - delete from users where id=?
15:56:19.976 [Test worker] DEBUG org.hibernate.SQL - delete from roles where id=?
15:56:19.979 [Test worker] DEBUG o.h.e.t.i.jdbc.JdbcTransaction - committed JDBC Connection
15:56:19.979 [Test worker] DEBUG o.h.e.t.i.jdbc.JdbcTransaction - re-enabling autocommit
15:56:19.979 [Test worker] DEBUG o.s.orm.jpa.JpaTransactionManager - Closing JPA EntityManager [org.hibernate.jpa.internal.EntityManagerImpl@3a195a69] after transaction
15:56:19.979 [Test worker] DEBUG o.s.o.jpa.EntityManagerFactoryUtils - Closing JPA EntityManager
15:56:19.980 [Test worker] DEBUG o.h.e.j.internal.JdbcCoordinatorImpl - HHH000420: Closing un-released batch
15:56:19.980 [Test worker] DEBUG o.h.e.j.i.LogicalConnectionImpl - Releasing JDBC connection
15:56:19.980 [Test worker] DEBUG o.h.e.j.i.LogicalConnectionImpl - Released JDBC connection
15:56:19.980 [Test worker] DEBUG o.s.orm.jpa.JpaTransactionManager - Creating new transaction with name [org.springframework.data.jpa.repository.support.SimpleJpaRepository.deleteAll]: PROPAGATION_REQUIRED,ISOLATION_DEFAULT; ''
15:56:19.980 [Test worker] DEBUG o.s.orm.jpa.JpaTransactionManager - Opened new EntityManager [org.hibernate.jpa.internal.EntityManagerImpl@7184c770] for JPA transaction
15:56:19.980 [Test worker] DEBUG o.h.e.t.spi.AbstractTransactionImpl - begin
15:56:19.980 [Test worker] DEBUG o.h.e.j.i.LogicalConnectionImpl - Obtaining JDBC connection
15:56:19.980 [Test worker] DEBUG o.s.j.d.DriverManagerDataSource - Creating new JDBC DriverManager Connection to [jdbc:mysql://127.0.0.1:3306/wrp3]
15:56:20.025 [Test worker] DEBUG o.h.e.j.i.LogicalConnectionImpl - Obtained JDBC connection
15:56:20.026 [Test worker] DEBUG o.h.e.t.i.jdbc.JdbcTransaction - initial autocommit status: true
15:56:20.026 [Test worker] DEBUG o.h.e.t.i.jdbc.JdbcTransaction - disabling autocommit
15:56:20.027 [Test worker] DEBUG o.s.orm.jpa.JpaTransactionManager - Exposing JPA transaction as JDBC transaction [org.springframework.orm.jpa.vendor.HibernateJpaDialect$HibernateConnectionHandle@31fc639a]
15:56:20.029 [Test worker] DEBUG o.h.jpa.criteria.CriteriaQueryImpl - Rendered criteria query -> select generatedAlias0 from Role as generatedAlias0
15:56:20.031 [Test worker] DEBUG org.hibernate.SQL - select role0_.id as id1_4_, role0_.role as role2_4_ from roles role0_
15:56:20.034 [Test worker] DEBUG o.s.orm.jpa.JpaTransactionManager - Initiating transaction commit
15:56:20.034 [Test worker] DEBUG o.s.orm.jpa.JpaTransactionManager - Committing JPA transaction on EntityManager [org.hibernate.jpa.internal.EntityManagerImpl@7184c770]
15:56:20.034 [Test worker] DEBUG o.h.e.t.spi.AbstractTransactionImpl - committing
15:56:20.034 [Test worker] DEBUG o.h.e.t.i.jdbc.JdbcTransaction - committed JDBC Connection
15:56:20.034 [Test worker] DEBUG o.h.e.t.i.jdbc.JdbcTransaction - re-enabling autocommit
15:56:20.035 [Test worker] DEBUG o.s.orm.jpa.JpaTransactionManager - Closing JPA EntityManager [org.hibernate.jpa.internal.EntityManagerImpl@7184c770] after transaction
15:56:20.035 [Test worker] DEBUG o.s.o.jpa.EntityManagerFactoryUtils - Closing JPA EntityManager
15:56:20.035 [Test worker] DEBUG o.h.e.j.i.LogicalConnectionImpl - Releasing JDBC connection
15:56:20.035 [Test worker] DEBUG o.h.e.j.i.LogicalConnectionImpl - Released JDBC connection
15:56:20.035 [Test worker] DEBUG o.s.orm.jpa.JpaTransactionManager - Creating new transaction with name [org.springframework.data.jpa.repository.support.SimpleJpaRepository.save]: PROPAGATION_REQUIRED,ISOLATION_DEFAULT; ''
15:56:20.036 [Test worker] DEBUG o.s.orm.jpa.JpaTransactionManager - Opened new EntityManager [org.hibernate.jpa.internal.EntityManagerImpl@2a407d47] for JPA transaction
15:56:20.036 [Test worker] DEBUG o.h.e.t.spi.AbstractTransactionImpl - begin
15:56:20.036 [Test worker] DEBUG o.h.e.j.i.LogicalConnectionImpl - Obtaining JDBC connection
15:56:20.036 [Test worker] DEBUG o.s.j.d.DriverManagerDataSource - Creating new JDBC DriverManager Connection to [jdbc:mysql://127.0.0.1:3306/wrp3]
15:56:20.041 [Test worker] DEBUG o.h.e.j.i.LogicalConnectionImpl - Obtained JDBC connection
15:56:20.041 [Test worker] DEBUG o.h.e.t.i.jdbc.JdbcTransaction - initial autocommit status: true
15:56:20.041 [Test worker] DEBUG o.h.e.t.i.jdbc.JdbcTransaction - disabling autocommit
15:56:20.042 [Test worker] DEBUG o.s.orm.jpa.JpaTransactionManager - Exposing JPA transaction as JDBC transaction [org.springframework.orm.jpa.vendor.HibernateJpaDialect$HibernateConnectionHandle@11566e12]
15:56:20.042 [Test worker] DEBUG org.hibernate.loader.Loader - Loading entity: [sciConsole.domain.User#25]
15:56:20.042 [Test worker] DEBUG org.hibernate.SQL - select user0_.id as id1_8_1_, user0_.login as login2_8_1_, user0_.password as password3_8_1_, user0_1_.role_id as role_id1_7_1_, role1_.id as id1_4_0_, role1_.role as role2_4_0_ from users user0_ left outer join user_roles user0_1_ on user0_.id=user0_1_.user_id left outer join roles role1_ on user0_1_.role_id=role1_.id where user0_.id=?
15:56:20.043 [Test worker] DEBUG org.hibernate.loader.Loader - Done entity load
15:56:20.043 [Test worker] DEBUG org.hibernate.loader.Loader - Loading entity: [sciConsole.domain.Role#2]
15:56:20.043 [Test worker] DEBUG org.hibernate.SQL - select role0_.id as id1_4_1_, role0_.role as role2_4_1_, userroles1_.role_id as role_id1_4_3_, user2_.id as user_id2_7_3_, user2_.id as id1_8_0_, user2_.login as login2_8_0_, user2_.password as password3_8_0_, user2_1_.role_id as role_id1_7_0_ from roles role0_ left outer join user_roles userroles1_ on role0_.id=userroles1_.role_id left outer join users user2_ on userroles1_.user_id=user2_.id left outer join user_roles user2_1_ on user2_.id=user2_1_.user_id where role0_.id=?
15:56:20.043 [Test worker] DEBUG o.h.e.l.i.CollectionLoadContext - No collections were found in result set for role: sciConsole.domain.Role.userRoles
15:56:20.044 [Test worker] DEBUG org.hibernate.loader.Loader - Done entity load
15:56:20.044 [Test worker] DEBUG o.h.e.i.AbstractSaveEventListener - Generated identifier: 2, using strategy: org.hibernate.id.Assigned
15:56:20.044 [Test worker] DEBUG org.hibernate.SQL - insert into roles (role, id) values (?, ?)
15:56:20.045 [Test worker] DEBUG org.hibernate.engine.spi.ActionQueue - Executing identity-insert immediately
15:56:20.046 [Test worker] DEBUG org.hibernate.SQL - insert into users (login, password) values (?, ?)
15:56:20.046 [Test worker] DEBUG o.h.id.IdentifierGeneratorHelper - Natively generated identity: 27
15:56:20.046 [Test worker] DEBUG org.hibernate.SQL - insert into user_roles (role_id, user_id) values (?, ?)
15:56:20.047 [Test worker] DEBUG org.hibernate.loader.Loader - Loading entity: [sciConsole.domain.User#26]
15:56:20.047 [Test worker] DEBUG org.hibernate.SQL - select user0_.id as id1_8_1_, user0_.login as login2_8_1_, user0_.password as password3_8_1_, user0_1_.role_id as role_id1_7_1_, role1_.id as id1_4_0_, role1_.role as role2_4_0_ from users user0_ left outer join user_roles user0_1_ on user0_.id=user0_1_.user_id left outer join roles role1_ on user0_1_.role_id=role1_.id where user0_.id=?
15:56:20.047 [Test worker] DEBUG org.hibernate.loader.Loader - Done entity load
15:56:20.047 [Test worker] DEBUG org.hibernate.loader.Loader - Loading entity: [sciConsole.domain.Role#1]
15:56:20.047 [Test worker] DEBUG org.hibernate.SQL - select role0_.id as id1_4_1_, role0_.role as role2_4_1_, userroles1_.role_id as role_id1_4_3_, user2_.id as user_id2_7_3_, user2_.id as id1_8_0_, user2_.login as login2_8_0_, user2_.password as password3_8_0_, user2_1_.role_id as role_id1_7_0_ from roles role0_ left outer join user_roles userroles1_ on role0_.id=userroles1_.role_id left outer join users user2_ on userroles1_.user_id=user2_.id left outer join user_roles user2_1_ on user2_.id=user2_1_.user_id where role0_.id=?
15:56:20.048 [Test worker] DEBUG o.h.e.l.i.CollectionLoadContext - No collections were found in result set for role: sciConsole.domain.Role.userRoles
15:56:20.048 [Test worker] DEBUG org.hibernate.loader.Loader - Done entity load
15:56:20.048 [Test worker] DEBUG o.h.e.i.AbstractSaveEventListener - Generated identifier: 1, using strategy: org.hibernate.id.Assigned
15:56:20.048 [Test worker] DEBUG org.hibernate.SQL - insert into roles (role, id) values (?, ?)
15:56:20.049 [Test worker] DEBUG org.hibernate.engine.spi.ActionQueue - Executing identity-insert immediately
15:56:20.049 [Test worker] DEBUG org.hibernate.SQL - insert into users (login, password) values (?, ?)
15:56:20.049 [Test worker] DEBUG o.h.id.IdentifierGeneratorHelper - Natively generated identity: 28
15:56:20.050 [Test worker] DEBUG org.hibernate.SQL - insert into user_roles (role_id, user_id) values (?, ?)
15:56:20.050 [Test worker] DEBUG o.s.orm.jpa.JpaTransactionManager - Initiating transaction commit
15:56:20.050 [Test worker] DEBUG o.s.orm.jpa.JpaTransactionManager - Committing JPA transaction on EntityManager [org.hibernate.jpa.internal.EntityManagerImpl@2a407d47]
15:56:20.050 [Test worker] DEBUG o.h.e.t.spi.AbstractTransactionImpl - committing
15:56:20.050 [Test worker] DEBUG o.h.e.i.AbstractFlushingEventListener - Processing flush-time cascades
15:56:20.050 [Test worker] DEBUG o.h.e.i.AbstractFlushingEventListener - Dirty checking collections
15:56:20.051 [Test worker] DEBUG o.h.e.i.AbstractFlushingEventListener - Flushed: 0 insertions, 0 updates, 0 deletions to 4 objects
15:56:20.051 [Test worker] DEBUG o.h.e.i.AbstractFlushingEventListener - Flushed: 0 (re)creations, 0 updates, 0 removals to 0 collections
15:56:20.051 [Test worker] DEBUG o.h.internal.util.EntityPrinter - Listing entities:
15:56:20.051 [Test worker] DEBUG o.h.internal.util.EntityPrinter - sciConsole.domain.User{password=$2a$10$sbTqPCC0wB2c4IE5Y5RCdeWLIvtjAKEHFzHluAg7LiqkSdZNujJn2, role=sciConsole.domain.Role#2, id=27, login=Alice}
15:56:20.051 [Test worker] DEBUG o.h.internal.util.EntityPrinter - sciConsole.domain.User{password=$2a$10$UQ/jCMwn14H5VdHO4or0L.xvlGoplsSsRXHjXdbYij9UEArHJzsE2, role=sciConsole.domain.Role#1, id=28, login=Bob}
15:56:20.051 [Test worker] DEBUG o.h.internal.util.EntityPrinter - sciConsole.domain.Role{userRoles=null, role=MANAGER, id=1}
15:56:20.051 [Test worker] DEBUG o.h.internal.util.EntityPrinter - sciConsole.domain.Role{userRoles=null, role=DEVELOPER, id=2}
15:56:20.053 [Test worker] DEBUG o.h.e.t.i.jdbc.JdbcTransaction - committed JDBC Connection
15:56:20.054 [Test worker] DEBUG o.h.e.t.i.jdbc.JdbcTransaction - re-enabling autocommit
15:56:20.054 [Test worker] DEBUG o.s.orm.jpa.JpaTransactionManager - Closing JPA EntityManager [org.hibernate.jpa.internal.EntityManagerImpl@2a407d47] after transaction
15:56:20.054 [Test worker] DEBUG o.s.o.jpa.EntityManagerFactoryUtils - Closing JPA EntityManager
15:56:20.054 [Test worker] DEBUG o.h.e.j.internal.JdbcCoordinatorImpl - HHH000420: Closing un-released batch
15:56:20.054 [Test worker] DEBUG o.h.e.j.i.LogicalConnectionImpl - Releasing JDBC connection
15:56:20.054 [Test worker] DEBUG o.h.e.j.i.LogicalConnectionImpl - Released JDBC connection
15:56:20.054 [Test worker] DEBUG o.s.orm.jpa.JpaTransactionManager - Creating new transaction with name [org.springframework.data.jpa.repository.support.SimpleJpaRepository.save]: PROPAGATION_REQUIRED,ISOLATION_DEFAULT; ''
15:56:20.054 [Test worker] DEBUG o.s.orm.jpa.JpaTransactionManager - Opened new EntityManager [org.hibernate.jpa.internal.EntityManagerImpl@525c28fa] for JPA transaction
15:56:20.054 [Test worker] DEBUG o.h.e.t.spi.AbstractTransactionImpl - begin
15:56:20.054 [Test worker] DEBUG o.h.e.j.i.LogicalConnectionImpl - Obtaining JDBC connection
15:56:20.054 [Test worker] DEBUG o.s.j.d.DriverManagerDataSource - Creating new JDBC DriverManager Connection to [jdbc:mysql://127.0.0.1:3306/wrp3]
15:56:20.057 [Test worker] DEBUG o.h.e.j.i.LogicalConnectionImpl - Obtained JDBC connection
15:56:20.058 [Test worker] DEBUG o.h.e.t.i.jdbc.JdbcTransaction - initial autocommit status: true
15:56:20.058 [Test worker] DEBUG o.h.e.t.i.jdbc.JdbcTransaction - disabling autocommit
15:56:20.058 [Test worker] DEBUG o.s.orm.jpa.JpaTransactionManager - Exposing JPA transaction as JDBC transaction [org.springframework.orm.jpa.vendor.HibernateJpaDialect$HibernateConnectionHandle@2011698a]
15:56:20.058 [Test worker] DEBUG org.hibernate.loader.Loader - Loading entity: [sciConsole.domain.Role#1]
15:56:20.058 [Test worker] DEBUG org.hibernate.SQL - select role0_.id as id1_4_1_, role0_.role as role2_4_1_, userroles1_.role_id as role_id1_4_3_, user2_.id as user_id2_7_3_, user2_.id as id1_8_0_, user2_.login as login2_8_0_, user2_.password as password3_8_0_, user2_1_.role_id as role_id1_7_0_ from roles role0_ left outer join user_roles userroles1_ on role0_.id=userroles1_.role_id left outer join users user2_ on userroles1_.user_id=user2_.id left outer join user_roles user2_1_ on user2_.id=user2_1_.user_id where role0_.id=?
15:56:20.059 [Test worker] DEBUG org.hibernate.loader.Loader - Result set row: 0
15:56:20.059 [Test worker] DEBUG org.hibernate.loader.Loader - Result row: EntityKey[sciConsole.domain.User#28], EntityKey[sciConsole.domain.Role#1]
15:56:20.059 [Test worker] DEBUG org.hibernate.loader.Loader - Found row of collection: [sciConsole.domain.Role.userRoles#1]
15:56:20.059 [Test worker] DEBUG o.h.engine.internal.TwoPhaseLoad - Resolving associations for [sciConsole.domain.User#28]
15:56:20.059 [Test worker] DEBUG o.h.engine.internal.TwoPhaseLoad - Done materializing entity [sciConsole.domain.User#28]
15:56:20.059 [Test worker] DEBUG o.h.engine.internal.TwoPhaseLoad - Resolving associations for [sciConsole.domain.Role#1]
15:56:20.059 [Test worker] DEBUG o.h.engine.internal.TwoPhaseLoad - Done materializing entity [sciConsole.domain.Role#1]
15:56:20.059 [Test worker] DEBUG o.h.e.l.i.CollectionLoadContext - 1 collections were found in result set for role: sciConsole.domain.Role.userRoles
15:56:20.059 [Test worker] DEBUG o.h.e.l.i.CollectionLoadContext - Collection fully initialized: [sciConsole.domain.Role.userRoles#1]
15:56:20.060 [Test worker] DEBUG o.h.e.l.i.CollectionLoadContext - 1 collections initialized for role: sciConsole.domain.Role.userRoles
15:56:20.060 [Test worker] DEBUG org.hibernate.loader.Loader - Done entity load
15:56:20.060 [Test worker] DEBUG org.hibernate.loader.Loader - Loading entity: [sciConsole.domain.Role#2]
15:56:20.060 [Test worker] DEBUG org.hibernate.SQL - select role0_.id as id1_4_1_, role0_.role as role2_4_1_, userroles1_.role_id as role_id1_4_3_, user2_.id as user_id2_7_3_, user2_.id as id1_8_0_, user2_.login as login2_8_0_, user2_.password as password3_8_0_, user2_1_.role_id as role_id1_7_0_ from roles role0_ left outer join user_roles userroles1_ on role0_.id=userroles1_.role_id left outer join users user2_ on userroles1_.user_id=user2_.id left outer join user_roles user2_1_ on user2_.id=user2_1_.user_id where role0_.id=?
15:56:20.061 [Test worker] DEBUG org.hibernate.loader.Loader - Result set row: 0
15:56:20.061 [Test worker] DEBUG org.hibernate.loader.Loader - Result row: EntityKey[sciConsole.domain.User#27], EntityKey[sciConsole.domain.Role#2]
15:56:20.061 [Test worker] DEBUG org.hibernate.loader.Loader - Found row of collection: [sciConsole.domain.Role.userRoles#2]
15:56:20.061 [Test worker] DEBUG o.h.engine.internal.TwoPhaseLoad - Resolving associations for [sciConsole.domain.User#27]
15:56:20.061 [Test worker] DEBUG o.h.engine.internal.TwoPhaseLoad - Done materializing entity [sciConsole.domain.User#27]
15:56:20.061 [Test worker] DEBUG o.h.engine.internal.TwoPhaseLoad - Resolving associations for [sciConsole.domain.Role#2]
15:56:20.061 [Test worker] DEBUG o.h.engine.internal.TwoPhaseLoad - Done materializing entity [sciConsole.domain.Role#2]
15:56:20.061 [Test worker] DEBUG o.h.e.l.i.CollectionLoadContext - 1 collections were found in result set for role: sciConsole.domain.Role.userRoles
15:56:20.061 [Test worker] DEBUG o.h.e.l.i.CollectionLoadContext - Collection fully initialized: [sciConsole.domain.Role.userRoles#2]
15:56:20.061 [Test worker] DEBUG o.h.e.l.i.CollectionLoadContext - 1 collections initialized for role: sciConsole.domain.Role.userRoles
15:56:20.062 [Test worker] DEBUG org.hibernate.loader.Loader - Done entity load
15:56:20.062 [Test worker] DEBUG o.s.orm.jpa.JpaTransactionManager - Initiating transaction commit
15:56:20.062 [Test worker] DEBUG o.s.orm.jpa.JpaTransactionManager - Committing JPA transaction on EntityManager [org.hibernate.jpa.internal.EntityManagerImpl@525c28fa]
15:56:20.062 [Test worker] DEBUG o.h.e.t.spi.AbstractTransactionImpl - committing
15:56:20.062 [Test worker] DEBUG o.h.e.i.AbstractFlushingEventListener - Processing flush-time cascades
15:56:20.062 [Test worker] DEBUG o.h.e.i.AbstractFlushingEventListener - Dirty checking collections
15:56:20.062 [Test worker] DEBUG o.h.engine.internal.Collections - Collection found: [sciConsole.domain.Role.userRoles#1], was: [sciConsole.domain.Role.userRoles#1] (initialized)
15:56:20.063 [Test worker] DEBUG o.h.engine.internal.Collections - Collection found: [sciConsole.domain.Role.userRoles#2], was: [sciConsole.domain.Role.userRoles#2] (initialized)
15:56:20.063 [Test worker] DEBUG o.h.e.i.AbstractFlushingEventListener - Flushed: 0 insertions, 0 updates, 0 deletions to 4 objects
15:56:20.063 [Test worker] DEBUG o.h.e.i.AbstractFlushingEventListener - Flushed: 0 (re)creations, 0 updates, 0 removals to 2 collections
15:56:20.063 [Test worker] DEBUG o.h.internal.util.EntityPrinter - Listing entities:
15:56:20.063 [Test worker] DEBUG o.h.internal.util.EntityPrinter - sciConsole.domain.User{password=$2a$10$sbTqPCC0wB2c4IE5Y5RCdeWLIvtjAKEHFzHluAg7LiqkSdZNujJn2, role=sciConsole.domain.Role#2, id=27, login=Alice}
15:56:20.063 [Test worker] DEBUG o.h.internal.util.EntityPrinter - sciConsole.domain.User{password=$2a$10$UQ/jCMwn14H5VdHO4or0L.xvlGoplsSsRXHjXdbYij9UEArHJzsE2, role=sciConsole.domain.Role#1, id=28, login=Bob}
15:56:20.063 [Test worker] DEBUG o.h.internal.util.EntityPrinter - sciConsole.domain.Role{userRoles=[sciConsole.domain.User#28], role=MANAGER, id=1}
15:56:20.063 [Test worker] DEBUG o.h.internal.util.EntityPrinter - sciConsole.domain.Role{userRoles=[sciConsole.domain.User#27], role=DEVELOPER, id=2}
15:56:20.063 [Test worker] DEBUG o.h.e.t.i.jdbc.JdbcTransaction - committed JDBC Connection
15:56:20.063 [Test worker] DEBUG o.h.e.t.i.jdbc.JdbcTransaction - re-enabling autocommit
15:56:20.063 [Test worker] DEBUG o.s.orm.jpa.JpaTransactionManager - Closing JPA EntityManager [org.hibernate.jpa.internal.EntityManagerImpl@525c28fa] after transaction
15:56:20.063 [Test worker] DEBUG o.s.o.jpa.EntityManagerFactoryUtils - Closing JPA EntityManager
15:56:20.063 [Test worker] DEBUG o.h.e.j.i.LogicalConnectionImpl - Releasing JDBC connection
15:56:20.064 [Test worker] DEBUG o.h.e.j.i.LogicalConnectionImpl - Released JDBC connection
15:56:20.064 [Test worker] DEBUG o.s.t.c.s.AbstractDirtiesContextTestExecutionListener - After test class: context [DefaultTestContext@5f954cc9 testClass = CompleteChangeRequestStepDefs, testInstance = [null], testMethod = [null], testException = [null], mergedContextConfiguration = [WebMergedContextConfiguration@c7212f7 testClass = CompleteChangeRequestStepDefs, locations = '{}', classes = '{class sciConsole.SciConsoleApplication, class sciConsole.controller.SessionController, class sciConsole.controller.AccountController, class sciConsole.controller.ChangeRequestController, class sciConsole.SecurityConfig, class sciConsole.WebConfig}', contextInitializerClasses = '[]', activeProfiles = '{}', propertySourceLocations = '{}', propertySourceProperties = '{}', resourceBasePath = 'src/main/webapp', contextLoader = 'org.springframework.test.context.web.WebDelegatingSmartContextLoader', parent = [null]]], class annotated with @DirtiesContext [false] with mode [null].
15:56:20.118 [Test worker] DEBUG o.s.b.f.s.DefaultListableBeanFactory - Returning cached instance of singleton bean 'springSecurityFilterChain'
15:56:20.118 [Test worker] DEBUG o.s.test.util.ReflectionTestUtils - Invoking method 'getFilters' on target [FilterChainProxy[Filter Chains: [[ org.springframework.security.web.util.matcher.AnyRequestMatcher@1, [org.springframework.security.web.access.channel.ChannelProcessingFilter@2ad101f0, org.springframework.security.web.context.request.async.WebAsyncManagerIntegrationFilter@7a1601ea, org.springframework.security.web.context.SecurityContextPersistenceFilter@1ed920ed, org.springframework.security.web.header.HeaderWriterFilter@54d81890, org.springframework.security.web.csrf.CsrfFilter@3a7f45ac, org.springframework.security.web.authentication.logout.LogoutFilter@53f60b35, org.springframework.security.web.authentication.UsernamePasswordAuthenticationFilter@7d51c9ea, org.springframework.security.web.savedrequest.RequestCacheAwareFilter@42c2e682, org.springframework.security.web.servletapi.SecurityContextHolderAwareRequestFilter@3524fe79, org.springframework.security.web.authentication.AnonymousAuthenticationFilter@56b23bee, org.springframework.security.web.session.SessionManagementFilter@7785c534, org.springframework.security.web.access.ExceptionTranslationFilter@5ac7316e, org.springframework.security.web.access.intercept.FilterSecurityInterceptor@879e25e]]]]] with arguments [{org.springframework.mock.web.MockHttpServletRequest@405b5f63}]
15:56:20.118 [Test worker] DEBUG o.s.test.util.ReflectionTestUtils - Getting field 'repo' from target object [org.springframework.security.web.context.SecurityContextPersistenceFilter@1ed920ed] or target class [class org.springframework.security.web.context.SecurityContextPersistenceFilter]
15:56:20.118 [Test worker] DEBUG o.s.s.w.c.HttpSessionSecurityContextRepository - No HttpSession currently exists
15:56:20.118 [Test worker] DEBUG o.s.s.w.c.HttpSessionSecurityContextRepository - No SecurityContext was available from the HttpSession: null. A new one will be created.
15:56:20.118 [Test worker] DEBUG o.s.s.w.c.HttpSessionSecurityContextRepository - HttpSession being created as SecurityContext is non-default
15:56:20.118 [Test worker] DEBUG o.s.s.w.c.HttpSessionSecurityContextRepository - SecurityContext 'org.springframework.security.core.context.SecurityContextImpl@12d42c1e: Authentication: org.springframework.security.authentication.UsernamePasswordAuthenticationToken@12d42c1e: Principal: Alice; Credentials: [PROTECTED]; Authenticated: true; Details: null; Granted Authorities: ROLE_DEVELOPER' stored to HttpSession: 'org.springframework.mock.web.MockHttpSession@12483994
15:56:20.118 [Test worker] DEBUG o.s.security.web.FilterChainProxy - /assess-change-request at position 1 of 13 in additional filter chain; firing Filter: 'ChannelProcessingFilter'
15:56:20.118 [Test worker] DEBUG o.s.s.w.a.c.ChannelProcessingFilter - Request: FilterInvocation: URL: /assess-change-request; ConfigAttributes: [REQUIRES_SECURE_CHANNEL]
15:56:20.119 [Test worker] DEBUG o.s.s.w.a.c.RetryWithHttpsEntryPoint - Redirecting to: https://localhost/assess-change-request
15:56:20.119 [Test worker] DEBUG o.s.s.web.DefaultRedirectStrategy - Redirecting to 'https://localhost/assess-change-request'
15:56:20.119 [Test worker] DEBUG o.s.b.f.s.DefaultListableBeanFactory - Returning cached instance of singleton bean 'springSecurityFilterChain'
15:56:20.120 [Test worker] DEBUG o.s.test.util.ReflectionTestUtils - Invoking method 'getFilters' on target [FilterChainProxy[Filter Chains: [[ org.springframework.security.web.util.matcher.AnyRequestMatcher@1, [org.springframework.security.web.access.channel.ChannelProcessingFilter@2ad101f0, org.springframework.security.web.context.request.async.WebAsyncManagerIntegrationFilter@7a1601ea, org.springframework.security.web.context.SecurityContextPersistenceFilter@1ed920ed, org.springframework.security.web.header.HeaderWriterFilter@54d81890, org.springframework.security.web.csrf.CsrfFilter@3a7f45ac, org.springframework.security.web.authentication.logout.LogoutFilter@53f60b35, org.springframework.security.web.authentication.UsernamePasswordAuthenticationFilter@7d51c9ea, org.springframework.security.web.savedrequest.RequestCacheAwareFilter@42c2e682, org.springframework.security.web.servletapi.SecurityContextHolderAwareRequestFilter@3524fe79, org.springframework.security.web.authentication.AnonymousAuthenticationFilter@56b23bee, org.springframework.security.web.session.SessionManagementFilter@7785c534, org.springframework.security.web.access.ExceptionTranslationFilter@5ac7316e, org.springframework.security.web.access.intercept.FilterSecurityInterceptor@879e25e]]]]] with arguments [{org.springframework.mock.web.MockHttpServletRequest@405b5f63}]
15:56:20.120 [Test worker] DEBUG o.s.test.util.ReflectionTestUtils - Getting field 'repo' from target object [org.springframework.security.web.context.SecurityContextPersistenceFilter@1ed920ed] or target class [class org.springframework.security.web.context.SecurityContextPersistenceFilter]
15:56:20.120 [Test worker] DEBUG o.s.s.w.c.HttpSessionSecurityContextRepository - Obtained a valid SecurityContext from SPRING_SECURITY_CONTEXT: 'org.springframework.security.core.context.SecurityContextImpl@12d42c1e: Authentication: org.springframework.security.authentication.UsernamePasswordAuthenticationToken@12d42c1e: Principal: Alice; Credentials: [PROTECTED]; Authenticated: true; Details: null; Granted Authorities: ROLE_DEVELOPER'
15:56:20.120 [Test worker] DEBUG o.s.orm.jpa.JpaTransactionManager - Creating new transaction with name [org.springframework.data.jpa.repository.support.SimpleJpaRepository.deleteAll]: PROPAGATION_REQUIRED,ISOLATION_DEFAULT; ''
15:56:20.121 [Test worker] DEBUG o.s.orm.jpa.JpaTransactionManager - Opened new EntityManager [org.hibernate.jpa.internal.EntityManagerImpl@12eb4579] for JPA transaction
15:56:20.121 [Test worker] DEBUG o.h.e.t.spi.AbstractTransactionImpl - begin
15:56:20.121 [Test worker] DEBUG o.h.e.j.i.LogicalConnectionImpl - Obtaining JDBC connection
15:56:20.121 [Test worker] DEBUG o.s.j.d.DriverManagerDataSource - Creating new JDBC DriverManager Connection to [jdbc:mysql://127.0.0.1:3306/wrp3]
15:56:20.127 [Test worker] DEBUG o.h.e.j.i.LogicalConnectionImpl - Obtained JDBC connection
15:56:20.127 [Test worker] DEBUG o.h.e.t.i.jdbc.JdbcTransaction - initial autocommit status: true
15:56:20.127 [Test worker] DEBUG o.h.e.t.i.jdbc.JdbcTransaction - disabling autocommit
15:56:20.128 [Test worker] DEBUG o.s.orm.jpa.JpaTransactionManager - Exposing JPA transaction as JDBC transaction [org.springframework.orm.jpa.vendor.HibernateJpaDialect$HibernateConnectionHandle@7ea8a2f3]
15:56:20.128 [Test worker] DEBUG o.h.jpa.criteria.CriteriaQueryImpl - Rendered criteria query -> select generatedAlias0 from Request as generatedAlias0
15:56:20.128 [Test worker] DEBUG org.hibernate.SQL - select request0_.request_id as request_1_3_, request0_.assign_to as assign_t2_3_, request0_.created_by as created_3_3_, request0_.date_created as date_cre4_3_, request0_.date_complete as date_com5_3_, request0_.due_date as due_date6_3_, request0_.priority as priority7_3_, request0_.reject_reason as reject_r8_3_, request0_.req_desc as req_desc9_3_, request0_.req_solution as req_sol10_3_, request0_.sci_id as sci_id11_3_, request0_.status as status12_3_, request0_.assigned_to as assigne13_3_, request0_.version_id as version14_3_ from request request0_
15:56:20.129 [Test worker] DEBUG o.s.orm.jpa.JpaTransactionManager - Initiating transaction commit
15:56:20.129 [Test worker] DEBUG o.s.orm.jpa.JpaTransactionManager - Committing JPA transaction on EntityManager [org.hibernate.jpa.internal.EntityManagerImpl@12eb4579]
15:56:20.129 [Test worker] DEBUG o.h.e.t.spi.AbstractTransactionImpl - committing
15:56:20.130 [Test worker] DEBUG o.h.e.t.i.jdbc.JdbcTransaction - committed JDBC Connection
15:56:20.130 [Test worker] DEBUG o.h.e.t.i.jdbc.JdbcTransaction - re-enabling autocommit
15:56:20.130 [Test worker] DEBUG o.s.orm.jpa.JpaTransactionManager - Closing JPA EntityManager [org.hibernate.jpa.internal.EntityManagerImpl@12eb4579] after transaction
15:56:20.130 [Test worker] DEBUG o.s.o.jpa.EntityManagerFactoryUtils - Closing JPA EntityManager
15:56:20.130 [Test worker] DEBUG o.h.e.j.i.LogicalConnectionImpl - Releasing JDBC connection
15:56:20.130 [Test worker] DEBUG o.h.e.j.i.LogicalConnectionImpl - Released JDBC connection
15:56:20.130 [Test worker] DEBUG o.s.orm.jpa.JpaTransactionManager - Creating new transaction with name [org.springframework.data.jpa.repository.support.SimpleJpaRepository.save]: PROPAGATION_REQUIRED,ISOLATION_DEFAULT; ''
15:56:20.130 [Test worker] DEBUG o.s.orm.jpa.JpaTransactionManager - Opened new EntityManager [org.hibernate.jpa.internal.EntityManagerImpl@110d4c6b] for JPA transaction
15:56:20.130 [Test worker] DEBUG o.h.e.t.spi.AbstractTransactionImpl - begin
15:56:20.130 [Test worker] DEBUG o.h.e.j.i.LogicalConnectionImpl - Obtaining JDBC connection
15:56:20.130 [Test worker] DEBUG o.s.j.d.DriverManagerDataSource - Creating new JDBC DriverManager Connection to [jdbc:mysql://127.0.0.1:3306/wrp3]
15:56:20.135 [Test worker] DEBUG o.h.e.j.i.LogicalConnectionImpl - Obtained JDBC connection
15:56:20.135 [Test worker] DEBUG o.h.e.t.i.jdbc.JdbcTransaction - initial autocommit status: true
15:56:20.135 [Test worker] DEBUG o.h.e.t.i.jdbc.JdbcTransaction - disabling autocommit
15:56:20.135 [Test worker] DEBUG o.s.orm.jpa.JpaTransactionManager - Exposing JPA transaction as JDBC transaction [org.springframework.orm.jpa.vendor.HibernateJpaDialect$HibernateConnectionHandle@6764dc83]
15:56:20.135 [Test worker] DEBUG o.s.orm.jpa.JpaTransactionManager - Initiating transaction commit
15:56:20.135 [Test worker] DEBUG o.s.orm.jpa.JpaTransactionManager - Committing JPA transaction on EntityManager [org.hibernate.jpa.internal.EntityManagerImpl@110d4c6b]
15:56:20.135 [Test worker] DEBUG o.h.e.t.spi.AbstractTransactionImpl - committing
15:56:20.135 [Test worker] DEBUG o.h.e.t.i.jdbc.JdbcTransaction - committed JDBC Connection
15:56:20.135 [Test worker] DEBUG o.h.e.t.i.jdbc.JdbcTransaction - re-enabling autocommit
15:56:20.136 [Test worker] DEBUG o.s.orm.jpa.JpaTransactionManager - Closing JPA EntityManager [org.hibernate.jpa.internal.EntityManagerImpl@110d4c6b] after transaction
15:56:20.136 [Test worker] DEBUG o.s.o.jpa.EntityManagerFactoryUtils - Closing JPA EntityManager
15:56:20.136 [Test worker] DEBUG o.h.e.j.i.LogicalConnectionImpl - Releasing JDBC connection
15:56:20.136 [Test worker] DEBUG o.h.e.j.i.LogicalConnectionImpl - Released JDBC connection
15:56:20.137 [Test worker] DEBUG o.s.orm.jpa.JpaTransactionManager - Creating new transaction with name [org.springframework.data.jpa.repository.support.SimpleJpaRepository.deleteAll]: PROPAGATION_REQUIRED,ISOLATION_DEFAULT; ''
15:56:20.137 [Test worker] DEBUG o.s.orm.jpa.JpaTransactionManager - Opened new EntityManager [org.hibernate.jpa.internal.EntityManagerImpl@5c0187dd] for JPA transaction
15:56:20.137 [Test worker] DEBUG o.h.e.t.spi.AbstractTransactionImpl - begin
15:56:20.137 [Test worker] DEBUG o.h.e.j.i.LogicalConnectionImpl - Obtaining JDBC connection
15:56:20.137 [Test worker] DEBUG o.s.j.d.DriverManagerDataSource - Creating new JDBC DriverManager Connection to [jdbc:mysql://127.0.0.1:3306/wrp3]
15:56:20.141 [Test worker] DEBUG o.h.e.j.i.LogicalConnectionImpl - Obtained JDBC connection
15:56:20.141 [Test worker] DEBUG o.h.e.t.i.jdbc.JdbcTransaction - initial autocommit status: true
15:56:20.142 [Test worker] DEBUG o.h.e.t.i.jdbc.JdbcTransaction - disabling autocommit
15:56:20.142 [Test worker] DEBUG o.s.orm.jpa.JpaTransactionManager - Exposing JPA transaction as JDBC transaction [org.springframework.orm.jpa.vendor.HibernateJpaDialect$HibernateConnectionHandle@1f8b117]
15:56:20.142 [Test worker] DEBUG o.h.jpa.criteria.CriteriaQueryImpl - Rendered criteria query -> select generatedAlias0 from Request as generatedAlias0
15:56:20.142 [Test worker] DEBUG org.hibernate.SQL - select request0_.request_id as request_1_3_, request0_.assign_to as assign_t2_3_, request0_.created_by as created_3_3_, request0_.date_created as date_cre4_3_, request0_.date_complete as date_com5_3_, request0_.due_date as due_date6_3_, request0_.priority as priority7_3_, request0_.reject_reason as reject_r8_3_, request0_.req_desc as req_desc9_3_, request0_.req_solution as req_sol10_3_, request0_.sci_id as sci_id11_3_, request0_.status as status12_3_, request0_.assigned_to as assigne13_3_, request0_.version_id as version14_3_ from request request0_
15:56:20.143 [Test worker] DEBUG o.s.orm.jpa.JpaTransactionManager - Initiating transaction commit
15:56:20.143 [Test worker] DEBUG o.s.orm.jpa.JpaTransactionManager - Committing JPA transaction on EntityManager [org.hibernate.jpa.internal.EntityManagerImpl@5c0187dd]
15:56:20.143 [Test worker] DEBUG o.h.e.t.spi.AbstractTransactionImpl - committing
15:56:20.143 [Test worker] DEBUG o.h.e.t.i.jdbc.JdbcTransaction - committed JDBC Connection
15:56:20.144 [Test worker] DEBUG o.h.e.t.i.jdbc.JdbcTransaction - re-enabling autocommit
15:56:20.144 [Test worker] DEBUG o.s.orm.jpa.JpaTransactionManager - Closing JPA EntityManager [org.hibernate.jpa.internal.EntityManagerImpl@5c0187dd] after transaction
15:56:20.144 [Test worker] DEBUG o.s.o.jpa.EntityManagerFactoryUtils - Closing JPA EntityManager
15:56:20.144 [Test worker] DEBUG o.h.e.j.i.LogicalConnectionImpl - Releasing JDBC connection
15:56:20.144 [Test worker] DEBUG o.h.e.j.i.LogicalConnectionImpl - Released JDBC connection
15:56:20.144 [Test worker] DEBUG o.s.orm.jpa.JpaTransactionManager - Creating new transaction with name [org.springframework.data.jpa.repository.support.SimpleJpaRepository.save]: PROPAGATION_REQUIRED,ISOLATION_DEFAULT; ''
15:56:20.144 [Test worker] DEBUG o.s.orm.jpa.JpaTransactionManager - Opened new EntityManager [org.hibernate.jpa.internal.EntityManagerImpl@2a861b1c] for JPA transaction
15:56:20.144 [Test worker] DEBUG o.h.e.t.spi.AbstractTransactionImpl - begin
15:56:20.144 [Test worker] DEBUG o.h.e.j.i.LogicalConnectionImpl - Obtaining JDBC connection
15:56:20.144 [Test worker] DEBUG o.s.j.d.DriverManagerDataSource - Creating new JDBC DriverManager Connection to [jdbc:mysql://127.0.0.1:3306/wrp3]
15:56:20.148 [Test worker] DEBUG o.h.e.j.i.LogicalConnectionImpl - Obtained JDBC connection
15:56:20.148 [Test worker] DEBUG o.h.e.t.i.jdbc.JdbcTransaction - initial autocommit status: true
15:56:20.148 [Test worker] DEBUG o.h.e.t.i.jdbc.JdbcTransaction - disabling autocommit
15:56:20.148 [Test worker] DEBUG o.s.orm.jpa.JpaTransactionManager - Exposing JPA transaction as JDBC transaction [org.springframework.orm.jpa.vendor.HibernateJpaDialect$HibernateConnectionHandle@3ba422b3]
15:56:20.149 [Test worker] DEBUG o.s.orm.jpa.JpaTransactionManager - Initiating transaction commit
15:56:20.149 [Test worker] DEBUG o.s.orm.jpa.JpaTransactionManager - Committing JPA transaction on EntityManager [org.hibernate.jpa.internal.EntityManagerImpl@2a861b1c]
15:56:20.149 [Test worker] DEBUG o.h.e.t.spi.AbstractTransactionImpl - committing
15:56:20.149 [Test worker] DEBUG o.h.e.t.i.jdbc.JdbcTransaction - committed JDBC Connection
15:56:20.149 [Test worker] DEBUG o.h.e.t.i.jdbc.JdbcTransaction - re-enabling autocommit
15:56:20.149 [Test worker] DEBUG o.s.orm.jpa.JpaTransactionManager - Closing JPA EntityManager [org.hibernate.jpa.internal.EntityManagerImpl@2a861b1c] after transaction
15:56:20.149 [Test worker] DEBUG o.s.o.jpa.EntityManagerFactoryUtils - Closing JPA EntityManager
15:56:20.149 [Test worker] DEBUG o.h.e.j.i.LogicalConnectionImpl - Releasing JDBC connection
15:56:20.149 [Test worker] DEBUG o.h.e.j.i.LogicalConnectionImpl - Released JDBC connection
15:56:20.150 [Test worker] DEBUG o.s.orm.jpa.JpaTransactionManager - Creating new transaction with name [org.springframework.data.jpa.repository.support.SimpleJpaRepository.deleteAll]: PROPAGATION_REQUIRED,ISOLATION_DEFAULT; ''
15:56:20.151 [Test worker] DEBUG o.s.orm.jpa.JpaTransactionManager - Opened new EntityManager [org.hibernate.jpa.internal.EntityManagerImpl@45b54685] for JPA transaction
15:56:20.151 [Test worker] DEBUG o.h.e.t.spi.AbstractTransactionImpl - begin
15:56:20.151 [Test worker] DEBUG o.h.e.j.i.LogicalConnectionImpl - Obtaining JDBC connection
15:56:20.151 [Test worker] DEBUG o.s.j.d.DriverManagerDataSource - Creating new JDBC DriverManager Connection to [jdbc:mysql://127.0.0.1:3306/wrp3]
15:56:20.154 [Test worker] DEBUG o.h.e.j.i.LogicalConnectionImpl - Obtained JDBC connection
15:56:20.154 [Test worker] DEBUG o.h.e.t.i.jdbc.JdbcTransaction - initial autocommit status: true
15:56:20.154 [Test worker] DEBUG o.h.e.t.i.jdbc.JdbcTransaction - disabling autocommit
15:56:20.155 [Test worker] DEBUG o.s.orm.jpa.JpaTransactionManager - Exposing JPA transaction as JDBC transaction [org.springframework.orm.jpa.vendor.HibernateJpaDialect$HibernateConnectionHandle@3b7f5b91]
15:56:20.155 [Test worker] DEBUG o.h.jpa.criteria.CriteriaQueryImpl - Rendered criteria query -> select generatedAlias0 from User as generatedAlias0
15:56:20.155 [Test worker] DEBUG org.hibernate.SQL - select user0_.id as id1_8_, user0_.login as login2_8_, user0_.password as password3_8_, user0_1_.role_id as role_id1_7_ from users user0_ left outer join user_roles user0_1_ on user0_.id=user0_1_.user_id
15:56:20.156 [Test worker] DEBUG org.hibernate.loader.Loader - Result set row: 0
15:56:20.156 [Test worker] DEBUG org.hibernate.loader.Loader - Result row: EntityKey[sciConsole.domain.User#27]
15:56:20.157 [Test worker] DEBUG org.hibernate.loader.Loader - Result set row: 1
15:56:20.157 [Test worker] DEBUG org.hibernate.loader.Loader - Result row: EntityKey[sciConsole.domain.User#28]
15:56:20.157 [Test worker] DEBUG o.h.engine.internal.TwoPhaseLoad - Resolving associations for [sciConsole.domain.User#27]
15:56:20.157 [Test worker] DEBUG org.hibernate.SQL - select role0_.id as id1_4_0_, role0_.role as role2_4_0_ from roles role0_ where role0_.id=?
15:56:20.157 [Test worker] DEBUG o.h.l.p.e.p.i.ResultSetProcessorImpl - Starting ResultSet row #0
15:56:20.157 [Test worker] DEBUG o.h.l.p.e.p.i.EntityReferenceInitializerImpl - On call to EntityIdentifierReaderImpl#resolve, EntityKey was already known; should only happen on root returns with an optional identifier specified
15:56:20.158 [Test worker] DEBUG o.h.engine.internal.TwoPhaseLoad - Resolving associations for [sciConsole.domain.Role#2]
15:56:20.158 [Test worker] DEBUG o.h.engine.internal.TwoPhaseLoad - Done materializing entity [sciConsole.domain.Role#2]
15:56:20.158 [Test worker] DEBUG o.h.l.e.p.AbstractLoadPlanBasedEntityLoader - Done entity load : sciConsole.domain.Role#2
15:56:20.158 [Test worker] DEBUG o.h.engine.internal.TwoPhaseLoad - Done materializing entity [sciConsole.domain.User#27]
15:56:20.158 [Test worker] DEBUG o.h.engine.internal.TwoPhaseLoad - Resolving associations for [sciConsole.domain.User#28]
15:56:20.158 [Test worker] DEBUG org.hibernate.SQL - select role0_.id as id1_4_0_, role0_.role as role2_4_0_ from roles role0_ where role0_.id=?
15:56:20.159 [Test worker] DEBUG o.h.l.p.e.p.i.ResultSetProcessorImpl - Starting ResultSet row #0
15:56:20.159 [Test worker] DEBUG o.h.l.p.e.p.i.EntityReferenceInitializerImpl - On call to EntityIdentifierReaderImpl#resolve, EntityKey was already known; should only happen on root returns with an optional identifier specified
15:56:20.159 [Test worker] DEBUG o.h.engine.internal.TwoPhaseLoad - Resolving associations for [sciConsole.domain.Role#1]
15:56:20.159 [Test worker] DEBUG o.h.engine.internal.TwoPhaseLoad - Done materializing entity [sciConsole.domain.Role#1]
15:56:20.159 [Test worker] DEBUG o.h.l.e.p.AbstractLoadPlanBasedEntityLoader - Done entity load : sciConsole.domain.Role#1
15:56:20.159 [Test worker] DEBUG o.h.engine.internal.TwoPhaseLoad - Done materializing entity [sciConsole.domain.User#28]
15:56:20.160 [Test worker] DEBUG o.h.l.c.p.AbstractLoadPlanBasedCollectionInitializer - Loading collection: [sciConsole.domain.Role.userRoles#2]
15:56:20.160 [Test worker] DEBUG org.hibernate.SQL - select userroles0_.role_id as role_id1_4_0_, userroles0_.user_id as user_id2_7_0_, user1_.id as id1_8_1_, user1_.login as login2_8_1_, user1_.password as password3_8_1_, user1_1_.role_id as role_id1_7_1_ from user_roles userroles0_ inner join users user1_ on userroles0_.user_id=user1_.id left outer join user_roles user1_1_ on user1_.id=user1_1_.user_id where userroles0_.role_id=?
15:56:20.161 [Test worker] DEBUG o.h.l.p.e.p.i.ResultSetProcessorImpl - Preparing collection intializer : [sciConsole.domain.Role.userRoles#2]
15:56:20.161 [Test worker] DEBUG o.h.l.p.e.p.i.ResultSetProcessorImpl - Starting ResultSet row #0
15:56:20.161 [Test worker] DEBUG o.h.l.p.e.p.i.CollectionReferenceInitializerImpl - Found row of collection: [sciConsole.domain.Role.userRoles#2]
15:56:20.161 [Test worker] DEBUG o.h.e.l.i.CollectionLoadContext - 1 collections were found in result set for role: sciConsole.domain.Role.userRoles
15:56:20.161 [Test worker] DEBUG o.h.e.l.i.CollectionLoadContext - Collection fully initialized: [sciConsole.domain.Role.userRoles#2]
15:56:20.161 [Test worker] DEBUG o.h.e.l.i.CollectionLoadContext - 1 collections initialized for role: sciConsole.domain.Role.userRoles
15:56:20.161 [Test worker] DEBUG o.h.l.c.p.AbstractLoadPlanBasedCollectionInitializer - Done loading collection
15:56:20.162 [Test worker] DEBUG o.h.l.c.p.AbstractLoadPlanBasedCollectionInitializer - Loading collection: [sciConsole.domain.Role.userRoles#1]
15:56:20.162 [Test worker] DEBUG org.hibernate.SQL - select userroles0_.role_id as role_id1_4_0_, userroles0_.user_id as user_id2_7_0_, user1_.id as id1_8_1_, user1_.login as login2_8_1_, user1_.password as password3_8_1_, user1_1_.role_id as role_id1_7_1_ from user_roles userroles0_ inner join users user1_ on userroles0_.user_id=user1_.id left outer join user_roles user1_1_ on user1_.id=user1_1_.user_id where userroles0_.role_id=?
15:56:20.162 [Test worker] DEBUG o.h.l.p.e.p.i.ResultSetProcessorImpl - Preparing collection intializer : [sciConsole.domain.Role.userRoles#1]
15:56:20.162 [Test worker] DEBUG o.h.l.p.e.p.i.ResultSetProcessorImpl - Starting ResultSet row #0
15:56:20.163 [Test worker] DEBUG o.h.l.p.e.p.i.CollectionReferenceInitializerImpl - Found row of collection: [sciConsole.domain.Role.userRoles#1]
15:56:20.163 [Test worker] DEBUG o.h.e.l.i.CollectionLoadContext - 1 collections were found in result set for role: sciConsole.domain.Role.userRoles
15:56:20.163 [Test worker] DEBUG o.h.e.l.i.CollectionLoadContext - Collection fully initialized: [sciConsole.domain.Role.userRoles#1]
15:56:20.163 [Test worker] DEBUG o.h.e.l.i.CollectionLoadContext - 1 collections initialized for role: sciConsole.domain.Role.userRoles
15:56:20.163 [Test worker] DEBUG o.h.l.c.p.AbstractLoadPlanBasedCollectionInitializer - Done loading collection
15:56:20.163 [Test worker] DEBUG o.s.orm.jpa.JpaTransactionManager - Initiating transaction commit
15:56:20.163 [Test worker] DEBUG o.s.orm.jpa.JpaTransactionManager - Committing JPA transaction on EntityManager [org.hibernate.jpa.internal.EntityManagerImpl@45b54685]
15:56:20.163 [Test worker] DEBUG o.h.e.t.spi.AbstractTransactionImpl - committing
15:56:20.163 [Test worker] DEBUG o.h.e.i.AbstractFlushingEventListener - Processing flush-time cascades
15:56:20.163 [Test worker] DEBUG o.h.e.i.AbstractFlushingEventListener - Dirty checking collections
15:56:20.164 [Test worker] DEBUG o.h.engine.internal.Collections - Collection dereferenced: [sciConsole.domain.Role.userRoles#2]
15:56:20.164 [Test worker] DEBUG o.h.engine.internal.Collections - Collection dereferenced: [sciConsole.domain.Role.userRoles#1]
15:56:20.164 [Test worker] DEBUG o.h.e.i.AbstractFlushingEventListener - Flushed: 0 insertions, 0 updates, 4 deletions to 4 objects
15:56:20.164 [Test worker] DEBUG o.h.e.i.AbstractFlushingEventListener - Flushed: 0 (re)creations, 0 updates, 2 removals to 2 collections
15:56:20.164 [Test worker] DEBUG o.h.internal.util.EntityPrinter - Listing entities:
15:56:20.164 [Test worker] DEBUG o.h.internal.util.EntityPrinter - sciConsole.domain.User{password=$2a$10$sbTqPCC0wB2c4IE5Y5RCdeWLIvtjAKEHFzHluAg7LiqkSdZNujJn2, role=sciConsole.domain.Role#2, id=27, login=Alice}
15:56:20.164 [Test worker] DEBUG o.h.internal.util.EntityPrinter - sciConsole.domain.User{password=$2a$10$UQ/jCMwn14H5VdHO4or0L.xvlGoplsSsRXHjXdbYij9UEArHJzsE2, role=sciConsole.domain.Role#1, id=28, login=Bob}
15:56:20.164 [Test worker] DEBUG o.h.internal.util.EntityPrinter - sciConsole.domain.Role{userRoles=[sciConsole.domain.User#28], role=MANAGER, id=1}
15:56:20.164 [Test worker] DEBUG o.h.internal.util.EntityPrinter - sciConsole.domain.Role{userRoles=[sciConsole.domain.User#27], role=DEVELOPER, id=2}
15:56:20.164 [Test worker] DEBUG o.h.p.c.AbstractCollectionPersister - Deleting collection: [sciConsole.domain.Role.userRoles#2]
15:56:20.164 [Test worker] DEBUG org.hibernate.SQL - delete from user_roles where role_id=?
15:56:20.165 [Test worker] DEBUG o.h.p.c.AbstractCollectionPersister - Done deleting collection
15:56:20.165 [Test worker] DEBUG o.h.p.c.AbstractCollectionPersister - Deleting collection: [sciConsole.domain.Role.userRoles#1]
15:56:20.165 [Test worker] DEBUG org.hibernate.SQL - delete from user_roles where role_id=?
15:56:20.166 [Test worker] DEBUG o.h.p.c.AbstractCollectionPersister - Done deleting collection
15:56:20.166 [Test worker] DEBUG org.hibernate.SQL - delete from user_roles where user_id=?
15:56:20.166 [Test worker] DEBUG org.hibernate.SQL - delete from users where id=?
15:56:20.167 [Test worker] DEBUG org.hibernate.SQL - delete from roles where id=?
15:56:20.167 [Test worker] DEBUG org.hibernate.SQL - delete from user_roles where user_id=?
15:56:20.168 [Test worker] DEBUG org.hibernate.SQL - delete from users where id=?
15:56:20.169 [Test worker] DEBUG org.hibernate.SQL - delete from roles where id=?
15:56:20.172 [Test worker] DEBUG o.h.e.t.i.jdbc.JdbcTransaction - committed JDBC Connection
15:56:20.172 [Test worker] DEBUG o.h.e.t.i.jdbc.JdbcTransaction - re-enabling autocommit
15:56:20.172 [Test worker] DEBUG o.s.orm.jpa.JpaTransactionManager - Closing JPA EntityManager [org.hibernate.jpa.internal.EntityManagerImpl@45b54685] after transaction
15:56:20.172 [Test worker] DEBUG o.s.o.jpa.EntityManagerFactoryUtils - Closing JPA EntityManager
15:56:20.173 [Test worker] DEBUG o.h.e.j.internal.JdbcCoordinatorImpl - HHH000420: Closing un-released batch
15:56:20.173 [Test worker] DEBUG o.h.e.j.i.LogicalConnectionImpl - Releasing JDBC connection
15:56:20.173 [Test worker] DEBUG o.h.e.j.i.LogicalConnectionImpl - Released JDBC connection
15:56:20.173 [Test worker] DEBUG o.s.orm.jpa.JpaTransactionManager - Creating new transaction with name [org.springframework.data.jpa.repository.support.SimpleJpaRepository.deleteAll]: PROPAGATION_REQUIRED,ISOLATION_DEFAULT; ''
15:56:20.173 [Test worker] DEBUG o.s.orm.jpa.JpaTransactionManager - Opened new EntityManager [org.hibernate.jpa.internal.EntityManagerImpl@15b83269] for JPA transaction
15:56:20.173 [Test worker] DEBUG o.h.e.t.spi.AbstractTransactionImpl - begin
15:56:20.173 [Test worker] DEBUG o.h.e.j.i.LogicalConnectionImpl - Obtaining JDBC connection
15:56:20.173 [Test worker] DEBUG o.s.j.d.DriverManagerDataSource - Creating new JDBC DriverManager Connection to [jdbc:mysql://127.0.0.1:3306/wrp3]
15:56:20.177 [Test worker] DEBUG o.h.e.j.i.LogicalConnectionImpl - Obtained JDBC connection
15:56:20.177 [Test worker] DEBUG o.h.e.t.i.jdbc.JdbcTransaction - initial autocommit status: true
15:56:20.177 [Test worker] DEBUG o.h.e.t.i.jdbc.JdbcTransaction - disabling autocommit
15:56:20.177 [Test worker] DEBUG o.s.orm.jpa.JpaTransactionManager - Exposing JPA transaction as JDBC transaction [org.springframework.orm.jpa.vendor.HibernateJpaDialect$HibernateConnectionHandle@29fb110e]
15:56:20.177 [Test worker] DEBUG o.h.jpa.criteria.CriteriaQueryImpl - Rendered criteria query -> select generatedAlias0 from Role as generatedAlias0
15:56:20.178 [Test worker] DEBUG org.hibernate.SQL - select role0_.id as id1_4_, role0_.role as role2_4_ from roles role0_
15:56:20.178 [Test worker] DEBUG o.s.orm.jpa.JpaTransactionManager - Initiating transaction commit
15:56:20.178 [Test worker] DEBUG o.s.orm.jpa.JpaTransactionManager - Committing JPA transaction on EntityManager [org.hibernate.jpa.internal.EntityManagerImpl@15b83269]
15:56:20.178 [Test worker] DEBUG o.h.e.t.spi.AbstractTransactionImpl - committing
15:56:20.179 [Test worker] DEBUG o.h.e.t.i.jdbc.JdbcTransaction - committed JDBC Connection
15:56:20.179 [Test worker] DEBUG o.h.e.t.i.jdbc.JdbcTransaction - re-enabling autocommit
15:56:20.179 [Test worker] DEBUG o.s.orm.jpa.JpaTransactionManager - Closing JPA EntityManager [org.hibernate.jpa.internal.EntityManagerImpl@15b83269] after transaction
15:56:20.179 [Test worker] DEBUG o.s.o.jpa.EntityManagerFactoryUtils - Closing JPA EntityManager
15:56:20.179 [Test worker] DEBUG o.h.e.j.i.LogicalConnectionImpl - Releasing JDBC connection
15:56:20.179 [Test worker] DEBUG o.h.e.j.i.LogicalConnectionImpl - Released JDBC connection
15:56:20.179 [Test worker] DEBUG o.s.orm.jpa.JpaTransactionManager - Creating new transaction with name [org.springframework.data.jpa.repository.support.SimpleJpaRepository.save]: PROPAGATION_REQUIRED,ISOLATION_DEFAULT; ''
15:56:20.179 [Test worker] DEBUG o.s.orm.jpa.JpaTransactionManager - Opened new EntityManager [org.hibernate.jpa.internal.EntityManagerImpl@61cadecf] for JPA transaction
15:56:20.179 [Test worker] DEBUG o.h.e.t.spi.AbstractTransactionImpl - begin
15:56:20.179 [Test worker] DEBUG o.h.e.j.i.LogicalConnectionImpl - Obtaining JDBC connection
15:56:20.179 [Test worker] DEBUG o.s.j.d.DriverManagerDataSource - Creating new JDBC DriverManager Connection to [jdbc:mysql://127.0.0.1:3306/wrp3]
15:56:20.183 [Test worker] DEBUG o.h.e.j.i.LogicalConnectionImpl - Obtained JDBC connection
15:56:20.183 [Test worker] DEBUG o.h.e.t.i.jdbc.JdbcTransaction - initial autocommit status: true
15:56:20.183 [Test worker] DEBUG o.h.e.t.i.jdbc.JdbcTransaction - disabling autocommit
15:56:20.183 [Test worker] DEBUG o.s.orm.jpa.JpaTransactionManager - Exposing JPA transaction as JDBC transaction [org.springframework.orm.jpa.vendor.HibernateJpaDialect$HibernateConnectionHandle@32b9647e]
15:56:20.183 [Test worker] DEBUG org.hibernate.loader.Loader - Loading entity: [sciConsole.domain.User#27]
15:56:20.183 [Test worker] DEBUG org.hibernate.SQL - select user0_.id as id1_8_1_, user0_.login as login2_8_1_, user0_.password as password3_8_1_, user0_1_.role_id as role_id1_7_1_, role1_.id as id1_4_0_, role1_.role as role2_4_0_ from users user0_ left outer join user_roles user0_1_ on user0_.id=user0_1_.user_id left outer join roles role1_ on user0_1_.role_id=role1_.id where user0_.id=?
15:56:20.184 [Test worker] DEBUG org.hibernate.loader.Loader - Done entity load
15:56:20.184 [Test worker] DEBUG org.hibernate.loader.Loader - Loading entity: [sciConsole.domain.Role#2]
15:56:20.184 [Test worker] DEBUG org.hibernate.SQL - select role0_.id as id1_4_1_, role0_.role as role2_4_1_, userroles1_.role_id as role_id1_4_3_, user2_.id as user_id2_7_3_, user2_.id as id1_8_0_, user2_.login as login2_8_0_, user2_.password as password3_8_0_, user2_1_.role_id as role_id1_7_0_ from roles role0_ left outer join user_roles userroles1_ on role0_.id=userroles1_.role_id left outer join users user2_ on userroles1_.user_id=user2_.id left outer join user_roles user2_1_ on user2_.id=user2_1_.user_id where role0_.id=?
15:56:20.185 [Test worker] DEBUG o.h.e.l.i.CollectionLoadContext - No collections were found in result set for role: sciConsole.domain.Role.userRoles
15:56:20.185 [Test worker] DEBUG org.hibernate.loader.Loader - Done entity load
15:56:20.185 [Test worker] DEBUG o.h.e.i.AbstractSaveEventListener - Generated identifier: 2, using strategy: org.hibernate.id.Assigned
15:56:20.185 [Test worker] DEBUG org.hibernate.SQL - insert into roles (role, id) values (?, ?)
15:56:20.187 [Test worker] DEBUG org.hibernate.engine.spi.ActionQueue - Executing identity-insert immediately
15:56:20.187 [Test worker] DEBUG org.hibernate.SQL - insert into users (login, password) values (?, ?)
15:56:20.187 [Test worker] DEBUG o.h.id.IdentifierGeneratorHelper - Natively generated identity: 29
15:56:20.187 [Test worker] DEBUG org.hibernate.SQL - insert into user_roles (role_id, user_id) values (?, ?)
15:56:20.188 [Test worker] DEBUG org.hibernate.loader.Loader - Loading entity: [sciConsole.domain.User#28]
15:56:20.188 [Test worker] DEBUG org.hibernate.SQL - select user0_.id as id1_8_1_, user0_.login as login2_8_1_, user0_.password as password3_8_1_, user0_1_.role_id as role_id1_7_1_, role1_.id as id1_4_0_, role1_.role as role2_4_0_ from users user0_ left outer join user_roles user0_1_ on user0_.id=user0_1_.user_id left outer join roles role1_ on user0_1_.role_id=role1_.id where user0_.id=?
15:56:20.189 [Test worker] DEBUG org.hibernate.loader.Loader - Done entity load
15:56:20.189 [Test worker] DEBUG org.hibernate.loader.Loader - Loading entity: [sciConsole.domain.Role#1]
15:56:20.189 [Test worker] DEBUG org.hibernate.SQL - select role0_.id as id1_4_1_, role0_.role as role2_4_1_, userroles1_.role_id as role_id1_4_3_, user2_.id as user_id2_7_3_, user2_.id as id1_8_0_, user2_.login as login2_8_0_, user2_.password as password3_8_0_, user2_1_.role_id as role_id1_7_0_ from roles role0_ left outer join user_roles userroles1_ on role0_.id=userroles1_.role_id left outer join users user2_ on userroles1_.user_id=user2_.id left outer join user_roles user2_1_ on user2_.id=user2_1_.user_id where role0_.id=?
15:56:20.189 [Test worker] DEBUG o.h.e.l.i.CollectionLoadContext - No collections were found in result set for role: sciConsole.domain.Role.userRoles
15:56:20.190 [Test worker] DEBUG org.hibernate.loader.Loader - Done entity load
15:56:20.190 [Test worker] DEBUG o.h.e.i.AbstractSaveEventListener - Generated identifier: 1, using strategy: org.hibernate.id.Assigned
15:56:20.190 [Test worker] DEBUG org.hibernate.SQL - insert into roles (role, id) values (?, ?)
15:56:20.190 [Test worker] DEBUG org.hibernate.engine.spi.ActionQueue - Executing identity-insert immediately
15:56:20.191 [Test worker] DEBUG org.hibernate.SQL - insert into users (login, password) values (?, ?)
15:56:20.191 [Test worker] DEBUG o.h.id.IdentifierGeneratorHelper - Natively generated identity: 30
15:56:20.191 [Test worker] DEBUG org.hibernate.SQL - insert into user_roles (role_id, user_id) values (?, ?)
15:56:20.192 [Test worker] DEBUG o.s.orm.jpa.JpaTransactionManager - Initiating transaction commit
15:56:20.192 [Test worker] DEBUG o.s.orm.jpa.JpaTransactionManager - Committing JPA transaction on EntityManager [org.hibernate.jpa.internal.EntityManagerImpl@61cadecf]
15:56:20.192 [Test worker] DEBUG o.h.e.t.spi.AbstractTransactionImpl - committing
15:56:20.192 [Test worker] DEBUG o.h.e.i.AbstractFlushingEventListener - Processing flush-time cascades
15:56:20.192 [Test worker] DEBUG o.h.e.i.AbstractFlushingEventListener - Dirty checking collections
15:56:20.192 [Test worker] DEBUG o.h.e.i.AbstractFlushingEventListener - Flushed: 0 insertions, 0 updates, 0 deletions to 4 objects
15:56:20.192 [Test worker] DEBUG o.h.e.i.AbstractFlushingEventListener - Flushed: 0 (re)creations, 0 updates, 0 removals to 0 collections
15:56:20.192 [Test worker] DEBUG o.h.internal.util.EntityPrinter - Listing entities:
15:56:20.192 [Test worker] DEBUG o.h.internal.util.EntityPrinter - sciConsole.domain.User{password=$2a$10$sbTqPCC0wB2c4IE5Y5RCdeWLIvtjAKEHFzHluAg7LiqkSdZNujJn2, role=sciConsole.domain.Role#2, id=29, login=Alice}
15:56:20.192 [Test worker] DEBUG o.h.internal.util.EntityPrinter - sciConsole.domain.User{password=$2a$10$UQ/jCMwn14H5VdHO4or0L.xvlGoplsSsRXHjXdbYij9UEArHJzsE2, role=sciConsole.domain.Role#1, id=30, login=Bob}
15:56:20.192 [Test worker] DEBUG o.h.internal.util.EntityPrinter - sciConsole.domain.Role{userRoles=null, role=MANAGER, id=1}
15:56:20.192 [Test worker] DEBUG o.h.internal.util.EntityPrinter - sciConsole.domain.Role{userRoles=null, role=DEVELOPER, id=2}
15:56:20.195 [Test worker] DEBUG o.h.e.t.i.jdbc.JdbcTransaction - committed JDBC Connection
15:56:20.195 [Test worker] DEBUG o.h.e.t.i.jdbc.JdbcTransaction - re-enabling autocommit
15:56:20.195 [Test worker] DEBUG o.s.orm.jpa.JpaTransactionManager - Closing JPA EntityManager [org.hibernate.jpa.internal.EntityManagerImpl@61cadecf] after transaction
15:56:20.195 [Test worker] DEBUG o.s.o.jpa.EntityManagerFactoryUtils - Closing JPA EntityManager
15:56:20.196 [Test worker] DEBUG o.h.e.j.internal.JdbcCoordinatorImpl - HHH000420: Closing un-released batch
15:56:20.196 [Test worker] DEBUG o.h.e.j.i.LogicalConnectionImpl - Releasing JDBC connection
15:56:20.196 [Test worker] DEBUG o.h.e.j.i.LogicalConnectionImpl - Released JDBC connection
15:56:20.196 [Test worker] DEBUG o.s.orm.jpa.JpaTransactionManager - Creating new transaction with name [org.springframework.data.jpa.repository.support.SimpleJpaRepository.save]: PROPAGATION_REQUIRED,ISOLATION_DEFAULT; ''
15:56:20.196 [Test worker] DEBUG o.s.orm.jpa.JpaTransactionManager - Opened new EntityManager [org.hibernate.jpa.internal.EntityManagerImpl@d53459] for JPA transaction
15:56:20.196 [Test worker] DEBUG o.h.e.t.spi.AbstractTransactionImpl - begin
15:56:20.196 [Test worker] DEBUG o.h.e.j.i.LogicalConnectionImpl - Obtaining JDBC connection
15:56:20.196 [Test worker] DEBUG o.s.j.d.DriverManagerDataSource - Creating new JDBC DriverManager Connection to [jdbc:mysql://127.0.0.1:3306/wrp3]
15:56:20.199 [Test worker] DEBUG o.h.e.j.i.LogicalConnectionImpl - Obtained JDBC connection
15:56:20.200 [Test worker] DEBUG o.h.e.t.i.jdbc.JdbcTransaction - initial autocommit status: true
15:56:20.200 [Test worker] DEBUG o.h.e.t.i.jdbc.JdbcTransaction - disabling autocommit
15:56:20.200 [Test worker] DEBUG o.s.orm.jpa.JpaTransactionManager - Exposing JPA transaction as JDBC transaction [org.springframework.orm.jpa.vendor.HibernateJpaDialect$HibernateConnectionHandle@3dbede5c]
15:56:20.200 [Test worker] DEBUG org.hibernate.loader.Loader - Loading entity: [sciConsole.domain.Role#1]
15:56:20.200 [Test worker] DEBUG org.hibernate.SQL - select role0_.id as id1_4_1_, role0_.role as role2_4_1_, userroles1_.role_id as role_id1_4_3_, user2_.id as user_id2_7_3_, user2_.id as id1_8_0_, user2_.login as login2_8_0_, user2_.password as password3_8_0_, user2_1_.role_id as role_id1_7_0_ from roles role0_ left outer join user_roles userroles1_ on role0_.id=userroles1_.role_id left outer join users user2_ on userroles1_.user_id=user2_.id left outer join user_roles user2_1_ on user2_.id=user2_1_.user_id where role0_.id=?
15:56:20.201 [Test worker] DEBUG org.hibernate.loader.Loader - Result set row: 0
15:56:20.201 [Test worker] DEBUG org.hibernate.loader.Loader - Result row: EntityKey[sciConsole.domain.User#30], EntityKey[sciConsole.domain.Role#1]
15:56:20.201 [Test worker] DEBUG org.hibernate.loader.Loader - Found row of collection: [sciConsole.domain.Role.userRoles#1]
15:56:20.201 [Test worker] DEBUG o.h.engine.internal.TwoPhaseLoad - Resolving associations for [sciConsole.domain.User#30]
15:56:20.201 [Test worker] DEBUG o.h.engine.internal.TwoPhaseLoad - Done materializing entity [sciConsole.domain.User#30]
15:56:20.201 [Test worker] DEBUG o.h.engine.internal.TwoPhaseLoad - Resolving associations for [sciConsole.domain.Role#1]
15:56:20.201 [Test worker] DEBUG o.h.engine.internal.TwoPhaseLoad - Done materializing entity [sciConsole.domain.Role#1]
15:56:20.201 [Test worker] DEBUG o.h.e.l.i.CollectionLoadContext - 1 collections were found in result set for role: sciConsole.domain.Role.userRoles
15:56:20.201 [Test worker] DEBUG o.h.e.l.i.CollectionLoadContext - Collection fully initialized: [sciConsole.domain.Role.userRoles#1]
15:56:20.201 [Test worker] DEBUG o.h.e.l.i.CollectionLoadContext - 1 collections initialized for role: sciConsole.domain.Role.userRoles
15:56:20.202 [Test worker] DEBUG org.hibernate.loader.Loader - Done entity load
15:56:20.202 [Test worker] DEBUG org.hibernate.loader.Loader - Loading entity: [sciConsole.domain.Role#2]
15:56:20.202 [Test worker] DEBUG org.hibernate.SQL - select role0_.id as id1_4_1_, role0_.role as role2_4_1_, userroles1_.role_id as role_id1_4_3_, user2_.id as user_id2_7_3_, user2_.id as id1_8_0_, user2_.login as login2_8_0_, user2_.password as password3_8_0_, user2_1_.role_id as role_id1_7_0_ from roles role0_ left outer join user_roles userroles1_ on role0_.id=userroles1_.role_id left outer join users user2_ on userroles1_.user_id=user2_.id left outer join user_roles user2_1_ on user2_.id=user2_1_.user_id where role0_.id=?
15:56:20.202 [Test worker] DEBUG org.hibernate.loader.Loader - Result set row: 0
15:56:20.203 [Test worker] DEBUG org.hibernate.loader.Loader - Result row: EntityKey[sciConsole.domain.User#29], EntityKey[sciConsole.domain.Role#2]
15:56:20.203 [Test worker] DEBUG org.hibernate.loader.Loader - Found row of collection: [sciConsole.domain.Role.userRoles#2]
15:56:20.203 [Test worker] DEBUG o.h.engine.internal.TwoPhaseLoad - Resolving associations for [sciConsole.domain.User#29]
15:56:20.203 [Test worker] DEBUG o.h.engine.internal.TwoPhaseLoad - Done materializing entity [sciConsole.domain.User#29]
15:56:20.203 [Test worker] DEBUG o.h.engine.internal.TwoPhaseLoad - Resolving associations for [sciConsole.domain.Role#2]
15:56:20.203 [Test worker] DEBUG o.h.engine.internal.TwoPhaseLoad - Done materializing entity [sciConsole.domain.Role#2]
15:56:20.203 [Test worker] DEBUG o.h.e.l.i.CollectionLoadContext - 1 collections were found in result set for role: sciConsole.domain.Role.userRoles
15:56:20.203 [Test worker] DEBUG o.h.e.l.i.CollectionLoadContext - Collection fully initialized: [sciConsole.domain.Role.userRoles#2]
15:56:20.203 [Test worker] DEBUG o.h.e.l.i.CollectionLoadContext - 1 collections initialized for role: sciConsole.domain.Role.userRoles
15:56:20.203 [Test worker] DEBUG org.hibernate.loader.Loader - Done entity load
15:56:20.204 [Test worker] DEBUG o.s.orm.jpa.JpaTransactionManager - Initiating transaction commit
15:56:20.204 [Test worker] DEBUG o.s.orm.jpa.JpaTransactionManager - Committing JPA transaction on EntityManager [org.hibernate.jpa.internal.EntityManagerImpl@d53459]
15:56:20.204 [Test worker] DEBUG o.h.e.t.spi.AbstractTransactionImpl - committing
15:56:20.204 [Test worker] DEBUG o.h.e.i.AbstractFlushingEventListener - Processing flush-time cascades
15:56:20.204 [Test worker] DEBUG o.h.e.i.AbstractFlushingEventListener - Dirty checking collections
15:56:20.204 [Test worker] DEBUG o.h.engine.internal.Collections - Collection found: [sciConsole.domain.Role.userRoles#1], was: [sciConsole.domain.Role.userRoles#1] (initialized)
15:56:20.204 [Test worker] DEBUG o.h.engine.internal.Collections - Collection found: [sciConsole.domain.Role.userRoles#2], was: [sciConsole.domain.Role.userRoles#2] (initialized)
15:56:20.204 [Test worker] DEBUG o.h.e.i.AbstractFlushingEventListener - Flushed: 0 insertions, 0 updates, 0 deletions to 4 objects
15:56:20.205 [Test worker] DEBUG o.h.e.i.AbstractFlushingEventListener - Flushed: 0 (re)creations, 0 updates, 0 removals to 2 collections
15:56:20.205 [Test worker] DEBUG o.h.internal.util.EntityPrinter - Listing entities:
15:56:20.205 [Test worker] DEBUG o.h.internal.util.EntityPrinter - sciConsole.domain.User{password=$2a$10$sbTqPCC0wB2c4IE5Y5RCdeWLIvtjAKEHFzHluAg7LiqkSdZNujJn2, role=sciConsole.domain.Role#2, id=29, login=Alice}
15:56:20.205 [Test worker] DEBUG o.h.internal.util.EntityPrinter - sciConsole.domain.User{password=$2a$10$UQ/jCMwn14H5VdHO4or0L.xvlGoplsSsRXHjXdbYij9UEArHJzsE2, role=sciConsole.domain.Role#1, id=30, login=Bob}
15:56:20.205 [Test worker] DEBUG o.h.internal.util.EntityPrinter - sciConsole.domain.Role{userRoles=[sciConsole.domain.User#30], role=MANAGER, id=1}
15:56:20.205 [Test worker] DEBUG o.h.internal.util.EntityPrinter - sciConsole.domain.Role{userRoles=[sciConsole.domain.User#29], role=DEVELOPER, id=2}
15:56:20.205 [Test worker] DEBUG o.h.e.t.i.jdbc.JdbcTransaction - committed JDBC Connection
15:56:20.205 [Test worker] DEBUG o.h.e.t.i.jdbc.JdbcTransaction - re-enabling autocommit
15:56:20.205 [Test worker] DEBUG o.s.orm.jpa.JpaTransactionManager - Closing JPA EntityManager [org.hibernate.jpa.internal.EntityManagerImpl@d53459] after transaction
15:56:20.205 [Test worker] DEBUG o.s.o.jpa.EntityManagerFactoryUtils - Closing JPA EntityManager
15:56:20.205 [Test worker] DEBUG o.h.e.j.i.LogicalConnectionImpl - Releasing JDBC connection
15:56:20.206 [Test worker] DEBUG o.h.e.j.i.LogicalConnectionImpl - Released JDBC connection
15:56:20.206 [Test worker] DEBUG o.s.t.c.s.AbstractDirtiesContextTestExecutionListener - After test class: context [DefaultTestContext@6e2ce6b8 testClass = CompleteChangeRequestStepDefs, testInstance = [null], testMethod = [null], testException = [null], mergedContextConfiguration = [WebMergedContextConfiguration@36ad8e60 testClass = CompleteChangeRequestStepDefs, locations = '{}', classes = '{class sciConsole.SciConsoleApplication, class sciConsole.controller.SessionController, class sciConsole.controller.AccountController, class sciConsole.controller.ChangeRequestController, class sciConsole.SecurityConfig, class sciConsole.WebConfig}', contextInitializerClasses = '[]', activeProfiles = '{}', propertySourceLocations = '{}', propertySourceProperties = '{}', resourceBasePath = 'src/main/webapp', contextLoader = 'org.springframework.test.context.web.WebDelegatingSmartContextLoader', parent = [null]]], class annotated with @DirtiesContext [false] with mode [null].
15:56:20.266 [Test worker] DEBUG o.s.b.f.s.DefaultListableBeanFactory - Returning cached instance of singleton bean 'springSecurityFilterChain'
15:56:20.266 [Test worker] DEBUG o.s.test.util.ReflectionTestUtils - Invoking method 'getFilters' on target [FilterChainProxy[Filter Chains: [[ org.springframework.security.web.util.matcher.AnyRequestMatcher@1, [org.springframework.security.web.access.channel.ChannelProcessingFilter@2ad101f0, org.springframework.security.web.context.request.async.WebAsyncManagerIntegrationFilter@7a1601ea, org.springframework.security.web.context.SecurityContextPersistenceFilter@1ed920ed, org.springframework.security.web.header.HeaderWriterFilter@54d81890, org.springframework.security.web.csrf.CsrfFilter@3a7f45ac, org.springframework.security.web.authentication.logout.LogoutFilter@53f60b35, org.springframework.security.web.authentication.UsernamePasswordAuthenticationFilter@7d51c9ea, org.springframework.security.web.savedrequest.RequestCacheAwareFilter@42c2e682, org.springframework.security.web.servletapi.SecurityContextHolderAwareRequestFilter@3524fe79, org.springframework.security.web.authentication.AnonymousAuthenticationFilter@56b23bee, org.springframework.security.web.session.SessionManagementFilter@7785c534, org.springframework.security.web.access.ExceptionTranslationFilter@5ac7316e, org.springframework.security.web.access.intercept.FilterSecurityInterceptor@879e25e]]]]] with arguments [{org.springframework.mock.web.MockHttpServletRequest@6493697c}]
15:56:20.266 [Test worker] DEBUG o.s.test.util.ReflectionTestUtils - Getting field 'repo' from target object [org.springframework.security.web.context.SecurityContextPersistenceFilter@1ed920ed] or target class [class org.springframework.security.web.context.SecurityContextPersistenceFilter]
15:56:20.266 [Test worker] DEBUG o.s.s.w.c.HttpSessionSecurityContextRepository - No HttpSession currently exists
15:56:20.266 [Test worker] DEBUG o.s.s.w.c.HttpSessionSecurityContextRepository - No SecurityContext was available from the HttpSession: null. A new one will be created.
15:56:20.266 [Test worker] DEBUG o.s.s.w.c.HttpSessionSecurityContextRepository - HttpSession being created as SecurityContext is non-default
15:56:20.266 [Test worker] DEBUG o.s.s.w.c.HttpSessionSecurityContextRepository - SecurityContext 'org.springframework.security.core.context.SecurityContextImpl@34a51dda: Authentication: org.springframework.security.authentication.UsernamePasswordAuthenticationToken@34a51dda: Principal: Bob; Credentials: [PROTECTED]; Authenticated: true; Details: null; Granted Authorities: ROLE_MANAGER' stored to HttpSession: 'org.springframework.mock.web.MockHttpSession@17c28ad2
15:56:20.266 [Test worker] DEBUG o.s.security.web.FilterChainProxy - /assess-change-request at position 1 of 13 in additional filter chain; firing Filter: 'ChannelProcessingFilter'
15:56:20.266 [Test worker] DEBUG o.s.s.w.a.c.ChannelProcessingFilter - Request: FilterInvocation: URL: /assess-change-request; ConfigAttributes: [REQUIRES_SECURE_CHANNEL]
15:56:20.266 [Test worker] DEBUG o.s.s.w.a.c.RetryWithHttpsEntryPoint - Redirecting to: https://localhost/assess-change-request
15:56:20.266 [Test worker] DEBUG o.s.s.web.DefaultRedirectStrategy - Redirecting to 'https://localhost/assess-change-request'
15:56:20.267 [Test worker] DEBUG o.s.b.f.s.DefaultListableBeanFactory - Returning cached instance of singleton bean 'springSecurityFilterChain'
15:56:20.267 [Test worker] DEBUG o.s.test.util.ReflectionTestUtils - Invoking method 'getFilters' on target [FilterChainProxy[Filter Chains: [[ org.springframework.security.web.util.matcher.AnyRequestMatcher@1, [org.springframework.security.web.access.channel.ChannelProcessingFilter@2ad101f0, org.springframework.security.web.context.request.async.WebAsyncManagerIntegrationFilter@7a1601ea, org.springframework.security.web.context.SecurityContextPersistenceFilter@1ed920ed, org.springframework.security.web.header.HeaderWriterFilter@54d81890, org.springframework.security.web.csrf.CsrfFilter@3a7f45ac, org.springframework.security.web.authentication.logout.LogoutFilter@53f60b35, org.springframework.security.web.authentication.UsernamePasswordAuthenticationFilter@7d51c9ea, org.springframework.security.web.savedrequest.RequestCacheAwareFilter@42c2e682, org.springframework.security.web.servletapi.SecurityContextHolderAwareRequestFilter@3524fe79, org.springframework.security.web.authentication.AnonymousAuthenticationFilter@56b23bee, org.springframework.security.web.session.SessionManagementFilter@7785c534, org.springframework.security.web.access.ExceptionTranslationFilter@5ac7316e, org.springframework.security.web.access.intercept.FilterSecurityInterceptor@879e25e]]]]] with arguments [{org.springframework.mock.web.MockHttpServletRequest@6493697c}]
15:56:20.267 [Test worker] DEBUG o.s.test.util.ReflectionTestUtils - Getting field 'repo' from target object [org.springframework.security.web.context.SecurityContextPersistenceFilter@1ed920ed] or target class [class org.springframework.security.web.context.SecurityContextPersistenceFilter]
15:56:20.267 [Test worker] DEBUG o.s.s.w.c.HttpSessionSecurityContextRepository - Obtained a valid SecurityContext from SPRING_SECURITY_CONTEXT: 'org.springframework.security.core.context.SecurityContextImpl@34a51dda: Authentication: org.springframework.security.authentication.UsernamePasswordAuthenticationToken@34a51dda: Principal: Bob; Credentials: [PROTECTED]; Authenticated: true; Details: null; Granted Authorities: ROLE_MANAGER'
15:56:20.268 [Test worker] DEBUG o.s.orm.jpa.JpaTransactionManager - Creating new transaction with name [org.springframework.data.jpa.repository.support.SimpleJpaRepository.deleteAll]: PROPAGATION_REQUIRED,ISOLATION_DEFAULT; ''
15:56:20.268 [Test worker] DEBUG o.s.orm.jpa.JpaTransactionManager - Opened new EntityManager [org.hibernate.jpa.internal.EntityManagerImpl@5b1435df] for JPA transaction
15:56:20.268 [Test worker] DEBUG o.h.e.t.spi.AbstractTransactionImpl - begin
15:56:20.268 [Test worker] DEBUG o.h.e.j.i.LogicalConnectionImpl - Obtaining JDBC connection
15:56:20.268 [Test worker] DEBUG o.s.j.d.DriverManagerDataSource - Creating new JDBC DriverManager Connection to [jdbc:mysql://127.0.0.1:3306/wrp3]
15:56:20.272 [Test worker] DEBUG o.h.e.j.i.LogicalConnectionImpl - Obtained JDBC connection
15:56:20.272 [Test worker] DEBUG o.h.e.t.i.jdbc.JdbcTransaction - initial autocommit status: true
15:56:20.272 [Test worker] DEBUG o.h.e.t.i.jdbc.JdbcTransaction - disabling autocommit
15:56:20.272 [Test worker] DEBUG o.s.orm.jpa.JpaTransactionManager - Exposing JPA transaction as JDBC transaction [org.springframework.orm.jpa.vendor.HibernateJpaDialect$HibernateConnectionHandle@79321f17]
15:56:20.272 [Test worker] DEBUG o.h.jpa.criteria.CriteriaQueryImpl - Rendered criteria query -> select generatedAlias0 from Request as generatedAlias0
15:56:20.273 [Test worker] DEBUG org.hibernate.SQL - select request0_.request_id as request_1_3_, request0_.assign_to as assign_t2_3_, request0_.created_by as created_3_3_, request0_.date_created as date_cre4_3_, request0_.date_complete as date_com5_3_, request0_.due_date as due_date6_3_, request0_.priority as priority7_3_, request0_.reject_reason as reject_r8_3_, request0_.req_desc as req_desc9_3_, request0_.req_solution as req_sol10_3_, request0_.sci_id as sci_id11_3_, request0_.status as status12_3_, request0_.assigned_to as assigne13_3_, request0_.version_id as version14_3_ from request request0_
15:56:20.273 [Test worker] DEBUG o.s.orm.jpa.JpaTransactionManager - Initiating transaction commit
15:56:20.273 [Test worker] DEBUG o.s.orm.jpa.JpaTransactionManager - Committing JPA transaction on EntityManager [org.hibernate.jpa.internal.EntityManagerImpl@5b1435df]
15:56:20.273 [Test worker] DEBUG o.h.e.t.spi.AbstractTransactionImpl - committing
15:56:20.274 [Test worker] DEBUG o.h.e.t.i.jdbc.JdbcTransaction - committed JDBC Connection
15:56:20.274 [Test worker] DEBUG o.h.e.t.i.jdbc.JdbcTransaction - re-enabling autocommit
15:56:20.274 [Test worker] DEBUG o.s.orm.jpa.JpaTransactionManager - Closing JPA EntityManager [org.hibernate.jpa.internal.EntityManagerImpl@5b1435df] after transaction
15:56:20.274 [Test worker] DEBUG o.s.o.jpa.EntityManagerFactoryUtils - Closing JPA EntityManager
15:56:20.274 [Test worker] DEBUG o.h.e.j.i.LogicalConnectionImpl - Releasing JDBC connection
15:56:20.274 [Test worker] DEBUG o.h.e.j.i.LogicalConnectionImpl - Released JDBC connection
15:56:20.274 [Test worker] DEBUG o.s.orm.jpa.JpaTransactionManager - Creating new transaction with name [org.springframework.data.jpa.repository.support.SimpleJpaRepository.save]: PROPAGATION_REQUIRED,ISOLATION_DEFAULT; ''
15:56:20.274 [Test worker] DEBUG o.s.orm.jpa.JpaTransactionManager - Opened new EntityManager [org.hibernate.jpa.internal.EntityManagerImpl@106a0101] for JPA transaction
15:56:20.274 [Test worker] DEBUG o.h.e.t.spi.AbstractTransactionImpl - begin
15:56:20.274 [Test worker] DEBUG o.h.e.j.i.LogicalConnectionImpl - Obtaining JDBC connection
15:56:20.274 [Test worker] DEBUG o.s.j.d.DriverManagerDataSource - Creating new JDBC DriverManager Connection to [jdbc:mysql://127.0.0.1:3306/wrp3]
15:56:20.278 [Test worker] DEBUG o.h.e.j.i.LogicalConnectionImpl - Obtained JDBC connection
15:56:20.279 [Test worker] DEBUG o.h.e.t.i.jdbc.JdbcTransaction - initial autocommit status: true
15:56:20.279 [Test worker] DEBUG o.h.e.t.i.jdbc.JdbcTransaction - disabling autocommit
15:56:20.279 [Test worker] DEBUG o.s.orm.jpa.JpaTransactionManager - Exposing JPA transaction as JDBC transaction [org.springframework.orm.jpa.vendor.HibernateJpaDialect$HibernateConnectionHandle@7f485600]
15:56:20.279 [Test worker] DEBUG o.s.orm.jpa.JpaTransactionManager - Initiating transaction commit
15:56:20.279 [Test worker] DEBUG o.s.orm.jpa.JpaTransactionManager - Committing JPA transaction on EntityManager [org.hibernate.jpa.internal.EntityManagerImpl@106a0101]
15:56:20.279 [Test worker] DEBUG o.h.e.t.spi.AbstractTransactionImpl - committing
15:56:20.279 [Test worker] DEBUG o.h.e.t.i.jdbc.JdbcTransaction - committed JDBC Connection
15:56:20.279 [Test worker] DEBUG o.h.e.t.i.jdbc.JdbcTransaction - re-enabling autocommit
15:56:20.279 [Test worker] DEBUG o.s.orm.jpa.JpaTransactionManager - Closing JPA EntityManager [org.hibernate.jpa.internal.EntityManagerImpl@106a0101] after transaction
15:56:20.279 [Test worker] DEBUG o.s.o.jpa.EntityManagerFactoryUtils - Closing JPA EntityManager
15:56:20.279 [Test worker] DEBUG o.h.e.j.i.LogicalConnectionImpl - Releasing JDBC connection
15:56:20.280 [Test worker] DEBUG o.h.e.j.i.LogicalConnectionImpl - Released JDBC connection
15:56:20.280 [Test worker] DEBUG o.s.orm.jpa.JpaTransactionManager - Creating new transaction with name [org.springframework.data.jpa.repository.support.SimpleJpaRepository.deleteAll]: PROPAGATION_REQUIRED,ISOLATION_DEFAULT; ''
15:56:20.280 [Test worker] DEBUG o.s.orm.jpa.JpaTransactionManager - Opened new EntityManager [org.hibernate.jpa.internal.EntityManagerImpl@6166fbcc] for JPA transaction
15:56:20.280 [Test worker] DEBUG o.h.e.t.spi.AbstractTransactionImpl - begin
15:56:20.280 [Test worker] DEBUG o.h.e.j.i.LogicalConnectionImpl - Obtaining JDBC connection
15:56:20.280 [Test worker] DEBUG o.s.j.d.DriverManagerDataSource - Creating new JDBC DriverManager Connection to [jdbc:mysql://127.0.0.1:3306/wrp3]
15:56:20.284 [Test worker] DEBUG o.h.e.j.i.LogicalConnectionImpl - Obtained JDBC connection
15:56:20.284 [Test worker] DEBUG o.h.e.t.i.jdbc.JdbcTransaction - initial autocommit status: true
15:56:20.284 [Test worker] DEBUG o.h.e.t.i.jdbc.JdbcTransaction - disabling autocommit
15:56:20.285 [Test worker] DEBUG o.s.orm.jpa.JpaTransactionManager - Exposing JPA transaction as JDBC transaction [org.springframework.orm.jpa.vendor.HibernateJpaDialect$HibernateConnectionHandle@562f1423]
15:56:20.285 [Test worker] DEBUG o.h.jpa.criteria.CriteriaQueryImpl - Rendered criteria query -> select generatedAlias0 from Request as generatedAlias0
15:56:20.285 [Test worker] DEBUG org.hibernate.SQL - select request0_.request_id as request_1_3_, request0_.assign_to as assign_t2_3_, request0_.created_by as created_3_3_, request0_.date_created as date_cre4_3_, request0_.date_complete as date_com5_3_, request0_.due_date as due_date6_3_, request0_.priority as priority7_3_, request0_.reject_reason as reject_r8_3_, request0_.req_desc as req_desc9_3_, request0_.req_solution as req_sol10_3_, request0_.sci_id as sci_id11_3_, request0_.status as status12_3_, request0_.assigned_to as assigne13_3_, request0_.version_id as version14_3_ from request request0_
15:56:20.286 [Test worker] DEBUG o.s.orm.jpa.JpaTransactionManager - Initiating transaction commit
15:56:20.286 [Test worker] DEBUG o.s.orm.jpa.JpaTransactionManager - Committing JPA transaction on EntityManager [org.hibernate.jpa.internal.EntityManagerImpl@6166fbcc]
15:56:20.286 [Test worker] DEBUG o.h.e.t.spi.AbstractTransactionImpl - committing
15:56:20.286 [Test worker] DEBUG o.h.e.t.i.jdbc.JdbcTransaction - committed JDBC Connection
15:56:20.286 [Test worker] DEBUG o.h.e.t.i.jdbc.JdbcTransaction - re-enabling autocommit
15:56:20.286 [Test worker] DEBUG o.s.orm.jpa.JpaTransactionManager - Closing JPA EntityManager [org.hibernate.jpa.internal.EntityManagerImpl@6166fbcc] after transaction
15:56:20.286 [Test worker] DEBUG o.s.o.jpa.EntityManagerFactoryUtils - Closing JPA EntityManager
15:56:20.286 [Test worker] DEBUG o.h.e.j.i.LogicalConnectionImpl - Releasing JDBC connection
15:56:20.286 [Test worker] DEBUG o.h.e.j.i.LogicalConnectionImpl - Released JDBC connection
15:56:20.286 [Test worker] DEBUG o.s.orm.jpa.JpaTransactionManager - Creating new transaction with name [org.springframework.data.jpa.repository.support.SimpleJpaRepository.save]: PROPAGATION_REQUIRED,ISOLATION_DEFAULT; ''
15:56:20.287 [Test worker] DEBUG o.s.orm.jpa.JpaTransactionManager - Opened new EntityManager [org.hibernate.jpa.internal.EntityManagerImpl@5283ee1b] for JPA transaction
15:56:20.287 [Test worker] DEBUG o.h.e.t.spi.AbstractTransactionImpl - begin
15:56:20.287 [Test worker] DEBUG o.h.e.j.i.LogicalConnectionImpl - Obtaining JDBC connection
15:56:20.287 [Test worker] DEBUG o.s.j.d.DriverManagerDataSource - Creating new JDBC DriverManager Connection to [jdbc:mysql://127.0.0.1:3306/wrp3]
15:56:20.290 [Test worker] DEBUG o.h.e.j.i.LogicalConnectionImpl - Obtained JDBC connection
15:56:20.290 [Test worker] DEBUG o.h.e.t.i.jdbc.JdbcTransaction - initial autocommit status: true
15:56:20.290 [Test worker] DEBUG o.h.e.t.i.jdbc.JdbcTransaction - disabling autocommit
15:56:20.290 [Test worker] DEBUG o.s.orm.jpa.JpaTransactionManager - Exposing JPA transaction as JDBC transaction [org.springframework.orm.jpa.vendor.HibernateJpaDialect$HibernateConnectionHandle@75da0692]
15:56:20.290 [Test worker] DEBUG o.s.orm.jpa.JpaTransactionManager - Initiating transaction commit
15:56:20.290 [Test worker] DEBUG o.s.orm.jpa.JpaTransactionManager - Committing JPA transaction on EntityManager [org.hibernate.jpa.internal.EntityManagerImpl@5283ee1b]
15:56:20.290 [Test worker] DEBUG o.h.e.t.spi.AbstractTransactionImpl - committing
15:56:20.291 [Test worker] DEBUG o.h.e.t.i.jdbc.JdbcTransaction - committed JDBC Connection
15:56:20.291 [Test worker] DEBUG o.h.e.t.i.jdbc.JdbcTransaction - re-enabling autocommit
15:56:20.291 [Test worker] DEBUG o.s.orm.jpa.JpaTransactionManager - Closing JPA EntityManager [org.hibernate.jpa.internal.EntityManagerImpl@5283ee1b] after transaction
15:56:20.291 [Test worker] DEBUG o.s.o.jpa.EntityManagerFactoryUtils - Closing JPA EntityManager
15:56:20.291 [Test worker] DEBUG o.h.e.j.i.LogicalConnectionImpl - Releasing JDBC connection
15:56:20.291 [Test worker] DEBUG o.h.e.j.i.LogicalConnectionImpl - Released JDBC connection
15:56:20.291 [Test worker] DEBUG o.s.orm.jpa.JpaTransactionManager - Creating new transaction with name [org.springframework.data.jpa.repository.support.SimpleJpaRepository.deleteAll]: PROPAGATION_REQUIRED,ISOLATION_DEFAULT; ''
15:56:20.291 [Test worker] DEBUG o.s.orm.jpa.JpaTransactionManager - Opened new EntityManager [org.hibernate.jpa.internal.EntityManagerImpl@7e0426bb] for JPA transaction
15:56:20.291 [Test worker] DEBUG o.h.e.t.spi.AbstractTransactionImpl - begin
15:56:20.292 [Test worker] DEBUG o.h.e.j.i.LogicalConnectionImpl - Obtaining JDBC connection
15:56:20.292 [Test worker] DEBUG o.s.j.d.DriverManagerDataSource - Creating new JDBC DriverManager Connection to [jdbc:mysql://127.0.0.1:3306/wrp3]
15:56:20.295 [Test worker] DEBUG o.h.e.j.i.LogicalConnectionImpl - Obtained JDBC connection
15:56:20.295 [Test worker] DEBUG o.h.e.t.i.jdbc.JdbcTransaction - initial autocommit status: true
15:56:20.295 [Test worker] DEBUG o.h.e.t.i.jdbc.JdbcTransaction - disabling autocommit
15:56:20.296 [Test worker] DEBUG o.s.orm.jpa.JpaTransactionManager - Exposing JPA transaction as JDBC transaction [org.springframework.orm.jpa.vendor.HibernateJpaDialect$HibernateConnectionHandle@60fcf6fd]
15:56:20.296 [Test worker] DEBUG o.h.jpa.criteria.CriteriaQueryImpl - Rendered criteria query -> select generatedAlias0 from User as generatedAlias0
15:56:20.296 [Test worker] DEBUG org.hibernate.SQL - select user0_.id as id1_8_, user0_.login as login2_8_, user0_.password as password3_8_, user0_1_.role_id as role_id1_7_ from users user0_ left outer join user_roles user0_1_ on user0_.id=user0_1_.user_id
15:56:20.297 [Test worker] DEBUG org.hibernate.loader.Loader - Result set row: 0
15:56:20.297 [Test worker] DEBUG org.hibernate.loader.Loader - Result row: EntityKey[sciConsole.domain.User#29]
15:56:20.297 [Test worker] DEBUG org.hibernate.loader.Loader - Result set row: 1
15:56:20.297 [Test worker] DEBUG org.hibernate.loader.Loader - Result row: EntityKey[sciConsole.domain.User#30]
15:56:20.297 [Test worker] DEBUG o.h.engine.internal.TwoPhaseLoad - Resolving associations for [sciConsole.domain.User#29]
15:56:20.297 [Test worker] DEBUG org.hibernate.SQL - select role0_.id as id1_4_0_, role0_.role as role2_4_0_ from roles role0_ where role0_.id=?
15:56:20.297 [Test worker] DEBUG o.h.l.p.e.p.i.ResultSetProcessorImpl - Starting ResultSet row #0
15:56:20.297 [Test worker] DEBUG o.h.l.p.e.p.i.EntityReferenceInitializerImpl - On call to EntityIdentifierReaderImpl#resolve, EntityKey was already known; should only happen on root returns with an optional identifier specified
15:56:20.298 [Test worker] DEBUG o.h.engine.internal.TwoPhaseLoad - Resolving associations for [sciConsole.domain.Role#2]
15:56:20.298 [Test worker] DEBUG o.h.engine.internal.TwoPhaseLoad - Done materializing entity [sciConsole.domain.Role#2]
15:56:20.298 [Test worker] DEBUG o.h.l.e.p.AbstractLoadPlanBasedEntityLoader - Done entity load : sciConsole.domain.Role#2
15:56:20.298 [Test worker] DEBUG o.h.engine.internal.TwoPhaseLoad - Done materializing entity [sciConsole.domain.User#29]
15:56:20.298 [Test worker] DEBUG o.h.engine.internal.TwoPhaseLoad - Resolving associations for [sciConsole.domain.User#30]
15:56:20.298 [Test worker] DEBUG org.hibernate.SQL - select role0_.id as id1_4_0_, role0_.role as role2_4_0_ from roles role0_ where role0_.id=?
15:56:20.299 [Test worker] DEBUG o.h.l.p.e.p.i.ResultSetProcessorImpl - Starting ResultSet row #0
15:56:20.299 [Test worker] DEBUG o.h.l.p.e.p.i.EntityReferenceInitializerImpl - On call to EntityIdentifierReaderImpl#resolve, EntityKey was already known; should only happen on root returns with an optional identifier specified
15:56:20.299 [Test worker] DEBUG o.h.engine.internal.TwoPhaseLoad - Resolving associations for [sciConsole.domain.Role#1]
15:56:20.299 [Test worker] DEBUG o.h.engine.internal.TwoPhaseLoad - Done materializing entity [sciConsole.domain.Role#1]
15:56:20.299 [Test worker] DEBUG o.h.l.e.p.AbstractLoadPlanBasedEntityLoader - Done entity load : sciConsole.domain.Role#1
15:56:20.299 [Test worker] DEBUG o.h.engine.internal.TwoPhaseLoad - Done materializing entity [sciConsole.domain.User#30]
15:56:20.300 [Test worker] DEBUG o.h.l.c.p.AbstractLoadPlanBasedCollectionInitializer - Loading collection: [sciConsole.domain.Role.userRoles#2]
15:56:20.300 [Test worker] DEBUG org.hibernate.SQL - select userroles0_.role_id as role_id1_4_0_, userroles0_.user_id as user_id2_7_0_, user1_.id as id1_8_1_, user1_.login as login2_8_1_, user1_.password as password3_8_1_, user1_1_.role_id as role_id1_7_1_ from user_roles userroles0_ inner join users user1_ on userroles0_.user_id=user1_.id left outer join user_roles user1_1_ on user1_.id=user1_1_.user_id where userroles0_.role_id=?
15:56:20.301 [Test worker] DEBUG o.h.l.p.e.p.i.ResultSetProcessorImpl - Preparing collection intializer : [sciConsole.domain.Role.userRoles#2]
15:56:20.301 [Test worker] DEBUG o.h.l.p.e.p.i.ResultSetProcessorImpl - Starting ResultSet row #0
15:56:20.301 [Test worker] DEBUG o.h.l.p.e.p.i.CollectionReferenceInitializerImpl - Found row of collection: [sciConsole.domain.Role.userRoles#2]
15:56:20.301 [Test worker] DEBUG o.h.e.l.i.CollectionLoadContext - 1 collections were found in result set for role: sciConsole.domain.Role.userRoles
15:56:20.301 [Test worker] DEBUG o.h.e.l.i.CollectionLoadContext - Collection fully initialized: [sciConsole.domain.Role.userRoles#2]
15:56:20.301 [Test worker] DEBUG o.h.e.l.i.CollectionLoadContext - 1 collections initialized for role: sciConsole.domain.Role.userRoles
15:56:20.301 [Test worker] DEBUG o.h.l.c.p.AbstractLoadPlanBasedCollectionInitializer - Done loading collection
15:56:20.302 [Test worker] DEBUG o.h.l.c.p.AbstractLoadPlanBasedCollectionInitializer - Loading collection: [sciConsole.domain.Role.userRoles#1]
15:56:20.302 [Test worker] DEBUG org.hibernate.SQL - select userroles0_.role_id as role_id1_4_0_, userroles0_.user_id as user_id2_7_0_, user1_.id as id1_8_1_, user1_.login as login2_8_1_, user1_.password as password3_8_1_, user1_1_.role_id as role_id1_7_1_ from user_roles userroles0_ inner join users user1_ on userroles0_.user_id=user1_.id left outer join user_roles user1_1_ on user1_.id=user1_1_.user_id where userroles0_.role_id=?
15:56:20.302 [Test worker] DEBUG o.h.l.p.e.p.i.ResultSetProcessorImpl - Preparing collection intializer : [sciConsole.domain.Role.userRoles#1]
15:56:20.302 [Test worker] DEBUG o.h.l.p.e.p.i.ResultSetProcessorImpl - Starting ResultSet row #0
15:56:20.302 [Test worker] DEBUG o.h.l.p.e.p.i.CollectionReferenceInitializerImpl - Found row of collection: [sciConsole.domain.Role.userRoles#1]
15:56:20.302 [Test worker] DEBUG o.h.e.l.i.CollectionLoadContext - 1 collections were found in result set for role: sciConsole.domain.Role.userRoles
15:56:20.302 [Test worker] DEBUG o.h.e.l.i.CollectionLoadContext - Collection fully initialized: [sciConsole.domain.Role.userRoles#1]
15:56:20.302 [Test worker] DEBUG o.h.e.l.i.CollectionLoadContext - 1 collections initialized for role: sciConsole.domain.Role.userRoles
15:56:20.303 [Test worker] DEBUG o.h.l.c.p.AbstractLoadPlanBasedCollectionInitializer - Done loading collection
15:56:20.303 [Test worker] DEBUG o.s.orm.jpa.JpaTransactionManager - Initiating transaction commit
15:56:20.303 [Test worker] DEBUG o.s.orm.jpa.JpaTransactionManager - Committing JPA transaction on EntityManager [org.hibernate.jpa.internal.EntityManagerImpl@7e0426bb]
15:56:20.303 [Test worker] DEBUG o.h.e.t.spi.AbstractTransactionImpl - committing
15:56:20.303 [Test worker] DEBUG o.h.e.i.AbstractFlushingEventListener - Processing flush-time cascades
15:56:20.303 [Test worker] DEBUG o.h.e.i.AbstractFlushingEventListener - Dirty checking collections
15:56:20.303 [Test worker] DEBUG o.h.engine.internal.Collections - Collection dereferenced: [sciConsole.domain.Role.userRoles#2]
15:56:20.303 [Test worker] DEBUG o.h.engine.internal.Collections - Collection dereferenced: [sciConsole.domain.Role.userRoles#1]
15:56:20.303 [Test worker] DEBUG o.h.e.i.AbstractFlushingEventListener - Flushed: 0 insertions, 0 updates, 4 deletions to 4 objects
15:56:20.303 [Test worker] DEBUG o.h.e.i.AbstractFlushingEventListener - Flushed: 0 (re)creations, 0 updates, 2 removals to 2 collections
15:56:20.303 [Test worker] DEBUG o.h.internal.util.EntityPrinter - Listing entities:
15:56:20.303 [Test worker] DEBUG o.h.internal.util.EntityPrinter - sciConsole.domain.User{password=$2a$10$sbTqPCC0wB2c4IE5Y5RCdeWLIvtjAKEHFzHluAg7LiqkSdZNujJn2, role=sciConsole.domain.Role#2, id=29, login=Alice}
15:56:20.303 [Test worker] DEBUG o.h.internal.util.EntityPrinter - sciConsole.domain.User{password=$2a$10$UQ/jCMwn14H5VdHO4or0L.xvlGoplsSsRXHjXdbYij9UEArHJzsE2, role=sciConsole.domain.Role#1, id=30, login=Bob}
15:56:20.304 [Test worker] DEBUG o.h.internal.util.EntityPrinter - sciConsole.domain.Role{userRoles=[sciConsole.domain.User#30], role=MANAGER, id=1}
15:56:20.304 [Test worker] DEBUG o.h.internal.util.EntityPrinter - sciConsole.domain.Role{userRoles=[sciConsole.domain.User#29], role=DEVELOPER, id=2}
15:56:20.304 [Test worker] DEBUG o.h.p.c.AbstractCollectionPersister - Deleting collection: [sciConsole.domain.Role.userRoles#2]
15:56:20.304 [Test worker] DEBUG org.hibernate.SQL - delete from user_roles where role_id=?
15:56:20.304 [Test worker] DEBUG o.h.p.c.AbstractCollectionPersister - Done deleting collection
15:56:20.304 [Test worker] DEBUG o.h.p.c.AbstractCollectionPersister - Deleting collection: [sciConsole.domain.Role.userRoles#1]
15:56:20.304 [Test worker] DEBUG org.hibernate.SQL - delete from user_roles where role_id=?
15:56:20.305 [Test worker] DEBUG o.h.p.c.AbstractCollectionPersister - Done deleting collection
15:56:20.305 [Test worker] DEBUG org.hibernate.SQL - delete from user_roles where user_id=?
15:56:20.306 [Test worker] DEBUG org.hibernate.SQL - delete from users where id=?
15:56:20.306 [Test worker] DEBUG org.hibernate.SQL - delete from roles where id=?
15:56:20.307 [Test worker] DEBUG org.hibernate.SQL - delete from user_roles where user_id=?
15:56:20.307 [Test worker] DEBUG org.hibernate.SQL - delete from users where id=?
15:56:20.308 [Test worker] DEBUG org.hibernate.SQL - delete from roles where id=?
15:56:20.312 [Test worker] DEBUG o.h.e.t.i.jdbc.JdbcTransaction - committed JDBC Connection
15:56:20.312 [Test worker] DEBUG o.h.e.t.i.jdbc.JdbcTransaction - re-enabling autocommit
15:56:20.312 [Test worker] DEBUG o.s.orm.jpa.JpaTransactionManager - Closing JPA EntityManager [org.hibernate.jpa.internal.EntityManagerImpl@7e0426bb] after transaction
15:56:20.312 [Test worker] DEBUG o.s.o.jpa.EntityManagerFactoryUtils - Closing JPA EntityManager
15:56:20.312 [Test worker] DEBUG o.h.e.j.internal.JdbcCoordinatorImpl - HHH000420: Closing un-released batch
15:56:20.312 [Test worker] DEBUG o.h.e.j.i.LogicalConnectionImpl - Releasing JDBC connection
15:56:20.312 [Test worker] DEBUG o.h.e.j.i.LogicalConnectionImpl - Released JDBC connection
15:56:20.312 [Test worker] DEBUG o.s.orm.jpa.JpaTransactionManager - Creating new transaction with name [org.springframework.data.jpa.repository.support.SimpleJpaRepository.deleteAll]: PROPAGATION_REQUIRED,ISOLATION_DEFAULT; ''
15:56:20.312 [Test worker] DEBUG o.s.orm.jpa.JpaTransactionManager - Opened new EntityManager [org.hibernate.jpa.internal.EntityManagerImpl@77dc3027] for JPA transaction
15:56:20.312 [Test worker] DEBUG o.h.e.t.spi.AbstractTransactionImpl - begin
15:56:20.312 [Test worker] DEBUG o.h.e.j.i.LogicalConnectionImpl - Obtaining JDBC connection
15:56:20.312 [Test worker] DEBUG o.s.j.d.DriverManagerDataSource - Creating new JDBC DriverManager Connection to [jdbc:mysql://127.0.0.1:3306/wrp3]
15:56:20.316 [Test worker] DEBUG o.h.e.j.i.LogicalConnectionImpl - Obtained JDBC connection
15:56:20.316 [Test worker] DEBUG o.h.e.t.i.jdbc.JdbcTransaction - initial autocommit status: true
15:56:20.316 [Test worker] DEBUG o.h.e.t.i.jdbc.JdbcTransaction - disabling autocommit
15:56:20.316 [Test worker] DEBUG o.s.orm.jpa.JpaTransactionManager - Exposing JPA transaction as JDBC transaction [org.springframework.orm.jpa.vendor.HibernateJpaDialect$HibernateConnectionHandle@3dd1235c]
15:56:20.316 [Test worker] DEBUG o.h.jpa.criteria.CriteriaQueryImpl - Rendered criteria query -> select generatedAlias0 from Role as generatedAlias0
15:56:20.317 [Test worker] DEBUG org.hibernate.SQL - select role0_.id as id1_4_, role0_.role as role2_4_ from roles role0_
15:56:20.317 [Test worker] DEBUG o.s.orm.jpa.JpaTransactionManager - Initiating transaction commit
15:56:20.317 [Test worker] DEBUG o.s.orm.jpa.JpaTransactionManager - Committing JPA transaction on EntityManager [org.hibernate.jpa.internal.EntityManagerImpl@77dc3027]
15:56:20.317 [Test worker] DEBUG o.h.e.t.spi.AbstractTransactionImpl - committing
15:56:20.317 [Test worker] DEBUG o.h.e.t.i.jdbc.JdbcTransaction - committed JDBC Connection
15:56:20.317 [Test worker] DEBUG o.h.e.t.i.jdbc.JdbcTransaction - re-enabling autocommit
15:56:20.318 [Test worker] DEBUG o.s.orm.jpa.JpaTransactionManager - Closing JPA EntityManager [org.hibernate.jpa.internal.EntityManagerImpl@77dc3027] after transaction
15:56:20.318 [Test worker] DEBUG o.s.o.jpa.EntityManagerFactoryUtils - Closing JPA EntityManager
15:56:20.318 [Test worker] DEBUG o.h.e.j.i.LogicalConnectionImpl - Releasing JDBC connection
15:56:20.318 [Test worker] DEBUG o.h.e.j.i.LogicalConnectionImpl - Released JDBC connection
15:56:20.318 [Test worker] DEBUG o.s.orm.jpa.JpaTransactionManager - Creating new transaction with name [org.springframework.data.jpa.repository.support.SimpleJpaRepository.save]: PROPAGATION_REQUIRED,ISOLATION_DEFAULT; ''
15:56:20.318 [Test worker] DEBUG o.s.orm.jpa.JpaTransactionManager - Opened new EntityManager [org.hibernate.jpa.internal.EntityManagerImpl@461805] for JPA transaction
15:56:20.318 [Test worker] DEBUG o.h.e.t.spi.AbstractTransactionImpl - begin
15:56:20.318 [Test worker] DEBUG o.h.e.j.i.LogicalConnectionImpl - Obtaining JDBC connection
15:56:20.318 [Test worker] DEBUG o.s.j.d.DriverManagerDataSource - Creating new JDBC DriverManager Connection to [jdbc:mysql://127.0.0.1:3306/wrp3]
15:56:20.322 [Test worker] DEBUG o.h.e.j.i.LogicalConnectionImpl - Obtained JDBC connection
15:56:20.322 [Test worker] DEBUG o.h.e.t.i.jdbc.JdbcTransaction - initial autocommit status: true
15:56:20.322 [Test worker] DEBUG o.h.e.t.i.jdbc.JdbcTransaction - disabling autocommit
15:56:20.322 [Test worker] DEBUG o.s.orm.jpa.JpaTransactionManager - Exposing JPA transaction as JDBC transaction [org.springframework.orm.jpa.vendor.HibernateJpaDialect$HibernateConnectionHandle@428a0e6a]
15:56:20.322 [Test worker] DEBUG org.hibernate.loader.Loader - Loading entity: [sciConsole.domain.User#29]
15:56:20.322 [Test worker] DEBUG org.hibernate.SQL - select user0_.id as id1_8_1_, user0_.login as login2_8_1_, user0_.password as password3_8_1_, user0_1_.role_id as role_id1_7_1_, role1_.id as id1_4_0_, role1_.role as role2_4_0_ from users user0_ left outer join user_roles user0_1_ on user0_.id=user0_1_.user_id left outer join roles role1_ on user0_1_.role_id=role1_.id where user0_.id=?
15:56:20.323 [Test worker] DEBUG org.hibernate.loader.Loader - Done entity load
15:56:20.323 [Test worker] DEBUG org.hibernate.loader.Loader - Loading entity: [sciConsole.domain.Role#2]
15:56:20.323 [Test worker] DEBUG org.hibernate.SQL - select role0_.id as id1_4_1_, role0_.role as role2_4_1_, userroles1_.role_id as role_id1_4_3_, user2_.id as user_id2_7_3_, user2_.id as id1_8_0_, user2_.login as login2_8_0_, user2_.password as password3_8_0_, user2_1_.role_id as role_id1_7_0_ from roles role0_ left outer join user_roles userroles1_ on role0_.id=userroles1_.role_id left outer join users user2_ on userroles1_.user_id=user2_.id left outer join user_roles user2_1_ on user2_.id=user2_1_.user_id where role0_.id=?
15:56:20.324 [Test worker] DEBUG o.h.e.l.i.CollectionLoadContext - No collections were found in result set for role: sciConsole.domain.Role.userRoles
15:56:20.324 [Test worker] DEBUG org.hibernate.loader.Loader - Done entity load
15:56:20.324 [Test worker] DEBUG o.h.e.i.AbstractSaveEventListener - Generated identifier: 2, using strategy: org.hibernate.id.Assigned
15:56:20.324 [Test worker] DEBUG org.hibernate.SQL - insert into roles (role, id) values (?, ?)
15:56:20.325 [Test worker] DEBUG org.hibernate.engine.spi.ActionQueue - Executing identity-insert immediately
15:56:20.325 [Test worker] DEBUG org.hibernate.SQL - insert into users (login, password) values (?, ?)
15:56:20.325 [Test worker] DEBUG o.h.id.IdentifierGeneratorHelper - Natively generated identity: 31
15:56:20.326 [Test worker] DEBUG org.hibernate.SQL - insert into user_roles (role_id, user_id) values (?, ?)
15:56:20.326 [Test worker] DEBUG org.hibernate.loader.Loader - Loading entity: [sciConsole.domain.User#30]
15:56:20.326 [Test worker] DEBUG org.hibernate.SQL - select user0_.id as id1_8_1_, user0_.login as login2_8_1_, user0_.password as password3_8_1_, user0_1_.role_id as role_id1_7_1_, role1_.id as id1_4_0_, role1_.role as role2_4_0_ from users user0_ left outer join user_roles user0_1_ on user0_.id=user0_1_.user_id left outer join roles role1_ on user0_1_.role_id=role1_.id where user0_.id=?
15:56:20.327 [Test worker] DEBUG org.hibernate.loader.Loader - Done entity load
15:56:20.327 [Test worker] DEBUG org.hibernate.loader.Loader - Loading entity: [sciConsole.domain.Role#1]
15:56:20.327 [Test worker] DEBUG org.hibernate.SQL - select role0_.id as id1_4_1_, role0_.role as role2_4_1_, userroles1_.role_id as role_id1_4_3_, user2_.id as user_id2_7_3_, user2_.id as id1_8_0_, user2_.login as login2_8_0_, user2_.password as password3_8_0_, user2_1_.role_id as role_id1_7_0_ from roles role0_ left outer join user_roles userroles1_ on role0_.id=userroles1_.role_id left outer join users user2_ on userroles1_.user_id=user2_.id left outer join user_roles user2_1_ on user2_.id=user2_1_.user_id where role0_.id=?
15:56:20.328 [Test worker] DEBUG o.h.e.l.i.CollectionLoadContext - No collections were found in result set for role: sciConsole.domain.Role.userRoles
15:56:20.328 [Test worker] DEBUG org.hibernate.loader.Loader - Done entity load
15:56:20.328 [Test worker] DEBUG o.h.e.i.AbstractSaveEventListener - Generated identifier: 1, using strategy: org.hibernate.id.Assigned
15:56:20.328 [Test worker] DEBUG org.hibernate.SQL - insert into roles (role, id) values (?, ?)
15:56:20.329 [Test worker] DEBUG org.hibernate.engine.spi.ActionQueue - Executing identity-insert immediately
15:56:20.329 [Test worker] DEBUG org.hibernate.SQL - insert into users (login, password) values (?, ?)
15:56:20.329 [Test worker] DEBUG o.h.id.IdentifierGeneratorHelper - Natively generated identity: 32
15:56:20.329 [Test worker] DEBUG org.hibernate.SQL - insert into user_roles (role_id, user_id) values (?, ?)
15:56:20.330 [Test worker] DEBUG o.s.orm.jpa.JpaTransactionManager - Initiating transaction commit
15:56:20.330 [Test worker] DEBUG o.s.orm.jpa.JpaTransactionManager - Committing JPA transaction on EntityManager [org.hibernate.jpa.internal.EntityManagerImpl@461805]
15:56:20.330 [Test worker] DEBUG o.h.e.t.spi.AbstractTransactionImpl - committing
15:56:20.330 [Test worker] DEBUG o.h.e.i.AbstractFlushingEventListener - Processing flush-time cascades
15:56:20.330 [Test worker] DEBUG o.h.e.i.AbstractFlushingEventListener - Dirty checking collections
15:56:20.331 [Test worker] DEBUG o.h.e.i.AbstractFlushingEventListener - Flushed: 0 insertions, 0 updates, 0 deletions to 4 objects
15:56:20.331 [Test worker] DEBUG o.h.e.i.AbstractFlushingEventListener - Flushed: 0 (re)creations, 0 updates, 0 removals to 0 collections
15:56:20.331 [Test worker] DEBUG o.h.internal.util.EntityPrinter - Listing entities:
15:56:20.331 [Test worker] DEBUG o.h.internal.util.EntityPrinter - sciConsole.domain.User{password=$2a$10$sbTqPCC0wB2c4IE5Y5RCdeWLIvtjAKEHFzHluAg7LiqkSdZNujJn2, role=sciConsole.domain.Role#2, id=31, login=Alice}
15:56:20.331 [Test worker] DEBUG o.h.internal.util.EntityPrinter - sciConsole.domain.User{password=$2a$10$UQ/jCMwn14H5VdHO4or0L.xvlGoplsSsRXHjXdbYij9UEArHJzsE2, role=sciConsole.domain.Role#1, id=32, login=Bob}
15:56:20.331 [Test worker] DEBUG o.h.internal.util.EntityPrinter - sciConsole.domain.Role{userRoles=null, role=MANAGER, id=1}
15:56:20.331 [Test worker] DEBUG o.h.internal.util.EntityPrinter - sciConsole.domain.Role{userRoles=null, role=DEVELOPER, id=2}
15:56:20.334 [Test worker] DEBUG o.h.e.t.i.jdbc.JdbcTransaction - committed JDBC Connection
15:56:20.334 [Test worker] DEBUG o.h.e.t.i.jdbc.JdbcTransaction - re-enabling autocommit
15:56:20.334 [Test worker] DEBUG o.s.orm.jpa.JpaTransactionManager - Closing JPA EntityManager [org.hibernate.jpa.internal.EntityManagerImpl@461805] after transaction
15:56:20.334 [Test worker] DEBUG o.s.o.jpa.EntityManagerFactoryUtils - Closing JPA EntityManager
15:56:20.334 [Test worker] DEBUG o.h.e.j.internal.JdbcCoordinatorImpl - HHH000420: Closing un-released batch
15:56:20.334 [Test worker] DEBUG o.h.e.j.i.LogicalConnectionImpl - Releasing JDBC connection
15:56:20.334 [Test worker] DEBUG o.h.e.j.i.LogicalConnectionImpl - Released JDBC connection
15:56:20.334 [Test worker] DEBUG o.s.orm.jpa.JpaTransactionManager - Creating new transaction with name [org.springframework.data.jpa.repository.support.SimpleJpaRepository.save]: PROPAGATION_REQUIRED,ISOLATION_DEFAULT; ''
15:56:20.334 [Test worker] DEBUG o.s.orm.jpa.JpaTransactionManager - Opened new EntityManager [org.hibernate.jpa.internal.EntityManagerImpl@1f75ad47] for JPA transaction
15:56:20.334 [Test worker] DEBUG o.h.e.t.spi.AbstractTransactionImpl - begin
15:56:20.334 [Test worker] DEBUG o.h.e.j.i.LogicalConnectionImpl - Obtaining JDBC connection
15:56:20.334 [Test worker] DEBUG o.s.j.d.DriverManagerDataSource - Creating new JDBC DriverManager Connection to [jdbc:mysql://127.0.0.1:3306/wrp3]
15:56:20.338 [Test worker] DEBUG o.h.e.j.i.LogicalConnectionImpl - Obtained JDBC connection
15:56:20.338 [Test worker] DEBUG o.h.e.t.i.jdbc.JdbcTransaction - initial autocommit status: true
15:56:20.338 [Test worker] DEBUG o.h.e.t.i.jdbc.JdbcTransaction - disabling autocommit
15:56:20.338 [Test worker] DEBUG o.s.orm.jpa.JpaTransactionManager - Exposing JPA transaction as JDBC transaction [org.springframework.orm.jpa.vendor.HibernateJpaDialect$HibernateConnectionHandle@61a7ecd4]
15:56:20.338 [Test worker] DEBUG org.hibernate.loader.Loader - Loading entity: [sciConsole.domain.Role#1]
15:56:20.338 [Test worker] DEBUG org.hibernate.SQL - select role0_.id as id1_4_1_, role0_.role as role2_4_1_, userroles1_.role_id as role_id1_4_3_, user2_.id as user_id2_7_3_, user2_.id as id1_8_0_, user2_.login as login2_8_0_, user2_.password as password3_8_0_, user2_1_.role_id as role_id1_7_0_ from roles role0_ left outer join user_roles userroles1_ on role0_.id=userroles1_.role_id left outer join users user2_ on userroles1_.user_id=user2_.id left outer join user_roles user2_1_ on user2_.id=user2_1_.user_id where role0_.id=?
15:56:20.339 [Test worker] DEBUG org.hibernate.loader.Loader - Result set row: 0
15:56:20.339 [Test worker] DEBUG org.hibernate.loader.Loader - Result row: EntityKey[sciConsole.domain.User#32], EntityKey[sciConsole.domain.Role#1]
15:56:20.339 [Test worker] DEBUG org.hibernate.loader.Loader - Found row of collection: [sciConsole.domain.Role.userRoles#1]
15:56:20.339 [Test worker] DEBUG o.h.engine.internal.TwoPhaseLoad - Resolving associations for [sciConsole.domain.User#32]
15:56:20.339 [Test worker] DEBUG o.h.engine.internal.TwoPhaseLoad - Done materializing entity [sciConsole.domain.User#32]
15:56:20.339 [Test worker] DEBUG o.h.engine.internal.TwoPhaseLoad - Resolving associations for [sciConsole.domain.Role#1]
15:56:20.339 [Test worker] DEBUG o.h.engine.internal.TwoPhaseLoad - Done materializing entity [sciConsole.domain.Role#1]
15:56:20.339 [Test worker] DEBUG o.h.e.l.i.CollectionLoadContext - 1 collections were found in result set for role: sciConsole.domain.Role.userRoles
15:56:20.339 [Test worker] DEBUG o.h.e.l.i.CollectionLoadContext - Collection fully initialized: [sciConsole.domain.Role.userRoles#1]
15:56:20.340 [Test worker] DEBUG o.h.e.l.i.CollectionLoadContext - 1 collections initialized for role: sciConsole.domain.Role.userRoles
15:56:20.340 [Test worker] DEBUG org.hibernate.loader.Loader - Done entity load
15:56:20.340 [Test worker] DEBUG org.hibernate.loader.Loader - Loading entity: [sciConsole.domain.Role#2]
15:56:20.340 [Test worker] DEBUG org.hibernate.SQL - select role0_.id as id1_4_1_, role0_.role as role2_4_1_, userroles1_.role_id as role_id1_4_3_, user2_.id as user_id2_7_3_, user2_.id as id1_8_0_, user2_.login as login2_8_0_, user2_.password as password3_8_0_, user2_1_.role_id as role_id1_7_0_ from roles role0_ left outer join user_roles userroles1_ on role0_.id=userroles1_.role_id left outer join users user2_ on userroles1_.user_id=user2_.id left outer join user_roles user2_1_ on user2_.id=user2_1_.user_id where role0_.id=?
15:56:20.340 [Test worker] DEBUG org.hibernate.loader.Loader - Result set row: 0
15:56:20.341 [Test worker] DEBUG org.hibernate.loader.Loader - Result row: EntityKey[sciConsole.domain.User#31], EntityKey[sciConsole.domain.Role#2]
15:56:20.341 [Test worker] DEBUG org.hibernate.loader.Loader - Found row of collection: [sciConsole.domain.Role.userRoles#2]
15:56:20.341 [Test worker] DEBUG o.h.engine.internal.TwoPhaseLoad - Resolving associations for [sciConsole.domain.User#31]
15:56:20.341 [Test worker] DEBUG o.h.engine.internal.TwoPhaseLoad - Done materializing entity [sciConsole.domain.User#31]
15:56:20.341 [Test worker] DEBUG o.h.engine.internal.TwoPhaseLoad - Resolving associations for [sciConsole.domain.Role#2]
15:56:20.341 [Test worker] DEBUG o.h.engine.internal.TwoPhaseLoad - Done materializing entity [sciConsole.domain.Role#2]
15:56:20.341 [Test worker] DEBUG o.h.e.l.i.CollectionLoadContext - 1 collections were found in result set for role: sciConsole.domain.Role.userRoles
15:56:20.341 [Test worker] DEBUG o.h.e.l.i.CollectionLoadContext - Collection fully initialized: [sciConsole.domain.Role.userRoles#2]
15:56:20.341 [Test worker] DEBUG o.h.e.l.i.CollectionLoadContext - 1 collections initialized for role: sciConsole.domain.Role.userRoles
15:56:20.341 [Test worker] DEBUG org.hibernate.loader.Loader - Done entity load
15:56:20.342 [Test worker] DEBUG o.s.orm.jpa.JpaTransactionManager - Initiating transaction commit
15:56:20.342 [Test worker] DEBUG o.s.orm.jpa.JpaTransactionManager - Committing JPA transaction on EntityManager [org.hibernate.jpa.internal.EntityManagerImpl@1f75ad47]
15:56:20.342 [Test worker] DEBUG o.h.e.t.spi.AbstractTransactionImpl - committing
15:56:20.342 [Test worker] DEBUG o.h.e.i.AbstractFlushingEventListener - Processing flush-time cascades
15:56:20.342 [Test worker] DEBUG o.h.e.i.AbstractFlushingEventListener - Dirty checking collections
15:56:20.342 [Test worker] DEBUG o.h.engine.internal.Collections - Collection found: [sciConsole.domain.Role.userRoles#1], was: [sciConsole.domain.Role.userRoles#1] (initialized)
15:56:20.342 [Test worker] DEBUG o.h.engine.internal.Collections - Collection found: [sciConsole.domain.Role.userRoles#2], was: [sciConsole.domain.Role.userRoles#2] (initialized)
15:56:20.342 [Test worker] DEBUG o.h.e.i.AbstractFlushingEventListener - Flushed: 0 insertions, 0 updates, 0 deletions to 4 objects
15:56:20.342 [Test worker] DEBUG o.h.e.i.AbstractFlushingEventListener - Flushed: 0 (re)creations, 0 updates, 0 removals to 2 collections
15:56:20.342 [Test worker] DEBUG o.h.internal.util.EntityPrinter - Listing entities:
15:56:20.342 [Test worker] DEBUG o.h.internal.util.EntityPrinter - sciConsole.domain.User{password=$2a$10$sbTqPCC0wB2c4IE5Y5RCdeWLIvtjAKEHFzHluAg7LiqkSdZNujJn2, role=sciConsole.domain.Role#2, id=31, login=Alice}
15:56:20.342 [Test worker] DEBUG o.h.internal.util.EntityPrinter - sciConsole.domain.User{password=$2a$10$UQ/jCMwn14H5VdHO4or0L.xvlGoplsSsRXHjXdbYij9UEArHJzsE2, role=sciConsole.domain.Role#1, id=32, login=Bob}
15:56:20.343 [Test worker] DEBUG o.h.internal.util.EntityPrinter - sciConsole.domain.Role{userRoles=[sciConsole.domain.User#32], role=MANAGER, id=1}
15:56:20.343 [Test worker] DEBUG o.h.internal.util.EntityPrinter - sciConsole.domain.Role{userRoles=[sciConsole.domain.User#31], role=DEVELOPER, id=2}
15:56:20.343 [Test worker] DEBUG o.h.e.t.i.jdbc.JdbcTransaction - committed JDBC Connection
15:56:20.343 [Test worker] DEBUG o.h.e.t.i.jdbc.JdbcTransaction - re-enabling autocommit
15:56:20.343 [Test worker] DEBUG o.s.orm.jpa.JpaTransactionManager - Closing JPA EntityManager [org.hibernate.jpa.internal.EntityManagerImpl@1f75ad47] after transaction
15:56:20.343 [Test worker] DEBUG o.s.o.jpa.EntityManagerFactoryUtils - Closing JPA EntityManager
15:56:20.343 [Test worker] DEBUG o.h.e.j.i.LogicalConnectionImpl - Releasing JDBC connection
15:56:20.343 [Test worker] DEBUG o.h.e.j.i.LogicalConnectionImpl - Released JDBC connection
15:56:20.344 [Test worker] DEBUG o.s.t.c.s.AbstractDirtiesContextTestExecutionListener - After test class: context [DefaultTestContext@a8a599a testClass = CompleteChangeRequestStepDefs, testInstance = [null], testMethod = [null], testException = [null], mergedContextConfiguration = [WebMergedContextConfiguration@291c37c8 testClass = CompleteChangeRequestStepDefs, locations = '{}', classes = '{class sciConsole.SciConsoleApplication, class sciConsole.controller.SessionController, class sciConsole.controller.AccountController, class sciConsole.controller.ChangeRequestController, class sciConsole.SecurityConfig, class sciConsole.WebConfig}', contextInitializerClasses = '[]', activeProfiles = '{}', propertySourceLocations = '{}', propertySourceProperties = '{}', resourceBasePath = 'src/main/webapp', contextLoader = 'org.springframework.test.context.web.WebDelegatingSmartContextLoader', parent = [null]]], class annotated with @DirtiesContext [false] with mode [null].
15:56:20.403 [Test worker] DEBUG o.s.b.f.s.DefaultListableBeanFactory - Returning cached instance of singleton bean 'springSecurityFilterChain'
15:56:20.403 [Test worker] DEBUG o.s.test.util.ReflectionTestUtils - Invoking method 'getFilters' on target [FilterChainProxy[Filter Chains: [[ org.springframework.security.web.util.matcher.AnyRequestMatcher@1, [org.springframework.security.web.access.channel.ChannelProcessingFilter@2ad101f0, org.springframework.security.web.context.request.async.WebAsyncManagerIntegrationFilter@7a1601ea, org.springframework.security.web.context.SecurityContextPersistenceFilter@1ed920ed, org.springframework.security.web.header.HeaderWriterFilter@54d81890, org.springframework.security.web.csrf.CsrfFilter@3a7f45ac, org.springframework.security.web.authentication.logout.LogoutFilter@53f60b35, org.springframework.security.web.authentication.UsernamePasswordAuthenticationFilter@7d51c9ea, org.springframework.security.web.savedrequest.RequestCacheAwareFilter@42c2e682, org.springframework.security.web.servletapi.SecurityContextHolderAwareRequestFilter@3524fe79, org.springframework.security.web.authentication.AnonymousAuthenticationFilter@56b23bee, org.springframework.security.web.session.SessionManagementFilter@7785c534, org.springframework.security.web.access.ExceptionTranslationFilter@5ac7316e, org.springframework.security.web.access.intercept.FilterSecurityInterceptor@879e25e]]]]] with arguments [{org.springframework.mock.web.MockHttpServletRequest@76c105f3}]
15:56:20.403 [Test worker] DEBUG o.s.test.util.ReflectionTestUtils - Getting field 'repo' from target object [org.springframework.security.web.context.SecurityContextPersistenceFilter@1ed920ed] or target class [class org.springframework.security.web.context.SecurityContextPersistenceFilter]
15:56:20.403 [Test worker] DEBUG o.s.s.w.c.HttpSessionSecurityContextRepository - No HttpSession currently exists
15:56:20.403 [Test worker] DEBUG o.s.s.w.c.HttpSessionSecurityContextRepository - No SecurityContext was available from the HttpSession: null. A new one will be created.
15:56:20.403 [Test worker] DEBUG o.s.s.w.c.HttpSessionSecurityContextRepository - HttpSession being created as SecurityContext is non-default
15:56:20.403 [Test worker] DEBUG o.s.s.w.c.HttpSessionSecurityContextRepository - SecurityContext 'org.springframework.security.core.context.SecurityContextImpl@12d42c1e: Authentication: org.springframework.security.authentication.UsernamePasswordAuthenticationToken@12d42c1e: Principal: Alice; Credentials: [PROTECTED]; Authenticated: true; Details: null; Granted Authorities: ROLE_DEVELOPER' stored to HttpSession: 'org.springframework.mock.web.MockHttpSession@10d11d3
15:56:20.403 [Test worker] DEBUG o.s.security.web.FilterChainProxy - /assess-change-request at position 1 of 13 in additional filter chain; firing Filter: 'ChannelProcessingFilter'
15:56:20.403 [Test worker] DEBUG o.s.s.w.a.c.ChannelProcessingFilter - Request: FilterInvocation: URL: /assess-change-request; ConfigAttributes: [REQUIRES_SECURE_CHANNEL]
15:56:20.403 [Test worker] DEBUG o.s.s.w.a.c.RetryWithHttpsEntryPoint - Redirecting to: https://localhost/assess-change-request
15:56:20.403 [Test worker] DEBUG o.s.s.web.DefaultRedirectStrategy - Redirecting to 'https://localhost/assess-change-request'
15:56:20.404 [Test worker] DEBUG o.s.b.f.s.DefaultListableBeanFactory - Returning cached instance of singleton bean 'springSecurityFilterChain'
15:56:20.404 [Test worker] DEBUG o.s.test.util.ReflectionTestUtils - Invoking method 'getFilters' on target [FilterChainProxy[Filter Chains: [[ org.springframework.security.web.util.matcher.AnyRequestMatcher@1, [org.springframework.security.web.access.channel.ChannelProcessingFilter@2ad101f0, org.springframework.security.web.context.request.async.WebAsyncManagerIntegrationFilter@7a1601ea, org.springframework.security.web.context.SecurityContextPersistenceFilter@1ed920ed, org.springframework.security.web.header.HeaderWriterFilter@54d81890, org.springframework.security.web.csrf.CsrfFilter@3a7f45ac, org.springframework.security.web.authentication.logout.LogoutFilter@53f60b35, org.springframework.security.web.authentication.UsernamePasswordAuthenticationFilter@7d51c9ea, org.springframework.security.web.savedrequest.RequestCacheAwareFilter@42c2e682, org.springframework.security.web.servletapi.SecurityContextHolderAwareRequestFilter@3524fe79, org.springframework.security.web.authentication.AnonymousAuthenticationFilter@56b23bee, org.springframework.security.web.session.SessionManagementFilter@7785c534, org.springframework.security.web.access.ExceptionTranslationFilter@5ac7316e, org.springframework.security.web.access.intercept.FilterSecurityInterceptor@879e25e]]]]] with arguments [{org.springframework.mock.web.MockHttpServletRequest@76c105f3}]
15:56:20.404 [Test worker] DEBUG o.s.test.util.ReflectionTestUtils - Getting field 'repo' from target object [org.springframework.security.web.context.SecurityContextPersistenceFilter@1ed920ed] or target class [class org.springframework.security.web.context.SecurityContextPersistenceFilter]
15:56:20.404 [Test worker] DEBUG o.s.s.w.c.HttpSessionSecurityContextRepository - Obtained a valid SecurityContext from SPRING_SECURITY_CONTEXT: 'org.springframework.security.core.context.SecurityContextImpl@12d42c1e: Authentication: org.springframework.security.authentication.UsernamePasswordAuthenticationToken@12d42c1e: Principal: Alice; Credentials: [PROTECTED]; Authenticated: true; Details: null; Granted Authorities: ROLE_DEVELOPER'
15:56:20.405 [Test worker] DEBUG o.s.orm.jpa.JpaTransactionManager - Creating new transaction with name [org.springframework.data.jpa.repository.support.SimpleJpaRepository.deleteAll]: PROPAGATION_REQUIRED,ISOLATION_DEFAULT; ''
15:56:20.406 [Test worker] DEBUG o.s.orm.jpa.JpaTransactionManager - Opened new EntityManager [org.hibernate.jpa.internal.EntityManagerImpl@7c4ec927] for JPA transaction
15:56:20.406 [Test worker] DEBUG o.h.e.t.spi.AbstractTransactionImpl - begin
15:56:20.406 [Test worker] DEBUG o.h.e.j.i.LogicalConnectionImpl - Obtaining JDBC connection
15:56:20.406 [Test worker] DEBUG o.s.j.d.DriverManagerDataSource - Creating new JDBC DriverManager Connection to [jdbc:mysql://127.0.0.1:3306/wrp3]
15:56:20.410 [Test worker] DEBUG o.h.e.j.i.LogicalConnectionImpl - Obtained JDBC connection
15:56:20.410 [Test worker] DEBUG o.h.e.t.i.jdbc.JdbcTransaction - initial autocommit status: true
15:56:20.410 [Test worker] DEBUG o.h.e.t.i.jdbc.JdbcTransaction - disabling autocommit
15:56:20.410 [Test worker] DEBUG o.s.orm.jpa.JpaTransactionManager - Exposing JPA transaction as JDBC transaction [org.springframework.orm.jpa.vendor.HibernateJpaDialect$HibernateConnectionHandle@4c6a5fff]
15:56:20.410 [Test worker] DEBUG o.h.jpa.criteria.CriteriaQueryImpl - Rendered criteria query -> select generatedAlias0 from Request as generatedAlias0
15:56:20.411 [Test worker] DEBUG org.hibernate.SQL - select request0_.request_id as request_1_3_, request0_.assign_to as assign_t2_3_, request0_.created_by as created_3_3_, request0_.date_created as date_cre4_3_, request0_.date_complete as date_com5_3_, request0_.due_date as due_date6_3_, request0_.priority as priority7_3_, request0_.reject_reason as reject_r8_3_, request0_.req_desc as req_desc9_3_, request0_.req_solution as req_sol10_3_, request0_.sci_id as sci_id11_3_, request0_.status as status12_3_, request0_.assigned_to as assigne13_3_, request0_.version_id as version14_3_ from request request0_
15:56:20.411 [Test worker] DEBUG o.s.orm.jpa.JpaTransactionManager - Initiating transaction commit
15:56:20.411 [Test worker] DEBUG o.s.orm.jpa.JpaTransactionManager - Committing JPA transaction on EntityManager [org.hibernate.jpa.internal.EntityManagerImpl@7c4ec927]
15:56:20.411 [Test worker] DEBUG o.h.e.t.spi.AbstractTransactionImpl - committing
15:56:20.412 [Test worker] DEBUG o.h.e.t.i.jdbc.JdbcTransaction - committed JDBC Connection
15:56:20.412 [Test worker] DEBUG o.h.e.t.i.jdbc.JdbcTransaction - re-enabling autocommit
15:56:20.412 [Test worker] DEBUG o.s.orm.jpa.JpaTransactionManager - Closing JPA EntityManager [org.hibernate.jpa.internal.EntityManagerImpl@7c4ec927] after transaction
15:56:20.412 [Test worker] DEBUG o.s.o.jpa.EntityManagerFactoryUtils - Closing JPA EntityManager
15:56:20.412 [Test worker] DEBUG o.h.e.j.i.LogicalConnectionImpl - Releasing JDBC connection
15:56:20.412 [Test worker] DEBUG o.h.e.j.i.LogicalConnectionImpl - Released JDBC connection
15:56:20.412 [Test worker] DEBUG o.s.orm.jpa.JpaTransactionManager - Creating new transaction with name [org.springframework.data.jpa.repository.support.SimpleJpaRepository.save]: PROPAGATION_REQUIRED,ISOLATION_DEFAULT; ''
15:56:20.412 [Test worker] DEBUG o.s.orm.jpa.JpaTransactionManager - Opened new EntityManager [org.hibernate.jpa.internal.EntityManagerImpl@522d745e] for JPA transaction
15:56:20.413 [Test worker] DEBUG o.h.e.t.spi.AbstractTransactionImpl - begin
15:56:20.413 [Test worker] DEBUG o.h.e.j.i.LogicalConnectionImpl - Obtaining JDBC connection
15:56:20.413 [Test worker] DEBUG o.s.j.d.DriverManagerDataSource - Creating new JDBC DriverManager Connection to [jdbc:mysql://127.0.0.1:3306/wrp3]
15:56:20.417 [Test worker] DEBUG o.h.e.j.i.LogicalConnectionImpl - Obtained JDBC connection
15:56:20.417 [Test worker] DEBUG o.h.e.t.i.jdbc.JdbcTransaction - initial autocommit status: true
15:56:20.417 [Test worker] DEBUG o.h.e.t.i.jdbc.JdbcTransaction - disabling autocommit
15:56:20.417 [Test worker] DEBUG o.s.orm.jpa.JpaTransactionManager - Exposing JPA transaction as JDBC transaction [org.springframework.orm.jpa.vendor.HibernateJpaDialect$HibernateConnectionHandle@6ffcdf6e]
15:56:20.417 [Test worker] DEBUG o.s.orm.jpa.JpaTransactionManager - Initiating transaction commit
15:56:20.417 [Test worker] DEBUG o.s.orm.jpa.JpaTransactionManager - Committing JPA transaction on EntityManager [org.hibernate.jpa.internal.EntityManagerImpl@522d745e]
15:56:20.417 [Test worker] DEBUG o.h.e.t.spi.AbstractTransactionImpl - committing
15:56:20.417 [Test worker] DEBUG o.h.e.t.i.jdbc.JdbcTransaction - committed JDBC Connection
15:56:20.417 [Test worker] DEBUG o.h.e.t.i.jdbc.JdbcTransaction - re-enabling autocommit
15:56:20.418 [Test worker] DEBUG o.s.orm.jpa.JpaTransactionManager - Closing JPA EntityManager [org.hibernate.jpa.internal.EntityManagerImpl@522d745e] after transaction
15:56:20.418 [Test worker] DEBUG o.s.o.jpa.EntityManagerFactoryUtils - Closing JPA EntityManager
15:56:20.418 [Test worker] DEBUG o.h.e.j.i.LogicalConnectionImpl - Releasing JDBC connection
15:56:20.418 [Test worker] DEBUG o.h.e.j.i.LogicalConnectionImpl - Released JDBC connection
15:56:20.419 [Test worker] DEBUG o.s.orm.jpa.JpaTransactionManager - Creating new transaction with name [org.springframework.data.jpa.repository.support.SimpleJpaRepository.deleteAll]: PROPAGATION_REQUIRED,ISOLATION_DEFAULT; ''
15:56:20.419 [Test worker] DEBUG o.s.orm.jpa.JpaTransactionManager - Opened new EntityManager [org.hibernate.jpa.internal.EntityManagerImpl@7eba5e88] for JPA transaction
15:56:20.419 [Test worker] DEBUG o.h.e.t.spi.AbstractTransactionImpl - begin
15:56:20.419 [Test worker] DEBUG o.h.e.j.i.LogicalConnectionImpl - Obtaining JDBC connection
15:56:20.419 [Test worker] DEBUG o.s.j.d.DriverManagerDataSource - Creating new JDBC DriverManager Connection to [jdbc:mysql://127.0.0.1:3306/wrp3]
15:56:20.423 [Test worker] DEBUG o.h.e.j.i.LogicalConnectionImpl - Obtained JDBC connection
15:56:20.423 [Test worker] DEBUG o.h.e.t.i.jdbc.JdbcTransaction - initial autocommit status: true
15:56:20.423 [Test worker] DEBUG o.h.e.t.i.jdbc.JdbcTransaction - disabling autocommit
15:56:20.423 [Test worker] DEBUG o.s.orm.jpa.JpaTransactionManager - Exposing JPA transaction as JDBC transaction [org.springframework.orm.jpa.vendor.HibernateJpaDialect$HibernateConnectionHandle@6b15127e]
15:56:20.423 [Test worker] DEBUG o.h.jpa.criteria.CriteriaQueryImpl - Rendered criteria query -> select generatedAlias0 from Request as generatedAlias0
15:56:20.423 [Test worker] DEBUG org.hibernate.SQL - select request0_.request_id as request_1_3_, request0_.assign_to as assign_t2_3_, request0_.created_by as created_3_3_, request0_.date_created as date_cre4_3_, request0_.date_complete as date_com5_3_, request0_.due_date as due_date6_3_, request0_.priority as priority7_3_, request0_.reject_reason as reject_r8_3_, request0_.req_desc as req_desc9_3_, request0_.req_solution as req_sol10_3_, request0_.sci_id as sci_id11_3_, request0_.status as status12_3_, request0_.assigned_to as assigne13_3_, request0_.version_id as version14_3_ from request request0_
15:56:20.424 [Test worker] DEBUG o.s.orm.jpa.JpaTransactionManager - Initiating transaction commit
15:56:20.424 [Test worker] DEBUG o.s.orm.jpa.JpaTransactionManager - Committing JPA transaction on EntityManager [org.hibernate.jpa.internal.EntityManagerImpl@7eba5e88]
15:56:20.424 [Test worker] DEBUG o.h.e.t.spi.AbstractTransactionImpl - committing
15:56:20.424 [Test worker] DEBUG o.h.e.t.i.jdbc.JdbcTransaction - committed JDBC Connection
15:56:20.424 [Test worker] DEBUG o.h.e.t.i.jdbc.JdbcTransaction - re-enabling autocommit
15:56:20.425 [Test worker] DEBUG o.s.orm.jpa.JpaTransactionManager - Closing JPA EntityManager [org.hibernate.jpa.internal.EntityManagerImpl@7eba5e88] after transaction
15:56:20.425 [Test worker] DEBUG o.s.o.jpa.EntityManagerFactoryUtils - Closing JPA EntityManager
15:56:20.425 [Test worker] DEBUG o.h.e.j.i.LogicalConnectionImpl - Releasing JDBC connection
15:56:20.425 [Test worker] DEBUG o.h.e.j.i.LogicalConnectionImpl - Released JDBC connection
15:56:20.425 [Test worker] DEBUG o.s.orm.jpa.JpaTransactionManager - Creating new transaction with name [org.springframework.data.jpa.repository.support.SimpleJpaRepository.save]: PROPAGATION_REQUIRED,ISOLATION_DEFAULT; ''
15:56:20.425 [Test worker] DEBUG o.s.orm.jpa.JpaTransactionManager - Opened new EntityManager [org.hibernate.jpa.internal.EntityManagerImpl@79c4c3fd] for JPA transaction
15:56:20.425 [Test worker] DEBUG o.h.e.t.spi.AbstractTransactionImpl - begin
15:56:20.425 [Test worker] DEBUG o.h.e.j.i.LogicalConnectionImpl - Obtaining JDBC connection
15:56:20.425 [Test worker] DEBUG o.s.j.d.DriverManagerDataSource - Creating new JDBC DriverManager Connection to [jdbc:mysql://127.0.0.1:3306/wrp3]
15:56:20.429 [Test worker] DEBUG o.h.e.j.i.LogicalConnectionImpl - Obtained JDBC connection
15:56:20.429 [Test worker] DEBUG o.h.e.t.i.jdbc.JdbcTransaction - initial autocommit status: true
15:56:20.429 [Test worker] DEBUG o.h.e.t.i.jdbc.JdbcTransaction - disabling autocommit
15:56:20.429 [Test worker] DEBUG o.s.orm.jpa.JpaTransactionManager - Exposing JPA transaction as JDBC transaction [org.springframework.orm.jpa.vendor.HibernateJpaDialect$HibernateConnectionHandle@d11ff46]
15:56:20.429 [Test worker] DEBUG o.s.orm.jpa.JpaTransactionManager - Initiating transaction commit
15:56:20.429 [Test worker] DEBUG o.s.orm.jpa.JpaTransactionManager - Committing JPA transaction on EntityManager [org.hibernate.jpa.internal.EntityManagerImpl@79c4c3fd]
15:56:20.429 [Test worker] DEBUG o.h.e.t.spi.AbstractTransactionImpl - committing
15:56:20.429 [Test worker] DEBUG o.h.e.t.i.jdbc.JdbcTransaction - committed JDBC Connection
15:56:20.429 [Test worker] DEBUG o.h.e.t.i.jdbc.JdbcTransaction - re-enabling autocommit
15:56:20.430 [Test worker] DEBUG o.s.orm.jpa.JpaTransactionManager - Closing JPA EntityManager [org.hibernate.jpa.internal.EntityManagerImpl@79c4c3fd] after transaction
15:56:20.430 [Test worker] DEBUG o.s.o.jpa.EntityManagerFactoryUtils - Closing JPA EntityManager
15:56:20.430 [Test worker] DEBUG o.h.e.j.i.LogicalConnectionImpl - Releasing JDBC connection
15:56:20.430 [Test worker] DEBUG o.h.e.j.i.LogicalConnectionImpl - Released JDBC connection
15:56:20.431 [Test worker] DEBUG o.s.orm.jpa.JpaTransactionManager - Creating new transaction with name [org.springframework.data.jpa.repository.support.SimpleJpaRepository.deleteAll]: PROPAGATION_REQUIRED,ISOLATION_DEFAULT; ''
15:56:20.431 [Test worker] DEBUG o.s.orm.jpa.JpaTransactionManager - Opened new EntityManager [org.hibernate.jpa.internal.EntityManagerImpl@4ca4fbb] for JPA transaction
15:56:20.431 [Test worker] DEBUG o.h.e.t.spi.AbstractTransactionImpl - begin
15:56:20.431 [Test worker] DEBUG o.h.e.j.i.LogicalConnectionImpl - Obtaining JDBC connection
15:56:20.431 [Test worker] DEBUG o.s.j.d.DriverManagerDataSource - Creating new JDBC DriverManager Connection to [jdbc:mysql://127.0.0.1:3306/wrp3]
15:56:20.435 [Test worker] DEBUG o.h.e.j.i.LogicalConnectionImpl - Obtained JDBC connection
15:56:20.435 [Test worker] DEBUG o.h.e.t.i.jdbc.JdbcTransaction - initial autocommit status: true
15:56:20.435 [Test worker] DEBUG o.h.e.t.i.jdbc.JdbcTransaction - disabling autocommit
15:56:20.435 [Test worker] DEBUG o.s.orm.jpa.JpaTransactionManager - Exposing JPA transaction as JDBC transaction [org.springframework.orm.jpa.vendor.HibernateJpaDialect$HibernateConnectionHandle@5cb545cd]
15:56:20.435 [Test worker] DEBUG o.h.jpa.criteria.CriteriaQueryImpl - Rendered criteria query -> select generatedAlias0 from User as generatedAlias0
15:56:20.435 [Test worker] DEBUG org.hibernate.SQL - select user0_.id as id1_8_, user0_.login as login2_8_, user0_.password as password3_8_, user0_1_.role_id as role_id1_7_ from users user0_ left outer join user_roles user0_1_ on user0_.id=user0_1_.user_id
15:56:20.436 [Test worker] DEBUG org.hibernate.loader.Loader - Result set row: 0
15:56:20.436 [Test worker] DEBUG org.hibernate.loader.Loader - Result row: EntityKey[sciConsole.domain.User#31]
15:56:20.436 [Test worker] DEBUG org.hibernate.loader.Loader - Result set row: 1
15:56:20.436 [Test worker] DEBUG org.hibernate.loader.Loader - Result row: EntityKey[sciConsole.domain.User#32]
15:56:20.436 [Test worker] DEBUG o.h.engine.internal.TwoPhaseLoad - Resolving associations for [sciConsole.domain.User#31]
15:56:20.436 [Test worker] DEBUG org.hibernate.SQL - select role0_.id as id1_4_0_, role0_.role as role2_4_0_ from roles role0_ where role0_.id=?
15:56:20.437 [Test worker] DEBUG o.h.l.p.e.p.i.ResultSetProcessorImpl - Starting ResultSet row #0
15:56:20.437 [Test worker] DEBUG o.h.l.p.e.p.i.EntityReferenceInitializerImpl - On call to EntityIdentifierReaderImpl#resolve, EntityKey was already known; should only happen on root returns with an optional identifier specified
15:56:20.437 [Test worker] DEBUG o.h.engine.internal.TwoPhaseLoad - Resolving associations for [sciConsole.domain.Role#2]
15:56:20.437 [Test worker] DEBUG o.h.engine.internal.TwoPhaseLoad - Done materializing entity [sciConsole.domain.Role#2]
15:56:20.437 [Test worker] DEBUG o.h.l.e.p.AbstractLoadPlanBasedEntityLoader - Done entity load : sciConsole.domain.Role#2
15:56:20.438 [Test worker] DEBUG o.h.engine.internal.TwoPhaseLoad - Done materializing entity [sciConsole.domain.User#31]
15:56:20.438 [Test worker] DEBUG o.h.engine.internal.TwoPhaseLoad - Resolving associations for [sciConsole.domain.User#32]
15:56:20.438 [Test worker] DEBUG org.hibernate.SQL - select role0_.id as id1_4_0_, role0_.role as role2_4_0_ from roles role0_ where role0_.id=?
15:56:20.438 [Test worker] DEBUG o.h.l.p.e.p.i.ResultSetProcessorImpl - Starting ResultSet row #0
15:56:20.438 [Test worker] DEBUG o.h.l.p.e.p.i.EntityReferenceInitializerImpl - On call to EntityIdentifierReaderImpl#resolve, EntityKey was already known; should only happen on root returns with an optional identifier specified
15:56:20.438 [Test worker] DEBUG o.h.engine.internal.TwoPhaseLoad - Resolving associations for [sciConsole.domain.Role#1]
15:56:20.438 [Test worker] DEBUG o.h.engine.internal.TwoPhaseLoad - Done materializing entity [sciConsole.domain.Role#1]
15:56:20.439 [Test worker] DEBUG o.h.l.e.p.AbstractLoadPlanBasedEntityLoader - Done entity load : sciConsole.domain.Role#1
15:56:20.439 [Test worker] DEBUG o.h.engine.internal.TwoPhaseLoad - Done materializing entity [sciConsole.domain.User#32]
15:56:20.439 [Test worker] DEBUG o.h.l.c.p.AbstractLoadPlanBasedCollectionInitializer - Loading collection: [sciConsole.domain.Role.userRoles#2]
15:56:20.439 [Test worker] DEBUG org.hibernate.SQL - select userroles0_.role_id as role_id1_4_0_, userroles0_.user_id as user_id2_7_0_, user1_.id as id1_8_1_, user1_.login as login2_8_1_, user1_.password as password3_8_1_, user1_1_.role_id as role_id1_7_1_ from user_roles userroles0_ inner join users user1_ on userroles0_.user_id=user1_.id left outer join user_roles user1_1_ on user1_.id=user1_1_.user_id where userroles0_.role_id=?
15:56:20.440 [Test worker] DEBUG o.h.l.p.e.p.i.ResultSetProcessorImpl - Preparing collection intializer : [sciConsole.domain.Role.userRoles#2]
15:56:20.440 [Test worker] DEBUG o.h.l.p.e.p.i.ResultSetProcessorImpl - Starting ResultSet row #0
15:56:20.440 [Test worker] DEBUG o.h.l.p.e.p.i.CollectionReferenceInitializerImpl - Found row of collection: [sciConsole.domain.Role.userRoles#2]
15:56:20.440 [Test worker] DEBUG o.h.e.l.i.CollectionLoadContext - 1 collections were found in result set for role: sciConsole.domain.Role.userRoles
15:56:20.440 [Test worker] DEBUG o.h.e.l.i.CollectionLoadContext - Collection fully initialized: [sciConsole.domain.Role.userRoles#2]
15:56:20.440 [Test worker] DEBUG o.h.e.l.i.CollectionLoadContext - 1 collections initialized for role: sciConsole.domain.Role.userRoles
15:56:20.440 [Test worker] DEBUG o.h.l.c.p.AbstractLoadPlanBasedCollectionInitializer - Done loading collection
15:56:20.441 [Test worker] DEBUG o.h.l.c.p.AbstractLoadPlanBasedCollectionInitializer - Loading collection: [sciConsole.domain.Role.userRoles#1]
15:56:20.441 [Test worker] DEBUG org.hibernate.SQL - select userroles0_.role_id as role_id1_4_0_, userroles0_.user_id as user_id2_7_0_, user1_.id as id1_8_1_, user1_.login as login2_8_1_, user1_.password as password3_8_1_, user1_1_.role_id as role_id1_7_1_ from user_roles userroles0_ inner join users user1_ on userroles0_.user_id=user1_.id left outer join user_roles user1_1_ on user1_.id=user1_1_.user_id where userroles0_.role_id=?
15:56:20.441 [Test worker] DEBUG o.h.l.p.e.p.i.ResultSetProcessorImpl - Preparing collection intializer : [sciConsole.domain.Role.userRoles#1]
15:56:20.441 [Test worker] DEBUG o.h.l.p.e.p.i.ResultSetProcessorImpl - Starting ResultSet row #0
15:56:20.441 [Test worker] DEBUG o.h.l.p.e.p.i.CollectionReferenceInitializerImpl - Found row of collection: [sciConsole.domain.Role.userRoles#1]
15:56:20.441 [Test worker] DEBUG o.h.e.l.i.CollectionLoadContext - 1 collections were found in result set for role: sciConsole.domain.Role.userRoles
15:56:20.442 [Test worker] DEBUG o.h.e.l.i.CollectionLoadContext - Collection fully initialized: [sciConsole.domain.Role.userRoles#1]
15:56:20.442 [Test worker] DEBUG o.h.e.l.i.CollectionLoadContext - 1 collections initialized for role: sciConsole.domain.Role.userRoles
15:56:20.442 [Test worker] DEBUG o.h.l.c.p.AbstractLoadPlanBasedCollectionInitializer - Done loading collection
15:56:20.442 [Test worker] DEBUG o.s.orm.jpa.JpaTransactionManager - Initiating transaction commit
15:56:20.442 [Test worker] DEBUG o.s.orm.jpa.JpaTransactionManager - Committing JPA transaction on EntityManager [org.hibernate.jpa.internal.EntityManagerImpl@4ca4fbb]
15:56:20.442 [Test worker] DEBUG o.h.e.t.spi.AbstractTransactionImpl - committing
15:56:20.442 [Test worker] DEBUG o.h.e.i.AbstractFlushingEventListener - Processing flush-time cascades
15:56:20.442 [Test worker] DEBUG o.h.e.i.AbstractFlushingEventListener - Dirty checking collections
15:56:20.442 [Test worker] DEBUG o.h.engine.internal.Collections - Collection dereferenced: [sciConsole.domain.Role.userRoles#2]
15:56:20.442 [Test worker] DEBUG o.h.engine.internal.Collections - Collection dereferenced: [sciConsole.domain.Role.userRoles#1]
15:56:20.442 [Test worker] DEBUG o.h.e.i.AbstractFlushingEventListener - Flushed: 0 insertions, 0 updates, 4 deletions to 4 objects
15:56:20.443 [Test worker] DEBUG o.h.e.i.AbstractFlushingEventListener - Flushed: 0 (re)creations, 0 updates, 2 removals to 2 collections
15:56:20.443 [Test worker] DEBUG o.h.internal.util.EntityPrinter - Listing entities:
15:56:20.443 [Test worker] DEBUG o.h.internal.util.EntityPrinter - sciConsole.domain.User{password=$2a$10$sbTqPCC0wB2c4IE5Y5RCdeWLIvtjAKEHFzHluAg7LiqkSdZNujJn2, role=sciConsole.domain.Role#2, id=31, login=Alice}
15:56:20.443 [Test worker] DEBUG o.h.internal.util.EntityPrinter - sciConsole.domain.User{password=$2a$10$UQ/jCMwn14H5VdHO4or0L.xvlGoplsSsRXHjXdbYij9UEArHJzsE2, role=sciConsole.domain.Role#1, id=32, login=Bob}
15:56:20.443 [Test worker] DEBUG o.h.internal.util.EntityPrinter - sciConsole.domain.Role{userRoles=[sciConsole.domain.User#32], role=MANAGER, id=1}
15:56:20.443 [Test worker] DEBUG o.h.internal.util.EntityPrinter - sciConsole.domain.Role{userRoles=[sciConsole.domain.User#31], role=DEVELOPER, id=2}
15:56:20.443 [Test worker] DEBUG o.h.p.c.AbstractCollectionPersister - Deleting collection: [sciConsole.domain.Role.userRoles#2]
15:56:20.443 [Test worker] DEBUG org.hibernate.SQL - delete from user_roles where role_id=?
15:56:20.444 [Test worker] DEBUG o.h.p.c.AbstractCollectionPersister - Done deleting collection
15:56:20.444 [Test worker] DEBUG o.h.p.c.AbstractCollectionPersister - Deleting collection: [sciConsole.domain.Role.userRoles#1]
15:56:20.444 [Test worker] DEBUG org.hibernate.SQL - delete from user_roles where role_id=?
15:56:20.444 [Test worker] DEBUG o.h.p.c.AbstractCollectionPersister - Done deleting collection
15:56:20.444 [Test worker] DEBUG org.hibernate.SQL - delete from user_roles where user_id=?
15:56:20.445 [Test worker] DEBUG org.hibernate.SQL - delete from users where id=?
15:56:20.445 [Test worker] DEBUG org.hibernate.SQL - delete from roles where id=?
15:56:20.446 [Test worker] DEBUG org.hibernate.SQL - delete from user_roles where user_id=?
15:56:20.446 [Test worker] DEBUG org.hibernate.SQL - delete from users where id=?
15:56:20.447 [Test worker] DEBUG org.hibernate.SQL - delete from roles where id=?
15:56:20.452 [Test worker] DEBUG o.h.e.t.i.jdbc.JdbcTransaction - committed JDBC Connection
15:56:20.452 [Test worker] DEBUG o.h.e.t.i.jdbc.JdbcTransaction - re-enabling autocommit
15:56:20.452 [Test worker] DEBUG o.s.orm.jpa.JpaTransactionManager - Closing JPA EntityManager [org.hibernate.jpa.internal.EntityManagerImpl@4ca4fbb] after transaction
15:56:20.452 [Test worker] DEBUG o.s.o.jpa.EntityManagerFactoryUtils - Closing JPA EntityManager
15:56:20.452 [Test worker] DEBUG o.h.e.j.internal.JdbcCoordinatorImpl - HHH000420: Closing un-released batch
15:56:20.452 [Test worker] DEBUG o.h.e.j.i.LogicalConnectionImpl - Releasing JDBC connection
15:56:20.452 [Test worker] DEBUG o.h.e.j.i.LogicalConnectionImpl - Released JDBC connection
15:56:20.453 [Test worker] DEBUG o.s.orm.jpa.JpaTransactionManager - Creating new transaction with name [org.springframework.data.jpa.repository.support.SimpleJpaRepository.deleteAll]: PROPAGATION_REQUIRED,ISOLATION_DEFAULT; ''
15:56:20.453 [Test worker] DEBUG o.s.orm.jpa.JpaTransactionManager - Opened new EntityManager [org.hibernate.jpa.internal.EntityManagerImpl@77bec1ed] for JPA transaction
15:56:20.453 [Test worker] DEBUG o.h.e.t.spi.AbstractTransactionImpl - begin
15:56:20.453 [Test worker] DEBUG o.h.e.j.i.LogicalConnectionImpl - Obtaining JDBC connection
15:56:20.453 [Test worker] DEBUG o.s.j.d.DriverManagerDataSource - Creating new JDBC DriverManager Connection to [jdbc:mysql://127.0.0.1:3306/wrp3]
15:56:20.456 [Test worker] DEBUG o.h.e.j.i.LogicalConnectionImpl - Obtained JDBC connection
15:56:20.456 [Test worker] DEBUG o.h.e.t.i.jdbc.JdbcTransaction - initial autocommit status: true
15:56:20.457 [Test worker] DEBUG o.h.e.t.i.jdbc.JdbcTransaction - disabling autocommit
15:56:20.457 [Test worker] DEBUG o.s.orm.jpa.JpaTransactionManager - Exposing JPA transaction as JDBC transaction [org.springframework.orm.jpa.vendor.HibernateJpaDialect$HibernateConnectionHandle@6b52d546]
15:56:20.457 [Test worker] DEBUG o.h.jpa.criteria.CriteriaQueryImpl - Rendered criteria query -> select generatedAlias0 from Role as generatedAlias0
15:56:20.457 [Test worker] DEBUG org.hibernate.SQL - select role0_.id as id1_4_, role0_.role as role2_4_ from roles role0_
15:56:20.458 [Test worker] DEBUG o.s.orm.jpa.JpaTransactionManager - Initiating transaction commit
15:56:20.458 [Test worker] DEBUG o.s.orm.jpa.JpaTransactionManager - Committing JPA transaction on EntityManager [org.hibernate.jpa.internal.EntityManagerImpl@77bec1ed]
15:56:20.458 [Test worker] DEBUG o.h.e.t.spi.AbstractTransactionImpl - committing
15:56:20.458 [Test worker] DEBUG o.h.e.t.i.jdbc.JdbcTransaction - committed JDBC Connection
15:56:20.458 [Test worker] DEBUG o.h.e.t.i.jdbc.JdbcTransaction - re-enabling autocommit
15:56:20.458 [Test worker] DEBUG o.s.orm.jpa.JpaTransactionManager - Closing JPA EntityManager [org.hibernate.jpa.internal.EntityManagerImpl@77bec1ed] after transaction
15:56:20.458 [Test worker] DEBUG o.s.o.jpa.EntityManagerFactoryUtils - Closing JPA EntityManager
15:56:20.458 [Test worker] DEBUG o.h.e.j.i.LogicalConnectionImpl - Releasing JDBC connection
15:56:20.459 [Test worker] DEBUG o.h.e.j.i.LogicalConnectionImpl - Released JDBC connection
15:56:20.459 [Test worker] DEBUG o.s.orm.jpa.JpaTransactionManager - Creating new transaction with name [org.springframework.data.jpa.repository.support.SimpleJpaRepository.save]: PROPAGATION_REQUIRED,ISOLATION_DEFAULT; ''
15:56:20.459 [Test worker] DEBUG o.s.orm.jpa.JpaTransactionManager - Opened new EntityManager [org.hibernate.jpa.internal.EntityManagerImpl@47c9973c] for JPA transaction
15:56:20.459 [Test worker] DEBUG o.h.e.t.spi.AbstractTransactionImpl - begin
15:56:20.459 [Test worker] DEBUG o.h.e.j.i.LogicalConnectionImpl - Obtaining JDBC connection
15:56:20.459 [Test worker] DEBUG o.s.j.d.DriverManagerDataSource - Creating new JDBC DriverManager Connection to [jdbc:mysql://127.0.0.1:3306/wrp3]
15:56:20.463 [Test worker] DEBUG o.h.e.j.i.LogicalConnectionImpl - Obtained JDBC connection
15:56:20.463 [Test worker] DEBUG o.h.e.t.i.jdbc.JdbcTransaction - initial autocommit status: true
15:56:20.463 [Test worker] DEBUG o.h.e.t.i.jdbc.JdbcTransaction - disabling autocommit
15:56:20.463 [Test worker] DEBUG o.s.orm.jpa.JpaTransactionManager - Exposing JPA transaction as JDBC transaction [org.springframework.orm.jpa.vendor.HibernateJpaDialect$HibernateConnectionHandle@96ba9de]
15:56:20.463 [Test worker] DEBUG org.hibernate.loader.Loader - Loading entity: [sciConsole.domain.User#31]
15:56:20.464 [Test worker] DEBUG org.hibernate.SQL - select user0_.id as id1_8_1_, user0_.login as login2_8_1_, user0_.password as password3_8_1_, user0_1_.role_id as role_id1_7_1_, role1_.id as id1_4_0_, role1_.role as role2_4_0_ from users user0_ left outer join user_roles user0_1_ on user0_.id=user0_1_.user_id left outer join roles role1_ on user0_1_.role_id=role1_.id where user0_.id=?
15:56:20.464 [Test worker] DEBUG org.hibernate.loader.Loader - Done entity load
15:56:20.465 [Test worker] DEBUG org.hibernate.loader.Loader - Loading entity: [sciConsole.domain.Role#2]
15:56:20.465 [Test worker] DEBUG org.hibernate.SQL - select role0_.id as id1_4_1_, role0_.role as role2_4_1_, userroles1_.role_id as role_id1_4_3_, user2_.id as user_id2_7_3_, user2_.id as id1_8_0_, user2_.login as login2_8_0_, user2_.password as password3_8_0_, user2_1_.role_id as role_id1_7_0_ from roles role0_ left outer join user_roles userroles1_ on role0_.id=userroles1_.role_id left outer join users user2_ on userroles1_.user_id=user2_.id left outer join user_roles user2_1_ on user2_.id=user2_1_.user_id where role0_.id=?
15:56:20.465 [Test worker] DEBUG o.h.e.l.i.CollectionLoadContext - No collections were found in result set for role: sciConsole.domain.Role.userRoles
15:56:20.465 [Test worker] DEBUG org.hibernate.loader.Loader - Done entity load
15:56:20.466 [Test worker] DEBUG o.h.e.i.AbstractSaveEventListener - Generated identifier: 2, using strategy: org.hibernate.id.Assigned
15:56:20.466 [Test worker] DEBUG org.hibernate.SQL - insert into roles (role, id) values (?, ?)
15:56:20.467 [Test worker] DEBUG org.hibernate.engine.spi.ActionQueue - Executing identity-insert immediately
15:56:20.468 [Test worker] DEBUG org.hibernate.SQL - insert into users (login, password) values (?, ?)
15:56:20.468 [Test worker] DEBUG o.h.id.IdentifierGeneratorHelper - Natively generated identity: 33
15:56:20.468 [Test worker] DEBUG org.hibernate.SQL - insert into user_roles (role_id, user_id) values (?, ?)
15:56:20.469 [Test worker] DEBUG org.hibernate.loader.Loader - Loading entity: [sciConsole.domain.User#32]
15:56:20.469 [Test worker] DEBUG org.hibernate.SQL - select user0_.id as id1_8_1_, user0_.login as login2_8_1_, user0_.password as password3_8_1_, user0_1_.role_id as role_id1_7_1_, role1_.id as id1_4_0_, role1_.role as role2_4_0_ from users user0_ left outer join user_roles user0_1_ on user0_.id=user0_1_.user_id left outer join roles role1_ on user0_1_.role_id=role1_.id where user0_.id=?
15:56:20.470 [Test worker] DEBUG org.hibernate.loader.Loader - Done entity load
15:56:20.470 [Test worker] DEBUG org.hibernate.loader.Loader - Loading entity: [sciConsole.domain.Role#1]
15:56:20.470 [Test worker] DEBUG org.hibernate.SQL - select role0_.id as id1_4_1_, role0_.role as role2_4_1_, userroles1_.role_id as role_id1_4_3_, user2_.id as user_id2_7_3_, user2_.id as id1_8_0_, user2_.login as login2_8_0_, user2_.password as password3_8_0_, user2_1_.role_id as role_id1_7_0_ from roles role0_ left outer join user_roles userroles1_ on role0_.id=userroles1_.role_id left outer join users user2_ on userroles1_.user_id=user2_.id left outer join user_roles user2_1_ on user2_.id=user2_1_.user_id where role0_.id=?
15:56:20.471 [Test worker] DEBUG o.h.e.l.i.CollectionLoadContext - No collections were found in result set for role: sciConsole.domain.Role.userRoles
15:56:20.471 [Test worker] DEBUG org.hibernate.loader.Loader - Done entity load
15:56:20.471 [Test worker] DEBUG o.h.e.i.AbstractSaveEventListener - Generated identifier: 1, using strategy: org.hibernate.id.Assigned
15:56:20.472 [Test worker] DEBUG org.hibernate.SQL - insert into roles (role, id) values (?, ?)
15:56:20.472 [Test worker] DEBUG org.hibernate.engine.spi.ActionQueue - Executing identity-insert immediately
15:56:20.472 [Test worker] DEBUG org.hibernate.SQL - insert into users (login, password) values (?, ?)
15:56:20.473 [Test worker] DEBUG o.h.id.IdentifierGeneratorHelper - Natively generated identity: 34
15:56:20.473 [Test worker] DEBUG org.hibernate.SQL - insert into user_roles (role_id, user_id) values (?, ?)
15:56:20.474 [Test worker] DEBUG o.s.orm.jpa.JpaTransactionManager - Initiating transaction commit
15:56:20.474 [Test worker] DEBUG o.s.orm.jpa.JpaTransactionManager - Committing JPA transaction on EntityManager [org.hibernate.jpa.internal.EntityManagerImpl@47c9973c]
15:56:20.474 [Test worker] DEBUG o.h.e.t.spi.AbstractTransactionImpl - committing
15:56:20.474 [Test worker] DEBUG o.h.e.i.AbstractFlushingEventListener - Processing flush-time cascades
15:56:20.474 [Test worker] DEBUG o.h.e.i.AbstractFlushingEventListener - Dirty checking collections
15:56:20.474 [Test worker] DEBUG o.h.e.i.AbstractFlushingEventListener - Flushed: 0 insertions, 0 updates, 0 deletions to 4 objects
15:56:20.474 [Test worker] DEBUG o.h.e.i.AbstractFlushingEventListener - Flushed: 0 (re)creations, 0 updates, 0 removals to 0 collections
15:56:20.475 [Test worker] DEBUG o.h.internal.util.EntityPrinter - Listing entities:
15:56:20.475 [Test worker] DEBUG o.h.internal.util.EntityPrinter - sciConsole.domain.User{password=$2a$10$sbTqPCC0wB2c4IE5Y5RCdeWLIvtjAKEHFzHluAg7LiqkSdZNujJn2, role=sciConsole.domain.Role#2, id=33, login=Alice}
15:56:20.475 [Test worker] DEBUG o.h.internal.util.EntityPrinter - sciConsole.domain.Role{userRoles=null, role=MANAGER, id=1}
15:56:20.475 [Test worker] DEBUG o.h.internal.util.EntityPrinter - sciConsole.domain.Role{userRoles=null, role=DEVELOPER, id=2}
15:56:20.475 [Test worker] DEBUG o.h.internal.util.EntityPrinter - sciConsole.domain.User{password=$2a$10$UQ/jCMwn14H5VdHO4or0L.xvlGoplsSsRXHjXdbYij9UEArHJzsE2, role=sciConsole.domain.Role#1, id=34, login=Bob}
15:56:20.477 [Test worker] DEBUG o.h.e.t.i.jdbc.JdbcTransaction - committed JDBC Connection
15:56:20.477 [Test worker] DEBUG o.h.e.t.i.jdbc.JdbcTransaction - re-enabling autocommit
15:56:20.478 [Test worker] DEBUG o.s.orm.jpa.JpaTransactionManager - Closing JPA EntityManager [org.hibernate.jpa.internal.EntityManagerImpl@47c9973c] after transaction
15:56:20.478 [Test worker] DEBUG o.s.o.jpa.EntityManagerFactoryUtils - Closing JPA EntityManager
15:56:20.478 [Test worker] DEBUG o.h.e.j.internal.JdbcCoordinatorImpl - HHH000420: Closing un-released batch
15:56:20.478 [Test worker] DEBUG o.h.e.j.i.LogicalConnectionImpl - Releasing JDBC connection
15:56:20.478 [Test worker] DEBUG o.h.e.j.i.LogicalConnectionImpl - Released JDBC connection
15:56:20.478 [Test worker] DEBUG o.s.orm.jpa.JpaTransactionManager - Creating new transaction with name [org.springframework.data.jpa.repository.support.SimpleJpaRepository.save]: PROPAGATION_REQUIRED,ISOLATION_DEFAULT; ''
15:56:20.478 [Test worker] DEBUG o.s.orm.jpa.JpaTransactionManager - Opened new EntityManager [org.hibernate.jpa.internal.EntityManagerImpl@2f3becac] for JPA transaction
15:56:20.478 [Test worker] DEBUG o.h.e.t.spi.AbstractTransactionImpl - begin
15:56:20.478 [Test worker] DEBUG o.h.e.j.i.LogicalConnectionImpl - Obtaining JDBC connection
15:56:20.478 [Test worker] DEBUG o.s.j.d.DriverManagerDataSource - Creating new JDBC DriverManager Connection to [jdbc:mysql://127.0.0.1:3306/wrp3]
15:56:20.481 [Test worker] DEBUG o.h.e.j.i.LogicalConnectionImpl - Obtained JDBC connection
15:56:20.481 [Test worker] DEBUG o.h.e.t.i.jdbc.JdbcTransaction - initial autocommit status: true
15:56:20.481 [Test worker] DEBUG o.h.e.t.i.jdbc.JdbcTransaction - disabling autocommit
15:56:20.482 [Test worker] DEBUG o.s.orm.jpa.JpaTransactionManager - Exposing JPA transaction as JDBC transaction [org.springframework.orm.jpa.vendor.HibernateJpaDialect$HibernateConnectionHandle@4709664d]
15:56:20.482 [Test worker] DEBUG org.hibernate.loader.Loader - Loading entity: [sciConsole.domain.Role#1]
15:56:20.482 [Test worker] DEBUG org.hibernate.SQL - select role0_.id as id1_4_1_, role0_.role as role2_4_1_, userroles1_.role_id as role_id1_4_3_, user2_.id as user_id2_7_3_, user2_.id as id1_8_0_, user2_.login as login2_8_0_, user2_.password as password3_8_0_, user2_1_.role_id as role_id1_7_0_ from roles role0_ left outer join user_roles userroles1_ on role0_.id=userroles1_.role_id left outer join users user2_ on userroles1_.user_id=user2_.id left outer join user_roles user2_1_ on user2_.id=user2_1_.user_id where role0_.id=?
15:56:20.482 [Test worker] DEBUG org.hibernate.loader.Loader - Result set row: 0
15:56:20.483 [Test worker] DEBUG org.hibernate.loader.Loader - Result row: EntityKey[sciConsole.domain.User#34], EntityKey[sciConsole.domain.Role#1]
15:56:20.483 [Test worker] DEBUG org.hibernate.loader.Loader - Found row of collection: [sciConsole.domain.Role.userRoles#1]
15:56:20.483 [Test worker] DEBUG o.h.engine.internal.TwoPhaseLoad - Resolving associations for [sciConsole.domain.User#34]
15:56:20.483 [Test worker] DEBUG o.h.engine.internal.TwoPhaseLoad - Done materializing entity [sciConsole.domain.User#34]
15:56:20.483 [Test worker] DEBUG o.h.engine.internal.TwoPhaseLoad - Resolving associations for [sciConsole.domain.Role#1]
15:56:20.483 [Test worker] DEBUG o.h.engine.internal.TwoPhaseLoad - Done materializing entity [sciConsole.domain.Role#1]
15:56:20.483 [Test worker] DEBUG o.h.e.l.i.CollectionLoadContext - 1 collections were found in result set for role: sciConsole.domain.Role.userRoles
15:56:20.483 [Test worker] DEBUG o.h.e.l.i.CollectionLoadContext - Collection fully initialized: [sciConsole.domain.Role.userRoles#1]
15:56:20.483 [Test worker] DEBUG o.h.e.l.i.CollectionLoadContext - 1 collections initialized for role: sciConsole.domain.Role.userRoles
15:56:20.484 [Test worker] DEBUG org.hibernate.loader.Loader - Done entity load
15:56:20.484 [Test worker] DEBUG org.hibernate.loader.Loader - Loading entity: [sciConsole.domain.Role#2]
15:56:20.484 [Test worker] DEBUG org.hibernate.SQL - select role0_.id as id1_4_1_, role0_.role as role2_4_1_, userroles1_.role_id as role_id1_4_3_, user2_.id as user_id2_7_3_, user2_.id as id1_8_0_, user2_.login as login2_8_0_, user2_.password as password3_8_0_, user2_1_.role_id as role_id1_7_0_ from roles role0_ left outer join user_roles userroles1_ on role0_.id=userroles1_.role_id left outer join users user2_ on userroles1_.user_id=user2_.id left outer join user_roles user2_1_ on user2_.id=user2_1_.user_id where role0_.id=?
15:56:20.485 [Test worker] DEBUG org.hibernate.loader.Loader - Result set row: 0
15:56:20.485 [Test worker] DEBUG org.hibernate.loader.Loader - Result row: EntityKey[sciConsole.domain.User#33], EntityKey[sciConsole.domain.Role#2]
15:56:20.485 [Test worker] DEBUG org.hibernate.loader.Loader - Found row of collection: [sciConsole.domain.Role.userRoles#2]
15:56:20.485 [Test worker] DEBUG o.h.engine.internal.TwoPhaseLoad - Resolving associations for [sciConsole.domain.User#33]
15:56:20.485 [Test worker] DEBUG o.h.engine.internal.TwoPhaseLoad - Done materializing entity [sciConsole.domain.User#33]
15:56:20.485 [Test worker] DEBUG o.h.engine.internal.TwoPhaseLoad - Resolving associations for [sciConsole.domain.Role#2]
15:56:20.485 [Test worker] DEBUG o.h.engine.internal.TwoPhaseLoad - Done materializing entity [sciConsole.domain.Role#2]
15:56:20.485 [Test worker] DEBUG o.h.e.l.i.CollectionLoadContext - 1 collections were found in result set for role: sciConsole.domain.Role.userRoles
15:56:20.485 [Test worker] DEBUG o.h.e.l.i.CollectionLoadContext - Collection fully initialized: [sciConsole.domain.Role.userRoles#2]
15:56:20.485 [Test worker] DEBUG o.h.e.l.i.CollectionLoadContext - 1 collections initialized for role: sciConsole.domain.Role.userRoles
15:56:20.486 [Test worker] DEBUG org.hibernate.loader.Loader - Done entity load
15:56:20.486 [Test worker] DEBUG o.s.orm.jpa.JpaTransactionManager - Initiating transaction commit
15:56:20.486 [Test worker] DEBUG o.s.orm.jpa.JpaTransactionManager - Committing JPA transaction on EntityManager [org.hibernate.jpa.internal.EntityManagerImpl@2f3becac]
15:56:20.486 [Test worker] DEBUG o.h.e.t.spi.AbstractTransactionImpl - committing
15:56:20.486 [Test worker] DEBUG o.h.e.i.AbstractFlushingEventListener - Processing flush-time cascades
15:56:20.486 [Test worker] DEBUG o.h.e.i.AbstractFlushingEventListener - Dirty checking collections
15:56:20.486 [Test worker] DEBUG o.h.engine.internal.Collections - Collection found: [sciConsole.domain.Role.userRoles#1], was: [sciConsole.domain.Role.userRoles#1] (initialized)
15:56:20.486 [Test worker] DEBUG o.h.engine.internal.Collections - Collection found: [sciConsole.domain.Role.userRoles#2], was: [sciConsole.domain.Role.userRoles#2] (initialized)
15:56:20.487 [Test worker] DEBUG o.h.e.i.AbstractFlushingEventListener - Flushed: 0 insertions, 0 updates, 0 deletions to 4 objects
15:56:20.487 [Test worker] DEBUG o.h.e.i.AbstractFlushingEventListener - Flushed: 0 (re)creations, 0 updates, 0 removals to 2 collections
15:56:20.487 [Test worker] DEBUG o.h.internal.util.EntityPrinter - Listing entities:
15:56:20.487 [Test worker] DEBUG o.h.internal.util.EntityPrinter - sciConsole.domain.Role{userRoles=[sciConsole.domain.User#34], role=MANAGER, id=1}
15:56:20.487 [Test worker] DEBUG o.h.internal.util.EntityPrinter - sciConsole.domain.User{password=$2a$10$sbTqPCC0wB2c4IE5Y5RCdeWLIvtjAKEHFzHluAg7LiqkSdZNujJn2, role=sciConsole.domain.Role#2, id=33, login=Alice}
15:56:20.487 [Test worker] DEBUG o.h.internal.util.EntityPrinter - sciConsole.domain.User{password=$2a$10$UQ/jCMwn14H5VdHO4or0L.xvlGoplsSsRXHjXdbYij9UEArHJzsE2, role=sciConsole.domain.Role#1, id=34, login=Bob}
15:56:20.487 [Test worker] DEBUG o.h.internal.util.EntityPrinter - sciConsole.domain.Role{userRoles=[sciConsole.domain.User#33], role=DEVELOPER, id=2}
15:56:20.487 [Test worker] DEBUG o.h.e.t.i.jdbc.JdbcTransaction - committed JDBC Connection
15:56:20.487 [Test worker] DEBUG o.h.e.t.i.jdbc.JdbcTransaction - re-enabling autocommit
15:56:20.487 [Test worker] DEBUG o.s.orm.jpa.JpaTransactionManager - Closing JPA EntityManager [org.hibernate.jpa.internal.EntityManagerImpl@2f3becac] after transaction
15:56:20.487 [Test worker] DEBUG o.s.o.jpa.EntityManagerFactoryUtils - Closing JPA EntityManager
15:56:20.487 [Test worker] DEBUG o.h.e.j.i.LogicalConnectionImpl - Releasing JDBC connection
15:56:20.487 [Test worker] DEBUG o.h.e.j.i.LogicalConnectionImpl - Released JDBC connection
15:56:20.488 [Test worker] DEBUG o.s.t.c.s.AbstractDirtiesContextTestExecutionListener - After test class: context [DefaultTestContext@fb7d1c3 testClass = CompleteChangeRequestStepDefs, testInstance = [null], testMethod = [null], testException = [null], mergedContextConfiguration = [WebMergedContextConfiguration@1770b322 testClass = CompleteChangeRequestStepDefs, locations = '{}', classes = '{class sciConsole.SciConsoleApplication, class sciConsole.controller.SessionController, class sciConsole.controller.AccountController, class sciConsole.controller.ChangeRequestController, class sciConsole.SecurityConfig, class sciConsole.WebConfig}', contextInitializerClasses = '[]', activeProfiles = '{}', propertySourceLocations = '{}', propertySourceProperties = '{}', resourceBasePath = 'src/main/webapp', contextLoader = 'org.springframework.test.context.web.WebDelegatingSmartContextLoader', parent = [null]]], class annotated with @DirtiesContext [false] with mode [null].
15:56:20.541 [Test worker] DEBUG o.s.b.f.s.DefaultListableBeanFactory - Returning cached instance of singleton bean 'springSecurityFilterChain'
15:56:20.541 [Test worker] DEBUG o.s.test.util.ReflectionTestUtils - Invoking method 'getFilters' on target [FilterChainProxy[Filter Chains: [[ org.springframework.security.web.util.matcher.AnyRequestMatcher@1, [org.springframework.security.web.access.channel.ChannelProcessingFilter@2ad101f0, org.springframework.security.web.context.request.async.WebAsyncManagerIntegrationFilter@7a1601ea, org.springframework.security.web.context.SecurityContextPersistenceFilter@1ed920ed, org.springframework.security.web.header.HeaderWriterFilter@54d81890, org.springframework.security.web.csrf.CsrfFilter@3a7f45ac, org.springframework.security.web.authentication.logout.LogoutFilter@53f60b35, org.springframework.security.web.authentication.UsernamePasswordAuthenticationFilter@7d51c9ea, org.springframework.security.web.savedrequest.RequestCacheAwareFilter@42c2e682, org.springframework.security.web.servletapi.SecurityContextHolderAwareRequestFilter@3524fe79, org.springframework.security.web.authentication.AnonymousAuthenticationFilter@56b23bee, org.springframework.security.web.session.SessionManagementFilter@7785c534, org.springframework.security.web.access.ExceptionTranslationFilter@5ac7316e, org.springframework.security.web.access.intercept.FilterSecurityInterceptor@879e25e]]]]] with arguments [{org.springframework.mock.web.MockHttpServletRequest@26389567}]
15:56:20.541 [Test worker] DEBUG o.s.test.util.ReflectionTestUtils - Getting field 'repo' from target object [org.springframework.security.web.context.SecurityContextPersistenceFilter@1ed920ed] or target class [class org.springframework.security.web.context.SecurityContextPersistenceFilter]
15:56:20.541 [Test worker] DEBUG o.s.s.w.c.HttpSessionSecurityContextRepository - No HttpSession currently exists
15:56:20.541 [Test worker] DEBUG o.s.s.w.c.HttpSessionSecurityContextRepository - No SecurityContext was available from the HttpSession: null. A new one will be created.
15:56:20.541 [Test worker] DEBUG o.s.s.w.c.HttpSessionSecurityContextRepository - HttpSession being created as SecurityContext is non-default
15:56:20.541 [Test worker] DEBUG o.s.s.w.c.HttpSessionSecurityContextRepository - SecurityContext 'org.springframework.security.core.context.SecurityContextImpl@34a51dda: Authentication: org.springframework.security.authentication.UsernamePasswordAuthenticationToken@34a51dda: Principal: Bob; Credentials: [PROTECTED]; Authenticated: true; Details: null; Granted Authorities: ROLE_MANAGER' stored to HttpSession: 'org.springframework.mock.web.MockHttpSession@f4ffac9
15:56:20.541 [Test worker] DEBUG o.s.security.web.FilterChainProxy - /assess-change-request at position 1 of 13 in additional filter chain; firing Filter: 'ChannelProcessingFilter'
15:56:20.542 [Test worker] DEBUG o.s.s.w.a.c.ChannelProcessingFilter - Request: FilterInvocation: URL: /assess-change-request; ConfigAttributes: [REQUIRES_SECURE_CHANNEL]
15:56:20.542 [Test worker] DEBUG o.s.s.w.a.c.RetryWithHttpsEntryPoint - Redirecting to: https://localhost/assess-change-request
15:56:20.542 [Test worker] DEBUG o.s.s.web.DefaultRedirectStrategy - Redirecting to 'https://localhost/assess-change-request'
15:56:20.542 [Test worker] DEBUG o.s.b.f.s.DefaultListableBeanFactory - Returning cached instance of singleton bean 'springSecurityFilterChain'
15:56:20.543 [Test worker] DEBUG o.s.test.util.ReflectionTestUtils - Invoking method 'getFilters' on target [FilterChainProxy[Filter Chains: [[ org.springframework.security.web.util.matcher.AnyRequestMatcher@1, [org.springframework.security.web.access.channel.ChannelProcessingFilter@2ad101f0, org.springframework.security.web.context.request.async.WebAsyncManagerIntegrationFilter@7a1601ea, org.springframework.security.web.context.SecurityContextPersistenceFilter@1ed920ed, org.springframework.security.web.header.HeaderWriterFilter@54d81890, org.springframework.security.web.csrf.CsrfFilter@3a7f45ac, org.springframework.security.web.authentication.logout.LogoutFilter@53f60b35, org.springframework.security.web.authentication.UsernamePasswordAuthenticationFilter@7d51c9ea, org.springframework.security.web.savedrequest.RequestCacheAwareFilter@42c2e682, org.springframework.security.web.servletapi.SecurityContextHolderAwareRequestFilter@3524fe79, org.springframework.security.web.authentication.AnonymousAuthenticationFilter@56b23bee, org.springframework.security.web.session.SessionManagementFilter@7785c534, org.springframework.security.web.access.ExceptionTranslationFilter@5ac7316e, org.springframework.security.web.access.intercept.FilterSecurityInterceptor@879e25e]]]]] with arguments [{org.springframework.mock.web.MockHttpServletRequest@26389567}]
15:56:20.543 [Test worker] DEBUG o.s.test.util.ReflectionTestUtils - Getting field 'repo' from target object [org.springframework.security.web.context.SecurityContextPersistenceFilter@1ed920ed] or target class [class org.springframework.security.web.context.SecurityContextPersistenceFilter]
15:56:20.543 [Test worker] DEBUG o.s.s.w.c.HttpSessionSecurityContextRepository - Obtained a valid SecurityContext from SPRING_SECURITY_CONTEXT: 'org.springframework.security.core.context.SecurityContextImpl@34a51dda: Authentication: org.springframework.security.authentication.UsernamePasswordAuthenticationToken@34a51dda: Principal: Bob; Credentials: [PROTECTED]; Authenticated: true; Details: null; Granted Authorities: ROLE_MANAGER'
15:56:20.543 [Test worker] DEBUG o.s.orm.jpa.JpaTransactionManager - Creating new transaction with name [org.springframework.data.jpa.repository.support.SimpleJpaRepository.deleteAll]: PROPAGATION_REQUIRED,ISOLATION_DEFAULT; ''
15:56:20.543 [Test worker] DEBUG o.s.orm.jpa.JpaTransactionManager - Opened new EntityManager [org.hibernate.jpa.internal.EntityManagerImpl@2f7e179d] for JPA transaction
15:56:20.543 [Test worker] DEBUG o.h.e.t.spi.AbstractTransactionImpl - begin
15:56:20.543 [Test worker] DEBUG o.h.e.j.i.LogicalConnectionImpl - Obtaining JDBC connection
15:56:20.543 [Test worker] DEBUG o.s.j.d.DriverManagerDataSource - Creating new JDBC DriverManager Connection to [jdbc:mysql://127.0.0.1:3306/wrp3]
15:56:20.547 [Test worker] DEBUG o.h.e.j.i.LogicalConnectionImpl - Obtained JDBC connection
15:56:20.547 [Test worker] DEBUG o.h.e.t.i.jdbc.JdbcTransaction - initial autocommit status: true
15:56:20.547 [Test worker] DEBUG o.h.e.t.i.jdbc.JdbcTransaction - disabling autocommit
15:56:20.547 [Test worker] DEBUG o.s.orm.jpa.JpaTransactionManager - Exposing JPA transaction as JDBC transaction [org.springframework.orm.jpa.vendor.HibernateJpaDialect$HibernateConnectionHandle@6845c760]
15:56:20.547 [Test worker] DEBUG o.h.jpa.criteria.CriteriaQueryImpl - Rendered criteria query -> select generatedAlias0 from Request as generatedAlias0
15:56:20.548 [Test worker] DEBUG org.hibernate.SQL - select request0_.request_id as request_1_3_, request0_.assign_to as assign_t2_3_, request0_.created_by as created_3_3_, request0_.date_created as date_cre4_3_, request0_.date_complete as date_com5_3_, request0_.due_date as due_date6_3_, request0_.priority as priority7_3_, request0_.reject_reason as reject_r8_3_, request0_.req_desc as req_desc9_3_, request0_.req_solution as req_sol10_3_, request0_.sci_id as sci_id11_3_, request0_.status as status12_3_, request0_.assigned_to as assigne13_3_, request0_.version_id as version14_3_ from request request0_
15:56:20.548 [Test worker] DEBUG o.s.orm.jpa.JpaTransactionManager - Initiating transaction commit
15:56:20.548 [Test worker] DEBUG o.s.orm.jpa.JpaTransactionManager - Committing JPA transaction on EntityManager [org.hibernate.jpa.internal.EntityManagerImpl@2f7e179d]
15:56:20.548 [Test worker] DEBUG o.h.e.t.spi.AbstractTransactionImpl - committing
15:56:20.549 [Test worker] DEBUG o.h.e.t.i.jdbc.JdbcTransaction - committed JDBC Connection
15:56:20.549 [Test worker] DEBUG o.h.e.t.i.jdbc.JdbcTransaction - re-enabling autocommit
15:56:20.549 [Test worker] DEBUG o.s.orm.jpa.JpaTransactionManager - Closing JPA EntityManager [org.hibernate.jpa.internal.EntityManagerImpl@2f7e179d] after transaction
15:56:20.549 [Test worker] DEBUG o.s.o.jpa.EntityManagerFactoryUtils - Closing JPA EntityManager
15:56:20.549 [Test worker] DEBUG o.h.e.j.i.LogicalConnectionImpl - Releasing JDBC connection
15:56:20.549 [Test worker] DEBUG o.h.e.j.i.LogicalConnectionImpl - Released JDBC connection
15:56:20.549 [Test worker] DEBUG o.s.orm.jpa.JpaTransactionManager - Creating new transaction with name [org.springframework.data.jpa.repository.support.SimpleJpaRepository.save]: PROPAGATION_REQUIRED,ISOLATION_DEFAULT; ''
15:56:20.549 [Test worker] DEBUG o.s.orm.jpa.JpaTransactionManager - Opened new EntityManager [org.hibernate.jpa.internal.EntityManagerImpl@65ca7c94] for JPA transaction
15:56:20.549 [Test worker] DEBUG o.h.e.t.spi.AbstractTransactionImpl - begin
15:56:20.549 [Test worker] DEBUG o.h.e.j.i.LogicalConnectionImpl - Obtaining JDBC connection
15:56:20.549 [Test worker] DEBUG o.s.j.d.DriverManagerDataSource - Creating new JDBC DriverManager Connection to [jdbc:mysql://127.0.0.1:3306/wrp3]
15:56:20.552 [Test worker] DEBUG o.h.e.j.i.LogicalConnectionImpl - Obtained JDBC connection
15:56:20.552 [Test worker] DEBUG o.h.e.t.i.jdbc.JdbcTransaction - initial autocommit status: true
15:56:20.552 [Test worker] DEBUG o.h.e.t.i.jdbc.JdbcTransaction - disabling autocommit
15:56:20.553 [Test worker] DEBUG o.s.orm.jpa.JpaTransactionManager - Exposing JPA transaction as JDBC transaction [org.springframework.orm.jpa.vendor.HibernateJpaDialect$HibernateConnectionHandle@17096f9f]
15:56:20.553 [Test worker] DEBUG o.s.orm.jpa.JpaTransactionManager - Initiating transaction commit
15:56:20.553 [Test worker] DEBUG o.s.orm.jpa.JpaTransactionManager - Committing JPA transaction on EntityManager [org.hibernate.jpa.internal.EntityManagerImpl@65ca7c94]
15:56:20.553 [Test worker] DEBUG o.h.e.t.spi.AbstractTransactionImpl - committing
15:56:20.553 [Test worker] DEBUG o.h.e.t.i.jdbc.JdbcTransaction - committed JDBC Connection
15:56:20.553 [Test worker] DEBUG o.h.e.t.i.jdbc.JdbcTransaction - re-enabling autocommit
15:56:20.553 [Test worker] DEBUG o.s.orm.jpa.JpaTransactionManager - Closing JPA EntityManager [org.hibernate.jpa.internal.EntityManagerImpl@65ca7c94] after transaction
15:56:20.553 [Test worker] DEBUG o.s.o.jpa.EntityManagerFactoryUtils - Closing JPA EntityManager
15:56:20.553 [Test worker] DEBUG o.h.e.j.i.LogicalConnectionImpl - Releasing JDBC connection
15:56:20.553 [Test worker] DEBUG o.h.e.j.i.LogicalConnectionImpl - Released JDBC connection
15:56:20.554 [Test worker] DEBUG o.s.orm.jpa.JpaTransactionManager - Creating new transaction with name [org.springframework.data.jpa.repository.support.SimpleJpaRepository.deleteAll]: PROPAGATION_REQUIRED,ISOLATION_DEFAULT; ''
15:56:20.554 [Test worker] DEBUG o.s.orm.jpa.JpaTransactionManager - Opened new EntityManager [org.hibernate.jpa.internal.EntityManagerImpl@f99286b] for JPA transaction
15:56:20.554 [Test worker] DEBUG o.h.e.t.spi.AbstractTransactionImpl - begin
15:56:20.554 [Test worker] DEBUG o.h.e.j.i.LogicalConnectionImpl - Obtaining JDBC connection
15:56:20.554 [Test worker] DEBUG o.s.j.d.DriverManagerDataSource - Creating new JDBC DriverManager Connection to [jdbc:mysql://127.0.0.1:3306/wrp3]
15:56:20.558 [Test worker] DEBUG o.h.e.j.i.LogicalConnectionImpl - Obtained JDBC connection
15:56:20.558 [Test worker] DEBUG o.h.e.t.i.jdbc.JdbcTransaction - initial autocommit status: true
15:56:20.558 [Test worker] DEBUG o.h.e.t.i.jdbc.JdbcTransaction - disabling autocommit
15:56:20.558 [Test worker] DEBUG o.s.orm.jpa.JpaTransactionManager - Exposing JPA transaction as JDBC transaction [org.springframework.orm.jpa.vendor.HibernateJpaDialect$HibernateConnectionHandle@274a2dda]
15:56:20.558 [Test worker] DEBUG o.h.jpa.criteria.CriteriaQueryImpl - Rendered criteria query -> select generatedAlias0 from Request as generatedAlias0
15:56:20.558 [Test worker] DEBUG org.hibernate.SQL - select request0_.request_id as request_1_3_, request0_.assign_to as assign_t2_3_, request0_.created_by as created_3_3_, request0_.date_created as date_cre4_3_, request0_.date_complete as date_com5_3_, request0_.due_date as due_date6_3_, request0_.priority as priority7_3_, request0_.reject_reason as reject_r8_3_, request0_.req_desc as req_desc9_3_, request0_.req_solution as req_sol10_3_, request0_.sci_id as sci_id11_3_, request0_.status as status12_3_, request0_.assigned_to as assigne13_3_, request0_.version_id as version14_3_ from request request0_
15:56:20.559 [Test worker] DEBUG o.s.orm.jpa.JpaTransactionManager - Initiating transaction commit
15:56:20.559 [Test worker] DEBUG o.s.orm.jpa.JpaTransactionManager - Committing JPA transaction on EntityManager [org.hibernate.jpa.internal.EntityManagerImpl@f99286b]
15:56:20.559 [Test worker] DEBUG o.h.e.t.spi.AbstractTransactionImpl - committing
15:56:20.560 [Test worker] DEBUG o.h.e.t.i.jdbc.JdbcTransaction - committed JDBC Connection
15:56:20.560 [Test worker] DEBUG o.h.e.t.i.jdbc.JdbcTransaction - re-enabling autocommit
15:56:20.560 [Test worker] DEBUG o.s.orm.jpa.JpaTransactionManager - Closing JPA EntityManager [org.hibernate.jpa.internal.EntityManagerImpl@f99286b] after transaction
15:56:20.560 [Test worker] DEBUG o.s.o.jpa.EntityManagerFactoryUtils - Closing JPA EntityManager
15:56:20.560 [Test worker] DEBUG o.h.e.j.i.LogicalConnectionImpl - Releasing JDBC connection
15:56:20.560 [Test worker] DEBUG o.h.e.j.i.LogicalConnectionImpl - Released JDBC connection
15:56:20.560 [Test worker] DEBUG o.s.orm.jpa.JpaTransactionManager - Creating new transaction with name [org.springframework.data.jpa.repository.support.SimpleJpaRepository.save]: PROPAGATION_REQUIRED,ISOLATION_DEFAULT; ''
15:56:20.560 [Test worker] DEBUG o.s.orm.jpa.JpaTransactionManager - Opened new EntityManager [org.hibernate.jpa.internal.EntityManagerImpl@2877d1f3] for JPA transaction
15:56:20.560 [Test worker] DEBUG o.h.e.t.spi.AbstractTransactionImpl - begin
15:56:20.560 [Test worker] DEBUG o.h.e.j.i.LogicalConnectionImpl - Obtaining JDBC connection
15:56:20.561 [Test worker] DEBUG o.s.j.d.DriverManagerDataSource - Creating new JDBC DriverManager Connection to [jdbc:mysql://127.0.0.1:3306/wrp3]
15:56:20.564 [Test worker] DEBUG o.h.e.j.i.LogicalConnectionImpl - Obtained JDBC connection
15:56:20.564 [Test worker] DEBUG o.h.e.t.i.jdbc.JdbcTransaction - initial autocommit status: true
15:56:20.564 [Test worker] DEBUG o.h.e.t.i.jdbc.JdbcTransaction - disabling autocommit
15:56:20.564 [Test worker] DEBUG o.s.orm.jpa.JpaTransactionManager - Exposing JPA transaction as JDBC transaction [org.springframework.orm.jpa.vendor.HibernateJpaDialect$HibernateConnectionHandle@5d4e9747]
15:56:20.564 [Test worker] DEBUG o.s.orm.jpa.JpaTransactionManager - Initiating transaction commit
15:56:20.564 [Test worker] DEBUG o.s.orm.jpa.JpaTransactionManager - Committing JPA transaction on EntityManager [org.hibernate.jpa.internal.EntityManagerImpl@2877d1f3]
15:56:20.564 [Test worker] DEBUG o.h.e.t.spi.AbstractTransactionImpl - committing
15:56:20.565 [Test worker] DEBUG o.h.e.t.i.jdbc.JdbcTransaction - committed JDBC Connection
15:56:20.565 [Test worker] DEBUG o.h.e.t.i.jdbc.JdbcTransaction - re-enabling autocommit
15:56:20.565 [Test worker] DEBUG o.s.orm.jpa.JpaTransactionManager - Closing JPA EntityManager [org.hibernate.jpa.internal.EntityManagerImpl@2877d1f3] after transaction
15:56:20.565 [Test worker] DEBUG o.s.o.jpa.EntityManagerFactoryUtils - Closing JPA EntityManager
15:56:20.565 [Test worker] DEBUG o.h.e.j.i.LogicalConnectionImpl - Releasing JDBC connection
15:56:20.565 [Test worker] DEBUG o.h.e.j.i.LogicalConnectionImpl - Released JDBC connection
15:56:20.565 [Test worker] DEBUG o.s.orm.jpa.JpaTransactionManager - Creating new transaction with name [org.springframework.data.jpa.repository.support.SimpleJpaRepository.deleteAll]: PROPAGATION_REQUIRED,ISOLATION_DEFAULT; ''
15:56:20.566 [Test worker] DEBUG o.s.orm.jpa.JpaTransactionManager - Opened new EntityManager [org.hibernate.jpa.internal.EntityManagerImpl@12f8d5c2] for JPA transaction
15:56:20.566 [Test worker] DEBUG o.h.e.t.spi.AbstractTransactionImpl - begin
15:56:20.566 [Test worker] DEBUG o.h.e.j.i.LogicalConnectionImpl - Obtaining JDBC connection
15:56:20.566 [Test worker] DEBUG o.s.j.d.DriverManagerDataSource - Creating new JDBC DriverManager Connection to [jdbc:mysql://127.0.0.1:3306/wrp3]
15:56:20.569 [Test worker] DEBUG o.h.e.j.i.LogicalConnectionImpl - Obtained JDBC connection
15:56:20.569 [Test worker] DEBUG o.h.e.t.i.jdbc.JdbcTransaction - initial autocommit status: true
15:56:20.569 [Test worker] DEBUG o.h.e.t.i.jdbc.JdbcTransaction - disabling autocommit
15:56:20.569 [Test worker] DEBUG o.s.orm.jpa.JpaTransactionManager - Exposing JPA transaction as JDBC transaction [org.springframework.orm.jpa.vendor.HibernateJpaDialect$HibernateConnectionHandle@2ba27ddb]
15:56:20.569 [Test worker] DEBUG o.h.jpa.criteria.CriteriaQueryImpl - Rendered criteria query -> select generatedAlias0 from User as generatedAlias0
15:56:20.570 [Test worker] DEBUG org.hibernate.SQL - select user0_.id as id1_8_, user0_.login as login2_8_, user0_.password as password3_8_, user0_1_.role_id as role_id1_7_ from users user0_ left outer join user_roles user0_1_ on user0_.id=user0_1_.user_id
15:56:20.570 [Test worker] DEBUG org.hibernate.loader.Loader - Result set row: 0
15:56:20.570 [Test worker] DEBUG org.hibernate.loader.Loader - Result row: EntityKey[sciConsole.domain.User#33]
15:56:20.570 [Test worker] DEBUG org.hibernate.loader.Loader - Result set row: 1
15:56:20.570 [Test worker] DEBUG org.hibernate.loader.Loader - Result row: EntityKey[sciConsole.domain.User#34]
15:56:20.571 [Test worker] DEBUG o.h.engine.internal.TwoPhaseLoad - Resolving associations for [sciConsole.domain.User#33]
15:56:20.571 [Test worker] DEBUG org.hibernate.SQL - select role0_.id as id1_4_0_, role0_.role as role2_4_0_ from roles role0_ where role0_.id=?
15:56:20.571 [Test worker] DEBUG o.h.l.p.e.p.i.ResultSetProcessorImpl - Starting ResultSet row #0
15:56:20.571 [Test worker] DEBUG o.h.l.p.e.p.i.EntityReferenceInitializerImpl - On call to EntityIdentifierReaderImpl#resolve, EntityKey was already known; should only happen on root returns with an optional identifier specified
15:56:20.571 [Test worker] DEBUG o.h.engine.internal.TwoPhaseLoad - Resolving associations for [sciConsole.domain.Role#2]
15:56:20.571 [Test worker] DEBUG o.h.engine.internal.TwoPhaseLoad - Done materializing entity [sciConsole.domain.Role#2]
15:56:20.572 [Test worker] DEBUG o.h.l.e.p.AbstractLoadPlanBasedEntityLoader - Done entity load : sciConsole.domain.Role#2
15:56:20.572 [Test worker] DEBUG o.h.engine.internal.TwoPhaseLoad - Done materializing entity [sciConsole.domain.User#33]
15:56:20.572 [Test worker] DEBUG o.h.engine.internal.TwoPhaseLoad - Resolving associations for [sciConsole.domain.User#34]
15:56:20.572 [Test worker] DEBUG org.hibernate.SQL - select role0_.id as id1_4_0_, role0_.role as role2_4_0_ from roles role0_ where role0_.id=?
15:56:20.572 [Test worker] DEBUG o.h.l.p.e.p.i.ResultSetProcessorImpl - Starting ResultSet row #0
15:56:20.572 [Test worker] DEBUG o.h.l.p.e.p.i.EntityReferenceInitializerImpl - On call to EntityIdentifierReaderImpl#resolve, EntityKey was already known; should only happen on root returns with an optional identifier specified
15:56:20.572 [Test worker] DEBUG o.h.engine.internal.TwoPhaseLoad - Resolving associations for [sciConsole.domain.Role#1]
15:56:20.572 [Test worker] DEBUG o.h.engine.internal.TwoPhaseLoad - Done materializing entity [sciConsole.domain.Role#1]
15:56:20.573 [Test worker] DEBUG o.h.l.e.p.AbstractLoadPlanBasedEntityLoader - Done entity load : sciConsole.domain.Role#1
15:56:20.573 [Test worker] DEBUG o.h.engine.internal.TwoPhaseLoad - Done materializing entity [sciConsole.domain.User#34]
15:56:20.573 [Test worker] DEBUG o.h.l.c.p.AbstractLoadPlanBasedCollectionInitializer - Loading collection: [sciConsole.domain.Role.userRoles#2]
15:56:20.573 [Test worker] DEBUG org.hibernate.SQL - select userroles0_.role_id as role_id1_4_0_, userroles0_.user_id as user_id2_7_0_, user1_.id as id1_8_1_, user1_.login as login2_8_1_, user1_.password as password3_8_1_, user1_1_.role_id as role_id1_7_1_ from user_roles userroles0_ inner join users user1_ on userroles0_.user_id=user1_.id left outer join user_roles user1_1_ on user1_.id=user1_1_.user_id where userroles0_.role_id=?
15:56:20.574 [Test worker] DEBUG o.h.l.p.e.p.i.ResultSetProcessorImpl - Preparing collection intializer : [sciConsole.domain.Role.userRoles#2]
15:56:20.574 [Test worker] DEBUG o.h.l.p.e.p.i.ResultSetProcessorImpl - Starting ResultSet row #0
15:56:20.574 [Test worker] DEBUG o.h.l.p.e.p.i.CollectionReferenceInitializerImpl - Found row of collection: [sciConsole.domain.Role.userRoles#2]
15:56:20.574 [Test worker] DEBUG o.h.e.l.i.CollectionLoadContext - 1 collections were found in result set for role: sciConsole.domain.Role.userRoles
15:56:20.574 [Test worker] DEBUG o.h.e.l.i.CollectionLoadContext - Collection fully initialized: [sciConsole.domain.Role.userRoles#2]
15:56:20.574 [Test worker] DEBUG o.h.e.l.i.CollectionLoadContext - 1 collections initialized for role: sciConsole.domain.Role.userRoles
15:56:20.574 [Test worker] DEBUG o.h.l.c.p.AbstractLoadPlanBasedCollectionInitializer - Done loading collection
15:56:20.575 [Test worker] DEBUG o.h.l.c.p.AbstractLoadPlanBasedCollectionInitializer - Loading collection: [sciConsole.domain.Role.userRoles#1]
15:56:20.575 [Test worker] DEBUG org.hibernate.SQL - select userroles0_.role_id as role_id1_4_0_, userroles0_.user_id as user_id2_7_0_, user1_.id as id1_8_1_, user1_.login as login2_8_1_, user1_.password as password3_8_1_, user1_1_.role_id as role_id1_7_1_ from user_roles userroles0_ inner join users user1_ on userroles0_.user_id=user1_.id left outer join user_roles user1_1_ on user1_.id=user1_1_.user_id where userroles0_.role_id=?
15:56:20.575 [Test worker] DEBUG o.h.l.p.e.p.i.ResultSetProcessorImpl - Preparing collection intializer : [sciConsole.domain.Role.userRoles#1]
15:56:20.575 [Test worker] DEBUG o.h.l.p.e.p.i.ResultSetProcessorImpl - Starting ResultSet row #0
15:56:20.575 [Test worker] DEBUG o.h.l.p.e.p.i.CollectionReferenceInitializerImpl - Found row of collection: [sciConsole.domain.Role.userRoles#1]
15:56:20.576 [Test worker] DEBUG o.h.e.l.i.CollectionLoadContext - 1 collections were found in result set for role: sciConsole.domain.Role.userRoles
15:56:20.576 [Test worker] DEBUG o.h.e.l.i.CollectionLoadContext - Collection fully initialized: [sciConsole.domain.Role.userRoles#1]
15:56:20.576 [Test worker] DEBUG o.h.e.l.i.CollectionLoadContext - 1 collections initialized for role: sciConsole.domain.Role.userRoles
15:56:20.576 [Test worker] DEBUG o.h.l.c.p.AbstractLoadPlanBasedCollectionInitializer - Done loading collection
15:56:20.576 [Test worker] DEBUG o.s.orm.jpa.JpaTransactionManager - Initiating transaction commit
15:56:20.576 [Test worker] DEBUG o.s.orm.jpa.JpaTransactionManager - Committing JPA transaction on EntityManager [org.hibernate.jpa.internal.EntityManagerImpl@12f8d5c2]
15:56:20.576 [Test worker] DEBUG o.h.e.t.spi.AbstractTransactionImpl - committing
15:56:20.576 [Test worker] DEBUG o.h.e.i.AbstractFlushingEventListener - Processing flush-time cascades
15:56:20.576 [Test worker] DEBUG o.h.e.i.AbstractFlushingEventListener - Dirty checking collections
15:56:20.577 [Test worker] DEBUG o.h.engine.internal.Collections - Collection dereferenced: [sciConsole.domain.Role.userRoles#2]
15:56:20.577 [Test worker] DEBUG o.h.engine.internal.Collections - Collection dereferenced: [sciConsole.domain.Role.userRoles#1]
15:56:20.577 [Test worker] DEBUG o.h.e.i.AbstractFlushingEventListener - Flushed: 0 insertions, 0 updates, 4 deletions to 4 objects
15:56:20.577 [Test worker] DEBUG o.h.e.i.AbstractFlushingEventListener - Flushed: 0 (re)creations, 0 updates, 2 removals to 2 collections
15:56:20.577 [Test worker] DEBUG o.h.internal.util.EntityPrinter - Listing entities:
15:56:20.577 [Test worker] DEBUG o.h.internal.util.EntityPrinter - sciConsole.domain.User{password=$2a$10$sbTqPCC0wB2c4IE5Y5RCdeWLIvtjAKEHFzHluAg7LiqkSdZNujJn2, role=sciConsole.domain.Role#2, id=33, login=Alice}
15:56:20.577 [Test worker] DEBUG o.h.internal.util.EntityPrinter - sciConsole.domain.Role{userRoles=[sciConsole.domain.User#34], role=MANAGER, id=1}
15:56:20.577 [Test worker] DEBUG o.h.internal.util.EntityPrinter - sciConsole.domain.User{password=$2a$10$UQ/jCMwn14H5VdHO4or0L.xvlGoplsSsRXHjXdbYij9UEArHJzsE2, role=sciConsole.domain.Role#1, id=34, login=Bob}
15:56:20.577 [Test worker] DEBUG o.h.internal.util.EntityPrinter - sciConsole.domain.Role{userRoles=[sciConsole.domain.User#33], role=DEVELOPER, id=2}
15:56:20.577 [Test worker] DEBUG o.h.p.c.AbstractCollectionPersister - Deleting collection: [sciConsole.domain.Role.userRoles#2]
15:56:20.577 [Test worker] DEBUG org.hibernate.SQL - delete from user_roles where role_id=?
15:56:20.578 [Test worker] DEBUG o.h.p.c.AbstractCollectionPersister - Done deleting collection
15:56:20.578 [Test worker] DEBUG o.h.p.c.AbstractCollectionPersister - Deleting collection: [sciConsole.domain.Role.userRoles#1]
15:56:20.578 [Test worker] DEBUG org.hibernate.SQL - delete from user_roles where role_id=?
15:56:20.578 [Test worker] DEBUG o.h.p.c.AbstractCollectionPersister - Done deleting collection
15:56:20.579 [Test worker] DEBUG org.hibernate.SQL - delete from user_roles where user_id=?
15:56:20.579 [Test worker] DEBUG org.hibernate.SQL - delete from users where id=?
15:56:20.580 [Test worker] DEBUG org.hibernate.SQL - delete from roles where id=?
15:56:20.580 [Test worker] DEBUG org.hibernate.SQL - delete from user_roles where user_id=?
15:56:20.581 [Test worker] DEBUG org.hibernate.SQL - delete from users where id=?
15:56:20.581 [Test worker] DEBUG org.hibernate.SQL - delete from roles where id=?
15:56:20.586 [Test worker] DEBUG o.h.e.t.i.jdbc.JdbcTransaction - committed JDBC Connection
15:56:20.587 [Test worker] DEBUG o.h.e.t.i.jdbc.JdbcTransaction - re-enabling autocommit
15:56:20.587 [Test worker] DEBUG o.s.orm.jpa.JpaTransactionManager - Closing JPA EntityManager [org.hibernate.jpa.internal.EntityManagerImpl@12f8d5c2] after transaction
15:56:20.587 [Test worker] DEBUG o.s.o.jpa.EntityManagerFactoryUtils - Closing JPA EntityManager
15:56:20.587 [Test worker] DEBUG o.h.e.j.internal.JdbcCoordinatorImpl - HHH000420: Closing un-released batch
15:56:20.587 [Test worker] DEBUG o.h.e.j.i.LogicalConnectionImpl - Releasing JDBC connection
15:56:20.587 [Test worker] DEBUG o.h.e.j.i.LogicalConnectionImpl - Released JDBC connection
15:56:20.587 [Test worker] DEBUG o.s.orm.jpa.JpaTransactionManager - Creating new transaction with name [org.springframework.data.jpa.repository.support.SimpleJpaRepository.deleteAll]: PROPAGATION_REQUIRED,ISOLATION_DEFAULT; ''
15:56:20.587 [Test worker] DEBUG o.s.orm.jpa.JpaTransactionManager - Opened new EntityManager [org.hibernate.jpa.internal.EntityManagerImpl@7057e2ad] for JPA transaction
15:56:20.587 [Test worker] DEBUG o.h.e.t.spi.AbstractTransactionImpl - begin
15:56:20.587 [Test worker] DEBUG o.h.e.j.i.LogicalConnectionImpl - Obtaining JDBC connection
15:56:20.587 [Test worker] DEBUG o.s.j.d.DriverManagerDataSource - Creating new JDBC DriverManager Connection to [jdbc:mysql://127.0.0.1:3306/wrp3]
15:56:20.591 [Test worker] DEBUG o.h.e.j.i.LogicalConnectionImpl - Obtained JDBC connection
15:56:20.591 [Test worker] DEBUG o.h.e.t.i.jdbc.JdbcTransaction - initial autocommit status: true
15:56:20.591 [Test worker] DEBUG o.h.e.t.i.jdbc.JdbcTransaction - disabling autocommit
15:56:20.591 [Test worker] DEBUG o.s.orm.jpa.JpaTransactionManager - Exposing JPA transaction as JDBC transaction [org.springframework.orm.jpa.vendor.HibernateJpaDialect$HibernateConnectionHandle@53fb88b9]
15:56:20.591 [Test worker] DEBUG o.h.jpa.criteria.CriteriaQueryImpl - Rendered criteria query -> select generatedAlias0 from Role as generatedAlias0
15:56:20.591 [Test worker] DEBUG org.hibernate.SQL - select role0_.id as id1_4_, role0_.role as role2_4_ from roles role0_
15:56:20.592 [Test worker] DEBUG o.s.orm.jpa.JpaTransactionManager - Initiating transaction commit
15:56:20.592 [Test worker] DEBUG o.s.orm.jpa.JpaTransactionManager - Committing JPA transaction on EntityManager [org.hibernate.jpa.internal.EntityManagerImpl@7057e2ad]
15:56:20.592 [Test worker] DEBUG o.h.e.t.spi.AbstractTransactionImpl - committing
15:56:20.592 [Test worker] DEBUG o.h.e.t.i.jdbc.JdbcTransaction - committed JDBC Connection
15:56:20.592 [Test worker] DEBUG o.h.e.t.i.jdbc.JdbcTransaction - re-enabling autocommit
15:56:20.592 [Test worker] DEBUG o.s.orm.jpa.JpaTransactionManager - Closing JPA EntityManager [org.hibernate.jpa.internal.EntityManagerImpl@7057e2ad] after transaction
15:56:20.592 [Test worker] DEBUG o.s.o.jpa.EntityManagerFactoryUtils - Closing JPA EntityManager
15:56:20.592 [Test worker] DEBUG o.h.e.j.i.LogicalConnectionImpl - Releasing JDBC connection
15:56:20.592 [Test worker] DEBUG o.h.e.j.i.LogicalConnectionImpl - Released JDBC connection
15:56:20.593 [Test worker] DEBUG o.s.orm.jpa.JpaTransactionManager - Creating new transaction with name [org.springframework.data.jpa.repository.support.SimpleJpaRepository.save]: PROPAGATION_REQUIRED,ISOLATION_DEFAULT; ''
15:56:20.593 [Test worker] DEBUG o.s.orm.jpa.JpaTransactionManager - Opened new EntityManager [org.hibernate.jpa.internal.EntityManagerImpl@701e7897] for JPA transaction
15:56:20.593 [Test worker] DEBUG o.h.e.t.spi.AbstractTransactionImpl - begin
15:56:20.593 [Test worker] DEBUG o.h.e.j.i.LogicalConnectionImpl - Obtaining JDBC connection
15:56:20.593 [Test worker] DEBUG o.s.j.d.DriverManagerDataSource - Creating new JDBC DriverManager Connection to [jdbc:mysql://127.0.0.1:3306/wrp3]
15:56:20.596 [Test worker] DEBUG o.h.e.j.i.LogicalConnectionImpl - Obtained JDBC connection
15:56:20.596 [Test worker] DEBUG o.h.e.t.i.jdbc.JdbcTransaction - initial autocommit status: true
15:56:20.596 [Test worker] DEBUG o.h.e.t.i.jdbc.JdbcTransaction - disabling autocommit
15:56:20.597 [Test worker] DEBUG o.s.orm.jpa.JpaTransactionManager - Exposing JPA transaction as JDBC transaction [org.springframework.orm.jpa.vendor.HibernateJpaDialect$HibernateConnectionHandle@549452de]
15:56:20.597 [Test worker] DEBUG org.hibernate.loader.Loader - Loading entity: [sciConsole.domain.User#33]
15:56:20.597 [Test worker] DEBUG org.hibernate.SQL - select user0_.id as id1_8_1_, user0_.login as login2_8_1_, user0_.password as password3_8_1_, user0_1_.role_id as role_id1_7_1_, role1_.id as id1_4_0_, role1_.role as role2_4_0_ from users user0_ left outer join user_roles user0_1_ on user0_.id=user0_1_.user_id left outer join roles role1_ on user0_1_.role_id=role1_.id where user0_.id=?
15:56:20.598 [Test worker] DEBUG org.hibernate.loader.Loader - Done entity load
15:56:20.598 [Test worker] DEBUG org.hibernate.loader.Loader - Loading entity: [sciConsole.domain.Role#2]
15:56:20.598 [Test worker] DEBUG org.hibernate.SQL - select role0_.id as id1_4_1_, role0_.role as role2_4_1_, userroles1_.role_id as role_id1_4_3_, user2_.id as user_id2_7_3_, user2_.id as id1_8_0_, user2_.login as login2_8_0_, user2_.password as password3_8_0_, user2_1_.role_id as role_id1_7_0_ from roles role0_ left outer join user_roles userroles1_ on role0_.id=userroles1_.role_id left outer join users user2_ on userroles1_.user_id=user2_.id left outer join user_roles user2_1_ on user2_.id=user2_1_.user_id where role0_.id=?
15:56:20.598 [Test worker] DEBUG o.h.e.l.i.CollectionLoadContext - No collections were found in result set for role: sciConsole.domain.Role.userRoles
15:56:20.598 [Test worker] DEBUG org.hibernate.loader.Loader - Done entity load
15:56:20.599 [Test worker] DEBUG o.h.e.i.AbstractSaveEventListener - Generated identifier: 2, using strategy: org.hibernate.id.Assigned
15:56:20.599 [Test worker] DEBUG org.hibernate.SQL - insert into roles (role, id) values (?, ?)
15:56:20.600 [Test worker] DEBUG org.hibernate.engine.spi.ActionQueue - Executing identity-insert immediately
15:56:20.600 [Test worker] DEBUG org.hibernate.SQL - insert into users (login, password) values (?, ?)
15:56:20.600 [Test worker] DEBUG o.h.id.IdentifierGeneratorHelper - Natively generated identity: 35
15:56:20.601 [Test worker] DEBUG org.hibernate.SQL - insert into user_roles (role_id, user_id) values (?, ?)
15:56:20.601 [Test worker] DEBUG org.hibernate.loader.Loader - Loading entity: [sciConsole.domain.User#34]
15:56:20.601 [Test worker] DEBUG org.hibernate.SQL - select user0_.id as id1_8_1_, user0_.login as login2_8_1_, user0_.password as password3_8_1_, user0_1_.role_id as role_id1_7_1_, role1_.id as id1_4_0_, role1_.role as role2_4_0_ from users user0_ left outer join user_roles user0_1_ on user0_.id=user0_1_.user_id left outer join roles role1_ on user0_1_.role_id=role1_.id where user0_.id=?
15:56:20.602 [Test worker] DEBUG org.hibernate.loader.Loader - Done entity load
15:56:20.602 [Test worker] DEBUG org.hibernate.loader.Loader - Loading entity: [sciConsole.domain.Role#1]
15:56:20.602 [Test worker] DEBUG org.hibernate.SQL - select role0_.id as id1_4_1_, role0_.role as role2_4_1_, userroles1_.role_id as role_id1_4_3_, user2_.id as user_id2_7_3_, user2_.id as id1_8_0_, user2_.login as login2_8_0_, user2_.password as password3_8_0_, user2_1_.role_id as role_id1_7_0_ from roles role0_ left outer join user_roles userroles1_ on role0_.id=userroles1_.role_id left outer join users user2_ on userroles1_.user_id=user2_.id left outer join user_roles user2_1_ on user2_.id=user2_1_.user_id where role0_.id=?
15:56:20.602 [Test worker] DEBUG o.h.e.l.i.CollectionLoadContext - No collections were found in result set for role: sciConsole.domain.Role.userRoles
15:56:20.603 [Test worker] DEBUG org.hibernate.loader.Loader - Done entity load
15:56:20.603 [Test worker] DEBUG o.h.e.i.AbstractSaveEventListener - Generated identifier: 1, using strategy: org.hibernate.id.Assigned
15:56:20.603 [Test worker] DEBUG org.hibernate.SQL - insert into roles (role, id) values (?, ?)
15:56:20.604 [Test worker] DEBUG org.hibernate.engine.spi.ActionQueue - Executing identity-insert immediately
15:56:20.604 [Test worker] DEBUG org.hibernate.SQL - insert into users (login, password) values (?, ?)
15:56:20.604 [Test worker] DEBUG o.h.id.IdentifierGeneratorHelper - Natively generated identity: 36
15:56:20.605 [Test worker] DEBUG org.hibernate.SQL - insert into user_roles (role_id, user_id) values (?, ?)
15:56:20.605 [Test worker] DEBUG o.s.orm.jpa.JpaTransactionManager - Initiating transaction commit
15:56:20.605 [Test worker] DEBUG o.s.orm.jpa.JpaTransactionManager - Committing JPA transaction on EntityManager [org.hibernate.jpa.internal.EntityManagerImpl@701e7897]
15:56:20.605 [Test worker] DEBUG o.h.e.t.spi.AbstractTransactionImpl - committing
15:56:20.605 [Test worker] DEBUG o.h.e.i.AbstractFlushingEventListener - Processing flush-time cascades
15:56:20.605 [Test worker] DEBUG o.h.e.i.AbstractFlushingEventListener - Dirty checking collections
15:56:20.606 [Test worker] DEBUG o.h.e.i.AbstractFlushingEventListener - Flushed: 0 insertions, 0 updates, 0 deletions to 4 objects
15:56:20.606 [Test worker] DEBUG o.h.e.i.AbstractFlushingEventListener - Flushed: 0 (re)creations, 0 updates, 0 removals to 0 collections
15:56:20.606 [Test worker] DEBUG o.h.internal.util.EntityPrinter - Listing entities:
15:56:20.606 [Test worker] DEBUG o.h.internal.util.EntityPrinter - sciConsole.domain.User{password=$2a$10$sbTqPCC0wB2c4IE5Y5RCdeWLIvtjAKEHFzHluAg7LiqkSdZNujJn2, role=sciConsole.domain.Role#2, id=35, login=Alice}
15:56:20.606 [Test worker] DEBUG o.h.internal.util.EntityPrinter - sciConsole.domain.User{password=$2a$10$UQ/jCMwn14H5VdHO4or0L.xvlGoplsSsRXHjXdbYij9UEArHJzsE2, role=sciConsole.domain.Role#1, id=36, login=Bob}
15:56:20.606 [Test worker] DEBUG o.h.internal.util.EntityPrinter - sciConsole.domain.Role{userRoles=null, role=MANAGER, id=1}
15:56:20.606 [Test worker] DEBUG o.h.internal.util.EntityPrinter - sciConsole.domain.Role{userRoles=null, role=DEVELOPER, id=2}
15:56:20.609 [Test worker] DEBUG o.h.e.t.i.jdbc.JdbcTransaction - committed JDBC Connection
15:56:20.609 [Test worker] DEBUG o.h.e.t.i.jdbc.JdbcTransaction - re-enabling autocommit
15:56:20.609 [Test worker] DEBUG o.s.orm.jpa.JpaTransactionManager - Closing JPA EntityManager [org.hibernate.jpa.internal.EntityManagerImpl@701e7897] after transaction
15:56:20.609 [Test worker] DEBUG o.s.o.jpa.EntityManagerFactoryUtils - Closing JPA EntityManager
15:56:20.609 [Test worker] DEBUG o.h.e.j.internal.JdbcCoordinatorImpl - HHH000420: Closing un-released batch
15:56:20.609 [Test worker] DEBUG o.h.e.j.i.LogicalConnectionImpl - Releasing JDBC connection
15:56:20.609 [Test worker] DEBUG o.h.e.j.i.LogicalConnectionImpl - Released JDBC connection
15:56:20.609 [Test worker] DEBUG o.s.orm.jpa.JpaTransactionManager - Creating new transaction with name [org.springframework.data.jpa.repository.support.SimpleJpaRepository.save]: PROPAGATION_REQUIRED,ISOLATION_DEFAULT; ''
15:56:20.609 [Test worker] DEBUG o.s.orm.jpa.JpaTransactionManager - Opened new EntityManager [org.hibernate.jpa.internal.EntityManagerImpl@555f3bc3] for JPA transaction
15:56:20.609 [Test worker] DEBUG o.h.e.t.spi.AbstractTransactionImpl - begin
15:56:20.609 [Test worker] DEBUG o.h.e.j.i.LogicalConnectionImpl - Obtaining JDBC connection
15:56:20.609 [Test worker] DEBUG o.s.j.d.DriverManagerDataSource - Creating new JDBC DriverManager Connection to [jdbc:mysql://127.0.0.1:3306/wrp3]
15:56:20.613 [Test worker] DEBUG o.h.e.j.i.LogicalConnectionImpl - Obtained JDBC connection
15:56:20.613 [Test worker] DEBUG o.h.e.t.i.jdbc.JdbcTransaction - initial autocommit status: true
15:56:20.613 [Test worker] DEBUG o.h.e.t.i.jdbc.JdbcTransaction - disabling autocommit
15:56:20.613 [Test worker] DEBUG o.s.orm.jpa.JpaTransactionManager - Exposing JPA transaction as JDBC transaction [org.springframework.orm.jpa.vendor.HibernateJpaDialect$HibernateConnectionHandle@37892f27]
15:56:20.613 [Test worker] DEBUG org.hibernate.loader.Loader - Loading entity: [sciConsole.domain.Role#1]
15:56:20.613 [Test worker] DEBUG org.hibernate.SQL - select role0_.id as id1_4_1_, role0_.role as role2_4_1_, userroles1_.role_id as role_id1_4_3_, user2_.id as user_id2_7_3_, user2_.id as id1_8_0_, user2_.login as login2_8_0_, user2_.password as password3_8_0_, user2_1_.role_id as role_id1_7_0_ from roles role0_ left outer join user_roles userroles1_ on role0_.id=userroles1_.role_id left outer join users user2_ on userroles1_.user_id=user2_.id left outer join user_roles user2_1_ on user2_.id=user2_1_.user_id where role0_.id=?
15:56:20.614 [Test worker] DEBUG org.hibernate.loader.Loader - Result set row: 0
15:56:20.614 [Test worker] DEBUG org.hibernate.loader.Loader - Result row: EntityKey[sciConsole.domain.User#36], EntityKey[sciConsole.domain.Role#1]
15:56:20.614 [Test worker] DEBUG org.hibernate.loader.Loader - Found row of collection: [sciConsole.domain.Role.userRoles#1]
15:56:20.614 [Test worker] DEBUG o.h.engine.internal.TwoPhaseLoad - Resolving associations for [sciConsole.domain.User#36]
15:56:20.614 [Test worker] DEBUG o.h.engine.internal.TwoPhaseLoad - Done materializing entity [sciConsole.domain.User#36]
15:56:20.614 [Test worker] DEBUG o.h.engine.internal.TwoPhaseLoad - Resolving associations for [sciConsole.domain.Role#1]
15:56:20.614 [Test worker] DEBUG o.h.engine.internal.TwoPhaseLoad - Done materializing entity [sciConsole.domain.Role#1]
15:56:20.614 [Test worker] DEBUG o.h.e.l.i.CollectionLoadContext - 1 collections were found in result set for role: sciConsole.domain.Role.userRoles
15:56:20.614 [Test worker] DEBUG o.h.e.l.i.CollectionLoadContext - Collection fully initialized: [sciConsole.domain.Role.userRoles#1]
15:56:20.614 [Test worker] DEBUG o.h.e.l.i.CollectionLoadContext - 1 collections initialized for role: sciConsole.domain.Role.userRoles
15:56:20.614 [Test worker] DEBUG org.hibernate.loader.Loader - Done entity load
15:56:20.614 [Test worker] DEBUG org.hibernate.loader.Loader - Loading entity: [sciConsole.domain.Role#2]
15:56:20.614 [Test worker] DEBUG org.hibernate.SQL - select role0_.id as id1_4_1_, role0_.role as role2_4_1_, userroles1_.role_id as role_id1_4_3_, user2_.id as user_id2_7_3_, user2_.id as id1_8_0_, user2_.login as login2_8_0_, user2_.password as password3_8_0_, user2_1_.role_id as role_id1_7_0_ from roles role0_ left outer join user_roles userroles1_ on role0_.id=userroles1_.role_id left outer join users user2_ on userroles1_.user_id=user2_.id left outer join user_roles user2_1_ on user2_.id=user2_1_.user_id where role0_.id=?
15:56:20.614 [Test worker] DEBUG org.hibernate.loader.Loader - Result set row: 0
15:56:20.614 [Test worker] DEBUG org.hibernate.loader.Loader - Result row: EntityKey[sciConsole.domain.User#35], EntityKey[sciConsole.domain.Role#2]
15:56:20.616 [Test worker] DEBUG org.hibernate.loader.Loader - Found row of collection: [sciConsole.domain.Role.userRoles#2]
15:56:20.616 [Test worker] DEBUG o.h.engine.internal.TwoPhaseLoad - Resolving associations for [sciConsole.domain.User#35]
15:56:20.616 [Test worker] DEBUG o.h.engine.internal.TwoPhaseLoad - Done materializing entity [sciConsole.domain.User#35]
15:56:20.616 [Test worker] DEBUG o.h.engine.internal.TwoPhaseLoad - Resolving associations for [sciConsole.domain.Role#2]
15:56:20.616 [Test worker] DEBUG o.h.engine.internal.TwoPhaseLoad - Done materializing entity [sciConsole.domain.Role#2]
15:56:20.616 [Test worker] DEBUG o.h.e.l.i.CollectionLoadContext - 1 collections were found in result set for role: sciConsole.domain.Role.userRoles
15:56:20.616 [Test worker] DEBUG o.h.e.l.i.CollectionLoadContext - Collection fully initialized: [sciConsole.domain.Role.userRoles#2]
15:56:20.616 [Test worker] DEBUG o.h.e.l.i.CollectionLoadContext - 1 collections initialized for role: sciConsole.domain.Role.userRoles
15:56:20.616 [Test worker] DEBUG org.hibernate.loader.Loader - Done entity load
15:56:20.616 [Test worker] DEBUG o.s.orm.jpa.JpaTransactionManager - Initiating transaction commit
15:56:20.616 [Test worker] DEBUG o.s.orm.jpa.JpaTransactionManager - Committing JPA transaction on EntityManager [org.hibernate.jpa.internal.EntityManagerImpl@555f3bc3]
15:56:20.616 [Test worker] DEBUG o.h.e.t.spi.AbstractTransactionImpl - committing
15:56:20.616 [Test worker] DEBUG o.h.e.i.AbstractFlushingEventListener - Processing flush-time cascades
15:56:20.616 [Test worker] DEBUG o.h.e.i.AbstractFlushingEventListener - Dirty checking collections
15:56:20.617 [Test worker] DEBUG o.h.engine.internal.Collections - Collection found: [sciConsole.domain.Role.userRoles#1], was: [sciConsole.domain.Role.userRoles#1] (initialized)
15:56:20.617 [Test worker] DEBUG o.h.engine.internal.Collections - Collection found: [sciConsole.domain.Role.userRoles#2], was: [sciConsole.domain.Role.userRoles#2] (initialized)
15:56:20.617 [Test worker] DEBUG o.h.e.i.AbstractFlushingEventListener - Flushed: 0 insertions, 0 updates, 0 deletions to 4 objects
15:56:20.617 [Test worker] DEBUG o.h.e.i.AbstractFlushingEventListener - Flushed: 0 (re)creations, 0 updates, 0 removals to 2 collections
15:56:20.617 [Test worker] DEBUG o.h.internal.util.EntityPrinter - Listing entities:
15:56:20.617 [Test worker] DEBUG o.h.internal.util.EntityPrinter - sciConsole.domain.User{password=$2a$10$sbTqPCC0wB2c4IE5Y5RCdeWLIvtjAKEHFzHluAg7LiqkSdZNujJn2, role=sciConsole.domain.Role#2, id=35, login=Alice}
15:56:20.617 [Test worker] DEBUG o.h.internal.util.EntityPrinter - sciConsole.domain.User{password=$2a$10$UQ/jCMwn14H5VdHO4or0L.xvlGoplsSsRXHjXdbYij9UEArHJzsE2, role=sciConsole.domain.Role#1, id=36, login=Bob}
15:56:20.617 [Test worker] DEBUG o.h.internal.util.EntityPrinter - sciConsole.domain.Role{userRoles=[sciConsole.domain.User#36], role=MANAGER, id=1}
15:56:20.617 [Test worker] DEBUG o.h.internal.util.EntityPrinter - sciConsole.domain.Role{userRoles=[sciConsole.domain.User#35], role=DEVELOPER, id=2}
15:56:20.617 [Test worker] DEBUG o.h.e.t.i.jdbc.JdbcTransaction - committed JDBC Connection
15:56:20.617 [Test worker] DEBUG o.h.e.t.i.jdbc.JdbcTransaction - re-enabling autocommit
15:56:20.617 [Test worker] DEBUG o.s.orm.jpa.JpaTransactionManager - Closing JPA EntityManager [org.hibernate.jpa.internal.EntityManagerImpl@555f3bc3] after transaction
15:56:20.618 [Test worker] DEBUG o.s.o.jpa.EntityManagerFactoryUtils - Closing JPA EntityManager
15:56:20.618 [Test worker] DEBUG o.h.e.j.i.LogicalConnectionImpl - Releasing JDBC connection
15:56:20.618 [Test worker] DEBUG o.h.e.j.i.LogicalConnectionImpl - Released JDBC connection
15:56:20.618 [Test worker] DEBUG o.s.t.c.s.AbstractDirtiesContextTestExecutionListener - After test class: context [DefaultTestContext@49de86e7 testClass = CompleteChangeRequestStepDefs, testInstance = [null], testMethod = [null], testException = [null], mergedContextConfiguration = [WebMergedContextConfiguration@2d608f30 testClass = CompleteChangeRequestStepDefs, locations = '{}', classes = '{class sciConsole.SciConsoleApplication, class sciConsole.controller.SessionController, class sciConsole.controller.AccountController, class sciConsole.controller.ChangeRequestController, class sciConsole.SecurityConfig, class sciConsole.WebConfig}', contextInitializerClasses = '[]', activeProfiles = '{}', propertySourceLocations = '{}', propertySourceProperties = '{}', resourceBasePath = 'src/main/webapp', contextLoader = 'org.springframework.test.context.web.WebDelegatingSmartContextLoader', parent = [null]]], class annotated with @DirtiesContext [false] with mode [null].

  @security
  Scenario Outline: authorization                                        ?[90m# Authorization.feature:34?[0m
    ?[32mGiven ?[0m?[32mI am a "?[0m?[32m?[1mMANAGER?[0m?[32m" role with username "?[0m?[32m?[1mBob?[0m?[32m" and password "?[0m?[32m?[1madmin?[0m?[32m"?[0m ?[90m# AuthorizationStepDefs.i_am_a_role_with_username_and_password(String,String,String)?[0m
    ?[32mWhen ?[0m?[32mI access a "?[0m?[32m?[1m/request-change?[0m?[32m"?[0m                                    ?[90m# AuthorizationStepDefs.i_access_a(String)?[0m
    ?[32mThen ?[0m?[32mMy authentication is then true with role "?[0m?[32m?[1mMANAGER?[0m?[32m"?[0m              ?[90m# AuthorizationStepDefs.my_authentication_is_then_true_with_role(String)?[0m
Feature: complete change request
  As a developer 
  I want to process the change requests allocated to me
  So that we can make progress on project development
15:56:20.691 [Test worker] DEBUG o.s.t.w.s.TestDispatcherServlet - DispatcherServlet with name '' processing GET request for [/assigned-requests]
15:56:20.691 [Test worker] DEBUG o.s.w.s.m.m.a.RequestMappingHandlerMapping - Looking up handler method for path /assigned-requests
15:56:20.692 [Test worker] DEBUG o.s.w.s.m.m.a.RequestMappingHandlerMapping - Returning handler method [public org.springframework.web.servlet.ModelAndView sciConsole.controller.ChangeRequestController.assignedRequests(javax.servlet.http.HttpServletRequest,javax.servlet.http.HttpServletResponse)]
15:56:20.692 [Test worker] DEBUG o.s.b.f.s.DefaultListableBeanFactory - Returning cached instance of singleton bean 'changeRequestController'
15:56:20.692 [Test worker] DEBUG o.s.t.w.s.TestDispatcherServlet - Last-Modified value for [/assigned-requests] is: -1
15:56:20.692 [Test worker] DEBUG o.s.o.j.s.OpenEntityManagerInViewInterceptor - Opening JPA EntityManager in OpenEntityManagerInViewInterceptor
15:56:20.693 [Test worker] DEBUG o.h.jpa.criteria.CriteriaQueryImpl - Rendered criteria query -> select generatedAlias0 from User as generatedAlias0 where generatedAlias0.login=:param0
15:56:20.693 [Test worker] DEBUG org.hibernate.SQL - select user0_.id as id1_8_, user0_.login as login2_8_, user0_.password as password3_8_, user0_1_.role_id as role_id1_7_ from users user0_ left outer join user_roles user0_1_ on user0_.id=user0_1_.user_id where user0_.login=?
15:56:20.693 [Test worker] DEBUG o.h.e.j.i.LogicalConnectionImpl - Obtaining JDBC connection
15:56:20.693 [Test worker] DEBUG o.s.j.d.DriverManagerDataSource - Creating new JDBC DriverManager Connection to [jdbc:mysql://127.0.0.1:3306/wrp3]
15:56:20.697 [Test worker] DEBUG o.h.e.j.i.LogicalConnectionImpl - Obtained JDBC connection
15:56:20.697 [Test worker] DEBUG org.hibernate.loader.Loader - Result set row: 0
15:56:20.697 [Test worker] DEBUG org.hibernate.loader.Loader - Result row: EntityKey[sciConsole.domain.User#35]
15:56:20.697 [Test worker] DEBUG o.h.engine.internal.TwoPhaseLoad - Resolving associations for [sciConsole.domain.User#35]
15:56:20.697 [Test worker] DEBUG org.hibernate.SQL - select role0_.id as id1_4_0_, role0_.role as role2_4_0_ from roles role0_ where role0_.id=?
15:56:20.698 [Test worker] DEBUG o.h.l.p.e.p.i.ResultSetProcessorImpl - Starting ResultSet row #0
15:56:20.698 [Test worker] DEBUG o.h.l.p.e.p.i.EntityReferenceInitializerImpl - On call to EntityIdentifierReaderImpl#resolve, EntityKey was already known; should only happen on root returns with an optional identifier specified
15:56:20.698 [Test worker] DEBUG o.h.engine.internal.TwoPhaseLoad - Resolving associations for [sciConsole.domain.Role#2]
15:56:20.698 [Test worker] DEBUG o.h.engine.internal.TwoPhaseLoad - Done materializing entity [sciConsole.domain.Role#2]
15:56:20.698 [Test worker] DEBUG o.h.l.e.p.AbstractLoadPlanBasedEntityLoader - Done entity load : sciConsole.domain.Role#2
15:56:20.698 [Test worker] DEBUG o.h.engine.internal.TwoPhaseLoad - Done materializing entity [sciConsole.domain.User#35]
15:56:20.699 [Test worker] DEBUG o.h.jpa.criteria.CriteriaQueryImpl - Rendered criteria query -> select generatedAlias0 from User as generatedAlias0 where generatedAlias0.login=:param0
15:56:20.699 [Test worker] DEBUG org.hibernate.SQL - select user0_.id as id1_8_, user0_.login as login2_8_, user0_.password as password3_8_, user0_1_.role_id as role_id1_7_ from users user0_ left outer join user_roles user0_1_ on user0_.id=user0_1_.user_id where user0_.login=?
15:56:20.700 [Test worker] DEBUG org.hibernate.loader.Loader - Result set row: 0
15:56:20.700 [Test worker] DEBUG org.hibernate.loader.Loader - Result row: EntityKey[sciConsole.domain.User#36]
15:56:20.700 [Test worker] DEBUG o.h.engine.internal.TwoPhaseLoad - Resolving associations for [sciConsole.domain.User#36]
15:56:20.700 [Test worker] DEBUG org.hibernate.SQL - select role0_.id as id1_4_0_, role0_.role as role2_4_0_ from roles role0_ where role0_.id=?
15:56:20.700 [Test worker] DEBUG o.h.l.p.e.p.i.ResultSetProcessorImpl - Starting ResultSet row #0
15:56:20.700 [Test worker] DEBUG o.h.l.p.e.p.i.EntityReferenceInitializerImpl - On call to EntityIdentifierReaderImpl#resolve, EntityKey was already known; should only happen on root returns with an optional identifier specified
15:56:20.700 [Test worker] DEBUG o.h.engine.internal.TwoPhaseLoad - Resolving associations for [sciConsole.domain.Role#1]
15:56:20.700 [Test worker] DEBUG o.h.engine.internal.TwoPhaseLoad - Done materializing entity [sciConsole.domain.Role#1]
15:56:20.701 [Test worker] DEBUG o.h.l.e.p.AbstractLoadPlanBasedEntityLoader - Done entity load : sciConsole.domain.Role#1
15:56:20.701 [Test worker] DEBUG o.h.engine.internal.TwoPhaseLoad - Done materializing entity [sciConsole.domain.User#36]
15:56:20.701 [Test worker] DEBUG o.h.jpa.criteria.CriteriaQueryImpl - Rendered criteria query -> select generatedAlias0 from Request as generatedAlias0 where ( generatedAlias0.status=:param0 ) and ( generatedAlias0.assignTo=:param1 )
15:56:20.702 [Test worker] DEBUG o.h.h.i.ast.QueryTranslatorImpl - parse() - HQL: select generatedAlias0 from sciConsole.domain.Request as generatedAlias0 where ( generatedAlias0.status=:param0 ) and ( generatedAlias0.assignTo=:param1 )
15:56:20.706 [Test worker] DEBUG o.h.h.i.ast.QueryTranslatorImpl - --- HQL AST ---
 \-[QUERY] Node: 'query'
    +-[SELECT_FROM] Node: 'SELECT_FROM'
    |  +-[FROM] Node: 'from'
    |  |  \-[RANGE] Node: 'RANGE'
    |  |     +-[DOT] Node: '.'
    |  |     |  +-[DOT] Node: '.'
    |  |     |  |  +-[IDENT] Node: 'sciConsole'
    |  |     |  |  \-[IDENT] Node: 'domain'
    |  |     |  \-[IDENT] Node: 'Request'
    |  |     \-[ALIAS] Node: 'generatedAlias0'
    |  \-[SELECT] Node: 'select'
    |     \-[IDENT] Node: 'generatedAlias0'
    \-[WHERE] Node: 'where'
       \-[AND] Node: 'and'
          +-[EQ] Node: '='
          |  +-[DOT] Node: '.'
          |  |  +-[IDENT] Node: 'generatedAlias0'
          |  |  \-[IDENT] Node: 'status'
          |  \-[COLON] Node: ':'
          |     \-[IDENT] Node: 'param0'
          \-[EQ] Node: '='
             +-[DOT] Node: '.'
             |  +-[IDENT] Node: 'generatedAlias0'
             |  \-[IDENT] Node: 'assignTo'
             \-[COLON] Node: ':'
                \-[IDENT] Node: 'param1'

15:56:20.706 [Test worker] DEBUG o.h.hql.internal.ast.ErrorCounter - throwQueryException() : no errors
15:56:20.706 [Test worker] DEBUG o.h.h.i.antlr.HqlSqlBaseWalker - select << begin [level=1, statement=select]
15:56:20.706 [Test worker] DEBUG o.h.h.internal.ast.tree.FromElement - FromClause{level=1} : sciConsole.domain.Request (generatedAlias0) -> request0_
15:56:20.707 [Test worker] DEBUG o.h.h.i.ast.tree.FromReferenceNode - Resolved : generatedAlias0 -> request0_.request_id
15:56:20.707 [Test worker] DEBUG o.h.h.i.ast.tree.FromReferenceNode - Resolved : generatedAlias0 -> request0_.request_id
15:56:20.707 [Test worker] DEBUG o.h.hql.internal.ast.tree.DotNode - getDataType() : status -> org.hibernate.type.IntegerType@35ccb212
15:56:20.707 [Test worker] DEBUG o.h.h.i.ast.tree.FromReferenceNode - Resolved : generatedAlias0.status -> request0_.status
15:56:20.707 [Test worker] DEBUG o.h.h.i.ast.tree.FromReferenceNode - Resolved : generatedAlias0 -> request0_.request_id
15:56:20.707 [Test worker] DEBUG o.h.hql.internal.ast.tree.DotNode - getDataType() : assignTo -> org.hibernate.type.IntegerType@35ccb212
15:56:20.707 [Test worker] DEBUG o.h.h.i.ast.tree.FromReferenceNode - Resolved : generatedAlias0.assignTo -> request0_.assign_to
15:56:20.707 [Test worker] DEBUG o.h.h.i.antlr.HqlSqlBaseWalker - select : finishing up [level=1, statement=select]
15:56:20.707 [Test worker] DEBUG o.h.hql.internal.ast.HqlSqlWalker - processQuery() :  ( SELECT ( {select clause} request0_.request_id ) ( FromClause{level=1} request request0_ ) ( where ( and ( = ( request0_.status request0_.request_id status ) ? ) ( = ( request0_.assign_to request0_.request_id assignTo ) ? ) ) ) )
15:56:20.708 [Test worker] DEBUG o.h.h.i.ast.util.JoinProcessor - Using FROM fragment [request request0_]
15:56:20.708 [Test worker] DEBUG o.h.h.i.antlr.HqlSqlBaseWalker - select >> end [level=1, statement=select]
15:56:20.708 [Test worker] DEBUG o.h.h.i.ast.QueryTranslatorImpl - --- SQL AST ---
 \-[SELECT] QueryNode: 'SELECT'  querySpaces (request)
    +-[SELECT_CLAUSE] SelectClause: '{select clause}'
    |  +-[ALIAS_REF] IdentNode: 'request0_.request_id as request_1_3_' {alias=generatedAlias0, className=sciConsole.domain.Request, tableAlias=request0_}
    |  \-[SQL_TOKEN] SqlFragment: 'request0_.assign_to as assign_t2_3_, request0_.created_by as created_3_3_, request0_.date_created as date_cre4_3_, request0_.date_complete as date_com5_3_, request0_.due_date as due_date6_3_, request0_.priority as priority7_3_, request0_.reject_reason as reject_r8_3_, request0_.req_desc as req_desc9_3_, request0_.req_solution as req_sol10_3_, request0_.sci_id as sci_id11_3_, request0_.status as status12_3_, request0_.assigned_to as assigne13_3_, request0_.version_id as version14_3_'
    +-[FROM] FromClause: 'from' FromClause{level=1, fromElementCounter=1, fromElements=1, fromElementByClassAlias=[generatedAlias0], fromElementByTableAlias=[request0_], fromElementsByPath=[], collectionJoinFromElementsByPath=[], impliedElements=[]}
    |  \-[FROM_FRAGMENT] FromElement: 'request request0_' FromElement{explicit,not a collection join,not a fetch join,fetch non-lazy properties,classAlias=generatedAlias0,role=null,tableName=request,tableAlias=request0_,origin=null,columns={,className=sciConsole.domain.Request}}
    \-[WHERE] SqlNode: 'where'
       \-[AND] SqlNode: 'and'
          +-[EQ] BinaryLogicOperatorNode: '='
          |  +-[DOT] DotNode: 'request0_.status' {propertyName=status,dereferenceType=PRIMITIVE,getPropertyPath=status,path=generatedAlias0.status,tableAlias=request0_,className=sciConsole.domain.Request,classAlias=generatedAlias0}
          |  |  +-[ALIAS_REF] IdentNode: 'request0_.request_id' {alias=generatedAlias0, className=sciConsole.domain.Request, tableAlias=request0_}
          |  |  \-[IDENT] IdentNode: 'status' {originalText=status}
          |  \-[NAMED_PARAM] ParameterNode: '?' {name=param0, expectedType=org.hibernate.type.IntegerType@35ccb212}
          \-[EQ] BinaryLogicOperatorNode: '='
             +-[DOT] DotNode: 'request0_.assign_to' {propertyName=assignTo,dereferenceType=PRIMITIVE,getPropertyPath=assignTo,path=generatedAlias0.assignTo,tableAlias=request0_,className=sciConsole.domain.Request,classAlias=generatedAlias0}
             |  +-[ALIAS_REF] IdentNode: 'request0_.request_id' {alias=generatedAlias0, className=sciConsole.domain.Request, tableAlias=request0_}
             |  \-[IDENT] IdentNode: 'assignTo' {originalText=assignTo}
             \-[NAMED_PARAM] ParameterNode: '?' {name=param1, expectedType=org.hibernate.type.IntegerType@35ccb212}

15:56:20.708 [Test worker] DEBUG o.h.hql.internal.ast.ErrorCounter - throwQueryException() : no errors
15:56:20.708 [Test worker] DEBUG o.h.h.i.ast.QueryTranslatorImpl - HQL: select generatedAlias0 from sciConsole.domain.Request as generatedAlias0 where ( generatedAlias0.status=:param0 ) and ( generatedAlias0.assignTo=:param1 )
15:56:20.708 [Test worker] DEBUG o.h.h.i.ast.QueryTranslatorImpl - SQL: select request0_.request_id as request_1_3_, request0_.assign_to as assign_t2_3_, request0_.created_by as created_3_3_, request0_.date_created as date_cre4_3_, request0_.date_complete as date_com5_3_, request0_.due_date as due_date6_3_, request0_.priority as priority7_3_, request0_.reject_reason as reject_r8_3_, request0_.req_desc as req_desc9_3_, request0_.req_solution as req_sol10_3_, request0_.sci_id as sci_id11_3_, request0_.status as status12_3_, request0_.assigned_to as assigne13_3_, request0_.version_id as version14_3_ from request request0_ where request0_.status=? and request0_.assign_to=?
15:56:20.708 [Test worker] DEBUG o.h.hql.internal.ast.ErrorCounter - throwQueryException() : no errors
15:56:20.709 [Test worker] DEBUG org.hibernate.SQL - select request0_.request_id as request_1_3_, request0_.assign_to as assign_t2_3_, request0_.created_by as created_3_3_, request0_.date_created as date_cre4_3_, request0_.date_complete as date_com5_3_, request0_.due_date as due_date6_3_, request0_.priority as priority7_3_, request0_.reject_reason as reject_r8_3_, request0_.req_desc as req_desc9_3_, request0_.req_solution as req_sol10_3_, request0_.sci_id as sci_id11_3_, request0_.status as status12_3_, request0_.assigned_to as assigne13_3_, request0_.version_id as version14_3_ from request request0_ where request0_.status=? and request0_.assign_to=?
15:56:20.710 [Test worker] DEBUG org.hibernate.loader.Loader - Result set row: 0
15:56:20.710 [Test worker] DEBUG org.hibernate.loader.Loader - Result row: EntityKey[sciConsole.domain.Request#9]
15:56:20.710 [Test worker] DEBUG o.h.engine.internal.TwoPhaseLoad - Resolving associations for [sciConsole.domain.Request#9]
15:56:20.710 [Test worker] DEBUG o.h.engine.internal.TwoPhaseLoad - Done materializing entity [sciConsole.domain.Request#9]
15:56:20.711 [Test worker] DEBUG o.s.b.f.s.DefaultListableBeanFactory - Invoking afterPropertiesSet() on bean with name 'assigned-requests'
15:56:20.712 [Test worker] DEBUG o.s.b.f.s.DefaultListableBeanFactory - Returning cached instance of singleton bean 'org.springframework.transaction.config.internalTransactionAdvisor'
15:56:20.712 [Test worker] DEBUG o.s.b.f.s.DefaultListableBeanFactory - Returning cached instance of singleton bean 'org.springframework.transaction.config.internalTransactionAdvisor'
15:56:20.712 [Test worker] DEBUG o.s.t.w.s.TestDispatcherServlet - Rendering view [org.springframework.web.servlet.view.JstlView: name 'assigned-requests'; URL [/WEB-INF/views/assigned-requests.jsp]] in DispatcherServlet with name ''
15:56:20.712 [Test worker] DEBUG o.s.web.servlet.view.JstlView - Added model object 'assigned' of type [java.util.ArrayList] to request in view with name 'assigned-requests'
15:56:20.712 [Test worker] DEBUG o.s.web.servlet.view.JstlView - Added model object 'requestList' of type [java.util.ArrayList] to request in view with name 'assigned-requests'
15:56:20.712 [Test worker] DEBUG o.s.b.f.s.DefaultListableBeanFactory - Returning cached instance of singleton bean 'requestDataValueProcessor'
15:56:20.712 [Test worker] DEBUG o.s.web.servlet.view.JstlView - Forwarding to resource [/WEB-INF/views/assigned-requests.jsp] in InternalResourceView 'assigned-requests'
15:56:20.712 [Test worker] DEBUG o.s.mock.web.MockRequestDispatcher - MockRequestDispatcher: forwarding to [/WEB-INF/views/assigned-requests.jsp]
15:56:20.712 [Test worker] DEBUG o.s.o.j.s.OpenEntityManagerInViewInterceptor - Closing JPA EntityManager in OpenEntityManagerInViewInterceptor
15:56:20.712 [Test worker] DEBUG o.s.o.jpa.EntityManagerFactoryUtils - Closing JPA EntityManager
15:56:20.712 [Test worker] DEBUG o.h.e.j.i.LogicalConnectionImpl - Releasing JDBC connection
15:56:20.712 [Test worker] DEBUG o.h.e.j.i.LogicalConnectionImpl - Released JDBC connection
15:56:20.712 [Test worker] DEBUG o.s.t.w.s.TestDispatcherServlet - Successfully completed request
15:56:20.712 [Test worker] DEBUG o.s.o.j.SharedEntityManagerCreator$SharedEntityManagerInvocationHandler - Creating new EntityManager for shared EntityManager invocation
15:56:20.713 [Test worker] DEBUG o.h.jpa.criteria.CriteriaQueryImpl - Rendered criteria query -> select generatedAlias0 from Request as generatedAlias0 where generatedAlias0.status=:param0
15:56:20.713 [Test worker] DEBUG org.hibernate.SQL - select request0_.request_id as request_1_3_, request0_.assign_to as assign_t2_3_, request0_.created_by as created_3_3_, request0_.date_created as date_cre4_3_, request0_.date_complete as date_com5_3_, request0_.due_date as due_date6_3_, request0_.priority as priority7_3_, request0_.reject_reason as reject_r8_3_, request0_.req_desc as req_desc9_3_, request0_.req_solution as req_sol10_3_, request0_.sci_id as sci_id11_3_, request0_.status as status12_3_, request0_.assigned_to as assigne13_3_, request0_.version_id as version14_3_ from request request0_ where request0_.status=?
15:56:20.713 [Test worker] DEBUG o.h.e.j.i.LogicalConnectionImpl - Obtaining JDBC connection
15:56:20.713 [Test worker] DEBUG o.s.j.d.DriverManagerDataSource - Creating new JDBC DriverManager Connection to [jdbc:mysql://127.0.0.1:3306/wrp3]
15:56:20.716 [Test worker] DEBUG o.h.e.j.i.LogicalConnectionImpl - Obtained JDBC connection
15:56:20.717 [Test worker] DEBUG org.hibernate.loader.Loader - Result set row: 0
15:56:20.717 [Test worker] DEBUG org.hibernate.loader.Loader - Result row: EntityKey[sciConsole.domain.Request#9]
15:56:20.717 [Test worker] DEBUG o.h.engine.internal.TwoPhaseLoad - Resolving associations for [sciConsole.domain.Request#9]
15:56:20.717 [Test worker] DEBUG o.h.engine.internal.TwoPhaseLoad - Done materializing entity [sciConsole.domain.Request#9]
15:56:20.717 [Test worker] DEBUG o.s.o.jpa.EntityManagerFactoryUtils - Closing JPA EntityManager
15:56:20.717 [Test worker] DEBUG o.h.e.j.i.LogicalConnectionImpl - Releasing JDBC connection
15:56:20.718 [Test worker] DEBUG o.h.e.j.i.LogicalConnectionImpl - Released JDBC connection
15:56:20.719 [Test worker] DEBUG o.s.t.w.s.TestDispatcherServlet - DispatcherServlet with name '' processing GET request for [/complete-request]
15:56:20.719 [Test worker] DEBUG o.s.w.s.m.m.a.RequestMappingHandlerMapping - Looking up handler method for path /complete-request
15:56:20.719 [Test worker] DEBUG o.s.w.s.m.m.a.RequestMappingHandlerMapping - Returning handler method [public org.springframework.web.servlet.ModelAndView sciConsole.controller.ChangeRequestController.completeRequest(javax.servlet.http.HttpServletRequest,java.lang.Integer,java.lang.String,javax.servlet.http.HttpServletResponse)]
15:56:20.720 [Test worker] DEBUG o.s.b.f.s.DefaultListableBeanFactory - Returning cached instance of singleton bean 'changeRequestController'
15:56:20.720 [Test worker] DEBUG o.s.t.w.s.TestDispatcherServlet - Last-Modified value for [/complete-request] is: -1
15:56:20.720 [Test worker] DEBUG o.s.o.j.s.OpenEntityManagerInViewInterceptor - Opening JPA EntityManager in OpenEntityManagerInViewInterceptor
15:56:20.721 [Test worker] DEBUG o.h.jpa.criteria.CriteriaQueryImpl - Rendered criteria query -> select generatedAlias0 from Request as generatedAlias0 where generatedAlias0.id=:param0
15:56:20.722 [Test worker] DEBUG org.hibernate.SQL - select request0_.request_id as request_1_3_, request0_.assign_to as assign_t2_3_, request0_.created_by as created_3_3_, request0_.date_created as date_cre4_3_, request0_.date_complete as date_com5_3_, request0_.due_date as due_date6_3_, request0_.priority as priority7_3_, request0_.reject_reason as reject_r8_3_, request0_.req_desc as req_desc9_3_, request0_.req_solution as req_sol10_3_, request0_.sci_id as sci_id11_3_, request0_.status as status12_3_, request0_.assigned_to as assigne13_3_, request0_.version_id as version14_3_ from request request0_ where request0_.request_id=?
15:56:20.722 [Test worker] DEBUG o.h.e.j.i.LogicalConnectionImpl - Obtaining JDBC connection
15:56:20.722 [Test worker] DEBUG o.s.j.d.DriverManagerDataSource - Creating new JDBC DriverManager Connection to [jdbc:mysql://127.0.0.1:3306/wrp3]
15:56:20.725 [Test worker] DEBUG o.h.e.j.i.LogicalConnectionImpl - Obtained JDBC connection
15:56:20.725 [Test worker] DEBUG org.hibernate.loader.Loader - Result set row: 0
15:56:20.725 [Test worker] DEBUG org.hibernate.loader.Loader - Result row: EntityKey[sciConsole.domain.Request#9]
15:56:20.726 [Test worker] DEBUG o.h.engine.internal.TwoPhaseLoad - Resolving associations for [sciConsole.domain.Request#9]
15:56:20.726 [Test worker] DEBUG o.h.engine.internal.TwoPhaseLoad - Done materializing entity [sciConsole.domain.Request#9]
15:56:20.726 [Test worker] DEBUG o.s.orm.jpa.JpaTransactionManager - Found thread-bound EntityManager [org.hibernate.jpa.internal.EntityManagerImpl@53136aaa] for JPA transaction
15:56:20.726 [Test worker] DEBUG o.s.orm.jpa.JpaTransactionManager - Creating new transaction with name [org.springframework.data.jpa.repository.support.SimpleJpaRepository.save]: PROPAGATION_REQUIRED,ISOLATION_DEFAULT; ''
15:56:20.726 [Test worker] DEBUG o.h.e.t.spi.AbstractTransactionImpl - begin
15:56:20.726 [Test worker] DEBUG o.h.e.t.i.jdbc.JdbcTransaction - initial autocommit status: true
15:56:20.726 [Test worker] DEBUG o.h.e.t.i.jdbc.JdbcTransaction - disabling autocommit
15:56:20.727 [Test worker] DEBUG o.s.orm.jpa.JpaTransactionManager - Exposing JPA transaction as JDBC transaction [org.springframework.orm.jpa.vendor.HibernateJpaDialect$HibernateConnectionHandle@759c0d47]
15:56:20.727 [Test worker] DEBUG o.s.orm.jpa.JpaTransactionManager - Initiating transaction commit
15:56:20.727 [Test worker] DEBUG o.s.orm.jpa.JpaTransactionManager - Committing JPA transaction on EntityManager [org.hibernate.jpa.internal.EntityManagerImpl@53136aaa]
15:56:20.727 [Test worker] DEBUG o.h.e.t.spi.AbstractTransactionImpl - committing
15:56:20.727 [Test worker] DEBUG o.h.e.i.AbstractFlushingEventListener - Processing flush-time cascades
15:56:20.727 [Test worker] DEBUG o.h.e.i.AbstractFlushingEventListener - Dirty checking collections
15:56:20.727 [Test worker] DEBUG o.h.e.i.AbstractFlushingEventListener - Flushed: 0 insertions, 1 updates, 0 deletions to 1 objects
15:56:20.727 [Test worker] DEBUG o.h.e.i.AbstractFlushingEventListener - Flushed: 0 (re)creations, 0 updates, 0 removals to 0 collections
15:56:20.727 [Test worker] DEBUG o.h.internal.util.EntityPrinter - Listing entities:
15:56:20.727 [Test worker] DEBUG o.h.internal.util.EntityPrinter - sciConsole.domain.Request{date=2016-01-11 15:56:21.0, dueDate=null, priority=null, type=1, versionId=1, rejectReason=null, createdBy=1, dateComplete=Thu Jan 15 00:11:00 GMT 2015, reqDesc=Test Description, sciId=1, reqSolution=Test Solution, id=9, assignTo=35, status=2}
15:56:20.727 [Test worker] DEBUG org.hibernate.SQL - update request set assign_to=?, created_by=?, date_created=?, date_complete=?, due_date=?, priority=?, reject_reason=?, req_desc=?, req_solution=?, sci_id=?, status=?, assigned_to=?, version_id=? where request_id=?
15:56:20.731 [Test worker] DEBUG o.h.e.t.i.jdbc.JdbcTransaction - committed JDBC Connection
15:56:20.731 [Test worker] DEBUG o.h.e.t.i.jdbc.JdbcTransaction - re-enabling autocommit
15:56:20.731 [Test worker] DEBUG o.s.orm.jpa.JpaTransactionManager - Not closing pre-bound JPA EntityManager after transaction
15:56:20.732 [Test worker] DEBUG o.h.jpa.criteria.CriteriaQueryImpl - Rendered criteria query -> select generatedAlias0 from User as generatedAlias0 where generatedAlias0.login=:param0
15:56:20.732 [Test worker] DEBUG org.hibernate.SQL - select user0_.id as id1_8_, user0_.login as login2_8_, user0_.password as password3_8_, user0_1_.role_id as role_id1_7_ from users user0_ left outer join user_roles user0_1_ on user0_.id=user0_1_.user_id where user0_.login=?
15:56:20.732 [Test worker] DEBUG org.hibernate.loader.Loader - Result set row: 0
15:56:20.732 [Test worker] DEBUG org.hibernate.loader.Loader - Result row: EntityKey[sciConsole.domain.User#35]
15:56:20.732 [Test worker] DEBUG o.h.engine.internal.TwoPhaseLoad - Resolving associations for [sciConsole.domain.User#35]
15:56:20.733 [Test worker] DEBUG org.hibernate.SQL - select role0_.id as id1_4_0_, role0_.role as role2_4_0_ from roles role0_ where role0_.id=?
15:56:20.733 [Test worker] DEBUG o.h.l.p.e.p.i.ResultSetProcessorImpl - Starting ResultSet row #0
15:56:20.733 [Test worker] DEBUG o.h.l.p.e.p.i.EntityReferenceInitializerImpl - On call to EntityIdentifierReaderImpl#resolve, EntityKey was already known; should only happen on root returns with an optional identifier specified
15:56:20.733 [Test worker] DEBUG o.h.engine.internal.TwoPhaseLoad - Resolving associations for [sciConsole.domain.Role#2]
15:56:20.733 [Test worker] DEBUG o.h.engine.internal.TwoPhaseLoad - Done materializing entity [sciConsole.domain.Role#2]
15:56:20.733 [Test worker] DEBUG o.h.l.e.p.AbstractLoadPlanBasedEntityLoader - Done entity load : sciConsole.domain.Role#2
15:56:20.733 [Test worker] DEBUG o.h.engine.internal.TwoPhaseLoad - Done materializing entity [sciConsole.domain.User#35]
15:56:20.734 [Test worker] DEBUG o.h.jpa.criteria.CriteriaQueryImpl - Rendered criteria query -> select generatedAlias0 from User as generatedAlias0 where generatedAlias0.login=:param0
15:56:20.734 [Test worker] DEBUG org.hibernate.SQL - select user0_.id as id1_8_, user0_.login as login2_8_, user0_.password as password3_8_, user0_1_.role_id as role_id1_7_ from users user0_ left outer join user_roles user0_1_ on user0_.id=user0_1_.user_id where user0_.login=?
15:56:20.734 [Test worker] DEBUG org.hibernate.loader.Loader - Result set row: 0
15:56:20.735 [Test worker] DEBUG org.hibernate.loader.Loader - Result row: EntityKey[sciConsole.domain.User#36]
15:56:20.735 [Test worker] DEBUG o.h.engine.internal.TwoPhaseLoad - Resolving associations for [sciConsole.domain.User#36]
15:56:20.735 [Test worker] DEBUG org.hibernate.SQL - select role0_.id as id1_4_0_, role0_.role as role2_4_0_ from roles role0_ where role0_.id=?
15:56:20.735 [Test worker] DEBUG o.h.l.p.e.p.i.ResultSetProcessorImpl - Starting ResultSet row #0
15:56:20.735 [Test worker] DEBUG o.h.l.p.e.p.i.EntityReferenceInitializerImpl - On call to EntityIdentifierReaderImpl#resolve, EntityKey was already known; should only happen on root returns with an optional identifier specified
15:56:20.735 [Test worker] DEBUG o.h.engine.internal.TwoPhaseLoad - Resolving associations for [sciConsole.domain.Role#1]
15:56:20.735 [Test worker] DEBUG o.h.engine.internal.TwoPhaseLoad - Done materializing entity [sciConsole.domain.Role#1]
15:56:20.735 [Test worker] DEBUG o.h.l.e.p.AbstractLoadPlanBasedEntityLoader - Done entity load : sciConsole.domain.Role#1
15:56:20.735 [Test worker] DEBUG o.h.engine.internal.TwoPhaseLoad - Done materializing entity [sciConsole.domain.User#36]
15:56:20.736 [Test worker] DEBUG o.h.jpa.criteria.CriteriaQueryImpl - Rendered criteria query -> select generatedAlias0 from Request as generatedAlias0 where ( generatedAlias0.status=:param0 ) and ( generatedAlias0.assignTo=:param1 )
15:56:20.736 [Test worker] DEBUG org.hibernate.SQL - select request0_.request_id as request_1_3_, request0_.assign_to as assign_t2_3_, request0_.created_by as created_3_3_, request0_.date_created as date_cre4_3_, request0_.date_complete as date_com5_3_, request0_.due_date as due_date6_3_, request0_.priority as priority7_3_, request0_.reject_reason as reject_r8_3_, request0_.req_desc as req_desc9_3_, request0_.req_solution as req_sol10_3_, request0_.sci_id as sci_id11_3_, request0_.status as status12_3_, request0_.assigned_to as assigne13_3_, request0_.version_id as version14_3_ from request request0_ where request0_.status=? and request0_.assign_to=?
15:56:20.737 [Test worker] DEBUG o.s.t.w.s.TestDispatcherServlet - Rendering view [org.springframework.web.servlet.view.JstlView: name 'assigned-requests'; URL [/WEB-INF/views/assigned-requests.jsp]] in DispatcherServlet with name ''
15:56:20.737 [Test worker] DEBUG o.s.web.servlet.view.JstlView - Added model object 'assigned' of type [java.util.ArrayList] to request in view with name 'assigned-requests'
15:56:20.737 [Test worker] DEBUG o.s.b.f.s.DefaultListableBeanFactory - Returning cached instance of singleton bean 'requestDataValueProcessor'
15:56:20.737 [Test worker] DEBUG o.s.web.servlet.view.JstlView - Forwarding to resource [/WEB-INF/views/assigned-requests.jsp] in InternalResourceView 'assigned-requests'
15:56:20.737 [Test worker] DEBUG o.s.mock.web.MockRequestDispatcher - MockRequestDispatcher: forwarding to [/WEB-INF/views/assigned-requests.jsp]
15:56:20.737 [Test worker] DEBUG o.s.o.j.s.OpenEntityManagerInViewInterceptor - Closing JPA EntityManager in OpenEntityManagerInViewInterceptor
15:56:20.737 [Test worker] DEBUG o.s.o.jpa.EntityManagerFactoryUtils - Closing JPA EntityManager
15:56:20.737 [Test worker] DEBUG o.h.e.j.internal.JdbcCoordinatorImpl - HHH000420: Closing un-released batch
15:56:20.737 [Test worker] DEBUG o.h.e.j.i.LogicalConnectionImpl - Releasing JDBC connection
15:56:20.737 [Test worker] DEBUG o.h.e.j.i.LogicalConnectionImpl - Released JDBC connection
15:56:20.737 [Test worker] DEBUG o.s.t.w.s.TestDispatcherServlet - Successfully completed request
15:56:20.739 [Test worker] DEBUG o.s.orm.jpa.JpaTransactionManager - Creating new transaction with name [org.springframework.data.jpa.repository.support.SimpleJpaRepository.deleteAll]: PROPAGATION_REQUIRED,ISOLATION_DEFAULT; ''
15:56:20.739 [Test worker] DEBUG o.s.orm.jpa.JpaTransactionManager - Opened new EntityManager [org.hibernate.jpa.internal.EntityManagerImpl@384664d1] for JPA transaction
15:56:20.739 [Test worker] DEBUG o.h.e.t.spi.AbstractTransactionImpl - begin
15:56:20.739 [Test worker] DEBUG o.h.e.j.i.LogicalConnectionImpl - Obtaining JDBC connection
15:56:20.739 [Test worker] DEBUG o.s.j.d.DriverManagerDataSource - Creating new JDBC DriverManager Connection to [jdbc:mysql://127.0.0.1:3306/wrp3]
15:56:20.742 [Test worker] DEBUG o.h.e.j.i.LogicalConnectionImpl - Obtained JDBC connection
15:56:20.742 [Test worker] DEBUG o.h.e.t.i.jdbc.JdbcTransaction - initial autocommit status: true
15:56:20.742 [Test worker] DEBUG o.h.e.t.i.jdbc.JdbcTransaction - disabling autocommit
15:56:20.743 [Test worker] DEBUG o.s.orm.jpa.JpaTransactionManager - Exposing JPA transaction as JDBC transaction [org.springframework.orm.jpa.vendor.HibernateJpaDialect$HibernateConnectionHandle@52b38d3b]
15:56:20.743 [Test worker] DEBUG o.h.jpa.criteria.CriteriaQueryImpl - Rendered criteria query -> select generatedAlias0 from Request as generatedAlias0
15:56:20.743 [Test worker] DEBUG org.hibernate.SQL - select request0_.request_id as request_1_3_, request0_.assign_to as assign_t2_3_, request0_.created_by as created_3_3_, request0_.date_created as date_cre4_3_, request0_.date_complete as date_com5_3_, request0_.due_date as due_date6_3_, request0_.priority as priority7_3_, request0_.reject_reason as reject_r8_3_, request0_.req_desc as req_desc9_3_, request0_.req_solution as req_sol10_3_, request0_.sci_id as sci_id11_3_, request0_.status as status12_3_, request0_.assigned_to as assigne13_3_, request0_.version_id as version14_3_ from request request0_
15:56:20.743 [Test worker] DEBUG org.hibernate.loader.Loader - Result set row: 0
15:56:20.743 [Test worker] DEBUG org.hibernate.loader.Loader - Result row: EntityKey[sciConsole.domain.Request#9]
15:56:20.744 [Test worker] DEBUG o.h.engine.internal.TwoPhaseLoad - Resolving associations for [sciConsole.domain.Request#9]
15:56:20.744 [Test worker] DEBUG o.h.engine.internal.TwoPhaseLoad - Done materializing entity [sciConsole.domain.Request#9]
15:56:20.744 [Test worker] DEBUG o.s.orm.jpa.JpaTransactionManager - Initiating transaction commit
15:56:20.744 [Test worker] DEBUG o.s.orm.jpa.JpaTransactionManager - Committing JPA transaction on EntityManager [org.hibernate.jpa.internal.EntityManagerImpl@384664d1]
15:56:20.744 [Test worker] DEBUG o.h.e.t.spi.AbstractTransactionImpl - committing
15:56:20.744 [Test worker] DEBUG o.h.e.i.AbstractFlushingEventListener - Processing flush-time cascades
15:56:20.744 [Test worker] DEBUG o.h.e.i.AbstractFlushingEventListener - Dirty checking collections
15:56:20.744 [Test worker] DEBUG o.h.e.i.AbstractFlushingEventListener - Flushed: 0 insertions, 0 updates, 1 deletions to 1 objects
15:56:20.744 [Test worker] DEBUG o.h.e.i.AbstractFlushingEventListener - Flushed: 0 (re)creations, 0 updates, 0 removals to 0 collections
15:56:20.744 [Test worker] DEBUG o.h.internal.util.EntityPrinter - Listing entities:
15:56:20.744 [Test worker] DEBUG o.h.internal.util.EntityPrinter - sciConsole.domain.Request{date=2016-01-11 15:56:21.0, dueDate=null, priority=null, type=1, versionId=1, rejectReason=null, createdBy=1, dateComplete=2015-01-15 00:11:00.0, reqDesc=Test Description, sciId=1, reqSolution=Test Solution, id=9, assignTo=35, status=2}
15:56:20.745 [Test worker] DEBUG org.hibernate.SQL - delete from request where request_id=?
15:56:20.748 [Test worker] DEBUG o.h.e.t.i.jdbc.JdbcTransaction - committed JDBC Connection
15:56:20.748 [Test worker] DEBUG o.h.e.t.i.jdbc.JdbcTransaction - re-enabling autocommit
15:56:20.748 [Test worker] DEBUG o.s.orm.jpa.JpaTransactionManager - Closing JPA EntityManager [org.hibernate.jpa.internal.EntityManagerImpl@384664d1] after transaction
15:56:20.748 [Test worker] DEBUG o.s.o.jpa.EntityManagerFactoryUtils - Closing JPA EntityManager
15:56:20.748 [Test worker] DEBUG o.h.e.j.internal.JdbcCoordinatorImpl - HHH000420: Closing un-released batch
15:56:20.748 [Test worker] DEBUG o.h.e.j.i.LogicalConnectionImpl - Releasing JDBC connection
15:56:20.748 [Test worker] DEBUG o.h.e.j.i.LogicalConnectionImpl - Released JDBC connection
15:56:20.749 [Test worker] DEBUG o.s.orm.jpa.JpaTransactionManager - Creating new transaction with name [org.springframework.data.jpa.repository.support.SimpleJpaRepository.save]: PROPAGATION_REQUIRED,ISOLATION_DEFAULT; ''
15:56:20.749 [Test worker] DEBUG o.s.orm.jpa.JpaTransactionManager - Opened new EntityManager [org.hibernate.jpa.internal.EntityManagerImpl@2717945f] for JPA transaction
15:56:20.749 [Test worker] DEBUG o.h.e.t.spi.AbstractTransactionImpl - begin
15:56:20.749 [Test worker] DEBUG o.h.e.j.i.LogicalConnectionImpl - Obtaining JDBC connection
15:56:20.749 [Test worker] DEBUG o.s.j.d.DriverManagerDataSource - Creating new JDBC DriverManager Connection to [jdbc:mysql://127.0.0.1:3306/wrp3]
15:56:20.752 [Test worker] DEBUG o.h.e.j.i.LogicalConnectionImpl - Obtained JDBC connection
15:56:20.752 [Test worker] DEBUG o.h.e.t.i.jdbc.JdbcTransaction - initial autocommit status: true
15:56:20.752 [Test worker] DEBUG o.h.e.t.i.jdbc.JdbcTransaction - disabling autocommit
15:56:20.752 [Test worker] DEBUG o.s.orm.jpa.JpaTransactionManager - Exposing JPA transaction as JDBC transaction [org.springframework.orm.jpa.vendor.HibernateJpaDialect$HibernateConnectionHandle@14ec819d]
15:56:20.752 [Test worker] DEBUG o.s.orm.jpa.JpaTransactionManager - Initiating transaction commit
15:56:20.752 [Test worker] DEBUG o.s.orm.jpa.JpaTransactionManager - Committing JPA transaction on EntityManager [org.hibernate.jpa.internal.EntityManagerImpl@2717945f]
15:56:20.752 [Test worker] DEBUG o.h.e.t.spi.AbstractTransactionImpl - committing
15:56:20.753 [Test worker] DEBUG o.h.e.t.i.jdbc.JdbcTransaction - committed JDBC Connection
15:56:20.753 [Test worker] DEBUG o.h.e.t.i.jdbc.JdbcTransaction - re-enabling autocommit
15:56:20.753 [Test worker] DEBUG o.s.orm.jpa.JpaTransactionManager - Closing JPA EntityManager [org.hibernate.jpa.internal.EntityManagerImpl@2717945f] after transaction
15:56:20.753 [Test worker] DEBUG o.s.o.jpa.EntityManagerFactoryUtils - Closing JPA EntityManager
15:56:20.753 [Test worker] DEBUG o.h.e.j.i.LogicalConnectionImpl - Releasing JDBC connection
15:56:20.753 [Test worker] DEBUG o.h.e.j.i.LogicalConnectionImpl - Released JDBC connection
15:56:20.753 [Test worker] DEBUG o.s.orm.jpa.JpaTransactionManager - Creating new transaction with name [org.springframework.data.jpa.repository.support.SimpleJpaRepository.deleteAll]: PROPAGATION_REQUIRED,ISOLATION_DEFAULT; ''
15:56:20.754 [Test worker] DEBUG o.s.orm.jpa.JpaTransactionManager - Opened new EntityManager [org.hibernate.jpa.internal.EntityManagerImpl@ef65e61] for JPA transaction
15:56:20.754 [Test worker] DEBUG o.h.e.t.spi.AbstractTransactionImpl - begin
15:56:20.754 [Test worker] DEBUG o.h.e.j.i.LogicalConnectionImpl - Obtaining JDBC connection
15:56:20.754 [Test worker] DEBUG o.s.j.d.DriverManagerDataSource - Creating new JDBC DriverManager Connection to [jdbc:mysql://127.0.0.1:3306/wrp3]
15:56:20.757 [Test worker] DEBUG o.h.e.j.i.LogicalConnectionImpl - Obtained JDBC connection
15:56:20.757 [Test worker] DEBUG o.h.e.t.i.jdbc.JdbcTransaction - initial autocommit status: true
15:56:20.757 [Test worker] DEBUG o.h.e.t.i.jdbc.JdbcTransaction - disabling autocommit
15:56:20.757 [Test worker] DEBUG o.s.orm.jpa.JpaTransactionManager - Exposing JPA transaction as JDBC transaction [org.springframework.orm.jpa.vendor.HibernateJpaDialect$HibernateConnectionHandle@41ed9383]
15:56:20.757 [Test worker] DEBUG o.h.jpa.criteria.CriteriaQueryImpl - Rendered criteria query -> select generatedAlias0 from Request as generatedAlias0
15:56:20.757 [Test worker] DEBUG org.hibernate.SQL - select request0_.request_id as request_1_3_, request0_.assign_to as assign_t2_3_, request0_.created_by as created_3_3_, request0_.date_created as date_cre4_3_, request0_.date_complete as date_com5_3_, request0_.due_date as due_date6_3_, request0_.priority as priority7_3_, request0_.reject_reason as reject_r8_3_, request0_.req_desc as req_desc9_3_, request0_.req_solution as req_sol10_3_, request0_.sci_id as sci_id11_3_, request0_.status as status12_3_, request0_.assigned_to as assigne13_3_, request0_.version_id as version14_3_ from request request0_
15:56:20.758 [Test worker] DEBUG o.s.orm.jpa.JpaTransactionManager - Initiating transaction commit
15:56:20.758 [Test worker] DEBUG o.s.orm.jpa.JpaTransactionManager - Committing JPA transaction on EntityManager [org.hibernate.jpa.internal.EntityManagerImpl@ef65e61]
15:56:20.758 [Test worker] DEBUG o.h.e.t.spi.AbstractTransactionImpl - committing
15:56:20.758 [Test worker] DEBUG o.h.e.t.i.jdbc.JdbcTransaction - committed JDBC Connection
15:56:20.758 [Test worker] DEBUG o.h.e.t.i.jdbc.JdbcTransaction - re-enabling autocommit
15:56:20.758 [Test worker] DEBUG o.s.orm.jpa.JpaTransactionManager - Closing JPA EntityManager [org.hibernate.jpa.internal.EntityManagerImpl@ef65e61] after transaction
15:56:20.758 [Test worker] DEBUG o.s.o.jpa.EntityManagerFactoryUtils - Closing JPA EntityManager
15:56:20.758 [Test worker] DEBUG o.h.e.j.i.LogicalConnectionImpl - Releasing JDBC connection
15:56:20.759 [Test worker] DEBUG o.h.e.j.i.LogicalConnectionImpl - Released JDBC connection
15:56:20.759 [Test worker] DEBUG o.s.orm.jpa.JpaTransactionManager - Creating new transaction with name [org.springframework.data.jpa.repository.support.SimpleJpaRepository.save]: PROPAGATION_REQUIRED,ISOLATION_DEFAULT; ''
15:56:20.759 [Test worker] DEBUG o.s.orm.jpa.JpaTransactionManager - Opened new EntityManager [org.hibernate.jpa.internal.EntityManagerImpl@271b73e0] for JPA transaction
15:56:20.759 [Test worker] DEBUG o.h.e.t.spi.AbstractTransactionImpl - begin
15:56:20.759 [Test worker] DEBUG o.h.e.j.i.LogicalConnectionImpl - Obtaining JDBC connection
15:56:20.759 [Test worker] DEBUG o.s.j.d.DriverManagerDataSource - Creating new JDBC DriverManager Connection to [jdbc:mysql://127.0.0.1:3306/wrp3]
15:56:20.762 [Test worker] DEBUG o.h.e.j.i.LogicalConnectionImpl - Obtained JDBC connection
15:56:20.762 [Test worker] DEBUG o.h.e.t.i.jdbc.JdbcTransaction - initial autocommit status: true
15:56:20.762 [Test worker] DEBUG o.h.e.t.i.jdbc.JdbcTransaction - disabling autocommit
15:56:20.763 [Test worker] DEBUG o.s.orm.jpa.JpaTransactionManager - Exposing JPA transaction as JDBC transaction [org.springframework.orm.jpa.vendor.HibernateJpaDialect$HibernateConnectionHandle@252776da]
15:56:20.763 [Test worker] DEBUG o.s.orm.jpa.JpaTransactionManager - Initiating transaction commit
15:56:20.763 [Test worker] DEBUG o.s.orm.jpa.JpaTransactionManager - Committing JPA transaction on EntityManager [org.hibernate.jpa.internal.EntityManagerImpl@271b73e0]
15:56:20.763 [Test worker] DEBUG o.h.e.t.spi.AbstractTransactionImpl - committing
15:56:20.763 [Test worker] DEBUG o.h.e.t.i.jdbc.JdbcTransaction - committed JDBC Connection
15:56:20.763 [Test worker] DEBUG o.h.e.t.i.jdbc.JdbcTransaction - re-enabling autocommit
15:56:20.763 [Test worker] DEBUG o.s.orm.jpa.JpaTransactionManager - Closing JPA EntityManager [org.hibernate.jpa.internal.EntityManagerImpl@271b73e0] after transaction
15:56:20.763 [Test worker] DEBUG o.s.o.jpa.EntityManagerFactoryUtils - Closing JPA EntityManager
15:56:20.763 [Test worker] DEBUG o.h.e.j.i.LogicalConnectionImpl - Releasing JDBC connection
15:56:20.763 [Test worker] DEBUG o.h.e.j.i.LogicalConnectionImpl - Released JDBC connection
15:56:20.764 [Test worker] DEBUG o.s.orm.jpa.JpaTransactionManager - Creating new transaction with name [org.springframework.data.jpa.repository.support.SimpleJpaRepository.deleteAll]: PROPAGATION_REQUIRED,ISOLATION_DEFAULT; ''
15:56:20.764 [Test worker] DEBUG o.s.orm.jpa.JpaTransactionManager - Opened new EntityManager [org.hibernate.jpa.internal.EntityManagerImpl@46f5ea1] for JPA transaction
15:56:20.764 [Test worker] DEBUG o.h.e.t.spi.AbstractTransactionImpl - begin
15:56:20.764 [Test worker] DEBUG o.h.e.j.i.LogicalConnectionImpl - Obtaining JDBC connection
15:56:20.764 [Test worker] DEBUG o.s.j.d.DriverManagerDataSource - Creating new JDBC DriverManager Connection to [jdbc:mysql://127.0.0.1:3306/wrp3]
15:56:20.767 [Test worker] DEBUG o.h.e.j.i.LogicalConnectionImpl - Obtained JDBC connection
15:56:20.767 [Test worker] DEBUG o.h.e.t.i.jdbc.JdbcTransaction - initial autocommit status: true
15:56:20.767 [Test worker] DEBUG o.h.e.t.i.jdbc.JdbcTransaction - disabling autocommit
15:56:20.767 [Test worker] DEBUG o.s.orm.jpa.JpaTransactionManager - Exposing JPA transaction as JDBC transaction [org.springframework.orm.jpa.vendor.HibernateJpaDialect$HibernateConnectionHandle@26769949]
15:56:20.768 [Test worker] DEBUG o.h.jpa.criteria.CriteriaQueryImpl - Rendered criteria query -> select generatedAlias0 from User as generatedAlias0
15:56:20.768 [Test worker] DEBUG org.hibernate.SQL - select user0_.id as id1_8_, user0_.login as login2_8_, user0_.password as password3_8_, user0_1_.role_id as role_id1_7_ from users user0_ left outer join user_roles user0_1_ on user0_.id=user0_1_.user_id
15:56:20.768 [Test worker] DEBUG org.hibernate.loader.Loader - Result set row: 0
15:56:20.768 [Test worker] DEBUG org.hibernate.loader.Loader - Result row: EntityKey[sciConsole.domain.User#35]
15:56:20.769 [Test worker] DEBUG org.hibernate.loader.Loader - Result set row: 1
15:56:20.769 [Test worker] DEBUG org.hibernate.loader.Loader - Result row: EntityKey[sciConsole.domain.User#36]
15:56:20.769 [Test worker] DEBUG o.h.engine.internal.TwoPhaseLoad - Resolving associations for [sciConsole.domain.User#35]
15:56:20.769 [Test worker] DEBUG org.hibernate.SQL - select role0_.id as id1_4_0_, role0_.role as role2_4_0_ from roles role0_ where role0_.id=?
15:56:20.769 [Test worker] DEBUG o.h.l.p.e.p.i.ResultSetProcessorImpl - Starting ResultSet row #0
15:56:20.769 [Test worker] DEBUG o.h.l.p.e.p.i.EntityReferenceInitializerImpl - On call to EntityIdentifierReaderImpl#resolve, EntityKey was already known; should only happen on root returns with an optional identifier specified
15:56:20.770 [Test worker] DEBUG o.h.engine.internal.TwoPhaseLoad - Resolving associations for [sciConsole.domain.Role#2]
15:56:20.770 [Test worker] DEBUG o.h.engine.internal.TwoPhaseLoad - Done materializing entity [sciConsole.domain.Role#2]
15:56:20.770 [Test worker] DEBUG o.h.l.e.p.AbstractLoadPlanBasedEntityLoader - Done entity load : sciConsole.domain.Role#2
15:56:20.770 [Test worker] DEBUG o.h.engine.internal.TwoPhaseLoad - Done materializing entity [sciConsole.domain.User#35]
15:56:20.770 [Test worker] DEBUG o.h.engine.internal.TwoPhaseLoad - Resolving associations for [sciConsole.domain.User#36]
15:56:20.770 [Test worker] DEBUG org.hibernate.SQL - select role0_.id as id1_4_0_, role0_.role as role2_4_0_ from roles role0_ where role0_.id=?
15:56:20.770 [Test worker] DEBUG o.h.l.p.e.p.i.ResultSetProcessorImpl - Starting ResultSet row #0
15:56:20.770 [Test worker] DEBUG o.h.l.p.e.p.i.EntityReferenceInitializerImpl - On call to EntityIdentifierReaderImpl#resolve, EntityKey was already known; should only happen on root returns with an optional identifier specified
15:56:20.771 [Test worker] DEBUG o.h.engine.internal.TwoPhaseLoad - Resolving associations for [sciConsole.domain.Role#1]
15:56:20.771 [Test worker] DEBUG o.h.engine.internal.TwoPhaseLoad - Done materializing entity [sciConsole.domain.Role#1]
15:56:20.771 [Test worker] DEBUG o.h.l.e.p.AbstractLoadPlanBasedEntityLoader - Done entity load : sciConsole.domain.Role#1
15:56:20.771 [Test worker] DEBUG o.h.engine.internal.TwoPhaseLoad - Done materializing entity [sciConsole.domain.User#36]
15:56:20.771 [Test worker] DEBUG o.h.l.c.p.AbstractLoadPlanBasedCollectionInitializer - Loading collection: [sciConsole.domain.Role.userRoles#2]
15:56:20.771 [Test worker] DEBUG org.hibernate.SQL - select userroles0_.role_id as role_id1_4_0_, userroles0_.user_id as user_id2_7_0_, user1_.id as id1_8_1_, user1_.login as login2_8_1_, user1_.password as password3_8_1_, user1_1_.role_id as role_id1_7_1_ from user_roles userroles0_ inner join users user1_ on userroles0_.user_id=user1_.id left outer join user_roles user1_1_ on user1_.id=user1_1_.user_id where userroles0_.role_id=?
15:56:20.772 [Test worker] DEBUG o.h.l.p.e.p.i.ResultSetProcessorImpl - Preparing collection intializer : [sciConsole.domain.Role.userRoles#2]
15:56:20.772 [Test worker] DEBUG o.h.l.p.e.p.i.ResultSetProcessorImpl - Starting ResultSet row #0
15:56:20.772 [Test worker] DEBUG o.h.l.p.e.p.i.CollectionReferenceInitializerImpl - Found row of collection: [sciConsole.domain.Role.userRoles#2]
15:56:20.772 [Test worker] DEBUG o.h.e.l.i.CollectionLoadContext - 1 collections were found in result set for role: sciConsole.domain.Role.userRoles
15:56:20.772 [Test worker] DEBUG o.h.e.l.i.CollectionLoadContext - Collection fully initialized: [sciConsole.domain.Role.userRoles#2]
15:56:20.772 [Test worker] DEBUG o.h.e.l.i.CollectionLoadContext - 1 collections initialized for role: sciConsole.domain.Role.userRoles
15:56:20.773 [Test worker] DEBUG o.h.l.c.p.AbstractLoadPlanBasedCollectionInitializer - Done loading collection
15:56:20.773 [Test worker] DEBUG o.h.l.c.p.AbstractLoadPlanBasedCollectionInitializer - Loading collection: [sciConsole.domain.Role.userRoles#1]
15:56:20.773 [Test worker] DEBUG org.hibernate.SQL - select userroles0_.role_id as role_id1_4_0_, userroles0_.user_id as user_id2_7_0_, user1_.id as id1_8_1_, user1_.login as login2_8_1_, user1_.password as password3_8_1_, user1_1_.role_id as role_id1_7_1_ from user_roles userroles0_ inner join users user1_ on userroles0_.user_id=user1_.id left outer join user_roles user1_1_ on user1_.id=user1_1_.user_id where userroles0_.role_id=?
15:56:20.773 [Test worker] DEBUG o.h.l.p.e.p.i.ResultSetProcessorImpl - Preparing collection intializer : [sciConsole.domain.Role.userRoles#1]
15:56:20.773 [Test worker] DEBUG o.h.l.p.e.p.i.ResultSetProcessorImpl - Starting ResultSet row #0
15:56:20.773 [Test worker] DEBUG o.h.l.p.e.p.i.CollectionReferenceInitializerImpl - Found row of collection: [sciConsole.domain.Role.userRoles#1]
15:56:20.774 [Test worker] DEBUG o.h.e.l.i.CollectionLoadContext - 1 collections were found in result set for role: sciConsole.domain.Role.userRoles
15:56:20.774 [Test worker] DEBUG o.h.e.l.i.CollectionLoadContext - Collection fully initialized: [sciConsole.domain.Role.userRoles#1]
15:56:20.774 [Test worker] DEBUG o.h.e.l.i.CollectionLoadContext - 1 collections initialized for role: sciConsole.domain.Role.userRoles
15:56:20.774 [Test worker] DEBUG o.h.l.c.p.AbstractLoadPlanBasedCollectionInitializer - Done loading collection
15:56:20.774 [Test worker] DEBUG o.s.orm.jpa.JpaTransactionManager - Initiating transaction commit
15:56:20.774 [Test worker] DEBUG o.s.orm.jpa.JpaTransactionManager - Committing JPA transaction on EntityManager [org.hibernate.jpa.internal.EntityManagerImpl@46f5ea1]
15:56:20.774 [Test worker] DEBUG o.h.e.t.spi.AbstractTransactionImpl - committing
15:56:20.774 [Test worker] DEBUG o.h.e.i.AbstractFlushingEventListener - Processing flush-time cascades
15:56:20.774 [Test worker] DEBUG o.h.e.i.AbstractFlushingEventListener - Dirty checking collections
15:56:20.774 [Test worker] DEBUG o.h.engine.internal.Collections - Collection dereferenced: [sciConsole.domain.Role.userRoles#2]
15:56:20.774 [Test worker] DEBUG o.h.engine.internal.Collections - Collection dereferenced: [sciConsole.domain.Role.userRoles#1]
15:56:20.774 [Test worker] DEBUG o.h.e.i.AbstractFlushingEventListener - Flushed: 0 insertions, 0 updates, 4 deletions to 4 objects
15:56:20.774 [Test worker] DEBUG o.h.e.i.AbstractFlushingEventListener - Flushed: 0 (re)creations, 0 updates, 2 removals to 2 collections
15:56:20.774 [Test worker] DEBUG o.h.internal.util.EntityPrinter - Listing entities:
15:56:20.774 [Test worker] DEBUG o.h.internal.util.EntityPrinter - sciConsole.domain.User{password=$2a$10$sbTqPCC0wB2c4IE5Y5RCdeWLIvtjAKEHFzHluAg7LiqkSdZNujJn2, role=sciConsole.domain.Role#2, id=35, login=Alice}
15:56:20.774 [Test worker] DEBUG o.h.internal.util.EntityPrinter - sciConsole.domain.User{password=$2a$10$UQ/jCMwn14H5VdHO4or0L.xvlGoplsSsRXHjXdbYij9UEArHJzsE2, role=sciConsole.domain.Role#1, id=36, login=Bob}
15:56:20.774 [Test worker] DEBUG o.h.internal.util.EntityPrinter - sciConsole.domain.Role{userRoles=[sciConsole.domain.User#36], role=MANAGER, id=1}
15:56:20.775 [Test worker] DEBUG o.h.internal.util.EntityPrinter - sciConsole.domain.Role{userRoles=[sciConsole.domain.User#35], role=DEVELOPER, id=2}
15:56:20.775 [Test worker] DEBUG o.h.p.c.AbstractCollectionPersister - Deleting collection: [sciConsole.domain.Role.userRoles#2]
15:56:20.775 [Test worker] DEBUG org.hibernate.SQL - delete from user_roles where role_id=?
15:56:20.775 [Test worker] DEBUG o.h.p.c.AbstractCollectionPersister - Done deleting collection
15:56:20.775 [Test worker] DEBUG o.h.p.c.AbstractCollectionPersister - Deleting collection: [sciConsole.domain.Role.userRoles#1]
15:56:20.775 [Test worker] DEBUG org.hibernate.SQL - delete from user_roles where role_id=?
15:56:20.776 [Test worker] DEBUG o.h.p.c.AbstractCollectionPersister - Done deleting collection
15:56:20.776 [Test worker] DEBUG org.hibernate.SQL - delete from user_roles where user_id=?
15:56:20.776 [Test worker] DEBUG org.hibernate.SQL - delete from users where id=?
15:56:20.777 [Test worker] DEBUG org.hibernate.SQL - delete from roles where id=?
15:56:20.777 [Test worker] DEBUG org.hibernate.SQL - delete from user_roles where user_id=?
15:56:20.778 [Test worker] DEBUG org.hibernate.SQL - delete from users where id=?
15:56:20.778 [Test worker] DEBUG org.hibernate.SQL - delete from roles where id=?
15:56:20.781 [Test worker] DEBUG o.h.e.t.i.jdbc.JdbcTransaction - committed JDBC Connection
15:56:20.781 [Test worker] DEBUG o.h.e.t.i.jdbc.JdbcTransaction - re-enabling autocommit
15:56:20.782 [Test worker] DEBUG o.s.orm.jpa.JpaTransactionManager - Closing JPA EntityManager [org.hibernate.jpa.internal.EntityManagerImpl@46f5ea1] after transaction
15:56:20.782 [Test worker] DEBUG o.s.o.jpa.EntityManagerFactoryUtils - Closing JPA EntityManager
15:56:20.782 [Test worker] DEBUG o.h.e.j.internal.JdbcCoordinatorImpl - HHH000420: Closing un-released batch
15:56:20.782 [Test worker] DEBUG o.h.e.j.i.LogicalConnectionImpl - Releasing JDBC connection
15:56:20.782 [Test worker] DEBUG o.h.e.j.i.LogicalConnectionImpl - Released JDBC connection
15:56:20.782 [Test worker] DEBUG o.s.orm.jpa.JpaTransactionManager - Creating new transaction with name [org.springframework.data.jpa.repository.support.SimpleJpaRepository.deleteAll]: PROPAGATION_REQUIRED,ISOLATION_DEFAULT; ''
15:56:20.782 [Test worker] DEBUG o.s.orm.jpa.JpaTransactionManager - Opened new EntityManager [org.hibernate.jpa.internal.EntityManagerImpl@2829ca66] for JPA transaction
15:56:20.782 [Test worker] DEBUG o.h.e.t.spi.AbstractTransactionImpl - begin
15:56:20.782 [Test worker] DEBUG o.h.e.j.i.LogicalConnectionImpl - Obtaining JDBC connection
15:56:20.782 [Test worker] DEBUG o.s.j.d.DriverManagerDataSource - Creating new JDBC DriverManager Connection to [jdbc:mysql://127.0.0.1:3306/wrp3]
15:56:20.786 [Test worker] DEBUG o.h.e.j.i.LogicalConnectionImpl - Obtained JDBC connection
15:56:20.786 [Test worker] DEBUG o.h.e.t.i.jdbc.JdbcTransaction - initial autocommit status: true
15:56:20.786 [Test worker] DEBUG o.h.e.t.i.jdbc.JdbcTransaction - disabling autocommit
15:56:20.786 [Test worker] DEBUG o.s.orm.jpa.JpaTransactionManager - Exposing JPA transaction as JDBC transaction [org.springframework.orm.jpa.vendor.HibernateJpaDialect$HibernateConnectionHandle@376eb4c6]
15:56:20.786 [Test worker] DEBUG o.h.jpa.criteria.CriteriaQueryImpl - Rendered criteria query -> select generatedAlias0 from Role as generatedAlias0
15:56:20.786 [Test worker] DEBUG org.hibernate.SQL - select role0_.id as id1_4_, role0_.role as role2_4_ from roles role0_
15:56:20.787 [Test worker] DEBUG o.s.orm.jpa.JpaTransactionManager - Initiating transaction commit
15:56:20.787 [Test worker] DEBUG o.s.orm.jpa.JpaTransactionManager - Committing JPA transaction on EntityManager [org.hibernate.jpa.internal.EntityManagerImpl@2829ca66]
15:56:20.787 [Test worker] DEBUG o.h.e.t.spi.AbstractTransactionImpl - committing
15:56:20.787 [Test worker] DEBUG o.h.e.t.i.jdbc.JdbcTransaction - committed JDBC Connection
15:56:20.787 [Test worker] DEBUG o.h.e.t.i.jdbc.JdbcTransaction - re-enabling autocommit
15:56:20.787 [Test worker] DEBUG o.s.orm.jpa.JpaTransactionManager - Closing JPA EntityManager [org.hibernate.jpa.internal.EntityManagerImpl@2829ca66] after transaction
15:56:20.787 [Test worker] DEBUG o.s.o.jpa.EntityManagerFactoryUtils - Closing JPA EntityManager
15:56:20.787 [Test worker] DEBUG o.h.e.j.i.LogicalConnectionImpl - Releasing JDBC connection
15:56:20.787 [Test worker] DEBUG o.h.e.j.i.LogicalConnectionImpl - Released JDBC connection
15:56:20.787 [Test worker] DEBUG o.s.orm.jpa.JpaTransactionManager - Creating new transaction with name [org.springframework.data.jpa.repository.support.SimpleJpaRepository.save]: PROPAGATION_REQUIRED,ISOLATION_DEFAULT; ''
15:56:20.788 [Test worker] DEBUG o.s.orm.jpa.JpaTransactionManager - Opened new EntityManager [org.hibernate.jpa.internal.EntityManagerImpl@44260419] for JPA transaction
15:56:20.788 [Test worker] DEBUG o.h.e.t.spi.AbstractTransactionImpl - begin
15:56:20.788 [Test worker] DEBUG o.h.e.j.i.LogicalConnectionImpl - Obtaining JDBC connection
15:56:20.788 [Test worker] DEBUG o.s.j.d.DriverManagerDataSource - Creating new JDBC DriverManager Connection to [jdbc:mysql://127.0.0.1:3306/wrp3]
15:56:20.791 [Test worker] DEBUG o.h.e.j.i.LogicalConnectionImpl - Obtained JDBC connection
15:56:20.791 [Test worker] DEBUG o.h.e.t.i.jdbc.JdbcTransaction - initial autocommit status: true
15:56:20.792 [Test worker] DEBUG o.h.e.t.i.jdbc.JdbcTransaction - disabling autocommit
15:56:20.792 [Test worker] DEBUG o.s.orm.jpa.JpaTransactionManager - Exposing JPA transaction as JDBC transaction [org.springframework.orm.jpa.vendor.HibernateJpaDialect$HibernateConnectionHandle@47828470]
15:56:20.792 [Test worker] DEBUG org.hibernate.loader.Loader - Loading entity: [sciConsole.domain.User#35]
15:56:20.792 [Test worker] DEBUG org.hibernate.SQL - select user0_.id as id1_8_1_, user0_.login as login2_8_1_, user0_.password as password3_8_1_, user0_1_.role_id as role_id1_7_1_, role1_.id as id1_4_0_, role1_.role as role2_4_0_ from users user0_ left outer join user_roles user0_1_ on user0_.id=user0_1_.user_id left outer join roles role1_ on user0_1_.role_id=role1_.id where user0_.id=?
15:56:20.793 [Test worker] DEBUG org.hibernate.loader.Loader - Done entity load
15:56:20.793 [Test worker] DEBUG org.hibernate.loader.Loader - Loading entity: [sciConsole.domain.Role#2]
15:56:20.793 [Test worker] DEBUG org.hibernate.SQL - select role0_.id as id1_4_1_, role0_.role as role2_4_1_, userroles1_.role_id as role_id1_4_3_, user2_.id as user_id2_7_3_, user2_.id as id1_8_0_, user2_.login as login2_8_0_, user2_.password as password3_8_0_, user2_1_.role_id as role_id1_7_0_ from roles role0_ left outer join user_roles userroles1_ on role0_.id=userroles1_.role_id left outer join users user2_ on userroles1_.user_id=user2_.id left outer join user_roles user2_1_ on user2_.id=user2_1_.user_id where role0_.id=?
15:56:20.793 [Test worker] DEBUG o.h.e.l.i.CollectionLoadContext - No collections were found in result set for role: sciConsole.domain.Role.userRoles
15:56:20.794 [Test worker] DEBUG org.hibernate.loader.Loader - Done entity load
15:56:20.794 [Test worker] DEBUG o.h.e.i.AbstractSaveEventListener - Generated identifier: 2, using strategy: org.hibernate.id.Assigned
15:56:20.794 [Test worker] DEBUG org.hibernate.SQL - insert into roles (role, id) values (?, ?)
15:56:20.795 [Test worker] DEBUG org.hibernate.engine.spi.ActionQueue - Executing identity-insert immediately
15:56:20.795 [Test worker] DEBUG org.hibernate.SQL - insert into users (login, password) values (?, ?)
15:56:20.795 [Test worker] DEBUG o.h.id.IdentifierGeneratorHelper - Natively generated identity: 37
15:56:20.795 [Test worker] DEBUG org.hibernate.SQL - insert into user_roles (role_id, user_id) values (?, ?)
15:56:20.796 [Test worker] DEBUG org.hibernate.loader.Loader - Loading entity: [sciConsole.domain.User#36]
15:56:20.796 [Test worker] DEBUG org.hibernate.SQL - select user0_.id as id1_8_1_, user0_.login as login2_8_1_, user0_.password as password3_8_1_, user0_1_.role_id as role_id1_7_1_, role1_.id as id1_4_0_, role1_.role as role2_4_0_ from users user0_ left outer join user_roles user0_1_ on user0_.id=user0_1_.user_id left outer join roles role1_ on user0_1_.role_id=role1_.id where user0_.id=?
15:56:20.797 [Test worker] DEBUG org.hibernate.loader.Loader - Done entity load
15:56:20.797 [Test worker] DEBUG org.hibernate.loader.Loader - Loading entity: [sciConsole.domain.Role#1]
15:56:20.797 [Test worker] DEBUG org.hibernate.SQL - select role0_.id as id1_4_1_, role0_.role as role2_4_1_, userroles1_.role_id as role_id1_4_3_, user2_.id as user_id2_7_3_, user2_.id as id1_8_0_, user2_.login as login2_8_0_, user2_.password as password3_8_0_, user2_1_.role_id as role_id1_7_0_ from roles role0_ left outer join user_roles userroles1_ on role0_.id=userroles1_.role_id left outer join users user2_ on userroles1_.user_id=user2_.id left outer join user_roles user2_1_ on user2_.id=user2_1_.user_id where role0_.id=?
15:56:20.797 [Test worker] DEBUG o.h.e.l.i.CollectionLoadContext - No collections were found in result set for role: sciConsole.domain.Role.userRoles
15:56:20.798 [Test worker] DEBUG org.hibernate.loader.Loader - Done entity load
15:56:20.798 [Test worker] DEBUG o.h.e.i.AbstractSaveEventListener - Generated identifier: 1, using strategy: org.hibernate.id.Assigned
15:56:20.798 [Test worker] DEBUG org.hibernate.SQL - insert into roles (role, id) values (?, ?)
15:56:20.798 [Test worker] DEBUG org.hibernate.engine.spi.ActionQueue - Executing identity-insert immediately
15:56:20.799 [Test worker] DEBUG org.hibernate.SQL - insert into users (login, password) values (?, ?)
15:56:20.799 [Test worker] DEBUG o.h.id.IdentifierGeneratorHelper - Natively generated identity: 38
15:56:20.799 [Test worker] DEBUG org.hibernate.SQL - insert into user_roles (role_id, user_id) values (?, ?)
15:56:20.800 [Test worker] DEBUG o.s.orm.jpa.JpaTransactionManager - Initiating transaction commit
15:56:20.800 [Test worker] DEBUG o.s.orm.jpa.JpaTransactionManager - Committing JPA transaction on EntityManager [org.hibernate.jpa.internal.EntityManagerImpl@44260419]
15:56:20.800 [Test worker] DEBUG o.h.e.t.spi.AbstractTransactionImpl - committing
15:56:20.800 [Test worker] DEBUG o.h.e.i.AbstractFlushingEventListener - Processing flush-time cascades
15:56:20.800 [Test worker] DEBUG o.h.e.i.AbstractFlushingEventListener - Dirty checking collections
15:56:20.800 [Test worker] DEBUG o.h.e.i.AbstractFlushingEventListener - Flushed: 0 insertions, 0 updates, 0 deletions to 4 objects
15:56:20.800 [Test worker] DEBUG o.h.e.i.AbstractFlushingEventListener - Flushed: 0 (re)creations, 0 updates, 0 removals to 0 collections
15:56:20.800 [Test worker] DEBUG o.h.internal.util.EntityPrinter - Listing entities:
15:56:20.800 [Test worker] DEBUG o.h.internal.util.EntityPrinter - sciConsole.domain.User{password=$2a$10$sbTqPCC0wB2c4IE5Y5RCdeWLIvtjAKEHFzHluAg7LiqkSdZNujJn2, role=sciConsole.domain.Role#2, id=37, login=Alice}
15:56:20.800 [Test worker] DEBUG o.h.internal.util.EntityPrinter - sciConsole.domain.User{password=$2a$10$UQ/jCMwn14H5VdHO4or0L.xvlGoplsSsRXHjXdbYij9UEArHJzsE2, role=sciConsole.domain.Role#1, id=38, login=Bob}
15:56:20.800 [Test worker] DEBUG o.h.internal.util.EntityPrinter - sciConsole.domain.Role{userRoles=null, role=MANAGER, id=1}
15:56:20.800 [Test worker] DEBUG o.h.internal.util.EntityPrinter - sciConsole.domain.Role{userRoles=null, role=DEVELOPER, id=2}
15:56:20.803 [Test worker] DEBUG o.h.e.t.i.jdbc.JdbcTransaction - committed JDBC Connection
15:56:20.803 [Test worker] DEBUG o.h.e.t.i.jdbc.JdbcTransaction - re-enabling autocommit
15:56:20.803 [Test worker] DEBUG o.s.orm.jpa.JpaTransactionManager - Closing JPA EntityManager [org.hibernate.jpa.internal.EntityManagerImpl@44260419] after transaction
15:56:20.803 [Test worker] DEBUG o.s.o.jpa.EntityManagerFactoryUtils - Closing JPA EntityManager
15:56:20.803 [Test worker] DEBUG o.h.e.j.internal.JdbcCoordinatorImpl - HHH000420: Closing un-released batch
15:56:20.803 [Test worker] DEBUG o.h.e.j.i.LogicalConnectionImpl - Releasing JDBC connection
15:56:20.803 [Test worker] DEBUG o.h.e.j.i.LogicalConnectionImpl - Released JDBC connection
15:56:20.803 [Test worker] DEBUG o.s.orm.jpa.JpaTransactionManager - Creating new transaction with name [org.springframework.data.jpa.repository.support.SimpleJpaRepository.save]: PROPAGATION_REQUIRED,ISOLATION_DEFAULT; ''
15:56:20.803 [Test worker] DEBUG o.s.orm.jpa.JpaTransactionManager - Opened new EntityManager [org.hibernate.jpa.internal.EntityManagerImpl@32bd813a] for JPA transaction
15:56:20.803 [Test worker] DEBUG o.h.e.t.spi.AbstractTransactionImpl - begin
15:56:20.803 [Test worker] DEBUG o.h.e.j.i.LogicalConnectionImpl - Obtaining JDBC connection
15:56:20.803 [Test worker] DEBUG o.s.j.d.DriverManagerDataSource - Creating new JDBC DriverManager Connection to [jdbc:mysql://127.0.0.1:3306/wrp3]
15:56:20.806 [Test worker] DEBUG o.h.e.j.i.LogicalConnectionImpl - Obtained JDBC connection
15:56:20.807 [Test worker] DEBUG o.h.e.t.i.jdbc.JdbcTransaction - initial autocommit status: true
15:56:20.807 [Test worker] DEBUG o.h.e.t.i.jdbc.JdbcTransaction - disabling autocommit
15:56:20.807 [Test worker] DEBUG o.s.orm.jpa.JpaTransactionManager - Exposing JPA transaction as JDBC transaction [org.springframework.orm.jpa.vendor.HibernateJpaDialect$HibernateConnectionHandle@15d354f6]
15:56:20.807 [Test worker] DEBUG org.hibernate.loader.Loader - Loading entity: [sciConsole.domain.Role#1]
15:56:20.807 [Test worker] DEBUG org.hibernate.SQL - select role0_.id as id1_4_1_, role0_.role as role2_4_1_, userroles1_.role_id as role_id1_4_3_, user2_.id as user_id2_7_3_, user2_.id as id1_8_0_, user2_.login as login2_8_0_, user2_.password as password3_8_0_, user2_1_.role_id as role_id1_7_0_ from roles role0_ left outer join user_roles userroles1_ on role0_.id=userroles1_.role_id left outer join users user2_ on userroles1_.user_id=user2_.id left outer join user_roles user2_1_ on user2_.id=user2_1_.user_id where role0_.id=?
15:56:20.808 [Test worker] DEBUG org.hibernate.loader.Loader - Result set row: 0
15:56:20.808 [Test worker] DEBUG org.hibernate.loader.Loader - Result row: EntityKey[sciConsole.domain.User#38], EntityKey[sciConsole.domain.Role#1]
15:56:20.808 [Test worker] DEBUG org.hibernate.loader.Loader - Found row of collection: [sciConsole.domain.Role.userRoles#1]
15:56:20.808 [Test worker] DEBUG o.h.engine.internal.TwoPhaseLoad - Resolving associations for [sciConsole.domain.User#38]
15:56:20.808 [Test worker] DEBUG o.h.engine.internal.TwoPhaseLoad - Done materializing entity [sciConsole.domain.User#38]
15:56:20.808 [Test worker] DEBUG o.h.engine.internal.TwoPhaseLoad - Resolving associations for [sciConsole.domain.Role#1]
15:56:20.808 [Test worker] DEBUG o.h.engine.internal.TwoPhaseLoad - Done materializing entity [sciConsole.domain.Role#1]
15:56:20.808 [Test worker] DEBUG o.h.e.l.i.CollectionLoadContext - 1 collections were found in result set for role: sciConsole.domain.Role.userRoles
15:56:20.808 [Test worker] DEBUG o.h.e.l.i.CollectionLoadContext - Collection fully initialized: [sciConsole.domain.Role.userRoles#1]
15:56:20.808 [Test worker] DEBUG o.h.e.l.i.CollectionLoadContext - 1 collections initialized for role: sciConsole.domain.Role.userRoles
15:56:20.808 [Test worker] DEBUG org.hibernate.loader.Loader - Done entity load
15:56:20.809 [Test worker] DEBUG org.hibernate.loader.Loader - Loading entity: [sciConsole.domain.Role#2]
15:56:20.809 [Test worker] DEBUG org.hibernate.SQL - select role0_.id as id1_4_1_, role0_.role as role2_4_1_, userroles1_.role_id as role_id1_4_3_, user2_.id as user_id2_7_3_, user2_.id as id1_8_0_, user2_.login as login2_8_0_, user2_.password as password3_8_0_, user2_1_.role_id as role_id1_7_0_ from roles role0_ left outer join user_roles userroles1_ on role0_.id=userroles1_.role_id left outer join users user2_ on userroles1_.user_id=user2_.id left outer join user_roles user2_1_ on user2_.id=user2_1_.user_id where role0_.id=?
15:56:20.809 [Test worker] DEBUG org.hibernate.loader.Loader - Result set row: 0
15:56:20.809 [Test worker] DEBUG org.hibernate.loader.Loader - Result row: EntityKey[sciConsole.domain.User#37], EntityKey[sciConsole.domain.Role#2]
15:56:20.809 [Test worker] DEBUG org.hibernate.loader.Loader - Found row of collection: [sciConsole.domain.Role.userRoles#2]
15:56:20.809 [Test worker] DEBUG o.h.engine.internal.TwoPhaseLoad - Resolving associations for [sciConsole.domain.User#37]
15:56:20.809 [Test worker] DEBUG o.h.engine.internal.TwoPhaseLoad - Done materializing entity [sciConsole.domain.User#37]
15:56:20.809 [Test worker] DEBUG o.h.engine.internal.TwoPhaseLoad - Resolving associations for [sciConsole.domain.Role#2]
15:56:20.809 [Test worker] DEBUG o.h.engine.internal.TwoPhaseLoad - Done materializing entity [sciConsole.domain.Role#2]
15:56:20.809 [Test worker] DEBUG o.h.e.l.i.CollectionLoadContext - 1 collections were found in result set for role: sciConsole.domain.Role.userRoles
15:56:20.809 [Test worker] DEBUG o.h.e.l.i.CollectionLoadContext - Collection fully initialized: [sciConsole.domain.Role.userRoles#2]
15:56:20.809 [Test worker] DEBUG o.h.e.l.i.CollectionLoadContext - 1 collections initialized for role: sciConsole.domain.Role.userRoles
15:56:20.810 [Test worker] DEBUG org.hibernate.loader.Loader - Done entity load
15:56:20.810 [Test worker] DEBUG o.s.orm.jpa.JpaTransactionManager - Initiating transaction commit
15:56:20.810 [Test worker] DEBUG o.s.orm.jpa.JpaTransactionManager - Committing JPA transaction on EntityManager [org.hibernate.jpa.internal.EntityManagerImpl@32bd813a]
15:56:20.810 [Test worker] DEBUG o.h.e.t.spi.AbstractTransactionImpl - committing
15:56:20.810 [Test worker] DEBUG o.h.e.i.AbstractFlushingEventListener - Processing flush-time cascades
15:56:20.810 [Test worker] DEBUG o.h.e.i.AbstractFlushingEventListener - Dirty checking collections
15:56:20.810 [Test worker] DEBUG o.h.engine.internal.Collections - Collection found: [sciConsole.domain.Role.userRoles#1], was: [sciConsole.domain.Role.userRoles#1] (initialized)
15:56:20.810 [Test worker] DEBUG o.h.engine.internal.Collections - Collection found: [sciConsole.domain.Role.userRoles#2], was: [sciConsole.domain.Role.userRoles#2] (initialized)
15:56:20.810 [Test worker] DEBUG o.h.e.i.AbstractFlushingEventListener - Flushed: 0 insertions, 0 updates, 0 deletions to 4 objects
15:56:20.810 [Test worker] DEBUG o.h.e.i.AbstractFlushingEventListener - Flushed: 0 (re)creations, 0 updates, 0 removals to 2 collections
15:56:20.810 [Test worker] DEBUG o.h.internal.util.EntityPrinter - Listing entities:
15:56:20.810 [Test worker] DEBUG o.h.internal.util.EntityPrinter - sciConsole.domain.User{password=$2a$10$sbTqPCC0wB2c4IE5Y5RCdeWLIvtjAKEHFzHluAg7LiqkSdZNujJn2, role=sciConsole.domain.Role#2, id=37, login=Alice}
15:56:20.810 [Test worker] DEBUG o.h.internal.util.EntityPrinter - sciConsole.domain.User{password=$2a$10$UQ/jCMwn14H5VdHO4or0L.xvlGoplsSsRXHjXdbYij9UEArHJzsE2, role=sciConsole.domain.Role#1, id=38, login=Bob}
15:56:20.810 [Test worker] DEBUG o.h.internal.util.EntityPrinter - sciConsole.domain.Role{userRoles=[sciConsole.domain.User#38], role=MANAGER, id=1}
15:56:20.810 [Test worker] DEBUG o.h.internal.util.EntityPrinter - sciConsole.domain.Role{userRoles=[sciConsole.domain.User#37], role=DEVELOPER, id=2}
15:56:20.811 [Test worker] DEBUG o.h.e.t.i.jdbc.JdbcTransaction - committed JDBC Connection
15:56:20.811 [Test worker] DEBUG o.h.e.t.i.jdbc.JdbcTransaction - re-enabling autocommit
15:56:20.811 [Test worker] DEBUG o.s.orm.jpa.JpaTransactionManager - Closing JPA EntityManager [org.hibernate.jpa.internal.EntityManagerImpl@32bd813a] after transaction
15:56:20.811 [Test worker] DEBUG o.s.o.jpa.EntityManagerFactoryUtils - Closing JPA EntityManager
15:56:20.811 [Test worker] DEBUG o.h.e.j.i.LogicalConnectionImpl - Releasing JDBC connection
15:56:20.811 [Test worker] DEBUG o.h.e.j.i.LogicalConnectionImpl - Released JDBC connection
15:56:20.811 [Test worker] DEBUG o.s.t.c.s.AbstractDirtiesContextTestExecutionListener - After test class: context [DefaultTestContext@632a4baa testClass = CompleteChangeRequestStepDefs, testInstance = [null], testMethod = [null], testException = [null], mergedContextConfiguration = [WebMergedContextConfiguration@3a678f54 testClass = CompleteChangeRequestStepDefs, locations = '{}', classes = '{class sciConsole.SciConsoleApplication, class sciConsole.controller.SessionController, class sciConsole.controller.AccountController, class sciConsole.controller.ChangeRequestController, class sciConsole.SecurityConfig, class sciConsole.WebConfig}', contextInitializerClasses = '[]', activeProfiles = '{}', propertySourceLocations = '{}', propertySourceProperties = '{}', resourceBasePath = 'src/main/webapp', contextLoader = 'org.springframework.test.context.web.WebDelegatingSmartContextLoader', parent = [null]]], class annotated with @DirtiesContext [false] with mode [null].
15:56:20.877 [Test worker] DEBUG o.s.t.w.s.TestDispatcherServlet - DispatcherServlet with name '' processing GET request for [/assigned-requests]
15:56:20.877 [Test worker] DEBUG o.s.w.s.m.m.a.RequestMappingHandlerMapping - Looking up handler method for path /assigned-requests
15:56:20.877 [Test worker] DEBUG o.s.w.s.m.m.a.RequestMappingHandlerMapping - Returning handler method [public org.springframework.web.servlet.ModelAndView sciConsole.controller.ChangeRequestController.assignedRequests(javax.servlet.http.HttpServletRequest,javax.servlet.http.HttpServletResponse)]
15:56:20.877 [Test worker] DEBUG o.s.b.f.s.DefaultListableBeanFactory - Returning cached instance of singleton bean 'changeRequestController'
15:56:20.877 [Test worker] DEBUG o.s.t.w.s.TestDispatcherServlet - Last-Modified value for [/assigned-requests] is: -1
15:56:20.877 [Test worker] DEBUG o.s.o.j.s.OpenEntityManagerInViewInterceptor - Opening JPA EntityManager in OpenEntityManagerInViewInterceptor
15:56:20.878 [Test worker] DEBUG o.h.jpa.criteria.CriteriaQueryImpl - Rendered criteria query -> select generatedAlias0 from User as generatedAlias0 where generatedAlias0.login=:param0
15:56:20.878 [Test worker] DEBUG org.hibernate.SQL - select user0_.id as id1_8_, user0_.login as login2_8_, user0_.password as password3_8_, user0_1_.role_id as role_id1_7_ from users user0_ left outer join user_roles user0_1_ on user0_.id=user0_1_.user_id where user0_.login=?
15:56:20.878 [Test worker] DEBUG o.h.e.j.i.LogicalConnectionImpl - Obtaining JDBC connection
15:56:20.878 [Test worker] DEBUG o.s.j.d.DriverManagerDataSource - Creating new JDBC DriverManager Connection to [jdbc:mysql://127.0.0.1:3306/wrp3]
15:56:20.881 [Test worker] DEBUG o.h.e.j.i.LogicalConnectionImpl - Obtained JDBC connection
15:56:20.882 [Test worker] DEBUG org.hibernate.loader.Loader - Result set row: 0
15:56:20.882 [Test worker] DEBUG org.hibernate.loader.Loader - Result row: EntityKey[sciConsole.domain.User#37]
15:56:20.882 [Test worker] DEBUG o.h.engine.internal.TwoPhaseLoad - Resolving associations for [sciConsole.domain.User#37]
15:56:20.882 [Test worker] DEBUG org.hibernate.SQL - select role0_.id as id1_4_0_, role0_.role as role2_4_0_ from roles role0_ where role0_.id=?
15:56:20.882 [Test worker] DEBUG o.h.l.p.e.p.i.ResultSetProcessorImpl - Starting ResultSet row #0
15:56:20.882 [Test worker] DEBUG o.h.l.p.e.p.i.EntityReferenceInitializerImpl - On call to EntityIdentifierReaderImpl#resolve, EntityKey was already known; should only happen on root returns with an optional identifier specified
15:56:20.883 [Test worker] DEBUG o.h.engine.internal.TwoPhaseLoad - Resolving associations for [sciConsole.domain.Role#2]
15:56:20.883 [Test worker] DEBUG o.h.engine.internal.TwoPhaseLoad - Done materializing entity [sciConsole.domain.Role#2]
15:56:20.883 [Test worker] DEBUG o.h.l.e.p.AbstractLoadPlanBasedEntityLoader - Done entity load : sciConsole.domain.Role#2
15:56:20.883 [Test worker] DEBUG o.h.engine.internal.TwoPhaseLoad - Done materializing entity [sciConsole.domain.User#37]
15:56:20.883 [Test worker] DEBUG o.h.jpa.criteria.CriteriaQueryImpl - Rendered criteria query -> select generatedAlias0 from User as generatedAlias0 where generatedAlias0.login=:param0
15:56:20.884 [Test worker] DEBUG org.hibernate.SQL - select user0_.id as id1_8_, user0_.login as login2_8_, user0_.password as password3_8_, user0_1_.role_id as role_id1_7_ from users user0_ left outer join user_roles user0_1_ on user0_.id=user0_1_.user_id where user0_.login=?
15:56:20.884 [Test worker] DEBUG org.hibernate.loader.Loader - Result set row: 0
15:56:20.884 [Test worker] DEBUG org.hibernate.loader.Loader - Result row: EntityKey[sciConsole.domain.User#38]
15:56:20.884 [Test worker] DEBUG o.h.engine.internal.TwoPhaseLoad - Resolving associations for [sciConsole.domain.User#38]
15:56:20.884 [Test worker] DEBUG org.hibernate.SQL - select role0_.id as id1_4_0_, role0_.role as role2_4_0_ from roles role0_ where role0_.id=?
15:56:20.885 [Test worker] DEBUG o.h.l.p.e.p.i.ResultSetProcessorImpl - Starting ResultSet row #0
15:56:20.885 [Test worker] DEBUG o.h.l.p.e.p.i.EntityReferenceInitializerImpl - On call to EntityIdentifierReaderImpl#resolve, EntityKey was already known; should only happen on root returns with an optional identifier specified
15:56:20.885 [Test worker] DEBUG o.h.engine.internal.TwoPhaseLoad - Resolving associations for [sciConsole.domain.Role#1]
15:56:20.885 [Test worker] DEBUG o.h.engine.internal.TwoPhaseLoad - Done materializing entity [sciConsole.domain.Role#1]
15:56:20.885 [Test worker] DEBUG o.h.l.e.p.AbstractLoadPlanBasedEntityLoader - Done entity load : sciConsole.domain.Role#1
15:56:20.885 [Test worker] DEBUG o.h.engine.internal.TwoPhaseLoad - Done materializing entity [sciConsole.domain.User#38]
15:56:20.886 [Test worker] DEBUG o.h.jpa.criteria.CriteriaQueryImpl - Rendered criteria query -> select generatedAlias0 from Request as generatedAlias0 where ( generatedAlias0.status=:param0 ) and ( generatedAlias0.assignTo=:param1 )
15:56:20.886 [Test worker] DEBUG org.hibernate.SQL - select request0_.request_id as request_1_3_, request0_.assign_to as assign_t2_3_, request0_.created_by as created_3_3_, request0_.date_created as date_cre4_3_, request0_.date_complete as date_com5_3_, request0_.due_date as due_date6_3_, request0_.priority as priority7_3_, request0_.reject_reason as reject_r8_3_, request0_.req_desc as req_desc9_3_, request0_.req_solution as req_sol10_3_, request0_.sci_id as sci_id11_3_, request0_.status as status12_3_, request0_.assigned_to as assigne13_3_, request0_.version_id as version14_3_ from request request0_ where request0_.status=? and request0_.assign_to=?
15:56:20.886 [Test worker] DEBUG org.hibernate.loader.Loader - Result set row: 0
15:56:20.886 [Test worker] DEBUG org.hibernate.loader.Loader - Result row: EntityKey[sciConsole.domain.Request#10]
15:56:20.886 [Test worker] DEBUG o.h.engine.internal.TwoPhaseLoad - Resolving associations for [sciConsole.domain.Request#10]
15:56:20.887 [Test worker] DEBUG o.h.engine.internal.TwoPhaseLoad - Done materializing entity [sciConsole.domain.Request#10]
15:56:20.887 [Test worker] DEBUG o.s.t.w.s.TestDispatcherServlet - Rendering view [org.springframework.web.servlet.view.JstlView: name 'assigned-requests'; URL [/WEB-INF/views/assigned-requests.jsp]] in DispatcherServlet with name ''
15:56:20.887 [Test worker] DEBUG o.s.web.servlet.view.JstlView - Added model object 'assigned' of type [java.util.ArrayList] to request in view with name 'assigned-requests'
15:56:20.887 [Test worker] DEBUG o.s.web.servlet.view.JstlView - Added model object 'requestList' of type [java.util.ArrayList] to request in view with name 'assigned-requests'
15:56:20.887 [Test worker] DEBUG o.s.b.f.s.DefaultListableBeanFactory - Returning cached instance of singleton bean 'requestDataValueProcessor'
15:56:20.887 [Test worker] DEBUG o.s.web.servlet.view.JstlView - Forwarding to resource [/WEB-INF/views/assigned-requests.jsp] in InternalResourceView 'assigned-requests'
15:56:20.887 [Test worker] DEBUG o.s.mock.web.MockRequestDispatcher - MockRequestDispatcher: forwarding to [/WEB-INF/views/assigned-requests.jsp]
15:56:20.887 [Test worker] DEBUG o.s.o.j.s.OpenEntityManagerInViewInterceptor - Closing JPA EntityManager in OpenEntityManagerInViewInterceptor
15:56:20.887 [Test worker] DEBUG o.s.o.jpa.EntityManagerFactoryUtils - Closing JPA EntityManager
15:56:20.887 [Test worker] DEBUG o.h.e.j.i.LogicalConnectionImpl - Releasing JDBC connection
15:56:20.887 [Test worker] DEBUG o.h.e.j.i.LogicalConnectionImpl - Released JDBC connection
15:56:20.887 [Test worker] DEBUG o.s.t.w.s.TestDispatcherServlet - Successfully completed request
15:56:20.888 [Test worker] DEBUG o.s.o.j.SharedEntityManagerCreator$SharedEntityManagerInvocationHandler - Creating new EntityManager for shared EntityManager invocation
15:56:20.888 [Test worker] DEBUG o.h.jpa.criteria.CriteriaQueryImpl - Rendered criteria query -> select generatedAlias0 from Request as generatedAlias0 where generatedAlias0.status=:param0
15:56:20.888 [Test worker] DEBUG org.hibernate.SQL - select request0_.request_id as request_1_3_, request0_.assign_to as assign_t2_3_, request0_.created_by as created_3_3_, request0_.date_created as date_cre4_3_, request0_.date_complete as date_com5_3_, request0_.due_date as due_date6_3_, request0_.priority as priority7_3_, request0_.reject_reason as reject_r8_3_, request0_.req_desc as req_desc9_3_, request0_.req_solution as req_sol10_3_, request0_.sci_id as sci_id11_3_, request0_.status as status12_3_, request0_.assigned_to as assigne13_3_, request0_.version_id as version14_3_ from request request0_ where request0_.status=?
15:56:20.888 [Test worker] DEBUG o.h.e.j.i.LogicalConnectionImpl - Obtaining JDBC connection
15:56:20.888 [Test worker] DEBUG o.s.j.d.DriverManagerDataSource - Creating new JDBC DriverManager Connection to [jdbc:mysql://127.0.0.1:3306/wrp3]
15:56:20.891 [Test worker] DEBUG o.h.e.j.i.LogicalConnectionImpl - Obtained JDBC connection
15:56:20.892 [Test worker] DEBUG org.hibernate.loader.Loader - Result set row: 0
15:56:20.892 [Test worker] DEBUG org.hibernate.loader.Loader - Result row: EntityKey[sciConsole.domain.Request#10]
15:56:20.892 [Test worker] DEBUG o.h.engine.internal.TwoPhaseLoad - Resolving associations for [sciConsole.domain.Request#10]
15:56:20.893 [Test worker] DEBUG o.h.engine.internal.TwoPhaseLoad - Done materializing entity [sciConsole.domain.Request#10]
15:56:20.893 [Test worker] DEBUG o.s.o.jpa.EntityManagerFactoryUtils - Closing JPA EntityManager
15:56:20.893 [Test worker] DEBUG o.h.e.j.i.LogicalConnectionImpl - Releasing JDBC connection
15:56:20.893 [Test worker] DEBUG o.h.e.j.i.LogicalConnectionImpl - Released JDBC connection
15:56:20.895 [Test worker] DEBUG o.s.t.w.s.TestDispatcherServlet - DispatcherServlet with name '' processing GET request for [/complete-request]
15:56:20.895 [Test worker] DEBUG o.s.w.s.m.m.a.RequestMappingHandlerMapping - Looking up handler method for path /complete-request
15:56:20.895 [Test worker] DEBUG o.s.w.s.m.m.a.RequestMappingHandlerMapping - Returning handler method [public org.springframework.web.servlet.ModelAndView sciConsole.controller.ChangeRequestController.completeRequest(javax.servlet.http.HttpServletRequest,java.lang.Integer,java.lang.String,javax.servlet.http.HttpServletResponse)]
15:56:20.895 [Test worker] DEBUG o.s.b.f.s.DefaultListableBeanFactory - Returning cached instance of singleton bean 'changeRequestController'
15:56:20.895 [Test worker] DEBUG o.s.t.w.s.TestDispatcherServlet - Last-Modified value for [/complete-request] is: -1
15:56:20.895 [Test worker] DEBUG o.s.o.j.s.OpenEntityManagerInViewInterceptor - Opening JPA EntityManager in OpenEntityManagerInViewInterceptor
15:56:20.896 [Test worker] DEBUG o.h.jpa.criteria.CriteriaQueryImpl - Rendered criteria query -> select generatedAlias0 from Request as generatedAlias0 where generatedAlias0.id=:param0
15:56:20.896 [Test worker] DEBUG org.hibernate.SQL - select request0_.request_id as request_1_3_, request0_.assign_to as assign_t2_3_, request0_.created_by as created_3_3_, request0_.date_created as date_cre4_3_, request0_.date_complete as date_com5_3_, request0_.due_date as due_date6_3_, request0_.priority as priority7_3_, request0_.reject_reason as reject_r8_3_, request0_.req_desc as req_desc9_3_, request0_.req_solution as req_sol10_3_, request0_.sci_id as sci_id11_3_, request0_.status as status12_3_, request0_.assigned_to as assigne13_3_, request0_.version_id as version14_3_ from request request0_ where request0_.request_id=?
15:56:20.896 [Test worker] DEBUG o.h.e.j.i.LogicalConnectionImpl - Obtaining JDBC connection
15:56:20.896 [Test worker] DEBUG o.s.j.d.DriverManagerDataSource - Creating new JDBC DriverManager Connection to [jdbc:mysql://127.0.0.1:3306/wrp3]
15:56:20.900 [Test worker] DEBUG o.h.e.j.i.LogicalConnectionImpl - Obtained JDBC connection
15:56:20.901 [Test worker] DEBUG org.hibernate.loader.Loader - Result set row: 0
15:56:20.901 [Test worker] DEBUG org.hibernate.loader.Loader - Result row: EntityKey[sciConsole.domain.Request#10]
15:56:20.901 [Test worker] DEBUG o.h.engine.internal.TwoPhaseLoad - Resolving associations for [sciConsole.domain.Request#10]
15:56:20.901 [Test worker] DEBUG o.h.engine.internal.TwoPhaseLoad - Done materializing entity [sciConsole.domain.Request#10]
15:56:20.901 [Test worker] DEBUG o.s.orm.jpa.JpaTransactionManager - Found thread-bound EntityManager [org.hibernate.jpa.internal.EntityManagerImpl@7228c9c0] for JPA transaction
15:56:20.901 [Test worker] DEBUG o.s.orm.jpa.JpaTransactionManager - Creating new transaction with name [org.springframework.data.jpa.repository.support.SimpleJpaRepository.save]: PROPAGATION_REQUIRED,ISOLATION_DEFAULT; ''
15:56:20.902 [Test worker] DEBUG o.h.e.t.spi.AbstractTransactionImpl - begin
15:56:20.902 [Test worker] DEBUG o.h.e.t.i.jdbc.JdbcTransaction - initial autocommit status: true
15:56:20.902 [Test worker] DEBUG o.h.e.t.i.jdbc.JdbcTransaction - disabling autocommit
15:56:20.902 [Test worker] DEBUG o.s.orm.jpa.JpaTransactionManager - Exposing JPA transaction as JDBC transaction [org.springframework.orm.jpa.vendor.HibernateJpaDialect$HibernateConnectionHandle@2ed7e3e6]
15:56:20.903 [Test worker] DEBUG o.s.orm.jpa.JpaTransactionManager - Initiating transaction commit
15:56:20.903 [Test worker] DEBUG o.s.orm.jpa.JpaTransactionManager - Committing JPA transaction on EntityManager [org.hibernate.jpa.internal.EntityManagerImpl@7228c9c0]
15:56:20.903 [Test worker] DEBUG o.h.e.t.spi.AbstractTransactionImpl - committing
15:56:20.903 [Test worker] DEBUG o.h.e.i.AbstractFlushingEventListener - Processing flush-time cascades
15:56:20.903 [Test worker] DEBUG o.h.e.i.AbstractFlushingEventListener - Dirty checking collections
15:56:20.903 [Test worker] DEBUG o.h.e.i.AbstractFlushingEventListener - Flushed: 0 insertions, 1 updates, 0 deletions to 1 objects
15:56:20.903 [Test worker] DEBUG o.h.e.i.AbstractFlushingEventListener - Flushed: 0 (re)creations, 0 updates, 0 removals to 0 collections
15:56:20.903 [Test worker] DEBUG o.h.internal.util.EntityPrinter - Listing entities:
15:56:20.903 [Test worker] DEBUG o.h.internal.util.EntityPrinter - sciConsole.domain.Request{date=2016-01-11 15:56:21.0, dueDate=null, priority=null, type=1, versionId=1, rejectReason=null, createdBy=1, dateComplete=Thu Jan 15 00:11:00 GMT 2015, reqDesc=Test Description, sciId=1, reqSolution=Test Solution, id=10, assignTo=37, status=2}
15:56:20.904 [Test worker] DEBUG org.hibernate.SQL - update request set assign_to=?, created_by=?, date_created=?, date_complete=?, due_date=?, priority=?, reject_reason=?, req_desc=?, req_solution=?, sci_id=?, status=?, assigned_to=?, version_id=? where request_id=?
15:56:20.907 [Test worker] DEBUG o.h.e.t.i.jdbc.JdbcTransaction - committed JDBC Connection
15:56:20.907 [Test worker] DEBUG o.h.e.t.i.jdbc.JdbcTransaction - re-enabling autocommit
15:56:20.908 [Test worker] DEBUG o.s.orm.jpa.JpaTransactionManager - Not closing pre-bound JPA EntityManager after transaction
15:56:20.908 [Test worker] DEBUG o.h.jpa.criteria.CriteriaQueryImpl - Rendered criteria query -> select generatedAlias0 from User as generatedAlias0 where generatedAlias0.login=:param0
15:56:20.908 [Test worker] DEBUG org.hibernate.SQL - select user0_.id as id1_8_, user0_.login as login2_8_, user0_.password as password3_8_, user0_1_.role_id as role_id1_7_ from users user0_ left outer join user_roles user0_1_ on user0_.id=user0_1_.user_id where user0_.login=?
15:56:20.909 [Test worker] DEBUG org.hibernate.loader.Loader - Result set row: 0
15:56:20.909 [Test worker] DEBUG org.hibernate.loader.Loader - Result row: EntityKey[sciConsole.domain.User#37]
15:56:20.909 [Test worker] DEBUG o.h.engine.internal.TwoPhaseLoad - Resolving associations for [sciConsole.domain.User#37]
15:56:20.909 [Test worker] DEBUG org.hibernate.SQL - select role0_.id as id1_4_0_, role0_.role as role2_4_0_ from roles role0_ where role0_.id=?
15:56:20.910 [Test worker] DEBUG o.h.l.p.e.p.i.ResultSetProcessorImpl - Starting ResultSet row #0
15:56:20.910 [Test worker] DEBUG o.h.l.p.e.p.i.EntityReferenceInitializerImpl - On call to EntityIdentifierReaderImpl#resolve, EntityKey was already known; should only happen on root returns with an optional identifier specified
15:56:20.910 [Test worker] DEBUG o.h.engine.internal.TwoPhaseLoad - Resolving associations for [sciConsole.domain.Role#2]
15:56:20.910 [Test worker] DEBUG o.h.engine.internal.TwoPhaseLoad - Done materializing entity [sciConsole.domain.Role#2]
15:56:20.910 [Test worker] DEBUG o.h.l.e.p.AbstractLoadPlanBasedEntityLoader - Done entity load : sciConsole.domain.Role#2
15:56:20.910 [Test worker] DEBUG o.h.engine.internal.TwoPhaseLoad - Done materializing entity [sciConsole.domain.User#37]
15:56:20.911 [Test worker] DEBUG o.h.jpa.criteria.CriteriaQueryImpl - Rendered criteria query -> select generatedAlias0 from User as generatedAlias0 where generatedAlias0.login=:param0
15:56:20.911 [Test worker] DEBUG org.hibernate.SQL - select user0_.id as id1_8_, user0_.login as login2_8_, user0_.password as password3_8_, user0_1_.role_id as role_id1_7_ from users user0_ left outer join user_roles user0_1_ on user0_.id=user0_1_.user_id where user0_.login=?
15:56:20.911 [Test worker] DEBUG org.hibernate.loader.Loader - Result set row: 0
15:56:20.911 [Test worker] DEBUG org.hibernate.loader.Loader - Result row: EntityKey[sciConsole.domain.User#38]
15:56:20.911 [Test worker] DEBUG o.h.engine.internal.TwoPhaseLoad - Resolving associations for [sciConsole.domain.User#38]
15:56:20.912 [Test worker] DEBUG org.hibernate.SQL - select role0_.id as id1_4_0_, role0_.role as role2_4_0_ from roles role0_ where role0_.id=?
15:56:20.912 [Test worker] DEBUG o.h.l.p.e.p.i.ResultSetProcessorImpl - Starting ResultSet row #0
15:56:20.912 [Test worker] DEBUG o.h.l.p.e.p.i.EntityReferenceInitializerImpl - On call to EntityIdentifierReaderImpl#resolve, EntityKey was already known; should only happen on root returns with an optional identifier specified
15:56:20.912 [Test worker] DEBUG o.h.engine.internal.TwoPhaseLoad - Resolving associations for [sciConsole.domain.Role#1]
15:56:20.912 [Test worker] DEBUG o.h.engine.internal.TwoPhaseLoad - Done materializing entity [sciConsole.domain.Role#1]
15:56:20.912 [Test worker] DEBUG o.h.l.e.p.AbstractLoadPlanBasedEntityLoader - Done entity load : sciConsole.domain.Role#1
15:56:20.912 [Test worker] DEBUG o.h.engine.internal.TwoPhaseLoad - Done materializing entity [sciConsole.domain.User#38]
15:56:20.913 [Test worker] DEBUG o.h.jpa.criteria.CriteriaQueryImpl - Rendered criteria query -> select generatedAlias0 from Request as generatedAlias0 where ( generatedAlias0.status=:param0 ) and ( generatedAlias0.assignTo=:param1 )
15:56:20.913 [Test worker] DEBUG org.hibernate.SQL - select request0_.request_id as request_1_3_, request0_.assign_to as assign_t2_3_, request0_.created_by as created_3_3_, request0_.date_created as date_cre4_3_, request0_.date_complete as date_com5_3_, request0_.due_date as due_date6_3_, request0_.priority as priority7_3_, request0_.reject_reason as reject_r8_3_, request0_.req_desc as req_desc9_3_, request0_.req_solution as req_sol10_3_, request0_.sci_id as sci_id11_3_, request0_.status as status12_3_, request0_.assigned_to as assigne13_3_, request0_.version_id as version14_3_ from request request0_ where request0_.status=? and request0_.assign_to=?
15:56:20.914 [Test worker] DEBUG o.s.t.w.s.TestDispatcherServlet - Rendering view [org.springframework.web.servlet.view.JstlView: name 'assigned-requests'; URL [/WEB-INF/views/assigned-requests.jsp]] in DispatcherServlet with name ''
15:56:20.914 [Test worker] DEBUG o.s.web.servlet.view.JstlView - Added model object 'assigned' of type [java.util.ArrayList] to request in view with name 'assigned-requests'
15:56:20.914 [Test worker] DEBUG o.s.b.f.s.DefaultListableBeanFactory - Returning cached instance of singleton bean 'requestDataValueProcessor'
15:56:20.914 [Test worker] DEBUG o.s.web.servlet.view.JstlView - Forwarding to resource [/WEB-INF/views/assigned-requests.jsp] in InternalResourceView 'assigned-requests'
15:56:20.914 [Test worker] DEBUG o.s.mock.web.MockRequestDispatcher - MockRequestDispatcher: forwarding to [/WEB-INF/views/assigned-requests.jsp]
15:56:20.914 [Test worker] DEBUG o.s.o.j.s.OpenEntityManagerInViewInterceptor - Closing JPA EntityManager in OpenEntityManagerInViewInterceptor
15:56:20.914 [Test worker] DEBUG o.s.o.jpa.EntityManagerFactoryUtils - Closing JPA EntityManager
15:56:20.914 [Test worker] DEBUG o.h.e.j.internal.JdbcCoordinatorImpl - HHH000420: Closing un-released batch
15:56:20.914 [Test worker] DEBUG o.h.e.j.i.LogicalConnectionImpl - Releasing JDBC connection
15:56:20.914 [Test worker] DEBUG o.h.e.j.i.LogicalConnectionImpl - Released JDBC connection
15:56:20.914 [Test worker] DEBUG o.s.t.w.s.TestDispatcherServlet - Successfully completed request
15:56:20.915 [Test worker] DEBUG o.s.orm.jpa.JpaTransactionManager - Creating new transaction with name [org.springframework.data.jpa.repository.support.SimpleJpaRepository.deleteAll]: PROPAGATION_REQUIRED,ISOLATION_DEFAULT; ''
15:56:20.916 [Test worker] DEBUG o.s.orm.jpa.JpaTransactionManager - Opened new EntityManager [org.hibernate.jpa.internal.EntityManagerImpl@5a05e51] for JPA transaction
15:56:20.916 [Test worker] DEBUG o.h.e.t.spi.AbstractTransactionImpl - begin
15:56:20.916 [Test worker] DEBUG o.h.e.j.i.LogicalConnectionImpl - Obtaining JDBC connection
15:56:20.916 [Test worker] DEBUG o.s.j.d.DriverManagerDataSource - Creating new JDBC DriverManager Connection to [jdbc:mysql://127.0.0.1:3306/wrp3]
15:56:20.919 [Test worker] DEBUG o.h.e.j.i.LogicalConnectionImpl - Obtained JDBC connection
15:56:20.919 [Test worker] DEBUG o.h.e.t.i.jdbc.JdbcTransaction - initial autocommit status: true
15:56:20.919 [Test worker] DEBUG o.h.e.t.i.jdbc.JdbcTransaction - disabling autocommit
15:56:20.919 [Test worker] DEBUG o.s.orm.jpa.JpaTransactionManager - Exposing JPA transaction as JDBC transaction [org.springframework.orm.jpa.vendor.HibernateJpaDialect$HibernateConnectionHandle@4b3074cd]
15:56:20.920 [Test worker] DEBUG o.h.jpa.criteria.CriteriaQueryImpl - Rendered criteria query -> select generatedAlias0 from Request as generatedAlias0
15:56:20.920 [Test worker] DEBUG org.hibernate.SQL - select request0_.request_id as request_1_3_, request0_.assign_to as assign_t2_3_, request0_.created_by as created_3_3_, request0_.date_created as date_cre4_3_, request0_.date_complete as date_com5_3_, request0_.due_date as due_date6_3_, request0_.priority as priority7_3_, request0_.reject_reason as reject_r8_3_, request0_.req_desc as req_desc9_3_, request0_.req_solution as req_sol10_3_, request0_.sci_id as sci_id11_3_, request0_.status as status12_3_, request0_.assigned_to as assigne13_3_, request0_.version_id as version14_3_ from request request0_
15:56:20.920 [Test worker] DEBUG org.hibernate.loader.Loader - Result set row: 0
15:56:20.920 [Test worker] DEBUG org.hibernate.loader.Loader - Result row: EntityKey[sciConsole.domain.Request#10]
15:56:20.921 [Test worker] DEBUG o.h.engine.internal.TwoPhaseLoad - Resolving associations for [sciConsole.domain.Request#10]
15:56:20.921 [Test worker] DEBUG o.h.engine.internal.TwoPhaseLoad - Done materializing entity [sciConsole.domain.Request#10]
15:56:20.921 [Test worker] DEBUG o.s.orm.jpa.JpaTransactionManager - Initiating transaction commit
15:56:20.921 [Test worker] DEBUG o.s.orm.jpa.JpaTransactionManager - Committing JPA transaction on EntityManager [org.hibernate.jpa.internal.EntityManagerImpl@5a05e51]
15:56:20.921 [Test worker] DEBUG o.h.e.t.spi.AbstractTransactionImpl - committing
15:56:20.921 [Test worker] DEBUG o.h.e.i.AbstractFlushingEventListener - Processing flush-time cascades
15:56:20.921 [Test worker] DEBUG o.h.e.i.AbstractFlushingEventListener - Dirty checking collections
15:56:20.921 [Test worker] DEBUG o.h.e.i.AbstractFlushingEventListener - Flushed: 0 insertions, 0 updates, 1 deletions to 1 objects
15:56:20.921 [Test worker] DEBUG o.h.e.i.AbstractFlushingEventListener - Flushed: 0 (re)creations, 0 updates, 0 removals to 0 collections
15:56:20.921 [Test worker] DEBUG o.h.internal.util.EntityPrinter - Listing entities:
15:56:20.922 [Test worker] DEBUG o.h.internal.util.EntityPrinter - sciConsole.domain.Request{date=2016-01-11 15:56:21.0, dueDate=null, priority=null, type=1, versionId=1, rejectReason=null, createdBy=1, dateComplete=2015-01-15 00:11:00.0, reqDesc=Test Description, sciId=1, reqSolution=Test Solution, id=10, assignTo=37, status=2}
15:56:20.922 [Test worker] DEBUG org.hibernate.SQL - delete from request where request_id=?
15:56:20.925 [Test worker] DEBUG o.h.e.t.i.jdbc.JdbcTransaction - committed JDBC Connection
15:56:20.925 [Test worker] DEBUG o.h.e.t.i.jdbc.JdbcTransaction - re-enabling autocommit
15:56:20.925 [Test worker] DEBUG o.s.orm.jpa.JpaTransactionManager - Closing JPA EntityManager [org.hibernate.jpa.internal.EntityManagerImpl@5a05e51] after transaction
15:56:20.925 [Test worker] DEBUG o.s.o.jpa.EntityManagerFactoryUtils - Closing JPA EntityManager
15:56:20.925 [Test worker] DEBUG o.h.e.j.internal.JdbcCoordinatorImpl - HHH000420: Closing un-released batch
15:56:20.925 [Test worker] DEBUG o.h.e.j.i.LogicalConnectionImpl - Releasing JDBC connection
15:56:20.925 [Test worker] DEBUG o.h.e.j.i.LogicalConnectionImpl - Released JDBC connection
15:56:20.926 [Test worker] DEBUG o.s.orm.jpa.JpaTransactionManager - Creating new transaction with name [org.springframework.data.jpa.repository.support.SimpleJpaRepository.save]: PROPAGATION_REQUIRED,ISOLATION_DEFAULT; ''
15:56:20.926 [Test worker] DEBUG o.s.orm.jpa.JpaTransactionManager - Opened new EntityManager [org.hibernate.jpa.internal.EntityManagerImpl@62dd6307] for JPA transaction
15:56:20.926 [Test worker] DEBUG o.h.e.t.spi.AbstractTransactionImpl - begin
15:56:20.926 [Test worker] DEBUG o.h.e.j.i.LogicalConnectionImpl - Obtaining JDBC connection
15:56:20.926 [Test worker] DEBUG o.s.j.d.DriverManagerDataSource - Creating new JDBC DriverManager Connection to [jdbc:mysql://127.0.0.1:3306/wrp3]
15:56:20.929 [Test worker] DEBUG o.h.e.j.i.LogicalConnectionImpl - Obtained JDBC connection
15:56:20.929 [Test worker] DEBUG o.h.e.t.i.jdbc.JdbcTransaction - initial autocommit status: true
15:56:20.929 [Test worker] DEBUG o.h.e.t.i.jdbc.JdbcTransaction - disabling autocommit
15:56:20.929 [Test worker] DEBUG o.s.orm.jpa.JpaTransactionManager - Exposing JPA transaction as JDBC transaction [org.springframework.orm.jpa.vendor.HibernateJpaDialect$HibernateConnectionHandle@708b0b2f]
15:56:20.929 [Test worker] DEBUG o.s.orm.jpa.JpaTransactionManager - Initiating transaction commit
15:56:20.929 [Test worker] DEBUG o.s.orm.jpa.JpaTransactionManager - Committing JPA transaction on EntityManager [org.hibernate.jpa.internal.EntityManagerImpl@62dd6307]
15:56:20.929 [Test worker] DEBUG o.h.e.t.spi.AbstractTransactionImpl - committing
15:56:20.930 [Test worker] DEBUG o.h.e.t.i.jdbc.JdbcTransaction - committed JDBC Connection
15:56:20.930 [Test worker] DEBUG o.h.e.t.i.jdbc.JdbcTransaction - re-enabling autocommit
15:56:20.930 [Test worker] DEBUG o.s.orm.jpa.JpaTransactionManager - Closing JPA EntityManager [org.hibernate.jpa.internal.EntityManagerImpl@62dd6307] after transaction
15:56:20.930 [Test worker] DEBUG o.s.o.jpa.EntityManagerFactoryUtils - Closing JPA EntityManager
15:56:20.930 [Test worker] DEBUG o.h.e.j.i.LogicalConnectionImpl - Releasing JDBC connection
15:56:20.930 [Test worker] DEBUG o.h.e.j.i.LogicalConnectionImpl - Released JDBC connection
15:56:20.930 [Test worker] DEBUG o.s.orm.jpa.JpaTransactionManager - Creating new transaction with name [org.springframework.data.jpa.repository.support.SimpleJpaRepository.deleteAll]: PROPAGATION_REQUIRED,ISOLATION_DEFAULT; ''
15:56:20.930 [Test worker] DEBUG o.s.orm.jpa.JpaTransactionManager - Opened new EntityManager [org.hibernate.jpa.internal.EntityManagerImpl@136ca7ef] for JPA transaction
15:56:20.930 [Test worker] DEBUG o.h.e.t.spi.AbstractTransactionImpl - begin
15:56:20.930 [Test worker] DEBUG o.h.e.j.i.LogicalConnectionImpl - Obtaining JDBC connection
15:56:20.930 [Test worker] DEBUG o.s.j.d.DriverManagerDataSource - Creating new JDBC DriverManager Connection to [jdbc:mysql://127.0.0.1:3306/wrp3]
15:56:20.933 [Test worker] DEBUG o.h.e.j.i.LogicalConnectionImpl - Obtained JDBC connection
15:56:20.934 [Test worker] DEBUG o.h.e.t.i.jdbc.JdbcTransaction - initial autocommit status: true
15:56:20.934 [Test worker] DEBUG o.h.e.t.i.jdbc.JdbcTransaction - disabling autocommit
15:56:20.934 [Test worker] DEBUG o.s.orm.jpa.JpaTransactionManager - Exposing JPA transaction as JDBC transaction [org.springframework.orm.jpa.vendor.HibernateJpaDialect$HibernateConnectionHandle@70dd9f5a]
15:56:20.934 [Test worker] DEBUG o.h.jpa.criteria.CriteriaQueryImpl - Rendered criteria query -> select generatedAlias0 from Request as generatedAlias0
15:56:20.934 [Test worker] DEBUG org.hibernate.SQL - select request0_.request_id as request_1_3_, request0_.assign_to as assign_t2_3_, request0_.created_by as created_3_3_, request0_.date_created as date_cre4_3_, request0_.date_complete as date_com5_3_, request0_.due_date as due_date6_3_, request0_.priority as priority7_3_, request0_.reject_reason as reject_r8_3_, request0_.req_desc as req_desc9_3_, request0_.req_solution as req_sol10_3_, request0_.sci_id as sci_id11_3_, request0_.status as status12_3_, request0_.assigned_to as assigne13_3_, request0_.version_id as version14_3_ from request request0_
15:56:20.935 [Test worker] DEBUG o.s.orm.jpa.JpaTransactionManager - Initiating transaction commit
15:56:20.935 [Test worker] DEBUG o.s.orm.jpa.JpaTransactionManager - Committing JPA transaction on EntityManager [org.hibernate.jpa.internal.EntityManagerImpl@136ca7ef]
15:56:20.935 [Test worker] DEBUG o.h.e.t.spi.AbstractTransactionImpl - committing
15:56:20.935 [Test worker] DEBUG o.h.e.t.i.jdbc.JdbcTransaction - committed JDBC Connection
15:56:20.935 [Test worker] DEBUG o.h.e.t.i.jdbc.JdbcTransaction - re-enabling autocommit
15:56:20.935 [Test worker] DEBUG o.s.orm.jpa.JpaTransactionManager - Closing JPA EntityManager [org.hibernate.jpa.internal.EntityManagerImpl@136ca7ef] after transaction
15:56:20.935 [Test worker] DEBUG o.s.o.jpa.EntityManagerFactoryUtils - Closing JPA EntityManager
15:56:20.935 [Test worker] DEBUG o.h.e.j.i.LogicalConnectionImpl - Releasing JDBC connection
15:56:20.935 [Test worker] DEBUG o.h.e.j.i.LogicalConnectionImpl - Released JDBC connection
15:56:20.935 [Test worker] DEBUG o.s.orm.jpa.JpaTransactionManager - Creating new transaction with name [org.springframework.data.jpa.repository.support.SimpleJpaRepository.save]: PROPAGATION_REQUIRED,ISOLATION_DEFAULT; ''
15:56:20.936 [Test worker] DEBUG o.s.orm.jpa.JpaTransactionManager - Opened new EntityManager [org.hibernate.jpa.internal.EntityManagerImpl@5496348b] for JPA transaction
15:56:20.936 [Test worker] DEBUG o.h.e.t.spi.AbstractTransactionImpl - begin
15:56:20.936 [Test worker] DEBUG o.h.e.j.i.LogicalConnectionImpl - Obtaining JDBC connection
15:56:20.936 [Test worker] DEBUG o.s.j.d.DriverManagerDataSource - Creating new JDBC DriverManager Connection to [jdbc:mysql://127.0.0.1:3306/wrp3]
15:56:20.939 [Test worker] DEBUG o.h.e.j.i.LogicalConnectionImpl - Obtained JDBC connection
15:56:20.939 [Test worker] DEBUG o.h.e.t.i.jdbc.JdbcTransaction - initial autocommit status: true
15:56:20.939 [Test worker] DEBUG o.h.e.t.i.jdbc.JdbcTransaction - disabling autocommit
15:56:20.939 [Test worker] DEBUG o.s.orm.jpa.JpaTransactionManager - Exposing JPA transaction as JDBC transaction [org.springframework.orm.jpa.vendor.HibernateJpaDialect$HibernateConnectionHandle@34e32dcb]
15:56:20.939 [Test worker] DEBUG o.s.orm.jpa.JpaTransactionManager - Initiating transaction commit
15:56:20.939 [Test worker] DEBUG o.s.orm.jpa.JpaTransactionManager - Committing JPA transaction on EntityManager [org.hibernate.jpa.internal.EntityManagerImpl@5496348b]
15:56:20.939 [Test worker] DEBUG o.h.e.t.spi.AbstractTransactionImpl - committing
15:56:20.939 [Test worker] DEBUG o.h.e.t.i.jdbc.JdbcTransaction - committed JDBC Connection
15:56:20.939 [Test worker] DEBUG o.h.e.t.i.jdbc.JdbcTransaction - re-enabling autocommit
15:56:20.939 [Test worker] DEBUG o.s.orm.jpa.JpaTransactionManager - Closing JPA EntityManager [org.hibernate.jpa.internal.EntityManagerImpl@5496348b] after transaction
15:56:20.939 [Test worker] DEBUG o.s.o.jpa.EntityManagerFactoryUtils - Closing JPA EntityManager
15:56:20.939 [Test worker] DEBUG o.h.e.j.i.LogicalConnectionImpl - Releasing JDBC connection
15:56:20.940 [Test worker] DEBUG o.h.e.j.i.LogicalConnectionImpl - Released JDBC connection
15:56:20.940 [Test worker] DEBUG o.s.orm.jpa.JpaTransactionManager - Creating new transaction with name [org.springframework.data.jpa.repository.support.SimpleJpaRepository.deleteAll]: PROPAGATION_REQUIRED,ISOLATION_DEFAULT; ''
15:56:20.940 [Test worker] DEBUG o.s.orm.jpa.JpaTransactionManager - Opened new EntityManager [org.hibernate.jpa.internal.EntityManagerImpl@6cd5006c] for JPA transaction
15:56:20.940 [Test worker] DEBUG o.h.e.t.spi.AbstractTransactionImpl - begin
15:56:20.940 [Test worker] DEBUG o.h.e.j.i.LogicalConnectionImpl - Obtaining JDBC connection
15:56:20.940 [Test worker] DEBUG o.s.j.d.DriverManagerDataSource - Creating new JDBC DriverManager Connection to [jdbc:mysql://127.0.0.1:3306/wrp3]
15:56:20.943 [Test worker] DEBUG o.h.e.j.i.LogicalConnectionImpl - Obtained JDBC connection
15:56:20.943 [Test worker] DEBUG o.h.e.t.i.jdbc.JdbcTransaction - initial autocommit status: true
15:56:20.943 [Test worker] DEBUG o.h.e.t.i.jdbc.JdbcTransaction - disabling autocommit
15:56:20.944 [Test worker] DEBUG o.s.orm.jpa.JpaTransactionManager - Exposing JPA transaction as JDBC transaction [org.springframework.orm.jpa.vendor.HibernateJpaDialect$HibernateConnectionHandle@3a9ccbe6]
15:56:20.944 [Test worker] DEBUG o.h.jpa.criteria.CriteriaQueryImpl - Rendered criteria query -> select generatedAlias0 from User as generatedAlias0
15:56:20.944 [Test worker] DEBUG org.hibernate.SQL - select user0_.id as id1_8_, user0_.login as login2_8_, user0_.password as password3_8_, user0_1_.role_id as role_id1_7_ from users user0_ left outer join user_roles user0_1_ on user0_.id=user0_1_.user_id
15:56:20.945 [Test worker] DEBUG org.hibernate.loader.Loader - Result set row: 0
15:56:20.945 [Test worker] DEBUG org.hibernate.loader.Loader - Result row: EntityKey[sciConsole.domain.User#37]
15:56:20.945 [Test worker] DEBUG org.hibernate.loader.Loader - Result set row: 1
15:56:20.945 [Test worker] DEBUG org.hibernate.loader.Loader - Result row: EntityKey[sciConsole.domain.User#38]
15:56:20.945 [Test worker] DEBUG o.h.engine.internal.TwoPhaseLoad - Resolving associations for [sciConsole.domain.User#37]
15:56:20.945 [Test worker] DEBUG org.hibernate.SQL - select role0_.id as id1_4_0_, role0_.role as role2_4_0_ from roles role0_ where role0_.id=?
15:56:20.945 [Test worker] DEBUG o.h.l.p.e.p.i.ResultSetProcessorImpl - Starting ResultSet row #0
15:56:20.945 [Test worker] DEBUG o.h.l.p.e.p.i.EntityReferenceInitializerImpl - On call to EntityIdentifierReaderImpl#resolve, EntityKey was already known; should only happen on root returns with an optional identifier specified
15:56:20.945 [Test worker] DEBUG o.h.engine.internal.TwoPhaseLoad - Resolving associations for [sciConsole.domain.Role#2]
15:56:20.945 [Test worker] DEBUG o.h.engine.internal.TwoPhaseLoad - Done materializing entity [sciConsole.domain.Role#2]
15:56:20.946 [Test worker] DEBUG o.h.l.e.p.AbstractLoadPlanBasedEntityLoader - Done entity load : sciConsole.domain.Role#2
15:56:20.946 [Test worker] DEBUG o.h.engine.internal.TwoPhaseLoad - Done materializing entity [sciConsole.domain.User#37]
15:56:20.946 [Test worker] DEBUG o.h.engine.internal.TwoPhaseLoad - Resolving associations for [sciConsole.domain.User#38]
15:56:20.946 [Test worker] DEBUG org.hibernate.SQL - select role0_.id as id1_4_0_, role0_.role as role2_4_0_ from roles role0_ where role0_.id=?
15:56:20.946 [Test worker] DEBUG o.h.l.p.e.p.i.ResultSetProcessorImpl - Starting ResultSet row #0
15:56:20.946 [Test worker] DEBUG o.h.l.p.e.p.i.EntityReferenceInitializerImpl - On call to EntityIdentifierReaderImpl#resolve, EntityKey was already known; should only happen on root returns with an optional identifier specified
15:56:20.946 [Test worker] DEBUG o.h.engine.internal.TwoPhaseLoad - Resolving associations for [sciConsole.domain.Role#1]
15:56:20.946 [Test worker] DEBUG o.h.engine.internal.TwoPhaseLoad - Done materializing entity [sciConsole.domain.Role#1]
15:56:20.947 [Test worker] DEBUG o.h.l.e.p.AbstractLoadPlanBasedEntityLoader - Done entity load : sciConsole.domain.Role#1
15:56:20.947 [Test worker] DEBUG o.h.engine.internal.TwoPhaseLoad - Done materializing entity [sciConsole.domain.User#38]
15:56:20.947 [Test worker] DEBUG o.h.l.c.p.AbstractLoadPlanBasedCollectionInitializer - Loading collection: [sciConsole.domain.Role.userRoles#2]
15:56:20.947 [Test worker] DEBUG org.hibernate.SQL - select userroles0_.role_id as role_id1_4_0_, userroles0_.user_id as user_id2_7_0_, user1_.id as id1_8_1_, user1_.login as login2_8_1_, user1_.password as password3_8_1_, user1_1_.role_id as role_id1_7_1_ from user_roles userroles0_ inner join users user1_ on userroles0_.user_id=user1_.id left outer join user_roles user1_1_ on user1_.id=user1_1_.user_id where userroles0_.role_id=?
15:56:20.948 [Test worker] DEBUG o.h.l.p.e.p.i.ResultSetProcessorImpl - Preparing collection intializer : [sciConsole.domain.Role.userRoles#2]
15:56:20.948 [Test worker] DEBUG o.h.l.p.e.p.i.ResultSetProcessorImpl - Starting ResultSet row #0
15:56:20.948 [Test worker] DEBUG o.h.l.p.e.p.i.CollectionReferenceInitializerImpl - Found row of collection: [sciConsole.domain.Role.userRoles#2]
15:56:20.948 [Test worker] DEBUG o.h.e.l.i.CollectionLoadContext - 1 collections were found in result set for role: sciConsole.domain.Role.userRoles
15:56:20.948 [Test worker] DEBUG o.h.e.l.i.CollectionLoadContext - Collection fully initialized: [sciConsole.domain.Role.userRoles#2]
15:56:20.948 [Test worker] DEBUG o.h.e.l.i.CollectionLoadContext - 1 collections initialized for role: sciConsole.domain.Role.userRoles
15:56:20.949 [Test worker] DEBUG o.h.l.c.p.AbstractLoadPlanBasedCollectionInitializer - Done loading collection
15:56:20.949 [Test worker] DEBUG o.h.l.c.p.AbstractLoadPlanBasedCollectionInitializer - Loading collection: [sciConsole.domain.Role.userRoles#1]
15:56:20.949 [Test worker] DEBUG org.hibernate.SQL - select userroles0_.role_id as role_id1_4_0_, userroles0_.user_id as user_id2_7_0_, user1_.id as id1_8_1_, user1_.login as login2_8_1_, user1_.password as password3_8_1_, user1_1_.role_id as role_id1_7_1_ from user_roles userroles0_ inner join users user1_ on userroles0_.user_id=user1_.id left outer join user_roles user1_1_ on user1_.id=user1_1_.user_id where userroles0_.role_id=?
15:56:20.950 [Test worker] DEBUG o.h.l.p.e.p.i.ResultSetProcessorImpl - Preparing collection intializer : [sciConsole.domain.Role.userRoles#1]
15:56:20.950 [Test worker] DEBUG o.h.l.p.e.p.i.ResultSetProcessorImpl - Starting ResultSet row #0
15:56:20.950 [Test worker] DEBUG o.h.l.p.e.p.i.CollectionReferenceInitializerImpl - Found row of collection: [sciConsole.domain.Role.userRoles#1]
15:56:20.951 [Test worker] DEBUG o.h.e.l.i.CollectionLoadContext - 1 collections were found in result set for role: sciConsole.domain.Role.userRoles
15:56:20.951 [Test worker] DEBUG o.h.e.l.i.CollectionLoadContext - Collection fully initialized: [sciConsole.domain.Role.userRoles#1]
15:56:20.951 [Test worker] DEBUG o.h.e.l.i.CollectionLoadContext - 1 collections initialized for role: sciConsole.domain.Role.userRoles
15:56:20.951 [Test worker] DEBUG o.h.l.c.p.AbstractLoadPlanBasedCollectionInitializer - Done loading collection
15:56:20.951 [Test worker] DEBUG o.s.orm.jpa.JpaTransactionManager - Initiating transaction commit
15:56:20.951 [Test worker] DEBUG o.s.orm.jpa.JpaTransactionManager - Committing JPA transaction on EntityManager [org.hibernate.jpa.internal.EntityManagerImpl@6cd5006c]
15:56:20.951 [Test worker] DEBUG o.h.e.t.spi.AbstractTransactionImpl - committing
15:56:20.951 [Test worker] DEBUG o.h.e.i.AbstractFlushingEventListener - Processing flush-time cascades
15:56:20.951 [Test worker] DEBUG o.h.e.i.AbstractFlushingEventListener - Dirty checking collections
15:56:20.952 [Test worker] DEBUG o.h.engine.internal.Collections - Collection dereferenced: [sciConsole.domain.Role.userRoles#2]
15:56:20.952 [Test worker] DEBUG o.h.engine.internal.Collections - Collection dereferenced: [sciConsole.domain.Role.userRoles#1]
15:56:20.952 [Test worker] DEBUG o.h.e.i.AbstractFlushingEventListener - Flushed: 0 insertions, 0 updates, 4 deletions to 4 objects
15:56:20.952 [Test worker] DEBUG o.h.e.i.AbstractFlushingEventListener - Flushed: 0 (re)creations, 0 updates, 2 removals to 2 collections
15:56:20.952 [Test worker] DEBUG o.h.internal.util.EntityPrinter - Listing entities:
15:56:20.952 [Test worker] DEBUG o.h.internal.util.EntityPrinter - sciConsole.domain.User{password=$2a$10$sbTqPCC0wB2c4IE5Y5RCdeWLIvtjAKEHFzHluAg7LiqkSdZNujJn2, role=sciConsole.domain.Role#2, id=37, login=Alice}
15:56:20.952 [Test worker] DEBUG o.h.internal.util.EntityPrinter - sciConsole.domain.User{password=$2a$10$UQ/jCMwn14H5VdHO4or0L.xvlGoplsSsRXHjXdbYij9UEArHJzsE2, role=sciConsole.domain.Role#1, id=38, login=Bob}
15:56:20.952 [Test worker] DEBUG o.h.internal.util.EntityPrinter - sciConsole.domain.Role{userRoles=[sciConsole.domain.User#38], role=MANAGER, id=1}
15:56:20.952 [Test worker] DEBUG o.h.internal.util.EntityPrinter - sciConsole.domain.Role{userRoles=[sciConsole.domain.User#37], role=DEVELOPER, id=2}
15:56:20.952 [Test worker] DEBUG o.h.p.c.AbstractCollectionPersister - Deleting collection: [sciConsole.domain.Role.userRoles#2]
15:56:20.952 [Test worker] DEBUG org.hibernate.SQL - delete from user_roles where role_id=?
15:56:20.953 [Test worker] DEBUG o.h.p.c.AbstractCollectionPersister - Done deleting collection
15:56:20.953 [Test worker] DEBUG o.h.p.c.AbstractCollectionPersister - Deleting collection: [sciConsole.domain.Role.userRoles#1]
15:56:20.953 [Test worker] DEBUG org.hibernate.SQL - delete from user_roles where role_id=?
15:56:20.953 [Test worker] DEBUG o.h.p.c.AbstractCollectionPersister - Done deleting collection
15:56:20.953 [Test worker] DEBUG org.hibernate.SQL - delete from user_roles where user_id=?
15:56:20.954 [Test worker] DEBUG org.hibernate.SQL - delete from users where id=?
15:56:20.955 [Test worker] DEBUG org.hibernate.SQL - delete from roles where id=?
15:56:20.955 [Test worker] DEBUG org.hibernate.SQL - delete from user_roles where user_id=?
15:56:20.956 [Test worker] DEBUG org.hibernate.SQL - delete from users where id=?
15:56:20.956 [Test worker] DEBUG org.hibernate.SQL - delete from roles where id=?
15:56:20.959 [Test worker] DEBUG o.h.e.t.i.jdbc.JdbcTransaction - committed JDBC Connection
15:56:20.959 [Test worker] DEBUG o.h.e.t.i.jdbc.JdbcTransaction - re-enabling autocommit
15:56:20.960 [Test worker] DEBUG o.s.orm.jpa.JpaTransactionManager - Closing JPA EntityManager [org.hibernate.jpa.internal.EntityManagerImpl@6cd5006c] after transaction
15:56:20.960 [Test worker] DEBUG o.s.o.jpa.EntityManagerFactoryUtils - Closing JPA EntityManager
15:56:20.960 [Test worker] DEBUG o.h.e.j.internal.JdbcCoordinatorImpl - HHH000420: Closing un-released batch
15:56:20.960 [Test worker] DEBUG o.h.e.j.i.LogicalConnectionImpl - Releasing JDBC connection
15:56:20.960 [Test worker] DEBUG o.h.e.j.i.LogicalConnectionImpl - Released JDBC connection
15:56:20.960 [Test worker] DEBUG o.s.orm.jpa.JpaTransactionManager - Creating new transaction with name [org.springframework.data.jpa.repository.support.SimpleJpaRepository.deleteAll]: PROPAGATION_REQUIRED,ISOLATION_DEFAULT; ''
15:56:20.960 [Test worker] DEBUG o.s.orm.jpa.JpaTransactionManager - Opened new EntityManager [org.hibernate.jpa.internal.EntityManagerImpl@5adf44d7] for JPA transaction
15:56:20.960 [Test worker] DEBUG o.h.e.t.spi.AbstractTransactionImpl - begin
15:56:20.960 [Test worker] DEBUG o.h.e.j.i.LogicalConnectionImpl - Obtaining JDBC connection
15:56:20.960 [Test worker] DEBUG o.s.j.d.DriverManagerDataSource - Creating new JDBC DriverManager Connection to [jdbc:mysql://127.0.0.1:3306/wrp3]
15:56:20.963 [Test worker] DEBUG o.h.e.j.i.LogicalConnectionImpl - Obtained JDBC connection
15:56:20.963 [Test worker] DEBUG o.h.e.t.i.jdbc.JdbcTransaction - initial autocommit status: true
15:56:20.963 [Test worker] DEBUG o.h.e.t.i.jdbc.JdbcTransaction - disabling autocommit
15:56:20.964 [Test worker] DEBUG o.s.orm.jpa.JpaTransactionManager - Exposing JPA transaction as JDBC transaction [org.springframework.orm.jpa.vendor.HibernateJpaDialect$HibernateConnectionHandle@75088c]
15:56:20.964 [Test worker] DEBUG o.h.jpa.criteria.CriteriaQueryImpl - Rendered criteria query -> select generatedAlias0 from Role as generatedAlias0
15:56:20.964 [Test worker] DEBUG org.hibernate.SQL - select role0_.id as id1_4_, role0_.role as role2_4_ from roles role0_
15:56:20.965 [Test worker] DEBUG o.s.orm.jpa.JpaTransactionManager - Initiating transaction commit
15:56:20.965 [Test worker] DEBUG o.s.orm.jpa.JpaTransactionManager - Committing JPA transaction on EntityManager [org.hibernate.jpa.internal.EntityManagerImpl@5adf44d7]
15:56:20.965 [Test worker] DEBUG o.h.e.t.spi.AbstractTransactionImpl - committing
15:56:20.965 [Test worker] DEBUG o.h.e.t.i.jdbc.JdbcTransaction - committed JDBC Connection
15:56:20.965 [Test worker] DEBUG o.h.e.t.i.jdbc.JdbcTransaction - re-enabling autocommit
15:56:20.965 [Test worker] DEBUG o.s.orm.jpa.JpaTransactionManager - Closing JPA EntityManager [org.hibernate.jpa.internal.EntityManagerImpl@5adf44d7] after transaction
15:56:20.965 [Test worker] DEBUG o.s.o.jpa.EntityManagerFactoryUtils - Closing JPA EntityManager
15:56:20.965 [Test worker] DEBUG o.h.e.j.i.LogicalConnectionImpl - Releasing JDBC connection
15:56:20.965 [Test worker] DEBUG o.h.e.j.i.LogicalConnectionImpl - Released JDBC connection
15:56:20.965 [Test worker] DEBUG o.s.orm.jpa.JpaTransactionManager - Creating new transaction with name [org.springframework.data.jpa.repository.support.SimpleJpaRepository.save]: PROPAGATION_REQUIRED,ISOLATION_DEFAULT; ''
15:56:20.965 [Test worker] DEBUG o.s.orm.jpa.JpaTransactionManager - Opened new EntityManager [org.hibernate.jpa.internal.EntityManagerImpl@16f92406] for JPA transaction
15:56:20.965 [Test worker] DEBUG o.h.e.t.spi.AbstractTransactionImpl - begin
15:56:20.965 [Test worker] DEBUG o.h.e.j.i.LogicalConnectionImpl - Obtaining JDBC connection
15:56:20.965 [Test worker] DEBUG o.s.j.d.DriverManagerDataSource - Creating new JDBC DriverManager Connection to [jdbc:mysql://127.0.0.1:3306/wrp3]
15:56:20.968 [Test worker] DEBUG o.h.e.j.i.LogicalConnectionImpl - Obtained JDBC connection
15:56:20.968 [Test worker] DEBUG o.h.e.t.i.jdbc.JdbcTransaction - initial autocommit status: true
15:56:20.968 [Test worker] DEBUG o.h.e.t.i.jdbc.JdbcTransaction - disabling autocommit
15:56:20.969 [Test worker] DEBUG o.s.orm.jpa.JpaTransactionManager - Exposing JPA transaction as JDBC transaction [org.springframework.orm.jpa.vendor.HibernateJpaDialect$HibernateConnectionHandle@2beee2e5]
15:56:20.969 [Test worker] DEBUG org.hibernate.loader.Loader - Loading entity: [sciConsole.domain.User#37]
15:56:20.969 [Test worker] DEBUG org.hibernate.SQL - select user0_.id as id1_8_1_, user0_.login as login2_8_1_, user0_.password as password3_8_1_, user0_1_.role_id as role_id1_7_1_, role1_.id as id1_4_0_, role1_.role as role2_4_0_ from users user0_ left outer join user_roles user0_1_ on user0_.id=user0_1_.user_id left outer join roles role1_ on user0_1_.role_id=role1_.id where user0_.id=?
15:56:20.970 [Test worker] DEBUG org.hibernate.loader.Loader - Done entity load
15:56:20.970 [Test worker] DEBUG org.hibernate.loader.Loader - Loading entity: [sciConsole.domain.Role#2]
15:56:20.970 [Test worker] DEBUG org.hibernate.SQL - select role0_.id as id1_4_1_, role0_.role as role2_4_1_, userroles1_.role_id as role_id1_4_3_, user2_.id as user_id2_7_3_, user2_.id as id1_8_0_, user2_.login as login2_8_0_, user2_.password as password3_8_0_, user2_1_.role_id as role_id1_7_0_ from roles role0_ left outer join user_roles userroles1_ on role0_.id=userroles1_.role_id left outer join users user2_ on userroles1_.user_id=user2_.id left outer join user_roles user2_1_ on user2_.id=user2_1_.user_id where role0_.id=?
15:56:20.970 [Test worker] DEBUG o.h.e.l.i.CollectionLoadContext - No collections were found in result set for role: sciConsole.domain.Role.userRoles
15:56:20.970 [Test worker] DEBUG org.hibernate.loader.Loader - Done entity load
15:56:20.970 [Test worker] DEBUG o.h.e.i.AbstractSaveEventListener - Generated identifier: 2, using strategy: org.hibernate.id.Assigned
15:56:20.971 [Test worker] DEBUG org.hibernate.SQL - insert into roles (role, id) values (?, ?)
15:56:20.975 [Test worker] DEBUG org.hibernate.engine.spi.ActionQueue - Executing identity-insert immediately
15:56:20.975 [Test worker] DEBUG org.hibernate.SQL - insert into users (login, password) values (?, ?)
15:56:20.976 [Test worker] DEBUG o.h.id.IdentifierGeneratorHelper - Natively generated identity: 39
15:56:20.976 [Test worker] DEBUG org.hibernate.SQL - insert into user_roles (role_id, user_id) values (?, ?)
15:56:20.976 [Test worker] DEBUG org.hibernate.loader.Loader - Loading entity: [sciConsole.domain.User#38]
15:56:20.976 [Test worker] DEBUG org.hibernate.SQL - select user0_.id as id1_8_1_, user0_.login as login2_8_1_, user0_.password as password3_8_1_, user0_1_.role_id as role_id1_7_1_, role1_.id as id1_4_0_, role1_.role as role2_4_0_ from users user0_ left outer join user_roles user0_1_ on user0_.id=user0_1_.user_id left outer join roles role1_ on user0_1_.role_id=role1_.id where user0_.id=?
15:56:20.977 [Test worker] DEBUG org.hibernate.loader.Loader - Done entity load
15:56:20.977 [Test worker] DEBUG org.hibernate.loader.Loader - Loading entity: [sciConsole.domain.Role#1]
15:56:20.977 [Test worker] DEBUG org.hibernate.SQL - select role0_.id as id1_4_1_, role0_.role as role2_4_1_, userroles1_.role_id as role_id1_4_3_, user2_.id as user_id2_7_3_, user2_.id as id1_8_0_, user2_.login as login2_8_0_, user2_.password as password3_8_0_, user2_1_.role_id as role_id1_7_0_ from roles role0_ left outer join user_roles userroles1_ on role0_.id=userroles1_.role_id left outer join users user2_ on userroles1_.user_id=user2_.id left outer join user_roles user2_1_ on user2_.id=user2_1_.user_id where role0_.id=?
15:56:20.977 [Test worker] DEBUG o.h.e.l.i.CollectionLoadContext - No collections were found in result set for role: sciConsole.domain.Role.userRoles
15:56:20.978 [Test worker] DEBUG org.hibernate.loader.Loader - Done entity load
15:56:20.978 [Test worker] DEBUG o.h.e.i.AbstractSaveEventListener - Generated identifier: 1, using strategy: org.hibernate.id.Assigned
15:56:20.978 [Test worker] DEBUG org.hibernate.SQL - insert into roles (role, id) values (?, ?)
15:56:20.978 [Test worker] DEBUG org.hibernate.engine.spi.ActionQueue - Executing identity-insert immediately
15:56:20.979 [Test worker] DEBUG org.hibernate.SQL - insert into users (login, password) values (?, ?)
15:56:20.979 [Test worker] DEBUG o.h.id.IdentifierGeneratorHelper - Natively generated identity: 40
15:56:20.979 [Test worker] DEBUG org.hibernate.SQL - insert into user_roles (role_id, user_id) values (?, ?)
15:56:20.980 [Test worker] DEBUG o.s.orm.jpa.JpaTransactionManager - Initiating transaction commit
15:56:20.980 [Test worker] DEBUG o.s.orm.jpa.JpaTransactionManager - Committing JPA transaction on EntityManager [org.hibernate.jpa.internal.EntityManagerImpl@16f92406]
15:56:20.980 [Test worker] DEBUG o.h.e.t.spi.AbstractTransactionImpl - committing
15:56:20.980 [Test worker] DEBUG o.h.e.i.AbstractFlushingEventListener - Processing flush-time cascades
15:56:20.980 [Test worker] DEBUG o.h.e.i.AbstractFlushingEventListener - Dirty checking collections
15:56:20.980 [Test worker] DEBUG o.h.e.i.AbstractFlushingEventListener - Flushed: 0 insertions, 0 updates, 0 deletions to 4 objects
15:56:20.980 [Test worker] DEBUG o.h.e.i.AbstractFlushingEventListener - Flushed: 0 (re)creations, 0 updates, 0 removals to 0 collections
15:56:20.980 [Test worker] DEBUG o.h.internal.util.EntityPrinter - Listing entities:
15:56:20.980 [Test worker] DEBUG o.h.internal.util.EntityPrinter - sciConsole.domain.User{password=$2a$10$sbTqPCC0wB2c4IE5Y5RCdeWLIvtjAKEHFzHluAg7LiqkSdZNujJn2, role=sciConsole.domain.Role#2, id=39, login=Alice}
15:56:20.980 [Test worker] DEBUG o.h.internal.util.EntityPrinter - sciConsole.domain.User{password=$2a$10$UQ/jCMwn14H5VdHO4or0L.xvlGoplsSsRXHjXdbYij9UEArHJzsE2, role=sciConsole.domain.Role#1, id=40, login=Bob}
15:56:20.980 [Test worker] DEBUG o.h.internal.util.EntityPrinter - sciConsole.domain.Role{userRoles=null, role=MANAGER, id=1}
15:56:20.980 [Test worker] DEBUG o.h.internal.util.EntityPrinter - sciConsole.domain.Role{userRoles=null, role=DEVELOPER, id=2}
15:56:20.983 [Test worker] DEBUG o.h.e.t.i.jdbc.JdbcTransaction - committed JDBC Connection
15:56:20.984 [Test worker] DEBUG o.h.e.t.i.jdbc.JdbcTransaction - re-enabling autocommit
15:56:20.984 [Test worker] DEBUG o.s.orm.jpa.JpaTransactionManager - Closing JPA EntityManager [org.hibernate.jpa.internal.EntityManagerImpl@16f92406] after transaction
15:56:20.984 [Test worker] DEBUG o.s.o.jpa.EntityManagerFactoryUtils - Closing JPA EntityManager
15:56:20.984 [Test worker] DEBUG o.h.e.j.internal.JdbcCoordinatorImpl - HHH000420: Closing un-released batch
15:56:20.984 [Test worker] DEBUG o.h.e.j.i.LogicalConnectionImpl - Releasing JDBC connection
15:56:20.984 [Test worker] DEBUG o.h.e.j.i.LogicalConnectionImpl - Released JDBC connection
15:56:20.984 [Test worker] DEBUG o.s.orm.jpa.JpaTransactionManager - Creating new transaction with name [org.springframework.data.jpa.repository.support.SimpleJpaRepository.save]: PROPAGATION_REQUIRED,ISOLATION_DEFAULT; ''
15:56:20.984 [Test worker] DEBUG o.s.orm.jpa.JpaTransactionManager - Opened new EntityManager [org.hibernate.jpa.internal.EntityManagerImpl@65cd1bee] for JPA transaction
15:56:20.984 [Test worker] DEBUG o.h.e.t.spi.AbstractTransactionImpl - begin
15:56:20.984 [Test worker] DEBUG o.h.e.j.i.LogicalConnectionImpl - Obtaining JDBC connection
15:56:20.984 [Test worker] DEBUG o.s.j.d.DriverManagerDataSource - Creating new JDBC DriverManager Connection to [jdbc:mysql://127.0.0.1:3306/wrp3]
15:56:20.987 [Test worker] DEBUG o.h.e.j.i.LogicalConnectionImpl - Obtained JDBC connection
15:56:20.987 [Test worker] DEBUG o.h.e.t.i.jdbc.JdbcTransaction - initial autocommit status: true
15:56:20.987 [Test worker] DEBUG o.h.e.t.i.jdbc.JdbcTransaction - disabling autocommit
15:56:20.987 [Test worker] DEBUG o.s.orm.jpa.JpaTransactionManager - Exposing JPA transaction as JDBC transaction [org.springframework.orm.jpa.vendor.HibernateJpaDialect$HibernateConnectionHandle@3d0194ab]
15:56:20.988 [Test worker] DEBUG org.hibernate.loader.Loader - Loading entity: [sciConsole.domain.Role#1]
15:56:20.988 [Test worker] DEBUG org.hibernate.SQL - select role0_.id as id1_4_1_, role0_.role as role2_4_1_, userroles1_.role_id as role_id1_4_3_, user2_.id as user_id2_7_3_, user2_.id as id1_8_0_, user2_.login as login2_8_0_, user2_.password as password3_8_0_, user2_1_.role_id as role_id1_7_0_ from roles role0_ left outer join user_roles userroles1_ on role0_.id=userroles1_.role_id left outer join users user2_ on userroles1_.user_id=user2_.id left outer join user_roles user2_1_ on user2_.id=user2_1_.user_id where role0_.id=?
15:56:20.988 [Test worker] DEBUG org.hibernate.loader.Loader - Result set row: 0
15:56:20.988 [Test worker] DEBUG org.hibernate.loader.Loader - Result row: EntityKey[sciConsole.domain.User#40], EntityKey[sciConsole.domain.Role#1]
15:56:20.989 [Test worker] DEBUG org.hibernate.loader.Loader - Found row of collection: [sciConsole.domain.Role.userRoles#1]
15:56:20.989 [Test worker] DEBUG o.h.engine.internal.TwoPhaseLoad - Resolving associations for [sciConsole.domain.User#40]
15:56:20.989 [Test worker] DEBUG o.h.engine.internal.TwoPhaseLoad - Done materializing entity [sciConsole.domain.User#40]
15:56:20.989 [Test worker] DEBUG o.h.engine.internal.TwoPhaseLoad - Resolving associations for [sciConsole.domain.Role#1]
15:56:20.989 [Test worker] DEBUG o.h.engine.internal.TwoPhaseLoad - Done materializing entity [sciConsole.domain.Role#1]
15:56:20.989 [Test worker] DEBUG o.h.e.l.i.CollectionLoadContext - 1 collections were found in result set for role: sciConsole.domain.Role.userRoles
15:56:20.989 [Test worker] DEBUG o.h.e.l.i.CollectionLoadContext - Collection fully initialized: [sciConsole.domain.Role.userRoles#1]
15:56:20.989 [Test worker] DEBUG o.h.e.l.i.CollectionLoadContext - 1 collections initialized for role: sciConsole.domain.Role.userRoles
15:56:20.989 [Test worker] DEBUG org.hibernate.loader.Loader - Done entity load
15:56:20.990 [Test worker] DEBUG org.hibernate.loader.Loader - Loading entity: [sciConsole.domain.Role#2]
15:56:20.990 [Test worker] DEBUG org.hibernate.SQL - select role0_.id as id1_4_1_, role0_.role as role2_4_1_, userroles1_.role_id as role_id1_4_3_, user2_.id as user_id2_7_3_, user2_.id as id1_8_0_, user2_.login as login2_8_0_, user2_.password as password3_8_0_, user2_1_.role_id as role_id1_7_0_ from roles role0_ left outer join user_roles userroles1_ on role0_.id=userroles1_.role_id left outer join users user2_ on userroles1_.user_id=user2_.id left outer join user_roles user2_1_ on user2_.id=user2_1_.user_id where role0_.id=?
15:56:20.990 [Test worker] DEBUG org.hibernate.loader.Loader - Result set row: 0
15:56:20.990 [Test worker] DEBUG org.hibernate.loader.Loader - Result row: EntityKey[sciConsole.domain.User#39], EntityKey[sciConsole.domain.Role#2]
15:56:20.990 [Test worker] DEBUG org.hibernate.loader.Loader - Found row of collection: [sciConsole.domain.Role.userRoles#2]
15:56:20.990 [Test worker] DEBUG o.h.engine.internal.TwoPhaseLoad - Resolving associations for [sciConsole.domain.User#39]
15:56:20.990 [Test worker] DEBUG o.h.engine.internal.TwoPhaseLoad - Done materializing entity [sciConsole.domain.User#39]
15:56:20.990 [Test worker] DEBUG o.h.engine.internal.TwoPhaseLoad - Resolving associations for [sciConsole.domain.Role#2]
15:56:20.990 [Test worker] DEBUG o.h.engine.internal.TwoPhaseLoad - Done materializing entity [sciConsole.domain.Role#2]
15:56:20.991 [Test worker] DEBUG o.h.e.l.i.CollectionLoadContext - 1 collections were found in result set for role: sciConsole.domain.Role.userRoles
15:56:20.991 [Test worker] DEBUG o.h.e.l.i.CollectionLoadContext - Collection fully initialized: [sciConsole.domain.Role.userRoles#2]
15:56:20.991 [Test worker] DEBUG o.h.e.l.i.CollectionLoadContext - 1 collections initialized for role: sciConsole.domain.Role.userRoles
15:56:20.991 [Test worker] DEBUG org.hibernate.loader.Loader - Done entity load
15:56:20.991 [Test worker] DEBUG o.s.orm.jpa.JpaTransactionManager - Initiating transaction commit
15:56:20.991 [Test worker] DEBUG o.s.orm.jpa.JpaTransactionManager - Committing JPA transaction on EntityManager [org.hibernate.jpa.internal.EntityManagerImpl@65cd1bee]
15:56:20.991 [Test worker] DEBUG o.h.e.t.spi.AbstractTransactionImpl - committing
15:56:20.991 [Test worker] DEBUG o.h.e.i.AbstractFlushingEventListener - Processing flush-time cascades
15:56:20.991 [Test worker] DEBUG o.h.e.i.AbstractFlushingEventListener - Dirty checking collections
15:56:20.991 [Test worker] DEBUG o.h.engine.internal.Collections - Collection found: [sciConsole.domain.Role.userRoles#1], was: [sciConsole.domain.Role.userRoles#1] (initialized)
15:56:20.992 [Test worker] DEBUG o.h.engine.internal.Collections - Collection found: [sciConsole.domain.Role.userRoles#2], was: [sciConsole.domain.Role.userRoles#2] (initialized)
15:56:20.992 [Test worker] DEBUG o.h.e.i.AbstractFlushingEventListener - Flushed: 0 insertions, 0 updates, 0 deletions to 4 objects
15:56:20.992 [Test worker] DEBUG o.h.e.i.AbstractFlushingEventListener - Flushed: 0 (re)creations, 0 updates, 0 removals to 2 collections
15:56:20.992 [Test worker] DEBUG o.h.internal.util.EntityPrinter - Listing entities:
15:56:20.992 [Test worker] DEBUG o.h.internal.util.EntityPrinter - sciConsole.domain.User{password=$2a$10$sbTqPCC0wB2c4IE5Y5RCdeWLIvtjAKEHFzHluAg7LiqkSdZNujJn2, role=sciConsole.domain.Role#2, id=39, login=Alice}
15:56:20.992 [Test worker] DEBUG o.h.internal.util.EntityPrinter - sciConsole.domain.User{password=$2a$10$UQ/jCMwn14H5VdHO4or0L.xvlGoplsSsRXHjXdbYij9UEArHJzsE2, role=sciConsole.domain.Role#1, id=40, login=Bob}
15:56:20.992 [Test worker] DEBUG o.h.internal.util.EntityPrinter - sciConsole.domain.Role{userRoles=[sciConsole.domain.User#40], role=MANAGER, id=1}
15:56:20.992 [Test worker] DEBUG o.h.internal.util.EntityPrinter - sciConsole.domain.Role{userRoles=[sciConsole.domain.User#39], role=DEVELOPER, id=2}
15:56:20.992 [Test worker] DEBUG o.h.e.t.i.jdbc.JdbcTransaction - committed JDBC Connection
15:56:20.992 [Test worker] DEBUG o.h.e.t.i.jdbc.JdbcTransaction - re-enabling autocommit
15:56:20.992 [Test worker] DEBUG o.s.orm.jpa.JpaTransactionManager - Closing JPA EntityManager [org.hibernate.jpa.internal.EntityManagerImpl@65cd1bee] after transaction
15:56:20.992 [Test worker] DEBUG o.s.o.jpa.EntityManagerFactoryUtils - Closing JPA EntityManager
15:56:20.992 [Test worker] DEBUG o.h.e.j.i.LogicalConnectionImpl - Releasing JDBC connection
15:56:20.993 [Test worker] DEBUG o.h.e.j.i.LogicalConnectionImpl - Released JDBC connection
15:56:20.993 [Test worker] DEBUG o.s.t.c.s.AbstractDirtiesContextTestExecutionListener - After test class: context [DefaultTestContext@6e6f1a34 testClass = CompleteChangeRequestStepDefs, testInstance = [null], testMethod = [null], testException = [null], mergedContextConfiguration = [WebMergedContextConfiguration@75c6c73d testClass = CompleteChangeRequestStepDefs, locations = '{}', classes = '{class sciConsole.SciConsoleApplication, class sciConsole.controller.SessionController, class sciConsole.controller.AccountController, class sciConsole.controller.ChangeRequestController, class sciConsole.SecurityConfig, class sciConsole.WebConfig}', contextInitializerClasses = '[]', activeProfiles = '{}', propertySourceLocations = '{}', propertySourceProperties = '{}', resourceBasePath = 'src/main/webapp', contextLoader = 'org.springframework.test.context.web.WebDelegatingSmartContextLoader', parent = [null]]], class annotated with @DirtiesContext [false] with mode [null].

  @controller
  Scenario: process a change request (controller)               ?[90m# CompleteChangeRequest.feature:14?[0m
    ?[32mGiven ?[0m?[32mI am logged in as "?[0m?[32m?[1mAlice?[0m?[32m"?[0m                             ?[90m# CompleteChangeRequestStepDefs.i_am_logged_in_as(String)?[0m
    ?[32mAnd ?[0m?[32man approved change request "?[0m?[32m?[1mFault?[0m?[32m"?[0m                      ?[90m# CompleteChangeRequestStepDefs.an_approved_change_request(String)?[0m
    ?[32mWhen ?[0m?[32mI complete the task with data "?[0m?[32m?[1m15-11-2015?[0m?[32m"?[0m             ?[90m# CompleteChangeRequestStepDefs.i_complete_the_task_with_data(String)?[0m
    ?[32mThen ?[0m?[32mI should get the next approved request allocated to me?[0m ?[90m# CompleteChangeRequestStepDefs.i_should_get_the_next_approved_request_allocated_to_me()?[0m
Feature: request change
  As a developer
  I want to create a change request
  So that issues or request new features can be reported
15:56:21.053 [Test worker] DEBUG o.s.o.j.SharedEntityManagerCreator$SharedEntityManagerInvocationHandler - Creating new EntityManager for shared EntityManager invocation
15:56:21.053 [Test worker] DEBUG o.h.jpa.criteria.CriteriaQueryImpl - Rendered criteria query -> select generatedAlias0 from Ver as generatedAlias0 where generatedAlias0.name=:param0
15:56:21.054 [Test worker] DEBUG o.h.h.i.ast.QueryTranslatorImpl - parse() - HQL: select generatedAlias0 from sciConsole.domain.Ver as generatedAlias0 where generatedAlias0.name=:param0
15:56:21.056 [Test worker] DEBUG o.h.h.i.ast.QueryTranslatorImpl - --- HQL AST ---
 \-[QUERY] Node: 'query'
    +-[SELECT_FROM] Node: 'SELECT_FROM'
    |  +-[FROM] Node: 'from'
    |  |  \-[RANGE] Node: 'RANGE'
    |  |     +-[DOT] Node: '.'
    |  |     |  +-[DOT] Node: '.'
    |  |     |  |  +-[IDENT] Node: 'sciConsole'
    |  |     |  |  \-[IDENT] Node: 'domain'
    |  |     |  \-[IDENT] Node: 'Ver'
    |  |     \-[ALIAS] Node: 'generatedAlias0'
    |  \-[SELECT] Node: 'select'
    |     \-[IDENT] Node: 'generatedAlias0'
    \-[WHERE] Node: 'where'
       \-[EQ] Node: '='
          +-[DOT] Node: '.'
          |  +-[IDENT] Node: 'generatedAlias0'
          |  \-[IDENT] Node: 'name'
          \-[COLON] Node: ':'
             \-[IDENT] Node: 'param0'

15:56:21.056 [Test worker] DEBUG o.h.hql.internal.ast.ErrorCounter - throwQueryException() : no errors
15:56:21.056 [Test worker] DEBUG o.h.h.i.antlr.HqlSqlBaseWalker - select << begin [level=1, statement=select]
15:56:21.056 [Test worker] DEBUG o.h.h.internal.ast.tree.FromElement - FromClause{level=1} : sciConsole.domain.Ver (generatedAlias0) -> ver0_
15:56:21.056 [Test worker] DEBUG o.h.h.i.ast.tree.FromReferenceNode - Resolved : generatedAlias0 -> ver0_.version_id
15:56:21.057 [Test worker] DEBUG o.h.h.i.ast.tree.FromReferenceNode - Resolved : generatedAlias0 -> ver0_.version_id
15:56:21.057 [Test worker] DEBUG o.h.hql.internal.ast.tree.DotNode - getDataType() : name -> org.hibernate.type.StringType@5d58f8d8
15:56:21.057 [Test worker] DEBUG o.h.h.i.ast.tree.FromReferenceNode - Resolved : generatedAlias0.name -> ver0_.name
15:56:21.057 [Test worker] DEBUG o.h.h.i.antlr.HqlSqlBaseWalker - select : finishing up [level=1, statement=select]
15:56:21.057 [Test worker] DEBUG o.h.hql.internal.ast.HqlSqlWalker - processQuery() :  ( SELECT ( {select clause} ver0_.version_id ) ( FromClause{level=1} version ver0_ ) ( where ( = ( ver0_.name ver0_.version_id name ) ? ) ) )
15:56:21.057 [Test worker] DEBUG o.h.h.i.ast.util.JoinProcessor - Using FROM fragment [version ver0_]
15:56:21.057 [Test worker] DEBUG o.h.h.i.antlr.HqlSqlBaseWalker - select >> end [level=1, statement=select]
15:56:21.057 [Test worker] DEBUG o.h.h.i.ast.QueryTranslatorImpl - --- SQL AST ---
 \-[SELECT] QueryNode: 'SELECT'  querySpaces (version)
    +-[SELECT_CLAUSE] SelectClause: '{select clause}'
    |  +-[ALIAS_REF] IdentNode: 'ver0_.version_id as version_1_9_' {alias=generatedAlias0, className=sciConsole.domain.Ver, tableAlias=ver0_}
    |  \-[SQL_TOKEN] SqlFragment: 'ver0_.created_by as created_2_9_, ver0_.date_created as date_cre3_9_, ver0_.name as name4_9_, ver0_.sci_id as sci_id5_9_, ver0_.status as status6_9_, ver0_.ver_desc as ver_desc7_9_'
    +-[FROM] FromClause: 'from' FromClause{level=1, fromElementCounter=1, fromElements=1, fromElementByClassAlias=[generatedAlias0], fromElementByTableAlias=[ver0_], fromElementsByPath=[], collectionJoinFromElementsByPath=[], impliedElements=[]}
    |  \-[FROM_FRAGMENT] FromElement: 'version ver0_' FromElement{explicit,not a collection join,not a fetch join,fetch non-lazy properties,classAlias=generatedAlias0,role=null,tableName=version,tableAlias=ver0_,origin=null,columns={,className=sciConsole.domain.Ver}}
    \-[WHERE] SqlNode: 'where'
       \-[EQ] BinaryLogicOperatorNode: '='
          +-[DOT] DotNode: 'ver0_.name' {propertyName=name,dereferenceType=PRIMITIVE,getPropertyPath=name,path=generatedAlias0.name,tableAlias=ver0_,className=sciConsole.domain.Ver,classAlias=generatedAlias0}
          |  +-[ALIAS_REF] IdentNode: 'ver0_.version_id' {alias=generatedAlias0, className=sciConsole.domain.Ver, tableAlias=ver0_}
          |  \-[IDENT] IdentNode: 'name' {originalText=name}
          \-[NAMED_PARAM] ParameterNode: '?' {name=param0, expectedType=org.hibernate.type.StringType@5d58f8d8}

15:56:21.057 [Test worker] DEBUG o.h.hql.internal.ast.ErrorCounter - throwQueryException() : no errors
15:56:21.058 [Test worker] DEBUG o.h.h.i.ast.QueryTranslatorImpl - HQL: select generatedAlias0 from sciConsole.domain.Ver as generatedAlias0 where generatedAlias0.name=:param0
15:56:21.058 [Test worker] DEBUG o.h.h.i.ast.QueryTranslatorImpl - SQL: select ver0_.version_id as version_1_9_, ver0_.created_by as created_2_9_, ver0_.date_created as date_cre3_9_, ver0_.name as name4_9_, ver0_.sci_id as sci_id5_9_, ver0_.status as status6_9_, ver0_.ver_desc as ver_desc7_9_ from version ver0_ where ver0_.name=?
15:56:21.058 [Test worker] DEBUG o.h.hql.internal.ast.ErrorCounter - throwQueryException() : no errors
15:56:21.058 [Test worker] DEBUG org.hibernate.SQL - select ver0_.version_id as version_1_9_, ver0_.created_by as created_2_9_, ver0_.date_created as date_cre3_9_, ver0_.name as name4_9_, ver0_.sci_id as sci_id5_9_, ver0_.status as status6_9_, ver0_.ver_desc as ver_desc7_9_ from version ver0_ where ver0_.name=?
15:56:21.058 [Test worker] DEBUG o.h.e.j.i.LogicalConnectionImpl - Obtaining JDBC connection
15:56:21.058 [Test worker] DEBUG o.s.j.d.DriverManagerDataSource - Creating new JDBC DriverManager Connection to [jdbc:mysql://127.0.0.1:3306/wrp3]
15:56:21.062 [Test worker] DEBUG o.h.e.j.i.LogicalConnectionImpl - Obtained JDBC connection
15:56:21.062 [Test worker] DEBUG org.hibernate.loader.Loader - Result set row: 0
15:56:21.062 [Test worker] DEBUG org.hibernate.loader.Loader - Result row: EntityKey[sciConsole.domain.Ver#1]
15:56:21.062 [Test worker] DEBUG o.h.engine.internal.TwoPhaseLoad - Resolving associations for [sciConsole.domain.Ver#1]
15:56:21.063 [Test worker] DEBUG o.h.engine.internal.TwoPhaseLoad - Done materializing entity [sciConsole.domain.Ver#1]
15:56:21.063 [Test worker] DEBUG o.s.o.jpa.EntityManagerFactoryUtils - Closing JPA EntityManager
15:56:21.063 [Test worker] DEBUG o.h.e.j.i.LogicalConnectionImpl - Releasing JDBC connection
15:56:21.063 [Test worker] DEBUG o.h.e.j.i.LogicalConnectionImpl - Released JDBC connection

  Background:                      ?[90m# RequestChange.feature:6?[0m
    ?[32mGiven ?[0m?[32ma SCI "?[0m?[32m?[1mSCI_1?[0m?[32m"?[0m            ?[90m# RequestChangeStepDefs.a_SCI(String)?[0m
    ?[32mAnd ?[0m?[32ma head version "?[0m?[32m?[1mversion_2?[0m?[32m"?[0m ?[90m# RequestChangeStepDefs.a_head_version(String)?[0m
15:56:21.066 [Test worker] DEBUG o.s.t.w.s.TestDispatcherServlet - DispatcherServlet with name '' processing GET request for [/newChange]
15:56:21.066 [Test worker] DEBUG o.s.w.s.m.m.a.RequestMappingHandlerMapping - Looking up handler method for path /newChange
15:56:21.066 [Test worker] DEBUG o.s.w.s.m.m.a.RequestMappingHandlerMapping - Returning handler method [public org.springframework.web.servlet.ModelAndView sciConsole.controller.ChangeRequestController.newChange(javax.servlet.http.HttpServletRequest,java.lang.String,java.lang.String,java.lang.String,java.lang.String,java.lang.Integer,org.springframework.ui.Model)]
15:56:21.066 [Test worker] DEBUG o.s.b.f.s.DefaultListableBeanFactory - Returning cached instance of singleton bean 'changeRequestController'
15:56:21.066 [Test worker] DEBUG o.s.t.w.s.TestDispatcherServlet - Last-Modified value for [/newChange] is: -1
15:56:21.066 [Test worker] DEBUG o.s.o.j.s.OpenEntityManagerInViewInterceptor - Opening JPA EntityManager in OpenEntityManagerInViewInterceptor
15:56:21.069 [Test worker] DEBUG o.h.jpa.criteria.CriteriaQueryImpl - Rendered criteria query -> select generatedAlias0 from User as generatedAlias0 where generatedAlias0.login=:param0
15:56:21.070 [Test worker] DEBUG org.hibernate.SQL - select user0_.id as id1_8_, user0_.login as login2_8_, user0_.password as password3_8_, user0_1_.role_id as role_id1_7_ from users user0_ left outer join user_roles user0_1_ on user0_.id=user0_1_.user_id where user0_.login=?
15:56:21.070 [Test worker] DEBUG o.h.e.j.i.LogicalConnectionImpl - Obtaining JDBC connection
15:56:21.070 [Test worker] DEBUG o.s.j.d.DriverManagerDataSource - Creating new JDBC DriverManager Connection to [jdbc:mysql://127.0.0.1:3306/wrp3]
15:56:21.073 [Test worker] DEBUG o.h.e.j.i.LogicalConnectionImpl - Obtained JDBC connection
15:56:21.074 [Test worker] DEBUG org.hibernate.loader.Loader - Result set row: 0
15:56:21.074 [Test worker] DEBUG org.hibernate.loader.Loader - Result row: EntityKey[sciConsole.domain.User#40]
15:56:21.074 [Test worker] DEBUG o.h.engine.internal.TwoPhaseLoad - Resolving associations for [sciConsole.domain.User#40]
15:56:21.075 [Test worker] DEBUG org.hibernate.SQL - select role0_.id as id1_4_0_, role0_.role as role2_4_0_ from roles role0_ where role0_.id=?
15:56:21.075 [Test worker] DEBUG o.h.l.p.e.p.i.ResultSetProcessorImpl - Starting ResultSet row #0
15:56:21.075 [Test worker] DEBUG o.h.l.p.e.p.i.EntityReferenceInitializerImpl - On call to EntityIdentifierReaderImpl#resolve, EntityKey was already known; should only happen on root returns with an optional identifier specified
15:56:21.075 [Test worker] DEBUG o.h.engine.internal.TwoPhaseLoad - Resolving associations for [sciConsole.domain.Role#1]
15:56:21.075 [Test worker] DEBUG o.h.engine.internal.TwoPhaseLoad - Done materializing entity [sciConsole.domain.Role#1]
15:56:21.076 [Test worker] DEBUG o.h.l.e.p.AbstractLoadPlanBasedEntityLoader - Done entity load : sciConsole.domain.Role#1
15:56:21.076 [Test worker] DEBUG o.h.engine.internal.TwoPhaseLoad - Done materializing entity [sciConsole.domain.User#40]
15:56:21.076 [Test worker] DEBUG o.h.jpa.criteria.CriteriaQueryImpl - Rendered criteria query -> select generatedAlias0 from Sci as generatedAlias0 where generatedAlias0.name=:param0
15:56:21.077 [Test worker] DEBUG org.hibernate.SQL - select sci0_.sci_id as sci_id1_5_, sci0_.name as name2_5_, sci0_.sci_desc as sci_desc3_5_ from sci sci0_ where sci0_.name=?
15:56:21.077 [Test worker] DEBUG org.hibernate.loader.Loader - Result set row: 0
15:56:21.077 [Test worker] DEBUG org.hibernate.loader.Loader - Result row: EntityKey[sciConsole.domain.Sci#1]
15:56:21.077 [Test worker] DEBUG o.h.engine.internal.TwoPhaseLoad - Resolving associations for [sciConsole.domain.Sci#1]
15:56:21.078 [Test worker] DEBUG o.h.engine.internal.TwoPhaseLoad - Done materializing entity [sciConsole.domain.Sci#1]
15:56:21.078 [Test worker] DEBUG o.h.jpa.criteria.CriteriaQueryImpl - Rendered criteria query -> select generatedAlias0 from Ver as generatedAlias0 where ( generatedAlias0.sciId=:param0 ) and ( generatedAlias0.name=:param1 )
15:56:21.079 [Test worker] DEBUG o.h.h.i.ast.QueryTranslatorImpl - parse() - HQL: select generatedAlias0 from sciConsole.domain.Ver as generatedAlias0 where ( generatedAlias0.sciId=:param0 ) and ( generatedAlias0.name=:param1 )
15:56:21.081 [Test worker] DEBUG o.h.h.i.ast.QueryTranslatorImpl - --- HQL AST ---
 \-[QUERY] Node: 'query'
    +-[SELECT_FROM] Node: 'SELECT_FROM'
    |  +-[FROM] Node: 'from'
    |  |  \-[RANGE] Node: 'RANGE'
    |  |     +-[DOT] Node: '.'
    |  |     |  +-[DOT] Node: '.'
    |  |     |  |  +-[IDENT] Node: 'sciConsole'
    |  |     |  |  \-[IDENT] Node: 'domain'
    |  |     |  \-[IDENT] Node: 'Ver'
    |  |     \-[ALIAS] Node: 'generatedAlias0'
    |  \-[SELECT] Node: 'select'
    |     \-[IDENT] Node: 'generatedAlias0'
    \-[WHERE] Node: 'where'
       \-[AND] Node: 'and'
          +-[EQ] Node: '='
          |  +-[DOT] Node: '.'
          |  |  +-[IDENT] Node: 'generatedAlias0'
          |  |  \-[IDENT] Node: 'sciId'
          |  \-[COLON] Node: ':'
          |     \-[IDENT] Node: 'param0'
          \-[EQ] Node: '='
             +-[DOT] Node: '.'
             |  +-[IDENT] Node: 'generatedAlias0'
             |  \-[IDENT] Node: 'name'
             \-[COLON] Node: ':'
                \-[IDENT] Node: 'param1'

15:56:21.081 [Test worker] DEBUG o.h.hql.internal.ast.ErrorCounter - throwQueryException() : no errors
15:56:21.081 [Test worker] DEBUG o.h.h.i.antlr.HqlSqlBaseWalker - select << begin [level=1, statement=select]
15:56:21.082 [Test worker] DEBUG o.h.h.internal.ast.tree.FromElement - FromClause{level=1} : sciConsole.domain.Ver (generatedAlias0) -> ver0_
15:56:21.082 [Test worker] DEBUG o.h.h.i.ast.tree.FromReferenceNode - Resolved : generatedAlias0 -> ver0_.version_id
15:56:21.082 [Test worker] DEBUG o.h.h.i.ast.tree.FromReferenceNode - Resolved : generatedAlias0 -> ver0_.version_id
15:56:21.082 [Test worker] DEBUG o.h.hql.internal.ast.tree.DotNode - getDataType() : sciId -> org.hibernate.type.IntegerType@35ccb212
15:56:21.082 [Test worker] DEBUG o.h.h.i.ast.tree.FromReferenceNode - Resolved : generatedAlias0.sciId -> ver0_.sci_id
15:56:21.082 [Test worker] DEBUG o.h.h.i.ast.tree.FromReferenceNode - Resolved : generatedAlias0 -> ver0_.version_id
15:56:21.082 [Test worker] DEBUG o.h.hql.internal.ast.tree.DotNode - getDataType() : name -> org.hibernate.type.StringType@5d58f8d8
15:56:21.082 [Test worker] DEBUG o.h.h.i.ast.tree.FromReferenceNode - Resolved : generatedAlias0.name -> ver0_.name
15:56:21.082 [Test worker] DEBUG o.h.h.i.antlr.HqlSqlBaseWalker - select : finishing up [level=1, statement=select]
15:56:21.083 [Test worker] DEBUG o.h.hql.internal.ast.HqlSqlWalker - processQuery() :  ( SELECT ( {select clause} ver0_.version_id ) ( FromClause{level=1} version ver0_ ) ( where ( and ( = ( ver0_.sci_id ver0_.version_id sciId ) ? ) ( = ( ver0_.name ver0_.version_id name ) ? ) ) ) )
15:56:21.083 [Test worker] DEBUG o.h.h.i.ast.util.JoinProcessor - Using FROM fragment [version ver0_]
15:56:21.083 [Test worker] DEBUG o.h.h.i.antlr.HqlSqlBaseWalker - select >> end [level=1, statement=select]
15:56:21.083 [Test worker] DEBUG o.h.h.i.ast.QueryTranslatorImpl - --- SQL AST ---
 \-[SELECT] QueryNode: 'SELECT'  querySpaces (version)
    +-[SELECT_CLAUSE] SelectClause: '{select clause}'
    |  +-[ALIAS_REF] IdentNode: 'ver0_.version_id as version_1_9_' {alias=generatedAlias0, className=sciConsole.domain.Ver, tableAlias=ver0_}
    |  \-[SQL_TOKEN] SqlFragment: 'ver0_.created_by as created_2_9_, ver0_.date_created as date_cre3_9_, ver0_.name as name4_9_, ver0_.sci_id as sci_id5_9_, ver0_.status as status6_9_, ver0_.ver_desc as ver_desc7_9_'
    +-[FROM] FromClause: 'from' FromClause{level=1, fromElementCounter=1, fromElements=1, fromElementByClassAlias=[generatedAlias0], fromElementByTableAlias=[ver0_], fromElementsByPath=[], collectionJoinFromElementsByPath=[], impliedElements=[]}
    |  \-[FROM_FRAGMENT] FromElement: 'version ver0_' FromElement{explicit,not a collection join,not a fetch join,fetch non-lazy properties,classAlias=generatedAlias0,role=null,tableName=version,tableAlias=ver0_,origin=null,columns={,className=sciConsole.domain.Ver}}
    \-[WHERE] SqlNode: 'where'
       \-[AND] SqlNode: 'and'
          +-[EQ] BinaryLogicOperatorNode: '='
          |  +-[DOT] DotNode: 'ver0_.sci_id' {propertyName=sciId,dereferenceType=PRIMITIVE,getPropertyPath=sciId,path=generatedAlias0.sciId,tableAlias=ver0_,className=sciConsole.domain.Ver,classAlias=generatedAlias0}
          |  |  +-[ALIAS_REF] IdentNode: 'ver0_.version_id' {alias=generatedAlias0, className=sciConsole.domain.Ver, tableAlias=ver0_}
          |  |  \-[IDENT] IdentNode: 'sciId' {originalText=sciId}
          |  \-[NAMED_PARAM] ParameterNode: '?' {name=param0, expectedType=org.hibernate.type.IntegerType@35ccb212}
          \-[EQ] BinaryLogicOperatorNode: '='
             +-[DOT] DotNode: 'ver0_.name' {propertyName=name,dereferenceType=PRIMITIVE,getPropertyPath=name,path=generatedAlias0.name,tableAlias=ver0_,className=sciConsole.domain.Ver,classAlias=generatedAlias0}
             |  +-[ALIAS_REF] IdentNode: 'ver0_.version_id' {alias=generatedAlias0, className=sciConsole.domain.Ver, tableAlias=ver0_}
             |  \-[IDENT] IdentNode: 'name' {originalText=name}
             \-[NAMED_PARAM] ParameterNode: '?' {name=param1, expectedType=org.hibernate.type.StringType@5d58f8d8}

15:56:21.083 [Test worker] DEBUG o.h.hql.internal.ast.ErrorCounter - throwQueryException() : no errors
15:56:21.083 [Test worker] DEBUG o.h.h.i.ast.QueryTranslatorImpl - HQL: select generatedAlias0 from sciConsole.domain.Ver as generatedAlias0 where ( generatedAlias0.sciId=:param0 ) and ( generatedAlias0.name=:param1 )
15:56:21.083 [Test worker] DEBUG o.h.h.i.ast.QueryTranslatorImpl - SQL: select ver0_.version_id as version_1_9_, ver0_.created_by as created_2_9_, ver0_.date_created as date_cre3_9_, ver0_.name as name4_9_, ver0_.sci_id as sci_id5_9_, ver0_.status as status6_9_, ver0_.ver_desc as ver_desc7_9_ from version ver0_ where ver0_.sci_id=? and ver0_.name=?
15:56:21.083 [Test worker] DEBUG o.h.hql.internal.ast.ErrorCounter - throwQueryException() : no errors
15:56:21.084 [Test worker] DEBUG org.hibernate.SQL - select ver0_.version_id as version_1_9_, ver0_.created_by as created_2_9_, ver0_.date_created as date_cre3_9_, ver0_.name as name4_9_, ver0_.sci_id as sci_id5_9_, ver0_.status as status6_9_, ver0_.ver_desc as ver_desc7_9_ from version ver0_ where ver0_.sci_id=? and ver0_.name=?
15:56:21.085 [Test worker] DEBUG org.hibernate.loader.Loader - Result set row: 0
15:56:21.085 [Test worker] DEBUG org.hibernate.loader.Loader - Result row: EntityKey[sciConsole.domain.Ver#1]
15:56:21.085 [Test worker] DEBUG o.h.engine.internal.TwoPhaseLoad - Resolving associations for [sciConsole.domain.Ver#1]
15:56:21.085 [Test worker] DEBUG o.h.engine.internal.TwoPhaseLoad - Done materializing entity [sciConsole.domain.Ver#1]
15:56:21.086 [Test worker] DEBUG o.s.orm.jpa.JpaTransactionManager - Found thread-bound EntityManager [org.hibernate.jpa.internal.EntityManagerImpl@6c05d9a9] for JPA transaction
15:56:21.086 [Test worker] DEBUG o.s.orm.jpa.JpaTransactionManager - Creating new transaction with name [org.springframework.data.jpa.repository.support.SimpleJpaRepository.save]: PROPAGATION_REQUIRED,ISOLATION_DEFAULT; ''
15:56:21.086 [Test worker] DEBUG o.h.e.t.spi.AbstractTransactionImpl - begin
15:56:21.086 [Test worker] DEBUG o.h.e.t.i.jdbc.JdbcTransaction - initial autocommit status: true
15:56:21.086 [Test worker] DEBUG o.h.e.t.i.jdbc.JdbcTransaction - disabling autocommit
15:56:21.086 [Test worker] DEBUG o.s.orm.jpa.JpaTransactionManager - Exposing JPA transaction as JDBC transaction [org.springframework.orm.jpa.vendor.HibernateJpaDialect$HibernateConnectionHandle@52898d]
15:56:21.086 [Test worker] DEBUG org.hibernate.engine.spi.ActionQueue - Executing identity-insert immediately
15:56:21.086 [Test worker] DEBUG org.hibernate.SQL - insert into request (assign_to, created_by, date_created, date_complete, due_date, priority, reject_reason, req_desc, req_solution, sci_id, status, assigned_to, version_id) values (?, ?, ?, ?, ?, ?, ?, ?, ?, ?, ?, ?, ?)
15:56:21.088 [Test worker] DEBUG o.h.id.IdentifierGeneratorHelper - Natively generated identity: 11
15:56:21.088 [Test worker] DEBUG o.s.orm.jpa.JpaTransactionManager - Initiating transaction commit
15:56:21.088 [Test worker] DEBUG o.s.orm.jpa.JpaTransactionManager - Committing JPA transaction on EntityManager [org.hibernate.jpa.internal.EntityManagerImpl@6c05d9a9]
15:56:21.088 [Test worker] DEBUG o.h.e.t.spi.AbstractTransactionImpl - committing
15:56:21.088 [Test worker] DEBUG o.h.e.i.AbstractFlushingEventListener - Processing flush-time cascades
15:56:21.088 [Test worker] DEBUG o.h.e.i.AbstractFlushingEventListener - Dirty checking collections
15:56:21.088 [Test worker] DEBUG o.h.engine.internal.Collections - Collection found: [sciConsole.domain.Role.userRoles#1], was: [sciConsole.domain.Role.userRoles#1] (uninitialized)
15:56:21.088 [Test worker] DEBUG o.h.engine.internal.Collections - Collection found: [sciConsole.domain.Sci.versions#1], was: [sciConsole.domain.Sci.versions#1] (uninitialized)
15:56:21.089 [Test worker] DEBUG o.h.e.i.AbstractFlushingEventListener - Flushed: 0 insertions, 0 updates, 0 deletions to 5 objects
15:56:21.089 [Test worker] DEBUG o.h.e.i.AbstractFlushingEventListener - Flushed: 0 (re)creations, 0 updates, 0 removals to 2 collections
15:56:21.089 [Test worker] DEBUG o.h.internal.util.EntityPrinter - Listing entities:
15:56:21.089 [Test worker] DEBUG o.h.internal.util.EntityPrinter - sciConsole.domain.Request{date=Mon Jan 11 15:56:21 GMT 2016, dueDate=Mon Jan 25 15:56:21 GMT 2016, priority=null, type=0, versionId=1, rejectReason=null, createdBy=40, dateComplete=null, reqDesc=Fault, sciId=1, reqSolution=Missing dependency, id=11, assignTo=null, status=0}
15:56:21.089 [Test worker] DEBUG o.h.internal.util.EntityPrinter - sciConsole.domain.User{password=$2a$10$UQ/jCMwn14H5VdHO4or0L.xvlGoplsSsRXHjXdbYij9UEArHJzsE2, role=sciConsole.domain.Role#1, id=40, login=Bob}
15:56:21.089 [Test worker] DEBUG o.h.internal.util.EntityPrinter - sciConsole.domain.Role{userRoles=<uninitialized>, role=MANAGER, id=1}
15:56:21.089 [Test worker] DEBUG o.h.internal.util.EntityPrinter - sciConsole.domain.Sci{versions=<uninitialized>, name=SCI_1, id=1, sciDesc=This is a test SCI entry}
15:56:21.089 [Test worker] DEBUG o.h.internal.util.EntityPrinter - sciConsole.domain.Ver{date=2016-01-11 15:54:44.0, createdBy=2, sciId=1, name=version_2, id=1, verDesc=This is a test version entry, status=1}
15:56:21.092 [Test worker] DEBUG o.h.e.t.i.jdbc.JdbcTransaction - committed JDBC Connection
15:56:21.092 [Test worker] DEBUG o.h.e.t.i.jdbc.JdbcTransaction - re-enabling autocommit
15:56:21.092 [Test worker] DEBUG o.s.orm.jpa.JpaTransactionManager - Not closing pre-bound JPA EntityManager after transaction
15:56:21.093 [Test worker] DEBUG o.h.jpa.criteria.CriteriaQueryImpl - Rendered criteria query -> select generatedAlias0 from Sci as generatedAlias0 where generatedAlias0.id=:param0
15:56:21.093 [Test worker] DEBUG org.hibernate.SQL - select sci0_.sci_id as sci_id1_5_, sci0_.name as name2_5_, sci0_.sci_desc as sci_desc3_5_ from sci sci0_ where sci0_.sci_id=?
15:56:21.093 [Test worker] DEBUG org.hibernate.loader.Loader - Result set row: 0
15:56:21.093 [Test worker] DEBUG org.hibernate.loader.Loader - Result row: EntityKey[sciConsole.domain.Sci#1]
15:56:21.094 [Test worker] DEBUG o.s.b.f.s.DefaultListableBeanFactory - Invoking afterPropertiesSet() on bean with name 'new-change-request'
15:56:21.094 [Test worker] DEBUG o.s.b.f.s.DefaultListableBeanFactory - Returning cached instance of singleton bean 'org.springframework.transaction.config.internalTransactionAdvisor'
15:56:21.094 [Test worker] DEBUG o.s.b.f.s.DefaultListableBeanFactory - Returning cached instance of singleton bean 'org.springframework.transaction.config.internalTransactionAdvisor'
15:56:21.094 [Test worker] DEBUG o.s.t.w.s.TestDispatcherServlet - Rendering view [org.springframework.web.servlet.view.JstlView: name 'new-change-request'; URL [/WEB-INF/views/new-change-request.jsp]] in DispatcherServlet with name ''
15:56:21.094 [Test worker] DEBUG o.s.web.servlet.view.JstlView - Added model object 'sciid' of type [java.lang.Integer] to request in view with name 'new-change-request'
15:56:21.094 [Test worker] DEBUG o.s.web.servlet.view.JstlView - Added model object 'versionid' of type [java.lang.Integer] to request in view with name 'new-change-request'
15:56:21.094 [Test worker] DEBUG o.s.web.servlet.view.JstlView - Added model object 'description' of type [java.lang.String] to request in view with name 'new-change-request'
15:56:21.094 [Test worker] DEBUG o.s.web.servlet.view.JstlView - Added model object 'solution' of type [java.lang.String] to request in view with name 'new-change-request'
15:56:21.094 [Test worker] DEBUG o.s.web.servlet.view.JstlView - Added model object 'type' of type [java.lang.Integer] to request in view with name 'new-change-request'
15:56:21.094 [Test worker] DEBUG o.s.web.servlet.view.JstlView - Added model object 'createdby' of type [java.lang.Integer] to request in view with name 'new-change-request'
15:56:21.094 [Test worker] DEBUG o.s.web.servlet.view.JstlView - Added model object 'duedate' of type [java.util.Date] to request in view with name 'new-change-request'
15:56:21.095 [Test worker] DEBUG o.s.web.servlet.view.JstlView - Added model object 'sciname' of type [java.lang.String] to request in view with name 'new-change-request'
15:56:21.095 [Test worker] DEBUG o.s.web.servlet.view.JstlView - Added model object 'vername' of type [java.lang.String] to request in view with name 'new-change-request'
15:56:21.095 [Test worker] DEBUG o.s.web.servlet.view.JstlView - Added model object 'req' of type [sciConsole.domain.Request] to request in view with name 'new-change-request'
15:56:21.095 [Test worker] DEBUG o.s.web.servlet.view.JstlView - Added model object 'org.springframework.validation.BindingResult.req' of type [org.springframework.validation.BeanPropertyBindingResult] to request in view with name 'new-change-request'
15:56:21.095 [Test worker] DEBUG o.s.b.f.s.DefaultListableBeanFactory - Returning cached instance of singleton bean 'requestDataValueProcessor'
15:56:21.095 [Test worker] DEBUG o.s.web.servlet.view.JstlView - Forwarding to resource [/WEB-INF/views/new-change-request.jsp] in InternalResourceView 'new-change-request'
15:56:21.095 [Test worker] DEBUG o.s.mock.web.MockRequestDispatcher - MockRequestDispatcher: forwarding to [/WEB-INF/views/new-change-request.jsp]
15:56:21.095 [Test worker] DEBUG o.s.o.j.s.OpenEntityManagerInViewInterceptor - Closing JPA EntityManager in OpenEntityManagerInViewInterceptor
15:56:21.095 [Test worker] DEBUG o.s.o.jpa.EntityManagerFactoryUtils - Closing JPA EntityManager
15:56:21.095 [Test worker] DEBUG o.h.e.j.i.LogicalConnectionImpl - Releasing JDBC connection
15:56:21.095 [Test worker] DEBUG o.h.e.j.i.LogicalConnectionImpl - Released JDBC connection
15:56:21.095 [Test worker] DEBUG o.s.t.w.s.TestDispatcherServlet - Successfully completed request
15:56:21.096 [Test worker] DEBUG o.s.o.j.SharedEntityManagerCreator$SharedEntityManagerInvocationHandler - Creating new EntityManager for shared EntityManager invocation
15:56:21.096 [Test worker] DEBUG o.h.jpa.criteria.CriteriaQueryImpl - Rendered criteria query -> select generatedAlias0 from Request as generatedAlias0 where generatedAlias0.id=:param0
15:56:21.097 [Test worker] DEBUG org.hibernate.SQL - select request0_.request_id as request_1_3_, request0_.assign_to as assign_t2_3_, request0_.created_by as created_3_3_, request0_.date_created as date_cre4_3_, request0_.date_complete as date_com5_3_, request0_.due_date as due_date6_3_, request0_.priority as priority7_3_, request0_.reject_reason as reject_r8_3_, request0_.req_desc as req_desc9_3_, request0_.req_solution as req_sol10_3_, request0_.sci_id as sci_id11_3_, request0_.status as status12_3_, request0_.assigned_to as assigne13_3_, request0_.version_id as version14_3_ from request request0_ where request0_.request_id=?
15:56:21.097 [Test worker] DEBUG o.h.e.j.i.LogicalConnectionImpl - Obtaining JDBC connection
15:56:21.097 [Test worker] DEBUG o.s.j.d.DriverManagerDataSource - Creating new JDBC DriverManager Connection to [jdbc:mysql://127.0.0.1:3306/wrp3]
15:56:21.100 [Test worker] DEBUG o.h.e.j.i.LogicalConnectionImpl - Obtained JDBC connection
15:56:21.100 [Test worker] DEBUG org.hibernate.loader.Loader - Result set row: 0
15:56:21.101 [Test worker] DEBUG org.hibernate.loader.Loader - Result row: EntityKey[sciConsole.domain.Request#11]
15:56:21.101 [Test worker] DEBUG o.h.engine.internal.TwoPhaseLoad - Resolving associations for [sciConsole.domain.Request#11]
15:56:21.101 [Test worker] DEBUG o.h.engine.internal.TwoPhaseLoad - Done materializing entity [sciConsole.domain.Request#11]
15:56:21.101 [Test worker] DEBUG o.s.o.jpa.EntityManagerFactoryUtils - Closing JPA EntityManager
15:56:21.101 [Test worker] DEBUG o.h.e.j.i.LogicalConnectionImpl - Releasing JDBC connection
15:56:21.101 [Test worker] DEBUG o.h.e.j.i.LogicalConnectionImpl - Released JDBC connection
15:56:21.102 [Test worker] DEBUG o.s.orm.jpa.JpaTransactionManager - Creating new transaction with name [org.springframework.data.jpa.repository.support.SimpleJpaRepository.deleteAll]: PROPAGATION_REQUIRED,ISOLATION_DEFAULT; ''
15:56:21.102 [Test worker] DEBUG o.s.orm.jpa.JpaTransactionManager - Opened new EntityManager [org.hibernate.jpa.internal.EntityManagerImpl@68417554] for JPA transaction
15:56:21.102 [Test worker] DEBUG o.h.e.t.spi.AbstractTransactionImpl - begin
15:56:21.102 [Test worker] DEBUG o.h.e.j.i.LogicalConnectionImpl - Obtaining JDBC connection
15:56:21.102 [Test worker] DEBUG o.s.j.d.DriverManagerDataSource - Creating new JDBC DriverManager Connection to [jdbc:mysql://127.0.0.1:3306/wrp3]
15:56:21.106 [Test worker] DEBUG o.h.e.j.i.LogicalConnectionImpl - Obtained JDBC connection
15:56:21.106 [Test worker] DEBUG o.h.e.t.i.jdbc.JdbcTransaction - initial autocommit status: true
15:56:21.106 [Test worker] DEBUG o.h.e.t.i.jdbc.JdbcTransaction - disabling autocommit
15:56:21.106 [Test worker] DEBUG o.s.orm.jpa.JpaTransactionManager - Exposing JPA transaction as JDBC transaction [org.springframework.orm.jpa.vendor.HibernateJpaDialect$HibernateConnectionHandle@209e2e75]
15:56:21.106 [Test worker] DEBUG o.h.jpa.criteria.CriteriaQueryImpl - Rendered criteria query -> select generatedAlias0 from Request as generatedAlias0
15:56:21.106 [Test worker] DEBUG org.hibernate.SQL - select request0_.request_id as request_1_3_, request0_.assign_to as assign_t2_3_, request0_.created_by as created_3_3_, request0_.date_created as date_cre4_3_, request0_.date_complete as date_com5_3_, request0_.due_date as due_date6_3_, request0_.priority as priority7_3_, request0_.reject_reason as reject_r8_3_, request0_.req_desc as req_desc9_3_, request0_.req_solution as req_sol10_3_, request0_.sci_id as sci_id11_3_, request0_.status as status12_3_, request0_.assigned_to as assigne13_3_, request0_.version_id as version14_3_ from request request0_
15:56:21.107 [Test worker] DEBUG org.hibernate.loader.Loader - Result set row: 0
15:56:21.107 [Test worker] DEBUG org.hibernate.loader.Loader - Result row: EntityKey[sciConsole.domain.Request#11]
15:56:21.107 [Test worker] DEBUG o.h.engine.internal.TwoPhaseLoad - Resolving associations for [sciConsole.domain.Request#11]
15:56:21.107 [Test worker] DEBUG o.h.engine.internal.TwoPhaseLoad - Done materializing entity [sciConsole.domain.Request#11]
15:56:21.107 [Test worker] DEBUG o.s.orm.jpa.JpaTransactionManager - Initiating transaction commit
15:56:21.107 [Test worker] DEBUG o.s.orm.jpa.JpaTransactionManager - Committing JPA transaction on EntityManager [org.hibernate.jpa.internal.EntityManagerImpl@68417554]
15:56:21.107 [Test worker] DEBUG o.h.e.t.spi.AbstractTransactionImpl - committing
15:56:21.108 [Test worker] DEBUG o.h.e.i.AbstractFlushingEventListener - Processing flush-time cascades
15:56:21.108 [Test worker] DEBUG o.h.e.i.AbstractFlushingEventListener - Dirty checking collections
15:56:21.108 [Test worker] DEBUG o.h.e.i.AbstractFlushingEventListener - Flushed: 0 insertions, 0 updates, 1 deletions to 1 objects
15:56:21.108 [Test worker] DEBUG o.h.e.i.AbstractFlushingEventListener - Flushed: 0 (re)creations, 0 updates, 0 removals to 0 collections
15:56:21.108 [Test worker] DEBUG o.h.internal.util.EntityPrinter - Listing entities:
15:56:21.108 [Test worker] DEBUG o.h.internal.util.EntityPrinter - sciConsole.domain.Request{date=2016-01-11 15:56:21.0, dueDate=2016-01-25 15:56:21.0, priority=null, type=0, versionId=1, rejectReason=null, createdBy=40, dateComplete=null, reqDesc=Fault, sciId=1, reqSolution=Missing dependency, id=11, assignTo=null, status=0}
15:56:21.108 [Test worker] DEBUG org.hibernate.SQL - delete from request where request_id=?
15:56:21.111 [Test worker] DEBUG o.h.e.t.i.jdbc.JdbcTransaction - committed JDBC Connection
15:56:21.111 [Test worker] DEBUG o.h.e.t.i.jdbc.JdbcTransaction - re-enabling autocommit
15:56:21.112 [Test worker] DEBUG o.s.orm.jpa.JpaTransactionManager - Closing JPA EntityManager [org.hibernate.jpa.internal.EntityManagerImpl@68417554] after transaction
15:56:21.112 [Test worker] DEBUG o.s.o.jpa.EntityManagerFactoryUtils - Closing JPA EntityManager
15:56:21.112 [Test worker] DEBUG o.h.e.j.internal.JdbcCoordinatorImpl - HHH000420: Closing un-released batch
15:56:21.112 [Test worker] DEBUG o.h.e.j.i.LogicalConnectionImpl - Releasing JDBC connection
15:56:21.112 [Test worker] DEBUG o.h.e.j.i.LogicalConnectionImpl - Released JDBC connection
15:56:21.112 [Test worker] DEBUG o.s.orm.jpa.JpaTransactionManager - Creating new transaction with name [org.springframework.data.jpa.repository.support.SimpleJpaRepository.save]: PROPAGATION_REQUIRED,ISOLATION_DEFAULT; ''
15:56:21.112 [Test worker] DEBUG o.s.orm.jpa.JpaTransactionManager - Opened new EntityManager [org.hibernate.jpa.internal.EntityManagerImpl@7abbb2d3] for JPA transaction
15:56:21.112 [Test worker] DEBUG o.h.e.t.spi.AbstractTransactionImpl - begin
15:56:21.112 [Test worker] DEBUG o.h.e.j.i.LogicalConnectionImpl - Obtaining JDBC connection
15:56:21.112 [Test worker] DEBUG o.s.j.d.DriverManagerDataSource - Creating new JDBC DriverManager Connection to [jdbc:mysql://127.0.0.1:3306/wrp3]
15:56:21.115 [Test worker] DEBUG o.h.e.j.i.LogicalConnectionImpl - Obtained JDBC connection
15:56:21.115 [Test worker] DEBUG o.h.e.t.i.jdbc.JdbcTransaction - initial autocommit status: true
15:56:21.115 [Test worker] DEBUG o.h.e.t.i.jdbc.JdbcTransaction - disabling autocommit
15:56:21.115 [Test worker] DEBUG o.s.orm.jpa.JpaTransactionManager - Exposing JPA transaction as JDBC transaction [org.springframework.orm.jpa.vendor.HibernateJpaDialect$HibernateConnectionHandle@23278357]
15:56:21.115 [Test worker] DEBUG o.s.orm.jpa.JpaTransactionManager - Initiating transaction commit
15:56:21.115 [Test worker] DEBUG o.s.orm.jpa.JpaTransactionManager - Committing JPA transaction on EntityManager [org.hibernate.jpa.internal.EntityManagerImpl@7abbb2d3]
15:56:21.115 [Test worker] DEBUG o.h.e.t.spi.AbstractTransactionImpl - committing
15:56:21.115 [Test worker] DEBUG o.h.e.t.i.jdbc.JdbcTransaction - committed JDBC Connection
15:56:21.116 [Test worker] DEBUG o.h.e.t.i.jdbc.JdbcTransaction - re-enabling autocommit
15:56:21.116 [Test worker] DEBUG o.s.orm.jpa.JpaTransactionManager - Closing JPA EntityManager [org.hibernate.jpa.internal.EntityManagerImpl@7abbb2d3] after transaction
15:56:21.116 [Test worker] DEBUG o.s.o.jpa.EntityManagerFactoryUtils - Closing JPA EntityManager
15:56:21.116 [Test worker] DEBUG o.h.e.j.i.LogicalConnectionImpl - Releasing JDBC connection
15:56:21.116 [Test worker] DEBUG o.h.e.j.i.LogicalConnectionImpl - Released JDBC connection
15:56:21.116 [Test worker] DEBUG o.s.orm.jpa.JpaTransactionManager - Creating new transaction with name [org.springframework.data.jpa.repository.support.SimpleJpaRepository.deleteAll]: PROPAGATION_REQUIRED,ISOLATION_DEFAULT; ''
15:56:21.116 [Test worker] DEBUG o.s.orm.jpa.JpaTransactionManager - Opened new EntityManager [org.hibernate.jpa.internal.EntityManagerImpl@b7291f] for JPA transaction
15:56:21.116 [Test worker] DEBUG o.h.e.t.spi.AbstractTransactionImpl - begin
15:56:21.116 [Test worker] DEBUG o.h.e.j.i.LogicalConnectionImpl - Obtaining JDBC connection
15:56:21.116 [Test worker] DEBUG o.s.j.d.DriverManagerDataSource - Creating new JDBC DriverManager Connection to [jdbc:mysql://127.0.0.1:3306/wrp3]
15:56:21.119 [Test worker] DEBUG o.h.e.j.i.LogicalConnectionImpl - Obtained JDBC connection
15:56:21.119 [Test worker] DEBUG o.h.e.t.i.jdbc.JdbcTransaction - initial autocommit status: true
15:56:21.119 [Test worker] DEBUG o.h.e.t.i.jdbc.JdbcTransaction - disabling autocommit
15:56:21.119 [Test worker] DEBUG o.s.orm.jpa.JpaTransactionManager - Exposing JPA transaction as JDBC transaction [org.springframework.orm.jpa.vendor.HibernateJpaDialect$HibernateConnectionHandle@7d84b32f]
15:56:21.119 [Test worker] DEBUG o.h.jpa.criteria.CriteriaQueryImpl - Rendered criteria query -> select generatedAlias0 from Request as generatedAlias0
15:56:21.120 [Test worker] DEBUG org.hibernate.SQL - select request0_.request_id as request_1_3_, request0_.assign_to as assign_t2_3_, request0_.created_by as created_3_3_, request0_.date_created as date_cre4_3_, request0_.date_complete as date_com5_3_, request0_.due_date as due_date6_3_, request0_.priority as priority7_3_, request0_.reject_reason as reject_r8_3_, request0_.req_desc as req_desc9_3_, request0_.req_solution as req_sol10_3_, request0_.sci_id as sci_id11_3_, request0_.status as status12_3_, request0_.assigned_to as assigne13_3_, request0_.version_id as version14_3_ from request request0_
15:56:21.120 [Test worker] DEBUG o.s.orm.jpa.JpaTransactionManager - Initiating transaction commit
15:56:21.120 [Test worker] DEBUG o.s.orm.jpa.JpaTransactionManager - Committing JPA transaction on EntityManager [org.hibernate.jpa.internal.EntityManagerImpl@b7291f]
15:56:21.120 [Test worker] DEBUG o.h.e.t.spi.AbstractTransactionImpl - committing
15:56:21.120 [Test worker] DEBUG o.h.e.t.i.jdbc.JdbcTransaction - committed JDBC Connection
15:56:21.120 [Test worker] DEBUG o.h.e.t.i.jdbc.JdbcTransaction - re-enabling autocommit
15:56:21.121 [Test worker] DEBUG o.s.orm.jpa.JpaTransactionManager - Closing JPA EntityManager [org.hibernate.jpa.internal.EntityManagerImpl@b7291f] after transaction
15:56:21.121 [Test worker] DEBUG o.s.o.jpa.EntityManagerFactoryUtils - Closing JPA EntityManager
15:56:21.121 [Test worker] DEBUG o.h.e.j.i.LogicalConnectionImpl - Releasing JDBC connection
15:56:21.121 [Test worker] DEBUG o.h.e.j.i.LogicalConnectionImpl - Released JDBC connection
15:56:21.121 [Test worker] DEBUG o.s.orm.jpa.JpaTransactionManager - Creating new transaction with name [org.springframework.data.jpa.repository.support.SimpleJpaRepository.save]: PROPAGATION_REQUIRED,ISOLATION_DEFAULT; ''
15:56:21.121 [Test worker] DEBUG o.s.orm.jpa.JpaTransactionManager - Opened new EntityManager [org.hibernate.jpa.internal.EntityManagerImpl@3d3273c] for JPA transaction
15:56:21.121 [Test worker] DEBUG o.h.e.t.spi.AbstractTransactionImpl - begin
15:56:21.121 [Test worker] DEBUG o.h.e.j.i.LogicalConnectionImpl - Obtaining JDBC connection
15:56:21.121 [Test worker] DEBUG o.s.j.d.DriverManagerDataSource - Creating new JDBC DriverManager Connection to [jdbc:mysql://127.0.0.1:3306/wrp3]
15:56:21.124 [Test worker] DEBUG o.h.e.j.i.LogicalConnectionImpl - Obtained JDBC connection
15:56:21.124 [Test worker] DEBUG o.h.e.t.i.jdbc.JdbcTransaction - initial autocommit status: true
15:56:21.124 [Test worker] DEBUG o.h.e.t.i.jdbc.JdbcTransaction - disabling autocommit
15:56:21.124 [Test worker] DEBUG o.s.orm.jpa.JpaTransactionManager - Exposing JPA transaction as JDBC transaction [org.springframework.orm.jpa.vendor.HibernateJpaDialect$HibernateConnectionHandle@6743757]
15:56:21.124 [Test worker] DEBUG o.s.orm.jpa.JpaTransactionManager - Initiating transaction commit
15:56:21.124 [Test worker] DEBUG o.s.orm.jpa.JpaTransactionManager - Committing JPA transaction on EntityManager [org.hibernate.jpa.internal.EntityManagerImpl@3d3273c]
15:56:21.124 [Test worker] DEBUG o.h.e.t.spi.AbstractTransactionImpl - committing
15:56:21.124 [Test worker] DEBUG o.h.e.t.i.jdbc.JdbcTransaction - committed JDBC Connection
15:56:21.124 [Test worker] DEBUG o.h.e.t.i.jdbc.JdbcTransaction - re-enabling autocommit
15:56:21.125 [Test worker] DEBUG o.s.orm.jpa.JpaTransactionManager - Closing JPA EntityManager [org.hibernate.jpa.internal.EntityManagerImpl@3d3273c] after transaction
15:56:21.125 [Test worker] DEBUG o.s.o.jpa.EntityManagerFactoryUtils - Closing JPA EntityManager
15:56:21.125 [Test worker] DEBUG o.h.e.j.i.LogicalConnectionImpl - Releasing JDBC connection
15:56:21.125 [Test worker] DEBUG o.h.e.j.i.LogicalConnectionImpl - Released JDBC connection
15:56:21.125 [Test worker] DEBUG o.s.orm.jpa.JpaTransactionManager - Creating new transaction with name [org.springframework.data.jpa.repository.support.SimpleJpaRepository.deleteAll]: PROPAGATION_REQUIRED,ISOLATION_DEFAULT; ''
15:56:21.125 [Test worker] DEBUG o.s.orm.jpa.JpaTransactionManager - Opened new EntityManager [org.hibernate.jpa.internal.EntityManagerImpl@47b3f96b] for JPA transaction
15:56:21.125 [Test worker] DEBUG o.h.e.t.spi.AbstractTransactionImpl - begin
15:56:21.125 [Test worker] DEBUG o.h.e.j.i.LogicalConnectionImpl - Obtaining JDBC connection
15:56:21.125 [Test worker] DEBUG o.s.j.d.DriverManagerDataSource - Creating new JDBC DriverManager Connection to [jdbc:mysql://127.0.0.1:3306/wrp3]
15:56:21.129 [Test worker] DEBUG o.h.e.j.i.LogicalConnectionImpl - Obtained JDBC connection
15:56:21.129 [Test worker] DEBUG o.h.e.t.i.jdbc.JdbcTransaction - initial autocommit status: true
15:56:21.129 [Test worker] DEBUG o.h.e.t.i.jdbc.JdbcTransaction - disabling autocommit
15:56:21.129 [Test worker] DEBUG o.s.orm.jpa.JpaTransactionManager - Exposing JPA transaction as JDBC transaction [org.springframework.orm.jpa.vendor.HibernateJpaDialect$HibernateConnectionHandle@72f0157d]
15:56:21.129 [Test worker] DEBUG o.h.jpa.criteria.CriteriaQueryImpl - Rendered criteria query -> select generatedAlias0 from User as generatedAlias0
15:56:21.129 [Test worker] DEBUG org.hibernate.SQL - select user0_.id as id1_8_, user0_.login as login2_8_, user0_.password as password3_8_, user0_1_.role_id as role_id1_7_ from users user0_ left outer join user_roles user0_1_ on user0_.id=user0_1_.user_id
15:56:21.130 [Test worker] DEBUG org.hibernate.loader.Loader - Result set row: 0
15:56:21.130 [Test worker] DEBUG org.hibernate.loader.Loader - Result row: EntityKey[sciConsole.domain.User#39]
15:56:21.130 [Test worker] DEBUG org.hibernate.loader.Loader - Result set row: 1
15:56:21.130 [Test worker] DEBUG org.hibernate.loader.Loader - Result row: EntityKey[sciConsole.domain.User#40]
15:56:21.130 [Test worker] DEBUG o.h.engine.internal.TwoPhaseLoad - Resolving associations for [sciConsole.domain.User#39]
15:56:21.130 [Test worker] DEBUG org.hibernate.SQL - select role0_.id as id1_4_0_, role0_.role as role2_4_0_ from roles role0_ where role0_.id=?
15:56:21.130 [Test worker] DEBUG o.h.l.p.e.p.i.ResultSetProcessorImpl - Starting ResultSet row #0
15:56:21.130 [Test worker] DEBUG o.h.l.p.e.p.i.EntityReferenceInitializerImpl - On call to EntityIdentifierReaderImpl#resolve, EntityKey was already known; should only happen on root returns with an optional identifier specified
15:56:21.131 [Test worker] DEBUG o.h.engine.internal.TwoPhaseLoad - Resolving associations for [sciConsole.domain.Role#2]
15:56:21.131 [Test worker] DEBUG o.h.engine.internal.TwoPhaseLoad - Done materializing entity [sciConsole.domain.Role#2]
15:56:21.131 [Test worker] DEBUG o.h.l.e.p.AbstractLoadPlanBasedEntityLoader - Done entity load : sciConsole.domain.Role#2
15:56:21.131 [Test worker] DEBUG o.h.engine.internal.TwoPhaseLoad - Done materializing entity [sciConsole.domain.User#39]
15:56:21.131 [Test worker] DEBUG o.h.engine.internal.TwoPhaseLoad - Resolving associations for [sciConsole.domain.User#40]
15:56:21.131 [Test worker] DEBUG org.hibernate.SQL - select role0_.id as id1_4_0_, role0_.role as role2_4_0_ from roles role0_ where role0_.id=?
15:56:21.131 [Test worker] DEBUG o.h.l.p.e.p.i.ResultSetProcessorImpl - Starting ResultSet row #0
15:56:21.131 [Test worker] DEBUG o.h.l.p.e.p.i.EntityReferenceInitializerImpl - On call to EntityIdentifierReaderImpl#resolve, EntityKey was already known; should only happen on root returns with an optional identifier specified
15:56:21.131 [Test worker] DEBUG o.h.engine.internal.TwoPhaseLoad - Resolving associations for [sciConsole.domain.Role#1]
15:56:21.131 [Test worker] DEBUG o.h.engine.internal.TwoPhaseLoad - Done materializing entity [sciConsole.domain.Role#1]
15:56:21.132 [Test worker] DEBUG o.h.l.e.p.AbstractLoadPlanBasedEntityLoader - Done entity load : sciConsole.domain.Role#1
15:56:21.132 [Test worker] DEBUG o.h.engine.internal.TwoPhaseLoad - Done materializing entity [sciConsole.domain.User#40]
15:56:21.132 [Test worker] DEBUG o.h.l.c.p.AbstractLoadPlanBasedCollectionInitializer - Loading collection: [sciConsole.domain.Role.userRoles#2]
15:56:21.132 [Test worker] DEBUG org.hibernate.SQL - select userroles0_.role_id as role_id1_4_0_, userroles0_.user_id as user_id2_7_0_, user1_.id as id1_8_1_, user1_.login as login2_8_1_, user1_.password as password3_8_1_, user1_1_.role_id as role_id1_7_1_ from user_roles userroles0_ inner join users user1_ on userroles0_.user_id=user1_.id left outer join user_roles user1_1_ on user1_.id=user1_1_.user_id where userroles0_.role_id=?
15:56:21.133 [Test worker] DEBUG o.h.l.p.e.p.i.ResultSetProcessorImpl - Preparing collection intializer : [sciConsole.domain.Role.userRoles#2]
15:56:21.133 [Test worker] DEBUG o.h.l.p.e.p.i.ResultSetProcessorImpl - Starting ResultSet row #0
15:56:21.133 [Test worker] DEBUG o.h.l.p.e.p.i.CollectionReferenceInitializerImpl - Found row of collection: [sciConsole.domain.Role.userRoles#2]
15:56:21.133 [Test worker] DEBUG o.h.e.l.i.CollectionLoadContext - 1 collections were found in result set for role: sciConsole.domain.Role.userRoles
15:56:21.133 [Test worker] DEBUG o.h.e.l.i.CollectionLoadContext - Collection fully initialized: [sciConsole.domain.Role.userRoles#2]
15:56:21.133 [Test worker] DEBUG o.h.e.l.i.CollectionLoadContext - 1 collections initialized for role: sciConsole.domain.Role.userRoles
15:56:21.133 [Test worker] DEBUG o.h.l.c.p.AbstractLoadPlanBasedCollectionInitializer - Done loading collection
15:56:21.133 [Test worker] DEBUG o.h.l.c.p.AbstractLoadPlanBasedCollectionInitializer - Loading collection: [sciConsole.domain.Role.userRoles#1]
15:56:21.133 [Test worker] DEBUG org.hibernate.SQL - select userroles0_.role_id as role_id1_4_0_, userroles0_.user_id as user_id2_7_0_, user1_.id as id1_8_1_, user1_.login as login2_8_1_, user1_.password as password3_8_1_, user1_1_.role_id as role_id1_7_1_ from user_roles userroles0_ inner join users user1_ on userroles0_.user_id=user1_.id left outer join user_roles user1_1_ on user1_.id=user1_1_.user_id where userroles0_.role_id=?
15:56:21.134 [Test worker] DEBUG o.h.l.p.e.p.i.ResultSetProcessorImpl - Preparing collection intializer : [sciConsole.domain.Role.userRoles#1]
15:56:21.134 [Test worker] DEBUG o.h.l.p.e.p.i.ResultSetProcessorImpl - Starting ResultSet row #0
15:56:21.134 [Test worker] DEBUG o.h.l.p.e.p.i.CollectionReferenceInitializerImpl - Found row of collection: [sciConsole.domain.Role.userRoles#1]
15:56:21.134 [Test worker] DEBUG o.h.e.l.i.CollectionLoadContext - 1 collections were found in result set for role: sciConsole.domain.Role.userRoles
15:56:21.134 [Test worker] DEBUG o.h.e.l.i.CollectionLoadContext - Collection fully initialized: [sciConsole.domain.Role.userRoles#1]
15:56:21.134 [Test worker] DEBUG o.h.e.l.i.CollectionLoadContext - 1 collections initialized for role: sciConsole.domain.Role.userRoles
15:56:21.134 [Test worker] DEBUG o.h.l.c.p.AbstractLoadPlanBasedCollectionInitializer - Done loading collection
15:56:21.134 [Test worker] DEBUG o.s.orm.jpa.JpaTransactionManager - Initiating transaction commit
15:56:21.134 [Test worker] DEBUG o.s.orm.jpa.JpaTransactionManager - Committing JPA transaction on EntityManager [org.hibernate.jpa.internal.EntityManagerImpl@47b3f96b]
15:56:21.134 [Test worker] DEBUG o.h.e.t.spi.AbstractTransactionImpl - committing
15:56:21.134 [Test worker] DEBUG o.h.e.i.AbstractFlushingEventListener - Processing flush-time cascades
15:56:21.134 [Test worker] DEBUG o.h.e.i.AbstractFlushingEventListener - Dirty checking collections
15:56:21.134 [Test worker] DEBUG o.h.engine.internal.Collections - Collection dereferenced: [sciConsole.domain.Role.userRoles#2]
15:56:21.135 [Test worker] DEBUG o.h.engine.internal.Collections - Collection dereferenced: [sciConsole.domain.Role.userRoles#1]
15:56:21.135 [Test worker] DEBUG o.h.e.i.AbstractFlushingEventListener - Flushed: 0 insertions, 0 updates, 4 deletions to 4 objects
15:56:21.135 [Test worker] DEBUG o.h.e.i.AbstractFlushingEventListener - Flushed: 0 (re)creations, 0 updates, 2 removals to 2 collections
15:56:21.135 [Test worker] DEBUG o.h.internal.util.EntityPrinter - Listing entities:
15:56:21.135 [Test worker] DEBUG o.h.internal.util.EntityPrinter - sciConsole.domain.User{password=$2a$10$sbTqPCC0wB2c4IE5Y5RCdeWLIvtjAKEHFzHluAg7LiqkSdZNujJn2, role=sciConsole.domain.Role#2, id=39, login=Alice}
15:56:21.135 [Test worker] DEBUG o.h.internal.util.EntityPrinter - sciConsole.domain.User{password=$2a$10$UQ/jCMwn14H5VdHO4or0L.xvlGoplsSsRXHjXdbYij9UEArHJzsE2, role=sciConsole.domain.Role#1, id=40, login=Bob}
15:56:21.135 [Test worker] DEBUG o.h.internal.util.EntityPrinter - sciConsole.domain.Role{userRoles=[sciConsole.domain.User#40], role=MANAGER, id=1}
15:56:21.135 [Test worker] DEBUG o.h.internal.util.EntityPrinter - sciConsole.domain.Role{userRoles=[sciConsole.domain.User#39], role=DEVELOPER, id=2}
15:56:21.135 [Test worker] DEBUG o.h.p.c.AbstractCollectionPersister - Deleting collection: [sciConsole.domain.Role.userRoles#2]
15:56:21.135 [Test worker] DEBUG org.hibernate.SQL - delete from user_roles where role_id=?
15:56:21.136 [Test worker] DEBUG o.h.p.c.AbstractCollectionPersister - Done deleting collection
15:56:21.136 [Test worker] DEBUG o.h.p.c.AbstractCollectionPersister - Deleting collection: [sciConsole.domain.Role.userRoles#1]
15:56:21.136 [Test worker] DEBUG org.hibernate.SQL - delete from user_roles where role_id=?
15:56:21.137 [Test worker] DEBUG o.h.p.c.AbstractCollectionPersister - Done deleting collection
15:56:21.137 [Test worker] DEBUG org.hibernate.SQL - delete from user_roles where user_id=?
15:56:21.137 [Test worker] DEBUG org.hibernate.SQL - delete from users where id=?
15:56:21.138 [Test worker] DEBUG org.hibernate.SQL - delete from roles where id=?
15:56:21.139 [Test worker] DEBUG org.hibernate.SQL - delete from user_roles where user_id=?
15:56:21.139 [Test worker] DEBUG org.hibernate.SQL - delete from users where id=?
15:56:21.140 [Test worker] DEBUG org.hibernate.SQL - delete from roles where id=?
15:56:21.143 [Test worker] DEBUG o.h.e.t.i.jdbc.JdbcTransaction - committed JDBC Connection
15:56:21.143 [Test worker] DEBUG o.h.e.t.i.jdbc.JdbcTransaction - re-enabling autocommit
15:56:21.144 [Test worker] DEBUG o.s.orm.jpa.JpaTransactionManager - Closing JPA EntityManager [org.hibernate.jpa.internal.EntityManagerImpl@47b3f96b] after transaction
15:56:21.144 [Test worker] DEBUG o.s.o.jpa.EntityManagerFactoryUtils - Closing JPA EntityManager
15:56:21.144 [Test worker] DEBUG o.h.e.j.internal.JdbcCoordinatorImpl - HHH000420: Closing un-released batch
15:56:21.144 [Test worker] DEBUG o.h.e.j.i.LogicalConnectionImpl - Releasing JDBC connection
15:56:21.144 [Test worker] DEBUG o.h.e.j.i.LogicalConnectionImpl - Released JDBC connection
15:56:21.144 [Test worker] DEBUG o.s.orm.jpa.JpaTransactionManager - Creating new transaction with name [org.springframework.data.jpa.repository.support.SimpleJpaRepository.deleteAll]: PROPAGATION_REQUIRED,ISOLATION_DEFAULT; ''
15:56:21.144 [Test worker] DEBUG o.s.orm.jpa.JpaTransactionManager - Opened new EntityManager [org.hibernate.jpa.internal.EntityManagerImpl@6ee763da] for JPA transaction
15:56:21.144 [Test worker] DEBUG o.h.e.t.spi.AbstractTransactionImpl - begin
15:56:21.144 [Test worker] DEBUG o.h.e.j.i.LogicalConnectionImpl - Obtaining JDBC connection
15:56:21.144 [Test worker] DEBUG o.s.j.d.DriverManagerDataSource - Creating new JDBC DriverManager Connection to [jdbc:mysql://127.0.0.1:3306/wrp3]
15:56:21.147 [Test worker] DEBUG o.h.e.j.i.LogicalConnectionImpl - Obtained JDBC connection
15:56:21.147 [Test worker] DEBUG o.h.e.t.i.jdbc.JdbcTransaction - initial autocommit status: true
15:56:21.147 [Test worker] DEBUG o.h.e.t.i.jdbc.JdbcTransaction - disabling autocommit
15:56:21.147 [Test worker] DEBUG o.s.orm.jpa.JpaTransactionManager - Exposing JPA transaction as JDBC transaction [org.springframework.orm.jpa.vendor.HibernateJpaDialect$HibernateConnectionHandle@58a07be7]
15:56:21.147 [Test worker] DEBUG o.h.jpa.criteria.CriteriaQueryImpl - Rendered criteria query -> select generatedAlias0 from Role as generatedAlias0
15:56:21.148 [Test worker] DEBUG org.hibernate.SQL - select role0_.id as id1_4_, role0_.role as role2_4_ from roles role0_
15:56:21.149 [Test worker] DEBUG o.s.orm.jpa.JpaTransactionManager - Initiating transaction commit
15:56:21.149 [Test worker] DEBUG o.s.orm.jpa.JpaTransactionManager - Committing JPA transaction on EntityManager [org.hibernate.jpa.internal.EntityManagerImpl@6ee763da]
15:56:21.149 [Test worker] DEBUG o.h.e.t.spi.AbstractTransactionImpl - committing
15:56:21.149 [Test worker] DEBUG o.h.e.t.i.jdbc.JdbcTransaction - committed JDBC Connection
15:56:21.149 [Test worker] DEBUG o.h.e.t.i.jdbc.JdbcTransaction - re-enabling autocommit
15:56:21.149 [Test worker] DEBUG o.s.orm.jpa.JpaTransactionManager - Closing JPA EntityManager [org.hibernate.jpa.internal.EntityManagerImpl@6ee763da] after transaction
15:56:21.149 [Test worker] DEBUG o.s.o.jpa.EntityManagerFactoryUtils - Closing JPA EntityManager
15:56:21.149 [Test worker] DEBUG o.h.e.j.i.LogicalConnectionImpl - Releasing JDBC connection
15:56:21.149 [Test worker] DEBUG o.h.e.j.i.LogicalConnectionImpl - Released JDBC connection
15:56:21.149 [Test worker] DEBUG o.s.orm.jpa.JpaTransactionManager - Creating new transaction with name [org.springframework.data.jpa.repository.support.SimpleJpaRepository.save]: PROPAGATION_REQUIRED,ISOLATION_DEFAULT; ''
15:56:21.149 [Test worker] DEBUG o.s.orm.jpa.JpaTransactionManager - Opened new EntityManager [org.hibernate.jpa.internal.EntityManagerImpl@2bf0ec05] for JPA transaction
15:56:21.149 [Test worker] DEBUG o.h.e.t.spi.AbstractTransactionImpl - begin
15:56:21.149 [Test worker] DEBUG o.h.e.j.i.LogicalConnectionImpl - Obtaining JDBC connection
15:56:21.149 [Test worker] DEBUG o.s.j.d.DriverManagerDataSource - Creating new JDBC DriverManager Connection to [jdbc:mysql://127.0.0.1:3306/wrp3]
15:56:21.152 [Test worker] DEBUG o.h.e.j.i.LogicalConnectionImpl - Obtained JDBC connection
15:56:21.152 [Test worker] DEBUG o.h.e.t.i.jdbc.JdbcTransaction - initial autocommit status: true
15:56:21.152 [Test worker] DEBUG o.h.e.t.i.jdbc.JdbcTransaction - disabling autocommit
15:56:21.152 [Test worker] DEBUG o.s.orm.jpa.JpaTransactionManager - Exposing JPA transaction as JDBC transaction [org.springframework.orm.jpa.vendor.HibernateJpaDialect$HibernateConnectionHandle@357f6366]
15:56:21.152 [Test worker] DEBUG org.hibernate.loader.Loader - Loading entity: [sciConsole.domain.User#39]
15:56:21.152 [Test worker] DEBUG org.hibernate.SQL - select user0_.id as id1_8_1_, user0_.login as login2_8_1_, user0_.password as password3_8_1_, user0_1_.role_id as role_id1_7_1_, role1_.id as id1_4_0_, role1_.role as role2_4_0_ from users user0_ left outer join user_roles user0_1_ on user0_.id=user0_1_.user_id left outer join roles role1_ on user0_1_.role_id=role1_.id where user0_.id=?
15:56:21.152 [Test worker] DEBUG org.hibernate.loader.Loader - Done entity load
15:56:21.152 [Test worker] DEBUG org.hibernate.loader.Loader - Loading entity: [sciConsole.domain.Role#2]
15:56:21.152 [Test worker] DEBUG org.hibernate.SQL - select role0_.id as id1_4_1_, role0_.role as role2_4_1_, userroles1_.role_id as role_id1_4_3_, user2_.id as user_id2_7_3_, user2_.id as id1_8_0_, user2_.login as login2_8_0_, user2_.password as password3_8_0_, user2_1_.role_id as role_id1_7_0_ from roles role0_ left outer join user_roles userroles1_ on role0_.id=userroles1_.role_id left outer join users user2_ on userroles1_.user_id=user2_.id left outer join user_roles user2_1_ on user2_.id=user2_1_.user_id where role0_.id=?
15:56:21.154 [Test worker] DEBUG o.h.e.l.i.CollectionLoadContext - No collections were found in result set for role: sciConsole.domain.Role.userRoles
15:56:21.154 [Test worker] DEBUG org.hibernate.loader.Loader - Done entity load
15:56:21.154 [Test worker] DEBUG o.h.e.i.AbstractSaveEventListener - Generated identifier: 2, using strategy: org.hibernate.id.Assigned
15:56:21.154 [Test worker] DEBUG org.hibernate.SQL - insert into roles (role, id) values (?, ?)
15:56:21.155 [Test worker] DEBUG org.hibernate.engine.spi.ActionQueue - Executing identity-insert immediately
15:56:21.155 [Test worker] DEBUG org.hibernate.SQL - insert into users (login, password) values (?, ?)
15:56:21.156 [Test worker] DEBUG o.h.id.IdentifierGeneratorHelper - Natively generated identity: 41
15:56:21.156 [Test worker] DEBUG org.hibernate.SQL - insert into user_roles (role_id, user_id) values (?, ?)
15:56:21.156 [Test worker] DEBUG org.hibernate.loader.Loader - Loading entity: [sciConsole.domain.User#40]
15:56:21.156 [Test worker] DEBUG org.hibernate.SQL - select user0_.id as id1_8_1_, user0_.login as login2_8_1_, user0_.password as password3_8_1_, user0_1_.role_id as role_id1_7_1_, role1_.id as id1_4_0_, role1_.role as role2_4_0_ from users user0_ left outer join user_roles user0_1_ on user0_.id=user0_1_.user_id left outer join roles role1_ on user0_1_.role_id=role1_.id where user0_.id=?
15:56:21.157 [Test worker] DEBUG org.hibernate.loader.Loader - Done entity load
15:56:21.157 [Test worker] DEBUG org.hibernate.loader.Loader - Loading entity: [sciConsole.domain.Role#1]
15:56:21.157 [Test worker] DEBUG org.hibernate.SQL - select role0_.id as id1_4_1_, role0_.role as role2_4_1_, userroles1_.role_id as role_id1_4_3_, user2_.id as user_id2_7_3_, user2_.id as id1_8_0_, user2_.login as login2_8_0_, user2_.password as password3_8_0_, user2_1_.role_id as role_id1_7_0_ from roles role0_ left outer join user_roles userroles1_ on role0_.id=userroles1_.role_id left outer join users user2_ on userroles1_.user_id=user2_.id left outer join user_roles user2_1_ on user2_.id=user2_1_.user_id where role0_.id=?
15:56:21.157 [Test worker] DEBUG o.h.e.l.i.CollectionLoadContext - No collections were found in result set for role: sciConsole.domain.Role.userRoles
15:56:21.157 [Test worker] DEBUG org.hibernate.loader.Loader - Done entity load
15:56:21.158 [Test worker] DEBUG o.h.e.i.AbstractSaveEventListener - Generated identifier: 1, using strategy: org.hibernate.id.Assigned
15:56:21.158 [Test worker] DEBUG org.hibernate.SQL - insert into roles (role, id) values (?, ?)
15:56:21.158 [Test worker] DEBUG org.hibernate.engine.spi.ActionQueue - Executing identity-insert immediately
15:56:21.158 [Test worker] DEBUG org.hibernate.SQL - insert into users (login, password) values (?, ?)
15:56:21.159 [Test worker] DEBUG o.h.id.IdentifierGeneratorHelper - Natively generated identity: 42
15:56:21.159 [Test worker] DEBUG org.hibernate.SQL - insert into user_roles (role_id, user_id) values (?, ?)
15:56:21.159 [Test worker] DEBUG o.s.orm.jpa.JpaTransactionManager - Initiating transaction commit
15:56:21.159 [Test worker] DEBUG o.s.orm.jpa.JpaTransactionManager - Committing JPA transaction on EntityManager [org.hibernate.jpa.internal.EntityManagerImpl@2bf0ec05]
15:56:21.159 [Test worker] DEBUG o.h.e.t.spi.AbstractTransactionImpl - committing
15:56:21.159 [Test worker] DEBUG o.h.e.i.AbstractFlushingEventListener - Processing flush-time cascades
15:56:21.159 [Test worker] DEBUG o.h.e.i.AbstractFlushingEventListener - Dirty checking collections
15:56:21.160 [Test worker] DEBUG o.h.e.i.AbstractFlushingEventListener - Flushed: 0 insertions, 0 updates, 0 deletions to 4 objects
15:56:21.160 [Test worker] DEBUG o.h.e.i.AbstractFlushingEventListener - Flushed: 0 (re)creations, 0 updates, 0 removals to 0 collections
15:56:21.160 [Test worker] DEBUG o.h.internal.util.EntityPrinter - Listing entities:
15:56:21.160 [Test worker] DEBUG o.h.internal.util.EntityPrinter - sciConsole.domain.User{password=$2a$10$sbTqPCC0wB2c4IE5Y5RCdeWLIvtjAKEHFzHluAg7LiqkSdZNujJn2, role=sciConsole.domain.Role#2, id=41, login=Alice}
15:56:21.160 [Test worker] DEBUG o.h.internal.util.EntityPrinter - sciConsole.domain.Role{userRoles=null, role=MANAGER, id=1}
15:56:21.160 [Test worker] DEBUG o.h.internal.util.EntityPrinter - sciConsole.domain.Role{userRoles=null, role=DEVELOPER, id=2}
15:56:21.160 [Test worker] DEBUG o.h.internal.util.EntityPrinter - sciConsole.domain.User{password=$2a$10$UQ/jCMwn14H5VdHO4or0L.xvlGoplsSsRXHjXdbYij9UEArHJzsE2, role=sciConsole.domain.Role#1, id=42, login=Bob}
15:56:21.162 [Test worker] DEBUG o.h.e.t.i.jdbc.JdbcTransaction - committed JDBC Connection
15:56:21.162 [Test worker] DEBUG o.h.e.t.i.jdbc.JdbcTransaction - re-enabling autocommit
15:56:21.163 [Test worker] DEBUG o.s.orm.jpa.JpaTransactionManager - Closing JPA EntityManager [org.hibernate.jpa.internal.EntityManagerImpl@2bf0ec05] after transaction
15:56:21.163 [Test worker] DEBUG o.s.o.jpa.EntityManagerFactoryUtils - Closing JPA EntityManager
15:56:21.163 [Test worker] DEBUG o.h.e.j.internal.JdbcCoordinatorImpl - HHH000420: Closing un-released batch
15:56:21.163 [Test worker] DEBUG o.h.e.j.i.LogicalConnectionImpl - Releasing JDBC connection
15:56:21.163 [Test worker] DEBUG o.h.e.j.i.LogicalConnectionImpl - Released JDBC connection
15:56:21.163 [Test worker] DEBUG o.s.orm.jpa.JpaTransactionManager - Creating new transaction with name [org.springframework.data.jpa.repository.support.SimpleJpaRepository.save]: PROPAGATION_REQUIRED,ISOLATION_DEFAULT; ''
15:56:21.163 [Test worker] DEBUG o.s.orm.jpa.JpaTransactionManager - Opened new EntityManager [org.hibernate.jpa.internal.EntityManagerImpl@1ee49017] for JPA transaction
15:56:21.163 [Test worker] DEBUG o.h.e.t.spi.AbstractTransactionImpl - begin
15:56:21.163 [Test worker] DEBUG o.h.e.j.i.LogicalConnectionImpl - Obtaining JDBC connection
15:56:21.163 [Test worker] DEBUG o.s.j.d.DriverManagerDataSource - Creating new JDBC DriverManager Connection to [jdbc:mysql://127.0.0.1:3306/wrp3]
15:56:21.166 [Test worker] DEBUG o.h.e.j.i.LogicalConnectionImpl - Obtained JDBC connection
15:56:21.166 [Test worker] DEBUG o.h.e.t.i.jdbc.JdbcTransaction - initial autocommit status: true
15:56:21.166 [Test worker] DEBUG o.h.e.t.i.jdbc.JdbcTransaction - disabling autocommit
15:56:21.166 [Test worker] DEBUG o.s.orm.jpa.JpaTransactionManager - Exposing JPA transaction as JDBC transaction [org.springframework.orm.jpa.vendor.HibernateJpaDialect$HibernateConnectionHandle@44903487]
15:56:21.166 [Test worker] DEBUG org.hibernate.loader.Loader - Loading entity: [sciConsole.domain.Role#1]
15:56:21.167 [Test worker] DEBUG org.hibernate.SQL - select role0_.id as id1_4_1_, role0_.role as role2_4_1_, userroles1_.role_id as role_id1_4_3_, user2_.id as user_id2_7_3_, user2_.id as id1_8_0_, user2_.login as login2_8_0_, user2_.password as password3_8_0_, user2_1_.role_id as role_id1_7_0_ from roles role0_ left outer join user_roles userroles1_ on role0_.id=userroles1_.role_id left outer join users user2_ on userroles1_.user_id=user2_.id left outer join user_roles user2_1_ on user2_.id=user2_1_.user_id where role0_.id=?
15:56:21.167 [Test worker] DEBUG org.hibernate.loader.Loader - Result set row: 0
15:56:21.167 [Test worker] DEBUG org.hibernate.loader.Loader - Result row: EntityKey[sciConsole.domain.User#42], EntityKey[sciConsole.domain.Role#1]
15:56:21.167 [Test worker] DEBUG org.hibernate.loader.Loader - Found row of collection: [sciConsole.domain.Role.userRoles#1]
15:56:21.167 [Test worker] DEBUG o.h.engine.internal.TwoPhaseLoad - Resolving associations for [sciConsole.domain.User#42]
15:56:21.168 [Test worker] DEBUG o.h.engine.internal.TwoPhaseLoad - Done materializing entity [sciConsole.domain.User#42]
15:56:21.168 [Test worker] DEBUG o.h.engine.internal.TwoPhaseLoad - Resolving associations for [sciConsole.domain.Role#1]
15:56:21.168 [Test worker] DEBUG o.h.engine.internal.TwoPhaseLoad - Done materializing entity [sciConsole.domain.Role#1]
15:56:21.168 [Test worker] DEBUG o.h.e.l.i.CollectionLoadContext - 1 collections were found in result set for role: sciConsole.domain.Role.userRoles
15:56:21.168 [Test worker] DEBUG o.h.e.l.i.CollectionLoadContext - Collection fully initialized: [sciConsole.domain.Role.userRoles#1]
15:56:21.168 [Test worker] DEBUG o.h.e.l.i.CollectionLoadContext - 1 collections initialized for role: sciConsole.domain.Role.userRoles
15:56:21.168 [Test worker] DEBUG org.hibernate.loader.Loader - Done entity load
15:56:21.168 [Test worker] DEBUG org.hibernate.loader.Loader - Loading entity: [sciConsole.domain.Role#2]
15:56:21.168 [Test worker] DEBUG org.hibernate.SQL - select role0_.id as id1_4_1_, role0_.role as role2_4_1_, userroles1_.role_id as role_id1_4_3_, user2_.id as user_id2_7_3_, user2_.id as id1_8_0_, user2_.login as login2_8_0_, user2_.password as password3_8_0_, user2_1_.role_id as role_id1_7_0_ from roles role0_ left outer join user_roles userroles1_ on role0_.id=userroles1_.role_id left outer join users user2_ on userroles1_.user_id=user2_.id left outer join user_roles user2_1_ on user2_.id=user2_1_.user_id where role0_.id=?
15:56:21.169 [Test worker] DEBUG org.hibernate.loader.Loader - Result set row: 0
15:56:21.169 [Test worker] DEBUG org.hibernate.loader.Loader - Result row: EntityKey[sciConsole.domain.User#41], EntityKey[sciConsole.domain.Role#2]
15:56:21.169 [Test worker] DEBUG org.hibernate.loader.Loader - Found row of collection: [sciConsole.domain.Role.userRoles#2]
15:56:21.169 [Test worker] DEBUG o.h.engine.internal.TwoPhaseLoad - Resolving associations for [sciConsole.domain.User#41]
15:56:21.169 [Test worker] DEBUG o.h.engine.internal.TwoPhaseLoad - Done materializing entity [sciConsole.domain.User#41]
15:56:21.169 [Test worker] DEBUG o.h.engine.internal.TwoPhaseLoad - Resolving associations for [sciConsole.domain.Role#2]
15:56:21.169 [Test worker] DEBUG o.h.engine.internal.TwoPhaseLoad - Done materializing entity [sciConsole.domain.Role#2]
15:56:21.169 [Test worker] DEBUG o.h.e.l.i.CollectionLoadContext - 1 collections were found in result set for role: sciConsole.domain.Role.userRoles
15:56:21.169 [Test worker] DEBUG o.h.e.l.i.CollectionLoadContext - Collection fully initialized: [sciConsole.domain.Role.userRoles#2]
15:56:21.169 [Test worker] DEBUG o.h.e.l.i.CollectionLoadContext - 1 collections initialized for role: sciConsole.domain.Role.userRoles
15:56:21.169 [Test worker] DEBUG org.hibernate.loader.Loader - Done entity load
15:56:21.170 [Test worker] DEBUG o.s.orm.jpa.JpaTransactionManager - Initiating transaction commit
15:56:21.170 [Test worker] DEBUG o.s.orm.jpa.JpaTransactionManager - Committing JPA transaction on EntityManager [org.hibernate.jpa.internal.EntityManagerImpl@1ee49017]
15:56:21.170 [Test worker] DEBUG o.h.e.t.spi.AbstractTransactionImpl - committing
15:56:21.170 [Test worker] DEBUG o.h.e.i.AbstractFlushingEventListener - Processing flush-time cascades
15:56:21.170 [Test worker] DEBUG o.h.e.i.AbstractFlushingEventListener - Dirty checking collections
15:56:21.170 [Test worker] DEBUG o.h.engine.internal.Collections - Collection found: [sciConsole.domain.Role.userRoles#1], was: [sciConsole.domain.Role.userRoles#1] (initialized)
15:56:21.170 [Test worker] DEBUG o.h.engine.internal.Collections - Collection found: [sciConsole.domain.Role.userRoles#2], was: [sciConsole.domain.Role.userRoles#2] (initialized)
15:56:21.170 [Test worker] DEBUG o.h.e.i.AbstractFlushingEventListener - Flushed: 0 insertions, 0 updates, 0 deletions to 4 objects
15:56:21.170 [Test worker] DEBUG o.h.e.i.AbstractFlushingEventListener - Flushed: 0 (re)creations, 0 updates, 0 removals to 2 collections
15:56:21.170 [Test worker] DEBUG o.h.internal.util.EntityPrinter - Listing entities:
15:56:21.170 [Test worker] DEBUG o.h.internal.util.EntityPrinter - sciConsole.domain.Role{userRoles=[sciConsole.domain.User#42], role=MANAGER, id=1}
15:56:21.170 [Test worker] DEBUG o.h.internal.util.EntityPrinter - sciConsole.domain.User{password=$2a$10$sbTqPCC0wB2c4IE5Y5RCdeWLIvtjAKEHFzHluAg7LiqkSdZNujJn2, role=sciConsole.domain.Role#2, id=41, login=Alice}
15:56:21.170 [Test worker] DEBUG o.h.internal.util.EntityPrinter - sciConsole.domain.User{password=$2a$10$UQ/jCMwn14H5VdHO4or0L.xvlGoplsSsRXHjXdbYij9UEArHJzsE2, role=sciConsole.domain.Role#1, id=42, login=Bob}
15:56:21.170 [Test worker] DEBUG o.h.internal.util.EntityPrinter - sciConsole.domain.Role{userRoles=[sciConsole.domain.User#41], role=DEVELOPER, id=2}
15:56:21.171 [Test worker] DEBUG o.h.e.t.i.jdbc.JdbcTransaction - committed JDBC Connection
15:56:21.171 [Test worker] DEBUG o.h.e.t.i.jdbc.JdbcTransaction - re-enabling autocommit
15:56:21.171 [Test worker] DEBUG o.s.orm.jpa.JpaTransactionManager - Closing JPA EntityManager [org.hibernate.jpa.internal.EntityManagerImpl@1ee49017] after transaction
15:56:21.171 [Test worker] DEBUG o.s.o.jpa.EntityManagerFactoryUtils - Closing JPA EntityManager
15:56:21.171 [Test worker] DEBUG o.h.e.j.i.LogicalConnectionImpl - Releasing JDBC connection
15:56:21.171 [Test worker] DEBUG o.h.e.j.i.LogicalConnectionImpl - Released JDBC connection
15:56:21.171 [Test worker] DEBUG o.s.t.c.s.AbstractDirtiesContextTestExecutionListener - After test class: context [DefaultTestContext@38ad46b6 testClass = CompleteChangeRequestStepDefs, testInstance = [null], testMethod = [null], testException = [null], mergedContextConfiguration = [WebMergedContextConfiguration@4ddfbe10 testClass = CompleteChangeRequestStepDefs, locations = '{}', classes = '{class sciConsole.SciConsoleApplication, class sciConsole.controller.SessionController, class sciConsole.controller.AccountController, class sciConsole.controller.ChangeRequestController, class sciConsole.SecurityConfig, class sciConsole.WebConfig}', contextInitializerClasses = '[]', activeProfiles = '{}', propertySourceLocations = '{}', propertySourceProperties = '{}', resourceBasePath = 'src/main/webapp', contextLoader = 'org.springframework.test.context.web.WebDelegatingSmartContextLoader', parent = [null]]], class annotated with @DirtiesContext [false] with mode [null].
15:56:21.234 [Test worker] DEBUG o.s.o.j.SharedEntityManagerCreator$SharedEntityManagerInvocationHandler - Creating new EntityManager for shared EntityManager invocation
15:56:21.234 [Test worker] DEBUG o.h.jpa.criteria.CriteriaQueryImpl - Rendered criteria query -> select generatedAlias0 from Ver as generatedAlias0 where generatedAlias0.name=:param0
15:56:21.234 [Test worker] DEBUG org.hibernate.SQL - select ver0_.version_id as version_1_9_, ver0_.created_by as created_2_9_, ver0_.date_created as date_cre3_9_, ver0_.name as name4_9_, ver0_.sci_id as sci_id5_9_, ver0_.status as status6_9_, ver0_.ver_desc as ver_desc7_9_ from version ver0_ where ver0_.name=?
15:56:21.235 [Test worker] DEBUG o.h.e.j.i.LogicalConnectionImpl - Obtaining JDBC connection
15:56:21.235 [Test worker] DEBUG o.s.j.d.DriverManagerDataSource - Creating new JDBC DriverManager Connection to [jdbc:mysql://127.0.0.1:3306/wrp3]
15:56:21.238 [Test worker] DEBUG o.h.e.j.i.LogicalConnectionImpl - Obtained JDBC connection
15:56:21.238 [Test worker] DEBUG org.hibernate.loader.Loader - Result set row: 0
15:56:21.238 [Test worker] DEBUG org.hibernate.loader.Loader - Result row: EntityKey[sciConsole.domain.Ver#1]
15:56:21.239 [Test worker] DEBUG o.h.engine.internal.TwoPhaseLoad - Resolving associations for [sciConsole.domain.Ver#1]
15:56:21.239 [Test worker] DEBUG o.h.engine.internal.TwoPhaseLoad - Done materializing entity [sciConsole.domain.Ver#1]
15:56:21.239 [Test worker] DEBUG o.s.o.jpa.EntityManagerFactoryUtils - Closing JPA EntityManager
15:56:21.239 [Test worker] DEBUG o.h.e.j.i.LogicalConnectionImpl - Releasing JDBC connection
15:56:21.239 [Test worker] DEBUG o.h.e.j.i.LogicalConnectionImpl - Released JDBC connection

  Background:                      ?[90m# RequestChange.feature:6?[0m
    ?[32mGiven ?[0m?[32ma SCI "?[0m?[32m?[1mSCI_1?[0m?[32m"?[0m            ?[90m# RequestChangeStepDefs.a_SCI(String)?[0m
    ?[32mAnd ?[0m?[32ma head version "?[0m?[32m?[1mversion_2?[0m?[32m"?[0m ?[90m# RequestChangeStepDefs.a_head_version(String)?[0m
15:56:21.243 [Test worker] DEBUG o.s.t.w.s.TestDispatcherServlet - DispatcherServlet with name '' processing GET request for [/newChange]
15:56:21.243 [Test worker] DEBUG o.s.w.s.m.m.a.RequestMappingHandlerMapping - Looking up handler method for path /newChange
15:56:21.243 [Test worker] DEBUG o.s.w.s.m.m.a.RequestMappingHandlerMapping - Returning handler method [public org.springframework.web.servlet.ModelAndView sciConsole.controller.ChangeRequestController.newChange(javax.servlet.http.HttpServletRequest,java.lang.String,java.lang.String,java.lang.String,java.lang.String,java.lang.Integer,org.springframework.ui.Model)]
15:56:21.243 [Test worker] DEBUG o.s.b.f.s.DefaultListableBeanFactory - Returning cached instance of singleton bean 'changeRequestController'
15:56:21.243 [Test worker] DEBUG o.s.t.w.s.TestDispatcherServlet - Last-Modified value for [/newChange] is: -1
15:56:21.243 [Test worker] DEBUG o.s.o.j.s.OpenEntityManagerInViewInterceptor - Opening JPA EntityManager in OpenEntityManagerInViewInterceptor
15:56:21.244 [Test worker] DEBUG o.h.jpa.criteria.CriteriaQueryImpl - Rendered criteria query -> select generatedAlias0 from User as generatedAlias0 where generatedAlias0.login=:param0
15:56:21.244 [Test worker] DEBUG org.hibernate.SQL - select user0_.id as id1_8_, user0_.login as login2_8_, user0_.password as password3_8_, user0_1_.role_id as role_id1_7_ from users user0_ left outer join user_roles user0_1_ on user0_.id=user0_1_.user_id where user0_.login=?
15:56:21.244 [Test worker] DEBUG o.h.e.j.i.LogicalConnectionImpl - Obtaining JDBC connection
15:56:21.244 [Test worker] DEBUG o.s.j.d.DriverManagerDataSource - Creating new JDBC DriverManager Connection to [jdbc:mysql://127.0.0.1:3306/wrp3]
15:56:21.247 [Test worker] DEBUG o.h.e.j.i.LogicalConnectionImpl - Obtained JDBC connection
15:56:21.248 [Test worker] DEBUG org.hibernate.loader.Loader - Result set row: 0
15:56:21.248 [Test worker] DEBUG org.hibernate.loader.Loader - Result row: EntityKey[sciConsole.domain.User#42]
15:56:21.248 [Test worker] DEBUG o.h.engine.internal.TwoPhaseLoad - Resolving associations for [sciConsole.domain.User#42]
15:56:21.248 [Test worker] DEBUG org.hibernate.SQL - select role0_.id as id1_4_0_, role0_.role as role2_4_0_ from roles role0_ where role0_.id=?
15:56:21.248 [Test worker] DEBUG o.h.l.p.e.p.i.ResultSetProcessorImpl - Starting ResultSet row #0
15:56:21.248 [Test worker] DEBUG o.h.l.p.e.p.i.EntityReferenceInitializerImpl - On call to EntityIdentifierReaderImpl#resolve, EntityKey was already known; should only happen on root returns with an optional identifier specified
15:56:21.248 [Test worker] DEBUG o.h.engine.internal.TwoPhaseLoad - Resolving associations for [sciConsole.domain.Role#1]
15:56:21.249 [Test worker] DEBUG o.h.engine.internal.TwoPhaseLoad - Done materializing entity [sciConsole.domain.Role#1]
15:56:21.249 [Test worker] DEBUG o.h.l.e.p.AbstractLoadPlanBasedEntityLoader - Done entity load : sciConsole.domain.Role#1
15:56:21.249 [Test worker] DEBUG o.h.engine.internal.TwoPhaseLoad - Done materializing entity [sciConsole.domain.User#42]
15:56:21.249 [Test worker] DEBUG o.h.jpa.criteria.CriteriaQueryImpl - Rendered criteria query -> select generatedAlias0 from Sci as generatedAlias0 where generatedAlias0.name=:param0
15:56:21.249 [Test worker] DEBUG org.hibernate.SQL - select sci0_.sci_id as sci_id1_5_, sci0_.name as name2_5_, sci0_.sci_desc as sci_desc3_5_ from sci sci0_ where sci0_.name=?
15:56:21.250 [Test worker] DEBUG org.hibernate.loader.Loader - Result set row: 0
15:56:21.250 [Test worker] DEBUG org.hibernate.loader.Loader - Result row: EntityKey[sciConsole.domain.Sci#1]
15:56:21.250 [Test worker] DEBUG o.h.engine.internal.TwoPhaseLoad - Resolving associations for [sciConsole.domain.Sci#1]
15:56:21.250 [Test worker] DEBUG o.h.engine.internal.TwoPhaseLoad - Done materializing entity [sciConsole.domain.Sci#1]
15:56:21.250 [Test worker] DEBUG o.h.jpa.criteria.CriteriaQueryImpl - Rendered criteria query -> select generatedAlias0 from Ver as generatedAlias0 where ( generatedAlias0.sciId=:param0 ) and ( generatedAlias0.name=:param1 )
15:56:21.250 [Test worker] DEBUG org.hibernate.SQL - select ver0_.version_id as version_1_9_, ver0_.created_by as created_2_9_, ver0_.date_created as date_cre3_9_, ver0_.name as name4_9_, ver0_.sci_id as sci_id5_9_, ver0_.status as status6_9_, ver0_.ver_desc as ver_desc7_9_ from version ver0_ where ver0_.sci_id=? and ver0_.name=?
15:56:21.251 [Test worker] DEBUG org.hibernate.loader.Loader - Result set row: 0
15:56:21.251 [Test worker] DEBUG org.hibernate.loader.Loader - Result row: EntityKey[sciConsole.domain.Ver#1]
15:56:21.251 [Test worker] DEBUG o.h.engine.internal.TwoPhaseLoad - Resolving associations for [sciConsole.domain.Ver#1]
15:56:21.251 [Test worker] DEBUG o.h.engine.internal.TwoPhaseLoad - Done materializing entity [sciConsole.domain.Ver#1]
15:56:21.251 [Test worker] DEBUG o.s.orm.jpa.JpaTransactionManager - Found thread-bound EntityManager [org.hibernate.jpa.internal.EntityManagerImpl@60f9eb31] for JPA transaction
15:56:21.251 [Test worker] DEBUG o.s.orm.jpa.JpaTransactionManager - Creating new transaction with name [org.springframework.data.jpa.repository.support.SimpleJpaRepository.save]: PROPAGATION_REQUIRED,ISOLATION_DEFAULT; ''
15:56:21.251 [Test worker] DEBUG o.h.e.t.spi.AbstractTransactionImpl - begin
15:56:21.251 [Test worker] DEBUG o.h.e.t.i.jdbc.JdbcTransaction - initial autocommit status: true
15:56:21.251 [Test worker] DEBUG o.h.e.t.i.jdbc.JdbcTransaction - disabling autocommit
15:56:21.252 [Test worker] DEBUG o.s.orm.jpa.JpaTransactionManager - Exposing JPA transaction as JDBC transaction [org.springframework.orm.jpa.vendor.HibernateJpaDialect$HibernateConnectionHandle@5a0b6dbe]
15:56:21.252 [Test worker] DEBUG org.hibernate.engine.spi.ActionQueue - Executing identity-insert immediately
15:56:21.252 [Test worker] DEBUG org.hibernate.SQL - insert into request (assign_to, created_by, date_created, date_complete, due_date, priority, reject_reason, req_desc, req_solution, sci_id, status, assigned_to, version_id) values (?, ?, ?, ?, ?, ?, ?, ?, ?, ?, ?, ?, ?)
15:56:21.253 [Test worker] DEBUG o.h.id.IdentifierGeneratorHelper - Natively generated identity: 12
15:56:21.253 [Test worker] DEBUG o.s.orm.jpa.JpaTransactionManager - Initiating transaction commit
15:56:21.253 [Test worker] DEBUG o.s.orm.jpa.JpaTransactionManager - Committing JPA transaction on EntityManager [org.hibernate.jpa.internal.EntityManagerImpl@60f9eb31]
15:56:21.253 [Test worker] DEBUG o.h.e.t.spi.AbstractTransactionImpl - committing
15:56:21.253 [Test worker] DEBUG o.h.e.i.AbstractFlushingEventListener - Processing flush-time cascades
15:56:21.253 [Test worker] DEBUG o.h.e.i.AbstractFlushingEventListener - Dirty checking collections
15:56:21.253 [Test worker] DEBUG o.h.engine.internal.Collections - Collection found: [sciConsole.domain.Role.userRoles#1], was: [sciConsole.domain.Role.userRoles#1] (uninitialized)
15:56:21.253 [Test worker] DEBUG o.h.engine.internal.Collections - Collection found: [sciConsole.domain.Sci.versions#1], was: [sciConsole.domain.Sci.versions#1] (uninitialized)
15:56:21.253 [Test worker] DEBUG o.h.e.i.AbstractFlushingEventListener - Flushed: 0 insertions, 0 updates, 0 deletions to 5 objects
15:56:21.253 [Test worker] DEBUG o.h.e.i.AbstractFlushingEventListener - Flushed: 0 (re)creations, 0 updates, 0 removals to 2 collections
15:56:21.253 [Test worker] DEBUG o.h.internal.util.EntityPrinter - Listing entities:
15:56:21.253 [Test worker] DEBUG o.h.internal.util.EntityPrinter - sciConsole.domain.Request{date=Mon Jan 11 15:56:21 GMT 2016, dueDate=Mon Jan 25 15:56:21 GMT 2016, priority=null, type=0, versionId=1, rejectReason=null, createdBy=42, dateComplete=null, reqDesc=Fault, sciId=1, reqSolution=Missing dependency, id=12, assignTo=null, status=0}
15:56:21.254 [Test worker] DEBUG o.h.internal.util.EntityPrinter - sciConsole.domain.Role{userRoles=<uninitialized>, role=MANAGER, id=1}
15:56:21.254 [Test worker] DEBUG o.h.internal.util.EntityPrinter - sciConsole.domain.Sci{versions=<uninitialized>, name=SCI_1, id=1, sciDesc=This is a test SCI entry}
15:56:21.254 [Test worker] DEBUG o.h.internal.util.EntityPrinter - sciConsole.domain.Ver{date=2016-01-11 15:54:44.0, createdBy=2, sciId=1, name=version_2, id=1, verDesc=This is a test version entry, status=1}
15:56:21.254 [Test worker] DEBUG o.h.internal.util.EntityPrinter - sciConsole.domain.User{password=$2a$10$UQ/jCMwn14H5VdHO4or0L.xvlGoplsSsRXHjXdbYij9UEArHJzsE2, role=sciConsole.domain.Role#1, id=42, login=Bob}
15:56:21.257 [Test worker] DEBUG o.h.e.t.i.jdbc.JdbcTransaction - committed JDBC Connection
15:56:21.257 [Test worker] DEBUG o.h.e.t.i.jdbc.JdbcTransaction - re-enabling autocommit
15:56:21.257 [Test worker] DEBUG o.s.orm.jpa.JpaTransactionManager - Not closing pre-bound JPA EntityManager after transaction
15:56:21.257 [Test worker] DEBUG o.h.jpa.criteria.CriteriaQueryImpl - Rendered criteria query -> select generatedAlias0 from Sci as generatedAlias0 where generatedAlias0.id=:param0
15:56:21.258 [Test worker] DEBUG org.hibernate.SQL - select sci0_.sci_id as sci_id1_5_, sci0_.name as name2_5_, sci0_.sci_desc as sci_desc3_5_ from sci sci0_ where sci0_.sci_id=?
15:56:21.258 [Test worker] DEBUG org.hibernate.loader.Loader - Result set row: 0
15:56:21.258 [Test worker] DEBUG org.hibernate.loader.Loader - Result row: EntityKey[sciConsole.domain.Sci#1]
15:56:21.258 [Test worker] DEBUG o.s.t.w.s.TestDispatcherServlet - Rendering view [org.springframework.web.servlet.view.JstlView: name 'new-change-request'; URL [/WEB-INF/views/new-change-request.jsp]] in DispatcherServlet with name ''
15:56:21.258 [Test worker] DEBUG o.s.web.servlet.view.JstlView - Added model object 'sciid' of type [java.lang.Integer] to request in view with name 'new-change-request'
15:56:21.258 [Test worker] DEBUG o.s.web.servlet.view.JstlView - Added model object 'versionid' of type [java.lang.Integer] to request in view with name 'new-change-request'
15:56:21.258 [Test worker] DEBUG o.s.web.servlet.view.JstlView - Added model object 'description' of type [java.lang.String] to request in view with name 'new-change-request'
15:56:21.258 [Test worker] DEBUG o.s.web.servlet.view.JstlView - Added model object 'solution' of type [java.lang.String] to request in view with name 'new-change-request'
15:56:21.258 [Test worker] DEBUG o.s.web.servlet.view.JstlView - Added model object 'type' of type [java.lang.Integer] to request in view with name 'new-change-request'
15:56:21.258 [Test worker] DEBUG o.s.web.servlet.view.JstlView - Added model object 'createdby' of type [java.lang.Integer] to request in view with name 'new-change-request'
15:56:21.258 [Test worker] DEBUG o.s.web.servlet.view.JstlView - Added model object 'duedate' of type [java.util.Date] to request in view with name 'new-change-request'
15:56:21.258 [Test worker] DEBUG o.s.web.servlet.view.JstlView - Added model object 'sciname' of type [java.lang.String] to request in view with name 'new-change-request'
15:56:21.258 [Test worker] DEBUG o.s.web.servlet.view.JstlView - Added model object 'vername' of type [java.lang.String] to request in view with name 'new-change-request'
15:56:21.258 [Test worker] DEBUG o.s.web.servlet.view.JstlView - Added model object 'req' of type [sciConsole.domain.Request] to request in view with name 'new-change-request'
15:56:21.258 [Test worker] DEBUG o.s.web.servlet.view.JstlView - Added model object 'org.springframework.validation.BindingResult.req' of type [org.springframework.validation.BeanPropertyBindingResult] to request in view with name 'new-change-request'
15:56:21.258 [Test worker] DEBUG o.s.b.f.s.DefaultListableBeanFactory - Returning cached instance of singleton bean 'requestDataValueProcessor'
15:56:21.259 [Test worker] DEBUG o.s.web.servlet.view.JstlView - Forwarding to resource [/WEB-INF/views/new-change-request.jsp] in InternalResourceView 'new-change-request'
15:56:21.259 [Test worker] DEBUG o.s.mock.web.MockRequestDispatcher - MockRequestDispatcher: forwarding to [/WEB-INF/views/new-change-request.jsp]
15:56:21.259 [Test worker] DEBUG o.s.o.j.s.OpenEntityManagerInViewInterceptor - Closing JPA EntityManager in OpenEntityManagerInViewInterceptor
15:56:21.259 [Test worker] DEBUG o.s.o.jpa.EntityManagerFactoryUtils - Closing JPA EntityManager
15:56:21.259 [Test worker] DEBUG o.h.e.j.i.LogicalConnectionImpl - Releasing JDBC connection
15:56:21.259 [Test worker] DEBUG o.h.e.j.i.LogicalConnectionImpl - Released JDBC connection
15:56:21.259 [Test worker] DEBUG o.s.t.w.s.TestDispatcherServlet - Successfully completed request
15:56:21.260 [Test worker] DEBUG o.s.orm.jpa.JpaTransactionManager - Creating new transaction with name [org.springframework.data.jpa.repository.support.SimpleJpaRepository.deleteAll]: PROPAGATION_REQUIRED,ISOLATION_DEFAULT; ''
15:56:21.260 [Test worker] DEBUG o.s.orm.jpa.JpaTransactionManager - Opened new EntityManager [org.hibernate.jpa.internal.EntityManagerImpl@1d276af7] for JPA transaction
15:56:21.260 [Test worker] DEBUG o.h.e.t.spi.AbstractTransactionImpl - begin
15:56:21.260 [Test worker] DEBUG o.h.e.j.i.LogicalConnectionImpl - Obtaining JDBC connection
15:56:21.260 [Test worker] DEBUG o.s.j.d.DriverManagerDataSource - Creating new JDBC DriverManager Connection to [jdbc:mysql://127.0.0.1:3306/wrp3]
15:56:21.263 [Test worker] DEBUG o.h.e.j.i.LogicalConnectionImpl - Obtained JDBC connection
15:56:21.263 [Test worker] DEBUG o.h.e.t.i.jdbc.JdbcTransaction - initial autocommit status: true
15:56:21.263 [Test worker] DEBUG o.h.e.t.i.jdbc.JdbcTransaction - disabling autocommit
15:56:21.263 [Test worker] DEBUG o.s.orm.jpa.JpaTransactionManager - Exposing JPA transaction as JDBC transaction [org.springframework.orm.jpa.vendor.HibernateJpaDialect$HibernateConnectionHandle@38d6e765]
15:56:21.263 [Test worker] DEBUG o.h.jpa.criteria.CriteriaQueryImpl - Rendered criteria query -> select generatedAlias0 from Request as generatedAlias0
15:56:21.264 [Test worker] DEBUG org.hibernate.SQL - select request0_.request_id as request_1_3_, request0_.assign_to as assign_t2_3_, request0_.created_by as created_3_3_, request0_.date_created as date_cre4_3_, request0_.date_complete as date_com5_3_, request0_.due_date as due_date6_3_, request0_.priority as priority7_3_, request0_.reject_reason as reject_r8_3_, request0_.req_desc as req_desc9_3_, request0_.req_solution as req_sol10_3_, request0_.sci_id as sci_id11_3_, request0_.status as status12_3_, request0_.assigned_to as assigne13_3_, request0_.version_id as version14_3_ from request request0_
15:56:21.264 [Test worker] DEBUG org.hibernate.loader.Loader - Result set row: 0
15:56:21.264 [Test worker] DEBUG org.hibernate.loader.Loader - Result row: EntityKey[sciConsole.domain.Request#12]
15:56:21.264 [Test worker] DEBUG o.h.engine.internal.TwoPhaseLoad - Resolving associations for [sciConsole.domain.Request#12]
15:56:21.264 [Test worker] DEBUG o.h.engine.internal.TwoPhaseLoad - Done materializing entity [sciConsole.domain.Request#12]
15:56:21.265 [Test worker] DEBUG o.s.orm.jpa.JpaTransactionManager - Initiating transaction commit
15:56:21.265 [Test worker] DEBUG o.s.orm.jpa.JpaTransactionManager - Committing JPA transaction on EntityManager [org.hibernate.jpa.internal.EntityManagerImpl@1d276af7]
15:56:21.265 [Test worker] DEBUG o.h.e.t.spi.AbstractTransactionImpl - committing
15:56:21.265 [Test worker] DEBUG o.h.e.i.AbstractFlushingEventListener - Processing flush-time cascades
15:56:21.265 [Test worker] DEBUG o.h.e.i.AbstractFlushingEventListener - Dirty checking collections
15:56:21.265 [Test worker] DEBUG o.h.e.i.AbstractFlushingEventListener - Flushed: 0 insertions, 0 updates, 1 deletions to 1 objects
15:56:21.265 [Test worker] DEBUG o.h.e.i.AbstractFlushingEventListener - Flushed: 0 (re)creations, 0 updates, 0 removals to 0 collections
15:56:21.265 [Test worker] DEBUG o.h.internal.util.EntityPrinter - Listing entities:
15:56:21.265 [Test worker] DEBUG o.h.internal.util.EntityPrinter - sciConsole.domain.Request{date=2016-01-11 15:56:21.0, dueDate=2016-01-25 15:56:21.0, priority=null, type=0, versionId=1, rejectReason=null, createdBy=42, dateComplete=null, reqDesc=Fault, sciId=1, reqSolution=Missing dependency, id=12, assignTo=null, status=0}
15:56:21.265 [Test worker] DEBUG org.hibernate.SQL - delete from request where request_id=?
15:56:21.269 [Test worker] DEBUG o.h.e.t.i.jdbc.JdbcTransaction - committed JDBC Connection
15:56:21.269 [Test worker] DEBUG o.h.e.t.i.jdbc.JdbcTransaction - re-enabling autocommit
15:56:21.270 [Test worker] DEBUG o.s.orm.jpa.JpaTransactionManager - Closing JPA EntityManager [org.hibernate.jpa.internal.EntityManagerImpl@1d276af7] after transaction
15:56:21.270 [Test worker] DEBUG o.s.o.jpa.EntityManagerFactoryUtils - Closing JPA EntityManager
15:56:21.270 [Test worker] DEBUG o.h.e.j.internal.JdbcCoordinatorImpl - HHH000420: Closing un-released batch
15:56:21.270 [Test worker] DEBUG o.h.e.j.i.LogicalConnectionImpl - Releasing JDBC connection
15:56:21.270 [Test worker] DEBUG o.h.e.j.i.LogicalConnectionImpl - Released JDBC connection
15:56:21.270 [Test worker] DEBUG o.s.orm.jpa.JpaTransactionManager - Creating new transaction with name [org.springframework.data.jpa.repository.support.SimpleJpaRepository.save]: PROPAGATION_REQUIRED,ISOLATION_DEFAULT; ''
15:56:21.270 [Test worker] DEBUG o.s.orm.jpa.JpaTransactionManager - Opened new EntityManager [org.hibernate.jpa.internal.EntityManagerImpl@42640234] for JPA transaction
15:56:21.270 [Test worker] DEBUG o.h.e.t.spi.AbstractTransactionImpl - begin
15:56:21.270 [Test worker] DEBUG o.h.e.j.i.LogicalConnectionImpl - Obtaining JDBC connection
15:56:21.270 [Test worker] DEBUG o.s.j.d.DriverManagerDataSource - Creating new JDBC DriverManager Connection to [jdbc:mysql://127.0.0.1:3306/wrp3]
15:56:21.273 [Test worker] DEBUG o.h.e.j.i.LogicalConnectionImpl - Obtained JDBC connection
15:56:21.273 [Test worker] DEBUG o.h.e.t.i.jdbc.JdbcTransaction - initial autocommit status: true
15:56:21.273 [Test worker] DEBUG o.h.e.t.i.jdbc.JdbcTransaction - disabling autocommit
15:56:21.273 [Test worker] DEBUG o.s.orm.jpa.JpaTransactionManager - Exposing JPA transaction as JDBC transaction [org.springframework.orm.jpa.vendor.HibernateJpaDialect$HibernateConnectionHandle@192cacc5]
15:56:21.273 [Test worker] DEBUG o.s.orm.jpa.JpaTransactionManager - Initiating transaction commit
15:56:21.273 [Test worker] DEBUG o.s.orm.jpa.JpaTransactionManager - Committing JPA transaction on EntityManager [org.hibernate.jpa.internal.EntityManagerImpl@42640234]
15:56:21.273 [Test worker] DEBUG o.h.e.t.spi.AbstractTransactionImpl - committing
15:56:21.273 [Test worker] DEBUG o.h.e.t.i.jdbc.JdbcTransaction - committed JDBC Connection
15:56:21.273 [Test worker] DEBUG o.h.e.t.i.jdbc.JdbcTransaction - re-enabling autocommit
15:56:21.273 [Test worker] DEBUG o.s.orm.jpa.JpaTransactionManager - Closing JPA EntityManager [org.hibernate.jpa.internal.EntityManagerImpl@42640234] after transaction
15:56:21.273 [Test worker] DEBUG o.s.o.jpa.EntityManagerFactoryUtils - Closing JPA EntityManager
15:56:21.273 [Test worker] DEBUG o.h.e.j.i.LogicalConnectionImpl - Releasing JDBC connection
15:56:21.273 [Test worker] DEBUG o.h.e.j.i.LogicalConnectionImpl - Released JDBC connection
15:56:21.274 [Test worker] DEBUG o.s.orm.jpa.JpaTransactionManager - Creating new transaction with name [org.springframework.data.jpa.repository.support.SimpleJpaRepository.deleteAll]: PROPAGATION_REQUIRED,ISOLATION_DEFAULT; ''
15:56:21.274 [Test worker] DEBUG o.s.orm.jpa.JpaTransactionManager - Opened new EntityManager [org.hibernate.jpa.internal.EntityManagerImpl@6329d273] for JPA transaction
15:56:21.274 [Test worker] DEBUG o.h.e.t.spi.AbstractTransactionImpl - begin
15:56:21.274 [Test worker] DEBUG o.h.e.j.i.LogicalConnectionImpl - Obtaining JDBC connection
15:56:21.274 [Test worker] DEBUG o.s.j.d.DriverManagerDataSource - Creating new JDBC DriverManager Connection to [jdbc:mysql://127.0.0.1:3306/wrp3]
15:56:21.277 [Test worker] DEBUG o.h.e.j.i.LogicalConnectionImpl - Obtained JDBC connection
15:56:21.277 [Test worker] DEBUG o.h.e.t.i.jdbc.JdbcTransaction - initial autocommit status: true
15:56:21.277 [Test worker] DEBUG o.h.e.t.i.jdbc.JdbcTransaction - disabling autocommit
15:56:21.277 [Test worker] DEBUG o.s.orm.jpa.JpaTransactionManager - Exposing JPA transaction as JDBC transaction [org.springframework.orm.jpa.vendor.HibernateJpaDialect$HibernateConnectionHandle@5aa253f1]
15:56:21.277 [Test worker] DEBUG o.h.jpa.criteria.CriteriaQueryImpl - Rendered criteria query -> select generatedAlias0 from Request as generatedAlias0
15:56:21.278 [Test worker] DEBUG org.hibernate.SQL - select request0_.request_id as request_1_3_, request0_.assign_to as assign_t2_3_, request0_.created_by as created_3_3_, request0_.date_created as date_cre4_3_, request0_.date_complete as date_com5_3_, request0_.due_date as due_date6_3_, request0_.priority as priority7_3_, request0_.reject_reason as reject_r8_3_, request0_.req_desc as req_desc9_3_, request0_.req_solution as req_sol10_3_, request0_.sci_id as sci_id11_3_, request0_.status as status12_3_, request0_.assigned_to as assigne13_3_, request0_.version_id as version14_3_ from request request0_
15:56:21.278 [Test worker] DEBUG o.s.orm.jpa.JpaTransactionManager - Initiating transaction commit
15:56:21.278 [Test worker] DEBUG o.s.orm.jpa.JpaTransactionManager - Committing JPA transaction on EntityManager [org.hibernate.jpa.internal.EntityManagerImpl@6329d273]
15:56:21.278 [Test worker] DEBUG o.h.e.t.spi.AbstractTransactionImpl - committing
15:56:21.278 [Test worker] DEBUG o.h.e.t.i.jdbc.JdbcTransaction - committed JDBC Connection
15:56:21.278 [Test worker] DEBUG o.h.e.t.i.jdbc.JdbcTransaction - re-enabling autocommit
15:56:21.279 [Test worker] DEBUG o.s.orm.jpa.JpaTransactionManager - Closing JPA EntityManager [org.hibernate.jpa.internal.EntityManagerImpl@6329d273] after transaction
15:56:21.279 [Test worker] DEBUG o.s.o.jpa.EntityManagerFactoryUtils - Closing JPA EntityManager
15:56:21.279 [Test worker] DEBUG o.h.e.j.i.LogicalConnectionImpl - Releasing JDBC connection
15:56:21.279 [Test worker] DEBUG o.h.e.j.i.LogicalConnectionImpl - Released JDBC connection
15:56:21.279 [Test worker] DEBUG o.s.orm.jpa.JpaTransactionManager - Creating new transaction with name [org.springframework.data.jpa.repository.support.SimpleJpaRepository.save]: PROPAGATION_REQUIRED,ISOLATION_DEFAULT; ''
15:56:21.279 [Test worker] DEBUG o.s.orm.jpa.JpaTransactionManager - Opened new EntityManager [org.hibernate.jpa.internal.EntityManagerImpl@36bac58b] for JPA transaction
15:56:21.279 [Test worker] DEBUG o.h.e.t.spi.AbstractTransactionImpl - begin
15:56:21.279 [Test worker] DEBUG o.h.e.j.i.LogicalConnectionImpl - Obtaining JDBC connection
15:56:21.279 [Test worker] DEBUG o.s.j.d.DriverManagerDataSource - Creating new JDBC DriverManager Connection to [jdbc:mysql://127.0.0.1:3306/wrp3]
15:56:21.282 [Test worker] DEBUG o.h.e.j.i.LogicalConnectionImpl - Obtained JDBC connection
15:56:21.282 [Test worker] DEBUG o.h.e.t.i.jdbc.JdbcTransaction - initial autocommit status: true
15:56:21.282 [Test worker] DEBUG o.h.e.t.i.jdbc.JdbcTransaction - disabling autocommit
15:56:21.282 [Test worker] DEBUG o.s.orm.jpa.JpaTransactionManager - Exposing JPA transaction as JDBC transaction [org.springframework.orm.jpa.vendor.HibernateJpaDialect$HibernateConnectionHandle@1a634840]
15:56:21.282 [Test worker] DEBUG o.s.orm.jpa.JpaTransactionManager - Initiating transaction commit
15:56:21.282 [Test worker] DEBUG o.s.orm.jpa.JpaTransactionManager - Committing JPA transaction on EntityManager [org.hibernate.jpa.internal.EntityManagerImpl@36bac58b]
15:56:21.282 [Test worker] DEBUG o.h.e.t.spi.AbstractTransactionImpl - committing
15:56:21.282 [Test worker] DEBUG o.h.e.t.i.jdbc.JdbcTransaction - committed JDBC Connection
15:56:21.282 [Test worker] DEBUG o.h.e.t.i.jdbc.JdbcTransaction - re-enabling autocommit
15:56:21.283 [Test worker] DEBUG o.s.orm.jpa.JpaTransactionManager - Closing JPA EntityManager [org.hibernate.jpa.internal.EntityManagerImpl@36bac58b] after transaction
15:56:21.283 [Test worker] DEBUG o.s.o.jpa.EntityManagerFactoryUtils - Closing JPA EntityManager
15:56:21.283 [Test worker] DEBUG o.h.e.j.i.LogicalConnectionImpl - Releasing JDBC connection
15:56:21.283 [Test worker] DEBUG o.h.e.j.i.LogicalConnectionImpl - Released JDBC connection
15:56:21.283 [Test worker] DEBUG o.s.orm.jpa.JpaTransactionManager - Creating new transaction with name [org.springframework.data.jpa.repository.support.SimpleJpaRepository.deleteAll]: PROPAGATION_REQUIRED,ISOLATION_DEFAULT; ''
15:56:21.283 [Test worker] DEBUG o.s.orm.jpa.JpaTransactionManager - Opened new EntityManager [org.hibernate.jpa.internal.EntityManagerImpl@33059e0] for JPA transaction
15:56:21.283 [Test worker] DEBUG o.h.e.t.spi.AbstractTransactionImpl - begin
15:56:21.283 [Test worker] DEBUG o.h.e.j.i.LogicalConnectionImpl - Obtaining JDBC connection
15:56:21.283 [Test worker] DEBUG o.s.j.d.DriverManagerDataSource - Creating new JDBC DriverManager Connection to [jdbc:mysql://127.0.0.1:3306/wrp3]
15:56:21.286 [Test worker] DEBUG o.h.e.j.i.LogicalConnectionImpl - Obtained JDBC connection
15:56:21.286 [Test worker] DEBUG o.h.e.t.i.jdbc.JdbcTransaction - initial autocommit status: true
15:56:21.286 [Test worker] DEBUG o.h.e.t.i.jdbc.JdbcTransaction - disabling autocommit
15:56:21.286 [Test worker] DEBUG o.s.orm.jpa.JpaTransactionManager - Exposing JPA transaction as JDBC transaction [org.springframework.orm.jpa.vendor.HibernateJpaDialect$HibernateConnectionHandle@5824d320]
15:56:21.286 [Test worker] DEBUG o.h.jpa.criteria.CriteriaQueryImpl - Rendered criteria query -> select generatedAlias0 from User as generatedAlias0
15:56:21.287 [Test worker] DEBUG org.hibernate.SQL - select user0_.id as id1_8_, user0_.login as login2_8_, user0_.password as password3_8_, user0_1_.role_id as role_id1_7_ from users user0_ left outer join user_roles user0_1_ on user0_.id=user0_1_.user_id
15:56:21.287 [Test worker] DEBUG org.hibernate.loader.Loader - Result set row: 0
15:56:21.287 [Test worker] DEBUG org.hibernate.loader.Loader - Result row: EntityKey[sciConsole.domain.User#41]
15:56:21.287 [Test worker] DEBUG org.hibernate.loader.Loader - Result set row: 1
15:56:21.287 [Test worker] DEBUG org.hibernate.loader.Loader - Result row: EntityKey[sciConsole.domain.User#42]
15:56:21.287 [Test worker] DEBUG o.h.engine.internal.TwoPhaseLoad - Resolving associations for [sciConsole.domain.User#41]
15:56:21.287 [Test worker] DEBUG org.hibernate.SQL - select role0_.id as id1_4_0_, role0_.role as role2_4_0_ from roles role0_ where role0_.id=?
15:56:21.288 [Test worker] DEBUG o.h.l.p.e.p.i.ResultSetProcessorImpl - Starting ResultSet row #0
15:56:21.288 [Test worker] DEBUG o.h.l.p.e.p.i.EntityReferenceInitializerImpl - On call to EntityIdentifierReaderImpl#resolve, EntityKey was already known; should only happen on root returns with an optional identifier specified
15:56:21.288 [Test worker] DEBUG o.h.engine.internal.TwoPhaseLoad - Resolving associations for [sciConsole.domain.Role#2]
15:56:21.288 [Test worker] DEBUG o.h.engine.internal.TwoPhaseLoad - Done materializing entity [sciConsole.domain.Role#2]
15:56:21.288 [Test worker] DEBUG o.h.l.e.p.AbstractLoadPlanBasedEntityLoader - Done entity load : sciConsole.domain.Role#2
15:56:21.288 [Test worker] DEBUG o.h.engine.internal.TwoPhaseLoad - Done materializing entity [sciConsole.domain.User#41]
15:56:21.288 [Test worker] DEBUG o.h.engine.internal.TwoPhaseLoad - Resolving associations for [sciConsole.domain.User#42]
15:56:21.288 [Test worker] DEBUG org.hibernate.SQL - select role0_.id as id1_4_0_, role0_.role as role2_4_0_ from roles role0_ where role0_.id=?
15:56:21.288 [Test worker] DEBUG o.h.l.p.e.p.i.ResultSetProcessorImpl - Starting ResultSet row #0
15:56:21.289 [Test worker] DEBUG o.h.l.p.e.p.i.EntityReferenceInitializerImpl - On call to EntityIdentifierReaderImpl#resolve, EntityKey was already known; should only happen on root returns with an optional identifier specified
15:56:21.289 [Test worker] DEBUG o.h.engine.internal.TwoPhaseLoad - Resolving associations for [sciConsole.domain.Role#1]
15:56:21.289 [Test worker] DEBUG o.h.engine.internal.TwoPhaseLoad - Done materializing entity [sciConsole.domain.Role#1]
15:56:21.289 [Test worker] DEBUG o.h.l.e.p.AbstractLoadPlanBasedEntityLoader - Done entity load : sciConsole.domain.Role#1
15:56:21.289 [Test worker] DEBUG o.h.engine.internal.TwoPhaseLoad - Done materializing entity [sciConsole.domain.User#42]
15:56:21.289 [Test worker] DEBUG o.h.l.c.p.AbstractLoadPlanBasedCollectionInitializer - Loading collection: [sciConsole.domain.Role.userRoles#2]
15:56:21.289 [Test worker] DEBUG org.hibernate.SQL - select userroles0_.role_id as role_id1_4_0_, userroles0_.user_id as user_id2_7_0_, user1_.id as id1_8_1_, user1_.login as login2_8_1_, user1_.password as password3_8_1_, user1_1_.role_id as role_id1_7_1_ from user_roles userroles0_ inner join users user1_ on userroles0_.user_id=user1_.id left outer join user_roles user1_1_ on user1_.id=user1_1_.user_id where userroles0_.role_id=?
15:56:21.290 [Test worker] DEBUG o.h.l.p.e.p.i.ResultSetProcessorImpl - Preparing collection intializer : [sciConsole.domain.Role.userRoles#2]
15:56:21.290 [Test worker] DEBUG o.h.l.p.e.p.i.ResultSetProcessorImpl - Starting ResultSet row #0
15:56:21.290 [Test worker] DEBUG o.h.l.p.e.p.i.CollectionReferenceInitializerImpl - Found row of collection: [sciConsole.domain.Role.userRoles#2]
15:56:21.290 [Test worker] DEBUG o.h.e.l.i.CollectionLoadContext - 1 collections were found in result set for role: sciConsole.domain.Role.userRoles
15:56:21.290 [Test worker] DEBUG o.h.e.l.i.CollectionLoadContext - Collection fully initialized: [sciConsole.domain.Role.userRoles#2]
15:56:21.290 [Test worker] DEBUG o.h.e.l.i.CollectionLoadContext - 1 collections initialized for role: sciConsole.domain.Role.userRoles
15:56:21.290 [Test worker] DEBUG o.h.l.c.p.AbstractLoadPlanBasedCollectionInitializer - Done loading collection
15:56:21.290 [Test worker] DEBUG o.h.l.c.p.AbstractLoadPlanBasedCollectionInitializer - Loading collection: [sciConsole.domain.Role.userRoles#1]
15:56:21.290 [Test worker] DEBUG org.hibernate.SQL - select userroles0_.role_id as role_id1_4_0_, userroles0_.user_id as user_id2_7_0_, user1_.id as id1_8_1_, user1_.login as login2_8_1_, user1_.password as password3_8_1_, user1_1_.role_id as role_id1_7_1_ from user_roles userroles0_ inner join users user1_ on userroles0_.user_id=user1_.id left outer join user_roles user1_1_ on user1_.id=user1_1_.user_id where userroles0_.role_id=?
15:56:21.291 [Test worker] DEBUG o.h.l.p.e.p.i.ResultSetProcessorImpl - Preparing collection intializer : [sciConsole.domain.Role.userRoles#1]
15:56:21.291 [Test worker] DEBUG o.h.l.p.e.p.i.ResultSetProcessorImpl - Starting ResultSet row #0
15:56:21.291 [Test worker] DEBUG o.h.l.p.e.p.i.CollectionReferenceInitializerImpl - Found row of collection: [sciConsole.domain.Role.userRoles#1]
15:56:21.291 [Test worker] DEBUG o.h.e.l.i.CollectionLoadContext - 1 collections were found in result set for role: sciConsole.domain.Role.userRoles
15:56:21.291 [Test worker] DEBUG o.h.e.l.i.CollectionLoadContext - Collection fully initialized: [sciConsole.domain.Role.userRoles#1]
15:56:21.291 [Test worker] DEBUG o.h.e.l.i.CollectionLoadContext - 1 collections initialized for role: sciConsole.domain.Role.userRoles
15:56:21.291 [Test worker] DEBUG o.h.l.c.p.AbstractLoadPlanBasedCollectionInitializer - Done loading collection
15:56:21.291 [Test worker] DEBUG o.s.orm.jpa.JpaTransactionManager - Initiating transaction commit
15:56:21.291 [Test worker] DEBUG o.s.orm.jpa.JpaTransactionManager - Committing JPA transaction on EntityManager [org.hibernate.jpa.internal.EntityManagerImpl@33059e0]
15:56:21.291 [Test worker] DEBUG o.h.e.t.spi.AbstractTransactionImpl - committing
15:56:21.291 [Test worker] DEBUG o.h.e.i.AbstractFlushingEventListener - Processing flush-time cascades
15:56:21.291 [Test worker] DEBUG o.h.e.i.AbstractFlushingEventListener - Dirty checking collections
15:56:21.291 [Test worker] DEBUG o.h.engine.internal.Collections - Collection dereferenced: [sciConsole.domain.Role.userRoles#2]
15:56:21.291 [Test worker] DEBUG o.h.engine.internal.Collections - Collection dereferenced: [sciConsole.domain.Role.userRoles#1]
15:56:21.292 [Test worker] DEBUG o.h.e.i.AbstractFlushingEventListener - Flushed: 0 insertions, 0 updates, 4 deletions to 4 objects
15:56:21.292 [Test worker] DEBUG o.h.e.i.AbstractFlushingEventListener - Flushed: 0 (re)creations, 0 updates, 2 removals to 2 collections
15:56:21.292 [Test worker] DEBUG o.h.internal.util.EntityPrinter - Listing entities:
15:56:21.292 [Test worker] DEBUG o.h.internal.util.EntityPrinter - sciConsole.domain.User{password=$2a$10$sbTqPCC0wB2c4IE5Y5RCdeWLIvtjAKEHFzHluAg7LiqkSdZNujJn2, role=sciConsole.domain.Role#2, id=41, login=Alice}
15:56:21.292 [Test worker] DEBUG o.h.internal.util.EntityPrinter - sciConsole.domain.Role{userRoles=[sciConsole.domain.User#42], role=MANAGER, id=1}
15:56:21.292 [Test worker] DEBUG o.h.internal.util.EntityPrinter - sciConsole.domain.User{password=$2a$10$UQ/jCMwn14H5VdHO4or0L.xvlGoplsSsRXHjXdbYij9UEArHJzsE2, role=sciConsole.domain.Role#1, id=42, login=Bob}
15:56:21.292 [Test worker] DEBUG o.h.internal.util.EntityPrinter - sciConsole.domain.Role{userRoles=[sciConsole.domain.User#41], role=DEVELOPER, id=2}
15:56:21.292 [Test worker] DEBUG o.h.p.c.AbstractCollectionPersister - Deleting collection: [sciConsole.domain.Role.userRoles#2]
15:56:21.292 [Test worker] DEBUG org.hibernate.SQL - delete from user_roles where role_id=?
15:56:21.292 [Test worker] DEBUG o.h.p.c.AbstractCollectionPersister - Done deleting collection
15:56:21.292 [Test worker] DEBUG o.h.p.c.AbstractCollectionPersister - Deleting collection: [sciConsole.domain.Role.userRoles#1]
15:56:21.292 [Test worker] DEBUG org.hibernate.SQL - delete from user_roles where role_id=?
15:56:21.293 [Test worker] DEBUG o.h.p.c.AbstractCollectionPersister - Done deleting collection
15:56:21.293 [Test worker] DEBUG org.hibernate.SQL - delete from user_roles where user_id=?
15:56:21.293 [Test worker] DEBUG org.hibernate.SQL - delete from users where id=?
15:56:21.294 [Test worker] DEBUG org.hibernate.SQL - delete from roles where id=?
15:56:21.294 [Test worker] DEBUG org.hibernate.SQL - delete from user_roles where user_id=?
15:56:21.295 [Test worker] DEBUG org.hibernate.SQL - delete from users where id=?
15:56:21.295 [Test worker] DEBUG org.hibernate.SQL - delete from roles where id=?
15:56:21.299 [Test worker] DEBUG o.h.e.t.i.jdbc.JdbcTransaction - committed JDBC Connection
15:56:21.299 [Test worker] DEBUG o.h.e.t.i.jdbc.JdbcTransaction - re-enabling autocommit
15:56:21.299 [Test worker] DEBUG o.s.orm.jpa.JpaTransactionManager - Closing JPA EntityManager [org.hibernate.jpa.internal.EntityManagerImpl@33059e0] after transaction
15:56:21.299 [Test worker] DEBUG o.s.o.jpa.EntityManagerFactoryUtils - Closing JPA EntityManager
15:56:21.299 [Test worker] DEBUG o.h.e.j.internal.JdbcCoordinatorImpl - HHH000420: Closing un-released batch
15:56:21.299 [Test worker] DEBUG o.h.e.j.i.LogicalConnectionImpl - Releasing JDBC connection
15:56:21.299 [Test worker] DEBUG o.h.e.j.i.LogicalConnectionImpl - Released JDBC connection
15:56:21.299 [Test worker] DEBUG o.s.orm.jpa.JpaTransactionManager - Creating new transaction with name [org.springframework.data.jpa.repository.support.SimpleJpaRepository.deleteAll]: PROPAGATION_REQUIRED,ISOLATION_DEFAULT; ''
15:56:21.299 [Test worker] DEBUG o.s.orm.jpa.JpaTransactionManager - Opened new EntityManager [org.hibernate.jpa.internal.EntityManagerImpl@2934119c] for JPA transaction
15:56:21.299 [Test worker] DEBUG o.h.e.t.spi.AbstractTransactionImpl - begin
15:56:21.299 [Test worker] DEBUG o.h.e.j.i.LogicalConnectionImpl - Obtaining JDBC connection
15:56:21.299 [Test worker] DEBUG o.s.j.d.DriverManagerDataSource - Creating new JDBC DriverManager Connection to [jdbc:mysql://127.0.0.1:3306/wrp3]
15:56:21.302 [Test worker] DEBUG o.h.e.j.i.LogicalConnectionImpl - Obtained JDBC connection
15:56:21.302 [Test worker] DEBUG o.h.e.t.i.jdbc.JdbcTransaction - initial autocommit status: true
15:56:21.302 [Test worker] DEBUG o.h.e.t.i.jdbc.JdbcTransaction - disabling autocommit
15:56:21.302 [Test worker] DEBUG o.s.orm.jpa.JpaTransactionManager - Exposing JPA transaction as JDBC transaction [org.springframework.orm.jpa.vendor.HibernateJpaDialect$HibernateConnectionHandle@5d275f38]
15:56:21.303 [Test worker] DEBUG o.h.jpa.criteria.CriteriaQueryImpl - Rendered criteria query -> select generatedAlias0 from Role as generatedAlias0
15:56:21.303 [Test worker] DEBUG org.hibernate.SQL - select role0_.id as id1_4_, role0_.role as role2_4_ from roles role0_
15:56:21.303 [Test worker] DEBUG o.s.orm.jpa.JpaTransactionManager - Initiating transaction commit
15:56:21.303 [Test worker] DEBUG o.s.orm.jpa.JpaTransactionManager - Committing JPA transaction on EntityManager [org.hibernate.jpa.internal.EntityManagerImpl@2934119c]
15:56:21.303 [Test worker] DEBUG o.h.e.t.spi.AbstractTransactionImpl - committing
15:56:21.303 [Test worker] DEBUG o.h.e.t.i.jdbc.JdbcTransaction - committed JDBC Connection
15:56:21.304 [Test worker] DEBUG o.h.e.t.i.jdbc.JdbcTransaction - re-enabling autocommit
15:56:21.304 [Test worker] DEBUG o.s.orm.jpa.JpaTransactionManager - Closing JPA EntityManager [org.hibernate.jpa.internal.EntityManagerImpl@2934119c] after transaction
15:56:21.304 [Test worker] DEBUG o.s.o.jpa.EntityManagerFactoryUtils - Closing JPA EntityManager
15:56:21.304 [Test worker] DEBUG o.h.e.j.i.LogicalConnectionImpl - Releasing JDBC connection
15:56:21.304 [Test worker] DEBUG o.h.e.j.i.LogicalConnectionImpl - Released JDBC connection
15:56:21.304 [Test worker] DEBUG o.s.orm.jpa.JpaTransactionManager - Creating new transaction with name [org.springframework.data.jpa.repository.support.SimpleJpaRepository.save]: PROPAGATION_REQUIRED,ISOLATION_DEFAULT; ''
15:56:21.304 [Test worker] DEBUG o.s.orm.jpa.JpaTransactionManager - Opened new EntityManager [org.hibernate.jpa.internal.EntityManagerImpl@41bc1544] for JPA transaction
15:56:21.304 [Test worker] DEBUG o.h.e.t.spi.AbstractTransactionImpl - begin
15:56:21.304 [Test worker] DEBUG o.h.e.j.i.LogicalConnectionImpl - Obtaining JDBC connection
15:56:21.304 [Test worker] DEBUG o.s.j.d.DriverManagerDataSource - Creating new JDBC DriverManager Connection to [jdbc:mysql://127.0.0.1:3306/wrp3]
15:56:21.307 [Test worker] DEBUG o.h.e.j.i.LogicalConnectionImpl - Obtained JDBC connection
15:56:21.307 [Test worker] DEBUG o.h.e.t.i.jdbc.JdbcTransaction - initial autocommit status: true
15:56:21.307 [Test worker] DEBUG o.h.e.t.i.jdbc.JdbcTransaction - disabling autocommit
15:56:21.307 [Test worker] DEBUG o.s.orm.jpa.JpaTransactionManager - Exposing JPA transaction as JDBC transaction [org.springframework.orm.jpa.vendor.HibernateJpaDialect$HibernateConnectionHandle@3d4afaff]
15:56:21.307 [Test worker] DEBUG org.hibernate.loader.Loader - Loading entity: [sciConsole.domain.User#41]
15:56:21.307 [Test worker] DEBUG org.hibernate.SQL - select user0_.id as id1_8_1_, user0_.login as login2_8_1_, user0_.password as password3_8_1_, user0_1_.role_id as role_id1_7_1_, role1_.id as id1_4_0_, role1_.role as role2_4_0_ from users user0_ left outer join user_roles user0_1_ on user0_.id=user0_1_.user_id left outer join roles role1_ on user0_1_.role_id=role1_.id where user0_.id=?
15:56:21.308 [Test worker] DEBUG org.hibernate.loader.Loader - Done entity load
15:56:21.308 [Test worker] DEBUG org.hibernate.loader.Loader - Loading entity: [sciConsole.domain.Role#2]
15:56:21.308 [Test worker] DEBUG org.hibernate.SQL - select role0_.id as id1_4_1_, role0_.role as role2_4_1_, userroles1_.role_id as role_id1_4_3_, user2_.id as user_id2_7_3_, user2_.id as id1_8_0_, user2_.login as login2_8_0_, user2_.password as password3_8_0_, user2_1_.role_id as role_id1_7_0_ from roles role0_ left outer join user_roles userroles1_ on role0_.id=userroles1_.role_id left outer join users user2_ on userroles1_.user_id=user2_.id left outer join user_roles user2_1_ on user2_.id=user2_1_.user_id where role0_.id=?
15:56:21.309 [Test worker] DEBUG o.h.e.l.i.CollectionLoadContext - No collections were found in result set for role: sciConsole.domain.Role.userRoles
15:56:21.309 [Test worker] DEBUG org.hibernate.loader.Loader - Done entity load
15:56:21.309 [Test worker] DEBUG o.h.e.i.AbstractSaveEventListener - Generated identifier: 2, using strategy: org.hibernate.id.Assigned
15:56:21.309 [Test worker] DEBUG org.hibernate.SQL - insert into roles (role, id) values (?, ?)
15:56:21.310 [Test worker] DEBUG org.hibernate.engine.spi.ActionQueue - Executing identity-insert immediately
15:56:21.311 [Test worker] DEBUG org.hibernate.SQL - insert into users (login, password) values (?, ?)
15:56:21.311 [Test worker] DEBUG o.h.id.IdentifierGeneratorHelper - Natively generated identity: 43
15:56:21.311 [Test worker] DEBUG org.hibernate.SQL - insert into user_roles (role_id, user_id) values (?, ?)
15:56:21.312 [Test worker] DEBUG org.hibernate.loader.Loader - Loading entity: [sciConsole.domain.User#42]
15:56:21.312 [Test worker] DEBUG org.hibernate.SQL - select user0_.id as id1_8_1_, user0_.login as login2_8_1_, user0_.password as password3_8_1_, user0_1_.role_id as role_id1_7_1_, role1_.id as id1_4_0_, role1_.role as role2_4_0_ from users user0_ left outer join user_roles user0_1_ on user0_.id=user0_1_.user_id left outer join roles role1_ on user0_1_.role_id=role1_.id where user0_.id=?
15:56:21.312 [Test worker] DEBUG org.hibernate.loader.Loader - Done entity load
15:56:21.312 [Test worker] DEBUG org.hibernate.loader.Loader - Loading entity: [sciConsole.domain.Role#1]
15:56:21.312 [Test worker] DEBUG org.hibernate.SQL - select role0_.id as id1_4_1_, role0_.role as role2_4_1_, userroles1_.role_id as role_id1_4_3_, user2_.id as user_id2_7_3_, user2_.id as id1_8_0_, user2_.login as login2_8_0_, user2_.password as password3_8_0_, user2_1_.role_id as role_id1_7_0_ from roles role0_ left outer join user_roles userroles1_ on role0_.id=userroles1_.role_id left outer join users user2_ on userroles1_.user_id=user2_.id left outer join user_roles user2_1_ on user2_.id=user2_1_.user_id where role0_.id=?
15:56:21.313 [Test worker] DEBUG o.h.e.l.i.CollectionLoadContext - No collections were found in result set for role: sciConsole.domain.Role.userRoles
15:56:21.313 [Test worker] DEBUG org.hibernate.loader.Loader - Done entity load
15:56:21.313 [Test worker] DEBUG o.h.e.i.AbstractSaveEventListener - Generated identifier: 1, using strategy: org.hibernate.id.Assigned
15:56:21.313 [Test worker] DEBUG org.hibernate.SQL - insert into roles (role, id) values (?, ?)
15:56:21.314 [Test worker] DEBUG org.hibernate.engine.spi.ActionQueue - Executing identity-insert immediately
15:56:21.314 [Test worker] DEBUG org.hibernate.SQL - insert into users (login, password) values (?, ?)
15:56:21.314 [Test worker] DEBUG o.h.id.IdentifierGeneratorHelper - Natively generated identity: 44
15:56:21.314 [Test worker] DEBUG org.hibernate.SQL - insert into user_roles (role_id, user_id) values (?, ?)
15:56:21.315 [Test worker] DEBUG o.s.orm.jpa.JpaTransactionManager - Initiating transaction commit
15:56:21.315 [Test worker] DEBUG o.s.orm.jpa.JpaTransactionManager - Committing JPA transaction on EntityManager [org.hibernate.jpa.internal.EntityManagerImpl@41bc1544]
15:56:21.315 [Test worker] DEBUG o.h.e.t.spi.AbstractTransactionImpl - committing
15:56:21.315 [Test worker] DEBUG o.h.e.i.AbstractFlushingEventListener - Processing flush-time cascades
15:56:21.315 [Test worker] DEBUG o.h.e.i.AbstractFlushingEventListener - Dirty checking collections
15:56:21.315 [Test worker] DEBUG o.h.e.i.AbstractFlushingEventListener - Flushed: 0 insertions, 0 updates, 0 deletions to 4 objects
15:56:21.315 [Test worker] DEBUG o.h.e.i.AbstractFlushingEventListener - Flushed: 0 (re)creations, 0 updates, 0 removals to 0 collections
15:56:21.315 [Test worker] DEBUG o.h.internal.util.EntityPrinter - Listing entities:
15:56:21.315 [Test worker] DEBUG o.h.internal.util.EntityPrinter - sciConsole.domain.User{password=$2a$10$sbTqPCC0wB2c4IE5Y5RCdeWLIvtjAKEHFzHluAg7LiqkSdZNujJn2, role=sciConsole.domain.Role#2, id=43, login=Alice}
15:56:21.315 [Test worker] DEBUG o.h.internal.util.EntityPrinter - sciConsole.domain.User{password=$2a$10$UQ/jCMwn14H5VdHO4or0L.xvlGoplsSsRXHjXdbYij9UEArHJzsE2, role=sciConsole.domain.Role#1, id=44, login=Bob}
15:56:21.315 [Test worker] DEBUG o.h.internal.util.EntityPrinter - sciConsole.domain.Role{userRoles=null, role=MANAGER, id=1}
15:56:21.315 [Test worker] DEBUG o.h.internal.util.EntityPrinter - sciConsole.domain.Role{userRoles=null, role=DEVELOPER, id=2}
15:56:21.318 [Test worker] DEBUG o.h.e.t.i.jdbc.JdbcTransaction - committed JDBC Connection
15:56:21.318 [Test worker] DEBUG o.h.e.t.i.jdbc.JdbcTransaction - re-enabling autocommit
15:56:21.319 [Test worker] DEBUG o.s.orm.jpa.JpaTransactionManager - Closing JPA EntityManager [org.hibernate.jpa.internal.EntityManagerImpl@41bc1544] after transaction
15:56:21.319 [Test worker] DEBUG o.s.o.jpa.EntityManagerFactoryUtils - Closing JPA EntityManager
15:56:21.319 [Test worker] DEBUG o.h.e.j.internal.JdbcCoordinatorImpl - HHH000420: Closing un-released batch
15:56:21.319 [Test worker] DEBUG o.h.e.j.i.LogicalConnectionImpl - Releasing JDBC connection
15:56:21.319 [Test worker] DEBUG o.h.e.j.i.LogicalConnectionImpl - Released JDBC connection
15:56:21.319 [Test worker] DEBUG o.s.orm.jpa.JpaTransactionManager - Creating new transaction with name [org.springframework.data.jpa.repository.support.SimpleJpaRepository.save]: PROPAGATION_REQUIRED,ISOLATION_DEFAULT; ''
15:56:21.319 [Test worker] DEBUG o.s.orm.jpa.JpaTransactionManager - Opened new EntityManager [org.hibernate.jpa.internal.EntityManagerImpl@1fee3aa4] for JPA transaction
15:56:21.319 [Test worker] DEBUG o.h.e.t.spi.AbstractTransactionImpl - begin
15:56:21.319 [Test worker] DEBUG o.h.e.j.i.LogicalConnectionImpl - Obtaining JDBC connection
15:56:21.319 [Test worker] DEBUG o.s.j.d.DriverManagerDataSource - Creating new JDBC DriverManager Connection to [jdbc:mysql://127.0.0.1:3306/wrp3]
15:56:21.322 [Test worker] DEBUG o.h.e.j.i.LogicalConnectionImpl - Obtained JDBC connection
15:56:21.322 [Test worker] DEBUG o.h.e.t.i.jdbc.JdbcTransaction - initial autocommit status: true
15:56:21.322 [Test worker] DEBUG o.h.e.t.i.jdbc.JdbcTransaction - disabling autocommit
15:56:21.322 [Test worker] DEBUG o.s.orm.jpa.JpaTransactionManager - Exposing JPA transaction as JDBC transaction [org.springframework.orm.jpa.vendor.HibernateJpaDialect$HibernateConnectionHandle@2f3ba05]
15:56:21.322 [Test worker] DEBUG org.hibernate.loader.Loader - Loading entity: [sciConsole.domain.Role#1]
15:56:21.322 [Test worker] DEBUG org.hibernate.SQL - select role0_.id as id1_4_1_, role0_.role as role2_4_1_, userroles1_.role_id as role_id1_4_3_, user2_.id as user_id2_7_3_, user2_.id as id1_8_0_, user2_.login as login2_8_0_, user2_.password as password3_8_0_, user2_1_.role_id as role_id1_7_0_ from roles role0_ left outer join user_roles userroles1_ on role0_.id=userroles1_.role_id left outer join users user2_ on userroles1_.user_id=user2_.id left outer join user_roles user2_1_ on user2_.id=user2_1_.user_id where role0_.id=?
15:56:21.323 [Test worker] DEBUG org.hibernate.loader.Loader - Result set row: 0
15:56:21.323 [Test worker] DEBUG org.hibernate.loader.Loader - Result row: EntityKey[sciConsole.domain.User#44], EntityKey[sciConsole.domain.Role#1]
15:56:21.323 [Test worker] DEBUG org.hibernate.loader.Loader - Found row of collection: [sciConsole.domain.Role.userRoles#1]
15:56:21.323 [Test worker] DEBUG o.h.engine.internal.TwoPhaseLoad - Resolving associations for [sciConsole.domain.User#44]
15:56:21.323 [Test worker] DEBUG o.h.engine.internal.TwoPhaseLoad - Done materializing entity [sciConsole.domain.User#44]
15:56:21.323 [Test worker] DEBUG o.h.engine.internal.TwoPhaseLoad - Resolving associations for [sciConsole.domain.Role#1]
15:56:21.323 [Test worker] DEBUG o.h.engine.internal.TwoPhaseLoad - Done materializing entity [sciConsole.domain.Role#1]
15:56:21.323 [Test worker] DEBUG o.h.e.l.i.CollectionLoadContext - 1 collections were found in result set for role: sciConsole.domain.Role.userRoles
15:56:21.323 [Test worker] DEBUG o.h.e.l.i.CollectionLoadContext - Collection fully initialized: [sciConsole.domain.Role.userRoles#1]
15:56:21.323 [Test worker] DEBUG o.h.e.l.i.CollectionLoadContext - 1 collections initialized for role: sciConsole.domain.Role.userRoles
15:56:21.324 [Test worker] DEBUG org.hibernate.loader.Loader - Done entity load
15:56:21.324 [Test worker] DEBUG org.hibernate.loader.Loader - Loading entity: [sciConsole.domain.Role#2]
15:56:21.324 [Test worker] DEBUG org.hibernate.SQL - select role0_.id as id1_4_1_, role0_.role as role2_4_1_, userroles1_.role_id as role_id1_4_3_, user2_.id as user_id2_7_3_, user2_.id as id1_8_0_, user2_.login as login2_8_0_, user2_.password as password3_8_0_, user2_1_.role_id as role_id1_7_0_ from roles role0_ left outer join user_roles userroles1_ on role0_.id=userroles1_.role_id left outer join users user2_ on userroles1_.user_id=user2_.id left outer join user_roles user2_1_ on user2_.id=user2_1_.user_id where role0_.id=?
15:56:21.324 [Test worker] DEBUG org.hibernate.loader.Loader - Result set row: 0
15:56:21.324 [Test worker] DEBUG org.hibernate.loader.Loader - Result row: EntityKey[sciConsole.domain.User#43], EntityKey[sciConsole.domain.Role#2]
15:56:21.324 [Test worker] DEBUG org.hibernate.loader.Loader - Found row of collection: [sciConsole.domain.Role.userRoles#2]
15:56:21.324 [Test worker] DEBUG o.h.engine.internal.TwoPhaseLoad - Resolving associations for [sciConsole.domain.User#43]
15:56:21.324 [Test worker] DEBUG o.h.engine.internal.TwoPhaseLoad - Done materializing entity [sciConsole.domain.User#43]
15:56:21.324 [Test worker] DEBUG o.h.engine.internal.TwoPhaseLoad - Resolving associations for [sciConsole.domain.Role#2]
15:56:21.325 [Test worker] DEBUG o.h.engine.internal.TwoPhaseLoad - Done materializing entity [sciConsole.domain.Role#2]
15:56:21.325 [Test worker] DEBUG o.h.e.l.i.CollectionLoadContext - 1 collections were found in result set for role: sciConsole.domain.Role.userRoles
15:56:21.325 [Test worker] DEBUG o.h.e.l.i.CollectionLoadContext - Collection fully initialized: [sciConsole.domain.Role.userRoles#2]
15:56:21.325 [Test worker] DEBUG o.h.e.l.i.CollectionLoadContext - 1 collections initialized for role: sciConsole.domain.Role.userRoles
15:56:21.325 [Test worker] DEBUG org.hibernate.loader.Loader - Done entity load
15:56:21.325 [Test worker] DEBUG o.s.orm.jpa.JpaTransactionManager - Initiating transaction commit
15:56:21.325 [Test worker] DEBUG o.s.orm.jpa.JpaTransactionManager - Committing JPA transaction on EntityManager [org.hibernate.jpa.internal.EntityManagerImpl@1fee3aa4]
15:56:21.325 [Test worker] DEBUG o.h.e.t.spi.AbstractTransactionImpl - committing
15:56:21.325 [Test worker] DEBUG o.h.e.i.AbstractFlushingEventListener - Processing flush-time cascades
15:56:21.325 [Test worker] DEBUG o.h.e.i.AbstractFlushingEventListener - Dirty checking collections
15:56:21.325 [Test worker] DEBUG o.h.engine.internal.Collections - Collection found: [sciConsole.domain.Role.userRoles#1], was: [sciConsole.domain.Role.userRoles#1] (initialized)
15:56:21.325 [Test worker] DEBUG o.h.engine.internal.Collections - Collection found: [sciConsole.domain.Role.userRoles#2], was: [sciConsole.domain.Role.userRoles#2] (initialized)
15:56:21.325 [Test worker] DEBUG o.h.e.i.AbstractFlushingEventListener - Flushed: 0 insertions, 0 updates, 0 deletions to 4 objects
15:56:21.325 [Test worker] DEBUG o.h.e.i.AbstractFlushingEventListener - Flushed: 0 (re)creations, 0 updates, 0 removals to 2 collections
15:56:21.325 [Test worker] DEBUG o.h.internal.util.EntityPrinter - Listing entities:
15:56:21.325 [Test worker] DEBUG o.h.internal.util.EntityPrinter - sciConsole.domain.User{password=$2a$10$sbTqPCC0wB2c4IE5Y5RCdeWLIvtjAKEHFzHluAg7LiqkSdZNujJn2, role=sciConsole.domain.Role#2, id=43, login=Alice}
15:56:21.325 [Test worker] DEBUG o.h.internal.util.EntityPrinter - sciConsole.domain.User{password=$2a$10$UQ/jCMwn14H5VdHO4or0L.xvlGoplsSsRXHjXdbYij9UEArHJzsE2, role=sciConsole.domain.Role#1, id=44, login=Bob}
15:56:21.325 [Test worker] DEBUG o.h.internal.util.EntityPrinter - sciConsole.domain.Role{userRoles=[sciConsole.domain.User#44], role=MANAGER, id=1}
15:56:21.325 [Test worker] DEBUG o.h.internal.util.EntityPrinter - sciConsole.domain.Role{userRoles=[sciConsole.domain.User#43], role=DEVELOPER, id=2}
15:56:21.326 [Test worker] DEBUG o.h.e.t.i.jdbc.JdbcTransaction - committed JDBC Connection
15:56:21.326 [Test worker] DEBUG o.h.e.t.i.jdbc.JdbcTransaction - re-enabling autocommit
15:56:21.326 [Test worker] DEBUG o.s.orm.jpa.JpaTransactionManager - Closing JPA EntityManager [org.hibernate.jpa.internal.EntityManagerImpl@1fee3aa4] after transaction
15:56:21.326 [Test worker] DEBUG o.s.o.jpa.EntityManagerFactoryUtils - Closing JPA EntityManager
15:56:21.326 [Test worker] DEBUG o.h.e.j.i.LogicalConnectionImpl - Releasing JDBC connection
15:56:21.326 [Test worker] DEBUG o.h.e.j.i.LogicalConnectionImpl - Released JDBC connection
15:56:21.326 [Test worker] DEBUG o.s.t.c.s.AbstractDirtiesContextTestExecutionListener - After test class: context [DefaultTestContext@7e16fbb3 testClass = CompleteChangeRequestStepDefs, testInstance = [null], testMethod = [null], testException = [null], mergedContextConfiguration = [WebMergedContextConfiguration@2715eff4 testClass = CompleteChangeRequestStepDefs, locations = '{}', classes = '{class sciConsole.SciConsoleApplication, class sciConsole.controller.SessionController, class sciConsole.controller.AccountController, class sciConsole.controller.ChangeRequestController, class sciConsole.SecurityConfig, class sciConsole.WebConfig}', contextInitializerClasses = '[]', activeProfiles = '{}', propertySourceLocations = '{}', propertySourceProperties = '{}', resourceBasePath = 'src/main/webapp', contextLoader = 'org.springframework.test.context.web.WebDelegatingSmartContextLoader', parent = [null]]], class annotated with @DirtiesContext [false] with mode [null].
15:56:21.375 [Test worker] DEBUG o.s.o.j.SharedEntityManagerCreator$SharedEntityManagerInvocationHandler - Creating new EntityManager for shared EntityManager invocation
15:56:21.375 [Test worker] DEBUG o.h.jpa.criteria.CriteriaQueryImpl - Rendered criteria query -> select generatedAlias0 from Ver as generatedAlias0 where generatedAlias0.name=:param0
15:56:21.375 [Test worker] DEBUG org.hibernate.SQL - select ver0_.version_id as version_1_9_, ver0_.created_by as created_2_9_, ver0_.date_created as date_cre3_9_, ver0_.name as name4_9_, ver0_.sci_id as sci_id5_9_, ver0_.status as status6_9_, ver0_.ver_desc as ver_desc7_9_ from version ver0_ where ver0_.name=?
15:56:21.375 [Test worker] DEBUG o.h.e.j.i.LogicalConnectionImpl - Obtaining JDBC connection
15:56:21.375 [Test worker] DEBUG o.s.j.d.DriverManagerDataSource - Creating new JDBC DriverManager Connection to [jdbc:mysql://127.0.0.1:3306/wrp3]
15:56:21.379 [Test worker] DEBUG o.h.e.j.i.LogicalConnectionImpl - Obtained JDBC connection
15:56:21.380 [Test worker] DEBUG org.hibernate.loader.Loader - Result set row: 0
15:56:21.380 [Test worker] DEBUG org.hibernate.loader.Loader - Result row: EntityKey[sciConsole.domain.Ver#1]
15:56:21.380 [Test worker] DEBUG o.h.engine.internal.TwoPhaseLoad - Resolving associations for [sciConsole.domain.Ver#1]
15:56:21.380 [Test worker] DEBUG o.h.engine.internal.TwoPhaseLoad - Done materializing entity [sciConsole.domain.Ver#1]
15:56:21.380 [Test worker] DEBUG o.s.o.jpa.EntityManagerFactoryUtils - Closing JPA EntityManager
15:56:21.380 [Test worker] DEBUG o.h.e.j.i.LogicalConnectionImpl - Releasing JDBC connection
15:56:21.380 [Test worker] DEBUG o.h.e.j.i.LogicalConnectionImpl - Released JDBC connection

  Background:                      ?[90m# RequestChange.feature:6?[0m
    ?[32mGiven ?[0m?[32ma SCI "?[0m?[32m?[1mSCI_1?[0m?[32m"?[0m            ?[90m# RequestChangeStepDefs.a_SCI(String)?[0m
    ?[32mAnd ?[0m?[32ma head version "?[0m?[32m?[1mversion_2?[0m?[32m"?[0m ?[90m# RequestChangeStepDefs.a_head_version(String)?[0m
15:56:21.383 [Test worker] DEBUG o.s.t.w.s.TestDispatcherServlet - DispatcherServlet with name '' processing GET request for [/newChange]
15:56:21.383 [Test worker] DEBUG o.s.w.s.m.m.a.RequestMappingHandlerMapping - Looking up handler method for path /newChange
15:56:21.384 [Test worker] DEBUG o.s.w.s.m.m.a.RequestMappingHandlerMapping - Returning handler method [public org.springframework.web.servlet.ModelAndView sciConsole.controller.ChangeRequestController.newChange(javax.servlet.http.HttpServletRequest,java.lang.String,java.lang.String,java.lang.String,java.lang.String,java.lang.Integer,org.springframework.ui.Model)]
15:56:21.384 [Test worker] DEBUG o.s.b.f.s.DefaultListableBeanFactory - Returning cached instance of singleton bean 'changeRequestController'
15:56:21.384 [Test worker] DEBUG o.s.t.w.s.TestDispatcherServlet - Last-Modified value for [/newChange] is: -1
15:56:21.384 [Test worker] DEBUG o.s.o.j.s.OpenEntityManagerInViewInterceptor - Opening JPA EntityManager in OpenEntityManagerInViewInterceptor
15:56:21.385 [Test worker] DEBUG o.h.jpa.criteria.CriteriaQueryImpl - Rendered criteria query -> select generatedAlias0 from User as generatedAlias0 where generatedAlias0.login=:param0
15:56:21.385 [Test worker] DEBUG org.hibernate.SQL - select user0_.id as id1_8_, user0_.login as login2_8_, user0_.password as password3_8_, user0_1_.role_id as role_id1_7_ from users user0_ left outer join user_roles user0_1_ on user0_.id=user0_1_.user_id where user0_.login=?
15:56:21.385 [Test worker] DEBUG o.h.e.j.i.LogicalConnectionImpl - Obtaining JDBC connection
15:56:21.385 [Test worker] DEBUG o.s.j.d.DriverManagerDataSource - Creating new JDBC DriverManager Connection to [jdbc:mysql://127.0.0.1:3306/wrp3]
15:56:21.389 [Test worker] DEBUG o.h.e.j.i.LogicalConnectionImpl - Obtained JDBC connection
15:56:21.389 [Test worker] DEBUG org.hibernate.loader.Loader - Result set row: 0
15:56:21.389 [Test worker] DEBUG org.hibernate.loader.Loader - Result row: EntityKey[sciConsole.domain.User#44]
15:56:21.390 [Test worker] DEBUG o.h.engine.internal.TwoPhaseLoad - Resolving associations for [sciConsole.domain.User#44]
15:56:21.390 [Test worker] DEBUG org.hibernate.SQL - select role0_.id as id1_4_0_, role0_.role as role2_4_0_ from roles role0_ where role0_.id=?
15:56:21.390 [Test worker] DEBUG o.h.l.p.e.p.i.ResultSetProcessorImpl - Starting ResultSet row #0
15:56:21.390 [Test worker] DEBUG o.h.l.p.e.p.i.EntityReferenceInitializerImpl - On call to EntityIdentifierReaderImpl#resolve, EntityKey was already known; should only happen on root returns with an optional identifier specified
15:56:21.390 [Test worker] DEBUG o.h.engine.internal.TwoPhaseLoad - Resolving associations for [sciConsole.domain.Role#1]
15:56:21.390 [Test worker] DEBUG o.h.engine.internal.TwoPhaseLoad - Done materializing entity [sciConsole.domain.Role#1]
15:56:21.390 [Test worker] DEBUG o.h.l.e.p.AbstractLoadPlanBasedEntityLoader - Done entity load : sciConsole.domain.Role#1
15:56:21.391 [Test worker] DEBUG o.h.engine.internal.TwoPhaseLoad - Done materializing entity [sciConsole.domain.User#44]
15:56:21.391 [Test worker] DEBUG o.h.jpa.criteria.CriteriaQueryImpl - Rendered criteria query -> select generatedAlias0 from Sci as generatedAlias0 where generatedAlias0.name=:param0
15:56:21.391 [Test worker] DEBUG org.hibernate.SQL - select sci0_.sci_id as sci_id1_5_, sci0_.name as name2_5_, sci0_.sci_desc as sci_desc3_5_ from sci sci0_ where sci0_.name=?
15:56:21.392 [Test worker] DEBUG org.hibernate.loader.Loader - Result set row: 0
15:56:21.392 [Test worker] DEBUG org.hibernate.loader.Loader - Result row: EntityKey[sciConsole.domain.Sci#1]
15:56:21.392 [Test worker] DEBUG o.h.engine.internal.TwoPhaseLoad - Resolving associations for [sciConsole.domain.Sci#1]
15:56:21.392 [Test worker] DEBUG o.h.engine.internal.TwoPhaseLoad - Done materializing entity [sciConsole.domain.Sci#1]
15:56:21.392 [Test worker] DEBUG o.h.jpa.criteria.CriteriaQueryImpl - Rendered criteria query -> select generatedAlias0 from Ver as generatedAlias0 where ( generatedAlias0.sciId=:param0 ) and ( generatedAlias0.name=:param1 )
15:56:21.392 [Test worker] DEBUG org.hibernate.SQL - select ver0_.version_id as version_1_9_, ver0_.created_by as created_2_9_, ver0_.date_created as date_cre3_9_, ver0_.name as name4_9_, ver0_.sci_id as sci_id5_9_, ver0_.status as status6_9_, ver0_.ver_desc as ver_desc7_9_ from version ver0_ where ver0_.sci_id=? and ver0_.name=?
15:56:21.393 [Test worker] DEBUG org.hibernate.loader.Loader - Result set row: 0
15:56:21.393 [Test worker] DEBUG org.hibernate.loader.Loader - Result row: EntityKey[sciConsole.domain.Ver#1]
15:56:21.393 [Test worker] DEBUG o.h.engine.internal.TwoPhaseLoad - Resolving associations for [sciConsole.domain.Ver#1]
15:56:21.393 [Test worker] DEBUG o.h.engine.internal.TwoPhaseLoad - Done materializing entity [sciConsole.domain.Ver#1]
15:56:21.393 [Test worker] DEBUG o.s.orm.jpa.JpaTransactionManager - Found thread-bound EntityManager [org.hibernate.jpa.internal.EntityManagerImpl@538039ec] for JPA transaction
15:56:21.393 [Test worker] DEBUG o.s.orm.jpa.JpaTransactionManager - Creating new transaction with name [org.springframework.data.jpa.repository.support.SimpleJpaRepository.save]: PROPAGATION_REQUIRED,ISOLATION_DEFAULT; ''
15:56:21.394 [Test worker] DEBUG o.h.e.t.spi.AbstractTransactionImpl - begin
15:56:21.394 [Test worker] DEBUG o.h.e.t.i.jdbc.JdbcTransaction - initial autocommit status: true
15:56:21.394 [Test worker] DEBUG o.h.e.t.i.jdbc.JdbcTransaction - disabling autocommit
15:56:21.394 [Test worker] DEBUG o.s.orm.jpa.JpaTransactionManager - Exposing JPA transaction as JDBC transaction [org.springframework.orm.jpa.vendor.HibernateJpaDialect$HibernateConnectionHandle@106caca4]
15:56:21.394 [Test worker] DEBUG org.hibernate.engine.spi.ActionQueue - Executing identity-insert immediately
15:56:21.394 [Test worker] DEBUG org.hibernate.SQL - insert into request (assign_to, created_by, date_created, date_complete, due_date, priority, reject_reason, req_desc, req_solution, sci_id, status, assigned_to, version_id) values (?, ?, ?, ?, ?, ?, ?, ?, ?, ?, ?, ?, ?)
15:56:21.395 [Test worker] DEBUG o.h.id.IdentifierGeneratorHelper - Natively generated identity: 13
15:56:21.396 [Test worker] DEBUG o.s.orm.jpa.JpaTransactionManager - Initiating transaction commit
15:56:21.396 [Test worker] DEBUG o.s.orm.jpa.JpaTransactionManager - Committing JPA transaction on EntityManager [org.hibernate.jpa.internal.EntityManagerImpl@538039ec]
15:56:21.396 [Test worker] DEBUG o.h.e.t.spi.AbstractTransactionImpl - committing
15:56:21.396 [Test worker] DEBUG o.h.e.i.AbstractFlushingEventListener - Processing flush-time cascades
15:56:21.396 [Test worker] DEBUG o.h.e.i.AbstractFlushingEventListener - Dirty checking collections
15:56:21.396 [Test worker] DEBUG o.h.engine.internal.Collections - Collection found: [sciConsole.domain.Role.userRoles#1], was: [sciConsole.domain.Role.userRoles#1] (uninitialized)
15:56:21.396 [Test worker] DEBUG o.h.engine.internal.Collections - Collection found: [sciConsole.domain.Sci.versions#1], was: [sciConsole.domain.Sci.versions#1] (uninitialized)
15:56:21.396 [Test worker] DEBUG o.h.e.i.AbstractFlushingEventListener - Flushed: 0 insertions, 0 updates, 0 deletions to 5 objects
15:56:21.396 [Test worker] DEBUG o.h.e.i.AbstractFlushingEventListener - Flushed: 0 (re)creations, 0 updates, 0 removals to 2 collections
15:56:21.396 [Test worker] DEBUG o.h.internal.util.EntityPrinter - Listing entities:
15:56:21.396 [Test worker] DEBUG o.h.internal.util.EntityPrinter - sciConsole.domain.User{password=$2a$10$UQ/jCMwn14H5VdHO4or0L.xvlGoplsSsRXHjXdbYij9UEArHJzsE2, role=sciConsole.domain.Role#1, id=44, login=Bob}
15:56:21.396 [Test worker] DEBUG o.h.internal.util.EntityPrinter - sciConsole.domain.Request{date=Mon Jan 11 15:56:21 GMT 2016, dueDate=Mon Jan 25 15:56:21 GMT 2016, priority=null, type=1, versionId=1, rejectReason=null, createdBy=44, dateComplete=null, reqDesc=New Feature, sciId=1, reqSolution=Extension of Module A, id=13, assignTo=null, status=0}
15:56:21.396 [Test worker] DEBUG o.h.internal.util.EntityPrinter - sciConsole.domain.Role{userRoles=<uninitialized>, role=MANAGER, id=1}
15:56:21.396 [Test worker] DEBUG o.h.internal.util.EntityPrinter - sciConsole.domain.Sci{versions=<uninitialized>, name=SCI_1, id=1, sciDesc=This is a test SCI entry}
15:56:21.396 [Test worker] DEBUG o.h.internal.util.EntityPrinter - sciConsole.domain.Ver{date=2016-01-11 15:54:44.0, createdBy=2, sciId=1, name=version_2, id=1, verDesc=This is a test version entry, status=1}
15:56:21.399 [Test worker] DEBUG o.h.e.t.i.jdbc.JdbcTransaction - committed JDBC Connection
15:56:21.399 [Test worker] DEBUG o.h.e.t.i.jdbc.JdbcTransaction - re-enabling autocommit
15:56:21.400 [Test worker] DEBUG o.s.orm.jpa.JpaTransactionManager - Not closing pre-bound JPA EntityManager after transaction
15:56:21.400 [Test worker] DEBUG o.h.jpa.criteria.CriteriaQueryImpl - Rendered criteria query -> select generatedAlias0 from Sci as generatedAlias0 where generatedAlias0.id=:param0
15:56:21.400 [Test worker] DEBUG org.hibernate.SQL - select sci0_.sci_id as sci_id1_5_, sci0_.name as name2_5_, sci0_.sci_desc as sci_desc3_5_ from sci sci0_ where sci0_.sci_id=?
15:56:21.400 [Test worker] DEBUG org.hibernate.loader.Loader - Result set row: 0
15:56:21.401 [Test worker] DEBUG org.hibernate.loader.Loader - Result row: EntityKey[sciConsole.domain.Sci#1]
15:56:21.401 [Test worker] DEBUG o.s.t.w.s.TestDispatcherServlet - Rendering view [org.springframework.web.servlet.view.JstlView: name 'new-change-request'; URL [/WEB-INF/views/new-change-request.jsp]] in DispatcherServlet with name ''
15:56:21.401 [Test worker] DEBUG o.s.web.servlet.view.JstlView - Added model object 'sciid' of type [java.lang.Integer] to request in view with name 'new-change-request'
15:56:21.401 [Test worker] DEBUG o.s.web.servlet.view.JstlView - Added model object 'versionid' of type [java.lang.Integer] to request in view with name 'new-change-request'
15:56:21.401 [Test worker] DEBUG o.s.web.servlet.view.JstlView - Added model object 'description' of type [java.lang.String] to request in view with name 'new-change-request'
15:56:21.401 [Test worker] DEBUG o.s.web.servlet.view.JstlView - Added model object 'solution' of type [java.lang.String] to request in view with name 'new-change-request'
15:56:21.401 [Test worker] DEBUG o.s.web.servlet.view.JstlView - Added model object 'type' of type [java.lang.Integer] to request in view with name 'new-change-request'
15:56:21.401 [Test worker] DEBUG o.s.web.servlet.view.JstlView - Added model object 'createdby' of type [java.lang.Integer] to request in view with name 'new-change-request'
15:56:21.401 [Test worker] DEBUG o.s.web.servlet.view.JstlView - Added model object 'duedate' of type [java.util.Date] to request in view with name 'new-change-request'
15:56:21.401 [Test worker] DEBUG o.s.web.servlet.view.JstlView - Added model object 'sciname' of type [java.lang.String] to request in view with name 'new-change-request'
15:56:21.401 [Test worker] DEBUG o.s.web.servlet.view.JstlView - Added model object 'vername' of type [java.lang.String] to request in view with name 'new-change-request'
15:56:21.401 [Test worker] DEBUG o.s.web.servlet.view.JstlView - Added model object 'req' of type [sciConsole.domain.Request] to request in view with name 'new-change-request'
15:56:21.401 [Test worker] DEBUG o.s.web.servlet.view.JstlView - Added model object 'org.springframework.validation.BindingResult.req' of type [org.springframework.validation.BeanPropertyBindingResult] to request in view with name 'new-change-request'
15:56:21.401 [Test worker] DEBUG o.s.b.f.s.DefaultListableBeanFactory - Returning cached instance of singleton bean 'requestDataValueProcessor'
15:56:21.401 [Test worker] DEBUG o.s.web.servlet.view.JstlView - Forwarding to resource [/WEB-INF/views/new-change-request.jsp] in InternalResourceView 'new-change-request'
15:56:21.401 [Test worker] DEBUG o.s.mock.web.MockRequestDispatcher - MockRequestDispatcher: forwarding to [/WEB-INF/views/new-change-request.jsp]
15:56:21.401 [Test worker] DEBUG o.s.o.j.s.OpenEntityManagerInViewInterceptor - Closing JPA EntityManager in OpenEntityManagerInViewInterceptor
15:56:21.401 [Test worker] DEBUG o.s.o.jpa.EntityManagerFactoryUtils - Closing JPA EntityManager
15:56:21.401 [Test worker] DEBUG o.h.e.j.i.LogicalConnectionImpl - Releasing JDBC connection
15:56:21.401 [Test worker] DEBUG o.h.e.j.i.LogicalConnectionImpl - Released JDBC connection
15:56:21.401 [Test worker] DEBUG o.s.t.w.s.TestDispatcherServlet - Successfully completed request
15:56:21.402 [Test worker] DEBUG o.s.o.j.SharedEntityManagerCreator$SharedEntityManagerInvocationHandler - Creating new EntityManager for shared EntityManager invocation
15:56:21.403 [Test worker] DEBUG o.h.jpa.criteria.CriteriaQueryImpl - Rendered criteria query -> select generatedAlias0 from Request as generatedAlias0 where generatedAlias0.id=:param0
15:56:21.403 [Test worker] DEBUG org.hibernate.SQL - select request0_.request_id as request_1_3_, request0_.assign_to as assign_t2_3_, request0_.created_by as created_3_3_, request0_.date_created as date_cre4_3_, request0_.date_complete as date_com5_3_, request0_.due_date as due_date6_3_, request0_.priority as priority7_3_, request0_.reject_reason as reject_r8_3_, request0_.req_desc as req_desc9_3_, request0_.req_solution as req_sol10_3_, request0_.sci_id as sci_id11_3_, request0_.status as status12_3_, request0_.assigned_to as assigne13_3_, request0_.version_id as version14_3_ from request request0_ where request0_.request_id=?
15:56:21.403 [Test worker] DEBUG o.h.e.j.i.LogicalConnectionImpl - Obtaining JDBC connection
15:56:21.403 [Test worker] DEBUG o.s.j.d.DriverManagerDataSource - Creating new JDBC DriverManager Connection to [jdbc:mysql://127.0.0.1:3306/wrp3]
15:56:21.406 [Test worker] DEBUG o.h.e.j.i.LogicalConnectionImpl - Obtained JDBC connection
15:56:21.407 [Test worker] DEBUG org.hibernate.loader.Loader - Result set row: 0
15:56:21.407 [Test worker] DEBUG org.hibernate.loader.Loader - Result row: EntityKey[sciConsole.domain.Request#13]
15:56:21.407 [Test worker] DEBUG o.h.engine.internal.TwoPhaseLoad - Resolving associations for [sciConsole.domain.Request#13]
15:56:21.407 [Test worker] DEBUG o.h.engine.internal.TwoPhaseLoad - Done materializing entity [sciConsole.domain.Request#13]
15:56:21.408 [Test worker] DEBUG o.s.o.jpa.EntityManagerFactoryUtils - Closing JPA EntityManager
15:56:21.408 [Test worker] DEBUG o.h.e.j.i.LogicalConnectionImpl - Releasing JDBC connection
15:56:21.408 [Test worker] DEBUG o.h.e.j.i.LogicalConnectionImpl - Released JDBC connection
15:56:21.409 [Test worker] DEBUG o.s.orm.jpa.JpaTransactionManager - Creating new transaction with name [org.springframework.data.jpa.repository.support.SimpleJpaRepository.deleteAll]: PROPAGATION_REQUIRED,ISOLATION_DEFAULT; ''
15:56:21.409 [Test worker] DEBUG o.s.orm.jpa.JpaTransactionManager - Opened new EntityManager [org.hibernate.jpa.internal.EntityManagerImpl@45d0c8b9] for JPA transaction
15:56:21.409 [Test worker] DEBUG o.h.e.t.spi.AbstractTransactionImpl - begin
15:56:21.409 [Test worker] DEBUG o.h.e.j.i.LogicalConnectionImpl - Obtaining JDBC connection
15:56:21.409 [Test worker] DEBUG o.s.j.d.DriverManagerDataSource - Creating new JDBC DriverManager Connection to [jdbc:mysql://127.0.0.1:3306/wrp3]
15:56:21.412 [Test worker] DEBUG o.h.e.j.i.LogicalConnectionImpl - Obtained JDBC connection
15:56:21.412 [Test worker] DEBUG o.h.e.t.i.jdbc.JdbcTransaction - initial autocommit status: true
15:56:21.412 [Test worker] DEBUG o.h.e.t.i.jdbc.JdbcTransaction - disabling autocommit
15:56:21.413 [Test worker] DEBUG o.s.orm.jpa.JpaTransactionManager - Exposing JPA transaction as JDBC transaction [org.springframework.orm.jpa.vendor.HibernateJpaDialect$HibernateConnectionHandle@7035d1ac]
15:56:21.413 [Test worker] DEBUG o.h.jpa.criteria.CriteriaQueryImpl - Rendered criteria query -> select generatedAlias0 from Request as generatedAlias0
15:56:21.413 [Test worker] DEBUG org.hibernate.SQL - select request0_.request_id as request_1_3_, request0_.assign_to as assign_t2_3_, request0_.created_by as created_3_3_, request0_.date_created as date_cre4_3_, request0_.date_complete as date_com5_3_, request0_.due_date as due_date6_3_, request0_.priority as priority7_3_, request0_.reject_reason as reject_r8_3_, request0_.req_desc as req_desc9_3_, request0_.req_solution as req_sol10_3_, request0_.sci_id as sci_id11_3_, request0_.status as status12_3_, request0_.assigned_to as assigne13_3_, request0_.version_id as version14_3_ from request request0_
15:56:21.413 [Test worker] DEBUG org.hibernate.loader.Loader - Result set row: 0
15:56:21.414 [Test worker] DEBUG org.hibernate.loader.Loader - Result row: EntityKey[sciConsole.domain.Request#13]
15:56:21.414 [Test worker] DEBUG o.h.engine.internal.TwoPhaseLoad - Resolving associations for [sciConsole.domain.Request#13]
15:56:21.414 [Test worker] DEBUG o.h.engine.internal.TwoPhaseLoad - Done materializing entity [sciConsole.domain.Request#13]
15:56:21.414 [Test worker] DEBUG o.s.orm.jpa.JpaTransactionManager - Initiating transaction commit
15:56:21.414 [Test worker] DEBUG o.s.orm.jpa.JpaTransactionManager - Committing JPA transaction on EntityManager [org.hibernate.jpa.internal.EntityManagerImpl@45d0c8b9]
15:56:21.414 [Test worker] DEBUG o.h.e.t.spi.AbstractTransactionImpl - committing
15:56:21.414 [Test worker] DEBUG o.h.e.i.AbstractFlushingEventListener - Processing flush-time cascades
15:56:21.415 [Test worker] DEBUG o.h.e.i.AbstractFlushingEventListener - Dirty checking collections
15:56:21.415 [Test worker] DEBUG o.h.e.i.AbstractFlushingEventListener - Flushed: 0 insertions, 0 updates, 1 deletions to 1 objects
15:56:21.415 [Test worker] DEBUG o.h.e.i.AbstractFlushingEventListener - Flushed: 0 (re)creations, 0 updates, 0 removals to 0 collections
15:56:21.415 [Test worker] DEBUG o.h.internal.util.EntityPrinter - Listing entities:
15:56:21.415 [Test worker] DEBUG o.h.internal.util.EntityPrinter - sciConsole.domain.Request{date=2016-01-11 15:56:21.0, dueDate=2016-01-25 15:56:21.0, priority=null, type=1, versionId=1, rejectReason=null, createdBy=44, dateComplete=null, reqDesc=New Feature, sciId=1, reqSolution=Extension of Module A, id=13, assignTo=null, status=0}
15:56:21.415 [Test worker] DEBUG org.hibernate.SQL - delete from request where request_id=?
15:56:21.418 [Test worker] DEBUG o.h.e.t.i.jdbc.JdbcTransaction - committed JDBC Connection
15:56:21.418 [Test worker] DEBUG o.h.e.t.i.jdbc.JdbcTransaction - re-enabling autocommit
15:56:21.418 [Test worker] DEBUG o.s.orm.jpa.JpaTransactionManager - Closing JPA EntityManager [org.hibernate.jpa.internal.EntityManagerImpl@45d0c8b9] after transaction
15:56:21.418 [Test worker] DEBUG o.s.o.jpa.EntityManagerFactoryUtils - Closing JPA EntityManager
15:56:21.418 [Test worker] DEBUG o.h.e.j.internal.JdbcCoordinatorImpl - HHH000420: Closing un-released batch
15:56:21.418 [Test worker] DEBUG o.h.e.j.i.LogicalConnectionImpl - Releasing JDBC connection
15:56:21.419 [Test worker] DEBUG o.h.e.j.i.LogicalConnectionImpl - Released JDBC connection
15:56:21.419 [Test worker] DEBUG o.s.orm.jpa.JpaTransactionManager - Creating new transaction with name [org.springframework.data.jpa.repository.support.SimpleJpaRepository.save]: PROPAGATION_REQUIRED,ISOLATION_DEFAULT; ''
15:56:21.419 [Test worker] DEBUG o.s.orm.jpa.JpaTransactionManager - Opened new EntityManager [org.hibernate.jpa.internal.EntityManagerImpl@e02fba5] for JPA transaction
15:56:21.419 [Test worker] DEBUG o.h.e.t.spi.AbstractTransactionImpl - begin
15:56:21.419 [Test worker] DEBUG o.h.e.j.i.LogicalConnectionImpl - Obtaining JDBC connection
15:56:21.419 [Test worker] DEBUG o.s.j.d.DriverManagerDataSource - Creating new JDBC DriverManager Connection to [jdbc:mysql://127.0.0.1:3306/wrp3]
15:56:21.422 [Test worker] DEBUG o.h.e.j.i.LogicalConnectionImpl - Obtained JDBC connection
15:56:21.422 [Test worker] DEBUG o.h.e.t.i.jdbc.JdbcTransaction - initial autocommit status: true
15:56:21.422 [Test worker] DEBUG o.h.e.t.i.jdbc.JdbcTransaction - disabling autocommit
15:56:21.422 [Test worker] DEBUG o.s.orm.jpa.JpaTransactionManager - Exposing JPA transaction as JDBC transaction [org.springframework.orm.jpa.vendor.HibernateJpaDialect$HibernateConnectionHandle@1ed3ff59]
15:56:21.422 [Test worker] DEBUG o.s.orm.jpa.JpaTransactionManager - Initiating transaction commit
15:56:21.422 [Test worker] DEBUG o.s.orm.jpa.JpaTransactionManager - Committing JPA transaction on EntityManager [org.hibernate.jpa.internal.EntityManagerImpl@e02fba5]
15:56:21.422 [Test worker] DEBUG o.h.e.t.spi.AbstractTransactionImpl - committing
15:56:21.423 [Test worker] DEBUG o.h.e.t.i.jdbc.JdbcTransaction - committed JDBC Connection
15:56:21.423 [Test worker] DEBUG o.h.e.t.i.jdbc.JdbcTransaction - re-enabling autocommit
15:56:21.423 [Test worker] DEBUG o.s.orm.jpa.JpaTransactionManager - Closing JPA EntityManager [org.hibernate.jpa.internal.EntityManagerImpl@e02fba5] after transaction
15:56:21.423 [Test worker] DEBUG o.s.o.jpa.EntityManagerFactoryUtils - Closing JPA EntityManager
15:56:21.423 [Test worker] DEBUG o.h.e.j.i.LogicalConnectionImpl - Releasing JDBC connection
15:56:21.423 [Test worker] DEBUG o.h.e.j.i.LogicalConnectionImpl - Released JDBC connection
15:56:21.423 [Test worker] DEBUG o.s.orm.jpa.JpaTransactionManager - Creating new transaction with name [org.springframework.data.jpa.repository.support.SimpleJpaRepository.deleteAll]: PROPAGATION_REQUIRED,ISOLATION_DEFAULT; ''
15:56:21.423 [Test worker] DEBUG o.s.orm.jpa.JpaTransactionManager - Opened new EntityManager [org.hibernate.jpa.internal.EntityManagerImpl@29b29fe0] for JPA transaction
15:56:21.424 [Test worker] DEBUG o.h.e.t.spi.AbstractTransactionImpl - begin
15:56:21.424 [Test worker] DEBUG o.h.e.j.i.LogicalConnectionImpl - Obtaining JDBC connection
15:56:21.424 [Test worker] DEBUG o.s.j.d.DriverManagerDataSource - Creating new JDBC DriverManager Connection to [jdbc:mysql://127.0.0.1:3306/wrp3]
15:56:21.427 [Test worker] DEBUG o.h.e.j.i.LogicalConnectionImpl - Obtained JDBC connection
15:56:21.427 [Test worker] DEBUG o.h.e.t.i.jdbc.JdbcTransaction - initial autocommit status: true
15:56:21.427 [Test worker] DEBUG o.h.e.t.i.jdbc.JdbcTransaction - disabling autocommit
15:56:21.427 [Test worker] DEBUG o.s.orm.jpa.JpaTransactionManager - Exposing JPA transaction as JDBC transaction [org.springframework.orm.jpa.vendor.HibernateJpaDialect$HibernateConnectionHandle@690ce3c2]
15:56:21.427 [Test worker] DEBUG o.h.jpa.criteria.CriteriaQueryImpl - Rendered criteria query -> select generatedAlias0 from Request as generatedAlias0
15:56:21.427 [Test worker] DEBUG org.hibernate.SQL - select request0_.request_id as request_1_3_, request0_.assign_to as assign_t2_3_, request0_.created_by as created_3_3_, request0_.date_created as date_cre4_3_, request0_.date_complete as date_com5_3_, request0_.due_date as due_date6_3_, request0_.priority as priority7_3_, request0_.reject_reason as reject_r8_3_, request0_.req_desc as req_desc9_3_, request0_.req_solution as req_sol10_3_, request0_.sci_id as sci_id11_3_, request0_.status as status12_3_, request0_.assigned_to as assigne13_3_, request0_.version_id as version14_3_ from request request0_
15:56:21.428 [Test worker] DEBUG o.s.orm.jpa.JpaTransactionManager - Initiating transaction commit
15:56:21.428 [Test worker] DEBUG o.s.orm.jpa.JpaTransactionManager - Committing JPA transaction on EntityManager [org.hibernate.jpa.internal.EntityManagerImpl@29b29fe0]
15:56:21.428 [Test worker] DEBUG o.h.e.t.spi.AbstractTransactionImpl - committing
15:56:21.428 [Test worker] DEBUG o.h.e.t.i.jdbc.JdbcTransaction - committed JDBC Connection
15:56:21.428 [Test worker] DEBUG o.h.e.t.i.jdbc.JdbcTransaction - re-enabling autocommit
15:56:21.428 [Test worker] DEBUG o.s.orm.jpa.JpaTransactionManager - Closing JPA EntityManager [org.hibernate.jpa.internal.EntityManagerImpl@29b29fe0] after transaction
15:56:21.428 [Test worker] DEBUG o.s.o.jpa.EntityManagerFactoryUtils - Closing JPA EntityManager
15:56:21.428 [Test worker] DEBUG o.h.e.j.i.LogicalConnectionImpl - Releasing JDBC connection
15:56:21.429 [Test worker] DEBUG o.h.e.j.i.LogicalConnectionImpl - Released JDBC connection
15:56:21.429 [Test worker] DEBUG o.s.orm.jpa.JpaTransactionManager - Creating new transaction with name [org.springframework.data.jpa.repository.support.SimpleJpaRepository.save]: PROPAGATION_REQUIRED,ISOLATION_DEFAULT; ''
15:56:21.429 [Test worker] DEBUG o.s.orm.jpa.JpaTransactionManager - Opened new EntityManager [org.hibernate.jpa.internal.EntityManagerImpl@6bb08f06] for JPA transaction
15:56:21.429 [Test worker] DEBUG o.h.e.t.spi.AbstractTransactionImpl - begin
15:56:21.429 [Test worker] DEBUG o.h.e.j.i.LogicalConnectionImpl - Obtaining JDBC connection
15:56:21.429 [Test worker] DEBUG o.s.j.d.DriverManagerDataSource - Creating new JDBC DriverManager Connection to [jdbc:mysql://127.0.0.1:3306/wrp3]
15:56:21.432 [Test worker] DEBUG o.h.e.j.i.LogicalConnectionImpl - Obtained JDBC connection
15:56:21.432 [Test worker] DEBUG o.h.e.t.i.jdbc.JdbcTransaction - initial autocommit status: true
15:56:21.432 [Test worker] DEBUG o.h.e.t.i.jdbc.JdbcTransaction - disabling autocommit
15:56:21.432 [Test worker] DEBUG o.s.orm.jpa.JpaTransactionManager - Exposing JPA transaction as JDBC transaction [org.springframework.orm.jpa.vendor.HibernateJpaDialect$HibernateConnectionHandle@17c5a510]
15:56:21.432 [Test worker] DEBUG o.s.orm.jpa.JpaTransactionManager - Initiating transaction commit
15:56:21.432 [Test worker] DEBUG o.s.orm.jpa.JpaTransactionManager - Committing JPA transaction on EntityManager [org.hibernate.jpa.internal.EntityManagerImpl@6bb08f06]
15:56:21.432 [Test worker] DEBUG o.h.e.t.spi.AbstractTransactionImpl - committing
15:56:21.433 [Test worker] DEBUG o.h.e.t.i.jdbc.JdbcTransaction - committed JDBC Connection
15:56:21.433 [Test worker] DEBUG o.h.e.t.i.jdbc.JdbcTransaction - re-enabling autocommit
15:56:21.433 [Test worker] DEBUG o.s.orm.jpa.JpaTransactionManager - Closing JPA EntityManager [org.hibernate.jpa.internal.EntityManagerImpl@6bb08f06] after transaction
15:56:21.433 [Test worker] DEBUG o.s.o.jpa.EntityManagerFactoryUtils - Closing JPA EntityManager
15:56:21.433 [Test worker] DEBUG o.h.e.j.i.LogicalConnectionImpl - Releasing JDBC connection
15:56:21.433 [Test worker] DEBUG o.h.e.j.i.LogicalConnectionImpl - Released JDBC connection
15:56:21.433 [Test worker] DEBUG o.s.orm.jpa.JpaTransactionManager - Creating new transaction with name [org.springframework.data.jpa.repository.support.SimpleJpaRepository.deleteAll]: PROPAGATION_REQUIRED,ISOLATION_DEFAULT; ''
15:56:21.433 [Test worker] DEBUG o.s.orm.jpa.JpaTransactionManager - Opened new EntityManager [org.hibernate.jpa.internal.EntityManagerImpl@1c84701a] for JPA transaction
15:56:21.433 [Test worker] DEBUG o.h.e.t.spi.AbstractTransactionImpl - begin
15:56:21.433 [Test worker] DEBUG o.h.e.j.i.LogicalConnectionImpl - Obtaining JDBC connection
15:56:21.433 [Test worker] DEBUG o.s.j.d.DriverManagerDataSource - Creating new JDBC DriverManager Connection to [jdbc:mysql://127.0.0.1:3306/wrp3]
15:56:21.437 [Test worker] DEBUG o.h.e.j.i.LogicalConnectionImpl - Obtained JDBC connection
15:56:21.437 [Test worker] DEBUG o.h.e.t.i.jdbc.JdbcTransaction - initial autocommit status: true
15:56:21.437 [Test worker] DEBUG o.h.e.t.i.jdbc.JdbcTransaction - disabling autocommit
15:56:21.437 [Test worker] DEBUG o.s.orm.jpa.JpaTransactionManager - Exposing JPA transaction as JDBC transaction [org.springframework.orm.jpa.vendor.HibernateJpaDialect$HibernateConnectionHandle@565648a0]
15:56:21.437 [Test worker] DEBUG o.h.jpa.criteria.CriteriaQueryImpl - Rendered criteria query -> select generatedAlias0 from User as generatedAlias0
15:56:21.438 [Test worker] DEBUG org.hibernate.SQL - select user0_.id as id1_8_, user0_.login as login2_8_, user0_.password as password3_8_, user0_1_.role_id as role_id1_7_ from users user0_ left outer join user_roles user0_1_ on user0_.id=user0_1_.user_id
15:56:21.438 [Test worker] DEBUG org.hibernate.loader.Loader - Result set row: 0
15:56:21.438 [Test worker] DEBUG org.hibernate.loader.Loader - Result row: EntityKey[sciConsole.domain.User#43]
15:56:21.438 [Test worker] DEBUG org.hibernate.loader.Loader - Result set row: 1
15:56:21.438 [Test worker] DEBUG org.hibernate.loader.Loader - Result row: EntityKey[sciConsole.domain.User#44]
15:56:21.438 [Test worker] DEBUG o.h.engine.internal.TwoPhaseLoad - Resolving associations for [sciConsole.domain.User#43]
15:56:21.438 [Test worker] DEBUG org.hibernate.SQL - select role0_.id as id1_4_0_, role0_.role as role2_4_0_ from roles role0_ where role0_.id=?
15:56:21.439 [Test worker] DEBUG o.h.l.p.e.p.i.ResultSetProcessorImpl - Starting ResultSet row #0
15:56:21.439 [Test worker] DEBUG o.h.l.p.e.p.i.EntityReferenceInitializerImpl - On call to EntityIdentifierReaderImpl#resolve, EntityKey was already known; should only happen on root returns with an optional identifier specified
15:56:21.439 [Test worker] DEBUG o.h.engine.internal.TwoPhaseLoad - Resolving associations for [sciConsole.domain.Role#2]
15:56:21.439 [Test worker] DEBUG o.h.engine.internal.TwoPhaseLoad - Done materializing entity [sciConsole.domain.Role#2]
15:56:21.439 [Test worker] DEBUG o.h.l.e.p.AbstractLoadPlanBasedEntityLoader - Done entity load : sciConsole.domain.Role#2
15:56:21.439 [Test worker] DEBUG o.h.engine.internal.TwoPhaseLoad - Done materializing entity [sciConsole.domain.User#43]
15:56:21.439 [Test worker] DEBUG o.h.engine.internal.TwoPhaseLoad - Resolving associations for [sciConsole.domain.User#44]
15:56:21.440 [Test worker] DEBUG org.hibernate.SQL - select role0_.id as id1_4_0_, role0_.role as role2_4_0_ from roles role0_ where role0_.id=?
15:56:21.440 [Test worker] DEBUG o.h.l.p.e.p.i.ResultSetProcessorImpl - Starting ResultSet row #0
15:56:21.440 [Test worker] DEBUG o.h.l.p.e.p.i.EntityReferenceInitializerImpl - On call to EntityIdentifierReaderImpl#resolve, EntityKey was already known; should only happen on root returns with an optional identifier specified
15:56:21.440 [Test worker] DEBUG o.h.engine.internal.TwoPhaseLoad - Resolving associations for [sciConsole.domain.Role#1]
15:56:21.440 [Test worker] DEBUG o.h.engine.internal.TwoPhaseLoad - Done materializing entity [sciConsole.domain.Role#1]
15:56:21.440 [Test worker] DEBUG o.h.l.e.p.AbstractLoadPlanBasedEntityLoader - Done entity load : sciConsole.domain.Role#1
15:56:21.440 [Test worker] DEBUG o.h.engine.internal.TwoPhaseLoad - Done materializing entity [sciConsole.domain.User#44]
15:56:21.441 [Test worker] DEBUG o.h.l.c.p.AbstractLoadPlanBasedCollectionInitializer - Loading collection: [sciConsole.domain.Role.userRoles#2]
15:56:21.441 [Test worker] DEBUG org.hibernate.SQL - select userroles0_.role_id as role_id1_4_0_, userroles0_.user_id as user_id2_7_0_, user1_.id as id1_8_1_, user1_.login as login2_8_1_, user1_.password as password3_8_1_, user1_1_.role_id as role_id1_7_1_ from user_roles userroles0_ inner join users user1_ on userroles0_.user_id=user1_.id left outer join user_roles user1_1_ on user1_.id=user1_1_.user_id where userroles0_.role_id=?
15:56:21.441 [Test worker] DEBUG o.h.l.p.e.p.i.ResultSetProcessorImpl - Preparing collection intializer : [sciConsole.domain.Role.userRoles#2]
15:56:21.441 [Test worker] DEBUG o.h.l.p.e.p.i.ResultSetProcessorImpl - Starting ResultSet row #0
15:56:21.441 [Test worker] DEBUG o.h.l.p.e.p.i.CollectionReferenceInitializerImpl - Found row of collection: [sciConsole.domain.Role.userRoles#2]
15:56:21.442 [Test worker] DEBUG o.h.e.l.i.CollectionLoadContext - 1 collections were found in result set for role: sciConsole.domain.Role.userRoles
15:56:21.442 [Test worker] DEBUG o.h.e.l.i.CollectionLoadContext - Collection fully initialized: [sciConsole.domain.Role.userRoles#2]
15:56:21.442 [Test worker] DEBUG o.h.e.l.i.CollectionLoadContext - 1 collections initialized for role: sciConsole.domain.Role.userRoles
15:56:21.442 [Test worker] DEBUG o.h.l.c.p.AbstractLoadPlanBasedCollectionInitializer - Done loading collection
15:56:21.442 [Test worker] DEBUG o.h.l.c.p.AbstractLoadPlanBasedCollectionInitializer - Loading collection: [sciConsole.domain.Role.userRoles#1]
15:56:21.442 [Test worker] DEBUG org.hibernate.SQL - select userroles0_.role_id as role_id1_4_0_, userroles0_.user_id as user_id2_7_0_, user1_.id as id1_8_1_, user1_.login as login2_8_1_, user1_.password as password3_8_1_, user1_1_.role_id as role_id1_7_1_ from user_roles userroles0_ inner join users user1_ on userroles0_.user_id=user1_.id left outer join user_roles user1_1_ on user1_.id=user1_1_.user_id where userroles0_.role_id=?
15:56:21.443 [Test worker] DEBUG o.h.l.p.e.p.i.ResultSetProcessorImpl - Preparing collection intializer : [sciConsole.domain.Role.userRoles#1]
15:56:21.443 [Test worker] DEBUG o.h.l.p.e.p.i.ResultSetProcessorImpl - Starting ResultSet row #0
15:56:21.443 [Test worker] DEBUG o.h.l.p.e.p.i.CollectionReferenceInitializerImpl - Found row of collection: [sciConsole.domain.Role.userRoles#1]
15:56:21.443 [Test worker] DEBUG o.h.e.l.i.CollectionLoadContext - 1 collections were found in result set for role: sciConsole.domain.Role.userRoles
15:56:21.443 [Test worker] DEBUG o.h.e.l.i.CollectionLoadContext - Collection fully initialized: [sciConsole.domain.Role.userRoles#1]
15:56:21.443 [Test worker] DEBUG o.h.e.l.i.CollectionLoadContext - 1 collections initialized for role: sciConsole.domain.Role.userRoles
15:56:21.443 [Test worker] DEBUG o.h.l.c.p.AbstractLoadPlanBasedCollectionInitializer - Done loading collection
15:56:21.443 [Test worker] DEBUG o.s.orm.jpa.JpaTransactionManager - Initiating transaction commit
15:56:21.443 [Test worker] DEBUG o.s.orm.jpa.JpaTransactionManager - Committing JPA transaction on EntityManager [org.hibernate.jpa.internal.EntityManagerImpl@1c84701a]
15:56:21.443 [Test worker] DEBUG o.h.e.t.spi.AbstractTransactionImpl - committing
15:56:21.443 [Test worker] DEBUG o.h.e.i.AbstractFlushingEventListener - Processing flush-time cascades
15:56:21.443 [Test worker] DEBUG o.h.e.i.AbstractFlushingEventListener - Dirty checking collections
15:56:21.444 [Test worker] DEBUG o.h.engine.internal.Collections - Collection dereferenced: [sciConsole.domain.Role.userRoles#2]
15:56:21.444 [Test worker] DEBUG o.h.engine.internal.Collections - Collection dereferenced: [sciConsole.domain.Role.userRoles#1]
15:56:21.444 [Test worker] DEBUG o.h.e.i.AbstractFlushingEventListener - Flushed: 0 insertions, 0 updates, 4 deletions to 4 objects
15:56:21.444 [Test worker] DEBUG o.h.e.i.AbstractFlushingEventListener - Flushed: 0 (re)creations, 0 updates, 2 removals to 2 collections
15:56:21.444 [Test worker] DEBUG o.h.internal.util.EntityPrinter - Listing entities:
15:56:21.444 [Test worker] DEBUG o.h.internal.util.EntityPrinter - sciConsole.domain.User{password=$2a$10$sbTqPCC0wB2c4IE5Y5RCdeWLIvtjAKEHFzHluAg7LiqkSdZNujJn2, role=sciConsole.domain.Role#2, id=43, login=Alice}
15:56:21.444 [Test worker] DEBUG o.h.internal.util.EntityPrinter - sciConsole.domain.User{password=$2a$10$UQ/jCMwn14H5VdHO4or0L.xvlGoplsSsRXHjXdbYij9UEArHJzsE2, role=sciConsole.domain.Role#1, id=44, login=Bob}
15:56:21.444 [Test worker] DEBUG o.h.internal.util.EntityPrinter - sciConsole.domain.Role{userRoles=[sciConsole.domain.User#44], role=MANAGER, id=1}
15:56:21.444 [Test worker] DEBUG o.h.internal.util.EntityPrinter - sciConsole.domain.Role{userRoles=[sciConsole.domain.User#43], role=DEVELOPER, id=2}
15:56:21.444 [Test worker] DEBUG o.h.p.c.AbstractCollectionPersister - Deleting collection: [sciConsole.domain.Role.userRoles#2]
15:56:21.444 [Test worker] DEBUG org.hibernate.SQL - delete from user_roles where role_id=?
15:56:21.445 [Test worker] DEBUG o.h.p.c.AbstractCollectionPersister - Done deleting collection
15:56:21.445 [Test worker] DEBUG o.h.p.c.AbstractCollectionPersister - Deleting collection: [sciConsole.domain.Role.userRoles#1]
15:56:21.445 [Test worker] DEBUG org.hibernate.SQL - delete from user_roles where role_id=?
15:56:21.445 [Test worker] DEBUG o.h.p.c.AbstractCollectionPersister - Done deleting collection
15:56:21.445 [Test worker] DEBUG org.hibernate.SQL - delete from user_roles where user_id=?
15:56:21.446 [Test worker] DEBUG org.hibernate.SQL - delete from users where id=?
15:56:21.446 [Test worker] DEBUG org.hibernate.SQL - delete from roles where id=?
15:56:21.447 [Test worker] DEBUG org.hibernate.SQL - delete from user_roles where user_id=?
15:56:21.447 [Test worker] DEBUG org.hibernate.SQL - delete from users where id=?
15:56:21.448 [Test worker] DEBUG org.hibernate.SQL - delete from roles where id=?
15:56:21.451 [Test worker] DEBUG o.h.e.t.i.jdbc.JdbcTransaction - committed JDBC Connection
15:56:21.451 [Test worker] DEBUG o.h.e.t.i.jdbc.JdbcTransaction - re-enabling autocommit
15:56:21.451 [Test worker] DEBUG o.s.orm.jpa.JpaTransactionManager - Closing JPA EntityManager [org.hibernate.jpa.internal.EntityManagerImpl@1c84701a] after transaction
15:56:21.451 [Test worker] DEBUG o.s.o.jpa.EntityManagerFactoryUtils - Closing JPA EntityManager
15:56:21.451 [Test worker] DEBUG o.h.e.j.internal.JdbcCoordinatorImpl - HHH000420: Closing un-released batch
15:56:21.451 [Test worker] DEBUG o.h.e.j.i.LogicalConnectionImpl - Releasing JDBC connection
15:56:21.451 [Test worker] DEBUG o.h.e.j.i.LogicalConnectionImpl - Released JDBC connection
15:56:21.451 [Test worker] DEBUG o.s.orm.jpa.JpaTransactionManager - Creating new transaction with name [org.springframework.data.jpa.repository.support.SimpleJpaRepository.deleteAll]: PROPAGATION_REQUIRED,ISOLATION_DEFAULT; ''
15:56:21.452 [Test worker] DEBUG o.s.orm.jpa.JpaTransactionManager - Opened new EntityManager [org.hibernate.jpa.internal.EntityManagerImpl@487e876b] for JPA transaction
15:56:21.452 [Test worker] DEBUG o.h.e.t.spi.AbstractTransactionImpl - begin
15:56:21.452 [Test worker] DEBUG o.h.e.j.i.LogicalConnectionImpl - Obtaining JDBC connection
15:56:21.452 [Test worker] DEBUG o.s.j.d.DriverManagerDataSource - Creating new JDBC DriverManager Connection to [jdbc:mysql://127.0.0.1:3306/wrp3]
15:56:21.455 [Test worker] DEBUG o.h.e.j.i.LogicalConnectionImpl - Obtained JDBC connection
15:56:21.455 [Test worker] DEBUG o.h.e.t.i.jdbc.JdbcTransaction - initial autocommit status: true
15:56:21.455 [Test worker] DEBUG o.h.e.t.i.jdbc.JdbcTransaction - disabling autocommit
15:56:21.455 [Test worker] DEBUG o.s.orm.jpa.JpaTransactionManager - Exposing JPA transaction as JDBC transaction [org.springframework.orm.jpa.vendor.HibernateJpaDialect$HibernateConnectionHandle@1e3909ed]
15:56:21.455 [Test worker] DEBUG o.h.jpa.criteria.CriteriaQueryImpl - Rendered criteria query -> select generatedAlias0 from Role as generatedAlias0
15:56:21.455 [Test worker] DEBUG org.hibernate.SQL - select role0_.id as id1_4_, role0_.role as role2_4_ from roles role0_
15:56:21.456 [Test worker] DEBUG o.s.orm.jpa.JpaTransactionManager - Initiating transaction commit
15:56:21.456 [Test worker] DEBUG o.s.orm.jpa.JpaTransactionManager - Committing JPA transaction on EntityManager [org.hibernate.jpa.internal.EntityManagerImpl@487e876b]
15:56:21.456 [Test worker] DEBUG o.h.e.t.spi.AbstractTransactionImpl - committing
15:56:21.456 [Test worker] DEBUG o.h.e.t.i.jdbc.JdbcTransaction - committed JDBC Connection
15:56:21.456 [Test worker] DEBUG o.h.e.t.i.jdbc.JdbcTransaction - re-enabling autocommit
15:56:21.456 [Test worker] DEBUG o.s.orm.jpa.JpaTransactionManager - Closing JPA EntityManager [org.hibernate.jpa.internal.EntityManagerImpl@487e876b] after transaction
15:56:21.456 [Test worker] DEBUG o.s.o.jpa.EntityManagerFactoryUtils - Closing JPA EntityManager
15:56:21.456 [Test worker] DEBUG o.h.e.j.i.LogicalConnectionImpl - Releasing JDBC connection
15:56:21.456 [Test worker] DEBUG o.h.e.j.i.LogicalConnectionImpl - Released JDBC connection
15:56:21.456 [Test worker] DEBUG o.s.orm.jpa.JpaTransactionManager - Creating new transaction with name [org.springframework.data.jpa.repository.support.SimpleJpaRepository.save]: PROPAGATION_REQUIRED,ISOLATION_DEFAULT; ''
15:56:21.457 [Test worker] DEBUG o.s.orm.jpa.JpaTransactionManager - Opened new EntityManager [org.hibernate.jpa.internal.EntityManagerImpl@4896bbbe] for JPA transaction
15:56:21.457 [Test worker] DEBUG o.h.e.t.spi.AbstractTransactionImpl - begin
15:56:21.457 [Test worker] DEBUG o.h.e.j.i.LogicalConnectionImpl - Obtaining JDBC connection
15:56:21.457 [Test worker] DEBUG o.s.j.d.DriverManagerDataSource - Creating new JDBC DriverManager Connection to [jdbc:mysql://127.0.0.1:3306/wrp3]
15:56:21.459 [Test worker] DEBUG o.h.e.j.i.LogicalConnectionImpl - Obtained JDBC connection
15:56:21.459 [Test worker] DEBUG o.h.e.t.i.jdbc.JdbcTransaction - initial autocommit status: true
15:56:21.459 [Test worker] DEBUG o.h.e.t.i.jdbc.JdbcTransaction - disabling autocommit
15:56:21.460 [Test worker] DEBUG o.s.orm.jpa.JpaTransactionManager - Exposing JPA transaction as JDBC transaction [org.springframework.orm.jpa.vendor.HibernateJpaDialect$HibernateConnectionHandle@25bbb433]
15:56:21.460 [Test worker] DEBUG org.hibernate.loader.Loader - Loading entity: [sciConsole.domain.User#43]
15:56:21.460 [Test worker] DEBUG org.hibernate.SQL - select user0_.id as id1_8_1_, user0_.login as login2_8_1_, user0_.password as password3_8_1_, user0_1_.role_id as role_id1_7_1_, role1_.id as id1_4_0_, role1_.role as role2_4_0_ from users user0_ left outer join user_roles user0_1_ on user0_.id=user0_1_.user_id left outer join roles role1_ on user0_1_.role_id=role1_.id where user0_.id=?
15:56:21.461 [Test worker] DEBUG org.hibernate.loader.Loader - Done entity load
15:56:21.461 [Test worker] DEBUG org.hibernate.loader.Loader - Loading entity: [sciConsole.domain.Role#2]
15:56:21.461 [Test worker] DEBUG org.hibernate.SQL - select role0_.id as id1_4_1_, role0_.role as role2_4_1_, userroles1_.role_id as role_id1_4_3_, user2_.id as user_id2_7_3_, user2_.id as id1_8_0_, user2_.login as login2_8_0_, user2_.password as password3_8_0_, user2_1_.role_id as role_id1_7_0_ from roles role0_ left outer join user_roles userroles1_ on role0_.id=userroles1_.role_id left outer join users user2_ on userroles1_.user_id=user2_.id left outer join user_roles user2_1_ on user2_.id=user2_1_.user_id where role0_.id=?
15:56:21.461 [Test worker] DEBUG o.h.e.l.i.CollectionLoadContext - No collections were found in result set for role: sciConsole.domain.Role.userRoles
15:56:21.461 [Test worker] DEBUG org.hibernate.loader.Loader - Done entity load
15:56:21.461 [Test worker] DEBUG o.h.e.i.AbstractSaveEventListener - Generated identifier: 2, using strategy: org.hibernate.id.Assigned
15:56:21.462 [Test worker] DEBUG org.hibernate.SQL - insert into roles (role, id) values (?, ?)
15:56:21.463 [Test worker] DEBUG org.hibernate.engine.spi.ActionQueue - Executing identity-insert immediately
15:56:21.463 [Test worker] DEBUG org.hibernate.SQL - insert into users (login, password) values (?, ?)
15:56:21.463 [Test worker] DEBUG o.h.id.IdentifierGeneratorHelper - Natively generated identity: 45
15:56:21.463 [Test worker] DEBUG org.hibernate.SQL - insert into user_roles (role_id, user_id) values (?, ?)
15:56:21.464 [Test worker] DEBUG org.hibernate.loader.Loader - Loading entity: [sciConsole.domain.User#44]
15:56:21.464 [Test worker] DEBUG org.hibernate.SQL - select user0_.id as id1_8_1_, user0_.login as login2_8_1_, user0_.password as password3_8_1_, user0_1_.role_id as role_id1_7_1_, role1_.id as id1_4_0_, role1_.role as role2_4_0_ from users user0_ left outer join user_roles user0_1_ on user0_.id=user0_1_.user_id left outer join roles role1_ on user0_1_.role_id=role1_.id where user0_.id=?
15:56:21.465 [Test worker] DEBUG org.hibernate.loader.Loader - Done entity load
15:56:21.465 [Test worker] DEBUG org.hibernate.loader.Loader - Loading entity: [sciConsole.domain.Role#1]
15:56:21.465 [Test worker] DEBUG org.hibernate.SQL - select role0_.id as id1_4_1_, role0_.role as role2_4_1_, userroles1_.role_id as role_id1_4_3_, user2_.id as user_id2_7_3_, user2_.id as id1_8_0_, user2_.login as login2_8_0_, user2_.password as password3_8_0_, user2_1_.role_id as role_id1_7_0_ from roles role0_ left outer join user_roles userroles1_ on role0_.id=userroles1_.role_id left outer join users user2_ on userroles1_.user_id=user2_.id left outer join user_roles user2_1_ on user2_.id=user2_1_.user_id where role0_.id=?
15:56:21.465 [Test worker] DEBUG o.h.e.l.i.CollectionLoadContext - No collections were found in result set for role: sciConsole.domain.Role.userRoles
15:56:21.466 [Test worker] DEBUG org.hibernate.loader.Loader - Done entity load
15:56:21.466 [Test worker] DEBUG o.h.e.i.AbstractSaveEventListener - Generated identifier: 1, using strategy: org.hibernate.id.Assigned
15:56:21.466 [Test worker] DEBUG org.hibernate.SQL - insert into roles (role, id) values (?, ?)
15:56:21.466 [Test worker] DEBUG org.hibernate.engine.spi.ActionQueue - Executing identity-insert immediately
15:56:21.466 [Test worker] DEBUG org.hibernate.SQL - insert into users (login, password) values (?, ?)
15:56:21.467 [Test worker] DEBUG o.h.id.IdentifierGeneratorHelper - Natively generated identity: 46
15:56:21.467 [Test worker] DEBUG org.hibernate.SQL - insert into user_roles (role_id, user_id) values (?, ?)
15:56:21.468 [Test worker] DEBUG o.s.orm.jpa.JpaTransactionManager - Initiating transaction commit
15:56:21.468 [Test worker] DEBUG o.s.orm.jpa.JpaTransactionManager - Committing JPA transaction on EntityManager [org.hibernate.jpa.internal.EntityManagerImpl@4896bbbe]
15:56:21.468 [Test worker] DEBUG o.h.e.t.spi.AbstractTransactionImpl - committing
15:56:21.468 [Test worker] DEBUG o.h.e.i.AbstractFlushingEventListener - Processing flush-time cascades
15:56:21.468 [Test worker] DEBUG o.h.e.i.AbstractFlushingEventListener - Dirty checking collections
15:56:21.468 [Test worker] DEBUG o.h.e.i.AbstractFlushingEventListener - Flushed: 0 insertions, 0 updates, 0 deletions to 4 objects
15:56:21.468 [Test worker] DEBUG o.h.e.i.AbstractFlushingEventListener - Flushed: 0 (re)creations, 0 updates, 0 removals to 0 collections
15:56:21.468 [Test worker] DEBUG o.h.internal.util.EntityPrinter - Listing entities:
15:56:21.468 [Test worker] DEBUG o.h.internal.util.EntityPrinter - sciConsole.domain.User{password=$2a$10$sbTqPCC0wB2c4IE5Y5RCdeWLIvtjAKEHFzHluAg7LiqkSdZNujJn2, role=sciConsole.domain.Role#2, id=45, login=Alice}
15:56:21.468 [Test worker] DEBUG o.h.internal.util.EntityPrinter - sciConsole.domain.User{password=$2a$10$UQ/jCMwn14H5VdHO4or0L.xvlGoplsSsRXHjXdbYij9UEArHJzsE2, role=sciConsole.domain.Role#1, id=46, login=Bob}
15:56:21.468 [Test worker] DEBUG o.h.internal.util.EntityPrinter - sciConsole.domain.Role{userRoles=null, role=MANAGER, id=1}
15:56:21.468 [Test worker] DEBUG o.h.internal.util.EntityPrinter - sciConsole.domain.Role{userRoles=null, role=DEVELOPER, id=2}
15:56:21.471 [Test worker] DEBUG o.h.e.t.i.jdbc.JdbcTransaction - committed JDBC Connection
15:56:21.471 [Test worker] DEBUG o.h.e.t.i.jdbc.JdbcTransaction - re-enabling autocommit
15:56:21.471 [Test worker] DEBUG o.s.orm.jpa.JpaTransactionManager - Closing JPA EntityManager [org.hibernate.jpa.internal.EntityManagerImpl@4896bbbe] after transaction
15:56:21.471 [Test worker] DEBUG o.s.o.jpa.EntityManagerFactoryUtils - Closing JPA EntityManager
15:56:21.471 [Test worker] DEBUG o.h.e.j.internal.JdbcCoordinatorImpl - HHH000420: Closing un-released batch
15:56:21.471 [Test worker] DEBUG o.h.e.j.i.LogicalConnectionImpl - Releasing JDBC connection
15:56:21.471 [Test worker] DEBUG o.h.e.j.i.LogicalConnectionImpl - Released JDBC connection
15:56:21.471 [Test worker] DEBUG o.s.orm.jpa.JpaTransactionManager - Creating new transaction with name [org.springframework.data.jpa.repository.support.SimpleJpaRepository.save]: PROPAGATION_REQUIRED,ISOLATION_DEFAULT; ''
15:56:21.471 [Test worker] DEBUG o.s.orm.jpa.JpaTransactionManager - Opened new EntityManager [org.hibernate.jpa.internal.EntityManagerImpl@27149714] for JPA transaction
15:56:21.471 [Test worker] DEBUG o.h.e.t.spi.AbstractTransactionImpl - begin
15:56:21.471 [Test worker] DEBUG o.h.e.j.i.LogicalConnectionImpl - Obtaining JDBC connection
15:56:21.471 [Test worker] DEBUG o.s.j.d.DriverManagerDataSource - Creating new JDBC DriverManager Connection to [jdbc:mysql://127.0.0.1:3306/wrp3]
15:56:21.474 [Test worker] DEBUG o.h.e.j.i.LogicalConnectionImpl - Obtained JDBC connection
15:56:21.474 [Test worker] DEBUG o.h.e.t.i.jdbc.JdbcTransaction - initial autocommit status: true
15:56:21.474 [Test worker] DEBUG o.h.e.t.i.jdbc.JdbcTransaction - disabling autocommit
15:56:21.474 [Test worker] DEBUG o.s.orm.jpa.JpaTransactionManager - Exposing JPA transaction as JDBC transaction [org.springframework.orm.jpa.vendor.HibernateJpaDialect$HibernateConnectionHandle@52570164]
15:56:21.474 [Test worker] DEBUG org.hibernate.loader.Loader - Loading entity: [sciConsole.domain.Role#1]
15:56:21.474 [Test worker] DEBUG org.hibernate.SQL - select role0_.id as id1_4_1_, role0_.role as role2_4_1_, userroles1_.role_id as role_id1_4_3_, user2_.id as user_id2_7_3_, user2_.id as id1_8_0_, user2_.login as login2_8_0_, user2_.password as password3_8_0_, user2_1_.role_id as role_id1_7_0_ from roles role0_ left outer join user_roles userroles1_ on role0_.id=userroles1_.role_id left outer join users user2_ on userroles1_.user_id=user2_.id left outer join user_roles user2_1_ on user2_.id=user2_1_.user_id where role0_.id=?
15:56:21.475 [Test worker] DEBUG org.hibernate.loader.Loader - Result set row: 0
15:56:21.475 [Test worker] DEBUG org.hibernate.loader.Loader - Result row: EntityKey[sciConsole.domain.User#46], EntityKey[sciConsole.domain.Role#1]
15:56:21.475 [Test worker] DEBUG org.hibernate.loader.Loader - Found row of collection: [sciConsole.domain.Role.userRoles#1]
15:56:21.475 [Test worker] DEBUG o.h.engine.internal.TwoPhaseLoad - Resolving associations for [sciConsole.domain.User#46]
15:56:21.475 [Test worker] DEBUG o.h.engine.internal.TwoPhaseLoad - Done materializing entity [sciConsole.domain.User#46]
15:56:21.475 [Test worker] DEBUG o.h.engine.internal.TwoPhaseLoad - Resolving associations for [sciConsole.domain.Role#1]
15:56:21.475 [Test worker] DEBUG o.h.engine.internal.TwoPhaseLoad - Done materializing entity [sciConsole.domain.Role#1]
15:56:21.475 [Test worker] DEBUG o.h.e.l.i.CollectionLoadContext - 1 collections were found in result set for role: sciConsole.domain.Role.userRoles
15:56:21.476 [Test worker] DEBUG o.h.e.l.i.CollectionLoadContext - Collection fully initialized: [sciConsole.domain.Role.userRoles#1]
15:56:21.476 [Test worker] DEBUG o.h.e.l.i.CollectionLoadContext - 1 collections initialized for role: sciConsole.domain.Role.userRoles
15:56:21.476 [Test worker] DEBUG org.hibernate.loader.Loader - Done entity load
15:56:21.476 [Test worker] DEBUG org.hibernate.loader.Loader - Loading entity: [sciConsole.domain.Role#2]
15:56:21.476 [Test worker] DEBUG org.hibernate.SQL - select role0_.id as id1_4_1_, role0_.role as role2_4_1_, userroles1_.role_id as role_id1_4_3_, user2_.id as user_id2_7_3_, user2_.id as id1_8_0_, user2_.login as login2_8_0_, user2_.password as password3_8_0_, user2_1_.role_id as role_id1_7_0_ from roles role0_ left outer join user_roles userroles1_ on role0_.id=userroles1_.role_id left outer join users user2_ on userroles1_.user_id=user2_.id left outer join user_roles user2_1_ on user2_.id=user2_1_.user_id where role0_.id=?
15:56:21.476 [Test worker] DEBUG org.hibernate.loader.Loader - Result set row: 0
15:56:21.476 [Test worker] DEBUG org.hibernate.loader.Loader - Result row: EntityKey[sciConsole.domain.User#45], EntityKey[sciConsole.domain.Role#2]
15:56:21.476 [Test worker] DEBUG org.hibernate.loader.Loader - Found row of collection: [sciConsole.domain.Role.userRoles#2]
15:56:21.477 [Test worker] DEBUG o.h.engine.internal.TwoPhaseLoad - Resolving associations for [sciConsole.domain.User#45]
15:56:21.477 [Test worker] DEBUG o.h.engine.internal.TwoPhaseLoad - Done materializing entity [sciConsole.domain.User#45]
15:56:21.477 [Test worker] DEBUG o.h.engine.internal.TwoPhaseLoad - Resolving associations for [sciConsole.domain.Role#2]
15:56:21.477 [Test worker] DEBUG o.h.engine.internal.TwoPhaseLoad - Done materializing entity [sciConsole.domain.Role#2]
15:56:21.477 [Test worker] DEBUG o.h.e.l.i.CollectionLoadContext - 1 collections were found in result set for role: sciConsole.domain.Role.userRoles
15:56:21.477 [Test worker] DEBUG o.h.e.l.i.CollectionLoadContext - Collection fully initialized: [sciConsole.domain.Role.userRoles#2]
15:56:21.477 [Test worker] DEBUG o.h.e.l.i.CollectionLoadContext - 1 collections initialized for role: sciConsole.domain.Role.userRoles
15:56:21.477 [Test worker] DEBUG org.hibernate.loader.Loader - Done entity load
15:56:21.477 [Test worker] DEBUG o.s.orm.jpa.JpaTransactionManager - Initiating transaction commit
15:56:21.477 [Test worker] DEBUG o.s.orm.jpa.JpaTransactionManager - Committing JPA transaction on EntityManager [org.hibernate.jpa.internal.EntityManagerImpl@27149714]
15:56:21.477 [Test worker] DEBUG o.h.e.t.spi.AbstractTransactionImpl - committing
15:56:21.477 [Test worker] DEBUG o.h.e.i.AbstractFlushingEventListener - Processing flush-time cascades
15:56:21.477 [Test worker] DEBUG o.h.e.i.AbstractFlushingEventListener - Dirty checking collections
15:56:21.477 [Test worker] DEBUG o.h.engine.internal.Collections - Collection found: [sciConsole.domain.Role.userRoles#1], was: [sciConsole.domain.Role.userRoles#1] (initialized)
15:56:21.478 [Test worker] DEBUG o.h.engine.internal.Collections - Collection found: [sciConsole.domain.Role.userRoles#2], was: [sciConsole.domain.Role.userRoles#2] (initialized)
15:56:21.478 [Test worker] DEBUG o.h.e.i.AbstractFlushingEventListener - Flushed: 0 insertions, 0 updates, 0 deletions to 4 objects
15:56:21.478 [Test worker] DEBUG o.h.e.i.AbstractFlushingEventListener - Flushed: 0 (re)creations, 0 updates, 0 removals to 2 collections
15:56:21.478 [Test worker] DEBUG o.h.internal.util.EntityPrinter - Listing entities:
15:56:21.478 [Test worker] DEBUG o.h.internal.util.EntityPrinter - sciConsole.domain.User{password=$2a$10$sbTqPCC0wB2c4IE5Y5RCdeWLIvtjAKEHFzHluAg7LiqkSdZNujJn2, role=sciConsole.domain.Role#2, id=45, login=Alice}
15:56:21.478 [Test worker] DEBUG o.h.internal.util.EntityPrinter - sciConsole.domain.User{password=$2a$10$UQ/jCMwn14H5VdHO4or0L.xvlGoplsSsRXHjXdbYij9UEArHJzsE2, role=sciConsole.domain.Role#1, id=46, login=Bob}
15:56:21.478 [Test worker] DEBUG o.h.internal.util.EntityPrinter - sciConsole.domain.Role{userRoles=[sciConsole.domain.User#46], role=MANAGER, id=1}
15:56:21.478 [Test worker] DEBUG o.h.internal.util.EntityPrinter - sciConsole.domain.Role{userRoles=[sciConsole.domain.User#45], role=DEVELOPER, id=2}
15:56:21.478 [Test worker] DEBUG o.h.e.t.i.jdbc.JdbcTransaction - committed JDBC Connection
15:56:21.478 [Test worker] DEBUG o.h.e.t.i.jdbc.JdbcTransaction - re-enabling autocommit
15:56:21.478 [Test worker] DEBUG o.s.orm.jpa.JpaTransactionManager - Closing JPA EntityManager [org.hibernate.jpa.internal.EntityManagerImpl@27149714] after transaction
15:56:21.478 [Test worker] DEBUG o.s.o.jpa.EntityManagerFactoryUtils - Closing JPA EntityManager
15:56:21.478 [Test worker] DEBUG o.h.e.j.i.LogicalConnectionImpl - Releasing JDBC connection
15:56:21.478 [Test worker] DEBUG o.h.e.j.i.LogicalConnectionImpl - Released JDBC connection
15:56:21.479 [Test worker] DEBUG o.s.t.c.s.AbstractDirtiesContextTestExecutionListener - After test class: context [DefaultTestContext@58ed3252 testClass = CompleteChangeRequestStepDefs, testInstance = [null], testMethod = [null], testException = [null], mergedContextConfiguration = [WebMergedContextConfiguration@50ff7744 testClass = CompleteChangeRequestStepDefs, locations = '{}', classes = '{class sciConsole.SciConsoleApplication, class sciConsole.controller.SessionController, class sciConsole.controller.AccountController, class sciConsole.controller.ChangeRequestController, class sciConsole.SecurityConfig, class sciConsole.WebConfig}', contextInitializerClasses = '[]', activeProfiles = '{}', propertySourceLocations = '{}', propertySourceProperties = '{}', resourceBasePath = 'src/main/webapp', contextLoader = 'org.springframework.test.context.web.WebDelegatingSmartContextLoader', parent = [null]]], class annotated with @DirtiesContext [false] with mode [null].
15:56:21.527 [Test worker] DEBUG o.s.o.j.SharedEntityManagerCreator$SharedEntityManagerInvocationHandler - Creating new EntityManager for shared EntityManager invocation
15:56:21.527 [Test worker] DEBUG o.h.jpa.criteria.CriteriaQueryImpl - Rendered criteria query -> select generatedAlias0 from Ver as generatedAlias0 where generatedAlias0.name=:param0
15:56:21.527 [Test worker] DEBUG org.hibernate.SQL - select ver0_.version_id as version_1_9_, ver0_.created_by as created_2_9_, ver0_.date_created as date_cre3_9_, ver0_.name as name4_9_, ver0_.sci_id as sci_id5_9_, ver0_.status as status6_9_, ver0_.ver_desc as ver_desc7_9_ from version ver0_ where ver0_.name=?
15:56:21.527 [Test worker] DEBUG o.h.e.j.i.LogicalConnectionImpl - Obtaining JDBC connection
15:56:21.527 [Test worker] DEBUG o.s.j.d.DriverManagerDataSource - Creating new JDBC DriverManager Connection to [jdbc:mysql://127.0.0.1:3306/wrp3]
15:56:21.531 [Test worker] DEBUG o.h.e.j.i.LogicalConnectionImpl - Obtained JDBC connection
15:56:21.531 [Test worker] DEBUG org.hibernate.loader.Loader - Result set row: 0
15:56:21.531 [Test worker] DEBUG org.hibernate.loader.Loader - Result row: EntityKey[sciConsole.domain.Ver#1]
15:56:21.531 [Test worker] DEBUG o.h.engine.internal.TwoPhaseLoad - Resolving associations for [sciConsole.domain.Ver#1]
15:56:21.531 [Test worker] DEBUG o.h.engine.internal.TwoPhaseLoad - Done materializing entity [sciConsole.domain.Ver#1]
15:56:21.532 [Test worker] DEBUG o.s.o.jpa.EntityManagerFactoryUtils - Closing JPA EntityManager
15:56:21.532 [Test worker] DEBUG o.h.e.j.i.LogicalConnectionImpl - Releasing JDBC connection
15:56:21.532 [Test worker] DEBUG o.h.e.j.i.LogicalConnectionImpl - Released JDBC connection

  Background:                      ?[90m# RequestChange.feature:6?[0m
    ?[32mGiven ?[0m?[32ma SCI "?[0m?[32m?[1mSCI_1?[0m?[32m"?[0m            ?[90m# RequestChangeStepDefs.a_SCI(String)?[0m
    ?[32mAnd ?[0m?[32ma head version "?[0m?[32m?[1mversion_2?[0m?[32m"?[0m ?[90m# RequestChangeStepDefs.a_head_version(String)?[0m
15:56:21.535 [Test worker] DEBUG o.s.t.w.s.TestDispatcherServlet - DispatcherServlet with name '' processing GET request for [/newChange]
15:56:21.535 [Test worker] DEBUG o.s.w.s.m.m.a.RequestMappingHandlerMapping - Looking up handler method for path /newChange
15:56:21.535 [Test worker] DEBUG o.s.w.s.m.m.a.RequestMappingHandlerMapping - Returning handler method [public org.springframework.web.servlet.ModelAndView sciConsole.controller.ChangeRequestController.newChange(javax.servlet.http.HttpServletRequest,java.lang.String,java.lang.String,java.lang.String,java.lang.String,java.lang.Integer,org.springframework.ui.Model)]
15:56:21.535 [Test worker] DEBUG o.s.b.f.s.DefaultListableBeanFactory - Returning cached instance of singleton bean 'changeRequestController'
15:56:21.535 [Test worker] DEBUG o.s.t.w.s.TestDispatcherServlet - Last-Modified value for [/newChange] is: -1
15:56:21.535 [Test worker] DEBUG o.s.o.j.s.OpenEntityManagerInViewInterceptor - Opening JPA EntityManager in OpenEntityManagerInViewInterceptor
15:56:21.536 [Test worker] DEBUG o.h.jpa.criteria.CriteriaQueryImpl - Rendered criteria query -> select generatedAlias0 from User as generatedAlias0 where generatedAlias0.login=:param0
15:56:21.536 [Test worker] DEBUG org.hibernate.SQL - select user0_.id as id1_8_, user0_.login as login2_8_, user0_.password as password3_8_, user0_1_.role_id as role_id1_7_ from users user0_ left outer join user_roles user0_1_ on user0_.id=user0_1_.user_id where user0_.login=?
15:56:21.536 [Test worker] DEBUG o.h.e.j.i.LogicalConnectionImpl - Obtaining JDBC connection
15:56:21.536 [Test worker] DEBUG o.s.j.d.DriverManagerDataSource - Creating new JDBC DriverManager Connection to [jdbc:mysql://127.0.0.1:3306/wrp3]
15:56:21.540 [Test worker] DEBUG o.h.e.j.i.LogicalConnectionImpl - Obtained JDBC connection
15:56:21.540 [Test worker] DEBUG org.hibernate.loader.Loader - Result set row: 0
15:56:21.540 [Test worker] DEBUG org.hibernate.loader.Loader - Result row: EntityKey[sciConsole.domain.User#46]
15:56:21.540 [Test worker] DEBUG o.h.engine.internal.TwoPhaseLoad - Resolving associations for [sciConsole.domain.User#46]
15:56:21.540 [Test worker] DEBUG org.hibernate.SQL - select role0_.id as id1_4_0_, role0_.role as role2_4_0_ from roles role0_ where role0_.id=?
15:56:21.541 [Test worker] DEBUG o.h.l.p.e.p.i.ResultSetProcessorImpl - Starting ResultSet row #0
15:56:21.541 [Test worker] DEBUG o.h.l.p.e.p.i.EntityReferenceInitializerImpl - On call to EntityIdentifierReaderImpl#resolve, EntityKey was already known; should only happen on root returns with an optional identifier specified
15:56:21.541 [Test worker] DEBUG o.h.engine.internal.TwoPhaseLoad - Resolving associations for [sciConsole.domain.Role#1]
15:56:21.541 [Test worker] DEBUG o.h.engine.internal.TwoPhaseLoad - Done materializing entity [sciConsole.domain.Role#1]
15:56:21.541 [Test worker] DEBUG o.h.l.e.p.AbstractLoadPlanBasedEntityLoader - Done entity load : sciConsole.domain.Role#1
15:56:21.541 [Test worker] DEBUG o.h.engine.internal.TwoPhaseLoad - Done materializing entity [sciConsole.domain.User#46]
15:56:21.541 [Test worker] DEBUG o.h.jpa.criteria.CriteriaQueryImpl - Rendered criteria query -> select generatedAlias0 from Sci as generatedAlias0 where generatedAlias0.name=:param0
15:56:21.542 [Test worker] DEBUG org.hibernate.SQL - select sci0_.sci_id as sci_id1_5_, sci0_.name as name2_5_, sci0_.sci_desc as sci_desc3_5_ from sci sci0_ where sci0_.name=?
15:56:21.542 [Test worker] DEBUG org.hibernate.loader.Loader - Result set row: 0
15:56:21.542 [Test worker] DEBUG org.hibernate.loader.Loader - Result row: EntityKey[sciConsole.domain.Sci#1]
15:56:21.543 [Test worker] DEBUG o.h.engine.internal.TwoPhaseLoad - Resolving associations for [sciConsole.domain.Sci#1]
15:56:21.543 [Test worker] DEBUG o.h.engine.internal.TwoPhaseLoad - Done materializing entity [sciConsole.domain.Sci#1]
15:56:21.543 [Test worker] DEBUG o.h.jpa.criteria.CriteriaQueryImpl - Rendered criteria query -> select generatedAlias0 from Ver as generatedAlias0 where ( generatedAlias0.sciId=:param0 ) and ( generatedAlias0.name=:param1 )
15:56:21.543 [Test worker] DEBUG org.hibernate.SQL - select ver0_.version_id as version_1_9_, ver0_.created_by as created_2_9_, ver0_.date_created as date_cre3_9_, ver0_.name as name4_9_, ver0_.sci_id as sci_id5_9_, ver0_.status as status6_9_, ver0_.ver_desc as ver_desc7_9_ from version ver0_ where ver0_.sci_id=? and ver0_.name=?
15:56:21.544 [Test worker] DEBUG org.hibernate.loader.Loader - Result set row: 0
15:56:21.544 [Test worker] DEBUG org.hibernate.loader.Loader - Result row: EntityKey[sciConsole.domain.Ver#1]
15:56:21.544 [Test worker] DEBUG o.h.engine.internal.TwoPhaseLoad - Resolving associations for [sciConsole.domain.Ver#1]
15:56:21.544 [Test worker] DEBUG o.h.engine.internal.TwoPhaseLoad - Done materializing entity [sciConsole.domain.Ver#1]
15:56:21.544 [Test worker] DEBUG o.s.orm.jpa.JpaTransactionManager - Found thread-bound EntityManager [org.hibernate.jpa.internal.EntityManagerImpl@40c21c93] for JPA transaction
15:56:21.544 [Test worker] DEBUG o.s.orm.jpa.JpaTransactionManager - Creating new transaction with name [org.springframework.data.jpa.repository.support.SimpleJpaRepository.save]: PROPAGATION_REQUIRED,ISOLATION_DEFAULT; ''
15:56:21.544 [Test worker] DEBUG o.h.e.t.spi.AbstractTransactionImpl - begin
15:56:21.544 [Test worker] DEBUG o.h.e.t.i.jdbc.JdbcTransaction - initial autocommit status: true
15:56:21.544 [Test worker] DEBUG o.h.e.t.i.jdbc.JdbcTransaction - disabling autocommit
15:56:21.545 [Test worker] DEBUG o.s.orm.jpa.JpaTransactionManager - Exposing JPA transaction as JDBC transaction [org.springframework.orm.jpa.vendor.HibernateJpaDialect$HibernateConnectionHandle@6e713d99]
15:56:21.545 [Test worker] DEBUG org.hibernate.engine.spi.ActionQueue - Executing identity-insert immediately
15:56:21.545 [Test worker] DEBUG org.hibernate.SQL - insert into request (assign_to, created_by, date_created, date_complete, due_date, priority, reject_reason, req_desc, req_solution, sci_id, status, assigned_to, version_id) values (?, ?, ?, ?, ?, ?, ?, ?, ?, ?, ?, ?, ?)
15:56:21.546 [Test worker] DEBUG o.h.id.IdentifierGeneratorHelper - Natively generated identity: 14
15:56:21.547 [Test worker] DEBUG o.s.orm.jpa.JpaTransactionManager - Initiating transaction commit
15:56:21.547 [Test worker] DEBUG o.s.orm.jpa.JpaTransactionManager - Committing JPA transaction on EntityManager [org.hibernate.jpa.internal.EntityManagerImpl@40c21c93]
15:56:21.547 [Test worker] DEBUG o.h.e.t.spi.AbstractTransactionImpl - committing
15:56:21.547 [Test worker] DEBUG o.h.e.i.AbstractFlushingEventListener - Processing flush-time cascades
15:56:21.547 [Test worker] DEBUG o.h.e.i.AbstractFlushingEventListener - Dirty checking collections
15:56:21.547 [Test worker] DEBUG o.h.engine.internal.Collections - Collection found: [sciConsole.domain.Role.userRoles#1], was: [sciConsole.domain.Role.userRoles#1] (uninitialized)
15:56:21.547 [Test worker] DEBUG o.h.engine.internal.Collections - Collection found: [sciConsole.domain.Sci.versions#1], was: [sciConsole.domain.Sci.versions#1] (uninitialized)
15:56:21.547 [Test worker] DEBUG o.h.e.i.AbstractFlushingEventListener - Flushed: 0 insertions, 0 updates, 0 deletions to 5 objects
15:56:21.547 [Test worker] DEBUG o.h.e.i.AbstractFlushingEventListener - Flushed: 0 (re)creations, 0 updates, 0 removals to 2 collections
15:56:21.547 [Test worker] DEBUG o.h.internal.util.EntityPrinter - Listing entities:
15:56:21.547 [Test worker] DEBUG o.h.internal.util.EntityPrinter - sciConsole.domain.User{password=$2a$10$UQ/jCMwn14H5VdHO4or0L.xvlGoplsSsRXHjXdbYij9UEArHJzsE2, role=sciConsole.domain.Role#1, id=46, login=Bob}
15:56:21.547 [Test worker] DEBUG o.h.internal.util.EntityPrinter - sciConsole.domain.Request{date=Mon Jan 11 15:56:21 GMT 2016, dueDate=Mon Jan 25 15:56:21 GMT 2016, priority=null, type=1, versionId=1, rejectReason=null, createdBy=46, dateComplete=null, reqDesc=New Feature, sciId=1, reqSolution=Extension of Module A, id=14, assignTo=null, status=0}
15:56:21.547 [Test worker] DEBUG o.h.internal.util.EntityPrinter - sciConsole.domain.Role{userRoles=<uninitialized>, role=MANAGER, id=1}
15:56:21.547 [Test worker] DEBUG o.h.internal.util.EntityPrinter - sciConsole.domain.Sci{versions=<uninitialized>, name=SCI_1, id=1, sciDesc=This is a test SCI entry}
15:56:21.547 [Test worker] DEBUG o.h.internal.util.EntityPrinter - sciConsole.domain.Ver{date=2016-01-11 15:54:44.0, createdBy=2, sciId=1, name=version_2, id=1, verDesc=This is a test version entry, status=1}
15:56:21.555 [Test worker] DEBUG o.h.e.t.i.jdbc.JdbcTransaction - committed JDBC Connection
15:56:21.555 [Test worker] DEBUG o.h.e.t.i.jdbc.JdbcTransaction - re-enabling autocommit
15:56:21.555 [Test worker] DEBUG o.s.orm.jpa.JpaTransactionManager - Not closing pre-bound JPA EntityManager after transaction
15:56:21.555 [Test worker] DEBUG o.h.jpa.criteria.CriteriaQueryImpl - Rendered criteria query -> select generatedAlias0 from Sci as generatedAlias0 where generatedAlias0.id=:param0
15:56:21.555 [Test worker] DEBUG org.hibernate.SQL - select sci0_.sci_id as sci_id1_5_, sci0_.name as name2_5_, sci0_.sci_desc as sci_desc3_5_ from sci sci0_ where sci0_.sci_id=?
15:56:21.556 [Test worker] DEBUG org.hibernate.loader.Loader - Result set row: 0
15:56:21.556 [Test worker] DEBUG org.hibernate.loader.Loader - Result row: EntityKey[sciConsole.domain.Sci#1]
15:56:21.556 [Test worker] DEBUG o.s.t.w.s.TestDispatcherServlet - Rendering view [org.springframework.web.servlet.view.JstlView: name 'new-change-request'; URL [/WEB-INF/views/new-change-request.jsp]] in DispatcherServlet with name ''
15:56:21.556 [Test worker] DEBUG o.s.web.servlet.view.JstlView - Added model object 'sciid' of type [java.lang.Integer] to request in view with name 'new-change-request'
15:56:21.556 [Test worker] DEBUG o.s.web.servlet.view.JstlView - Added model object 'versionid' of type [java.lang.Integer] to request in view with name 'new-change-request'
15:56:21.556 [Test worker] DEBUG o.s.web.servlet.view.JstlView - Added model object 'description' of type [java.lang.String] to request in view with name 'new-change-request'
15:56:21.556 [Test worker] DEBUG o.s.web.servlet.view.JstlView - Added model object 'solution' of type [java.lang.String] to request in view with name 'new-change-request'
15:56:21.556 [Test worker] DEBUG o.s.web.servlet.view.JstlView - Added model object 'type' of type [java.lang.Integer] to request in view with name 'new-change-request'
15:56:21.556 [Test worker] DEBUG o.s.web.servlet.view.JstlView - Added model object 'createdby' of type [java.lang.Integer] to request in view with name 'new-change-request'
15:56:21.556 [Test worker] DEBUG o.s.web.servlet.view.JstlView - Added model object 'duedate' of type [java.util.Date] to request in view with name 'new-change-request'
15:56:21.556 [Test worker] DEBUG o.s.web.servlet.view.JstlView - Added model object 'sciname' of type [java.lang.String] to request in view with name 'new-change-request'
15:56:21.556 [Test worker] DEBUG o.s.web.servlet.view.JstlView - Added model object 'vername' of type [java.lang.String] to request in view with name 'new-change-request'
15:56:21.556 [Test worker] DEBUG o.s.web.servlet.view.JstlView - Added model object 'req' of type [sciConsole.domain.Request] to request in view with name 'new-change-request'
15:56:21.556 [Test worker] DEBUG o.s.web.servlet.view.JstlView - Added model object 'org.springframework.validation.BindingResult.req' of type [org.springframework.validation.BeanPropertyBindingResult] to request in view with name 'new-change-request'
15:56:21.556 [Test worker] DEBUG o.s.b.f.s.DefaultListableBeanFactory - Returning cached instance of singleton bean 'requestDataValueProcessor'
15:56:21.556 [Test worker] DEBUG o.s.web.servlet.view.JstlView - Forwarding to resource [/WEB-INF/views/new-change-request.jsp] in InternalResourceView 'new-change-request'
15:56:21.556 [Test worker] DEBUG o.s.mock.web.MockRequestDispatcher - MockRequestDispatcher: forwarding to [/WEB-INF/views/new-change-request.jsp]
15:56:21.556 [Test worker] DEBUG o.s.o.j.s.OpenEntityManagerInViewInterceptor - Closing JPA EntityManager in OpenEntityManagerInViewInterceptor
15:56:21.556 [Test worker] DEBUG o.s.o.jpa.EntityManagerFactoryUtils - Closing JPA EntityManager
15:56:21.556 [Test worker] DEBUG o.h.e.j.i.LogicalConnectionImpl - Releasing JDBC connection
15:56:21.557 [Test worker] DEBUG o.h.e.j.i.LogicalConnectionImpl - Released JDBC connection
15:56:21.557 [Test worker] DEBUG o.s.t.w.s.TestDispatcherServlet - Successfully completed request
15:56:21.558 [Test worker] DEBUG o.s.orm.jpa.JpaTransactionManager - Creating new transaction with name [org.springframework.data.jpa.repository.support.SimpleJpaRepository.deleteAll]: PROPAGATION_REQUIRED,ISOLATION_DEFAULT; ''
15:56:21.558 [Test worker] DEBUG o.s.orm.jpa.JpaTransactionManager - Opened new EntityManager [org.hibernate.jpa.internal.EntityManagerImpl@28895766] for JPA transaction
15:56:21.558 [Test worker] DEBUG o.h.e.t.spi.AbstractTransactionImpl - begin
15:56:21.558 [Test worker] DEBUG o.h.e.j.i.LogicalConnectionImpl - Obtaining JDBC connection
15:56:21.558 [Test worker] DEBUG o.s.j.d.DriverManagerDataSource - Creating new JDBC DriverManager Connection to [jdbc:mysql://127.0.0.1:3306/wrp3]
15:56:21.561 [Test worker] DEBUG o.h.e.j.i.LogicalConnectionImpl - Obtained JDBC connection
15:56:21.561 [Test worker] DEBUG o.h.e.t.i.jdbc.JdbcTransaction - initial autocommit status: true
15:56:21.561 [Test worker] DEBUG o.h.e.t.i.jdbc.JdbcTransaction - disabling autocommit
15:56:21.561 [Test worker] DEBUG o.s.orm.jpa.JpaTransactionManager - Exposing JPA transaction as JDBC transaction [org.springframework.orm.jpa.vendor.HibernateJpaDialect$HibernateConnectionHandle@3099409e]
15:56:21.561 [Test worker] DEBUG o.h.jpa.criteria.CriteriaQueryImpl - Rendered criteria query -> select generatedAlias0 from Request as generatedAlias0
15:56:21.561 [Test worker] DEBUG org.hibernate.SQL - select request0_.request_id as request_1_3_, request0_.assign_to as assign_t2_3_, request0_.created_by as created_3_3_, request0_.date_created as date_cre4_3_, request0_.date_complete as date_com5_3_, request0_.due_date as due_date6_3_, request0_.priority as priority7_3_, request0_.reject_reason as reject_r8_3_, request0_.req_desc as req_desc9_3_, request0_.req_solution as req_sol10_3_, request0_.sci_id as sci_id11_3_, request0_.status as status12_3_, request0_.assigned_to as assigne13_3_, request0_.version_id as version14_3_ from request request0_
15:56:21.562 [Test worker] DEBUG org.hibernate.loader.Loader - Result set row: 0
15:56:21.562 [Test worker] DEBUG org.hibernate.loader.Loader - Result row: EntityKey[sciConsole.domain.Request#14]
15:56:21.562 [Test worker] DEBUG o.h.engine.internal.TwoPhaseLoad - Resolving associations for [sciConsole.domain.Request#14]
15:56:21.562 [Test worker] DEBUG o.h.engine.internal.TwoPhaseLoad - Done materializing entity [sciConsole.domain.Request#14]
15:56:21.563 [Test worker] DEBUG o.s.orm.jpa.JpaTransactionManager - Initiating transaction commit
15:56:21.563 [Test worker] DEBUG o.s.orm.jpa.JpaTransactionManager - Committing JPA transaction on EntityManager [org.hibernate.jpa.internal.EntityManagerImpl@28895766]
15:56:21.563 [Test worker] DEBUG o.h.e.t.spi.AbstractTransactionImpl - committing
15:56:21.563 [Test worker] DEBUG o.h.e.i.AbstractFlushingEventListener - Processing flush-time cascades
15:56:21.563 [Test worker] DEBUG o.h.e.i.AbstractFlushingEventListener - Dirty checking collections
15:56:21.563 [Test worker] DEBUG o.h.e.i.AbstractFlushingEventListener - Flushed: 0 insertions, 0 updates, 1 deletions to 1 objects
15:56:21.563 [Test worker] DEBUG o.h.e.i.AbstractFlushingEventListener - Flushed: 0 (re)creations, 0 updates, 0 removals to 0 collections
15:56:21.563 [Test worker] DEBUG o.h.internal.util.EntityPrinter - Listing entities:
15:56:21.563 [Test worker] DEBUG o.h.internal.util.EntityPrinter - sciConsole.domain.Request{date=2016-01-11 15:56:22.0, dueDate=2016-01-25 15:56:22.0, priority=null, type=1, versionId=1, rejectReason=null, createdBy=46, dateComplete=null, reqDesc=New Feature, sciId=1, reqSolution=Extension of Module A, id=14, assignTo=null, status=0}
15:56:21.563 [Test worker] DEBUG org.hibernate.SQL - delete from request where request_id=?
15:56:21.566 [Test worker] DEBUG o.h.e.t.i.jdbc.JdbcTransaction - committed JDBC Connection
15:56:21.566 [Test worker] DEBUG o.h.e.t.i.jdbc.JdbcTransaction - re-enabling autocommit
15:56:21.567 [Test worker] DEBUG o.s.orm.jpa.JpaTransactionManager - Closing JPA EntityManager [org.hibernate.jpa.internal.EntityManagerImpl@28895766] after transaction
15:56:21.567 [Test worker] DEBUG o.s.o.jpa.EntityManagerFactoryUtils - Closing JPA EntityManager
15:56:21.567 [Test worker] DEBUG o.h.e.j.internal.JdbcCoordinatorImpl - HHH000420: Closing un-released batch
15:56:21.567 [Test worker] DEBUG o.h.e.j.i.LogicalConnectionImpl - Releasing JDBC connection
15:56:21.567 [Test worker] DEBUG o.h.e.j.i.LogicalConnectionImpl - Released JDBC connection
15:56:21.567 [Test worker] DEBUG o.s.orm.jpa.JpaTransactionManager - Creating new transaction with name [org.springframework.data.jpa.repository.support.SimpleJpaRepository.save]: PROPAGATION_REQUIRED,ISOLATION_DEFAULT; ''
15:56:21.567 [Test worker] DEBUG o.s.orm.jpa.JpaTransactionManager - Opened new EntityManager [org.hibernate.jpa.internal.EntityManagerImpl@504662b8] for JPA transaction
15:56:21.567 [Test worker] DEBUG o.h.e.t.spi.AbstractTransactionImpl - begin
15:56:21.567 [Test worker] DEBUG o.h.e.j.i.LogicalConnectionImpl - Obtaining JDBC connection
15:56:21.567 [Test worker] DEBUG o.s.j.d.DriverManagerDataSource - Creating new JDBC DriverManager Connection to [jdbc:mysql://127.0.0.1:3306/wrp3]
15:56:21.570 [Test worker] DEBUG o.h.e.j.i.LogicalConnectionImpl - Obtained JDBC connection
15:56:21.570 [Test worker] DEBUG o.h.e.t.i.jdbc.JdbcTransaction - initial autocommit status: true
15:56:21.571 [Test worker] DEBUG o.h.e.t.i.jdbc.JdbcTransaction - disabling autocommit
15:56:21.571 [Test worker] DEBUG o.s.orm.jpa.JpaTransactionManager - Exposing JPA transaction as JDBC transaction [org.springframework.orm.jpa.vendor.HibernateJpaDialect$HibernateConnectionHandle@16854023]
15:56:21.571 [Test worker] DEBUG o.s.orm.jpa.JpaTransactionManager - Initiating transaction commit
15:56:21.571 [Test worker] DEBUG o.s.orm.jpa.JpaTransactionManager - Committing JPA transaction on EntityManager [org.hibernate.jpa.internal.EntityManagerImpl@504662b8]
15:56:21.571 [Test worker] DEBUG o.h.e.t.spi.AbstractTransactionImpl - committing
15:56:21.571 [Test worker] DEBUG o.h.e.t.i.jdbc.JdbcTransaction - committed JDBC Connection
15:56:21.571 [Test worker] DEBUG o.h.e.t.i.jdbc.JdbcTransaction - re-enabling autocommit
15:56:21.571 [Test worker] DEBUG o.s.orm.jpa.JpaTransactionManager - Closing JPA EntityManager [org.hibernate.jpa.internal.EntityManagerImpl@504662b8] after transaction
15:56:21.571 [Test worker] DEBUG o.s.o.jpa.EntityManagerFactoryUtils - Closing JPA EntityManager
15:56:21.571 [Test worker] DEBUG o.h.e.j.i.LogicalConnectionImpl - Releasing JDBC connection
15:56:21.571 [Test worker] DEBUG o.h.e.j.i.LogicalConnectionImpl - Released JDBC connection
15:56:21.572 [Test worker] DEBUG o.s.orm.jpa.JpaTransactionManager - Creating new transaction with name [org.springframework.data.jpa.repository.support.SimpleJpaRepository.deleteAll]: PROPAGATION_REQUIRED,ISOLATION_DEFAULT; ''
15:56:21.572 [Test worker] DEBUG o.s.orm.jpa.JpaTransactionManager - Opened new EntityManager [org.hibernate.jpa.internal.EntityManagerImpl@66d3e4a0] for JPA transaction
15:56:21.572 [Test worker] DEBUG o.h.e.t.spi.AbstractTransactionImpl - begin
15:56:21.572 [Test worker] DEBUG o.h.e.j.i.LogicalConnectionImpl - Obtaining JDBC connection
15:56:21.572 [Test worker] DEBUG o.s.j.d.DriverManagerDataSource - Creating new JDBC DriverManager Connection to [jdbc:mysql://127.0.0.1:3306/wrp3]
15:56:21.575 [Test worker] DEBUG o.h.e.j.i.LogicalConnectionImpl - Obtained JDBC connection
15:56:21.575 [Test worker] DEBUG o.h.e.t.i.jdbc.JdbcTransaction - initial autocommit status: true
15:56:21.575 [Test worker] DEBUG o.h.e.t.i.jdbc.JdbcTransaction - disabling autocommit
15:56:21.575 [Test worker] DEBUG o.s.orm.jpa.JpaTransactionManager - Exposing JPA transaction as JDBC transaction [org.springframework.orm.jpa.vendor.HibernateJpaDialect$HibernateConnectionHandle@3d600ec5]
15:56:21.575 [Test worker] DEBUG o.h.jpa.criteria.CriteriaQueryImpl - Rendered criteria query -> select generatedAlias0 from Request as generatedAlias0
15:56:21.576 [Test worker] DEBUG org.hibernate.SQL - select request0_.request_id as request_1_3_, request0_.assign_to as assign_t2_3_, request0_.created_by as created_3_3_, request0_.date_created as date_cre4_3_, request0_.date_complete as date_com5_3_, request0_.due_date as due_date6_3_, request0_.priority as priority7_3_, request0_.reject_reason as reject_r8_3_, request0_.req_desc as req_desc9_3_, request0_.req_solution as req_sol10_3_, request0_.sci_id as sci_id11_3_, request0_.status as status12_3_, request0_.assigned_to as assigne13_3_, request0_.version_id as version14_3_ from request request0_
15:56:21.576 [Test worker] DEBUG o.s.orm.jpa.JpaTransactionManager - Initiating transaction commit
15:56:21.576 [Test worker] DEBUG o.s.orm.jpa.JpaTransactionManager - Committing JPA transaction on EntityManager [org.hibernate.jpa.internal.EntityManagerImpl@66d3e4a0]
15:56:21.576 [Test worker] DEBUG o.h.e.t.spi.AbstractTransactionImpl - committing
15:56:21.576 [Test worker] DEBUG o.h.e.t.i.jdbc.JdbcTransaction - committed JDBC Connection
15:56:21.576 [Test worker] DEBUG o.h.e.t.i.jdbc.JdbcTransaction - re-enabling autocommit
15:56:21.577 [Test worker] DEBUG o.s.orm.jpa.JpaTransactionManager - Closing JPA EntityManager [org.hibernate.jpa.internal.EntityManagerImpl@66d3e4a0] after transaction
15:56:21.577 [Test worker] DEBUG o.s.o.jpa.EntityManagerFactoryUtils - Closing JPA EntityManager
15:56:21.577 [Test worker] DEBUG o.h.e.j.i.LogicalConnectionImpl - Releasing JDBC connection
15:56:21.577 [Test worker] DEBUG o.h.e.j.i.LogicalConnectionImpl - Released JDBC connection
15:56:21.577 [Test worker] DEBUG o.s.orm.jpa.JpaTransactionManager - Creating new transaction with name [org.springframework.data.jpa.repository.support.SimpleJpaRepository.save]: PROPAGATION_REQUIRED,ISOLATION_DEFAULT; ''
15:56:21.577 [Test worker] DEBUG o.s.orm.jpa.JpaTransactionManager - Opened new EntityManager [org.hibernate.jpa.internal.EntityManagerImpl@78a4449a] for JPA transaction
15:56:21.577 [Test worker] DEBUG o.h.e.t.spi.AbstractTransactionImpl - begin
15:56:21.577 [Test worker] DEBUG o.h.e.j.i.LogicalConnectionImpl - Obtaining JDBC connection
15:56:21.577 [Test worker] DEBUG o.s.j.d.DriverManagerDataSource - Creating new JDBC DriverManager Connection to [jdbc:mysql://127.0.0.1:3306/wrp3]
15:56:21.581 [Test worker] DEBUG o.h.e.j.i.LogicalConnectionImpl - Obtained JDBC connection
15:56:21.581 [Test worker] DEBUG o.h.e.t.i.jdbc.JdbcTransaction - initial autocommit status: true
15:56:21.581 [Test worker] DEBUG o.h.e.t.i.jdbc.JdbcTransaction - disabling autocommit
15:56:21.581 [Test worker] DEBUG o.s.orm.jpa.JpaTransactionManager - Exposing JPA transaction as JDBC transaction [org.springframework.orm.jpa.vendor.HibernateJpaDialect$HibernateConnectionHandle@39df4470]
15:56:21.581 [Test worker] DEBUG o.s.orm.jpa.JpaTransactionManager - Initiating transaction commit
15:56:21.581 [Test worker] DEBUG o.s.orm.jpa.JpaTransactionManager - Committing JPA transaction on EntityManager [org.hibernate.jpa.internal.EntityManagerImpl@78a4449a]
15:56:21.581 [Test worker] DEBUG o.h.e.t.spi.AbstractTransactionImpl - committing
15:56:21.582 [Test worker] DEBUG o.h.e.t.i.jdbc.JdbcTransaction - committed JDBC Connection
15:56:21.582 [Test worker] DEBUG o.h.e.t.i.jdbc.JdbcTransaction - re-enabling autocommit
15:56:21.582 [Test worker] DEBUG o.s.orm.jpa.JpaTransactionManager - Closing JPA EntityManager [org.hibernate.jpa.internal.EntityManagerImpl@78a4449a] after transaction
15:56:21.582 [Test worker] DEBUG o.s.o.jpa.EntityManagerFactoryUtils - Closing JPA EntityManager
15:56:21.582 [Test worker] DEBUG o.h.e.j.i.LogicalConnectionImpl - Releasing JDBC connection
15:56:21.582 [Test worker] DEBUG o.h.e.j.i.LogicalConnectionImpl - Released JDBC connection
15:56:21.582 [Test worker] DEBUG o.s.orm.jpa.JpaTransactionManager - Creating new transaction with name [org.springframework.data.jpa.repository.support.SimpleJpaRepository.deleteAll]: PROPAGATION_REQUIRED,ISOLATION_DEFAULT; ''
15:56:21.583 [Test worker] DEBUG o.s.orm.jpa.JpaTransactionManager - Opened new EntityManager [org.hibernate.jpa.internal.EntityManagerImpl@65e97594] for JPA transaction
15:56:21.583 [Test worker] DEBUG o.h.e.t.spi.AbstractTransactionImpl - begin
15:56:21.583 [Test worker] DEBUG o.h.e.j.i.LogicalConnectionImpl - Obtaining JDBC connection
15:56:21.583 [Test worker] DEBUG o.s.j.d.DriverManagerDataSource - Creating new JDBC DriverManager Connection to [jdbc:mysql://127.0.0.1:3306/wrp3]
15:56:21.585 [Test worker] DEBUG o.h.e.j.i.LogicalConnectionImpl - Obtained JDBC connection
15:56:21.585 [Test worker] DEBUG o.h.e.t.i.jdbc.JdbcTransaction - initial autocommit status: true
15:56:21.585 [Test worker] DEBUG o.h.e.t.i.jdbc.JdbcTransaction - disabling autocommit
15:56:21.586 [Test worker] DEBUG o.s.orm.jpa.JpaTransactionManager - Exposing JPA transaction as JDBC transaction [org.springframework.orm.jpa.vendor.HibernateJpaDialect$HibernateConnectionHandle@117117bf]
15:56:21.586 [Test worker] DEBUG o.h.jpa.criteria.CriteriaQueryImpl - Rendered criteria query -> select generatedAlias0 from User as generatedAlias0
15:56:21.586 [Test worker] DEBUG org.hibernate.SQL - select user0_.id as id1_8_, user0_.login as login2_8_, user0_.password as password3_8_, user0_1_.role_id as role_id1_7_ from users user0_ left outer join user_roles user0_1_ on user0_.id=user0_1_.user_id
15:56:21.586 [Test worker] DEBUG org.hibernate.loader.Loader - Result set row: 0
15:56:21.586 [Test worker] DEBUG org.hibernate.loader.Loader - Result row: EntityKey[sciConsole.domain.User#45]
15:56:21.586 [Test worker] DEBUG org.hibernate.loader.Loader - Result set row: 1
15:56:21.586 [Test worker] DEBUG org.hibernate.loader.Loader - Result row: EntityKey[sciConsole.domain.User#46]
15:56:21.587 [Test worker] DEBUG o.h.engine.internal.TwoPhaseLoad - Resolving associations for [sciConsole.domain.User#45]
15:56:21.587 [Test worker] DEBUG org.hibernate.SQL - select role0_.id as id1_4_0_, role0_.role as role2_4_0_ from roles role0_ where role0_.id=?
15:56:21.587 [Test worker] DEBUG o.h.l.p.e.p.i.ResultSetProcessorImpl - Starting ResultSet row #0
15:56:21.587 [Test worker] DEBUG o.h.l.p.e.p.i.EntityReferenceInitializerImpl - On call to EntityIdentifierReaderImpl#resolve, EntityKey was already known; should only happen on root returns with an optional identifier specified
15:56:21.587 [Test worker] DEBUG o.h.engine.internal.TwoPhaseLoad - Resolving associations for [sciConsole.domain.Role#2]
15:56:21.587 [Test worker] DEBUG o.h.engine.internal.TwoPhaseLoad - Done materializing entity [sciConsole.domain.Role#2]
15:56:21.587 [Test worker] DEBUG o.h.l.e.p.AbstractLoadPlanBasedEntityLoader - Done entity load : sciConsole.domain.Role#2
15:56:21.587 [Test worker] DEBUG o.h.engine.internal.TwoPhaseLoad - Done materializing entity [sciConsole.domain.User#45]
15:56:21.588 [Test worker] DEBUG o.h.engine.internal.TwoPhaseLoad - Resolving associations for [sciConsole.domain.User#46]
15:56:21.588 [Test worker] DEBUG org.hibernate.SQL - select role0_.id as id1_4_0_, role0_.role as role2_4_0_ from roles role0_ where role0_.id=?
15:56:21.588 [Test worker] DEBUG o.h.l.p.e.p.i.ResultSetProcessorImpl - Starting ResultSet row #0
15:56:21.588 [Test worker] DEBUG o.h.l.p.e.p.i.EntityReferenceInitializerImpl - On call to EntityIdentifierReaderImpl#resolve, EntityKey was already known; should only happen on root returns with an optional identifier specified
15:56:21.588 [Test worker] DEBUG o.h.engine.internal.TwoPhaseLoad - Resolving associations for [sciConsole.domain.Role#1]
15:56:21.588 [Test worker] DEBUG o.h.engine.internal.TwoPhaseLoad - Done materializing entity [sciConsole.domain.Role#1]
15:56:21.588 [Test worker] DEBUG o.h.l.e.p.AbstractLoadPlanBasedEntityLoader - Done entity load : sciConsole.domain.Role#1
15:56:21.588 [Test worker] DEBUG o.h.engine.internal.TwoPhaseLoad - Done materializing entity [sciConsole.domain.User#46]
15:56:21.589 [Test worker] DEBUG o.h.l.c.p.AbstractLoadPlanBasedCollectionInitializer - Loading collection: [sciConsole.domain.Role.userRoles#2]
15:56:21.589 [Test worker] DEBUG org.hibernate.SQL - select userroles0_.role_id as role_id1_4_0_, userroles0_.user_id as user_id2_7_0_, user1_.id as id1_8_1_, user1_.login as login2_8_1_, user1_.password as password3_8_1_, user1_1_.role_id as role_id1_7_1_ from user_roles userroles0_ inner join users user1_ on userroles0_.user_id=user1_.id left outer join user_roles user1_1_ on user1_.id=user1_1_.user_id where userroles0_.role_id=?
15:56:21.589 [Test worker] DEBUG o.h.l.p.e.p.i.ResultSetProcessorImpl - Preparing collection intializer : [sciConsole.domain.Role.userRoles#2]
15:56:21.589 [Test worker] DEBUG o.h.l.p.e.p.i.ResultSetProcessorImpl - Starting ResultSet row #0
15:56:21.589 [Test worker] DEBUG o.h.l.p.e.p.i.CollectionReferenceInitializerImpl - Found row of collection: [sciConsole.domain.Role.userRoles#2]
15:56:21.589 [Test worker] DEBUG o.h.e.l.i.CollectionLoadContext - 1 collections were found in result set for role: sciConsole.domain.Role.userRoles
15:56:21.589 [Test worker] DEBUG o.h.e.l.i.CollectionLoadContext - Collection fully initialized: [sciConsole.domain.Role.userRoles#2]
15:56:21.589 [Test worker] DEBUG o.h.e.l.i.CollectionLoadContext - 1 collections initialized for role: sciConsole.domain.Role.userRoles
15:56:21.590 [Test worker] DEBUG o.h.l.c.p.AbstractLoadPlanBasedCollectionInitializer - Done loading collection
15:56:21.590 [Test worker] DEBUG o.h.l.c.p.AbstractLoadPlanBasedCollectionInitializer - Loading collection: [sciConsole.domain.Role.userRoles#1]
15:56:21.590 [Test worker] DEBUG org.hibernate.SQL - select userroles0_.role_id as role_id1_4_0_, userroles0_.user_id as user_id2_7_0_, user1_.id as id1_8_1_, user1_.login as login2_8_1_, user1_.password as password3_8_1_, user1_1_.role_id as role_id1_7_1_ from user_roles userroles0_ inner join users user1_ on userroles0_.user_id=user1_.id left outer join user_roles user1_1_ on user1_.id=user1_1_.user_id where userroles0_.role_id=?
15:56:21.590 [Test worker] DEBUG o.h.l.p.e.p.i.ResultSetProcessorImpl - Preparing collection intializer : [sciConsole.domain.Role.userRoles#1]
15:56:21.590 [Test worker] DEBUG o.h.l.p.e.p.i.ResultSetProcessorImpl - Starting ResultSet row #0
15:56:21.590 [Test worker] DEBUG o.h.l.p.e.p.i.CollectionReferenceInitializerImpl - Found row of collection: [sciConsole.domain.Role.userRoles#1]
15:56:21.591 [Test worker] DEBUG o.h.e.l.i.CollectionLoadContext - 1 collections were found in result set for role: sciConsole.domain.Role.userRoles
15:56:21.591 [Test worker] DEBUG o.h.e.l.i.CollectionLoadContext - Collection fully initialized: [sciConsole.domain.Role.userRoles#1]
15:56:21.591 [Test worker] DEBUG o.h.e.l.i.CollectionLoadContext - 1 collections initialized for role: sciConsole.domain.Role.userRoles
15:56:21.591 [Test worker] DEBUG o.h.l.c.p.AbstractLoadPlanBasedCollectionInitializer - Done loading collection
15:56:21.591 [Test worker] DEBUG o.s.orm.jpa.JpaTransactionManager - Initiating transaction commit
15:56:21.591 [Test worker] DEBUG o.s.orm.jpa.JpaTransactionManager - Committing JPA transaction on EntityManager [org.hibernate.jpa.internal.EntityManagerImpl@65e97594]
15:56:21.591 [Test worker] DEBUG o.h.e.t.spi.AbstractTransactionImpl - committing
15:56:21.591 [Test worker] DEBUG o.h.e.i.AbstractFlushingEventListener - Processing flush-time cascades
15:56:21.591 [Test worker] DEBUG o.h.e.i.AbstractFlushingEventListener - Dirty checking collections
15:56:21.591 [Test worker] DEBUG o.h.engine.internal.Collections - Collection dereferenced: [sciConsole.domain.Role.userRoles#2]
15:56:21.591 [Test worker] DEBUG o.h.engine.internal.Collections - Collection dereferenced: [sciConsole.domain.Role.userRoles#1]
15:56:21.591 [Test worker] DEBUG o.h.e.i.AbstractFlushingEventListener - Flushed: 0 insertions, 0 updates, 4 deletions to 4 objects
15:56:21.591 [Test worker] DEBUG o.h.e.i.AbstractFlushingEventListener - Flushed: 0 (re)creations, 0 updates, 2 removals to 2 collections
15:56:21.591 [Test worker] DEBUG o.h.internal.util.EntityPrinter - Listing entities:
15:56:21.591 [Test worker] DEBUG o.h.internal.util.EntityPrinter - sciConsole.domain.User{password=$2a$10$sbTqPCC0wB2c4IE5Y5RCdeWLIvtjAKEHFzHluAg7LiqkSdZNujJn2, role=sciConsole.domain.Role#2, id=45, login=Alice}
15:56:21.591 [Test worker] DEBUG o.h.internal.util.EntityPrinter - sciConsole.domain.User{password=$2a$10$UQ/jCMwn14H5VdHO4or0L.xvlGoplsSsRXHjXdbYij9UEArHJzsE2, role=sciConsole.domain.Role#1, id=46, login=Bob}
15:56:21.591 [Test worker] DEBUG o.h.internal.util.EntityPrinter - sciConsole.domain.Role{userRoles=[sciConsole.domain.User#46], role=MANAGER, id=1}
15:56:21.591 [Test worker] DEBUG o.h.internal.util.EntityPrinter - sciConsole.domain.Role{userRoles=[sciConsole.domain.User#45], role=DEVELOPER, id=2}
15:56:21.591 [Test worker] DEBUG o.h.p.c.AbstractCollectionPersister - Deleting collection: [sciConsole.domain.Role.userRoles#2]
15:56:21.591 [Test worker] DEBUG org.hibernate.SQL - delete from user_roles where role_id=?
15:56:21.592 [Test worker] DEBUG o.h.p.c.AbstractCollectionPersister - Done deleting collection
15:56:21.592 [Test worker] DEBUG o.h.p.c.AbstractCollectionPersister - Deleting collection: [sciConsole.domain.Role.userRoles#1]
15:56:21.592 [Test worker] DEBUG org.hibernate.SQL - delete from user_roles where role_id=?
15:56:21.592 [Test worker] DEBUG o.h.p.c.AbstractCollectionPersister - Done deleting collection
15:56:21.593 [Test worker] DEBUG org.hibernate.SQL - delete from user_roles where user_id=?
15:56:21.593 [Test worker] DEBUG org.hibernate.SQL - delete from users where id=?
15:56:21.594 [Test worker] DEBUG org.hibernate.SQL - delete from roles where id=?
15:56:21.594 [Test worker] DEBUG org.hibernate.SQL - delete from user_roles where user_id=?
15:56:21.595 [Test worker] DEBUG org.hibernate.SQL - delete from users where id=?
15:56:21.595 [Test worker] DEBUG org.hibernate.SQL - delete from roles where id=?
15:56:21.598 [Test worker] DEBUG o.h.e.t.i.jdbc.JdbcTransaction - committed JDBC Connection
15:56:21.598 [Test worker] DEBUG o.h.e.t.i.jdbc.JdbcTransaction - re-enabling autocommit
15:56:21.598 [Test worker] DEBUG o.s.orm.jpa.JpaTransactionManager - Closing JPA EntityManager [org.hibernate.jpa.internal.EntityManagerImpl@65e97594] after transaction
15:56:21.598 [Test worker] DEBUG o.s.o.jpa.EntityManagerFactoryUtils - Closing JPA EntityManager
15:56:21.598 [Test worker] DEBUG o.h.e.j.internal.JdbcCoordinatorImpl - HHH000420: Closing un-released batch
15:56:21.598 [Test worker] DEBUG o.h.e.j.i.LogicalConnectionImpl - Releasing JDBC connection
15:56:21.599 [Test worker] DEBUG o.h.e.j.i.LogicalConnectionImpl - Released JDBC connection
15:56:21.599 [Test worker] DEBUG o.s.orm.jpa.JpaTransactionManager - Creating new transaction with name [org.springframework.data.jpa.repository.support.SimpleJpaRepository.deleteAll]: PROPAGATION_REQUIRED,ISOLATION_DEFAULT; ''
15:56:21.599 [Test worker] DEBUG o.s.orm.jpa.JpaTransactionManager - Opened new EntityManager [org.hibernate.jpa.internal.EntityManagerImpl@6884deb2] for JPA transaction
15:56:21.599 [Test worker] DEBUG o.h.e.t.spi.AbstractTransactionImpl - begin
15:56:21.599 [Test worker] DEBUG o.h.e.j.i.LogicalConnectionImpl - Obtaining JDBC connection
15:56:21.599 [Test worker] DEBUG o.s.j.d.DriverManagerDataSource - Creating new JDBC DriverManager Connection to [jdbc:mysql://127.0.0.1:3306/wrp3]
15:56:21.602 [Test worker] DEBUG o.h.e.j.i.LogicalConnectionImpl - Obtained JDBC connection
15:56:21.602 [Test worker] DEBUG o.h.e.t.i.jdbc.JdbcTransaction - initial autocommit status: true
15:56:21.602 [Test worker] DEBUG o.h.e.t.i.jdbc.JdbcTransaction - disabling autocommit
15:56:21.602 [Test worker] DEBUG o.s.orm.jpa.JpaTransactionManager - Exposing JPA transaction as JDBC transaction [org.springframework.orm.jpa.vendor.HibernateJpaDialect$HibernateConnectionHandle@5448f197]
15:56:21.603 [Test worker] DEBUG o.h.jpa.criteria.CriteriaQueryImpl - Rendered criteria query -> select generatedAlias0 from Role as generatedAlias0
15:56:21.603 [Test worker] DEBUG org.hibernate.SQL - select role0_.id as id1_4_, role0_.role as role2_4_ from roles role0_
15:56:21.603 [Test worker] DEBUG o.s.orm.jpa.JpaTransactionManager - Initiating transaction commit
15:56:21.603 [Test worker] DEBUG o.s.orm.jpa.JpaTransactionManager - Committing JPA transaction on EntityManager [org.hibernate.jpa.internal.EntityManagerImpl@6884deb2]
15:56:21.603 [Test worker] DEBUG o.h.e.t.spi.AbstractTransactionImpl - committing
15:56:21.603 [Test worker] DEBUG o.h.e.t.i.jdbc.JdbcTransaction - committed JDBC Connection
15:56:21.604 [Test worker] DEBUG o.h.e.t.i.jdbc.JdbcTransaction - re-enabling autocommit
15:56:21.604 [Test worker] DEBUG o.s.orm.jpa.JpaTransactionManager - Closing JPA EntityManager [org.hibernate.jpa.internal.EntityManagerImpl@6884deb2] after transaction
15:56:21.604 [Test worker] DEBUG o.s.o.jpa.EntityManagerFactoryUtils - Closing JPA EntityManager
15:56:21.604 [Test worker] DEBUG o.h.e.j.i.LogicalConnectionImpl - Releasing JDBC connection
15:56:21.604 [Test worker] DEBUG o.h.e.j.i.LogicalConnectionImpl - Released JDBC connection
15:56:21.604 [Test worker] DEBUG o.s.orm.jpa.JpaTransactionManager - Creating new transaction with name [org.springframework.data.jpa.repository.support.SimpleJpaRepository.save]: PROPAGATION_REQUIRED,ISOLATION_DEFAULT; ''
15:56:21.604 [Test worker] DEBUG o.s.orm.jpa.JpaTransactionManager - Opened new EntityManager [org.hibernate.jpa.internal.EntityManagerImpl@451a23e8] for JPA transaction
15:56:21.604 [Test worker] DEBUG o.h.e.t.spi.AbstractTransactionImpl - begin
15:56:21.604 [Test worker] DEBUG o.h.e.j.i.LogicalConnectionImpl - Obtaining JDBC connection
15:56:21.604 [Test worker] DEBUG o.s.j.d.DriverManagerDataSource - Creating new JDBC DriverManager Connection to [jdbc:mysql://127.0.0.1:3306/wrp3]
15:56:21.607 [Test worker] DEBUG o.h.e.j.i.LogicalConnectionImpl - Obtained JDBC connection
15:56:21.607 [Test worker] DEBUG o.h.e.t.i.jdbc.JdbcTransaction - initial autocommit status: true
15:56:21.607 [Test worker] DEBUG o.h.e.t.i.jdbc.JdbcTransaction - disabling autocommit
15:56:21.608 [Test worker] DEBUG o.s.orm.jpa.JpaTransactionManager - Exposing JPA transaction as JDBC transaction [org.springframework.orm.jpa.vendor.HibernateJpaDialect$HibernateConnectionHandle@452c6062]
15:56:21.608 [Test worker] DEBUG org.hibernate.loader.Loader - Loading entity: [sciConsole.domain.User#45]
15:56:21.608 [Test worker] DEBUG org.hibernate.SQL - select user0_.id as id1_8_1_, user0_.login as login2_8_1_, user0_.password as password3_8_1_, user0_1_.role_id as role_id1_7_1_, role1_.id as id1_4_0_, role1_.role as role2_4_0_ from users user0_ left outer join user_roles user0_1_ on user0_.id=user0_1_.user_id left outer join roles role1_ on user0_1_.role_id=role1_.id where user0_.id=?
15:56:21.609 [Test worker] DEBUG org.hibernate.loader.Loader - Done entity load
15:56:21.609 [Test worker] DEBUG org.hibernate.loader.Loader - Loading entity: [sciConsole.domain.Role#2]
15:56:21.609 [Test worker] DEBUG org.hibernate.SQL - select role0_.id as id1_4_1_, role0_.role as role2_4_1_, userroles1_.role_id as role_id1_4_3_, user2_.id as user_id2_7_3_, user2_.id as id1_8_0_, user2_.login as login2_8_0_, user2_.password as password3_8_0_, user2_1_.role_id as role_id1_7_0_ from roles role0_ left outer join user_roles userroles1_ on role0_.id=userroles1_.role_id left outer join users user2_ on userroles1_.user_id=user2_.id left outer join user_roles user2_1_ on user2_.id=user2_1_.user_id where role0_.id=?
15:56:21.609 [Test worker] DEBUG o.h.e.l.i.CollectionLoadContext - No collections were found in result set for role: sciConsole.domain.Role.userRoles
15:56:21.610 [Test worker] DEBUG org.hibernate.loader.Loader - Done entity load
15:56:21.610 [Test worker] DEBUG o.h.e.i.AbstractSaveEventListener - Generated identifier: 2, using strategy: org.hibernate.id.Assigned
15:56:21.610 [Test worker] DEBUG org.hibernate.SQL - insert into roles (role, id) values (?, ?)
15:56:21.611 [Test worker] DEBUG org.hibernate.engine.spi.ActionQueue - Executing identity-insert immediately
15:56:21.611 [Test worker] DEBUG org.hibernate.SQL - insert into users (login, password) values (?, ?)
15:56:21.611 [Test worker] DEBUG o.h.id.IdentifierGeneratorHelper - Natively generated identity: 47
15:56:21.611 [Test worker] DEBUG org.hibernate.SQL - insert into user_roles (role_id, user_id) values (?, ?)
15:56:21.612 [Test worker] DEBUG org.hibernate.loader.Loader - Loading entity: [sciConsole.domain.User#46]
15:56:21.612 [Test worker] DEBUG org.hibernate.SQL - select user0_.id as id1_8_1_, user0_.login as login2_8_1_, user0_.password as password3_8_1_, user0_1_.role_id as role_id1_7_1_, role1_.id as id1_4_0_, role1_.role as role2_4_0_ from users user0_ left outer join user_roles user0_1_ on user0_.id=user0_1_.user_id left outer join roles role1_ on user0_1_.role_id=role1_.id where user0_.id=?
15:56:21.613 [Test worker] DEBUG org.hibernate.loader.Loader - Done entity load
15:56:21.613 [Test worker] DEBUG org.hibernate.loader.Loader - Loading entity: [sciConsole.domain.Role#1]
15:56:21.613 [Test worker] DEBUG org.hibernate.SQL - select role0_.id as id1_4_1_, role0_.role as role2_4_1_, userroles1_.role_id as role_id1_4_3_, user2_.id as user_id2_7_3_, user2_.id as id1_8_0_, user2_.login as login2_8_0_, user2_.password as password3_8_0_, user2_1_.role_id as role_id1_7_0_ from roles role0_ left outer join user_roles userroles1_ on role0_.id=userroles1_.role_id left outer join users user2_ on userroles1_.user_id=user2_.id left outer join user_roles user2_1_ on user2_.id=user2_1_.user_id where role0_.id=?
15:56:21.613 [Test worker] DEBUG o.h.e.l.i.CollectionLoadContext - No collections were found in result set for role: sciConsole.domain.Role.userRoles
15:56:21.614 [Test worker] DEBUG org.hibernate.loader.Loader - Done entity load
15:56:21.614 [Test worker] DEBUG o.h.e.i.AbstractSaveEventListener - Generated identifier: 1, using strategy: org.hibernate.id.Assigned
15:56:21.614 [Test worker] DEBUG org.hibernate.SQL - insert into roles (role, id) values (?, ?)
15:56:21.615 [Test worker] DEBUG org.hibernate.engine.spi.ActionQueue - Executing identity-insert immediately
15:56:21.615 [Test worker] DEBUG org.hibernate.SQL - insert into users (login, password) values (?, ?)
15:56:21.615 [Test worker] DEBUG o.h.id.IdentifierGeneratorHelper - Natively generated identity: 48
15:56:21.615 [Test worker] DEBUG org.hibernate.SQL - insert into user_roles (role_id, user_id) values (?, ?)
15:56:21.616 [Test worker] DEBUG o.s.orm.jpa.JpaTransactionManager - Initiating transaction commit
15:56:21.616 [Test worker] DEBUG o.s.orm.jpa.JpaTransactionManager - Committing JPA transaction on EntityManager [org.hibernate.jpa.internal.EntityManagerImpl@451a23e8]
15:56:21.616 [Test worker] DEBUG o.h.e.t.spi.AbstractTransactionImpl - committing
15:56:21.616 [Test worker] DEBUG o.h.e.i.AbstractFlushingEventListener - Processing flush-time cascades
15:56:21.616 [Test worker] DEBUG o.h.e.i.AbstractFlushingEventListener - Dirty checking collections
15:56:21.617 [Test worker] DEBUG o.h.e.i.AbstractFlushingEventListener - Flushed: 0 insertions, 0 updates, 0 deletions to 4 objects
15:56:21.617 [Test worker] DEBUG o.h.e.i.AbstractFlushingEventListener - Flushed: 0 (re)creations, 0 updates, 0 removals to 0 collections
15:56:21.617 [Test worker] DEBUG o.h.internal.util.EntityPrinter - Listing entities:
15:56:21.617 [Test worker] DEBUG o.h.internal.util.EntityPrinter - sciConsole.domain.User{password=$2a$10$sbTqPCC0wB2c4IE5Y5RCdeWLIvtjAKEHFzHluAg7LiqkSdZNujJn2, role=sciConsole.domain.Role#2, id=47, login=Alice}
15:56:21.617 [Test worker] DEBUG o.h.internal.util.EntityPrinter - sciConsole.domain.User{password=$2a$10$UQ/jCMwn14H5VdHO4or0L.xvlGoplsSsRXHjXdbYij9UEArHJzsE2, role=sciConsole.domain.Role#1, id=48, login=Bob}
15:56:21.617 [Test worker] DEBUG o.h.internal.util.EntityPrinter - sciConsole.domain.Role{userRoles=null, role=MANAGER, id=1}
15:56:21.617 [Test worker] DEBUG o.h.internal.util.EntityPrinter - sciConsole.domain.Role{userRoles=null, role=DEVELOPER, id=2}
15:56:21.620 [Test worker] DEBUG o.h.e.t.i.jdbc.JdbcTransaction - committed JDBC Connection
15:56:21.620 [Test worker] DEBUG o.h.e.t.i.jdbc.JdbcTransaction - re-enabling autocommit
15:56:21.620 [Test worker] DEBUG o.s.orm.jpa.JpaTransactionManager - Closing JPA EntityManager [org.hibernate.jpa.internal.EntityManagerImpl@451a23e8] after transaction
15:56:21.620 [Test worker] DEBUG o.s.o.jpa.EntityManagerFactoryUtils - Closing JPA EntityManager
15:56:21.620 [Test worker] DEBUG o.h.e.j.internal.JdbcCoordinatorImpl - HHH000420: Closing un-released batch
15:56:21.620 [Test worker] DEBUG o.h.e.j.i.LogicalConnectionImpl - Releasing JDBC connection
15:56:21.620 [Test worker] DEBUG o.h.e.j.i.LogicalConnectionImpl - Released JDBC connection
15:56:21.620 [Test worker] DEBUG o.s.orm.jpa.JpaTransactionManager - Creating new transaction with name [org.springframework.data.jpa.repository.support.SimpleJpaRepository.save]: PROPAGATION_REQUIRED,ISOLATION_DEFAULT; ''
15:56:21.620 [Test worker] DEBUG o.s.orm.jpa.JpaTransactionManager - Opened new EntityManager [org.hibernate.jpa.internal.EntityManagerImpl@444b2922] for JPA transaction
15:56:21.620 [Test worker] DEBUG o.h.e.t.spi.AbstractTransactionImpl - begin
15:56:21.620 [Test worker] DEBUG o.h.e.j.i.LogicalConnectionImpl - Obtaining JDBC connection
15:56:21.620 [Test worker] DEBUG o.s.j.d.DriverManagerDataSource - Creating new JDBC DriverManager Connection to [jdbc:mysql://127.0.0.1:3306/wrp3]
15:56:21.624 [Test worker] DEBUG o.h.e.j.i.LogicalConnectionImpl - Obtained JDBC connection
15:56:21.624 [Test worker] DEBUG o.h.e.t.i.jdbc.JdbcTransaction - initial autocommit status: true
15:56:21.624 [Test worker] DEBUG o.h.e.t.i.jdbc.JdbcTransaction - disabling autocommit
15:56:21.624 [Test worker] DEBUG o.s.orm.jpa.JpaTransactionManager - Exposing JPA transaction as JDBC transaction [org.springframework.orm.jpa.vendor.HibernateJpaDialect$HibernateConnectionHandle@726f5050]
15:56:21.624 [Test worker] DEBUG org.hibernate.loader.Loader - Loading entity: [sciConsole.domain.Role#1]
15:56:21.624 [Test worker] DEBUG org.hibernate.SQL - select role0_.id as id1_4_1_, role0_.role as role2_4_1_, userroles1_.role_id as role_id1_4_3_, user2_.id as user_id2_7_3_, user2_.id as id1_8_0_, user2_.login as login2_8_0_, user2_.password as password3_8_0_, user2_1_.role_id as role_id1_7_0_ from roles role0_ left outer join user_roles userroles1_ on role0_.id=userroles1_.role_id left outer join users user2_ on userroles1_.user_id=user2_.id left outer join user_roles user2_1_ on user2_.id=user2_1_.user_id where role0_.id=?
15:56:21.625 [Test worker] DEBUG org.hibernate.loader.Loader - Result set row: 0
15:56:21.625 [Test worker] DEBUG org.hibernate.loader.Loader - Result row: EntityKey[sciConsole.domain.User#48], EntityKey[sciConsole.domain.Role#1]
15:56:21.625 [Test worker] DEBUG org.hibernate.loader.Loader - Found row of collection: [sciConsole.domain.Role.userRoles#1]
15:56:21.625 [Test worker] DEBUG o.h.engine.internal.TwoPhaseLoad - Resolving associations for [sciConsole.domain.User#48]
15:56:21.625 [Test worker] DEBUG o.h.engine.internal.TwoPhaseLoad - Done materializing entity [sciConsole.domain.User#48]
15:56:21.625 [Test worker] DEBUG o.h.engine.internal.TwoPhaseLoad - Resolving associations for [sciConsole.domain.Role#1]
15:56:21.625 [Test worker] DEBUG o.h.engine.internal.TwoPhaseLoad - Done materializing entity [sciConsole.domain.Role#1]
15:56:21.625 [Test worker] DEBUG o.h.e.l.i.CollectionLoadContext - 1 collections were found in result set for role: sciConsole.domain.Role.userRoles
15:56:21.625 [Test worker] DEBUG o.h.e.l.i.CollectionLoadContext - Collection fully initialized: [sciConsole.domain.Role.userRoles#1]
15:56:21.625 [Test worker] DEBUG o.h.e.l.i.CollectionLoadContext - 1 collections initialized for role: sciConsole.domain.Role.userRoles
15:56:21.626 [Test worker] DEBUG org.hibernate.loader.Loader - Done entity load
15:56:21.626 [Test worker] DEBUG org.hibernate.loader.Loader - Loading entity: [sciConsole.domain.Role#2]
15:56:21.626 [Test worker] DEBUG org.hibernate.SQL - select role0_.id as id1_4_1_, role0_.role as role2_4_1_, userroles1_.role_id as role_id1_4_3_, user2_.id as user_id2_7_3_, user2_.id as id1_8_0_, user2_.login as login2_8_0_, user2_.password as password3_8_0_, user2_1_.role_id as role_id1_7_0_ from roles role0_ left outer join user_roles userroles1_ on role0_.id=userroles1_.role_id left outer join users user2_ on userroles1_.user_id=user2_.id left outer join user_roles user2_1_ on user2_.id=user2_1_.user_id where role0_.id=?
15:56:21.626 [Test worker] DEBUG org.hibernate.loader.Loader - Result set row: 0
15:56:21.627 [Test worker] DEBUG org.hibernate.loader.Loader - Result row: EntityKey[sciConsole.domain.User#47], EntityKey[sciConsole.domain.Role#2]
15:56:21.627 [Test worker] DEBUG org.hibernate.loader.Loader - Found row of collection: [sciConsole.domain.Role.userRoles#2]
15:56:21.627 [Test worker] DEBUG o.h.engine.internal.TwoPhaseLoad - Resolving associations for [sciConsole.domain.User#47]
15:56:21.627 [Test worker] DEBUG o.h.engine.internal.TwoPhaseLoad - Done materializing entity [sciConsole.domain.User#47]
15:56:21.627 [Test worker] DEBUG o.h.engine.internal.TwoPhaseLoad - Resolving associations for [sciConsole.domain.Role#2]
15:56:21.627 [Test worker] DEBUG o.h.engine.internal.TwoPhaseLoad - Done materializing entity [sciConsole.domain.Role#2]
15:56:21.627 [Test worker] DEBUG o.h.e.l.i.CollectionLoadContext - 1 collections were found in result set for role: sciConsole.domain.Role.userRoles
15:56:21.627 [Test worker] DEBUG o.h.e.l.i.CollectionLoadContext - Collection fully initialized: [sciConsole.domain.Role.userRoles#2]
15:56:21.627 [Test worker] DEBUG o.h.e.l.i.CollectionLoadContext - 1 collections initialized for role: sciConsole.domain.Role.userRoles
15:56:21.627 [Test worker] DEBUG org.hibernate.loader.Loader - Done entity load
15:56:21.628 [Test worker] DEBUG o.s.orm.jpa.JpaTransactionManager - Initiating transaction commit
15:56:21.628 [Test worker] DEBUG o.s.orm.jpa.JpaTransactionManager - Committing JPA transaction on EntityManager [org.hibernate.jpa.internal.EntityManagerImpl@444b2922]
15:56:21.628 [Test worker] DEBUG o.h.e.t.spi.AbstractTransactionImpl - committing
15:56:21.628 [Test worker] DEBUG o.h.e.i.AbstractFlushingEventListener - Processing flush-time cascades
15:56:21.628 [Test worker] DEBUG o.h.e.i.AbstractFlushingEventListener - Dirty checking collections
15:56:21.628 [Test worker] DEBUG o.h.engine.internal.Collections - Collection found: [sciConsole.domain.Role.userRoles#1], was: [sciConsole.domain.Role.userRoles#1] (initialized)
15:56:21.628 [Test worker] DEBUG o.h.engine.internal.Collections - Collection found: [sciConsole.domain.Role.userRoles#2], was: [sciConsole.domain.Role.userRoles#2] (initialized)
15:56:21.628 [Test worker] DEBUG o.h.e.i.AbstractFlushingEventListener - Flushed: 0 insertions, 0 updates, 0 deletions to 4 objects
15:56:21.628 [Test worker] DEBUG o.h.e.i.AbstractFlushingEventListener - Flushed: 0 (re)creations, 0 updates, 0 removals to 2 collections
15:56:21.628 [Test worker] DEBUG o.h.internal.util.EntityPrinter - Listing entities:
15:56:21.628 [Test worker] DEBUG o.h.internal.util.EntityPrinter - sciConsole.domain.User{password=$2a$10$sbTqPCC0wB2c4IE5Y5RCdeWLIvtjAKEHFzHluAg7LiqkSdZNujJn2, role=sciConsole.domain.Role#2, id=47, login=Alice}
15:56:21.628 [Test worker] DEBUG o.h.internal.util.EntityPrinter - sciConsole.domain.User{password=$2a$10$UQ/jCMwn14H5VdHO4or0L.xvlGoplsSsRXHjXdbYij9UEArHJzsE2, role=sciConsole.domain.Role#1, id=48, login=Bob}
15:56:21.628 [Test worker] DEBUG o.h.internal.util.EntityPrinter - sciConsole.domain.Role{userRoles=[sciConsole.domain.User#48], role=MANAGER, id=1}
15:56:21.628 [Test worker] DEBUG o.h.internal.util.EntityPrinter - sciConsole.domain.Role{userRoles=[sciConsole.domain.User#47], role=DEVELOPER, id=2}
15:56:21.628 [Test worker] DEBUG o.h.e.t.i.jdbc.JdbcTransaction - committed JDBC Connection
15:56:21.628 [Test worker] DEBUG o.h.e.t.i.jdbc.JdbcTransaction - re-enabling autocommit
15:56:21.629 [Test worker] DEBUG o.s.orm.jpa.JpaTransactionManager - Closing JPA EntityManager [org.hibernate.jpa.internal.EntityManagerImpl@444b2922] after transaction
15:56:21.629 [Test worker] DEBUG o.s.o.jpa.EntityManagerFactoryUtils - Closing JPA EntityManager
15:56:21.629 [Test worker] DEBUG o.h.e.j.i.LogicalConnectionImpl - Releasing JDBC connection
15:56:21.629 [Test worker] DEBUG o.h.e.j.i.LogicalConnectionImpl - Released JDBC connection
15:56:21.629 [Test worker] DEBUG o.s.t.c.s.AbstractDirtiesContextTestExecutionListener - After test class: context [DefaultTestContext@48c74ccc testClass = CompleteChangeRequestStepDefs, testInstance = [null], testMethod = [null], testException = [null], mergedContextConfiguration = [WebMergedContextConfiguration@5cfa34b7 testClass = CompleteChangeRequestStepDefs, locations = '{}', classes = '{class sciConsole.SciConsoleApplication, class sciConsole.controller.SessionController, class sciConsole.controller.AccountController, class sciConsole.controller.ChangeRequestController, class sciConsole.SecurityConfig, class sciConsole.WebConfig}', contextInitializerClasses = '[]', activeProfiles = '{}', propertySourceLocations = '{}', propertySourceProperties = '{}', resourceBasePath = 'src/main/webapp', contextLoader = 'org.springframework.test.context.web.WebDelegatingSmartContextLoader', parent = [null]]], class annotated with @DirtiesContext [false] with mode [null].

  @controller
  Scenario: request a new feature (controller)            ?[90m# RequestChange.feature:32?[0m
    ?[32mGiven ?[0m?[32ma problem description "?[0m?[32m?[1mNew Feature?[0m?[32m"?[0m             ?[90m# RequestChangeStepDefs.a_problem_description(String)?[0m
    ?[32mAnd ?[0m?[32ma proposed solution "?[0m?[32m?[1mExtension of Module A?[0m?[32m"?[0m       ?[90m# RequestChangeStepDefs.a_proposed_solution(String)?[0m
    ?[32mWhen ?[0m?[32mI request a new feature?[0m                          ?[90m# RequestChangeStepDefs.i_request_a_new_feature()?[0m
    ?[32mThen ?[0m?[32mThe system shows a summary of the change request?[0m ?[90m# RequestChangeStepDefs.the_system_shows_a_summary_of_the_change_request()?[0m

23 Scenarios (?[32m23 passed?[0m)
85 Steps (?[32m85 passed?[0m)
0m4.797s

]]></system-out>
  <system-err><![CDATA[]]></system-err>
</testsuite>
