<?xml version="1.0" encoding="UTF-8"?>
<testsuite name="Scenario: process a change request" tests="5" skipped="0" failures="0" errors="0" timestamp="2016-01-11T15:56:20" hostname="ELITEBOOK" time="0.121">
  <properties/>
  <testcase name="Given I am logged in as &quot;Alice&quot;" classname="Scenario: process a change request" time="0.0"/>
  <testcase name="And an approved change request &quot;Fault&quot;" classname="Scenario: process a change request" time="0.0"/>
  <testcase name="When I complete the task with data &quot;15-11-2015&quot;" classname="Scenario: process a change request" time="0.0"/>
  <testcase name="Then the change request &quot;Fault&quot; is removed from my list" classname="Scenario: process a change request" time="0.0"/>
  <testcase name="classMethod" classname="Scenario: process a change request" time="0.192"/>
  <system-out><![CDATA[15:56:20.619 [Test worker] DEBUG o.s.test.context.BootstrapUtils - Instantiating CacheAwareContextLoaderDelegate from class [org.springframework.test.context.cache.DefaultCacheAwareContextLoaderDelegate]
15:56:20.619 [Test worker] DEBUG o.s.test.context.BootstrapUtils - Instantiating BootstrapContext using constructor [public org.springframework.test.context.support.DefaultBootstrapContext(java.lang.Class,org.springframework.test.context.CacheAwareContextLoaderDelegate)]
15:56:20.619 [Test worker] DEBUG o.s.test.context.BootstrapUtils - Instantiating TestContextBootstrapper for test class [sciConsole.CompleteChangeRequestStepDefs] from class [org.springframework.test.context.web.WebTestContextBootstrapper]
15:56:20.620 [Test worker] DEBUG o.s.t.c.s.AbstractDelegatingSmartContextLoader - Delegating to AnnotationConfigWebContextLoader to process context configuration [ContextConfigurationAttributes@5fe2bfd1 declaringClass = 'sciConsole.CompleteChangeRequestStepDefs', classes = '{class sciConsole.SciConsoleApplication, class sciConsole.controller.SessionController, class sciConsole.controller.AccountController, class sciConsole.controller.ChangeRequestController, class sciConsole.SecurityConfig, class sciConsole.WebConfig}', locations = '{}', inheritLocations = true, initializers = '{}', inheritInitializers = true, name = [null], contextLoaderClass = 'org.springframework.test.context.ContextLoader'].
15:56:20.620 [Test worker] DEBUG o.s.t.c.support.ActiveProfilesUtils - Could not find an 'annotation declaring class' for annotation type [org.springframework.test.context.ActiveProfiles] and class [sciConsole.CompleteChangeRequestStepDefs]
15:56:20.620 [Test worker] DEBUG o.s.t.c.w.WebTestContextBootstrapper - @TestExecutionListeners is not present for class [sciConsole.CompleteChangeRequestStepDefs]: using defaults.
15:56:20.622 [Test worker] INFO  o.s.t.c.w.WebTestContextBootstrapper - Loaded default TestExecutionListener class names from location [META-INF/spring.factories]: [org.springframework.security.test.context.support.WithSecurityContextTestExecutionListener, org.springframework.test.context.web.ServletTestExecutionListener, org.springframework.test.context.support.DirtiesContextBeforeModesTestExecutionListener, org.springframework.test.context.support.DependencyInjectionTestExecutionListener, org.springframework.test.context.support.DirtiesContextTestExecutionListener, org.springframework.test.context.transaction.TransactionalTestExecutionListener, org.springframework.test.context.jdbc.SqlScriptsTestExecutionListener]
15:56:20.622 [Test worker] INFO  o.s.t.c.w.WebTestContextBootstrapper - Using TestExecutionListeners: [org.springframework.test.context.web.ServletTestExecutionListener@6e381580, org.springframework.test.context.support.DirtiesContextBeforeModesTestExecutionListener@77031148, org.springframework.test.context.support.DependencyInjectionTestExecutionListener@63b12819, org.springframework.test.context.support.DirtiesContextTestExecutionListener@1c6225b2, org.springframework.test.context.transaction.TransactionalTestExecutionListener@3258b7ab, org.springframework.test.context.jdbc.SqlScriptsTestExecutionListener@5d3e69f9, org.springframework.security.test.context.support.WithSecurityContextTestExecutionListener@37a563a7]
15:56:20.622 [Test worker] DEBUG o.s.t.c.c.DefaultCacheAwareContextLoaderDelegate - Retrieved ApplicationContext from cache with key [[WebMergedContextConfiguration@3a678f54 testClass = CompleteChangeRequestStepDefs, locations = '{}', classes = '{class sciConsole.SciConsoleApplication, class sciConsole.controller.SessionController, class sciConsole.controller.AccountController, class sciConsole.controller.ChangeRequestController, class sciConsole.SecurityConfig, class sciConsole.WebConfig}', contextInitializerClasses = '[]', activeProfiles = '{}', propertySourceLocations = '{}', propertySourceProperties = '{}', resourceBasePath = 'src/main/webapp', contextLoader = 'org.springframework.test.context.web.WebDelegatingSmartContextLoader', parent = [null]]]
15:56:20.622 [Test worker] DEBUG o.springframework.test.context.cache - Spring test ApplicationContext cache statistics: [DefaultContextCache@3ff50a6 size = 1, parentContextCount = 0, hitCount = 34, missCount = 1]
15:56:20.622 [Test worker] INFO  o.s.b.f.s.DefaultListableBeanFactory - Replacing scope 'cucumber-glue' from [cucumber.runtime.java.spring.GlueCodeScope@7b58e890] to [cucumber.runtime.java.spring.GlueCodeScope@4d75825c]
15:56:20.622 [Test worker] DEBUG o.s.t.c.s.AbstractDirtiesContextTestExecutionListener - Before test class: context [DefaultTestContext@632a4baa testClass = CompleteChangeRequestStepDefs, testInstance = [null], testMethod = [null], testException = [null], mergedContextConfiguration = [WebMergedContextConfiguration@3a678f54 testClass = CompleteChangeRequestStepDefs, locations = '{}', classes = '{class sciConsole.SciConsoleApplication, class sciConsole.controller.SessionController, class sciConsole.controller.AccountController, class sciConsole.controller.ChangeRequestController, class sciConsole.SecurityConfig, class sciConsole.WebConfig}', contextInitializerClasses = '[]', activeProfiles = '{}', propertySourceLocations = '{}', propertySourceProperties = '{}', resourceBasePath = 'src/main/webapp', contextLoader = 'org.springframework.test.context.web.WebDelegatingSmartContextLoader', parent = [null]]], class annotated with @DirtiesContext [false] with mode [null].
15:56:20.622 [Test worker] DEBUG o.s.t.c.c.DefaultCacheAwareContextLoaderDelegate - Retrieved ApplicationContext from cache with key [[WebMergedContextConfiguration@3a678f54 testClass = CompleteChangeRequestStepDefs, locations = '{}', classes = '{class sciConsole.SciConsoleApplication, class sciConsole.controller.SessionController, class sciConsole.controller.AccountController, class sciConsole.controller.ChangeRequestController, class sciConsole.SecurityConfig, class sciConsole.WebConfig}', contextInitializerClasses = '[]', activeProfiles = '{}', propertySourceLocations = '{}', propertySourceProperties = '{}', resourceBasePath = 'src/main/webapp', contextLoader = 'org.springframework.test.context.web.WebDelegatingSmartContextLoader', parent = [null]]]
15:56:20.622 [Test worker] DEBUG o.springframework.test.context.cache - Spring test ApplicationContext cache statistics: [DefaultContextCache@3ff50a6 size = 1, parentContextCount = 0, hitCount = 35, missCount = 1]
15:56:20.623 [Test worker] DEBUG o.s.b.f.s.DefaultListableBeanFactory - Creating instance of bean 'sciConsole.CompleteChangeRequestStepDefs'
15:56:20.623 [Test worker] DEBUG o.s.b.f.annotation.InjectionMetadata - Processing injected element of bean 'sciConsole.CompleteChangeRequestStepDefs': AutowiredFieldElement for private org.springframework.web.context.WebApplicationContext sciConsole.CompleteChangeRequestStepDefs.wac
15:56:20.623 [Test worker] DEBUG o.s.b.f.annotation.InjectionMetadata - Processing injected element of bean 'sciConsole.CompleteChangeRequestStepDefs': AutowiredFieldElement for private sciConsole.persistence.repository.UserRepository sciConsole.CompleteChangeRequestStepDefs.userRepo
15:56:20.623 [Test worker] DEBUG o.s.b.f.s.DefaultListableBeanFactory - Returning cached instance of singleton bean 'userRepository'
15:56:20.623 [Test worker] DEBUG o.s.b.f.annotation.InjectionMetadata - Processing injected element of bean 'sciConsole.CompleteChangeRequestStepDefs': AutowiredFieldElement for private sciConsole.persistence.repository.RequestRepository sciConsole.CompleteChangeRequestStepDefs.reqRepo
15:56:20.623 [Test worker] DEBUG o.s.b.f.s.DefaultListableBeanFactory - Returning cached instance of singleton bean 'requestRepository'
15:56:20.623 [Test worker] DEBUG o.s.b.f.s.DefaultListableBeanFactory - Finished creating instance of bean 'sciConsole.CompleteChangeRequestStepDefs'
15:56:20.623 [Test worker] DEBUG o.s.t.w.s.TestDispatcherServlet - Initializing servlet ''
15:56:20.623 [Test worker] DEBUG o.s.w.c.s.StandardServletEnvironment - Adding [servletConfigInitParams] PropertySource with lowest search precedence
15:56:20.623 [Test worker] DEBUG o.s.w.c.s.StandardServletEnvironment - Adding [servletContextInitParams] PropertySource with lowest search precedence
15:56:20.623 [Test worker] DEBUG o.s.w.c.s.StandardServletEnvironment - Adding [systemProperties] PropertySource with lowest search precedence
15:56:20.623 [Test worker] DEBUG o.s.w.c.s.StandardServletEnvironment - Adding [systemEnvironment] PropertySource with lowest search precedence
15:56:20.623 [Test worker] DEBUG o.s.w.c.s.StandardServletEnvironment - Initialized StandardServletEnvironment with PropertySources [servletConfigInitParams,servletContextInitParams,systemProperties,systemEnvironment]
15:56:20.623 [Test worker] INFO  o.s.mock.web.MockServletContext - Initializing Spring FrameworkServlet ''
15:56:20.623 [Test worker] INFO  o.s.t.w.s.TestDispatcherServlet - FrameworkServlet '': initialization started
15:56:20.623 [Test worker] DEBUG o.s.b.f.s.DefaultListableBeanFactory - Returning cached instance of singleton bean 'multipartResolver'
15:56:20.623 [Test worker] DEBUG o.s.t.w.s.TestDispatcherServlet - Using MultipartResolver [org.springframework.web.multipart.support.StandardServletMultipartResolver@60a6c2dc]
15:56:20.624 [Test worker] DEBUG o.s.b.f.s.DefaultListableBeanFactory - Creating instance of bean 'org.springframework.web.servlet.i18n.AcceptHeaderLocaleResolver'
15:56:20.624 [Test worker] DEBUG o.s.b.f.s.DefaultListableBeanFactory - Finished creating instance of bean 'org.springframework.web.servlet.i18n.AcceptHeaderLocaleResolver'
15:56:20.624 [Test worker] DEBUG o.s.t.w.s.TestDispatcherServlet - Unable to locate LocaleResolver with name 'localeResolver': using default [org.springframework.web.servlet.i18n.AcceptHeaderLocaleResolver@7f0eb433]
15:56:20.624 [Test worker] DEBUG o.s.b.f.s.DefaultListableBeanFactory - Creating instance of bean 'org.springframework.web.servlet.theme.FixedThemeResolver'
15:56:20.624 [Test worker] DEBUG o.s.b.f.s.DefaultListableBeanFactory - Finished creating instance of bean 'org.springframework.web.servlet.theme.FixedThemeResolver'
15:56:20.624 [Test worker] DEBUG o.s.t.w.s.TestDispatcherServlet - Unable to locate ThemeResolver with name 'themeResolver': using default [org.springframework.web.servlet.theme.FixedThemeResolver@791589a9]
15:56:20.624 [Test worker] DEBUG o.s.b.f.s.DefaultListableBeanFactory - Returning cached instance of singleton bean 'requestMappingHandlerMapping'
15:56:20.624 [Test worker] DEBUG o.s.b.f.s.DefaultListableBeanFactory - Returning cached instance of singleton bean 'viewControllerHandlerMapping'
15:56:20.624 [Test worker] DEBUG o.s.b.f.s.DefaultListableBeanFactory - Returning cached instance of singleton bean 'beanNameHandlerMapping'
15:56:20.624 [Test worker] DEBUG o.s.b.f.s.DefaultListableBeanFactory - Returning cached instance of singleton bean 'resourceHandlerMapping'
15:56:20.624 [Test worker] DEBUG o.s.b.f.s.DefaultListableBeanFactory - Returning cached instance of singleton bean 'defaultServletHandlerMapping'
15:56:20.624 [Test worker] DEBUG o.s.b.f.s.DefaultListableBeanFactory - Returning cached instance of singleton bean 'faviconHandlerMapping'
15:56:20.625 [Test worker] DEBUG o.s.b.f.s.DefaultListableBeanFactory - Returning cached instance of singleton bean 'requestMappingHandlerAdapter'
15:56:20.625 [Test worker] DEBUG o.s.b.f.s.DefaultListableBeanFactory - Returning cached instance of singleton bean 'httpRequestHandlerAdapter'
15:56:20.625 [Test worker] DEBUG o.s.b.f.s.DefaultListableBeanFactory - Returning cached instance of singleton bean 'simpleControllerHandlerAdapter'
15:56:20.625 [Test worker] DEBUG o.s.b.f.s.DefaultListableBeanFactory - Returning cached instance of singleton bean 'errorAttributes'
15:56:20.625 [Test worker] DEBUG o.s.b.f.s.DefaultListableBeanFactory - Returning cached instance of singleton bean 'handlerExceptionResolver'
15:56:20.625 [Test worker] DEBUG o.s.b.f.s.DefaultListableBeanFactory - Creating instance of bean 'org.springframework.web.servlet.view.DefaultRequestToViewNameTranslator'
15:56:20.625 [Test worker] DEBUG o.s.b.f.s.DefaultListableBeanFactory - Finished creating instance of bean 'org.springframework.web.servlet.view.DefaultRequestToViewNameTranslator'
15:56:20.625 [Test worker] DEBUG o.s.t.w.s.TestDispatcherServlet - Unable to locate RequestToViewNameTranslator with name 'viewNameTranslator': using default [org.springframework.web.servlet.view.DefaultRequestToViewNameTranslator@181383b5]
15:56:20.626 [Test worker] DEBUG o.s.b.f.s.DefaultListableBeanFactory - Returning cached instance of singleton bean 'viewResolver'
15:56:20.626 [Test worker] DEBUG o.s.b.f.s.DefaultListableBeanFactory - Returning cached instance of singleton bean 'beanNameViewResolver'
15:56:20.626 [Test worker] DEBUG o.s.b.f.s.DefaultListableBeanFactory - Returning cached instance of singleton bean 'mvcViewResolver'
15:56:20.626 [Test worker] DEBUG o.s.b.f.s.DefaultListableBeanFactory - Creating instance of bean 'org.springframework.web.servlet.support.SessionFlashMapManager'
15:56:20.626 [Test worker] DEBUG o.s.b.f.s.DefaultListableBeanFactory - Finished creating instance of bean 'org.springframework.web.servlet.support.SessionFlashMapManager'
15:56:20.626 [Test worker] DEBUG o.s.t.w.s.TestDispatcherServlet - Unable to locate FlashMapManager with name 'flashMapManager': using default [org.springframework.web.servlet.support.SessionFlashMapManager@29d5ec06]
15:56:20.626 [Test worker] DEBUG o.s.t.w.s.TestDispatcherServlet - Published WebApplicationContext of servlet '' as ServletContext attribute with name [org.springframework.web.servlet.FrameworkServlet.CONTEXT.]
15:56:20.626 [Test worker] INFO  o.s.t.w.s.TestDispatcherServlet - FrameworkServlet '': initialization completed in 3 ms
15:56:20.626 [Test worker] DEBUG o.s.t.w.s.TestDispatcherServlet - Servlet '' configured successfully
15:56:20.626 [Test worker] DEBUG o.s.orm.jpa.JpaTransactionManager - Creating new transaction with name [org.springframework.data.jpa.repository.support.SimpleJpaRepository.findAll]: PROPAGATION_REQUIRED,ISOLATION_DEFAULT,readOnly; ''
15:56:20.626 [Test worker] DEBUG o.s.orm.jpa.JpaTransactionManager - Opened new EntityManager [org.hibernate.jpa.internal.EntityManagerImpl@23707a23] for JPA transaction
15:56:20.626 [Test worker] DEBUG o.h.e.j.i.LogicalConnectionImpl - Obtaining JDBC connection
15:56:20.626 [Test worker] DEBUG o.s.j.d.DriverManagerDataSource - Creating new JDBC DriverManager Connection to [jdbc:mysql://127.0.0.1:3306/wrp3]
15:56:20.630 [Test worker] DEBUG o.h.e.j.i.LogicalConnectionImpl - Obtained JDBC connection
15:56:20.630 [Test worker] DEBUG o.s.jdbc.datasource.DataSourceUtils - Setting JDBC Connection [com.mysql.jdbc.JDBC4Connection@54457629] read-only
15:56:20.630 [Test worker] DEBUG o.h.e.t.spi.AbstractTransactionImpl - begin
15:56:20.630 [Test worker] DEBUG o.h.e.t.i.jdbc.JdbcTransaction - initial autocommit status: true
15:56:20.630 [Test worker] DEBUG o.h.e.t.i.jdbc.JdbcTransaction - disabling autocommit
15:56:20.630 [Test worker] DEBUG o.s.orm.jpa.JpaTransactionManager - Exposing JPA transaction as JDBC transaction [org.springframework.orm.jpa.vendor.HibernateJpaDialect$HibernateConnectionHandle@4d98f75b]
15:56:20.630 [Test worker] DEBUG o.h.jpa.criteria.CriteriaQueryImpl - Rendered criteria query -> select generatedAlias0 from Request as generatedAlias0
15:56:20.631 [Test worker] DEBUG org.hibernate.SQL - select request0_.request_id as request_1_3_, request0_.assign_to as assign_t2_3_, request0_.created_by as created_3_3_, request0_.date_created as date_cre4_3_, request0_.date_complete as date_com5_3_, request0_.due_date as due_date6_3_, request0_.priority as priority7_3_, request0_.reject_reason as reject_r8_3_, request0_.req_desc as req_desc9_3_, request0_.req_solution as req_sol10_3_, request0_.sci_id as sci_id11_3_, request0_.status as status12_3_, request0_.assigned_to as assigne13_3_, request0_.version_id as version14_3_ from request request0_
15:56:20.631 [Test worker] DEBUG o.s.orm.jpa.JpaTransactionManager - Initiating transaction commit
15:56:20.631 [Test worker] DEBUG o.s.orm.jpa.JpaTransactionManager - Committing JPA transaction on EntityManager [org.hibernate.jpa.internal.EntityManagerImpl@23707a23]
15:56:20.631 [Test worker] DEBUG o.h.e.t.spi.AbstractTransactionImpl - committing
15:56:20.632 [Test worker] DEBUG o.h.e.t.i.jdbc.JdbcTransaction - committed JDBC Connection
15:56:20.632 [Test worker] DEBUG o.h.e.t.i.jdbc.JdbcTransaction - re-enabling autocommit
15:56:20.632 [Test worker] DEBUG o.s.jdbc.datasource.DataSourceUtils - Resetting read-only flag of JDBC Connection [com.mysql.jdbc.JDBC4Connection@54457629]
15:56:20.632 [Test worker] DEBUG o.s.orm.jpa.JpaTransactionManager - Closing JPA EntityManager [org.hibernate.jpa.internal.EntityManagerImpl@23707a23] after transaction
15:56:20.632 [Test worker] DEBUG o.s.o.jpa.EntityManagerFactoryUtils - Closing JPA EntityManager
15:56:20.632 [Test worker] DEBUG o.h.e.j.i.LogicalConnectionImpl - Releasing JDBC connection
15:56:20.632 [Test worker] DEBUG o.h.e.j.i.LogicalConnectionImpl - Released JDBC connection
15:56:20.633 [Test worker] DEBUG o.s.b.f.s.DefaultListableBeanFactory - Creating instance of bean 'sciConsole.AssessChangeRequestStepDefs'
15:56:20.633 [Test worker] DEBUG o.s.b.f.annotation.InjectionMetadata - Processing injected element of bean 'sciConsole.AssessChangeRequestStepDefs': AutowiredFieldElement for private org.springframework.web.context.WebApplicationContext sciConsole.AssessChangeRequestStepDefs.wac
15:56:20.633 [Test worker] DEBUG o.s.b.f.annotation.InjectionMetadata - Processing injected element of bean 'sciConsole.AssessChangeRequestStepDefs': AutowiredFieldElement for private sciConsole.persistence.repository.UserRepository sciConsole.AssessChangeRequestStepDefs.userRepo
15:56:20.633 [Test worker] DEBUG o.s.b.f.s.DefaultListableBeanFactory - Returning cached instance of singleton bean 'userRepository'
15:56:20.633 [Test worker] DEBUG o.s.b.f.annotation.InjectionMetadata - Processing injected element of bean 'sciConsole.AssessChangeRequestStepDefs': AutowiredFieldElement for private sciConsole.persistence.repository.SciRepository sciConsole.AssessChangeRequestStepDefs.sciRepo
15:56:20.633 [Test worker] DEBUG o.s.b.f.s.DefaultListableBeanFactory - Returning cached instance of singleton bean 'sciRepository'
15:56:20.633 [Test worker] DEBUG o.s.b.f.annotation.InjectionMetadata - Processing injected element of bean 'sciConsole.AssessChangeRequestStepDefs': AutowiredFieldElement for private sciConsole.persistence.repository.VersionRepository sciConsole.AssessChangeRequestStepDefs.verRepo
15:56:20.633 [Test worker] DEBUG o.s.b.f.s.DefaultListableBeanFactory - Returning cached instance of singleton bean 'versionRepository'
15:56:20.633 [Test worker] DEBUG o.s.b.f.annotation.InjectionMetadata - Processing injected element of bean 'sciConsole.AssessChangeRequestStepDefs': AutowiredFieldElement for private sciConsole.persistence.repository.RequestRepository sciConsole.AssessChangeRequestStepDefs.reqRepo
15:56:20.633 [Test worker] DEBUG o.s.b.f.s.DefaultListableBeanFactory - Returning cached instance of singleton bean 'requestRepository'
15:56:20.633 [Test worker] DEBUG o.s.b.f.s.DefaultListableBeanFactory - Finished creating instance of bean 'sciConsole.AssessChangeRequestStepDefs'
15:56:20.633 [Test worker] DEBUG o.s.t.w.s.TestDispatcherServlet - Initializing servlet ''
15:56:20.634 [Test worker] DEBUG o.s.w.c.s.StandardServletEnvironment - Adding [servletConfigInitParams] PropertySource with lowest search precedence
15:56:20.634 [Test worker] DEBUG o.s.w.c.s.StandardServletEnvironment - Adding [servletContextInitParams] PropertySource with lowest search precedence
15:56:20.634 [Test worker] DEBUG o.s.w.c.s.StandardServletEnvironment - Adding [systemProperties] PropertySource with lowest search precedence
15:56:20.634 [Test worker] DEBUG o.s.w.c.s.StandardServletEnvironment - Adding [systemEnvironment] PropertySource with lowest search precedence
15:56:20.634 [Test worker] DEBUG o.s.w.c.s.StandardServletEnvironment - Initialized StandardServletEnvironment with PropertySources [servletConfigInitParams,servletContextInitParams,systemProperties,systemEnvironment]
15:56:20.634 [Test worker] INFO  o.s.mock.web.MockServletContext - Initializing Spring FrameworkServlet ''
15:56:20.634 [Test worker] INFO  o.s.t.w.s.TestDispatcherServlet - FrameworkServlet '': initialization started
15:56:20.634 [Test worker] DEBUG o.s.b.f.s.DefaultListableBeanFactory - Returning cached instance of singleton bean 'multipartResolver'
15:56:20.634 [Test worker] DEBUG o.s.t.w.s.TestDispatcherServlet - Using MultipartResolver [org.springframework.web.multipart.support.StandardServletMultipartResolver@60a6c2dc]
15:56:20.634 [Test worker] DEBUG o.s.b.f.s.DefaultListableBeanFactory - Creating instance of bean 'org.springframework.web.servlet.i18n.AcceptHeaderLocaleResolver'
15:56:20.634 [Test worker] DEBUG o.s.b.f.s.DefaultListableBeanFactory - Finished creating instance of bean 'org.springframework.web.servlet.i18n.AcceptHeaderLocaleResolver'
15:56:20.634 [Test worker] DEBUG o.s.t.w.s.TestDispatcherServlet - Unable to locate LocaleResolver with name 'localeResolver': using default [org.springframework.web.servlet.i18n.AcceptHeaderLocaleResolver@6bc65b4a]
15:56:20.634 [Test worker] DEBUG o.s.b.f.s.DefaultListableBeanFactory - Creating instance of bean 'org.springframework.web.servlet.theme.FixedThemeResolver'
15:56:20.634 [Test worker] DEBUG o.s.b.f.s.DefaultListableBeanFactory - Finished creating instance of bean 'org.springframework.web.servlet.theme.FixedThemeResolver'
15:56:20.634 [Test worker] DEBUG o.s.t.w.s.TestDispatcherServlet - Unable to locate ThemeResolver with name 'themeResolver': using default [org.springframework.web.servlet.theme.FixedThemeResolver@33bff87f]
15:56:20.635 [Test worker] DEBUG o.s.b.f.s.DefaultListableBeanFactory - Returning cached instance of singleton bean 'requestMappingHandlerMapping'
15:56:20.635 [Test worker] DEBUG o.s.b.f.s.DefaultListableBeanFactory - Returning cached instance of singleton bean 'viewControllerHandlerMapping'
15:56:20.635 [Test worker] DEBUG o.s.b.f.s.DefaultListableBeanFactory - Returning cached instance of singleton bean 'beanNameHandlerMapping'
15:56:20.635 [Test worker] DEBUG o.s.b.f.s.DefaultListableBeanFactory - Returning cached instance of singleton bean 'resourceHandlerMapping'
15:56:20.635 [Test worker] DEBUG o.s.b.f.s.DefaultListableBeanFactory - Returning cached instance of singleton bean 'defaultServletHandlerMapping'
15:56:20.635 [Test worker] DEBUG o.s.b.f.s.DefaultListableBeanFactory - Returning cached instance of singleton bean 'faviconHandlerMapping'
15:56:20.635 [Test worker] DEBUG o.s.b.f.s.DefaultListableBeanFactory - Returning cached instance of singleton bean 'requestMappingHandlerAdapter'
15:56:20.635 [Test worker] DEBUG o.s.b.f.s.DefaultListableBeanFactory - Returning cached instance of singleton bean 'httpRequestHandlerAdapter'
15:56:20.635 [Test worker] DEBUG o.s.b.f.s.DefaultListableBeanFactory - Returning cached instance of singleton bean 'simpleControllerHandlerAdapter'
15:56:20.636 [Test worker] DEBUG o.s.b.f.s.DefaultListableBeanFactory - Returning cached instance of singleton bean 'errorAttributes'
15:56:20.636 [Test worker] DEBUG o.s.b.f.s.DefaultListableBeanFactory - Returning cached instance of singleton bean 'handlerExceptionResolver'
15:56:20.636 [Test worker] DEBUG o.s.b.f.s.DefaultListableBeanFactory - Creating instance of bean 'org.springframework.web.servlet.view.DefaultRequestToViewNameTranslator'
15:56:20.636 [Test worker] DEBUG o.s.b.f.s.DefaultListableBeanFactory - Finished creating instance of bean 'org.springframework.web.servlet.view.DefaultRequestToViewNameTranslator'
15:56:20.636 [Test worker] DEBUG o.s.t.w.s.TestDispatcherServlet - Unable to locate RequestToViewNameTranslator with name 'viewNameTranslator': using default [org.springframework.web.servlet.view.DefaultRequestToViewNameTranslator@12a5ee57]
15:56:20.636 [Test worker] DEBUG o.s.b.f.s.DefaultListableBeanFactory - Returning cached instance of singleton bean 'viewResolver'
15:56:20.636 [Test worker] DEBUG o.s.b.f.s.DefaultListableBeanFactory - Returning cached instance of singleton bean 'beanNameViewResolver'
15:56:20.636 [Test worker] DEBUG o.s.b.f.s.DefaultListableBeanFactory - Returning cached instance of singleton bean 'mvcViewResolver'
15:56:20.636 [Test worker] DEBUG o.s.b.f.s.DefaultListableBeanFactory - Creating instance of bean 'org.springframework.web.servlet.support.SessionFlashMapManager'
15:56:20.636 [Test worker] DEBUG o.s.b.f.s.DefaultListableBeanFactory - Finished creating instance of bean 'org.springframework.web.servlet.support.SessionFlashMapManager'
15:56:20.636 [Test worker] DEBUG o.s.t.w.s.TestDispatcherServlet - Unable to locate FlashMapManager with name 'flashMapManager': using default [org.springframework.web.servlet.support.SessionFlashMapManager@3cda41fc]
15:56:20.636 [Test worker] DEBUG o.s.t.w.s.TestDispatcherServlet - Published WebApplicationContext of servlet '' as ServletContext attribute with name [org.springframework.web.servlet.FrameworkServlet.CONTEXT.]
15:56:20.636 [Test worker] INFO  o.s.t.w.s.TestDispatcherServlet - FrameworkServlet '': initialization completed in 2 ms
15:56:20.636 [Test worker] DEBUG o.s.t.w.s.TestDispatcherServlet - Servlet '' configured successfully
15:56:20.637 [Test worker] DEBUG o.s.orm.jpa.JpaTransactionManager - Creating new transaction with name [org.springframework.data.jpa.repository.support.SimpleJpaRepository.findAll]: PROPAGATION_REQUIRED,ISOLATION_DEFAULT,readOnly; ''
15:56:20.637 [Test worker] DEBUG o.s.orm.jpa.JpaTransactionManager - Opened new EntityManager [org.hibernate.jpa.internal.EntityManagerImpl@651f5126] for JPA transaction
15:56:20.637 [Test worker] DEBUG o.h.e.j.i.LogicalConnectionImpl - Obtaining JDBC connection
15:56:20.637 [Test worker] DEBUG o.s.j.d.DriverManagerDataSource - Creating new JDBC DriverManager Connection to [jdbc:mysql://127.0.0.1:3306/wrp3]
15:56:20.640 [Test worker] DEBUG o.h.e.j.i.LogicalConnectionImpl - Obtained JDBC connection
15:56:20.640 [Test worker] DEBUG o.s.jdbc.datasource.DataSourceUtils - Setting JDBC Connection [com.mysql.jdbc.JDBC4Connection@65f73b03] read-only
15:56:20.641 [Test worker] DEBUG o.h.e.t.spi.AbstractTransactionImpl - begin
15:56:20.641 [Test worker] DEBUG o.h.e.t.i.jdbc.JdbcTransaction - initial autocommit status: true
15:56:20.641 [Test worker] DEBUG o.h.e.t.i.jdbc.JdbcTransaction - disabling autocommit
15:56:20.641 [Test worker] DEBUG o.s.orm.jpa.JpaTransactionManager - Exposing JPA transaction as JDBC transaction [org.springframework.orm.jpa.vendor.HibernateJpaDialect$HibernateConnectionHandle@358766a6]
15:56:20.641 [Test worker] DEBUG o.h.jpa.criteria.CriteriaQueryImpl - Rendered criteria query -> select generatedAlias0 from Request as generatedAlias0
15:56:20.641 [Test worker] DEBUG org.hibernate.SQL - select request0_.request_id as request_1_3_, request0_.assign_to as assign_t2_3_, request0_.created_by as created_3_3_, request0_.date_created as date_cre4_3_, request0_.date_complete as date_com5_3_, request0_.due_date as due_date6_3_, request0_.priority as priority7_3_, request0_.reject_reason as reject_r8_3_, request0_.req_desc as req_desc9_3_, request0_.req_solution as req_sol10_3_, request0_.sci_id as sci_id11_3_, request0_.status as status12_3_, request0_.assigned_to as assigne13_3_, request0_.version_id as version14_3_ from request request0_
15:56:20.642 [Test worker] DEBUG o.s.orm.jpa.JpaTransactionManager - Initiating transaction commit
15:56:20.642 [Test worker] DEBUG o.s.orm.jpa.JpaTransactionManager - Committing JPA transaction on EntityManager [org.hibernate.jpa.internal.EntityManagerImpl@651f5126]
15:56:20.642 [Test worker] DEBUG o.h.e.t.spi.AbstractTransactionImpl - committing
15:56:20.643 [Test worker] DEBUG o.h.e.t.i.jdbc.JdbcTransaction - committed JDBC Connection
15:56:20.643 [Test worker] DEBUG o.h.e.t.i.jdbc.JdbcTransaction - re-enabling autocommit
15:56:20.643 [Test worker] DEBUG o.s.jdbc.datasource.DataSourceUtils - Resetting read-only flag of JDBC Connection [com.mysql.jdbc.JDBC4Connection@65f73b03]
15:56:20.643 [Test worker] DEBUG o.s.orm.jpa.JpaTransactionManager - Closing JPA EntityManager [org.hibernate.jpa.internal.EntityManagerImpl@651f5126] after transaction
15:56:20.643 [Test worker] DEBUG o.s.o.jpa.EntityManagerFactoryUtils - Closing JPA EntityManager
15:56:20.643 [Test worker] DEBUG o.h.e.j.i.LogicalConnectionImpl - Releasing JDBC connection
15:56:20.644 [Test worker] DEBUG o.h.e.j.i.LogicalConnectionImpl - Released JDBC connection
15:56:20.644 [Test worker] DEBUG o.s.b.f.s.DefaultListableBeanFactory - Creating instance of bean 'sciConsole.RequestChangeStepDefs'
15:56:20.644 [Test worker] DEBUG o.s.b.f.annotation.InjectionMetadata - Processing injected element of bean 'sciConsole.RequestChangeStepDefs': AutowiredFieldElement for private org.springframework.web.context.WebApplicationContext sciConsole.RequestChangeStepDefs.wac
15:56:20.644 [Test worker] DEBUG o.s.b.f.annotation.InjectionMetadata - Processing injected element of bean 'sciConsole.RequestChangeStepDefs': AutowiredFieldElement for private sciConsole.persistence.repository.SciRepository sciConsole.RequestChangeStepDefs.sciRepo
15:56:20.644 [Test worker] DEBUG o.s.b.f.s.DefaultListableBeanFactory - Returning cached instance of singleton bean 'sciRepository'
15:56:20.644 [Test worker] DEBUG o.s.b.f.annotation.InjectionMetadata - Processing injected element of bean 'sciConsole.RequestChangeStepDefs': AutowiredFieldElement for private sciConsole.persistence.repository.VersionRepository sciConsole.RequestChangeStepDefs.verRepo
15:56:20.644 [Test worker] DEBUG o.s.b.f.s.DefaultListableBeanFactory - Returning cached instance of singleton bean 'versionRepository'
15:56:20.644 [Test worker] DEBUG o.s.b.f.annotation.InjectionMetadata - Processing injected element of bean 'sciConsole.RequestChangeStepDefs': AutowiredFieldElement for private sciConsole.persistence.repository.RequestRepository sciConsole.RequestChangeStepDefs.reqRepo
15:56:20.644 [Test worker] DEBUG o.s.b.f.s.DefaultListableBeanFactory - Returning cached instance of singleton bean 'requestRepository'
15:56:20.644 [Test worker] DEBUG o.s.b.f.s.DefaultListableBeanFactory - Finished creating instance of bean 'sciConsole.RequestChangeStepDefs'
15:56:20.645 [Test worker] DEBUG o.s.t.w.s.TestDispatcherServlet - Initializing servlet ''
15:56:20.645 [Test worker] DEBUG o.s.w.c.s.StandardServletEnvironment - Adding [servletConfigInitParams] PropertySource with lowest search precedence
15:56:20.645 [Test worker] DEBUG o.s.w.c.s.StandardServletEnvironment - Adding [servletContextInitParams] PropertySource with lowest search precedence
15:56:20.645 [Test worker] DEBUG o.s.w.c.s.StandardServletEnvironment - Adding [systemProperties] PropertySource with lowest search precedence
15:56:20.645 [Test worker] DEBUG o.s.w.c.s.StandardServletEnvironment - Adding [systemEnvironment] PropertySource with lowest search precedence
15:56:20.645 [Test worker] DEBUG o.s.w.c.s.StandardServletEnvironment - Initialized StandardServletEnvironment with PropertySources [servletConfigInitParams,servletContextInitParams,systemProperties,systemEnvironment]
15:56:20.645 [Test worker] INFO  o.s.mock.web.MockServletContext - Initializing Spring FrameworkServlet ''
15:56:20.645 [Test worker] INFO  o.s.t.w.s.TestDispatcherServlet - FrameworkServlet '': initialization started
15:56:20.645 [Test worker] DEBUG o.s.b.f.s.DefaultListableBeanFactory - Returning cached instance of singleton bean 'multipartResolver'
15:56:20.645 [Test worker] DEBUG o.s.t.w.s.TestDispatcherServlet - Using MultipartResolver [org.springframework.web.multipart.support.StandardServletMultipartResolver@60a6c2dc]
15:56:20.645 [Test worker] DEBUG o.s.b.f.s.DefaultListableBeanFactory - Creating instance of bean 'org.springframework.web.servlet.i18n.AcceptHeaderLocaleResolver'
15:56:20.645 [Test worker] DEBUG o.s.b.f.s.DefaultListableBeanFactory - Finished creating instance of bean 'org.springframework.web.servlet.i18n.AcceptHeaderLocaleResolver'
15:56:20.645 [Test worker] DEBUG o.s.t.w.s.TestDispatcherServlet - Unable to locate LocaleResolver with name 'localeResolver': using default [org.springframework.web.servlet.i18n.AcceptHeaderLocaleResolver@640b1441]
15:56:20.645 [Test worker] DEBUG o.s.b.f.s.DefaultListableBeanFactory - Creating instance of bean 'org.springframework.web.servlet.theme.FixedThemeResolver'
15:56:20.646 [Test worker] DEBUG o.s.b.f.s.DefaultListableBeanFactory - Finished creating instance of bean 'org.springframework.web.servlet.theme.FixedThemeResolver'
15:56:20.646 [Test worker] DEBUG o.s.t.w.s.TestDispatcherServlet - Unable to locate ThemeResolver with name 'themeResolver': using default [org.springframework.web.servlet.theme.FixedThemeResolver@2a573640]
15:56:20.646 [Test worker] DEBUG o.s.b.f.s.DefaultListableBeanFactory - Returning cached instance of singleton bean 'requestMappingHandlerMapping'
15:56:20.646 [Test worker] DEBUG o.s.b.f.s.DefaultListableBeanFactory - Returning cached instance of singleton bean 'viewControllerHandlerMapping'
15:56:20.646 [Test worker] DEBUG o.s.b.f.s.DefaultListableBeanFactory - Returning cached instance of singleton bean 'beanNameHandlerMapping'
15:56:20.646 [Test worker] DEBUG o.s.b.f.s.DefaultListableBeanFactory - Returning cached instance of singleton bean 'resourceHandlerMapping'
15:56:20.646 [Test worker] DEBUG o.s.b.f.s.DefaultListableBeanFactory - Returning cached instance of singleton bean 'defaultServletHandlerMapping'
15:56:20.646 [Test worker] DEBUG o.s.b.f.s.DefaultListableBeanFactory - Returning cached instance of singleton bean 'faviconHandlerMapping'
15:56:20.647 [Test worker] DEBUG o.s.b.f.s.DefaultListableBeanFactory - Returning cached instance of singleton bean 'requestMappingHandlerAdapter'
15:56:20.647 [Test worker] DEBUG o.s.b.f.s.DefaultListableBeanFactory - Returning cached instance of singleton bean 'httpRequestHandlerAdapter'
15:56:20.647 [Test worker] DEBUG o.s.b.f.s.DefaultListableBeanFactory - Returning cached instance of singleton bean 'simpleControllerHandlerAdapter'
15:56:20.647 [Test worker] DEBUG o.s.b.f.s.DefaultListableBeanFactory - Returning cached instance of singleton bean 'errorAttributes'
15:56:20.647 [Test worker] DEBUG o.s.b.f.s.DefaultListableBeanFactory - Returning cached instance of singleton bean 'handlerExceptionResolver'
15:56:20.647 [Test worker] DEBUG o.s.b.f.s.DefaultListableBeanFactory - Creating instance of bean 'org.springframework.web.servlet.view.DefaultRequestToViewNameTranslator'
15:56:20.647 [Test worker] DEBUG o.s.b.f.s.DefaultListableBeanFactory - Finished creating instance of bean 'org.springframework.web.servlet.view.DefaultRequestToViewNameTranslator'
15:56:20.648 [Test worker] DEBUG o.s.t.w.s.TestDispatcherServlet - Unable to locate RequestToViewNameTranslator with name 'viewNameTranslator': using default [org.springframework.web.servlet.view.DefaultRequestToViewNameTranslator@8cd102e]
15:56:20.648 [Test worker] DEBUG o.s.b.f.s.DefaultListableBeanFactory - Returning cached instance of singleton bean 'viewResolver'
15:56:20.648 [Test worker] DEBUG o.s.b.f.s.DefaultListableBeanFactory - Returning cached instance of singleton bean 'beanNameViewResolver'
15:56:20.648 [Test worker] DEBUG o.s.b.f.s.DefaultListableBeanFactory - Returning cached instance of singleton bean 'mvcViewResolver'
15:56:20.648 [Test worker] DEBUG o.s.b.f.s.DefaultListableBeanFactory - Creating instance of bean 'org.springframework.web.servlet.support.SessionFlashMapManager'
15:56:20.648 [Test worker] DEBUG o.s.b.f.s.DefaultListableBeanFactory - Finished creating instance of bean 'org.springframework.web.servlet.support.SessionFlashMapManager'
15:56:20.648 [Test worker] DEBUG o.s.t.w.s.TestDispatcherServlet - Unable to locate FlashMapManager with name 'flashMapManager': using default [org.springframework.web.servlet.support.SessionFlashMapManager@33fbd17f]
15:56:20.648 [Test worker] DEBUG o.s.t.w.s.TestDispatcherServlet - Published WebApplicationContext of servlet '' as ServletContext attribute with name [org.springframework.web.servlet.FrameworkServlet.CONTEXT.]
15:56:20.648 [Test worker] INFO  o.s.t.w.s.TestDispatcherServlet - FrameworkServlet '': initialization completed in 3 ms
15:56:20.648 [Test worker] DEBUG o.s.t.w.s.TestDispatcherServlet - Servlet '' configured successfully
15:56:20.649 [Test worker] DEBUG o.s.b.f.s.DefaultListableBeanFactory - Creating instance of bean 'sciConsole.AuthorizationStepDefs'
15:56:20.649 [Test worker] DEBUG o.s.b.f.annotation.InjectionMetadata - Processing injected element of bean 'sciConsole.AuthorizationStepDefs': AutowiredFieldElement for private org.springframework.web.context.WebApplicationContext sciConsole.AuthorizationStepDefs.wac
15:56:20.649 [Test worker] DEBUG o.s.b.f.annotation.InjectionMetadata - Processing injected element of bean 'sciConsole.AuthorizationStepDefs': AutowiredFieldElement for private javax.servlet.Filter sciConsole.AuthorizationStepDefs.springSecurityFilterChain
15:56:20.649 [Test worker] DEBUG o.s.b.f.s.DefaultListableBeanFactory - Returning cached instance of singleton bean 'springSecurityFilterChain'
15:56:20.649 [Test worker] DEBUG o.s.b.f.annotation.InjectionMetadata - Processing injected element of bean 'sciConsole.AuthorizationStepDefs': AutowiredFieldElement for private sciConsole.persistence.repository.UserRepository sciConsole.AuthorizationStepDefs.userRepo
15:56:20.649 [Test worker] DEBUG o.s.b.f.s.DefaultListableBeanFactory - Returning cached instance of singleton bean 'userRepository'
15:56:20.649 [Test worker] DEBUG o.s.b.f.annotation.InjectionMetadata - Processing injected element of bean 'sciConsole.AuthorizationStepDefs': AutowiredFieldElement for private sciConsole.persistence.repository.RoleRepository sciConsole.AuthorizationStepDefs.roleRepo
15:56:20.649 [Test worker] DEBUG o.s.b.f.s.DefaultListableBeanFactory - Returning cached instance of singleton bean 'roleRepository'
15:56:20.649 [Test worker] DEBUG o.s.b.f.s.DefaultListableBeanFactory - Finished creating instance of bean 'sciConsole.AuthorizationStepDefs'
15:56:20.649 [Test worker] DEBUG o.s.b.f.s.DefaultListableBeanFactory - Returning cached instance of singleton bean 'springSecurityFilterChain'
15:56:20.649 [Test worker] DEBUG o.s.t.w.s.TestDispatcherServlet - Initializing servlet ''
15:56:20.650 [Test worker] DEBUG o.s.w.c.s.StandardServletEnvironment - Adding [servletConfigInitParams] PropertySource with lowest search precedence
15:56:20.650 [Test worker] DEBUG o.s.w.c.s.StandardServletEnvironment - Adding [servletContextInitParams] PropertySource with lowest search precedence
15:56:20.650 [Test worker] DEBUG o.s.w.c.s.StandardServletEnvironment - Adding [systemProperties] PropertySource with lowest search precedence
15:56:20.650 [Test worker] DEBUG o.s.w.c.s.StandardServletEnvironment - Adding [systemEnvironment] PropertySource with lowest search precedence
15:56:20.650 [Test worker] DEBUG o.s.w.c.s.StandardServletEnvironment - Initialized StandardServletEnvironment with PropertySources [servletConfigInitParams,servletContextInitParams,systemProperties,systemEnvironment]
15:56:20.650 [Test worker] INFO  o.s.mock.web.MockServletContext - Initializing Spring FrameworkServlet ''
15:56:20.650 [Test worker] INFO  o.s.t.w.s.TestDispatcherServlet - FrameworkServlet '': initialization started
15:56:20.650 [Test worker] DEBUG o.s.b.f.s.DefaultListableBeanFactory - Returning cached instance of singleton bean 'multipartResolver'
15:56:20.650 [Test worker] DEBUG o.s.t.w.s.TestDispatcherServlet - Using MultipartResolver [org.springframework.web.multipart.support.StandardServletMultipartResolver@60a6c2dc]
15:56:20.650 [Test worker] DEBUG o.s.b.f.s.DefaultListableBeanFactory - Creating instance of bean 'org.springframework.web.servlet.i18n.AcceptHeaderLocaleResolver'
15:56:20.650 [Test worker] DEBUG o.s.b.f.s.DefaultListableBeanFactory - Finished creating instance of bean 'org.springframework.web.servlet.i18n.AcceptHeaderLocaleResolver'
15:56:20.650 [Test worker] DEBUG o.s.t.w.s.TestDispatcherServlet - Unable to locate LocaleResolver with name 'localeResolver': using default [org.springframework.web.servlet.i18n.AcceptHeaderLocaleResolver@fee725d]
15:56:20.650 [Test worker] DEBUG o.s.b.f.s.DefaultListableBeanFactory - Creating instance of bean 'org.springframework.web.servlet.theme.FixedThemeResolver'
15:56:20.650 [Test worker] DEBUG o.s.b.f.s.DefaultListableBeanFactory - Finished creating instance of bean 'org.springframework.web.servlet.theme.FixedThemeResolver'
15:56:20.650 [Test worker] DEBUG o.s.t.w.s.TestDispatcherServlet - Unable to locate ThemeResolver with name 'themeResolver': using default [org.springframework.web.servlet.theme.FixedThemeResolver@1c18a0d6]
15:56:20.651 [Test worker] DEBUG o.s.b.f.s.DefaultListableBeanFactory - Returning cached instance of singleton bean 'requestMappingHandlerMapping'
15:56:20.651 [Test worker] DEBUG o.s.b.f.s.DefaultListableBeanFactory - Returning cached instance of singleton bean 'viewControllerHandlerMapping'
15:56:20.651 [Test worker] DEBUG o.s.b.f.s.DefaultListableBeanFactory - Returning cached instance of singleton bean 'beanNameHandlerMapping'
15:56:20.651 [Test worker] DEBUG o.s.b.f.s.DefaultListableBeanFactory - Returning cached instance of singleton bean 'resourceHandlerMapping'
15:56:20.651 [Test worker] DEBUG o.s.b.f.s.DefaultListableBeanFactory - Returning cached instance of singleton bean 'defaultServletHandlerMapping'
15:56:20.651 [Test worker] DEBUG o.s.b.f.s.DefaultListableBeanFactory - Returning cached instance of singleton bean 'faviconHandlerMapping'
15:56:20.651 [Test worker] DEBUG o.s.b.f.s.DefaultListableBeanFactory - Returning cached instance of singleton bean 'requestMappingHandlerAdapter'
15:56:20.651 [Test worker] DEBUG o.s.b.f.s.DefaultListableBeanFactory - Returning cached instance of singleton bean 'httpRequestHandlerAdapter'
15:56:20.651 [Test worker] DEBUG o.s.b.f.s.DefaultListableBeanFactory - Returning cached instance of singleton bean 'simpleControllerHandlerAdapter'
15:56:20.652 [Test worker] DEBUG o.s.b.f.s.DefaultListableBeanFactory - Returning cached instance of singleton bean 'errorAttributes'
15:56:20.652 [Test worker] DEBUG o.s.b.f.s.DefaultListableBeanFactory - Returning cached instance of singleton bean 'handlerExceptionResolver'
15:56:20.652 [Test worker] DEBUG o.s.b.f.s.DefaultListableBeanFactory - Creating instance of bean 'org.springframework.web.servlet.view.DefaultRequestToViewNameTranslator'
15:56:20.652 [Test worker] DEBUG o.s.b.f.s.DefaultListableBeanFactory - Finished creating instance of bean 'org.springframework.web.servlet.view.DefaultRequestToViewNameTranslator'
15:56:20.652 [Test worker] DEBUG o.s.t.w.s.TestDispatcherServlet - Unable to locate RequestToViewNameTranslator with name 'viewNameTranslator': using default [org.springframework.web.servlet.view.DefaultRequestToViewNameTranslator@7cb48f1b]
15:56:20.653 [Test worker] DEBUG o.s.b.f.s.DefaultListableBeanFactory - Returning cached instance of singleton bean 'viewResolver'
15:56:20.653 [Test worker] DEBUG o.s.b.f.s.DefaultListableBeanFactory - Returning cached instance of singleton bean 'beanNameViewResolver'
15:56:20.653 [Test worker] DEBUG o.s.b.f.s.DefaultListableBeanFactory - Returning cached instance of singleton bean 'mvcViewResolver'
15:56:20.653 [Test worker] DEBUG o.s.b.f.s.DefaultListableBeanFactory - Creating instance of bean 'org.springframework.web.servlet.support.SessionFlashMapManager'
15:56:20.653 [Test worker] DEBUG o.s.b.f.s.DefaultListableBeanFactory - Finished creating instance of bean 'org.springframework.web.servlet.support.SessionFlashMapManager'
15:56:20.653 [Test worker] DEBUG o.s.t.w.s.TestDispatcherServlet - Unable to locate FlashMapManager with name 'flashMapManager': using default [org.springframework.web.servlet.support.SessionFlashMapManager@11a9c9db]
15:56:20.653 [Test worker] DEBUG o.s.t.w.s.TestDispatcherServlet - Published WebApplicationContext of servlet '' as ServletContext attribute with name [org.springframework.web.servlet.FrameworkServlet.CONTEXT.]
15:56:20.653 [Test worker] INFO  o.s.t.w.s.TestDispatcherServlet - FrameworkServlet '': initialization completed in 3 ms
15:56:20.653 [Test worker] DEBUG o.s.t.w.s.TestDispatcherServlet - Servlet '' configured successfully
15:56:20.653 [Test worker] DEBUG o.s.orm.jpa.JpaTransactionManager - Creating new transaction with name [org.springframework.data.jpa.repository.support.SimpleJpaRepository.findAll]: PROPAGATION_REQUIRED,ISOLATION_DEFAULT,readOnly; ''
15:56:20.653 [Test worker] DEBUG o.s.orm.jpa.JpaTransactionManager - Opened new EntityManager [org.hibernate.jpa.internal.EntityManagerImpl@6da93d29] for JPA transaction
15:56:20.653 [Test worker] DEBUG o.h.e.j.i.LogicalConnectionImpl - Obtaining JDBC connection
15:56:20.653 [Test worker] DEBUG o.s.j.d.DriverManagerDataSource - Creating new JDBC DriverManager Connection to [jdbc:mysql://127.0.0.1:3306/wrp3]
15:56:20.657 [Test worker] DEBUG o.h.e.j.i.LogicalConnectionImpl - Obtained JDBC connection
15:56:20.657 [Test worker] DEBUG o.s.jdbc.datasource.DataSourceUtils - Setting JDBC Connection [com.mysql.jdbc.JDBC4Connection@17266bea] read-only
15:56:20.657 [Test worker] DEBUG o.h.e.t.spi.AbstractTransactionImpl - begin
15:56:20.657 [Test worker] DEBUG o.h.e.t.i.jdbc.JdbcTransaction - initial autocommit status: true
15:56:20.657 [Test worker] DEBUG o.h.e.t.i.jdbc.JdbcTransaction - disabling autocommit
15:56:20.658 [Test worker] DEBUG o.s.orm.jpa.JpaTransactionManager - Exposing JPA transaction as JDBC transaction [org.springframework.orm.jpa.vendor.HibernateJpaDialect$HibernateConnectionHandle@527f8baa]
15:56:20.658 [Test worker] DEBUG o.h.jpa.criteria.CriteriaQueryImpl - Rendered criteria query -> select generatedAlias0 from User as generatedAlias0
15:56:20.658 [Test worker] DEBUG org.hibernate.SQL - select user0_.id as id1_8_, user0_.login as login2_8_, user0_.password as password3_8_, user0_1_.role_id as role_id1_7_ from users user0_ left outer join user_roles user0_1_ on user0_.id=user0_1_.user_id
15:56:20.659 [Test worker] DEBUG org.hibernate.loader.Loader - Result set row: 0
15:56:20.659 [Test worker] DEBUG org.hibernate.loader.Loader - Result row: EntityKey[sciConsole.domain.User#35]
15:56:20.659 [Test worker] DEBUG org.hibernate.loader.Loader - Result set row: 1
15:56:20.659 [Test worker] DEBUG org.hibernate.loader.Loader - Result row: EntityKey[sciConsole.domain.User#36]
15:56:20.659 [Test worker] DEBUG o.h.engine.internal.TwoPhaseLoad - Resolving associations for [sciConsole.domain.User#35]
15:56:20.659 [Test worker] DEBUG org.hibernate.SQL - select role0_.id as id1_4_0_, role0_.role as role2_4_0_ from roles role0_ where role0_.id=?
15:56:20.660 [Test worker] DEBUG o.h.l.p.e.p.i.ResultSetProcessorImpl - Starting ResultSet row #0
15:56:20.660 [Test worker] DEBUG o.h.l.p.e.p.i.EntityReferenceInitializerImpl - On call to EntityIdentifierReaderImpl#resolve, EntityKey was already known; should only happen on root returns with an optional identifier specified
15:56:20.660 [Test worker] DEBUG o.h.engine.internal.TwoPhaseLoad - Resolving associations for [sciConsole.domain.Role#2]
15:56:20.660 [Test worker] DEBUG o.h.engine.internal.TwoPhaseLoad - Done materializing entity [sciConsole.domain.Role#2]
15:56:20.660 [Test worker] DEBUG o.h.l.e.p.AbstractLoadPlanBasedEntityLoader - Done entity load : sciConsole.domain.Role#2
15:56:20.660 [Test worker] DEBUG o.h.engine.internal.TwoPhaseLoad - Done materializing entity [sciConsole.domain.User#35]
15:56:20.660 [Test worker] DEBUG o.h.engine.internal.TwoPhaseLoad - Resolving associations for [sciConsole.domain.User#36]
15:56:20.661 [Test worker] DEBUG org.hibernate.SQL - select role0_.id as id1_4_0_, role0_.role as role2_4_0_ from roles role0_ where role0_.id=?
15:56:20.661 [Test worker] DEBUG o.h.l.p.e.p.i.ResultSetProcessorImpl - Starting ResultSet row #0
15:56:20.661 [Test worker] DEBUG o.h.l.p.e.p.i.EntityReferenceInitializerImpl - On call to EntityIdentifierReaderImpl#resolve, EntityKey was already known; should only happen on root returns with an optional identifier specified
15:56:20.661 [Test worker] DEBUG o.h.engine.internal.TwoPhaseLoad - Resolving associations for [sciConsole.domain.Role#1]
15:56:20.661 [Test worker] DEBUG o.h.engine.internal.TwoPhaseLoad - Done materializing entity [sciConsole.domain.Role#1]
15:56:20.662 [Test worker] DEBUG o.h.l.e.p.AbstractLoadPlanBasedEntityLoader - Done entity load : sciConsole.domain.Role#1
15:56:20.662 [Test worker] DEBUG o.h.engine.internal.TwoPhaseLoad - Done materializing entity [sciConsole.domain.User#36]
15:56:20.662 [Test worker] DEBUG o.s.orm.jpa.JpaTransactionManager - Initiating transaction commit
15:56:20.662 [Test worker] DEBUG o.s.orm.jpa.JpaTransactionManager - Committing JPA transaction on EntityManager [org.hibernate.jpa.internal.EntityManagerImpl@6da93d29]
15:56:20.662 [Test worker] DEBUG o.h.e.t.spi.AbstractTransactionImpl - committing
15:56:20.662 [Test worker] DEBUG o.h.e.t.i.jdbc.JdbcTransaction - committed JDBC Connection
15:56:20.662 [Test worker] DEBUG o.h.e.t.i.jdbc.JdbcTransaction - re-enabling autocommit
15:56:20.663 [Test worker] DEBUG o.s.jdbc.datasource.DataSourceUtils - Resetting read-only flag of JDBC Connection [com.mysql.jdbc.JDBC4Connection@17266bea]
15:56:20.663 [Test worker] DEBUG o.s.orm.jpa.JpaTransactionManager - Closing JPA EntityManager [org.hibernate.jpa.internal.EntityManagerImpl@6da93d29] after transaction
15:56:20.663 [Test worker] DEBUG o.s.o.jpa.EntityManagerFactoryUtils - Closing JPA EntityManager
15:56:20.663 [Test worker] DEBUG o.h.e.j.i.LogicalConnectionImpl - Releasing JDBC connection
15:56:20.663 [Test worker] DEBUG o.h.e.j.i.LogicalConnectionImpl - Released JDBC connection
15:56:20.663 [Test worker] DEBUG o.s.orm.jpa.JpaTransactionManager - Creating new transaction with name [org.springframework.data.jpa.repository.support.SimpleJpaRepository.findAll]: PROPAGATION_REQUIRED,ISOLATION_DEFAULT,readOnly; ''
15:56:20.663 [Test worker] DEBUG o.s.orm.jpa.JpaTransactionManager - Opened new EntityManager [org.hibernate.jpa.internal.EntityManagerImpl@7b78ddaa] for JPA transaction
15:56:20.664 [Test worker] DEBUG o.h.e.j.i.LogicalConnectionImpl - Obtaining JDBC connection
15:56:20.664 [Test worker] DEBUG o.s.j.d.DriverManagerDataSource - Creating new JDBC DriverManager Connection to [jdbc:mysql://127.0.0.1:3306/wrp3]
15:56:20.667 [Test worker] DEBUG o.h.e.j.i.LogicalConnectionImpl - Obtained JDBC connection
15:56:20.667 [Test worker] DEBUG o.s.jdbc.datasource.DataSourceUtils - Setting JDBC Connection [com.mysql.jdbc.JDBC4Connection@55668e01] read-only
15:56:20.667 [Test worker] DEBUG o.h.e.t.spi.AbstractTransactionImpl - begin
15:56:20.668 [Test worker] DEBUG o.h.e.t.i.jdbc.JdbcTransaction - initial autocommit status: true
15:56:20.668 [Test worker] DEBUG o.h.e.t.i.jdbc.JdbcTransaction - disabling autocommit
15:56:20.668 [Test worker] DEBUG o.s.orm.jpa.JpaTransactionManager - Exposing JPA transaction as JDBC transaction [org.springframework.orm.jpa.vendor.HibernateJpaDialect$HibernateConnectionHandle@a495e99]
15:56:20.668 [Test worker] DEBUG o.h.jpa.criteria.CriteriaQueryImpl - Rendered criteria query -> select generatedAlias0 from Role as generatedAlias0
15:56:20.668 [Test worker] DEBUG org.hibernate.SQL - select role0_.id as id1_4_, role0_.role as role2_4_ from roles role0_
15:56:20.669 [Test worker] DEBUG org.hibernate.loader.Loader - Result set row: 0
15:56:20.669 [Test worker] DEBUG org.hibernate.loader.Loader - Result row: EntityKey[sciConsole.domain.Role#1]
15:56:20.669 [Test worker] DEBUG org.hibernate.loader.Loader - Result set row: 1
15:56:20.669 [Test worker] DEBUG org.hibernate.loader.Loader - Result row: EntityKey[sciConsole.domain.Role#2]
15:56:20.669 [Test worker] DEBUG o.h.engine.internal.TwoPhaseLoad - Resolving associations for [sciConsole.domain.Role#1]
15:56:20.669 [Test worker] DEBUG o.h.engine.internal.TwoPhaseLoad - Done materializing entity [sciConsole.domain.Role#1]
15:56:20.669 [Test worker] DEBUG o.h.engine.internal.TwoPhaseLoad - Resolving associations for [sciConsole.domain.Role#2]
15:56:20.669 [Test worker] DEBUG o.h.engine.internal.TwoPhaseLoad - Done materializing entity [sciConsole.domain.Role#2]
15:56:20.670 [Test worker] DEBUG o.s.orm.jpa.JpaTransactionManager - Initiating transaction commit
15:56:20.670 [Test worker] DEBUG o.s.orm.jpa.JpaTransactionManager - Committing JPA transaction on EntityManager [org.hibernate.jpa.internal.EntityManagerImpl@7b78ddaa]
15:56:20.670 [Test worker] DEBUG o.h.e.t.spi.AbstractTransactionImpl - committing
15:56:20.670 [Test worker] DEBUG o.h.e.t.i.jdbc.JdbcTransaction - committed JDBC Connection
15:56:20.670 [Test worker] DEBUG o.h.e.t.i.jdbc.JdbcTransaction - re-enabling autocommit
15:56:20.670 [Test worker] DEBUG o.s.jdbc.datasource.DataSourceUtils - Resetting read-only flag of JDBC Connection [com.mysql.jdbc.JDBC4Connection@55668e01]
15:56:20.670 [Test worker] DEBUG o.s.orm.jpa.JpaTransactionManager - Closing JPA EntityManager [org.hibernate.jpa.internal.EntityManagerImpl@7b78ddaa] after transaction
15:56:20.670 [Test worker] DEBUG o.s.o.jpa.EntityManagerFactoryUtils - Closing JPA EntityManager
15:56:20.671 [Test worker] DEBUG o.h.e.j.i.LogicalConnectionImpl - Releasing JDBC connection
15:56:20.671 [Test worker] DEBUG o.h.e.j.i.LogicalConnectionImpl - Released JDBC connection
15:56:20.672 [Test worker] DEBUG o.s.o.j.SharedEntityManagerCreator$SharedEntityManagerInvocationHandler - Creating new EntityManager for shared EntityManager invocation
15:56:20.673 [Test worker] DEBUG o.h.jpa.criteria.CriteriaQueryImpl - Rendered criteria query -> select generatedAlias0 from User as generatedAlias0 where generatedAlias0.login=:param0
15:56:20.673 [Test worker] DEBUG org.hibernate.SQL - select user0_.id as id1_8_, user0_.login as login2_8_, user0_.password as password3_8_, user0_1_.role_id as role_id1_7_ from users user0_ left outer join user_roles user0_1_ on user0_.id=user0_1_.user_id where user0_.login=?
15:56:20.673 [Test worker] DEBUG o.h.e.j.i.LogicalConnectionImpl - Obtaining JDBC connection
15:56:20.673 [Test worker] DEBUG o.s.j.d.DriverManagerDataSource - Creating new JDBC DriverManager Connection to [jdbc:mysql://127.0.0.1:3306/wrp3]
15:56:20.676 [Test worker] DEBUG o.h.e.j.i.LogicalConnectionImpl - Obtained JDBC connection
15:56:20.677 [Test worker] DEBUG org.hibernate.loader.Loader - Result set row: 0
15:56:20.677 [Test worker] DEBUG org.hibernate.loader.Loader - Result row: EntityKey[sciConsole.domain.User#35]
15:56:20.677 [Test worker] DEBUG o.h.engine.internal.TwoPhaseLoad - Resolving associations for [sciConsole.domain.User#35]
15:56:20.677 [Test worker] DEBUG org.hibernate.SQL - select role0_.id as id1_4_0_, role0_.role as role2_4_0_ from roles role0_ where role0_.id=?
15:56:20.678 [Test worker] DEBUG o.h.l.p.e.p.i.ResultSetProcessorImpl - Starting ResultSet row #0
15:56:20.678 [Test worker] DEBUG o.h.l.p.e.p.i.EntityReferenceInitializerImpl - On call to EntityIdentifierReaderImpl#resolve, EntityKey was already known; should only happen on root returns with an optional identifier specified
15:56:20.678 [Test worker] DEBUG o.h.engine.internal.TwoPhaseLoad - Resolving associations for [sciConsole.domain.Role#2]
15:56:20.678 [Test worker] DEBUG o.h.engine.internal.TwoPhaseLoad - Done materializing entity [sciConsole.domain.Role#2]
15:56:20.678 [Test worker] DEBUG o.h.l.e.p.AbstractLoadPlanBasedEntityLoader - Done entity load : sciConsole.domain.Role#2
15:56:20.678 [Test worker] DEBUG o.h.engine.internal.TwoPhaseLoad - Done materializing entity [sciConsole.domain.User#35]
15:56:20.679 [Test worker] DEBUG o.s.o.jpa.EntityManagerFactoryUtils - Closing JPA EntityManager
15:56:20.679 [Test worker] DEBUG o.h.e.j.i.LogicalConnectionImpl - Releasing JDBC connection
15:56:20.679 [Test worker] DEBUG o.h.e.j.i.LogicalConnectionImpl - Released JDBC connection
15:56:20.679 [Test worker] DEBUG o.s.orm.jpa.JpaTransactionManager - Creating new transaction with name [org.springframework.data.jpa.repository.support.SimpleJpaRepository.save]: PROPAGATION_REQUIRED,ISOLATION_DEFAULT; ''
15:56:20.679 [Test worker] DEBUG o.s.orm.jpa.JpaTransactionManager - Opened new EntityManager [org.hibernate.jpa.internal.EntityManagerImpl@9232829] for JPA transaction
15:56:20.679 [Test worker] DEBUG o.h.e.t.spi.AbstractTransactionImpl - begin
15:56:20.679 [Test worker] DEBUG o.h.e.j.i.LogicalConnectionImpl - Obtaining JDBC connection
15:56:20.680 [Test worker] DEBUG o.s.j.d.DriverManagerDataSource - Creating new JDBC DriverManager Connection to [jdbc:mysql://127.0.0.1:3306/wrp3]
15:56:20.683 [Test worker] DEBUG o.h.e.j.i.LogicalConnectionImpl - Obtained JDBC connection
15:56:20.683 [Test worker] DEBUG o.h.e.t.i.jdbc.JdbcTransaction - initial autocommit status: true
15:56:20.683 [Test worker] DEBUG o.h.e.t.i.jdbc.JdbcTransaction - disabling autocommit
15:56:20.683 [Test worker] DEBUG o.s.orm.jpa.JpaTransactionManager - Exposing JPA transaction as JDBC transaction [org.springframework.orm.jpa.vendor.HibernateJpaDialect$HibernateConnectionHandle@47ea7e09]
15:56:20.684 [Test worker] DEBUG org.hibernate.engine.spi.ActionQueue - Executing identity-insert immediately
15:56:20.684 [Test worker] DEBUG org.hibernate.SQL - insert into request (assign_to, created_by, date_created, date_complete, due_date, priority, reject_reason, req_desc, req_solution, sci_id, status, assigned_to, version_id) values (?, ?, ?, ?, ?, ?, ?, ?, ?, ?, ?, ?, ?)
15:56:20.685 [Test worker] DEBUG o.h.id.IdentifierGeneratorHelper - Natively generated identity: 9
15:56:20.685 [Test worker] DEBUG o.s.orm.jpa.JpaTransactionManager - Initiating transaction commit
15:56:20.685 [Test worker] DEBUG o.s.orm.jpa.JpaTransactionManager - Committing JPA transaction on EntityManager [org.hibernate.jpa.internal.EntityManagerImpl@9232829]
15:56:20.686 [Test worker] DEBUG o.h.e.t.spi.AbstractTransactionImpl - committing
15:56:20.686 [Test worker] DEBUG o.h.e.i.AbstractFlushingEventListener - Processing flush-time cascades
15:56:20.686 [Test worker] DEBUG o.h.e.i.AbstractFlushingEventListener - Dirty checking collections
15:56:20.686 [Test worker] DEBUG o.h.e.i.AbstractFlushingEventListener - Flushed: 0 insertions, 0 updates, 0 deletions to 1 objects
15:56:20.686 [Test worker] DEBUG o.h.e.i.AbstractFlushingEventListener - Flushed: 0 (re)creations, 0 updates, 0 removals to 0 collections
15:56:20.686 [Test worker] DEBUG o.h.internal.util.EntityPrinter - Listing entities:
15:56:20.686 [Test worker] DEBUG o.h.internal.util.EntityPrinter - sciConsole.domain.Request{date=Mon Jan 11 15:56:20 GMT 2016, dueDate=null, priority=null, type=1, versionId=1, rejectReason=null, createdBy=1, dateComplete=null, reqDesc=Test Description, sciId=1, reqSolution=Test Solution, id=9, assignTo=35, status=1}
15:56:20.689 [Test worker] DEBUG o.h.e.t.i.jdbc.JdbcTransaction - committed JDBC Connection
15:56:20.689 [Test worker] DEBUG o.h.e.t.i.jdbc.JdbcTransaction - re-enabling autocommit
15:56:20.690 [Test worker] DEBUG o.s.orm.jpa.JpaTransactionManager - Closing JPA EntityManager [org.hibernate.jpa.internal.EntityManagerImpl@9232829] after transaction
15:56:20.690 [Test worker] DEBUG o.s.o.jpa.EntityManagerFactoryUtils - Closing JPA EntityManager
15:56:20.690 [Test worker] DEBUG o.h.e.j.i.LogicalConnectionImpl - Releasing JDBC connection
15:56:20.690 [Test worker] DEBUG o.h.e.j.i.LogicalConnectionImpl - Released JDBC connection
]]></system-out>
  <system-err><![CDATA[]]></system-err>
</testsuite>
