<?xml version="1.0" encoding="UTF-8"?>
<testsuite name="Scenario: cancel assessment" tests="4" skipped="0" failures="0" errors="0" timestamp="2016-01-11T15:56:18" hostname="ELITEBOOK" time="0.117">
  <properties/>
  <testcase name="Given I am assessing change requests" classname="Scenario: cancel assessment" time="0.001"/>
  <testcase name="When I request to cancel the assessment" classname="Scenario: cancel assessment" time="0.0"/>
  <testcase name="Then I stop seeing change requests" classname="Scenario: cancel assessment" time="0.0"/>
  <testcase name="classMethod" classname="Scenario: cancel assessment" time="0.187"/>
  <system-out><![CDATA[15:56:18.519 [Test worker] DEBUG o.s.test.context.BootstrapUtils - Instantiating CacheAwareContextLoaderDelegate from class [org.springframework.test.context.cache.DefaultCacheAwareContextLoaderDelegate]
15:56:18.519 [Test worker] DEBUG o.s.test.context.BootstrapUtils - Instantiating BootstrapContext using constructor [public org.springframework.test.context.support.DefaultBootstrapContext(java.lang.Class,org.springframework.test.context.CacheAwareContextLoaderDelegate)]
15:56:18.519 [Test worker] DEBUG o.s.test.context.BootstrapUtils - Instantiating TestContextBootstrapper for test class [sciConsole.CompleteChangeRequestStepDefs] from class [org.springframework.test.context.web.WebTestContextBootstrapper]
15:56:18.520 [Test worker] DEBUG o.s.t.c.s.AbstractDelegatingSmartContextLoader - Delegating to AnnotationConfigWebContextLoader to process context configuration [ContextConfigurationAttributes@59a4aa17 declaringClass = 'sciConsole.CompleteChangeRequestStepDefs', classes = '{class sciConsole.SciConsoleApplication, class sciConsole.controller.SessionController, class sciConsole.controller.AccountController, class sciConsole.controller.ChangeRequestController, class sciConsole.SecurityConfig, class sciConsole.WebConfig}', locations = '{}', inheritLocations = true, initializers = '{}', inheritInitializers = true, name = [null], contextLoaderClass = 'org.springframework.test.context.ContextLoader'].
15:56:18.520 [Test worker] DEBUG o.s.t.c.support.ActiveProfilesUtils - Could not find an 'annotation declaring class' for annotation type [org.springframework.test.context.ActiveProfiles] and class [sciConsole.CompleteChangeRequestStepDefs]
15:56:18.520 [Test worker] DEBUG o.s.t.c.w.WebTestContextBootstrapper - @TestExecutionListeners is not present for class [sciConsole.CompleteChangeRequestStepDefs]: using defaults.
15:56:18.523 [Test worker] INFO  o.s.t.c.w.WebTestContextBootstrapper - Loaded default TestExecutionListener class names from location [META-INF/spring.factories]: [org.springframework.security.test.context.support.WithSecurityContextTestExecutionListener, org.springframework.test.context.web.ServletTestExecutionListener, org.springframework.test.context.support.DirtiesContextBeforeModesTestExecutionListener, org.springframework.test.context.support.DependencyInjectionTestExecutionListener, org.springframework.test.context.support.DirtiesContextTestExecutionListener, org.springframework.test.context.transaction.TransactionalTestExecutionListener, org.springframework.test.context.jdbc.SqlScriptsTestExecutionListener]
15:56:18.524 [Test worker] INFO  o.s.t.c.w.WebTestContextBootstrapper - Using TestExecutionListeners: [org.springframework.test.context.web.ServletTestExecutionListener@4ae287a1, org.springframework.test.context.support.DirtiesContextBeforeModesTestExecutionListener@37da8c50, org.springframework.test.context.support.DependencyInjectionTestExecutionListener@39ca84b3, org.springframework.test.context.support.DirtiesContextTestExecutionListener@41307d43, org.springframework.test.context.transaction.TransactionalTestExecutionListener@1f31354b, org.springframework.test.context.jdbc.SqlScriptsTestExecutionListener@7cea82f1, org.springframework.security.test.context.support.WithSecurityContextTestExecutionListener@11e87ec3]
15:56:18.524 [Test worker] DEBUG o.s.t.c.c.DefaultCacheAwareContextLoaderDelegate - Retrieved ApplicationContext from cache with key [[WebMergedContextConfiguration@5370d3d8 testClass = CompleteChangeRequestStepDefs, locations = '{}', classes = '{class sciConsole.SciConsoleApplication, class sciConsole.controller.SessionController, class sciConsole.controller.AccountController, class sciConsole.controller.ChangeRequestController, class sciConsole.SecurityConfig, class sciConsole.WebConfig}', contextInitializerClasses = '[]', activeProfiles = '{}', propertySourceLocations = '{}', propertySourceProperties = '{}', resourceBasePath = 'src/main/webapp', contextLoader = 'org.springframework.test.context.web.WebDelegatingSmartContextLoader', parent = [null]]]
15:56:18.524 [Test worker] DEBUG o.springframework.test.context.cache - Spring test ApplicationContext cache statistics: [DefaultContextCache@3ff50a6 size = 1, parentContextCount = 0, hitCount = 8, missCount = 1]
15:56:18.524 [Test worker] INFO  o.s.b.f.s.DefaultListableBeanFactory - Replacing scope 'cucumber-glue' from [cucumber.runtime.java.spring.GlueCodeScope@7ff66ff4] to [cucumber.runtime.java.spring.GlueCodeScope@457d3f90]
15:56:18.524 [Test worker] DEBUG o.s.t.c.s.AbstractDirtiesContextTestExecutionListener - Before test class: context [DefaultTestContext@6da8c0c4 testClass = CompleteChangeRequestStepDefs, testInstance = [null], testMethod = [null], testException = [null], mergedContextConfiguration = [WebMergedContextConfiguration@5370d3d8 testClass = CompleteChangeRequestStepDefs, locations = '{}', classes = '{class sciConsole.SciConsoleApplication, class sciConsole.controller.SessionController, class sciConsole.controller.AccountController, class sciConsole.controller.ChangeRequestController, class sciConsole.SecurityConfig, class sciConsole.WebConfig}', contextInitializerClasses = '[]', activeProfiles = '{}', propertySourceLocations = '{}', propertySourceProperties = '{}', resourceBasePath = 'src/main/webapp', contextLoader = 'org.springframework.test.context.web.WebDelegatingSmartContextLoader', parent = [null]]], class annotated with @DirtiesContext [false] with mode [null].
15:56:18.524 [Test worker] DEBUG o.s.t.c.c.DefaultCacheAwareContextLoaderDelegate - Retrieved ApplicationContext from cache with key [[WebMergedContextConfiguration@5370d3d8 testClass = CompleteChangeRequestStepDefs, locations = '{}', classes = '{class sciConsole.SciConsoleApplication, class sciConsole.controller.SessionController, class sciConsole.controller.AccountController, class sciConsole.controller.ChangeRequestController, class sciConsole.SecurityConfig, class sciConsole.WebConfig}', contextInitializerClasses = '[]', activeProfiles = '{}', propertySourceLocations = '{}', propertySourceProperties = '{}', resourceBasePath = 'src/main/webapp', contextLoader = 'org.springframework.test.context.web.WebDelegatingSmartContextLoader', parent = [null]]]
15:56:18.524 [Test worker] DEBUG o.springframework.test.context.cache - Spring test ApplicationContext cache statistics: [DefaultContextCache@3ff50a6 size = 1, parentContextCount = 0, hitCount = 9, missCount = 1]
15:56:18.525 [Test worker] DEBUG o.s.b.f.s.DefaultListableBeanFactory - Creating instance of bean 'sciConsole.CompleteChangeRequestStepDefs'
15:56:18.525 [Test worker] DEBUG o.s.b.f.annotation.InjectionMetadata - Processing injected element of bean 'sciConsole.CompleteChangeRequestStepDefs': AutowiredFieldElement for private org.springframework.web.context.WebApplicationContext sciConsole.CompleteChangeRequestStepDefs.wac
15:56:18.525 [Test worker] DEBUG o.s.b.f.annotation.InjectionMetadata - Processing injected element of bean 'sciConsole.CompleteChangeRequestStepDefs': AutowiredFieldElement for private sciConsole.persistence.repository.UserRepository sciConsole.CompleteChangeRequestStepDefs.userRepo
15:56:18.525 [Test worker] DEBUG o.s.b.f.s.DefaultListableBeanFactory - Returning cached instance of singleton bean 'userRepository'
15:56:18.525 [Test worker] DEBUG o.s.b.f.annotation.InjectionMetadata - Processing injected element of bean 'sciConsole.CompleteChangeRequestStepDefs': AutowiredFieldElement for private sciConsole.persistence.repository.RequestRepository sciConsole.CompleteChangeRequestStepDefs.reqRepo
15:56:18.525 [Test worker] DEBUG o.s.b.f.s.DefaultListableBeanFactory - Returning cached instance of singleton bean 'requestRepository'
15:56:18.525 [Test worker] DEBUG o.s.b.f.s.DefaultListableBeanFactory - Finished creating instance of bean 'sciConsole.CompleteChangeRequestStepDefs'
15:56:18.525 [Test worker] DEBUG o.s.t.w.s.TestDispatcherServlet - Initializing servlet ''
15:56:18.526 [Test worker] DEBUG o.s.w.c.s.StandardServletEnvironment - Adding [servletConfigInitParams] PropertySource with lowest search precedence
15:56:18.526 [Test worker] DEBUG o.s.w.c.s.StandardServletEnvironment - Adding [servletContextInitParams] PropertySource with lowest search precedence
15:56:18.526 [Test worker] DEBUG o.s.w.c.s.StandardServletEnvironment - Adding [systemProperties] PropertySource with lowest search precedence
15:56:18.526 [Test worker] DEBUG o.s.w.c.s.StandardServletEnvironment - Adding [systemEnvironment] PropertySource with lowest search precedence
15:56:18.526 [Test worker] DEBUG o.s.w.c.s.StandardServletEnvironment - Initialized StandardServletEnvironment with PropertySources [servletConfigInitParams,servletContextInitParams,systemProperties,systemEnvironment]
15:56:18.526 [Test worker] INFO  o.s.mock.web.MockServletContext - Initializing Spring FrameworkServlet ''
15:56:18.526 [Test worker] INFO  o.s.t.w.s.TestDispatcherServlet - FrameworkServlet '': initialization started
15:56:18.526 [Test worker] DEBUG o.s.b.f.s.DefaultListableBeanFactory - Returning cached instance of singleton bean 'multipartResolver'
15:56:18.526 [Test worker] DEBUG o.s.t.w.s.TestDispatcherServlet - Using MultipartResolver [org.springframework.web.multipart.support.StandardServletMultipartResolver@60a6c2dc]
15:56:18.526 [Test worker] DEBUG o.s.b.f.s.DefaultListableBeanFactory - Creating instance of bean 'org.springframework.web.servlet.i18n.AcceptHeaderLocaleResolver'
15:56:18.526 [Test worker] DEBUG o.s.b.f.s.DefaultListableBeanFactory - Finished creating instance of bean 'org.springframework.web.servlet.i18n.AcceptHeaderLocaleResolver'
15:56:18.526 [Test worker] DEBUG o.s.t.w.s.TestDispatcherServlet - Unable to locate LocaleResolver with name 'localeResolver': using default [org.springframework.web.servlet.i18n.AcceptHeaderLocaleResolver@3f64b5d4]
15:56:18.526 [Test worker] DEBUG o.s.b.f.s.DefaultListableBeanFactory - Creating instance of bean 'org.springframework.web.servlet.theme.FixedThemeResolver'
15:56:18.527 [Test worker] DEBUG o.s.b.f.s.DefaultListableBeanFactory - Finished creating instance of bean 'org.springframework.web.servlet.theme.FixedThemeResolver'
15:56:18.527 [Test worker] DEBUG o.s.t.w.s.TestDispatcherServlet - Unable to locate ThemeResolver with name 'themeResolver': using default [org.springframework.web.servlet.theme.FixedThemeResolver@6adf5ff3]
15:56:18.527 [Test worker] DEBUG o.s.b.f.s.DefaultListableBeanFactory - Returning cached instance of singleton bean 'requestMappingHandlerMapping'
15:56:18.527 [Test worker] DEBUG o.s.b.f.s.DefaultListableBeanFactory - Returning cached instance of singleton bean 'viewControllerHandlerMapping'
15:56:18.527 [Test worker] DEBUG o.s.b.f.s.DefaultListableBeanFactory - Returning cached instance of singleton bean 'beanNameHandlerMapping'
15:56:18.527 [Test worker] DEBUG o.s.b.f.s.DefaultListableBeanFactory - Returning cached instance of singleton bean 'resourceHandlerMapping'
15:56:18.527 [Test worker] DEBUG o.s.b.f.s.DefaultListableBeanFactory - Returning cached instance of singleton bean 'defaultServletHandlerMapping'
15:56:18.527 [Test worker] DEBUG o.s.b.f.s.DefaultListableBeanFactory - Returning cached instance of singleton bean 'faviconHandlerMapping'
15:56:18.528 [Test worker] DEBUG o.s.b.f.s.DefaultListableBeanFactory - Returning cached instance of singleton bean 'requestMappingHandlerAdapter'
15:56:18.528 [Test worker] DEBUG o.s.b.f.s.DefaultListableBeanFactory - Returning cached instance of singleton bean 'httpRequestHandlerAdapter'
15:56:18.528 [Test worker] DEBUG o.s.b.f.s.DefaultListableBeanFactory - Returning cached instance of singleton bean 'simpleControllerHandlerAdapter'
15:56:18.528 [Test worker] DEBUG o.s.b.f.s.DefaultListableBeanFactory - Returning cached instance of singleton bean 'errorAttributes'
15:56:18.529 [Test worker] DEBUG o.s.b.f.s.DefaultListableBeanFactory - Returning cached instance of singleton bean 'handlerExceptionResolver'
15:56:18.529 [Test worker] DEBUG o.s.b.f.s.DefaultListableBeanFactory - Creating instance of bean 'org.springframework.web.servlet.view.DefaultRequestToViewNameTranslator'
15:56:18.529 [Test worker] DEBUG o.s.b.f.s.DefaultListableBeanFactory - Finished creating instance of bean 'org.springframework.web.servlet.view.DefaultRequestToViewNameTranslator'
15:56:18.529 [Test worker] DEBUG o.s.t.w.s.TestDispatcherServlet - Unable to locate RequestToViewNameTranslator with name 'viewNameTranslator': using default [org.springframework.web.servlet.view.DefaultRequestToViewNameTranslator@46f27c87]
15:56:18.529 [Test worker] DEBUG o.s.b.f.s.DefaultListableBeanFactory - Returning cached instance of singleton bean 'viewResolver'
15:56:18.529 [Test worker] DEBUG o.s.b.f.s.DefaultListableBeanFactory - Returning cached instance of singleton bean 'beanNameViewResolver'
15:56:18.529 [Test worker] DEBUG o.s.b.f.s.DefaultListableBeanFactory - Returning cached instance of singleton bean 'mvcViewResolver'
15:56:18.529 [Test worker] DEBUG o.s.b.f.s.DefaultListableBeanFactory - Creating instance of bean 'org.springframework.web.servlet.support.SessionFlashMapManager'
15:56:18.530 [Test worker] DEBUG o.s.b.f.s.DefaultListableBeanFactory - Finished creating instance of bean 'org.springframework.web.servlet.support.SessionFlashMapManager'
15:56:18.530 [Test worker] DEBUG o.s.t.w.s.TestDispatcherServlet - Unable to locate FlashMapManager with name 'flashMapManager': using default [org.springframework.web.servlet.support.SessionFlashMapManager@6d773a7d]
15:56:18.530 [Test worker] DEBUG o.s.t.w.s.TestDispatcherServlet - Published WebApplicationContext of servlet '' as ServletContext attribute with name [org.springframework.web.servlet.FrameworkServlet.CONTEXT.]
15:56:18.530 [Test worker] INFO  o.s.t.w.s.TestDispatcherServlet - FrameworkServlet '': initialization completed in 4 ms
15:56:18.530 [Test worker] DEBUG o.s.t.w.s.TestDispatcherServlet - Servlet '' configured successfully
15:56:18.530 [Test worker] DEBUG o.s.orm.jpa.JpaTransactionManager - Creating new transaction with name [org.springframework.data.jpa.repository.support.SimpleJpaRepository.findAll]: PROPAGATION_REQUIRED,ISOLATION_DEFAULT,readOnly; ''
15:56:18.530 [Test worker] DEBUG o.s.orm.jpa.JpaTransactionManager - Opened new EntityManager [org.hibernate.jpa.internal.EntityManagerImpl@7727e812] for JPA transaction
15:56:18.530 [Test worker] DEBUG o.h.e.j.i.LogicalConnectionImpl - Obtaining JDBC connection
15:56:18.530 [Test worker] DEBUG o.s.j.d.DriverManagerDataSource - Creating new JDBC DriverManager Connection to [jdbc:mysql://127.0.0.1:3306/wrp3]
15:56:18.534 [Test worker] DEBUG o.h.e.j.i.LogicalConnectionImpl - Obtained JDBC connection
15:56:18.535 [Test worker] DEBUG o.s.jdbc.datasource.DataSourceUtils - Setting JDBC Connection [com.mysql.jdbc.JDBC4Connection@2e0b2ca8] read-only
15:56:18.535 [Test worker] DEBUG o.h.e.t.spi.AbstractTransactionImpl - begin
15:56:18.535 [Test worker] DEBUG o.h.e.t.i.jdbc.JdbcTransaction - initial autocommit status: true
15:56:18.535 [Test worker] DEBUG o.h.e.t.i.jdbc.JdbcTransaction - disabling autocommit
15:56:18.535 [Test worker] DEBUG o.s.orm.jpa.JpaTransactionManager - Exposing JPA transaction as JDBC transaction [org.springframework.orm.jpa.vendor.HibernateJpaDialect$HibernateConnectionHandle@71cdb1aa]
15:56:18.535 [Test worker] DEBUG o.h.jpa.criteria.CriteriaQueryImpl - Rendered criteria query -> select generatedAlias0 from Request as generatedAlias0
15:56:18.537 [Test worker] DEBUG org.hibernate.SQL - select request0_.request_id as request_1_3_, request0_.assign_to as assign_t2_3_, request0_.created_by as created_3_3_, request0_.date_created as date_cre4_3_, request0_.date_complete as date_com5_3_, request0_.due_date as due_date6_3_, request0_.priority as priority7_3_, request0_.reject_reason as reject_r8_3_, request0_.req_desc as req_desc9_3_, request0_.req_solution as req_sol10_3_, request0_.sci_id as sci_id11_3_, request0_.status as status12_3_, request0_.assigned_to as assigne13_3_, request0_.version_id as version14_3_ from request request0_
15:56:18.538 [Test worker] DEBUG o.s.orm.jpa.JpaTransactionManager - Initiating transaction commit
15:56:18.538 [Test worker] DEBUG o.s.orm.jpa.JpaTransactionManager - Committing JPA transaction on EntityManager [org.hibernate.jpa.internal.EntityManagerImpl@7727e812]
15:56:18.538 [Test worker] DEBUG o.h.e.t.spi.AbstractTransactionImpl - committing
15:56:18.538 [Test worker] DEBUG o.h.e.t.i.jdbc.JdbcTransaction - committed JDBC Connection
15:56:18.538 [Test worker] DEBUG o.h.e.t.i.jdbc.JdbcTransaction - re-enabling autocommit
15:56:18.539 [Test worker] DEBUG o.s.jdbc.datasource.DataSourceUtils - Resetting read-only flag of JDBC Connection [com.mysql.jdbc.JDBC4Connection@2e0b2ca8]
15:56:18.539 [Test worker] DEBUG o.s.orm.jpa.JpaTransactionManager - Closing JPA EntityManager [org.hibernate.jpa.internal.EntityManagerImpl@7727e812] after transaction
15:56:18.539 [Test worker] DEBUG o.s.o.jpa.EntityManagerFactoryUtils - Closing JPA EntityManager
15:56:18.539 [Test worker] DEBUG o.h.e.j.i.LogicalConnectionImpl - Releasing JDBC connection
15:56:18.539 [Test worker] DEBUG o.h.e.j.i.LogicalConnectionImpl - Released JDBC connection
15:56:18.540 [Test worker] DEBUG o.s.b.f.s.DefaultListableBeanFactory - Creating instance of bean 'sciConsole.AssessChangeRequestStepDefs'
15:56:18.540 [Test worker] DEBUG o.s.b.f.annotation.InjectionMetadata - Processing injected element of bean 'sciConsole.AssessChangeRequestStepDefs': AutowiredFieldElement for private org.springframework.web.context.WebApplicationContext sciConsole.AssessChangeRequestStepDefs.wac
15:56:18.540 [Test worker] DEBUG o.s.b.f.annotation.InjectionMetadata - Processing injected element of bean 'sciConsole.AssessChangeRequestStepDefs': AutowiredFieldElement for private sciConsole.persistence.repository.UserRepository sciConsole.AssessChangeRequestStepDefs.userRepo
15:56:18.540 [Test worker] DEBUG o.s.b.f.s.DefaultListableBeanFactory - Returning cached instance of singleton bean 'userRepository'
15:56:18.540 [Test worker] DEBUG o.s.b.f.annotation.InjectionMetadata - Processing injected element of bean 'sciConsole.AssessChangeRequestStepDefs': AutowiredFieldElement for private sciConsole.persistence.repository.SciRepository sciConsole.AssessChangeRequestStepDefs.sciRepo
15:56:18.540 [Test worker] DEBUG o.s.b.f.s.DefaultListableBeanFactory - Returning cached instance of singleton bean 'sciRepository'
15:56:18.540 [Test worker] DEBUG o.s.b.f.annotation.InjectionMetadata - Processing injected element of bean 'sciConsole.AssessChangeRequestStepDefs': AutowiredFieldElement for private sciConsole.persistence.repository.VersionRepository sciConsole.AssessChangeRequestStepDefs.verRepo
15:56:18.540 [Test worker] DEBUG o.s.b.f.s.DefaultListableBeanFactory - Returning cached instance of singleton bean 'versionRepository'
15:56:18.540 [Test worker] DEBUG o.s.b.f.annotation.InjectionMetadata - Processing injected element of bean 'sciConsole.AssessChangeRequestStepDefs': AutowiredFieldElement for private sciConsole.persistence.repository.RequestRepository sciConsole.AssessChangeRequestStepDefs.reqRepo
15:56:18.540 [Test worker] DEBUG o.s.b.f.s.DefaultListableBeanFactory - Returning cached instance of singleton bean 'requestRepository'
15:56:18.540 [Test worker] DEBUG o.s.b.f.s.DefaultListableBeanFactory - Finished creating instance of bean 'sciConsole.AssessChangeRequestStepDefs'
15:56:18.540 [Test worker] DEBUG o.s.t.w.s.TestDispatcherServlet - Initializing servlet ''
15:56:18.541 [Test worker] DEBUG o.s.w.c.s.StandardServletEnvironment - Adding [servletConfigInitParams] PropertySource with lowest search precedence
15:56:18.541 [Test worker] DEBUG o.s.w.c.s.StandardServletEnvironment - Adding [servletContextInitParams] PropertySource with lowest search precedence
15:56:18.541 [Test worker] DEBUG o.s.w.c.s.StandardServletEnvironment - Adding [systemProperties] PropertySource with lowest search precedence
15:56:18.541 [Test worker] DEBUG o.s.w.c.s.StandardServletEnvironment - Adding [systemEnvironment] PropertySource with lowest search precedence
15:56:18.541 [Test worker] DEBUG o.s.w.c.s.StandardServletEnvironment - Initialized StandardServletEnvironment with PropertySources [servletConfigInitParams,servletContextInitParams,systemProperties,systemEnvironment]
15:56:18.541 [Test worker] INFO  o.s.mock.web.MockServletContext - Initializing Spring FrameworkServlet ''
15:56:18.541 [Test worker] INFO  o.s.t.w.s.TestDispatcherServlet - FrameworkServlet '': initialization started
15:56:18.541 [Test worker] DEBUG o.s.b.f.s.DefaultListableBeanFactory - Returning cached instance of singleton bean 'multipartResolver'
15:56:18.541 [Test worker] DEBUG o.s.t.w.s.TestDispatcherServlet - Using MultipartResolver [org.springframework.web.multipart.support.StandardServletMultipartResolver@60a6c2dc]
15:56:18.541 [Test worker] DEBUG o.s.b.f.s.DefaultListableBeanFactory - Creating instance of bean 'org.springframework.web.servlet.i18n.AcceptHeaderLocaleResolver'
15:56:18.541 [Test worker] DEBUG o.s.b.f.s.DefaultListableBeanFactory - Finished creating instance of bean 'org.springframework.web.servlet.i18n.AcceptHeaderLocaleResolver'
15:56:18.541 [Test worker] DEBUG o.s.t.w.s.TestDispatcherServlet - Unable to locate LocaleResolver with name 'localeResolver': using default [org.springframework.web.servlet.i18n.AcceptHeaderLocaleResolver@7b0a20c2]
15:56:18.541 [Test worker] DEBUG o.s.b.f.s.DefaultListableBeanFactory - Creating instance of bean 'org.springframework.web.servlet.theme.FixedThemeResolver'
15:56:18.542 [Test worker] DEBUG o.s.b.f.s.DefaultListableBeanFactory - Finished creating instance of bean 'org.springframework.web.servlet.theme.FixedThemeResolver'
15:56:18.542 [Test worker] DEBUG o.s.t.w.s.TestDispatcherServlet - Unable to locate ThemeResolver with name 'themeResolver': using default [org.springframework.web.servlet.theme.FixedThemeResolver@688fbb3b]
15:56:18.542 [Test worker] DEBUG o.s.b.f.s.DefaultListableBeanFactory - Returning cached instance of singleton bean 'requestMappingHandlerMapping'
15:56:18.542 [Test worker] DEBUG o.s.b.f.s.DefaultListableBeanFactory - Returning cached instance of singleton bean 'viewControllerHandlerMapping'
15:56:18.542 [Test worker] DEBUG o.s.b.f.s.DefaultListableBeanFactory - Returning cached instance of singleton bean 'beanNameHandlerMapping'
15:56:18.542 [Test worker] DEBUG o.s.b.f.s.DefaultListableBeanFactory - Returning cached instance of singleton bean 'resourceHandlerMapping'
15:56:18.542 [Test worker] DEBUG o.s.b.f.s.DefaultListableBeanFactory - Returning cached instance of singleton bean 'defaultServletHandlerMapping'
15:56:18.542 [Test worker] DEBUG o.s.b.f.s.DefaultListableBeanFactory - Returning cached instance of singleton bean 'faviconHandlerMapping'
15:56:18.543 [Test worker] DEBUG o.s.b.f.s.DefaultListableBeanFactory - Returning cached instance of singleton bean 'requestMappingHandlerAdapter'
15:56:18.543 [Test worker] DEBUG o.s.b.f.s.DefaultListableBeanFactory - Returning cached instance of singleton bean 'httpRequestHandlerAdapter'
15:56:18.543 [Test worker] DEBUG o.s.b.f.s.DefaultListableBeanFactory - Returning cached instance of singleton bean 'simpleControllerHandlerAdapter'
15:56:18.543 [Test worker] DEBUG o.s.b.f.s.DefaultListableBeanFactory - Returning cached instance of singleton bean 'errorAttributes'
15:56:18.543 [Test worker] DEBUG o.s.b.f.s.DefaultListableBeanFactory - Returning cached instance of singleton bean 'handlerExceptionResolver'
15:56:18.543 [Test worker] DEBUG o.s.b.f.s.DefaultListableBeanFactory - Creating instance of bean 'org.springframework.web.servlet.view.DefaultRequestToViewNameTranslator'
15:56:18.544 [Test worker] DEBUG o.s.b.f.s.DefaultListableBeanFactory - Finished creating instance of bean 'org.springframework.web.servlet.view.DefaultRequestToViewNameTranslator'
15:56:18.544 [Test worker] DEBUG o.s.t.w.s.TestDispatcherServlet - Unable to locate RequestToViewNameTranslator with name 'viewNameTranslator': using default [org.springframework.web.servlet.view.DefaultRequestToViewNameTranslator@28e69735]
15:56:18.544 [Test worker] DEBUG o.s.b.f.s.DefaultListableBeanFactory - Returning cached instance of singleton bean 'viewResolver'
15:56:18.544 [Test worker] DEBUG o.s.b.f.s.DefaultListableBeanFactory - Returning cached instance of singleton bean 'beanNameViewResolver'
15:56:18.544 [Test worker] DEBUG o.s.b.f.s.DefaultListableBeanFactory - Returning cached instance of singleton bean 'mvcViewResolver'
15:56:18.544 [Test worker] DEBUG o.s.b.f.s.DefaultListableBeanFactory - Creating instance of bean 'org.springframework.web.servlet.support.SessionFlashMapManager'
15:56:18.544 [Test worker] DEBUG o.s.b.f.s.DefaultListableBeanFactory - Finished creating instance of bean 'org.springframework.web.servlet.support.SessionFlashMapManager'
15:56:18.544 [Test worker] DEBUG o.s.t.w.s.TestDispatcherServlet - Unable to locate FlashMapManager with name 'flashMapManager': using default [org.springframework.web.servlet.support.SessionFlashMapManager@c0980d3]
15:56:18.544 [Test worker] DEBUG o.s.t.w.s.TestDispatcherServlet - Published WebApplicationContext of servlet '' as ServletContext attribute with name [org.springframework.web.servlet.FrameworkServlet.CONTEXT.]
15:56:18.544 [Test worker] INFO  o.s.t.w.s.TestDispatcherServlet - FrameworkServlet '': initialization completed in 3 ms
15:56:18.544 [Test worker] DEBUG o.s.t.w.s.TestDispatcherServlet - Servlet '' configured successfully
15:56:18.545 [Test worker] DEBUG o.s.orm.jpa.JpaTransactionManager - Creating new transaction with name [org.springframework.data.jpa.repository.support.SimpleJpaRepository.findAll]: PROPAGATION_REQUIRED,ISOLATION_DEFAULT,readOnly; ''
15:56:18.545 [Test worker] DEBUG o.s.orm.jpa.JpaTransactionManager - Opened new EntityManager [org.hibernate.jpa.internal.EntityManagerImpl@26afada0] for JPA transaction
15:56:18.545 [Test worker] DEBUG o.h.e.j.i.LogicalConnectionImpl - Obtaining JDBC connection
15:56:18.545 [Test worker] DEBUG o.s.j.d.DriverManagerDataSource - Creating new JDBC DriverManager Connection to [jdbc:mysql://127.0.0.1:3306/wrp3]
15:56:18.548 [Test worker] DEBUG o.h.e.j.i.LogicalConnectionImpl - Obtained JDBC connection
15:56:18.549 [Test worker] DEBUG o.s.jdbc.datasource.DataSourceUtils - Setting JDBC Connection [com.mysql.jdbc.JDBC4Connection@34799a85] read-only
15:56:18.549 [Test worker] DEBUG o.h.e.t.spi.AbstractTransactionImpl - begin
15:56:18.549 [Test worker] DEBUG o.h.e.t.i.jdbc.JdbcTransaction - initial autocommit status: true
15:56:18.549 [Test worker] DEBUG o.h.e.t.i.jdbc.JdbcTransaction - disabling autocommit
15:56:18.549 [Test worker] DEBUG o.s.orm.jpa.JpaTransactionManager - Exposing JPA transaction as JDBC transaction [org.springframework.orm.jpa.vendor.HibernateJpaDialect$HibernateConnectionHandle@632365d3]
15:56:18.549 [Test worker] DEBUG o.h.jpa.criteria.CriteriaQueryImpl - Rendered criteria query -> select generatedAlias0 from Request as generatedAlias0
15:56:18.550 [Test worker] DEBUG org.hibernate.SQL - select request0_.request_id as request_1_3_, request0_.assign_to as assign_t2_3_, request0_.created_by as created_3_3_, request0_.date_created as date_cre4_3_, request0_.date_complete as date_com5_3_, request0_.due_date as due_date6_3_, request0_.priority as priority7_3_, request0_.reject_reason as reject_r8_3_, request0_.req_desc as req_desc9_3_, request0_.req_solution as req_sol10_3_, request0_.sci_id as sci_id11_3_, request0_.status as status12_3_, request0_.assigned_to as assigne13_3_, request0_.version_id as version14_3_ from request request0_
15:56:18.551 [Test worker] DEBUG o.s.orm.jpa.JpaTransactionManager - Initiating transaction commit
15:56:18.551 [Test worker] DEBUG o.s.orm.jpa.JpaTransactionManager - Committing JPA transaction on EntityManager [org.hibernate.jpa.internal.EntityManagerImpl@26afada0]
15:56:18.551 [Test worker] DEBUG o.h.e.t.spi.AbstractTransactionImpl - committing
15:56:18.551 [Test worker] DEBUG o.h.e.t.i.jdbc.JdbcTransaction - committed JDBC Connection
15:56:18.551 [Test worker] DEBUG o.h.e.t.i.jdbc.JdbcTransaction - re-enabling autocommit
15:56:18.551 [Test worker] DEBUG o.s.jdbc.datasource.DataSourceUtils - Resetting read-only flag of JDBC Connection [com.mysql.jdbc.JDBC4Connection@34799a85]
15:56:18.551 [Test worker] DEBUG o.s.orm.jpa.JpaTransactionManager - Closing JPA EntityManager [org.hibernate.jpa.internal.EntityManagerImpl@26afada0] after transaction
15:56:18.551 [Test worker] DEBUG o.s.o.jpa.EntityManagerFactoryUtils - Closing JPA EntityManager
15:56:18.551 [Test worker] DEBUG o.h.e.j.i.LogicalConnectionImpl - Releasing JDBC connection
15:56:18.552 [Test worker] DEBUG o.h.e.j.i.LogicalConnectionImpl - Released JDBC connection
15:56:18.552 [Test worker] DEBUG o.s.b.f.s.DefaultListableBeanFactory - Creating instance of bean 'sciConsole.RequestChangeStepDefs'
15:56:18.552 [Test worker] DEBUG o.s.b.f.annotation.InjectionMetadata - Processing injected element of bean 'sciConsole.RequestChangeStepDefs': AutowiredFieldElement for private org.springframework.web.context.WebApplicationContext sciConsole.RequestChangeStepDefs.wac
15:56:18.552 [Test worker] DEBUG o.s.b.f.annotation.InjectionMetadata - Processing injected element of bean 'sciConsole.RequestChangeStepDefs': AutowiredFieldElement for private sciConsole.persistence.repository.SciRepository sciConsole.RequestChangeStepDefs.sciRepo
15:56:18.553 [Test worker] DEBUG o.s.b.f.s.DefaultListableBeanFactory - Returning cached instance of singleton bean 'sciRepository'
15:56:18.553 [Test worker] DEBUG o.s.b.f.annotation.InjectionMetadata - Processing injected element of bean 'sciConsole.RequestChangeStepDefs': AutowiredFieldElement for private sciConsole.persistence.repository.VersionRepository sciConsole.RequestChangeStepDefs.verRepo
15:56:18.553 [Test worker] DEBUG o.s.b.f.s.DefaultListableBeanFactory - Returning cached instance of singleton bean 'versionRepository'
15:56:18.553 [Test worker] DEBUG o.s.b.f.annotation.InjectionMetadata - Processing injected element of bean 'sciConsole.RequestChangeStepDefs': AutowiredFieldElement for private sciConsole.persistence.repository.RequestRepository sciConsole.RequestChangeStepDefs.reqRepo
15:56:18.553 [Test worker] DEBUG o.s.b.f.s.DefaultListableBeanFactory - Returning cached instance of singleton bean 'requestRepository'
15:56:18.553 [Test worker] DEBUG o.s.b.f.s.DefaultListableBeanFactory - Finished creating instance of bean 'sciConsole.RequestChangeStepDefs'
15:56:18.553 [Test worker] DEBUG o.s.t.w.s.TestDispatcherServlet - Initializing servlet ''
15:56:18.553 [Test worker] DEBUG o.s.w.c.s.StandardServletEnvironment - Adding [servletConfigInitParams] PropertySource with lowest search precedence
15:56:18.553 [Test worker] DEBUG o.s.w.c.s.StandardServletEnvironment - Adding [servletContextInitParams] PropertySource with lowest search precedence
15:56:18.554 [Test worker] DEBUG o.s.w.c.s.StandardServletEnvironment - Adding [systemProperties] PropertySource with lowest search precedence
15:56:18.554 [Test worker] DEBUG o.s.w.c.s.StandardServletEnvironment - Adding [systemEnvironment] PropertySource with lowest search precedence
15:56:18.554 [Test worker] DEBUG o.s.w.c.s.StandardServletEnvironment - Initialized StandardServletEnvironment with PropertySources [servletConfigInitParams,servletContextInitParams,systemProperties,systemEnvironment]
15:56:18.554 [Test worker] INFO  o.s.mock.web.MockServletContext - Initializing Spring FrameworkServlet ''
15:56:18.554 [Test worker] INFO  o.s.t.w.s.TestDispatcherServlet - FrameworkServlet '': initialization started
15:56:18.554 [Test worker] DEBUG o.s.b.f.s.DefaultListableBeanFactory - Returning cached instance of singleton bean 'multipartResolver'
15:56:18.554 [Test worker] DEBUG o.s.t.w.s.TestDispatcherServlet - Using MultipartResolver [org.springframework.web.multipart.support.StandardServletMultipartResolver@60a6c2dc]
15:56:18.554 [Test worker] DEBUG o.s.b.f.s.DefaultListableBeanFactory - Creating instance of bean 'org.springframework.web.servlet.i18n.AcceptHeaderLocaleResolver'
15:56:18.554 [Test worker] DEBUG o.s.b.f.s.DefaultListableBeanFactory - Finished creating instance of bean 'org.springframework.web.servlet.i18n.AcceptHeaderLocaleResolver'
15:56:18.554 [Test worker] DEBUG o.s.t.w.s.TestDispatcherServlet - Unable to locate LocaleResolver with name 'localeResolver': using default [org.springframework.web.servlet.i18n.AcceptHeaderLocaleResolver@3f77486f]
15:56:18.554 [Test worker] DEBUG o.s.b.f.s.DefaultListableBeanFactory - Creating instance of bean 'org.springframework.web.servlet.theme.FixedThemeResolver'
15:56:18.554 [Test worker] DEBUG o.s.b.f.s.DefaultListableBeanFactory - Finished creating instance of bean 'org.springframework.web.servlet.theme.FixedThemeResolver'
15:56:18.554 [Test worker] DEBUG o.s.t.w.s.TestDispatcherServlet - Unable to locate ThemeResolver with name 'themeResolver': using default [org.springframework.web.servlet.theme.FixedThemeResolver@78de47c3]
15:56:18.555 [Test worker] DEBUG o.s.b.f.s.DefaultListableBeanFactory - Returning cached instance of singleton bean 'requestMappingHandlerMapping'
15:56:18.555 [Test worker] DEBUG o.s.b.f.s.DefaultListableBeanFactory - Returning cached instance of singleton bean 'viewControllerHandlerMapping'
15:56:18.555 [Test worker] DEBUG o.s.b.f.s.DefaultListableBeanFactory - Returning cached instance of singleton bean 'beanNameHandlerMapping'
15:56:18.555 [Test worker] DEBUG o.s.b.f.s.DefaultListableBeanFactory - Returning cached instance of singleton bean 'resourceHandlerMapping'
15:56:18.555 [Test worker] DEBUG o.s.b.f.s.DefaultListableBeanFactory - Returning cached instance of singleton bean 'defaultServletHandlerMapping'
15:56:18.555 [Test worker] DEBUG o.s.b.f.s.DefaultListableBeanFactory - Returning cached instance of singleton bean 'faviconHandlerMapping'
15:56:18.556 [Test worker] DEBUG o.s.b.f.s.DefaultListableBeanFactory - Returning cached instance of singleton bean 'requestMappingHandlerAdapter'
15:56:18.556 [Test worker] DEBUG o.s.b.f.s.DefaultListableBeanFactory - Returning cached instance of singleton bean 'httpRequestHandlerAdapter'
15:56:18.556 [Test worker] DEBUG o.s.b.f.s.DefaultListableBeanFactory - Returning cached instance of singleton bean 'simpleControllerHandlerAdapter'
15:56:18.556 [Test worker] DEBUG o.s.b.f.s.DefaultListableBeanFactory - Returning cached instance of singleton bean 'errorAttributes'
15:56:18.556 [Test worker] DEBUG o.s.b.f.s.DefaultListableBeanFactory - Returning cached instance of singleton bean 'handlerExceptionResolver'
15:56:18.557 [Test worker] DEBUG o.s.b.f.s.DefaultListableBeanFactory - Creating instance of bean 'org.springframework.web.servlet.view.DefaultRequestToViewNameTranslator'
15:56:18.557 [Test worker] DEBUG o.s.b.f.s.DefaultListableBeanFactory - Finished creating instance of bean 'org.springframework.web.servlet.view.DefaultRequestToViewNameTranslator'
15:56:18.557 [Test worker] DEBUG o.s.t.w.s.TestDispatcherServlet - Unable to locate RequestToViewNameTranslator with name 'viewNameTranslator': using default [org.springframework.web.servlet.view.DefaultRequestToViewNameTranslator@28817861]
15:56:18.557 [Test worker] DEBUG o.s.b.f.s.DefaultListableBeanFactory - Returning cached instance of singleton bean 'viewResolver'
15:56:18.557 [Test worker] DEBUG o.s.b.f.s.DefaultListableBeanFactory - Returning cached instance of singleton bean 'beanNameViewResolver'
15:56:18.557 [Test worker] DEBUG o.s.b.f.s.DefaultListableBeanFactory - Returning cached instance of singleton bean 'mvcViewResolver'
15:56:18.558 [Test worker] DEBUG o.s.b.f.s.DefaultListableBeanFactory - Creating instance of bean 'org.springframework.web.servlet.support.SessionFlashMapManager'
15:56:18.558 [Test worker] DEBUG o.s.b.f.s.DefaultListableBeanFactory - Finished creating instance of bean 'org.springframework.web.servlet.support.SessionFlashMapManager'
15:56:18.558 [Test worker] DEBUG o.s.t.w.s.TestDispatcherServlet - Unable to locate FlashMapManager with name 'flashMapManager': using default [org.springframework.web.servlet.support.SessionFlashMapManager@3cb4f90]
15:56:18.558 [Test worker] DEBUG o.s.t.w.s.TestDispatcherServlet - Published WebApplicationContext of servlet '' as ServletContext attribute with name [org.springframework.web.servlet.FrameworkServlet.CONTEXT.]
15:56:18.558 [Test worker] INFO  o.s.t.w.s.TestDispatcherServlet - FrameworkServlet '': initialization completed in 4 ms
15:56:18.558 [Test worker] DEBUG o.s.t.w.s.TestDispatcherServlet - Servlet '' configured successfully
15:56:18.558 [Test worker] DEBUG o.s.b.f.s.DefaultListableBeanFactory - Creating instance of bean 'sciConsole.AuthorizationStepDefs'
15:56:18.558 [Test worker] DEBUG o.s.b.f.annotation.InjectionMetadata - Processing injected element of bean 'sciConsole.AuthorizationStepDefs': AutowiredFieldElement for private org.springframework.web.context.WebApplicationContext sciConsole.AuthorizationStepDefs.wac
15:56:18.558 [Test worker] DEBUG o.s.b.f.annotation.InjectionMetadata - Processing injected element of bean 'sciConsole.AuthorizationStepDefs': AutowiredFieldElement for private javax.servlet.Filter sciConsole.AuthorizationStepDefs.springSecurityFilterChain
15:56:18.559 [Test worker] DEBUG o.s.b.f.s.DefaultListableBeanFactory - Returning cached instance of singleton bean 'springSecurityFilterChain'
15:56:18.559 [Test worker] DEBUG o.s.b.f.annotation.InjectionMetadata - Processing injected element of bean 'sciConsole.AuthorizationStepDefs': AutowiredFieldElement for private sciConsole.persistence.repository.UserRepository sciConsole.AuthorizationStepDefs.userRepo
15:56:18.559 [Test worker] DEBUG o.s.b.f.s.DefaultListableBeanFactory - Returning cached instance of singleton bean 'userRepository'
15:56:18.559 [Test worker] DEBUG o.s.b.f.annotation.InjectionMetadata - Processing injected element of bean 'sciConsole.AuthorizationStepDefs': AutowiredFieldElement for private sciConsole.persistence.repository.RoleRepository sciConsole.AuthorizationStepDefs.roleRepo
15:56:18.559 [Test worker] DEBUG o.s.b.f.s.DefaultListableBeanFactory - Returning cached instance of singleton bean 'roleRepository'
15:56:18.559 [Test worker] DEBUG o.s.b.f.s.DefaultListableBeanFactory - Finished creating instance of bean 'sciConsole.AuthorizationStepDefs'
15:56:18.559 [Test worker] DEBUG o.s.b.f.s.DefaultListableBeanFactory - Returning cached instance of singleton bean 'springSecurityFilterChain'
15:56:18.559 [Test worker] DEBUG o.s.t.w.s.TestDispatcherServlet - Initializing servlet ''
15:56:18.559 [Test worker] DEBUG o.s.w.c.s.StandardServletEnvironment - Adding [servletConfigInitParams] PropertySource with lowest search precedence
15:56:18.559 [Test worker] DEBUG o.s.w.c.s.StandardServletEnvironment - Adding [servletContextInitParams] PropertySource with lowest search precedence
15:56:18.560 [Test worker] DEBUG o.s.w.c.s.StandardServletEnvironment - Adding [systemProperties] PropertySource with lowest search precedence
15:56:18.560 [Test worker] DEBUG o.s.w.c.s.StandardServletEnvironment - Adding [systemEnvironment] PropertySource with lowest search precedence
15:56:18.560 [Test worker] DEBUG o.s.w.c.s.StandardServletEnvironment - Initialized StandardServletEnvironment with PropertySources [servletConfigInitParams,servletContextInitParams,systemProperties,systemEnvironment]
15:56:18.560 [Test worker] INFO  o.s.mock.web.MockServletContext - Initializing Spring FrameworkServlet ''
15:56:18.560 [Test worker] INFO  o.s.t.w.s.TestDispatcherServlet - FrameworkServlet '': initialization started
15:56:18.560 [Test worker] DEBUG o.s.b.f.s.DefaultListableBeanFactory - Returning cached instance of singleton bean 'multipartResolver'
15:56:18.560 [Test worker] DEBUG o.s.t.w.s.TestDispatcherServlet - Using MultipartResolver [org.springframework.web.multipart.support.StandardServletMultipartResolver@60a6c2dc]
15:56:18.560 [Test worker] DEBUG o.s.b.f.s.DefaultListableBeanFactory - Creating instance of bean 'org.springframework.web.servlet.i18n.AcceptHeaderLocaleResolver'
15:56:18.560 [Test worker] DEBUG o.s.b.f.s.DefaultListableBeanFactory - Finished creating instance of bean 'org.springframework.web.servlet.i18n.AcceptHeaderLocaleResolver'
15:56:18.560 [Test worker] DEBUG o.s.t.w.s.TestDispatcherServlet - Unable to locate LocaleResolver with name 'localeResolver': using default [org.springframework.web.servlet.i18n.AcceptHeaderLocaleResolver@6fa4bb6]
15:56:18.560 [Test worker] DEBUG o.s.b.f.s.DefaultListableBeanFactory - Creating instance of bean 'org.springframework.web.servlet.theme.FixedThemeResolver'
15:56:18.560 [Test worker] DEBUG o.s.b.f.s.DefaultListableBeanFactory - Finished creating instance of bean 'org.springframework.web.servlet.theme.FixedThemeResolver'
15:56:18.560 [Test worker] DEBUG o.s.t.w.s.TestDispatcherServlet - Unable to locate ThemeResolver with name 'themeResolver': using default [org.springframework.web.servlet.theme.FixedThemeResolver@c10f4f5]
15:56:18.561 [Test worker] DEBUG o.s.b.f.s.DefaultListableBeanFactory - Returning cached instance of singleton bean 'requestMappingHandlerMapping'
15:56:18.561 [Test worker] DEBUG o.s.b.f.s.DefaultListableBeanFactory - Returning cached instance of singleton bean 'viewControllerHandlerMapping'
15:56:18.561 [Test worker] DEBUG o.s.b.f.s.DefaultListableBeanFactory - Returning cached instance of singleton bean 'beanNameHandlerMapping'
15:56:18.561 [Test worker] DEBUG o.s.b.f.s.DefaultListableBeanFactory - Returning cached instance of singleton bean 'resourceHandlerMapping'
15:56:18.561 [Test worker] DEBUG o.s.b.f.s.DefaultListableBeanFactory - Returning cached instance of singleton bean 'defaultServletHandlerMapping'
15:56:18.561 [Test worker] DEBUG o.s.b.f.s.DefaultListableBeanFactory - Returning cached instance of singleton bean 'faviconHandlerMapping'
15:56:18.562 [Test worker] DEBUG o.s.b.f.s.DefaultListableBeanFactory - Returning cached instance of singleton bean 'requestMappingHandlerAdapter'
15:56:18.562 [Test worker] DEBUG o.s.b.f.s.DefaultListableBeanFactory - Returning cached instance of singleton bean 'httpRequestHandlerAdapter'
15:56:18.562 [Test worker] DEBUG o.s.b.f.s.DefaultListableBeanFactory - Returning cached instance of singleton bean 'simpleControllerHandlerAdapter'
15:56:18.562 [Test worker] DEBUG o.s.b.f.s.DefaultListableBeanFactory - Returning cached instance of singleton bean 'errorAttributes'
15:56:18.562 [Test worker] DEBUG o.s.b.f.s.DefaultListableBeanFactory - Returning cached instance of singleton bean 'handlerExceptionResolver'
15:56:18.562 [Test worker] DEBUG o.s.b.f.s.DefaultListableBeanFactory - Creating instance of bean 'org.springframework.web.servlet.view.DefaultRequestToViewNameTranslator'
15:56:18.562 [Test worker] DEBUG o.s.b.f.s.DefaultListableBeanFactory - Finished creating instance of bean 'org.springframework.web.servlet.view.DefaultRequestToViewNameTranslator'
15:56:18.562 [Test worker] DEBUG o.s.t.w.s.TestDispatcherServlet - Unable to locate RequestToViewNameTranslator with name 'viewNameTranslator': using default [org.springframework.web.servlet.view.DefaultRequestToViewNameTranslator@2f71c766]
15:56:18.563 [Test worker] DEBUG o.s.b.f.s.DefaultListableBeanFactory - Returning cached instance of singleton bean 'viewResolver'
15:56:18.563 [Test worker] DEBUG o.s.b.f.s.DefaultListableBeanFactory - Returning cached instance of singleton bean 'beanNameViewResolver'
15:56:18.563 [Test worker] DEBUG o.s.b.f.s.DefaultListableBeanFactory - Returning cached instance of singleton bean 'mvcViewResolver'
15:56:18.563 [Test worker] DEBUG o.s.b.f.s.DefaultListableBeanFactory - Creating instance of bean 'org.springframework.web.servlet.support.SessionFlashMapManager'
15:56:18.563 [Test worker] DEBUG o.s.b.f.s.DefaultListableBeanFactory - Finished creating instance of bean 'org.springframework.web.servlet.support.SessionFlashMapManager'
15:56:18.563 [Test worker] DEBUG o.s.t.w.s.TestDispatcherServlet - Unable to locate FlashMapManager with name 'flashMapManager': using default [org.springframework.web.servlet.support.SessionFlashMapManager@769fbad7]
15:56:18.563 [Test worker] DEBUG o.s.t.w.s.TestDispatcherServlet - Published WebApplicationContext of servlet '' as ServletContext attribute with name [org.springframework.web.servlet.FrameworkServlet.CONTEXT.]
15:56:18.563 [Test worker] INFO  o.s.t.w.s.TestDispatcherServlet - FrameworkServlet '': initialization completed in 3 ms
15:56:18.563 [Test worker] DEBUG o.s.t.w.s.TestDispatcherServlet - Servlet '' configured successfully
15:56:18.563 [Test worker] DEBUG o.s.orm.jpa.JpaTransactionManager - Creating new transaction with name [org.springframework.data.jpa.repository.support.SimpleJpaRepository.findAll]: PROPAGATION_REQUIRED,ISOLATION_DEFAULT,readOnly; ''
15:56:18.564 [Test worker] DEBUG o.s.orm.jpa.JpaTransactionManager - Opened new EntityManager [org.hibernate.jpa.internal.EntityManagerImpl@22ece849] for JPA transaction
15:56:18.564 [Test worker] DEBUG o.h.e.j.i.LogicalConnectionImpl - Obtaining JDBC connection
15:56:18.564 [Test worker] DEBUG o.s.j.d.DriverManagerDataSource - Creating new JDBC DriverManager Connection to [jdbc:mysql://127.0.0.1:3306/wrp3]
15:56:18.567 [Test worker] DEBUG o.h.e.j.i.LogicalConnectionImpl - Obtained JDBC connection
15:56:18.568 [Test worker] DEBUG o.s.jdbc.datasource.DataSourceUtils - Setting JDBC Connection [com.mysql.jdbc.JDBC4Connection@4692fb52] read-only
15:56:18.568 [Test worker] DEBUG o.h.e.t.spi.AbstractTransactionImpl - begin
15:56:18.568 [Test worker] DEBUG o.h.e.t.i.jdbc.JdbcTransaction - initial autocommit status: true
15:56:18.568 [Test worker] DEBUG o.h.e.t.i.jdbc.JdbcTransaction - disabling autocommit
15:56:18.568 [Test worker] DEBUG o.s.orm.jpa.JpaTransactionManager - Exposing JPA transaction as JDBC transaction [org.springframework.orm.jpa.vendor.HibernateJpaDialect$HibernateConnectionHandle@6f5671c2]
15:56:18.568 [Test worker] DEBUG o.h.jpa.criteria.CriteriaQueryImpl - Rendered criteria query -> select generatedAlias0 from User as generatedAlias0
15:56:18.568 [Test worker] DEBUG org.hibernate.SQL - select user0_.id as id1_8_, user0_.login as login2_8_, user0_.password as password3_8_, user0_1_.role_id as role_id1_7_ from users user0_ left outer join user_roles user0_1_ on user0_.id=user0_1_.user_id
15:56:18.569 [Test worker] DEBUG org.hibernate.loader.Loader - Result set row: 0
15:56:18.569 [Test worker] DEBUG org.hibernate.loader.Loader - Result row: EntityKey[sciConsole.domain.User#9]
15:56:18.569 [Test worker] DEBUG org.hibernate.loader.Loader - Result set row: 1
15:56:18.569 [Test worker] DEBUG org.hibernate.loader.Loader - Result row: EntityKey[sciConsole.domain.User#10]
15:56:18.570 [Test worker] DEBUG o.h.engine.internal.TwoPhaseLoad - Resolving associations for [sciConsole.domain.User#9]
15:56:18.570 [Test worker] DEBUG org.hibernate.SQL - select role0_.id as id1_4_0_, role0_.role as role2_4_0_ from roles role0_ where role0_.id=?
15:56:18.570 [Test worker] DEBUG o.h.l.p.e.p.i.ResultSetProcessorImpl - Starting ResultSet row #0
15:56:18.570 [Test worker] DEBUG o.h.l.p.e.p.i.EntityReferenceInitializerImpl - On call to EntityIdentifierReaderImpl#resolve, EntityKey was already known; should only happen on root returns with an optional identifier specified
15:56:18.570 [Test worker] DEBUG o.h.engine.internal.TwoPhaseLoad - Resolving associations for [sciConsole.domain.Role#2]
15:56:18.571 [Test worker] DEBUG o.h.engine.internal.TwoPhaseLoad - Done materializing entity [sciConsole.domain.Role#2]
15:56:18.571 [Test worker] DEBUG o.h.l.e.p.AbstractLoadPlanBasedEntityLoader - Done entity load : sciConsole.domain.Role#2
15:56:18.571 [Test worker] DEBUG o.h.engine.internal.TwoPhaseLoad - Done materializing entity [sciConsole.domain.User#9]
15:56:18.571 [Test worker] DEBUG o.h.engine.internal.TwoPhaseLoad - Resolving associations for [sciConsole.domain.User#10]
15:56:18.571 [Test worker] DEBUG org.hibernate.SQL - select role0_.id as id1_4_0_, role0_.role as role2_4_0_ from roles role0_ where role0_.id=?
15:56:18.571 [Test worker] DEBUG o.h.l.p.e.p.i.ResultSetProcessorImpl - Starting ResultSet row #0
15:56:18.571 [Test worker] DEBUG o.h.l.p.e.p.i.EntityReferenceInitializerImpl - On call to EntityIdentifierReaderImpl#resolve, EntityKey was already known; should only happen on root returns with an optional identifier specified
15:56:18.572 [Test worker] DEBUG o.h.engine.internal.TwoPhaseLoad - Resolving associations for [sciConsole.domain.Role#1]
15:56:18.572 [Test worker] DEBUG o.h.engine.internal.TwoPhaseLoad - Done materializing entity [sciConsole.domain.Role#1]
15:56:18.572 [Test worker] DEBUG o.h.l.e.p.AbstractLoadPlanBasedEntityLoader - Done entity load : sciConsole.domain.Role#1
15:56:18.572 [Test worker] DEBUG o.h.engine.internal.TwoPhaseLoad - Done materializing entity [sciConsole.domain.User#10]
15:56:18.572 [Test worker] DEBUG o.s.orm.jpa.JpaTransactionManager - Initiating transaction commit
15:56:18.572 [Test worker] DEBUG o.s.orm.jpa.JpaTransactionManager - Committing JPA transaction on EntityManager [org.hibernate.jpa.internal.EntityManagerImpl@22ece849]
15:56:18.572 [Test worker] DEBUG o.h.e.t.spi.AbstractTransactionImpl - committing
15:56:18.573 [Test worker] DEBUG o.h.e.t.i.jdbc.JdbcTransaction - committed JDBC Connection
15:56:18.573 [Test worker] DEBUG o.h.e.t.i.jdbc.JdbcTransaction - re-enabling autocommit
15:56:18.573 [Test worker] DEBUG o.s.jdbc.datasource.DataSourceUtils - Resetting read-only flag of JDBC Connection [com.mysql.jdbc.JDBC4Connection@4692fb52]
15:56:18.573 [Test worker] DEBUG o.s.orm.jpa.JpaTransactionManager - Closing JPA EntityManager [org.hibernate.jpa.internal.EntityManagerImpl@22ece849] after transaction
15:56:18.573 [Test worker] DEBUG o.s.o.jpa.EntityManagerFactoryUtils - Closing JPA EntityManager
15:56:18.573 [Test worker] DEBUG o.h.e.j.i.LogicalConnectionImpl - Releasing JDBC connection
15:56:18.573 [Test worker] DEBUG o.h.e.j.i.LogicalConnectionImpl - Released JDBC connection
15:56:18.574 [Test worker] DEBUG o.s.orm.jpa.JpaTransactionManager - Creating new transaction with name [org.springframework.data.jpa.repository.support.SimpleJpaRepository.findAll]: PROPAGATION_REQUIRED,ISOLATION_DEFAULT,readOnly; ''
15:56:18.574 [Test worker] DEBUG o.s.orm.jpa.JpaTransactionManager - Opened new EntityManager [org.hibernate.jpa.internal.EntityManagerImpl@25347df1] for JPA transaction
15:56:18.574 [Test worker] DEBUG o.h.e.j.i.LogicalConnectionImpl - Obtaining JDBC connection
15:56:18.574 [Test worker] DEBUG o.s.j.d.DriverManagerDataSource - Creating new JDBC DriverManager Connection to [jdbc:mysql://127.0.0.1:3306/wrp3]
15:56:18.577 [Test worker] DEBUG o.h.e.j.i.LogicalConnectionImpl - Obtained JDBC connection
15:56:18.577 [Test worker] DEBUG o.s.jdbc.datasource.DataSourceUtils - Setting JDBC Connection [com.mysql.jdbc.JDBC4Connection@4558b728] read-only
15:56:18.578 [Test worker] DEBUG o.h.e.t.spi.AbstractTransactionImpl - begin
15:56:18.578 [Test worker] DEBUG o.h.e.t.i.jdbc.JdbcTransaction - initial autocommit status: true
15:56:18.578 [Test worker] DEBUG o.h.e.t.i.jdbc.JdbcTransaction - disabling autocommit
15:56:18.578 [Test worker] DEBUG o.s.orm.jpa.JpaTransactionManager - Exposing JPA transaction as JDBC transaction [org.springframework.orm.jpa.vendor.HibernateJpaDialect$HibernateConnectionHandle@2133d904]
15:56:18.578 [Test worker] DEBUG o.h.jpa.criteria.CriteriaQueryImpl - Rendered criteria query -> select generatedAlias0 from Role as generatedAlias0
15:56:18.578 [Test worker] DEBUG org.hibernate.SQL - select role0_.id as id1_4_, role0_.role as role2_4_ from roles role0_
15:56:18.579 [Test worker] DEBUG org.hibernate.loader.Loader - Result set row: 0
15:56:18.579 [Test worker] DEBUG org.hibernate.loader.Loader - Result row: EntityKey[sciConsole.domain.Role#1]
15:56:18.579 [Test worker] DEBUG org.hibernate.loader.Loader - Result set row: 1
15:56:18.579 [Test worker] DEBUG org.hibernate.loader.Loader - Result row: EntityKey[sciConsole.domain.Role#2]
15:56:18.579 [Test worker] DEBUG o.h.engine.internal.TwoPhaseLoad - Resolving associations for [sciConsole.domain.Role#1]
15:56:18.579 [Test worker] DEBUG o.h.engine.internal.TwoPhaseLoad - Done materializing entity [sciConsole.domain.Role#1]
15:56:18.579 [Test worker] DEBUG o.h.engine.internal.TwoPhaseLoad - Resolving associations for [sciConsole.domain.Role#2]
15:56:18.579 [Test worker] DEBUG o.h.engine.internal.TwoPhaseLoad - Done materializing entity [sciConsole.domain.Role#2]
15:56:18.580 [Test worker] DEBUG o.s.orm.jpa.JpaTransactionManager - Initiating transaction commit
15:56:18.580 [Test worker] DEBUG o.s.orm.jpa.JpaTransactionManager - Committing JPA transaction on EntityManager [org.hibernate.jpa.internal.EntityManagerImpl@25347df1]
15:56:18.580 [Test worker] DEBUG o.h.e.t.spi.AbstractTransactionImpl - committing
15:56:18.580 [Test worker] DEBUG o.h.e.t.i.jdbc.JdbcTransaction - committed JDBC Connection
15:56:18.580 [Test worker] DEBUG o.h.e.t.i.jdbc.JdbcTransaction - re-enabling autocommit
15:56:18.580 [Test worker] DEBUG o.s.jdbc.datasource.DataSourceUtils - Resetting read-only flag of JDBC Connection [com.mysql.jdbc.JDBC4Connection@4558b728]
15:56:18.580 [Test worker] DEBUG o.s.orm.jpa.JpaTransactionManager - Closing JPA EntityManager [org.hibernate.jpa.internal.EntityManagerImpl@25347df1] after transaction
15:56:18.580 [Test worker] DEBUG o.s.o.jpa.EntityManagerFactoryUtils - Closing JPA EntityManager
15:56:18.580 [Test worker] DEBUG o.h.e.j.i.LogicalConnectionImpl - Releasing JDBC connection
15:56:18.581 [Test worker] DEBUG o.h.e.j.i.LogicalConnectionImpl - Released JDBC connection

  @controller
  Scenario: reject a change request (controller)                                                ?[90m# AssessChangeRequest.feature:27?[0m
    ?[32mGiven ?[0m?[32mthe pending change request "?[0m?[32m?[1mNew Feature?[0m?[32m" in a list of pending requests?[0m                ?[90m# AssessChangeRequestStepDefs.the_pending_change_request_in_a_list_of_pending_requests(String)?[0m
    ?[32mWhen ?[0m?[32mI reject it with explanation "?[0m?[32m?[1mfeature already considered in the new release candidate?[0m?[32m"?[0m ?[90m# AssessChangeRequestStepDefs.i_reject_it_with_explanation(String)?[0m
    ?[32mThen ?[0m?[32mI should see the next pending request (if any)?[0m                                         ?[90m# AssessChangeRequestStepDefs.i_should_see_the_next_pending_request_if_any()?[0m
15:56:18.583 [Test worker] DEBUG o.s.t.w.s.TestDispatcherServlet - DispatcherServlet with name '' processing GET request for [/get-pending-requests]
15:56:18.583 [Test worker] DEBUG o.s.w.s.m.m.a.RequestMappingHandlerMapping - Looking up handler method for path /get-pending-requests
15:56:18.583 [Test worker] DEBUG o.s.w.s.m.m.a.RequestMappingHandlerMapping - Returning handler method [public org.springframework.web.servlet.ModelAndView sciConsole.controller.ChangeRequestController.pendingRequests(javax.servlet.http.HttpServletRequest,javax.servlet.http.HttpServletResponse)]
15:56:18.583 [Test worker] DEBUG o.s.b.f.s.DefaultListableBeanFactory - Returning cached instance of singleton bean 'changeRequestController'
15:56:18.583 [Test worker] DEBUG o.s.t.w.s.TestDispatcherServlet - Last-Modified value for [/get-pending-requests] is: -1
15:56:18.583 [Test worker] DEBUG o.s.o.j.s.OpenEntityManagerInViewInterceptor - Opening JPA EntityManager in OpenEntityManagerInViewInterceptor
15:56:18.584 [Test worker] DEBUG o.h.jpa.criteria.CriteriaQueryImpl - Rendered criteria query -> select generatedAlias0 from Request as generatedAlias0 where generatedAlias0.status=:param0
15:56:18.584 [Test worker] DEBUG org.hibernate.SQL - select request0_.request_id as request_1_3_, request0_.assign_to as assign_t2_3_, request0_.created_by as created_3_3_, request0_.date_created as date_cre4_3_, request0_.date_complete as date_com5_3_, request0_.due_date as due_date6_3_, request0_.priority as priority7_3_, request0_.reject_reason as reject_r8_3_, request0_.req_desc as req_desc9_3_, request0_.req_solution as req_sol10_3_, request0_.sci_id as sci_id11_3_, request0_.status as status12_3_, request0_.assigned_to as assigne13_3_, request0_.version_id as version14_3_ from request request0_ where request0_.status=?
15:56:18.584 [Test worker] DEBUG o.h.e.j.i.LogicalConnectionImpl - Obtaining JDBC connection
15:56:18.584 [Test worker] DEBUG o.s.j.d.DriverManagerDataSource - Creating new JDBC DriverManager Connection to [jdbc:mysql://127.0.0.1:3306/wrp3]
15:56:18.588 [Test worker] DEBUG o.h.e.j.i.LogicalConnectionImpl - Obtained JDBC connection
15:56:18.589 [Test worker] DEBUG o.s.t.w.s.TestDispatcherServlet - Rendering view [org.springframework.web.servlet.view.JstlView: name 'return-pending-requests'; URL [/WEB-INF/views/return-pending-requests.jsp]] in DispatcherServlet with name ''
15:56:18.589 [Test worker] DEBUG o.s.web.servlet.view.JstlView - Added model object 'pending' of type [java.util.ArrayList] to request in view with name 'return-pending-requests'
15:56:18.589 [Test worker] DEBUG o.s.web.servlet.view.JstlView - Added model object 'scilist' of type [java.util.ArrayList] to request in view with name 'return-pending-requests'
15:56:18.589 [Test worker] DEBUG o.s.web.servlet.view.JstlView - Added model object 'verlist' of type [java.util.ArrayList] to request in view with name 'return-pending-requests'
15:56:18.589 [Test worker] DEBUG o.s.b.f.s.DefaultListableBeanFactory - Returning cached instance of singleton bean 'requestDataValueProcessor'
15:56:18.589 [Test worker] DEBUG o.s.web.servlet.view.JstlView - Forwarding to resource [/WEB-INF/views/return-pending-requests.jsp] in InternalResourceView 'return-pending-requests'
15:56:18.589 [Test worker] DEBUG o.s.mock.web.MockRequestDispatcher - MockRequestDispatcher: forwarding to [/WEB-INF/views/return-pending-requests.jsp]
15:56:18.589 [Test worker] DEBUG o.s.o.j.s.OpenEntityManagerInViewInterceptor - Closing JPA EntityManager in OpenEntityManagerInViewInterceptor
15:56:18.589 [Test worker] DEBUG o.s.o.jpa.EntityManagerFactoryUtils - Closing JPA EntityManager
15:56:18.589 [Test worker] DEBUG o.h.e.j.i.LogicalConnectionImpl - Releasing JDBC connection
15:56:18.589 [Test worker] DEBUG o.h.e.j.i.LogicalConnectionImpl - Released JDBC connection
15:56:18.589 [Test worker] DEBUG o.s.t.w.s.TestDispatcherServlet - Successfully completed request
]]></system-out>
  <system-err><![CDATA[]]></system-err>
</testsuite>
