<?xml version="1.0" encoding="UTF-8"?>
<testsuite name="cw2.Cw2ApplicationTests" tests="1" skipped="0" failures="0" errors="0" timestamp="2016-11-16T01:34:13" hostname="will-HP-EliteBook-8560w" time="0.016">
  <properties/>
  <testcase name="contextLoads" classname="cw2.Cw2ApplicationTests" time="0.016"/>
  <system-out><![CDATA[01:34:04.631 [Test worker] DEBUG org.springframework.test.context.junit4.SpringJUnit4ClassRunner - SpringJUnit4ClassRunner constructor called with [class cw2.Cw2ApplicationTests]
01:34:04.634 [Test worker] DEBUG org.springframework.test.context.BootstrapUtils - Instantiating CacheAwareContextLoaderDelegate from class [org.springframework.test.context.cache.DefaultCacheAwareContextLoaderDelegate]
01:34:04.641 [Test worker] DEBUG org.springframework.test.context.BootstrapUtils - Instantiating BootstrapContext using constructor [public org.springframework.test.context.support.DefaultBootstrapContext(java.lang.Class,org.springframework.test.context.CacheAwareContextLoaderDelegate)]
01:34:04.655 [Test worker] DEBUG org.springframework.test.context.BootstrapUtils - Instantiating TestContextBootstrapper for test class [cw2.Cw2ApplicationTests] from class [org.springframework.boot.test.context.SpringBootTestContextBootstrapper]
01:34:04.664 [Test worker] INFO org.springframework.boot.test.context.SpringBootTestContextBootstrapper - Neither @ContextConfiguration nor @ContextHierarchy found for test class [cw2.Cw2ApplicationTests], using SpringBootContextLoader
01:34:04.667 [Test worker] DEBUG org.springframework.test.context.support.AbstractContextLoader - Did not detect default resource location for test class [cw2.Cw2ApplicationTests]: class path resource [cw2/Cw2ApplicationTests-context.xml] does not exist
01:34:04.668 [Test worker] DEBUG org.springframework.test.context.support.AbstractContextLoader - Did not detect default resource location for test class [cw2.Cw2ApplicationTests]: class path resource [cw2/Cw2ApplicationTestsContext.groovy] does not exist
01:34:04.668 [Test worker] INFO org.springframework.test.context.support.AbstractContextLoader - Could not detect default resource locations for test class [cw2.Cw2ApplicationTests]: no resource found for suffixes {-context.xml, Context.groovy}.
01:34:04.668 [Test worker] INFO org.springframework.test.context.support.AnnotationConfigContextLoaderUtils - Could not detect default configuration classes for test class [cw2.Cw2ApplicationTests]: Cw2ApplicationTests does not declare any static, non-private, non-final, nested classes annotated with @Configuration.
01:34:04.700 [Test worker] DEBUG org.springframework.test.context.support.ActiveProfilesUtils - Could not find an 'annotation declaring class' for annotation type [org.springframework.test.context.ActiveProfiles] and class [cw2.Cw2ApplicationTests]
01:34:04.737 [Test worker] DEBUG org.springframework.core.env.StandardEnvironment - Adding [systemProperties] PropertySource with lowest search precedence
01:34:04.738 [Test worker] DEBUG org.springframework.core.env.StandardEnvironment - Adding [systemEnvironment] PropertySource with lowest search precedence
01:34:04.738 [Test worker] DEBUG org.springframework.core.env.StandardEnvironment - Initialized StandardEnvironment with PropertySources [systemProperties,systemEnvironment]
01:34:04.746 [Test worker] DEBUG org.springframework.core.io.support.PathMatchingResourcePatternResolver - Resolved classpath location [cw2/] to resources [URL [file:/home/will/Documents/workspace-sts-3.8.2.RELEASE/CO3098_CW2_wrp3/build/classes/test/cw2/], URL [file:/home/will/Documents/workspace-sts-3.8.2.RELEASE/CO3098_CW2_wrp3/build/classes/main/cw2/]]
01:34:04.747 [Test worker] DEBUG org.springframework.core.io.support.PathMatchingResourcePatternResolver - Looking for matching resources in directory tree [/home/will/Documents/workspace-sts-3.8.2.RELEASE/CO3098_CW2_wrp3/build/classes/test/cw2]
01:34:04.747 [Test worker] DEBUG org.springframework.core.io.support.PathMatchingResourcePatternResolver - Searching directory [/home/will/Documents/workspace-sts-3.8.2.RELEASE/CO3098_CW2_wrp3/build/classes/test/cw2] for files matching pattern [/home/will/Documents/workspace-sts-3.8.2.RELEASE/CO3098_CW2_wrp3/build/classes/test/cw2/*.class]
01:34:04.750 [Test worker] DEBUG org.springframework.core.io.support.PathMatchingResourcePatternResolver - Looking for matching resources in directory tree [/home/will/Documents/workspace-sts-3.8.2.RELEASE/CO3098_CW2_wrp3/build/classes/main/cw2]
01:34:04.750 [Test worker] DEBUG org.springframework.core.io.support.PathMatchingResourcePatternResolver - Searching directory [/home/will/Documents/workspace-sts-3.8.2.RELEASE/CO3098_CW2_wrp3/build/classes/main/cw2] for files matching pattern [/home/will/Documents/workspace-sts-3.8.2.RELEASE/CO3098_CW2_wrp3/build/classes/main/cw2/*.class]
01:34:04.751 [Test worker] DEBUG org.springframework.core.io.support.PathMatchingResourcePatternResolver - Resolved location pattern [classpath*:cw2/*.class] to resources [file [/home/will/Documents/workspace-sts-3.8.2.RELEASE/CO3098_CW2_wrp3/build/classes/test/cw2/Cw2ApplicationTests.class], file [/home/will/Documents/workspace-sts-3.8.2.RELEASE/CO3098_CW2_wrp3/build/classes/main/cw2/Cw2Application.class], file [/home/will/Documents/workspace-sts-3.8.2.RELEASE/CO3098_CW2_wrp3/build/classes/main/cw2/SecurityConfig.class], file [/home/will/Documents/workspace-sts-3.8.2.RELEASE/CO3098_CW2_wrp3/build/classes/main/cw2/WebConfig.class]]
01:34:04.792 [Test worker] DEBUG org.springframework.context.annotation.ClassPathScanningCandidateComponentProvider - Identified candidate component class: file [/home/will/Documents/workspace-sts-3.8.2.RELEASE/CO3098_CW2_wrp3/build/classes/main/cw2/Cw2Application.class]
01:34:04.801 [Test worker] INFO org.springframework.boot.test.context.SpringBootTestContextBootstrapper - Found @SpringBootConfiguration cw2.Cw2Application for test class cw2.Cw2ApplicationTests
01:34:04.805 [Test worker] DEBUG org.springframework.boot.test.context.SpringBootTestContextBootstrapper - @TestExecutionListeners is not present for class [cw2.Cw2ApplicationTests]: using defaults.
01:34:04.810 [Test worker] INFO org.springframework.boot.test.context.SpringBootTestContextBootstrapper - Loaded default TestExecutionListener class names from location [META-INF/spring.factories]: [org.springframework.security.test.context.support.WithSecurityContextTestExecutionListener, org.springframework.boot.test.mock.mockito.MockitoTestExecutionListener, org.springframework.boot.test.mock.mockito.ResetMocksTestExecutionListener, org.springframework.boot.test.autoconfigure.restdocs.RestDocsTestExecutionListener, org.springframework.boot.test.autoconfigure.web.client.MockRestServiceServerResetTestExecutionListener, org.springframework.boot.test.autoconfigure.web.servlet.MockMvcPrintOnlyOnFailureTestExecutionListener, org.springframework.boot.test.autoconfigure.web.servlet.WebDriverTestExecutionListener, org.springframework.test.context.web.ServletTestExecutionListener, org.springframework.test.context.support.DirtiesContextBeforeModesTestExecutionListener, org.springframework.test.context.support.DependencyInjectionTestExecutionListener, org.springframework.test.context.support.DirtiesContextTestExecutionListener, org.springframework.test.context.transaction.TransactionalTestExecutionListener, org.springframework.test.context.jdbc.SqlScriptsTestExecutionListener]
01:34:04.827 [Test worker] INFO org.springframework.boot.test.context.SpringBootTestContextBootstrapper - Using TestExecutionListeners: [org.springframework.test.context.web.ServletTestExecutionListener@40614cff, org.springframework.test.context.support.DirtiesContextBeforeModesTestExecutionListener@395d5e8f, org.springframework.boot.test.autoconfigure.SpringBootDependencyInjectionTestExecutionListener@7e28e1d2, org.springframework.test.context.support.DirtiesContextTestExecutionListener@7fe7eb4c, org.springframework.test.context.transaction.TransactionalTestExecutionListener@35ab56fb, org.springframework.test.context.jdbc.SqlScriptsTestExecutionListener@66d1dfe7, org.springframework.boot.test.mock.mockito.MockitoTestExecutionListener@5fce949e, org.springframework.boot.test.mock.mockito.ResetMocksTestExecutionListener@1f33b9a0, org.springframework.boot.test.autoconfigure.web.servlet.WebDriverTestExecutionListener@70403833, org.springframework.boot.test.autoconfigure.web.client.MockRestServiceServerResetTestExecutionListener@1806ef3b, org.springframework.boot.test.autoconfigure.restdocs.RestDocsTestExecutionListener@33c7f2c1, org.springframework.boot.test.autoconfigure.web.servlet.MockMvcPrintOnlyOnFailureTestExecutionListener@313bb3a0, org.springframework.security.test.context.support.WithSecurityContextTestExecutionListener@404b9414]
01:34:04.830 [Test worker] DEBUG org.springframework.test.annotation.ProfileValueUtils - Retrieved @ProfileValueSourceConfiguration [null] for test class [cw2.Cw2ApplicationTests]
01:34:04.830 [Test worker] DEBUG org.springframework.test.annotation.ProfileValueUtils - Retrieved ProfileValueSource type [class org.springframework.test.annotation.SystemProfileValueSource] for class [cw2.Cw2ApplicationTests]
01:34:04.831 [Test worker] DEBUG org.springframework.test.annotation.ProfileValueUtils - Retrieved @ProfileValueSourceConfiguration [null] for test class [cw2.Cw2ApplicationTests]
01:34:04.831 [Test worker] DEBUG org.springframework.test.annotation.ProfileValueUtils - Retrieved ProfileValueSource type [class org.springframework.test.annotation.SystemProfileValueSource] for class [cw2.Cw2ApplicationTests]
01:34:04.835 [Test worker] DEBUG org.springframework.test.context.support.AbstractDirtiesContextTestExecutionListener - Before test class: context [DefaultTestContext@7926c64c testClass = Cw2ApplicationTests, testInstance = [null], testMethod = [null], testException = [null], mergedContextConfiguration = [WebMergedContextConfiguration@7284bc74 testClass = Cw2ApplicationTests, locations = '{}', classes = '{class cw2.Cw2Application}', contextInitializerClasses = '[]', activeProfiles = '{}', propertySourceLocations = '{}', propertySourceProperties = '{org.springframework.boot.test.context.SpringBootTestContextBootstrapper=true}', contextCustomizers = set[org.springframework.boot.test.context.SpringBootTestContextCustomizer@8da23b8, org.springframework.boot.test.context.filter.ExcludeFilterContextCustomizer@36837f6e, org.springframework.boot.test.mock.mockito.MockitoContextCustomizer@0, org.springframework.boot.test.autoconfigure.properties.PropertyMappingContextCustomizer@0, org.springframework.boot.test.autoconfigure.web.servlet.WebDriverContextCustomizerFactory$Customizer@22bb9ede], resourceBasePath = 'src/main/webapp', contextLoader = 'org.springframework.boot.test.context.SpringBootContextLoader', parent = [null]]], class annotated with @DirtiesContext [false] with mode [null].
01:34:04.836 [Test worker] DEBUG org.springframework.test.annotation.ProfileValueUtils - Retrieved @ProfileValueSourceConfiguration [null] for test class [cw2.Cw2ApplicationTests]
01:34:04.836 [Test worker] DEBUG org.springframework.test.annotation.ProfileValueUtils - Retrieved ProfileValueSource type [class org.springframework.test.annotation.SystemProfileValueSource] for class [cw2.Cw2ApplicationTests]
01:34:04.864 [Test worker] DEBUG org.springframework.core.env.StandardEnvironment - Adding [systemProperties] PropertySource with lowest search precedence
01:34:04.864 [Test worker] DEBUG org.springframework.core.env.StandardEnvironment - Adding [systemEnvironment] PropertySource with lowest search precedence
01:34:04.864 [Test worker] DEBUG org.springframework.core.env.StandardEnvironment - Initialized StandardEnvironment with PropertySources [systemProperties,systemEnvironment]
01:34:04.866 [Test worker] DEBUG org.springframework.test.context.support.TestPropertySourceUtils - Adding inlined properties to environment: {spring.jmx.enabled=false, org.springframework.boot.test.context.SpringBootTestContextBootstrapper=true, server.port=-1}
01:34:04.866 [Test worker] DEBUG org.springframework.core.env.StandardEnvironment - Adding [Inlined Test Properties] PropertySource with highest search precedence

  .   ____          _            __ _ _
 /\\ / ___'_ __ _ _(_)_ __  __ _ \ \ \ \
( ( )\___ | '_ | '_| | '_ \/ _` | \ \ \ \
 \\/  ___)| |_)| | | | | || (_| |  ) ) ) )
  '  |____| .__|_| |_|_| |_\__, | / / / /
 =========|_|==============|___/=/_/_/_/
 :: Spring Boot ::        (v1.4.2.RELEASE)

2016-11-16 01:34:05.255  INFO 29761 --- [    Test worker] cw2.Cw2ApplicationTests                  : Starting Cw2ApplicationTests on will-HP-EliteBook-8560w with PID 29761 (started by will in /home/will/Documents/workspace-sts-3.8.2.RELEASE/CO3098_CW2_wrp3)
2016-11-16 01:34:05.256  INFO 29761 --- [    Test worker] cw2.Cw2ApplicationTests                  : No active profile set, falling back to default profiles: default
2016-11-16 01:34:05.295  INFO 29761 --- [    Test worker] o.s.w.c.s.GenericWebApplicationContext   : Refreshing org.springframework.web.context.support.GenericWebApplicationContext@4585c097: startup date [Wed Nov 16 01:34:05 GMT 2016]; root of context hierarchy
2016-11-16 01:34:06.777  INFO 29761 --- [    Test worker] trationDelegate$BeanPostProcessorChecker : Bean 'org.springframework.transaction.annotation.ProxyTransactionManagementConfiguration' of type [class org.springframework.transaction.annotation.ProxyTransactionManagementConfiguration$$EnhancerBySpringCGLIB$$5ff42bbf] is not eligible for getting processed by all BeanPostProcessors (for example: not eligible for auto-proxying)
2016-11-16 01:34:06.839  INFO 29761 --- [    Test worker] o.s.j.d.DriverManagerDataSource          : Loaded JDBC driver: com.mysql.jdbc.Driver
2016-11-16 01:34:07.115  INFO 29761 --- [    Test worker] j.LocalContainerEntityManagerFactoryBean : Building JPA container EntityManagerFactory for persistence unit 'default'
2016-11-16 01:34:07.141  INFO 29761 --- [    Test worker] o.hibernate.jpa.internal.util.LogHelper  : HHH000204: Processing PersistenceUnitInfo [
	name: default
	...]
2016-11-16 01:34:07.217  INFO 29761 --- [    Test worker] org.hibernate.Version                    : HHH000412: Hibernate Core {5.0.11.Final}
2016-11-16 01:34:07.218  INFO 29761 --- [    Test worker] org.hibernate.cfg.Environment            : HHH000206: hibernate.properties not found
2016-11-16 01:34:07.220  INFO 29761 --- [    Test worker] org.hibernate.cfg.Environment            : HHH000021: Bytecode provider name : javassist
2016-11-16 01:34:07.260  INFO 29761 --- [    Test worker] o.hibernate.annotations.common.Version   : HCANN000001: Hibernate Commons Annotations {5.0.1.Final}
2016-11-16 01:34:07.599  INFO 29761 --- [    Test worker] org.hibernate.dialect.Dialect            : HHH000400: Using dialect: org.hibernate.dialect.MySQL5Dialect
2016-11-16 01:34:08.072  INFO 29761 --- [    Test worker] org.hibernate.tool.hbm2ddl.SchemaExport  : HHH000227: Running hbm2ddl schema export
2016-11-16 01:34:10.900  INFO 29761 --- [    Test worker] org.hibernate.tool.hbm2ddl.SchemaExport  : HHH000230: Schema export complete
2016-11-16 01:34:10.970  INFO 29761 --- [    Test worker] j.LocalContainerEntityManagerFactoryBean : Initialized JPA EntityManagerFactory for persistence unit 'default'
** Security Config Loaded **
2016-11-16 01:34:11.675  INFO 29761 --- [    Test worker] o.s.s.w.a.c.ChannelProcessingFilter      : Validated configuration attributes
2016-11-16 01:34:11.679  INFO 29761 --- [    Test worker] o.s.s.web.DefaultSecurityFilterChain     : Creating filter chain: org.springframework.security.web.util.matcher.AnyRequestMatcher@1, [org.springframework.security.web.access.channel.ChannelProcessingFilter@71a4595c, org.springframework.security.web.context.request.async.WebAsyncManagerIntegrationFilter@17035adc, org.springframework.security.web.context.SecurityContextPersistenceFilter@241e00c2, org.springframework.security.web.header.HeaderWriterFilter@7ce141b, org.springframework.security.web.csrf.CsrfFilter@645f1662, org.springframework.security.web.authentication.logout.LogoutFilter@33323854, org.springframework.security.web.authentication.UsernamePasswordAuthenticationFilter@3d3e754, org.springframework.security.web.savedrequest.RequestCacheAwareFilter@2fe9ac1a, org.springframework.security.web.servletapi.SecurityContextHolderAwareRequestFilter@72c239bd, org.springframework.security.web.authentication.AnonymousAuthenticationFilter@2468df36, org.springframework.security.web.session.SessionManagementFilter@6874c966, org.springframework.security.web.access.ExceptionTranslationFilter@3022e1fc, org.springframework.security.web.access.intercept.FilterSecurityInterceptor@3a6d7e10]
** WebConfig Loaded **
2016-11-16 01:34:12.028  INFO 29761 --- [    Test worker] s.w.s.m.m.a.RequestMappingHandlerAdapter : Looking for @ControllerAdvice: org.springframework.web.context.support.GenericWebApplicationContext@4585c097: startup date [Wed Nov 16 01:34:05 GMT 2016]; root of context hierarchy
2016-11-16 01:34:12.108  INFO 29761 --- [    Test worker] s.w.s.m.m.a.RequestMappingHandlerMapping : Mapped "{[/],methods=[GET]}" onto public org.springframework.web.servlet.ModelAndView cw2.controller.SessionController.landingPage(javax.servlet.http.HttpServletRequest)
2016-11-16 01:34:12.109  INFO 29761 --- [    Test worker] s.w.s.m.m.a.RequestMappingHandlerMapping : Mapped "{[/registration],methods=[GET]}" onto public org.springframework.web.servlet.ModelAndView cw2.controller.SessionController.registerUser(javax.servlet.http.HttpServletRequest)
2016-11-16 01:34:12.109  INFO 29761 --- [    Test worker] s.w.s.m.m.a.RequestMappingHandlerMapping : Mapped "{[/process-registration],methods=[POST]}" onto public java.lang.String cw2.controller.SessionController.processRegistration(javax.servlet.http.HttpServletRequest,java.lang.String,java.lang.String,java.lang.String,java.lang.String,java.lang.String,java.lang.String,java.lang.String,java.lang.String,java.lang.String,java.lang.String)
2016-11-16 01:34:12.112  INFO 29761 --- [    Test worker] s.w.s.m.m.a.RequestMappingHandlerMapping : Mapped "{[/error],produces=[text/html]}" onto public org.springframework.web.servlet.ModelAndView org.springframework.boot.autoconfigure.web.BasicErrorController.errorHtml(javax.servlet.http.HttpServletRequest,javax.servlet.http.HttpServletResponse)
2016-11-16 01:34:12.112  INFO 29761 --- [    Test worker] s.w.s.m.m.a.RequestMappingHandlerMapping : Mapped "{[/error]}" onto public org.springframework.http.ResponseEntity<java.util.Map<java.lang.String, java.lang.Object>> org.springframework.boot.autoconfigure.web.BasicErrorController.error(javax.servlet.http.HttpServletRequest)
2016-11-16 01:34:12.150  INFO 29761 --- [    Test worker] o.s.w.s.handler.SimpleUrlHandlerMapping  : Mapped URL path [/resources/**] onto handler of type [class org.springframework.web.servlet.resource.ResourceHttpRequestHandler]
2016-11-16 01:34:12.151  INFO 29761 --- [    Test worker] o.s.w.s.handler.SimpleUrlHandlerMapping  : Mapped URL path [/webjars/**] onto handler of type [class org.springframework.web.servlet.resource.ResourceHttpRequestHandler]
2016-11-16 01:34:12.151  INFO 29761 --- [    Test worker] o.s.w.s.handler.SimpleUrlHandlerMapping  : Mapped URL path [/**] onto handler of type [class org.springframework.web.servlet.resource.ResourceHttpRequestHandler]
2016-11-16 01:34:12.199  INFO 29761 --- [    Test worker] o.s.w.s.handler.SimpleUrlHandlerMapping  : Mapped URL path [/**/favicon.ico] onto handler of type [class org.springframework.web.servlet.resource.ResourceHttpRequestHandler]
2016-11-16 01:34:13.009  INFO 29761 --- [    Test worker] cw2.Cw2ApplicationTests                  : Started Cw2ApplicationTests in 8.134 seconds (JVM running for 8.875)
]]></system-out>
  <system-err><![CDATA[]]></system-err>
</testsuite>
