<?xml version="1.0" encoding="UTF-8"?>
<testsuite name="webservice.WebserviceApplicationTests" tests="0" skipped="0" failures="0" errors="0" timestamp="1970-01-01T00:00:00" hostname="spc146" time="0.0">
  <properties/>
  <system-out><![CDATA[23:52:27.391 [Test worker] DEBUG org.springframework.test.context.junit4.SpringJUnit4ClassRunner - SpringJUnit4ClassRunner constructor called with [class webservice.WebserviceApplicationTests]
23:52:27.395 [Test worker] DEBUG org.springframework.test.context.BootstrapUtils - Instantiating CacheAwareContextLoaderDelegate from class [org.springframework.test.context.cache.DefaultCacheAwareContextLoaderDelegate]
23:52:27.401 [Test worker] DEBUG org.springframework.test.context.BootstrapUtils - Instantiating BootstrapContext using constructor [public org.springframework.test.context.support.DefaultBootstrapContext(java.lang.Class,org.springframework.test.context.CacheAwareContextLoaderDelegate)]
23:52:27.413 [Test worker] DEBUG org.springframework.test.context.BootstrapUtils - Instantiating TestContextBootstrapper for test class [webservice.WebserviceApplicationTests] from class [org.springframework.boot.test.context.SpringBootTestContextBootstrapper]
23:52:27.430 [Test worker] INFO org.springframework.boot.test.context.SpringBootTestContextBootstrapper - Neither @ContextConfiguration nor @ContextHierarchy found for test class [webservice.WebserviceApplicationTests], using SpringBootContextLoader
23:52:27.433 [Test worker] DEBUG org.springframework.test.context.support.AbstractContextLoader - Did not detect default resource location for test class [webservice.WebserviceApplicationTests]: class path resource [webservice/WebserviceApplicationTests-context.xml] does not exist
23:52:27.433 [Test worker] DEBUG org.springframework.test.context.support.AbstractContextLoader - Did not detect default resource location for test class [webservice.WebserviceApplicationTests]: class path resource [webservice/WebserviceApplicationTestsContext.groovy] does not exist
23:52:27.433 [Test worker] INFO org.springframework.test.context.support.AbstractContextLoader - Could not detect default resource locations for test class [webservice.WebserviceApplicationTests]: no resource found for suffixes {-context.xml, Context.groovy}.
23:52:27.434 [Test worker] INFO org.springframework.test.context.support.AnnotationConfigContextLoaderUtils - Could not detect default configuration classes for test class [webservice.WebserviceApplicationTests]: WebserviceApplicationTests does not declare any static, non-private, non-final, nested classes annotated with @Configuration.
23:52:27.461 [Test worker] DEBUG org.springframework.test.context.support.ActiveProfilesUtils - Could not find an 'annotation declaring class' for annotation type [org.springframework.test.context.ActiveProfiles] and class [webservice.WebserviceApplicationTests]
23:52:27.493 [Test worker] DEBUG org.springframework.core.env.StandardEnvironment - Adding [systemProperties] PropertySource with lowest search precedence
23:52:27.494 [Test worker] DEBUG org.springframework.core.env.StandardEnvironment - Adding [systemEnvironment] PropertySource with lowest search precedence
23:52:27.495 [Test worker] DEBUG org.springframework.core.env.StandardEnvironment - Initialized StandardEnvironment with PropertySources [systemProperties,systemEnvironment]
23:52:27.502 [Test worker] DEBUG org.springframework.core.io.support.PathMatchingResourcePatternResolver - Resolved classpath location [webservice/] to resources [URL [file:/var/autofs/home/s_home/wrp3/Documents/workspace/webservice/build/classes/test/webservice/], URL [file:/var/autofs/home/s_home/wrp3/Documents/workspace/webservice/build/classes/main/webservice/]]
23:52:27.503 [Test worker] DEBUG org.springframework.core.io.support.PathMatchingResourcePatternResolver - Looking for matching resources in directory tree [/var/autofs/home/s_home/wrp3/Documents/workspace/webservice/build/classes/test/webservice]
23:52:27.503 [Test worker] DEBUG org.springframework.core.io.support.PathMatchingResourcePatternResolver - Searching directory [/var/autofs/home/s_home/wrp3/Documents/workspace/webservice/build/classes/test/webservice] for files matching pattern [/var/autofs/home/s_home/wrp3/Documents/workspace/webservice/build/classes/test/webservice/*.class]
23:52:27.506 [Test worker] DEBUG org.springframework.core.io.support.PathMatchingResourcePatternResolver - Looking for matching resources in directory tree [/var/autofs/home/s_home/wrp3/Documents/workspace/webservice/build/classes/main/webservice]
23:52:27.506 [Test worker] DEBUG org.springframework.core.io.support.PathMatchingResourcePatternResolver - Searching directory [/var/autofs/home/s_home/wrp3/Documents/workspace/webservice/build/classes/main/webservice] for files matching pattern [/var/autofs/home/s_home/wrp3/Documents/workspace/webservice/build/classes/main/webservice/*.class]
23:52:27.508 [Test worker] DEBUG org.springframework.core.io.support.PathMatchingResourcePatternResolver - Resolved location pattern [classpath*:webservice/*.class] to resources [file [/var/autofs/home/s_home/wrp3/Documents/workspace/webservice/build/classes/test/webservice/WebserviceApplicationTests.class], file [/var/autofs/home/s_home/wrp3/Documents/workspace/webservice/build/classes/main/webservice/WebConfig.class], file [/var/autofs/home/s_home/wrp3/Documents/workspace/webservice/build/classes/main/webservice/WebserviceApplication.class]]
23:52:27.548 [Test worker] DEBUG org.springframework.context.annotation.ClassPathScanningCandidateComponentProvider - Identified candidate component class: file [/var/autofs/home/s_home/wrp3/Documents/workspace/webservice/build/classes/main/webservice/WebserviceApplication.class]
23:52:27.550 [Test worker] INFO org.springframework.boot.test.context.SpringBootTestContextBootstrapper - Found @SpringBootConfiguration webservice.WebserviceApplication for test class webservice.WebserviceApplicationTests
23:52:27.553 [Test worker] DEBUG org.springframework.boot.test.context.SpringBootTestContextBootstrapper - @TestExecutionListeners is not present for class [webservice.WebserviceApplicationTests]: using defaults.
23:52:27.557 [Test worker] INFO org.springframework.boot.test.context.SpringBootTestContextBootstrapper - Loaded default TestExecutionListener class names from location [META-INF/spring.factories]: [org.springframework.boot.test.mock.mockito.MockitoTestExecutionListener, org.springframework.boot.test.mock.mockito.ResetMocksTestExecutionListener, org.springframework.boot.test.autoconfigure.restdocs.RestDocsTestExecutionListener, org.springframework.boot.test.autoconfigure.web.client.MockRestServiceServerResetTestExecutionListener, org.springframework.boot.test.autoconfigure.web.servlet.MockMvcPrintOnlyOnFailureTestExecutionListener, org.springframework.boot.test.autoconfigure.web.servlet.WebDriverTestExecutionListener, org.springframework.test.context.web.ServletTestExecutionListener, org.springframework.test.context.support.DirtiesContextBeforeModesTestExecutionListener, org.springframework.test.context.support.DependencyInjectionTestExecutionListener, org.springframework.test.context.support.DirtiesContextTestExecutionListener, org.springframework.test.context.transaction.TransactionalTestExecutionListener, org.springframework.test.context.jdbc.SqlScriptsTestExecutionListener]
23:52:27.575 [Test worker] INFO org.springframework.boot.test.context.SpringBootTestContextBootstrapper - Using TestExecutionListeners: [org.springframework.test.context.web.ServletTestExecutionListener@2785c07a, org.springframework.test.context.support.DirtiesContextBeforeModesTestExecutionListener@5ba300e7, org.springframework.boot.test.autoconfigure.SpringBootDependencyInjectionTestExecutionListener@56763480, org.springframework.test.context.support.DirtiesContextTestExecutionListener@10af7b8e, org.springframework.test.context.transaction.TransactionalTestExecutionListener@1920eff1, org.springframework.test.context.jdbc.SqlScriptsTestExecutionListener@5a47700a, org.springframework.boot.test.mock.mockito.MockitoTestExecutionListener@3d728df6, org.springframework.boot.test.autoconfigure.web.client.MockRestServiceServerResetTestExecutionListener@566af2dd, org.springframework.boot.test.autoconfigure.restdocs.RestDocsTestExecutionListener@482bc086, org.springframework.boot.test.autoconfigure.web.servlet.MockMvcPrintOnlyOnFailureTestExecutionListener@290d2ea9, org.springframework.boot.test.autoconfigure.web.servlet.WebDriverTestExecutionListener@b91b43, org.springframework.boot.test.mock.mockito.ResetMocksTestExecutionListener@144fd93]
23:52:27.584 [Test worker] DEBUG org.springframework.test.annotation.ProfileValueUtils - Retrieved @ProfileValueSourceConfiguration [null] for test class [webservice.WebserviceApplicationTests]
23:52:27.584 [Test worker] DEBUG org.springframework.test.annotation.ProfileValueUtils - Retrieved ProfileValueSource type [class org.springframework.test.annotation.SystemProfileValueSource] for class [webservice.WebserviceApplicationTests]
]]></system-out>
  <system-err><![CDATA[]]></system-err>
</testsuite>
