<?xml version="1.0" encoding="UTF-8"?>
<testsuite name="cw2.Cw2ApplicationTests" tests="0" skipped="0" failures="0" errors="0" timestamp="1970-01-01T00:00:00" hostname="will-HP-EliteBook-8560w" time="0.0">
  <properties/>
  <system-out><![CDATA[21:07:19.642 [Test worker] DEBUG org.springframework.test.context.junit4.SpringJUnit4ClassRunner - SpringJUnit4ClassRunner constructor called with [class cw2.Cw2ApplicationTests]
21:07:19.646 [Test worker] DEBUG org.springframework.test.context.BootstrapUtils - Instantiating CacheAwareContextLoaderDelegate from class [org.springframework.test.context.cache.DefaultCacheAwareContextLoaderDelegate]
21:07:19.652 [Test worker] DEBUG org.springframework.test.context.BootstrapUtils - Instantiating BootstrapContext using constructor [public org.springframework.test.context.support.DefaultBootstrapContext(java.lang.Class,org.springframework.test.context.CacheAwareContextLoaderDelegate)]
21:07:19.668 [Test worker] DEBUG org.springframework.test.context.BootstrapUtils - Instantiating TestContextBootstrapper for test class [cw2.Cw2ApplicationTests] from class [org.springframework.boot.test.context.SpringBootTestContextBootstrapper]
21:07:19.677 [Test worker] INFO org.springframework.boot.test.context.SpringBootTestContextBootstrapper - Neither @ContextConfiguration nor @ContextHierarchy found for test class [cw2.Cw2ApplicationTests], using SpringBootContextLoader
21:07:19.680 [Test worker] DEBUG org.springframework.test.context.support.AbstractContextLoader - Did not detect default resource location for test class [cw2.Cw2ApplicationTests]: class path resource [cw2/Cw2ApplicationTests-context.xml] does not exist
21:07:19.681 [Test worker] DEBUG org.springframework.test.context.support.AbstractContextLoader - Did not detect default resource location for test class [cw2.Cw2ApplicationTests]: class path resource [cw2/Cw2ApplicationTestsContext.groovy] does not exist
21:07:19.681 [Test worker] INFO org.springframework.test.context.support.AbstractContextLoader - Could not detect default resource locations for test class [cw2.Cw2ApplicationTests]: no resource found for suffixes {-context.xml, Context.groovy}.
21:07:19.682 [Test worker] INFO org.springframework.test.context.support.AnnotationConfigContextLoaderUtils - Could not detect default configuration classes for test class [cw2.Cw2ApplicationTests]: Cw2ApplicationTests does not declare any static, non-private, non-final, nested classes annotated with @Configuration.
21:07:19.718 [Test worker] DEBUG org.springframework.test.context.support.ActiveProfilesUtils - Could not find an 'annotation declaring class' for annotation type [org.springframework.test.context.ActiveProfiles] and class [cw2.Cw2ApplicationTests]
21:07:19.757 [Test worker] DEBUG org.springframework.core.env.StandardEnvironment - Adding [systemProperties] PropertySource with lowest search precedence
21:07:19.758 [Test worker] DEBUG org.springframework.core.env.StandardEnvironment - Adding [systemEnvironment] PropertySource with lowest search precedence
21:07:19.759 [Test worker] DEBUG org.springframework.core.env.StandardEnvironment - Initialized StandardEnvironment with PropertySources [systemProperties,systemEnvironment]
21:07:19.767 [Test worker] DEBUG org.springframework.core.io.support.PathMatchingResourcePatternResolver - Resolved classpath location [cw2/] to resources [URL [file:/home/will/Documents/workspace-sts-3.8.2.RELEASE/CO3098_CW2_wrp3/build/classes/test/cw2/], URL [file:/home/will/Documents/workspace-sts-3.8.2.RELEASE/CO3098_CW2_wrp3/build/classes/main/cw2/]]
21:07:19.767 [Test worker] DEBUG org.springframework.core.io.support.PathMatchingResourcePatternResolver - Looking for matching resources in directory tree [/home/will/Documents/workspace-sts-3.8.2.RELEASE/CO3098_CW2_wrp3/build/classes/test/cw2]
21:07:19.767 [Test worker] DEBUG org.springframework.core.io.support.PathMatchingResourcePatternResolver - Searching directory [/home/will/Documents/workspace-sts-3.8.2.RELEASE/CO3098_CW2_wrp3/build/classes/test/cw2] for files matching pattern [/home/will/Documents/workspace-sts-3.8.2.RELEASE/CO3098_CW2_wrp3/build/classes/test/cw2/*.class]
21:07:19.770 [Test worker] DEBUG org.springframework.core.io.support.PathMatchingResourcePatternResolver - Looking for matching resources in directory tree [/home/will/Documents/workspace-sts-3.8.2.RELEASE/CO3098_CW2_wrp3/build/classes/main/cw2]
21:07:19.770 [Test worker] DEBUG org.springframework.core.io.support.PathMatchingResourcePatternResolver - Searching directory [/home/will/Documents/workspace-sts-3.8.2.RELEASE/CO3098_CW2_wrp3/build/classes/main/cw2] for files matching pattern [/home/will/Documents/workspace-sts-3.8.2.RELEASE/CO3098_CW2_wrp3/build/classes/main/cw2/*.class]
21:07:19.771 [Test worker] DEBUG org.springframework.core.io.support.PathMatchingResourcePatternResolver - Resolved location pattern [classpath*:cw2/*.class] to resources [file [/home/will/Documents/workspace-sts-3.8.2.RELEASE/CO3098_CW2_wrp3/build/classes/test/cw2/Cw2ApplicationTests.class], file [/home/will/Documents/workspace-sts-3.8.2.RELEASE/CO3098_CW2_wrp3/build/classes/main/cw2/Cw2Application.class], file [/home/will/Documents/workspace-sts-3.8.2.RELEASE/CO3098_CW2_wrp3/build/classes/main/cw2/SecurityConfig.class], file [/home/will/Documents/workspace-sts-3.8.2.RELEASE/CO3098_CW2_wrp3/build/classes/main/cw2/WebConfig.class]]
21:07:19.813 [Test worker] DEBUG org.springframework.context.annotation.ClassPathScanningCandidateComponentProvider - Identified candidate component class: file [/home/will/Documents/workspace-sts-3.8.2.RELEASE/CO3098_CW2_wrp3/build/classes/main/cw2/Cw2Application.class]
21:07:19.821 [Test worker] INFO org.springframework.boot.test.context.SpringBootTestContextBootstrapper - Found @SpringBootConfiguration cw2.Cw2Application for test class cw2.Cw2ApplicationTests
21:07:19.825 [Test worker] DEBUG org.springframework.boot.test.context.SpringBootTestContextBootstrapper - @TestExecutionListeners is not present for class [cw2.Cw2ApplicationTests]: using defaults.
21:07:19.829 [Test worker] INFO org.springframework.boot.test.context.SpringBootTestContextBootstrapper - Loaded default TestExecutionListener class names from location [META-INF/spring.factories]: [org.springframework.security.test.context.support.WithSecurityContextTestExecutionListener, org.springframework.boot.test.mock.mockito.MockitoTestExecutionListener, org.springframework.boot.test.mock.mockito.ResetMocksTestExecutionListener, org.springframework.boot.test.autoconfigure.restdocs.RestDocsTestExecutionListener, org.springframework.boot.test.autoconfigure.web.client.MockRestServiceServerResetTestExecutionListener, org.springframework.boot.test.autoconfigure.web.servlet.MockMvcPrintOnlyOnFailureTestExecutionListener, org.springframework.boot.test.autoconfigure.web.servlet.WebDriverTestExecutionListener, org.springframework.test.context.web.ServletTestExecutionListener, org.springframework.test.context.support.DirtiesContextBeforeModesTestExecutionListener, org.springframework.test.context.support.DependencyInjectionTestExecutionListener, org.springframework.test.context.support.DirtiesContextTestExecutionListener, org.springframework.test.context.transaction.TransactionalTestExecutionListener, org.springframework.test.context.jdbc.SqlScriptsTestExecutionListener]
21:07:19.846 [Test worker] INFO org.springframework.boot.test.context.SpringBootTestContextBootstrapper - Using TestExecutionListeners: [org.springframework.test.context.web.ServletTestExecutionListener@506c2ef4, org.springframework.test.context.support.DirtiesContextBeforeModesTestExecutionListener@3ce1597a, org.springframework.boot.test.autoconfigure.SpringBootDependencyInjectionTestExecutionListener@7440f8c4, org.springframework.test.context.support.DirtiesContextTestExecutionListener@dd749c9, org.springframework.test.context.transaction.TransactionalTestExecutionListener@3c7dcd09, org.springframework.test.context.jdbc.SqlScriptsTestExecutionListener@a616975, org.springframework.boot.test.autoconfigure.web.servlet.MockMvcPrintOnlyOnFailureTestExecutionListener@79143625, org.springframework.boot.test.mock.mockito.ResetMocksTestExecutionListener@4ebab1cf, org.springframework.security.test.context.support.WithSecurityContextTestExecutionListener@1c7d3894, org.springframework.boot.test.autoconfigure.restdocs.RestDocsTestExecutionListener@1d56d0af, org.springframework.boot.test.autoconfigure.web.client.MockRestServiceServerResetTestExecutionListener@45ab683e, org.springframework.boot.test.mock.mockito.MockitoTestExecutionListener@5e849d8d, org.springframework.boot.test.autoconfigure.web.servlet.WebDriverTestExecutionListener@2bc8b751]
21:07:19.856 [Test worker] DEBUG org.springframework.test.annotation.ProfileValueUtils - Retrieved @ProfileValueSourceConfiguration [null] for test class [cw2.Cw2ApplicationTests]
21:07:19.856 [Test worker] DEBUG org.springframework.test.annotation.ProfileValueUtils - Retrieved ProfileValueSource type [class org.springframework.test.annotation.SystemProfileValueSource] for class [cw2.Cw2ApplicationTests]
]]></system-out>
  <system-err><![CDATA[]]></system-err>
</testsuite>
