<?xml version="1.0" encoding="UTF-8"?>
<testsuite name="| &quot;/admin-home&quot; | &quot;Alice&quot; | &quot;password&quot; | &quot;SEARCHER&quot; | false |" tests="4" skipped="0" failures="0" errors="0" timestamp="2016-02-28T14:55:39" hostname="ELITEBOOK" time="0.11">
  <properties/>
  <testcase name="Given I am a &quot;SEARCHER&quot; role with username &quot;Alice&quot; and password &quot;password&quot;" classname="| &quot;/admin-home&quot; | &quot;Alice&quot; | &quot;password&quot; | &quot;SEARCHER&quot; | false |" time="0.0"/>
  <testcase name="When I access a &quot;/admin-home&quot;" classname="| &quot;/admin-home&quot; | &quot;Alice&quot; | &quot;password&quot; | &quot;SEARCHER&quot; | false |" time="0.0"/>
  <testcase name="Then My authentication is then false with role &quot;SEARCHER&quot;" classname="| &quot;/admin-home&quot; | &quot;Alice&quot; | &quot;password&quot; | &quot;SEARCHER&quot; | false |" time="0.0"/>
  <testcase name="classMethod" classname="| &quot;/admin-home&quot; | &quot;Alice&quot; | &quot;password&quot; | &quot;SEARCHER&quot; | false |" time="0.13"/>
  <system-out><![CDATA[2016-02-28 14:55:39.669  INFO 7684 --- [    Test worker] o.s.t.c.web.WebTestContextBootstrapper   : Loaded default TestExecutionListener class names from location [META-INF/spring.factories]: [org.springframework.security.test.context.support.WithSecurityContextTestExecutionListener, org.springframework.test.context.web.ServletTestExecutionListener, org.springframework.test.context.support.DirtiesContextBeforeModesTestExecutionListener, org.springframework.test.context.support.DependencyInjectionTestExecutionListener, org.springframework.test.context.support.DirtiesContextTestExecutionListener, org.springframework.test.context.transaction.TransactionalTestExecutionListener, org.springframework.test.context.jdbc.SqlScriptsTestExecutionListener]
2016-02-28 14:55:39.670  INFO 7684 --- [    Test worker] o.s.t.c.web.WebTestContextBootstrapper   : Using TestExecutionListeners: [org.springframework.test.context.web.ServletTestExecutionListener@6d707239, org.springframework.test.context.support.DirtiesContextBeforeModesTestExecutionListener@3aba5238, org.springframework.test.context.support.DependencyInjectionTestExecutionListener@5e8d18cc, org.springframework.test.context.support.DirtiesContextTestExecutionListener@62129b8a, org.springframework.test.context.transaction.TransactionalTestExecutionListener@c1ddc4b, org.springframework.test.context.jdbc.SqlScriptsTestExecutionListener@64de6462, org.springframework.security.test.context.support.WithSecurityContextTestExecutionListener@52a34b4d]
2016-02-28 14:55:39.670  INFO 7684 --- [    Test worker] o.s.b.f.s.DefaultListableBeanFactory     : Replacing scope 'cucumber-glue' from [cucumber.runtime.java.spring.GlueCodeScope@2740e38a] to [cucumber.runtime.java.spring.GlueCodeScope@46063b14]
2016-02-28 14:55:39.671  INFO 7684 --- [    Test worker] o.s.mock.web.MockServletContext          : Initializing Spring FrameworkServlet ''
2016-02-28 14:55:39.671  INFO 7684 --- [    Test worker] o.s.t.web.servlet.TestDispatcherServlet  : FrameworkServlet '': initialization started
2016-02-28 14:55:39.673  INFO 7684 --- [    Test worker] o.s.t.web.servlet.TestDispatcherServlet  : FrameworkServlet '': initialization completed in 2 ms
]]></system-out>
  <system-err><![CDATA[]]></system-err>
</testsuite>
