<?xml version="1.0" encoding="UTF-8"?>
<testsuite name="| &quot;/buddy-up&quot; | &quot;Bob&quot; | &quot;admin&quot; | &quot;ADMIN&quot; | false |" tests="4" skipped="0" failures="0" errors="0" timestamp="2016-02-28T14:55:41" hostname="ELITEBOOK" time="0.116">
  <properties/>
  <testcase name="Given I am a &quot;ADMIN&quot; role with username &quot;Bob&quot; and password &quot;admin&quot;" classname="| &quot;/buddy-up&quot; | &quot;Bob&quot; | &quot;admin&quot; | &quot;ADMIN&quot; | false |" time="0.0"/>
  <testcase name="When I access a &quot;/buddy-up&quot;" classname="| &quot;/buddy-up&quot; | &quot;Bob&quot; | &quot;admin&quot; | &quot;ADMIN&quot; | false |" time="0.0"/>
  <testcase name="Then My authentication is then false with role &quot;ADMIN&quot;" classname="| &quot;/buddy-up&quot; | &quot;Bob&quot; | &quot;admin&quot; | &quot;ADMIN&quot; | false |" time="0.0"/>
  <testcase name="classMethod" classname="| &quot;/buddy-up&quot; | &quot;Bob&quot; | &quot;admin&quot; | &quot;ADMIN&quot; | false |" time="0.132"/>
  <system-out><![CDATA[2016-02-28 14:55:41.125  INFO 7684 --- [    Test worker] o.s.t.c.web.WebTestContextBootstrapper   : Loaded default TestExecutionListener class names from location [META-INF/spring.factories]: [org.springframework.security.test.context.support.WithSecurityContextTestExecutionListener, org.springframework.test.context.web.ServletTestExecutionListener, org.springframework.test.context.support.DirtiesContextBeforeModesTestExecutionListener, org.springframework.test.context.support.DependencyInjectionTestExecutionListener, org.springframework.test.context.support.DirtiesContextTestExecutionListener, org.springframework.test.context.transaction.TransactionalTestExecutionListener, org.springframework.test.context.jdbc.SqlScriptsTestExecutionListener]
2016-02-28 14:55:41.125  INFO 7684 --- [    Test worker] o.s.t.c.web.WebTestContextBootstrapper   : Using TestExecutionListeners: [org.springframework.test.context.web.ServletTestExecutionListener@27c8b826, org.springframework.test.context.support.DirtiesContextBeforeModesTestExecutionListener@1c37b696, org.springframework.test.context.support.DependencyInjectionTestExecutionListener@1515ed0d, org.springframework.test.context.support.DirtiesContextTestExecutionListener@24413ba5, org.springframework.test.context.transaction.TransactionalTestExecutionListener@462abe83, org.springframework.test.context.jdbc.SqlScriptsTestExecutionListener@670833d6, org.springframework.security.test.context.support.WithSecurityContextTestExecutionListener@5dcfd7bf]
2016-02-28 14:55:41.125  INFO 7684 --- [    Test worker] o.s.b.f.s.DefaultListableBeanFactory     : Replacing scope 'cucumber-glue' from [cucumber.runtime.java.spring.GlueCodeScope@2a6e1f47] to [cucumber.runtime.java.spring.GlueCodeScope@63b3259a]
2016-02-28 14:55:41.125  INFO 7684 --- [    Test worker] o.s.mock.web.MockServletContext          : Initializing Spring FrameworkServlet ''
2016-02-28 14:55:41.125  INFO 7684 --- [    Test worker] o.s.t.web.servlet.TestDispatcherServlet  : FrameworkServlet '': initialization started
2016-02-28 14:55:41.141  INFO 7684 --- [    Test worker] o.s.t.web.servlet.TestDispatcherServlet  : FrameworkServlet '': initialization completed in 16 ms

  @security
  Scenario Outline: authorization                                              ?[90m# Authorization.feature:41?[0m
    ?[32mGiven ?[0m?[32mI am a "?[0m?[32m?[1mSEARCHER?[0m?[32m" role with username "?[0m?[32m?[1mAlice?[0m?[32m" and password "?[0m?[32m?[1mpassword?[0m?[32m"?[0m ?[90m# AuthorizationStepDefs.i_am_a_role_with_username_and_password(String,String,String)?[0m
    ?[32mWhen ?[0m?[32mI access a "?[0m?[32m?[1m/buddy-up?[0m?[32m"?[0m                                                ?[90m# AuthorizationStepDefs.i_access_a(String)?[0m
    ?[32mThen ?[0m?[32mMy authentication is then true with role "?[0m?[32m?[1mSEARCHER?[0m?[32m"?[0m                   ?[90m# AuthorizationStepDefs.my_authentication_is_then_true_with_role(String)?[0m
]]></system-out>
  <system-err><![CDATA[]]></system-err>
</testsuite>
