<?xml version="1.0" encoding="UTF-8"?>
<testsuite name="| &quot;/user-account&quot; | &quot;John&quot; | &quot;password&quot; | &quot;LANDLORD&quot; | true |" tests="4" skipped="0" failures="0" errors="0" timestamp="2016-02-28T14:55:40" hostname="ELITEBOOK" time="0.089">
  <properties/>
  <testcase name="Given I am a &quot;LANDLORD&quot; role with username &quot;John&quot; and password &quot;password&quot;" classname="| &quot;/user-account&quot; | &quot;John&quot; | &quot;password&quot; | &quot;LANDLORD&quot; | true |" time="0.0"/>
  <testcase name="When I access a &quot;/user-account&quot;" classname="| &quot;/user-account&quot; | &quot;John&quot; | &quot;password&quot; | &quot;LANDLORD&quot; | true |" time="0.0"/>
  <testcase name="Then My authentication is then true with role &quot;LANDLORD&quot;" classname="| &quot;/user-account&quot; | &quot;John&quot; | &quot;password&quot; | &quot;LANDLORD&quot; | true |" time="0.0"/>
  <testcase name="classMethod" classname="| &quot;/user-account&quot; | &quot;John&quot; | &quot;password&quot; | &quot;LANDLORD&quot; | true |" time="0.12"/>
  <system-out><![CDATA[2016-02-28 14:55:40.405  INFO 7684 --- [    Test worker] o.s.t.c.web.WebTestContextBootstrapper   : Loaded default TestExecutionListener class names from location [META-INF/spring.factories]: [org.springframework.security.test.context.support.WithSecurityContextTestExecutionListener, org.springframework.test.context.web.ServletTestExecutionListener, org.springframework.test.context.support.DirtiesContextBeforeModesTestExecutionListener, org.springframework.test.context.support.DependencyInjectionTestExecutionListener, org.springframework.test.context.support.DirtiesContextTestExecutionListener, org.springframework.test.context.transaction.TransactionalTestExecutionListener, org.springframework.test.context.jdbc.SqlScriptsTestExecutionListener]
2016-02-28 14:55:40.405  INFO 7684 --- [    Test worker] o.s.t.c.web.WebTestContextBootstrapper   : Using TestExecutionListeners: [org.springframework.test.context.web.ServletTestExecutionListener@70afb585, org.springframework.test.context.support.DirtiesContextBeforeModesTestExecutionListener@4cae34e7, org.springframework.test.context.support.DependencyInjectionTestExecutionListener@727ef73d, org.springframework.test.context.support.DirtiesContextTestExecutionListener@168e13b8, org.springframework.test.context.transaction.TransactionalTestExecutionListener@1b809f71, org.springframework.test.context.jdbc.SqlScriptsTestExecutionListener@263489ea, org.springframework.security.test.context.support.WithSecurityContextTestExecutionListener@2376550e]
2016-02-28 14:55:40.405  INFO 7684 --- [    Test worker] o.s.b.f.s.DefaultListableBeanFactory     : Replacing scope 'cucumber-glue' from [cucumber.runtime.java.spring.GlueCodeScope@4f66e4b8] to [cucumber.runtime.java.spring.GlueCodeScope@5a67e5dd]
2016-02-28 14:55:40.421  INFO 7684 --- [    Test worker] o.s.mock.web.MockServletContext          : Initializing Spring FrameworkServlet ''
2016-02-28 14:55:40.421  INFO 7684 --- [    Test worker] o.s.t.web.servlet.TestDispatcherServlet  : FrameworkServlet '': initialization started
2016-02-28 14:55:40.421  INFO 7684 --- [    Test worker] o.s.t.web.servlet.TestDispatcherServlet  : FrameworkServlet '': initialization completed in 0 ms

  @security
  Scenario Outline: authorization                                      ?[90m# Authorization.feature:36?[0m
    ?[32mGiven ?[0m?[32mI am a "?[0m?[32m?[1mADMIN?[0m?[32m" role with username "?[0m?[32m?[1mBob?[0m?[32m" and password "?[0m?[32m?[1madmin?[0m?[32m"?[0m ?[90m# AuthorizationStepDefs.i_am_a_role_with_username_and_password(String,String,String)?[0m
    ?[32mWhen ?[0m?[32mI access a "?[0m?[32m?[1m/user-account?[0m?[32m"?[0m                                    ?[90m# AuthorizationStepDefs.i_access_a(String)?[0m
    ?[32mThen ?[0m?[32mMy authentication is then true with role "?[0m?[32m?[1mADMIN?[0m?[32m"?[0m              ?[90m# AuthorizationStepDefs.my_authentication_is_then_true_with_role(String)?[0m
]]></system-out>
  <system-err><![CDATA[]]></system-err>
</testsuite>
