<?xml version="1.0" encoding="UTF-8"?>
<testsuite name="| &quot;/login-form&quot; | &quot;Alice&quot; | &quot;password&quot; | &quot;SEARCHER&quot; | true |" tests="4" skipped="0" failures="0" errors="0" timestamp="2016-02-28T14:55:38" hostname="ELITEBOOK" time="0.369">
  <properties/>
  <testcase name="Given I am a &quot;SEARCHER&quot; with username &quot;Alice&quot; and password &quot;password&quot;" classname="| &quot;/login-form&quot; | &quot;Alice&quot; | &quot;password&quot; | &quot;SEARCHER&quot; | true |" time="0.0"/>
  <testcase name="When I access &quot;/login-form&quot;" classname="| &quot;/login-form&quot; | &quot;Alice&quot; | &quot;password&quot; | &quot;SEARCHER&quot; | true |" time="0.0"/>
  <testcase name="Then My authentication is true with role &quot;SEARCHER&quot;" classname="| &quot;/login-form&quot; | &quot;Alice&quot; | &quot;password&quot; | &quot;SEARCHER&quot; | true |" time="0.0"/>
  <testcase name="classMethod" classname="| &quot;/login-form&quot; | &quot;Alice&quot; | &quot;password&quot; | &quot;SEARCHER&quot; | true |" time="2.691"/>
  <system-out><![CDATA[2016-02-28 14:55:35.749  INFO 7684 --- [    Test worker] o.s.t.c.web.WebTestContextBootstrapper   : Loaded default TestExecutionListener class names from location [META-INF/spring.factories]: [org.springframework.security.test.context.support.WithSecurityContextTestExecutionListener, org.springframework.test.context.web.ServletTestExecutionListener, org.springframework.test.context.support.DirtiesContextBeforeModesTestExecutionListener, org.springframework.test.context.support.DependencyInjectionTestExecutionListener, org.springframework.test.context.support.DirtiesContextTestExecutionListener, org.springframework.test.context.transaction.TransactionalTestExecutionListener, org.springframework.test.context.jdbc.SqlScriptsTestExecutionListener]
2016-02-28 14:55:35.750  INFO 7684 --- [    Test worker] o.s.t.c.web.WebTestContextBootstrapper   : Using TestExecutionListeners: [org.springframework.test.context.web.ServletTestExecutionListener@d24fba7, org.springframework.test.context.support.DirtiesContextBeforeModesTestExecutionListener@3fcf2922, org.springframework.test.context.support.DependencyInjectionTestExecutionListener@7bd3c5b4, org.springframework.test.context.support.DirtiesContextTestExecutionListener@26b181d1, org.springframework.test.context.transaction.TransactionalTestExecutionListener@c62bf63, org.springframework.test.context.jdbc.SqlScriptsTestExecutionListener@4aa201f4, org.springframework.security.test.context.support.WithSecurityContextTestExecutionListener@2fb99371]
2016-02-28 14:55:35.753  INFO 7684 --- [    Test worker] o.s.w.c.s.GenericWebApplicationContext   : Refreshing org.springframework.web.context.support.GenericWebApplicationContext@5ac305e: startup date [Sun Feb 28 14:55:35 GMT 2016]; root of context hierarchy
2016-02-28 14:55:36.490  INFO 7684 --- [    Test worker] trationDelegate$BeanPostProcessorChecker : Bean 'org.springframework.transaction.annotation.ProxyTransactionManagementConfiguration' of type [class org.springframework.transaction.annotation.ProxyTransactionManagementConfiguration$$EnhancerBySpringCGLIB$$8eaf21a] is not eligible for getting processed by all BeanPostProcessors (for example: not eligible for auto-proxying)
2016-02-28 14:55:36.512  INFO 7684 --- [    Test worker] o.s.j.d.DriverManagerDataSource          : Loaded JDBC driver: com.mysql.jdbc.Driver
2016-02-28 14:55:36.593  INFO 7684 --- [    Test worker] j.LocalContainerEntityManagerFactoryBean : Building JPA container EntityManagerFactory for persistence unit 'default'
2016-02-28 14:55:36.593  INFO 7684 --- [    Test worker] o.hibernate.jpa.internal.util.LogHelper  : HHH000204: Processing PersistenceUnitInfo [
	name: default
	...]
2016-02-28 14:55:36.616  INFO 7684 --- [    Test worker] org.hibernate.dialect.Dialect            : HHH000400: Using dialect: org.hibernate.dialect.MySQL5Dialect
2016-02-28 14:55:36.635  INFO 7684 --- [    Test worker] o.h.h.i.ast.ASTQueryTranslatorFactory    : HHH000397: Using ASTQueryTranslatorFactory
2016-02-28 14:55:36.698  WARN 7684 --- [    Test worker] o.h.j.i.EntityManagerFactoryRegistry     : HHH000436: Entity manager factory name (default) is already registered.  If entity manager will be clustered or passivated, specify a unique value for property 'hibernate.ejb.entitymanager_factory_name'
2016-02-28 14:55:37.075  INFO 7684 --- [    Test worker] o.s.s.w.a.c.ChannelProcessingFilter      : Validated configuration attributes
2016-02-28 14:55:37.078  INFO 7684 --- [    Test worker] o.s.s.web.DefaultSecurityFilterChain     : Creating filter chain: org.springframework.security.web.util.matcher.AnyRequestMatcher@1, [org.springframework.security.web.access.channel.ChannelProcessingFilter@6d24d7fa, org.springframework.security.web.context.request.async.WebAsyncManagerIntegrationFilter@50bcb6df, org.springframework.security.web.context.SecurityContextPersistenceFilter@62ca19f0, org.springframework.security.web.header.HeaderWriterFilter@36fbf30e, org.springframework.security.web.csrf.CsrfFilter@78f5309c, org.springframework.security.web.authentication.logout.LogoutFilter@5469825c, org.springframework.security.web.authentication.UsernamePasswordAuthenticationFilter@6b774257, org.springframework.security.web.savedrequest.RequestCacheAwareFilter@5b19d507, org.springframework.security.web.servletapi.SecurityContextHolderAwareRequestFilter@32932ee9, org.springframework.security.web.authentication.AnonymousAuthenticationFilter@5e12fa00, org.springframework.security.web.session.SessionManagementFilter@336abed1, org.springframework.security.web.access.ExceptionTranslationFilter@4d3e9a94, org.springframework.security.web.access.intercept.FilterSecurityInterceptor@7e4c9a6b]
2016-02-28 14:55:37.140  INFO 7684 --- [    Test worker] o.s.w.s.handler.SimpleUrlHandlerMapping  : Mapped URL path [/resources/**] onto handler of type [class org.springframework.web.servlet.resource.ResourceHttpRequestHandler]
2016-02-28 14:55:37.150  INFO 7684 --- [    Test worker] s.w.s.m.m.a.RequestMappingHandlerMapping : Mapped "{[/user-error],methods=[GET]}" onto public java.lang.String flatfinder.controller.SessionController.error()
2016-02-28 14:55:37.150  INFO 7684 --- [    Test worker] s.w.s.m.m.a.RequestMappingHandlerMapping : Mapped "{[/user-logout],methods=[GET]}" onto public org.springframework.web.servlet.ModelAndView flatfinder.controller.SessionController.logout()
2016-02-28 14:55:37.150  INFO 7684 --- [    Test worker] s.w.s.m.m.a.RequestMappingHandlerMapping : Mapped "{[/success-login],methods=[GET]}" onto public org.springframework.web.servlet.ModelAndView flatfinder.controller.SessionController.successLogin(javax.servlet.http.HttpServletRequest)
2016-02-28 14:55:37.150  INFO 7684 --- [    Test worker] s.w.s.m.m.a.RequestMappingHandlerMapping : Mapped "{[/user-login],methods=[GET]}" onto public org.springframework.web.servlet.ModelAndView flatfinder.controller.SessionController.loginForm()
2016-02-28 14:55:37.151  INFO 7684 --- [    Test worker] s.w.s.m.m.a.RequestMappingHandlerMapping : Mapped "{[/user-registration],methods=[GET]}" onto public org.springframework.web.servlet.ModelAndView flatfinder.controller.SessionController.userReg()
2016-02-28 14:55:37.151  INFO 7684 --- [    Test worker] s.w.s.m.m.a.RequestMappingHandlerMapping : Mapped "{[/error-login],methods=[GET]}" onto public org.springframework.web.servlet.ModelAndView flatfinder.controller.SessionController.invalidLogin()
2016-02-28 14:55:37.152  INFO 7684 --- [    Test worker] s.w.s.m.m.a.RequestMappingHandlerMapping : Mapped "{[/delete-user],methods=[GET]}" onto public org.springframework.web.servlet.ModelAndView flatfinder.controller.AccountController.deleteUser(javax.servlet.http.HttpServletRequest,java.lang.String)
2016-02-28 14:55:37.152  INFO 7684 --- [    Test worker] s.w.s.m.m.a.RequestMappingHandlerMapping : Mapped "{[/view-profile],methods=[GET]}" onto public org.springframework.web.servlet.ModelAndView flatfinder.controller.AccountController.returnSciVersion(javax.servlet.http.HttpServletResponse)
2016-02-28 14:55:37.153  INFO 7684 --- [    Test worker] s.w.s.m.m.a.RequestMappingHandlerMapping : Mapped "{[/amend-user],methods=[GET]}" onto public org.springframework.web.servlet.ModelAndView flatfinder.controller.AccountController.amendUser(javax.servlet.http.HttpServletRequest,java.lang.String,java.lang.String,java.lang.String,java.lang.Integer,java.lang.String,java.lang.String,java.lang.String,java.lang.String,java.lang.String,java.lang.String,java.lang.Integer,java.lang.String)
2016-02-28 14:55:37.153  INFO 7684 --- [    Test worker] s.w.s.m.m.a.RequestMappingHandlerMapping : Mapped "{[/get-users],methods=[GET]}" onto public org.springframework.web.servlet.ModelAndView flatfinder.controller.AccountController.getUser(javax.servlet.http.HttpServletRequest,java.lang.String)
2016-02-28 14:55:37.153  INFO 7684 --- [    Test worker] s.w.s.m.m.a.RequestMappingHandlerMapping : Mapped "{[/addUser],methods=[GET]}" onto public java.lang.String flatfinder.controller.AccountController.addUser(javax.servlet.http.HttpServletRequest,java.lang.String,java.lang.String,java.lang.String,java.lang.String,java.lang.Integer,java.lang.Integer,java.lang.String,java.lang.String,java.lang.String,java.lang.String,java.lang.String,java.lang.String,java.lang.Integer,java.lang.String)
2016-02-28 14:55:37.154  INFO 7684 --- [    Test worker] s.w.s.m.m.a.RequestMappingHandlerMapping : Mapped "{[/upload],methods=[GET]}" onto public java.lang.String flatfinder.controller.FileUploadController.provideUploadInfo(org.springframework.ui.Model)
2016-02-28 14:55:37.154  INFO 7684 --- [    Test worker] s.w.s.m.m.a.RequestMappingHandlerMapping : Mapped "{[/upload],methods=[POST]}" onto public java.lang.String flatfinder.controller.FileUploadController.handleFileUpload(java.lang.String,org.springframework.web.multipart.MultipartFile,java.lang.String,org.springframework.web.servlet.mvc.support.RedirectAttributes)
2016-02-28 14:55:37.155  INFO 7684 --- [    Test worker] s.w.s.m.m.a.RequestMappingHandlerMapping : Mapped "{[/property],methods=[GET]}" onto public org.springframework.web.servlet.ModelAndView flatfinder.controller.PropertyController.specificProperty(javax.servlet.http.HttpServletRequest,java.lang.Integer)
2016-02-28 14:55:37.155  INFO 7684 --- [    Test worker] s.w.s.m.m.a.RequestMappingHandlerMapping : Mapped "{[/test],methods=[POST]}" onto public org.springframework.web.servlet.ModelAndView flatfinder.controller.SearchController.successLogin(org.springframework.ui.Model,java.lang.String,java.lang.String,java.lang.String,java.lang.String,java.lang.String)
2016-02-28 14:55:37.156  INFO 7684 --- [    Test worker] s.w.s.m.m.a.RequestMappingHandlerMapping : Mapped "{[/test2],methods=[POST]}" onto public org.springframework.web.servlet.ModelAndView flatfinder.controller.SearchController.successLogin2(org.springframework.ui.Model)
2016-02-28 14:55:37.158  INFO 7684 --- [    Test worker] s.w.s.m.m.a.RequestMappingHandlerMapping : Mapped "{[/error]}" onto public org.springframework.http.ResponseEntity<java.util.Map<java.lang.String, java.lang.Object>> org.springframework.boot.autoconfigure.web.BasicErrorController.error(javax.servlet.http.HttpServletRequest)
2016-02-28 14:55:37.158  INFO 7684 --- [    Test worker] s.w.s.m.m.a.RequestMappingHandlerMapping : Mapped "{[/error],produces=[text/html]}" onto public org.springframework.web.servlet.ModelAndView org.springframework.boot.autoconfigure.web.BasicErrorController.errorHtml(javax.servlet.http.HttpServletRequest,javax.servlet.http.HttpServletResponse)
2016-02-28 14:55:37.199  INFO 7684 --- [    Test worker] s.w.s.m.m.a.RequestMappingHandlerAdapter : Looking for @ControllerAdvice: org.springframework.web.context.support.GenericWebApplicationContext@5ac305e: startup date [Sun Feb 28 14:55:35 GMT 2016]; root of context hierarchy
2016-02-28 14:55:37.604  INFO 7684 --- [    Test worker] o.s.j.e.a.AnnotationMBeanExporter        : Registering beans for JMX exposure on startup
2016-02-28 14:55:37.653  INFO 7684 --- [    Test worker] o.s.mock.web.MockServletContext          : Initializing Spring FrameworkServlet ''
2016-02-28 14:55:37.653  INFO 7684 --- [    Test worker] o.s.t.web.servlet.TestDispatcherServlet  : FrameworkServlet '': initialization started
2016-02-28 14:55:37.667  INFO 7684 --- [    Test worker] o.s.t.web.servlet.TestDispatcherServlet  : FrameworkServlet '': initialization completed in 14 ms
]]></system-out>
  <system-err><![CDATA[]]></system-err>
</testsuite>
