<?xml version="1.0" encoding="UTF-8"?>
<testsuite name="| &quot;/login-form&quot; | &quot;John&quot; | &quot;invalid&quot; | &quot;LANDLORD&quot; | false |" tests="4" skipped="0" failures="0" errors="0" timestamp="2016-02-28T14:55:39" hostname="ELITEBOOK" time="0.102">
  <properties/>
  <testcase name="Given I am a &quot;LANDLORD&quot; with username &quot;John&quot; and password &quot;invalid&quot;" classname="| &quot;/login-form&quot; | &quot;John&quot; | &quot;invalid&quot; | &quot;LANDLORD&quot; | false |" time="0.0"/>
  <testcase name="When I access &quot;/login-form&quot;" classname="| &quot;/login-form&quot; | &quot;John&quot; | &quot;invalid&quot; | &quot;LANDLORD&quot; | false |" time="0.0"/>
  <testcase name="Then My authentication is false with role &quot;LANDLORD&quot;" classname="| &quot;/login-form&quot; | &quot;John&quot; | &quot;invalid&quot; | &quot;LANDLORD&quot; | false |" time="0.0"/>
  <testcase name="classMethod" classname="| &quot;/login-form&quot; | &quot;John&quot; | &quot;invalid&quot; | &quot;LANDLORD&quot; | false |" time="0.122"/>
  <system-out><![CDATA[2016-02-28 14:55:39.256  INFO 7684 --- [    Test worker] o.s.t.c.web.WebTestContextBootstrapper   : Loaded default TestExecutionListener class names from location [META-INF/spring.factories]: [org.springframework.security.test.context.support.WithSecurityContextTestExecutionListener, org.springframework.test.context.web.ServletTestExecutionListener, org.springframework.test.context.support.DirtiesContextBeforeModesTestExecutionListener, org.springframework.test.context.support.DependencyInjectionTestExecutionListener, org.springframework.test.context.support.DirtiesContextTestExecutionListener, org.springframework.test.context.transaction.TransactionalTestExecutionListener, org.springframework.test.context.jdbc.SqlScriptsTestExecutionListener]
2016-02-28 14:55:39.256  INFO 7684 --- [    Test worker] o.s.t.c.web.WebTestContextBootstrapper   : Using TestExecutionListeners: [org.springframework.test.context.web.ServletTestExecutionListener@63ea302b, org.springframework.test.context.support.DirtiesContextBeforeModesTestExecutionListener@5151f58, org.springframework.test.context.support.DependencyInjectionTestExecutionListener@29c81a0c, org.springframework.test.context.support.DirtiesContextTestExecutionListener@4839fe38, org.springframework.test.context.transaction.TransactionalTestExecutionListener@7a60e47c, org.springframework.test.context.jdbc.SqlScriptsTestExecutionListener@5722cbb7, org.springframework.security.test.context.support.WithSecurityContextTestExecutionListener@3e53a325]
2016-02-28 14:55:39.257  INFO 7684 --- [    Test worker] o.s.b.f.s.DefaultListableBeanFactory     : Replacing scope 'cucumber-glue' from [cucumber.runtime.java.spring.GlueCodeScope@6a2b1dec] to [cucumber.runtime.java.spring.GlueCodeScope@442212a2]
2016-02-28 14:55:39.258  INFO 7684 --- [    Test worker] o.s.mock.web.MockServletContext          : Initializing Spring FrameworkServlet ''
2016-02-28 14:55:39.258  INFO 7684 --- [    Test worker] o.s.t.web.servlet.TestDispatcherServlet  : FrameworkServlet '': initialization started
2016-02-28 14:55:39.259  INFO 7684 --- [    Test worker] o.s.t.web.servlet.TestDispatcherServlet  : FrameworkServlet '': initialization completed in 1 ms

  @security
  Scenario Outline: authentication                                       ?[90m# Authorization.feature:15?[0m
    ?[32mGiven ?[0m?[32mI am a "?[0m?[32m?[1mLANDLORD?[0m?[32m" with username "?[0m?[32m?[1mJohn?[0m?[32m" and password "?[0m?[32m?[1mpassword?[0m?[32m"?[0m ?[90m# AuthorizationStepDefs.i_am_a_with_username_and_password(String,String,String)?[0m
    ?[32mWhen ?[0m?[32mI access "?[0m?[32m?[1m/login-form?[0m?[32m"?[0m                                          ?[90m# AuthorizationStepDefs.i_access(String)?[0m
    ?[32mThen ?[0m?[32mMy authentication is true with role "?[0m?[32m?[1mLANDLORD?[0m?[32m"?[0m                  ?[90m# AuthorizationStepDefs.my_authentication_is_true_with_role(String)?[0m
]]></system-out>
  <system-err><![CDATA[]]></system-err>
</testsuite>
