<?xml version="1.0" encoding="UTF-8"?>
<testsuite name="| &quot;/login-form&quot; | &quot;John&quot; | &quot;password&quot; | &quot;LANDLORD&quot; | true |" tests="4" skipped="0" failures="0" errors="0" timestamp="2016-02-28T14:55:39" hostname="ELITEBOOK" time="0.145">
  <properties/>
  <testcase name="Given I am a &quot;LANDLORD&quot; with username &quot;John&quot; and password &quot;password&quot;" classname="| &quot;/login-form&quot; | &quot;John&quot; | &quot;password&quot; | &quot;LANDLORD&quot; | true |" time="0.0"/>
  <testcase name="When I access &quot;/login-form&quot;" classname="| &quot;/login-form&quot; | &quot;John&quot; | &quot;password&quot; | &quot;LANDLORD&quot; | true |" time="0.0"/>
  <testcase name="Then My authentication is true with role &quot;LANDLORD&quot;" classname="| &quot;/login-form&quot; | &quot;John&quot; | &quot;password&quot; | &quot;LANDLORD&quot; | true |" time="0.0"/>
  <testcase name="classMethod" classname="| &quot;/login-form&quot; | &quot;John&quot; | &quot;password&quot; | &quot;LANDLORD&quot; | true |" time="0.168"/>
  <system-out><![CDATA[2016-02-28 14:55:39.088  INFO 7684 --- [    Test worker] o.s.t.c.web.WebTestContextBootstrapper   : Loaded default TestExecutionListener class names from location [META-INF/spring.factories]: [org.springframework.security.test.context.support.WithSecurityContextTestExecutionListener, org.springframework.test.context.web.ServletTestExecutionListener, org.springframework.test.context.support.DirtiesContextBeforeModesTestExecutionListener, org.springframework.test.context.support.DependencyInjectionTestExecutionListener, org.springframework.test.context.support.DirtiesContextTestExecutionListener, org.springframework.test.context.transaction.TransactionalTestExecutionListener, org.springframework.test.context.jdbc.SqlScriptsTestExecutionListener]
2016-02-28 14:55:39.088  INFO 7684 --- [    Test worker] o.s.t.c.web.WebTestContextBootstrapper   : Using TestExecutionListeners: [org.springframework.test.context.web.ServletTestExecutionListener@3895ad1b, org.springframework.test.context.support.DirtiesContextBeforeModesTestExecutionListener@27dc308d, org.springframework.test.context.support.DependencyInjectionTestExecutionListener@268a7e74, org.springframework.test.context.support.DirtiesContextTestExecutionListener@1db651e9, org.springframework.test.context.transaction.TransactionalTestExecutionListener@8deda31, org.springframework.test.context.jdbc.SqlScriptsTestExecutionListener@4ec0cbff, org.springframework.security.test.context.support.WithSecurityContextTestExecutionListener@3bcc758d]
2016-02-28 14:55:39.089  INFO 7684 --- [    Test worker] o.s.b.f.s.DefaultListableBeanFactory     : Replacing scope 'cucumber-glue' from [cucumber.runtime.java.spring.GlueCodeScope@15c9681b] to [cucumber.runtime.java.spring.GlueCodeScope@6a2b1dec]
2016-02-28 14:55:39.090  INFO 7684 --- [    Test worker] o.s.mock.web.MockServletContext          : Initializing Spring FrameworkServlet ''
2016-02-28 14:55:39.090  INFO 7684 --- [    Test worker] o.s.t.web.servlet.TestDispatcherServlet  : FrameworkServlet '': initialization started
2016-02-28 14:55:39.093  INFO 7684 --- [    Test worker] o.s.t.web.servlet.TestDispatcherServlet  : FrameworkServlet '': initialization completed in 3 ms

  @security
  Scenario Outline: authentication                                         ?[90m# Authorization.feature:14?[0m
    ?[32mGiven ?[0m?[32mI am a "?[0m?[32m?[1mLANDLORD?[0m?[32m" with username "?[0m?[32m?[1minvalid?[0m?[32m" and password "?[0m?[32m?[1minvalid?[0m?[32m"?[0m ?[90m# AuthorizationStepDefs.i_am_a_with_username_and_password(String,String,String)?[0m
    ?[32mWhen ?[0m?[32mI access "?[0m?[32m?[1m/login-form?[0m?[32m"?[0m                                            ?[90m# AuthorizationStepDefs.i_access(String)?[0m
    ?[32mThen ?[0m?[32mMy authentication is false with role "?[0m?[32m?[1mLANDLORD?[0m?[32m"?[0m                   ?[90m# AuthorizationStepDefs.my_authentication_is_false_with_role(String)?[0m
]]></system-out>
  <system-err><![CDATA[]]></system-err>
</testsuite>
