<?xml version="1.0" encoding="UTF-8"?>
<testsuite name="| &quot;/report-express-interest&quot; | &quot;John&quot; | &quot;password&quot; | &quot;LANDLORD&quot; | true |" tests="4" skipped="0" failures="0" errors="0" timestamp="2016-02-28T14:55:40" hostname="ELITEBOOK" time="0.1">
  <properties/>
  <testcase name="Given I am a &quot;LANDLORD&quot; role with username &quot;John&quot; and password &quot;password&quot;" classname="| &quot;/report-express-interest&quot; | &quot;John&quot; | &quot;password&quot; | &quot;LANDLORD&quot; | true |" time="0.0"/>
  <testcase name="When I access a &quot;/report-express-interest&quot;" classname="| &quot;/report-express-interest&quot; | &quot;John&quot; | &quot;password&quot; | &quot;LANDLORD&quot; | true |" time="0.0"/>
  <testcase name="Then My authentication is then true with role &quot;LANDLORD&quot;" classname="| &quot;/report-express-interest&quot; | &quot;John&quot; | &quot;password&quot; | &quot;LANDLORD&quot; | true |" time="0.0"/>
  <testcase name="classMethod" classname="| &quot;/report-express-interest&quot; | &quot;John&quot; | &quot;password&quot; | &quot;LANDLORD&quot; | true |" time="0.116"/>
  <system-out><![CDATA[2016-02-28 14:55:40.778  INFO 7684 --- [    Test worker] o.s.t.c.web.WebTestContextBootstrapper   : Loaded default TestExecutionListener class names from location [META-INF/spring.factories]: [org.springframework.security.test.context.support.WithSecurityContextTestExecutionListener, org.springframework.test.context.web.ServletTestExecutionListener, org.springframework.test.context.support.DirtiesContextBeforeModesTestExecutionListener, org.springframework.test.context.support.DependencyInjectionTestExecutionListener, org.springframework.test.context.support.DirtiesContextTestExecutionListener, org.springframework.test.context.transaction.TransactionalTestExecutionListener, org.springframework.test.context.jdbc.SqlScriptsTestExecutionListener]
2016-02-28 14:55:40.778  INFO 7684 --- [    Test worker] o.s.t.c.web.WebTestContextBootstrapper   : Using TestExecutionListeners: [org.springframework.test.context.web.ServletTestExecutionListener@160d4bde, org.springframework.test.context.support.DirtiesContextBeforeModesTestExecutionListener@204e34f, org.springframework.test.context.support.DependencyInjectionTestExecutionListener@ce0fdff, org.springframework.test.context.support.DirtiesContextTestExecutionListener@26e725d4, org.springframework.test.context.transaction.TransactionalTestExecutionListener@5a48d96d, org.springframework.test.context.jdbc.SqlScriptsTestExecutionListener@7f7357f0, org.springframework.security.test.context.support.WithSecurityContextTestExecutionListener@747752e4]
2016-02-28 14:55:40.778  INFO 7684 --- [    Test worker] o.s.b.f.s.DefaultListableBeanFactory     : Replacing scope 'cucumber-glue' from [cucumber.runtime.java.spring.GlueCodeScope@64a4c42d] to [cucumber.runtime.java.spring.GlueCodeScope@77be3f83]
2016-02-28 14:55:40.778  INFO 7684 --- [    Test worker] o.s.mock.web.MockServletContext          : Initializing Spring FrameworkServlet ''
2016-02-28 14:55:40.778  INFO 7684 --- [    Test worker] o.s.t.web.servlet.TestDispatcherServlet  : FrameworkServlet '': initialization started
2016-02-28 14:55:40.778  INFO 7684 --- [    Test worker] o.s.t.web.servlet.TestDispatcherServlet  : FrameworkServlet '': initialization completed in 0 ms

  @security
  Scenario Outline: authorization                                      ?[90m# Authorization.feature:39?[0m
    ?[32mGiven ?[0m?[32mI am a "?[0m?[32m?[1mADMIN?[0m?[32m" role with username "?[0m?[32m?[1mBob?[0m?[32m" and password "?[0m?[32m?[1madmin?[0m?[32m"?[0m ?[90m# AuthorizationStepDefs.i_am_a_role_with_username_and_password(String,String,String)?[0m
    ?[32mWhen ?[0m?[32mI access a "?[0m?[32m?[1m/report-express-interest?[0m?[32m"?[0m                         ?[90m# AuthorizationStepDefs.i_access_a(String)?[0m
    ?[32mThen ?[0m?[32mMy authentication is then true with role "?[0m?[32m?[1mADMIN?[0m?[32m"?[0m              ?[90m# AuthorizationStepDefs.my_authentication_is_then_true_with_role(String)?[0m
]]></system-out>
  <system-err><![CDATA[]]></system-err>
</testsuite>
