<?xml version="1.0" encoding="UTF-8"?>
<testsuite name="| &quot;/login-form&quot; | &quot;Bob&quot; | &quot;admin&quot; | &quot;ADMIN&quot; | true |" tests="4" skipped="0" failures="0" errors="0" timestamp="2016-02-28T14:55:38" hostname="ELITEBOOK" time="0.142">
  <properties/>
  <testcase name="Given I am a &quot;ADMIN&quot; with username &quot;Bob&quot; and password &quot;admin&quot;" classname="| &quot;/login-form&quot; | &quot;Bob&quot; | &quot;admin&quot; | &quot;ADMIN&quot; | true |" time="0.0"/>
  <testcase name="When I access &quot;/login-form&quot;" classname="| &quot;/login-form&quot; | &quot;Bob&quot; | &quot;admin&quot; | &quot;ADMIN&quot; | true |" time="0.001"/>
  <testcase name="Then My authentication is true with role &quot;ADMIN&quot;" classname="| &quot;/login-form&quot; | &quot;Bob&quot; | &quot;admin&quot; | &quot;ADMIN&quot; | true |" time="0.0"/>
  <testcase name="classMethod" classname="| &quot;/login-form&quot; | &quot;Bob&quot; | &quot;admin&quot; | &quot;ADMIN&quot; | true |" time="0.168"/>
  <system-out><![CDATA[2016-02-28 14:55:38.616  INFO 7684 --- [    Test worker] o.s.t.c.web.WebTestContextBootstrapper   : Loaded default TestExecutionListener class names from location [META-INF/spring.factories]: [org.springframework.security.test.context.support.WithSecurityContextTestExecutionListener, org.springframework.test.context.web.ServletTestExecutionListener, org.springframework.test.context.support.DirtiesContextBeforeModesTestExecutionListener, org.springframework.test.context.support.DependencyInjectionTestExecutionListener, org.springframework.test.context.support.DirtiesContextTestExecutionListener, org.springframework.test.context.transaction.TransactionalTestExecutionListener, org.springframework.test.context.jdbc.SqlScriptsTestExecutionListener]
2016-02-28 14:55:38.616  INFO 7684 --- [    Test worker] o.s.t.c.web.WebTestContextBootstrapper   : Using TestExecutionListeners: [org.springframework.test.context.web.ServletTestExecutionListener@1f966896, org.springframework.test.context.support.DirtiesContextBeforeModesTestExecutionListener@e5cbfec, org.springframework.test.context.support.DependencyInjectionTestExecutionListener@1012d4f5, org.springframework.test.context.support.DirtiesContextTestExecutionListener@63014157, org.springframework.test.context.transaction.TransactionalTestExecutionListener@4f7f5779, org.springframework.test.context.jdbc.SqlScriptsTestExecutionListener@24b722a5, org.springframework.security.test.context.support.WithSecurityContextTestExecutionListener@2204efba]
2016-02-28 14:55:38.616  INFO 7684 --- [    Test worker] o.s.b.f.s.DefaultListableBeanFactory     : Replacing scope 'cucumber-glue' from [cucumber.runtime.java.spring.GlueCodeScope@3ce47d66] to [cucumber.runtime.java.spring.GlueCodeScope@7e975bce]
2016-02-28 14:55:38.617  INFO 7684 --- [    Test worker] o.s.mock.web.MockServletContext          : Initializing Spring FrameworkServlet ''
2016-02-28 14:55:38.618  INFO 7684 --- [    Test worker] o.s.t.web.servlet.TestDispatcherServlet  : FrameworkServlet '': initialization started
2016-02-28 14:55:38.620  INFO 7684 --- [    Test worker] o.s.t.web.servlet.TestDispatcherServlet  : FrameworkServlet '': initialization completed in 2 ms

  @security
  Scenario Outline: authentication                                       ?[90m# Authorization.feature:11?[0m
    ?[32mGiven ?[0m?[32mI am a "?[0m?[32m?[1mSEARCHER?[0m?[32m" with username "?[0m?[32m?[1mAlice?[0m?[32m" and password "?[0m?[32m?[1minvalid?[0m?[32m"?[0m ?[90m# AuthorizationStepDefs.i_am_a_with_username_and_password(String,String,String)?[0m
    ?[32mWhen ?[0m?[32mI access "?[0m?[32m?[1m/login-form?[0m?[32m"?[0m                                          ?[90m# AuthorizationStepDefs.i_access(String)?[0m
    ?[32mThen ?[0m?[32mMy authentication is false with role "?[0m?[32m?[1mSEARCHER?[0m?[32m"?[0m                 ?[90m# AuthorizationStepDefs.my_authentication_is_false_with_role(String)?[0m
]]></system-out>
  <system-err><![CDATA[]]></system-err>
</testsuite>
