<?xml version="1.0" encoding="UTF-8"?>
<testsuite name="| &quot;/buddy-up&quot; | &quot;Alice&quot; | &quot;password&quot; | &quot;SEARCHER&quot; | true |" tests="4" skipped="0" failures="0" errors="0" timestamp="2016-02-28T14:55:40" hostname="ELITEBOOK" time="0.216">
  <properties/>
  <testcase name="Given I am a &quot;SEARCHER&quot; role with username &quot;Alice&quot; and password &quot;password&quot;" classname="| &quot;/buddy-up&quot; | &quot;Alice&quot; | &quot;password&quot; | &quot;SEARCHER&quot; | true |" time="0.0"/>
  <testcase name="When I access a &quot;/buddy-up&quot;" classname="| &quot;/buddy-up&quot; | &quot;Alice&quot; | &quot;password&quot; | &quot;SEARCHER&quot; | true |" time="0.0"/>
  <testcase name="Then My authentication is then true with role &quot;SEARCHER&quot;" classname="| &quot;/buddy-up&quot; | &quot;Alice&quot; | &quot;password&quot; | &quot;SEARCHER&quot; | true |" time="0.0"/>
  <testcase name="classMethod" classname="| &quot;/buddy-up&quot; | &quot;Alice&quot; | &quot;password&quot; | &quot;SEARCHER&quot; | true |" time="0.231"/>
  <system-out><![CDATA[2016-02-28 14:55:40.894  INFO 7684 --- [    Test worker] o.s.t.c.web.WebTestContextBootstrapper   : Loaded default TestExecutionListener class names from location [META-INF/spring.factories]: [org.springframework.security.test.context.support.WithSecurityContextTestExecutionListener, org.springframework.test.context.web.ServletTestExecutionListener, org.springframework.test.context.support.DirtiesContextBeforeModesTestExecutionListener, org.springframework.test.context.support.DependencyInjectionTestExecutionListener, org.springframework.test.context.support.DirtiesContextTestExecutionListener, org.springframework.test.context.transaction.TransactionalTestExecutionListener, org.springframework.test.context.jdbc.SqlScriptsTestExecutionListener]
2016-02-28 14:55:40.894  INFO 7684 --- [    Test worker] o.s.t.c.web.WebTestContextBootstrapper   : Using TestExecutionListeners: [org.springframework.test.context.web.ServletTestExecutionListener@967b320, org.springframework.test.context.support.DirtiesContextBeforeModesTestExecutionListener@e595fd, org.springframework.test.context.support.DependencyInjectionTestExecutionListener@75107330, org.springframework.test.context.support.DirtiesContextTestExecutionListener@22df08c9, org.springframework.test.context.transaction.TransactionalTestExecutionListener@16954101, org.springframework.test.context.jdbc.SqlScriptsTestExecutionListener@3af36453, org.springframework.security.test.context.support.WithSecurityContextTestExecutionListener@4c8c09ce]
2016-02-28 14:55:40.894  INFO 7684 --- [    Test worker] o.s.b.f.s.DefaultListableBeanFactory     : Replacing scope 'cucumber-glue' from [cucumber.runtime.java.spring.GlueCodeScope@77be3f83] to [cucumber.runtime.java.spring.GlueCodeScope@2a6e1f47]
2016-02-28 14:55:40.894  INFO 7684 --- [    Test worker] o.s.mock.web.MockServletContext          : Initializing Spring FrameworkServlet ''
2016-02-28 14:55:40.894  INFO 7684 --- [    Test worker] o.s.t.web.servlet.TestDispatcherServlet  : FrameworkServlet '': initialization started
2016-02-28 14:55:40.909  INFO 7684 --- [    Test worker] o.s.t.web.servlet.TestDispatcherServlet  : FrameworkServlet '': initialization completed in 15 ms

  @security
  Scenario Outline: authorization                                             ?[90m# Authorization.feature:40?[0m
    ?[32mGiven ?[0m?[32mI am a "?[0m?[32m?[1mLANDLORD?[0m?[32m" role with username "?[0m?[32m?[1mJohn?[0m?[32m" and password "?[0m?[32m?[1mpassword?[0m?[32m"?[0m ?[90m# AuthorizationStepDefs.i_am_a_role_with_username_and_password(String,String,String)?[0m
    ?[32mWhen ?[0m?[32mI access a "?[0m?[32m?[1m/report-express-interest?[0m?[32m"?[0m                                ?[90m# AuthorizationStepDefs.i_access_a(String)?[0m
    ?[32mThen ?[0m?[32mMy authentication is then true with role "?[0m?[32m?[1mLANDLORD?[0m?[32m"?[0m                  ?[90m# AuthorizationStepDefs.my_authentication_is_then_true_with_role(String)?[0m
]]></system-out>
  <system-err><![CDATA[]]></system-err>
</testsuite>
