<?xml version="1.0" encoding="UTF-8"?>
<testsuite name="Scenario: secure password" tests="4" skipped="0" failures="0" errors="0" timestamp="2016-02-28T14:55:39" hostname="ELITEBOOK" time="0.235">
  <properties/>
  <testcase name="Given a developer &quot;Alice&quot;" classname="Scenario: secure password" time="0.0"/>
  <testcase name="When I retrieve the password from the user credentials stored in the repository" classname="Scenario: secure password" time="0.0"/>
  <testcase name="Then I should get the encrypted password &quot;password&quot;" classname="Scenario: secure password" time="0.0"/>
  <testcase name="classMethod" classname="Scenario: secure password" time="0.289"/>
  <system-out><![CDATA[2016-02-28 14:55:39.378  INFO 7684 --- [    Test worker] o.s.t.c.web.WebTestContextBootstrapper   : Loaded default TestExecutionListener class names from location [META-INF/spring.factories]: [org.springframework.security.test.context.support.WithSecurityContextTestExecutionListener, org.springframework.test.context.web.ServletTestExecutionListener, org.springframework.test.context.support.DirtiesContextBeforeModesTestExecutionListener, org.springframework.test.context.support.DependencyInjectionTestExecutionListener, org.springframework.test.context.support.DirtiesContextTestExecutionListener, org.springframework.test.context.transaction.TransactionalTestExecutionListener, org.springframework.test.context.jdbc.SqlScriptsTestExecutionListener]
2016-02-28 14:55:39.378  INFO 7684 --- [    Test worker] o.s.t.c.web.WebTestContextBootstrapper   : Using TestExecutionListeners: [org.springframework.test.context.web.ServletTestExecutionListener@2f675b76, org.springframework.test.context.support.DirtiesContextBeforeModesTestExecutionListener@4675b53a, org.springframework.test.context.support.DependencyInjectionTestExecutionListener@427974a6, org.springframework.test.context.support.DirtiesContextTestExecutionListener@fce7aab, org.springframework.test.context.transaction.TransactionalTestExecutionListener@1a673ccf, org.springframework.test.context.jdbc.SqlScriptsTestExecutionListener@715096dc, org.springframework.security.test.context.support.WithSecurityContextTestExecutionListener@78850014]
2016-02-28 14:55:39.378  INFO 7684 --- [    Test worker] o.s.b.f.s.DefaultListableBeanFactory     : Replacing scope 'cucumber-glue' from [cucumber.runtime.java.spring.GlueCodeScope@442212a2] to [cucumber.runtime.java.spring.GlueCodeScope@2740e38a]
2016-02-28 14:55:39.380  INFO 7684 --- [    Test worker] o.s.mock.web.MockServletContext          : Initializing Spring FrameworkServlet ''
2016-02-28 14:55:39.380  INFO 7684 --- [    Test worker] o.s.t.web.servlet.TestDispatcherServlet  : FrameworkServlet '': initialization started
2016-02-28 14:55:39.382  INFO 7684 --- [    Test worker] o.s.t.web.servlet.TestDispatcherServlet  : FrameworkServlet '': initialization completed in 2 ms

  @security
  Scenario Outline: authentication                                      ?[90m# Authorization.feature:16?[0m
    ?[32mGiven ?[0m?[32mI am a "?[0m?[32m?[1mLANDLORD?[0m?[32m" with username "?[0m?[32m?[1mJohn?[0m?[32m" and password "?[0m?[32m?[1minvalid?[0m?[32m"?[0m ?[90m# AuthorizationStepDefs.i_am_a_with_username_and_password(String,String,String)?[0m
    ?[32mWhen ?[0m?[32mI access "?[0m?[32m?[1m/login-form?[0m?[32m"?[0m                                         ?[90m# AuthorizationStepDefs.i_access(String)?[0m
    ?[32mThen ?[0m?[32mMy authentication is false with role "?[0m?[32m?[1mLANDLORD?[0m?[32m"?[0m                ?[90m# AuthorizationStepDefs.my_authentication_is_false_with_role(String)?[0m
]]></system-out>
  <system-err><![CDATA[]]></system-err>
</testsuite>
