<?xml version="1.0" encoding="UTF-8"?>
<testsuite name="Scenario: open registration page" tests="4" skipped="3" failures="0" errors="0" timestamp="2016-02-28T14:55:42" hostname="ELITEBOOK" time="0.115">
  <properties/>
  <testcase name="Given im on the flatfinder home page" classname="Scenario: open registration page" time="0.0">
    <skipped/>
  </testcase>
  <testcase name="When the registration link is clicked" classname="Scenario: open registration page" time="0.0">
    <skipped/>
  </testcase>
  <testcase name="Then the registration page should open" classname="Scenario: open registration page" time="0.0">
    <skipped/>
  </testcase>
  <testcase name="classMethod" classname="Scenario: open registration page" time="0.138"/>
  <system-out><![CDATA[2016-02-28 14:55:42.159  INFO 7684 --- [    Test worker] o.s.t.c.web.WebTestContextBootstrapper   : Loaded default TestExecutionListener class names from location [META-INF/spring.factories]: [org.springframework.security.test.context.support.WithSecurityContextTestExecutionListener, org.springframework.test.context.web.ServletTestExecutionListener, org.springframework.test.context.support.DirtiesContextBeforeModesTestExecutionListener, org.springframework.test.context.support.DependencyInjectionTestExecutionListener, org.springframework.test.context.support.DirtiesContextTestExecutionListener, org.springframework.test.context.transaction.TransactionalTestExecutionListener, org.springframework.test.context.jdbc.SqlScriptsTestExecutionListener]
2016-02-28 14:55:42.159  INFO 7684 --- [    Test worker] o.s.t.c.web.WebTestContextBootstrapper   : Using TestExecutionListeners: [org.springframework.test.context.web.ServletTestExecutionListener@41c02295, org.springframework.test.context.support.DirtiesContextBeforeModesTestExecutionListener@551148ae, org.springframework.test.context.support.DependencyInjectionTestExecutionListener@35454f02, org.springframework.test.context.support.DirtiesContextTestExecutionListener@7601d2b, org.springframework.test.context.transaction.TransactionalTestExecutionListener@477453d8, org.springframework.test.context.jdbc.SqlScriptsTestExecutionListener@18ff37a0, org.springframework.security.test.context.support.WithSecurityContextTestExecutionListener@75d46e2]
2016-02-28 14:55:42.159  INFO 7684 --- [    Test worker] o.s.b.f.s.DefaultListableBeanFactory     : Replacing scope 'cucumber-glue' from [cucumber.runtime.java.spring.GlueCodeScope@1fe132c4] to [cucumber.runtime.java.spring.GlueCodeScope@655ce326]
2016-02-28 14:55:42.159  INFO 7684 --- [    Test worker] o.s.mock.web.MockServletContext          : Initializing Spring FrameworkServlet ''
2016-02-28 14:55:42.159  INFO 7684 --- [    Test worker] o.s.t.web.servlet.TestDispatcherServlet  : FrameworkServlet '': initialization started
2016-02-28 14:55:42.175  INFO 7684 --- [    Test worker] o.s.t.web.servlet.TestDispatcherServlet  : FrameworkServlet '': initialization completed in 16 ms
]]></system-out>
  <system-err><![CDATA[]]></system-err>
</testsuite>
