<?xml version="1.0" encoding="UTF-8"?>
<testsuite name="| &quot;/file-report&quot; | &quot;Alice&quot; | &quot;password&quot; | &quot;SEARCHER&quot; | true |" tests="4" skipped="0" failures="0" errors="0" timestamp="2016-02-28T14:55:41" hostname="ELITEBOOK" time="0.101">
  <properties/>
  <testcase name="Given I am a &quot;SEARCHER&quot; role with username &quot;Alice&quot; and password &quot;password&quot;" classname="| &quot;/file-report&quot; | &quot;Alice&quot; | &quot;password&quot; | &quot;SEARCHER&quot; | true |" time="0.0"/>
  <testcase name="When I access a &quot;/file-report&quot;" classname="| &quot;/file-report&quot; | &quot;Alice&quot; | &quot;password&quot; | &quot;SEARCHER&quot; | true |" time="0.0"/>
  <testcase name="Then My authentication is then true with role &quot;SEARCHER&quot;" classname="| &quot;/file-report&quot; | &quot;Alice&quot; | &quot;password&quot; | &quot;SEARCHER&quot; | true |" time="0.0"/>
  <testcase name="classMethod" classname="| &quot;/file-report&quot; | &quot;Alice&quot; | &quot;password&quot; | &quot;SEARCHER&quot; | true |" time="0.117"/>
  <system-out><![CDATA[2016-02-28 14:55:41.395  INFO 7684 --- [    Test worker] o.s.t.c.web.WebTestContextBootstrapper   : Loaded default TestExecutionListener class names from location [META-INF/spring.factories]: [org.springframework.security.test.context.support.WithSecurityContextTestExecutionListener, org.springframework.test.context.web.ServletTestExecutionListener, org.springframework.test.context.support.DirtiesContextBeforeModesTestExecutionListener, org.springframework.test.context.support.DependencyInjectionTestExecutionListener, org.springframework.test.context.support.DirtiesContextTestExecutionListener, org.springframework.test.context.transaction.TransactionalTestExecutionListener, org.springframework.test.context.jdbc.SqlScriptsTestExecutionListener]
2016-02-28 14:55:41.395  INFO 7684 --- [    Test worker] o.s.t.c.web.WebTestContextBootstrapper   : Using TestExecutionListeners: [org.springframework.test.context.web.ServletTestExecutionListener@216d4603, org.springframework.test.context.support.DirtiesContextBeforeModesTestExecutionListener@68776641, org.springframework.test.context.support.DependencyInjectionTestExecutionListener@3c9f7383, org.springframework.test.context.support.DirtiesContextTestExecutionListener@ec16170, org.springframework.test.context.transaction.TransactionalTestExecutionListener@455763f5, org.springframework.test.context.jdbc.SqlScriptsTestExecutionListener@16415070, org.springframework.security.test.context.support.WithSecurityContextTestExecutionListener@51852a50]
2016-02-28 14:55:41.395  INFO 7684 --- [    Test worker] o.s.b.f.s.DefaultListableBeanFactory     : Replacing scope 'cucumber-glue' from [cucumber.runtime.java.spring.GlueCodeScope@7e533f1f] to [cucumber.runtime.java.spring.GlueCodeScope@2a7c8246]
2016-02-28 14:55:41.395  INFO 7684 --- [    Test worker] o.s.mock.web.MockServletContext          : Initializing Spring FrameworkServlet ''
2016-02-28 14:55:41.395  INFO 7684 --- [    Test worker] o.s.t.web.servlet.TestDispatcherServlet  : FrameworkServlet '': initialization started
2016-02-28 14:55:41.395  INFO 7684 --- [    Test worker] o.s.t.web.servlet.TestDispatcherServlet  : FrameworkServlet '': initialization completed in 0 ms

  @security
  Scenario Outline: authorization                                             ?[90m# Authorization.feature:43?[0m
    ?[32mGiven ?[0m?[32mI am a "?[0m?[32m?[1mLANDLORD?[0m?[32m" role with username "?[0m?[32m?[1mJohn?[0m?[32m" and password "?[0m?[32m?[1mpassword?[0m?[32m"?[0m ?[90m# AuthorizationStepDefs.i_am_a_role_with_username_and_password(String,String,String)?[0m
    ?[32mWhen ?[0m?[32mI access a "?[0m?[32m?[1m/buddy-up?[0m?[32m"?[0m                                               ?[90m# AuthorizationStepDefs.i_access_a(String)?[0m
    ?[32mThen ?[0m?[32mMy authentication is then false with role "?[0m?[32m?[1mLANDLORD?[0m?[32m"?[0m                 ?[90m# AuthorizationStepDefs.my_authentication_is_then_false_with_role(String)?[0m
]]></system-out>
  <system-err><![CDATA[]]></system-err>
</testsuite>
